number,value,datetime_start,datetime_complete,duration,params_class_weight,params_colsample_bytree,params_learning_rate,params_max_depth,params_min_child_samples,params_min_split_gain,params_n_estimators,params_num_leaves,params_reg_alpha,params_reg_lambda,params_subsample,user_attrs_accuracy,user_attrs_f1,user_attrs_precision,user_attrs_recall,user_attrs_roc_auc,state
1044,0.8372438071566862,2026-06-01 03:10:39.059060,2026-06-01 03:11:26.453722,0 days 00:00:47.394662,balanced,0.8505843462944931,0.011156608235022424,14,10,0.046696010153235185,2000,248,0.00017397844220146095,0.011458891285177492,0.7349512471799082,0.8777716161678994,0.8372438071566862,0.8281478749819952,0.8465545552346979,0.9500063656348646,COMPLETE
1045,0.838774422096459,2026-06-01 03:11:26.464500,2026-06-01 03:12:12.964222,0 days 00:00:46.499722,balanced,0.8906460347048122,0.013068145718118405,12,10,2.673722353345757e-05,2000,256,0.0007228373140606298,0.0326002276824562,0.6971384523495044,0.8789806500325881,0.838774422096459,0.8300597146056797,0.847686993941453,0.9505846321642637,COMPLETE
1046,0.8374391139707645,2026-06-01 03:12:12.975080,2026-06-01 03:12:56.525751,0 days 00:00:43.550671,balanced,0.8594750544825808,0.012221286397564306,14,10,0.03152909917062854,1900,240,0.00024048806261791584,2.6851650190460095e-08,0.7157654550055527,0.8779503342454782,0.8374391139707645,0.8285242649113392,0.8465545552346979,0.9501655799514269,COMPLETE
1047,0.8384135794871383,2026-06-01 03:12:56.536741,2026-06-01 03:13:41.955268,0 days 00:00:45.418527,balanced,0.8652874792610135,0.011295412449004491,14,10,5.6220941240658765e-05,2000,256,0.0016658182830475482,0.053058554135006084,0.9925566624766801,0.8781711252476979,0.8384135794871383,0.8261389024830729,0.8510843100617179,0.9507071858136674,COMPLETE
1048,0.8377690369803102,2026-06-01 03:13:41.966595,2026-06-01 03:14:23.790536,0 days 00:00:41.823941,balanced,0.8708397870679776,0.01354293859919294,14,20,0.019192980273471417,1900,232,0.00041248250458579197,0.019612497189786072,0.8615134805488384,0.8779923912535019,0.8377690369803102,0.8274948534406418,0.8483098352301681,0.9502811384964448,COMPLETE
1049,0.804202906874885,2026-06-01 03:14:23.801412,2026-06-01 03:14:35.680408,0 days 00:00:11.878996,balanced,0.8816647795664732,0.011904056918216416,4,10,0.046511860995860105,2000,248,0.0010305514521304518,3.0551344887530754e-07,0.8504589225479738,0.8479662126295778,0.804202906874885,0.7706962213911916,0.8407791178302476,0.9327613582317729,COMPLETE
1050,0.8368014925363928,2026-06-01 03:14:35.691409,2026-06-01 03:15:25.507190,0 days 00:00:49.815781,balanced,0.8964937925780962,0.010502590585062872,14,20,0.017860461009789635,1900,248,4.627652475870876e-05,0.014452279222557022,0.756874185069632,0.8769410598946316,0.8368014925363928,0.8244364872227973,0.8495555178075986,0.9500005249362813,COMPLETE
1051,0.83854518007721,2026-06-01 03:15:25.517323,2026-06-01 03:16:16.221961,0 days 00:00:50.704638,balanced,0.8479593305263602,0.012521422011780858,14,10,0.018043932023960395,2000,256,1.2022507992810126e-05,0.009502762313677643,0.725319539901817,0.8792119380438117,0.83854518007721,0.8325282255001903,0.8446577204008833,0.9505377516414778,COMPLETE
1052,0.837958147203405,2026-06-01 03:16:16.231856,2026-06-01 03:17:03.981663,0 days 00:00:47.749807,balanced,0.8576751807499432,0.01300324127732552,14,10,0.03630925590384436,2000,248,0.0005522034401838707,0.08190863242699718,0.7417372026971103,0.8785285677031829,0.837958147203405,0.8303017179267335,0.8457618481399694,0.9500704253317855,COMPLETE
1053,0.8160816895066509,2026-06-01 03:17:04.001333,2026-06-01 03:17:24.241080,0 days 00:00:20.239747,,0.8762656222683161,0.011477311804095553,8,110,0.06783781334349742,1900,256,0.0001274348762405372,1.1092231203641736e-07,0.7500134921469455,0.8690139594999488,0.8160816895066509,0.8526031913646155,0.7825717683030406,0.9429043741134276,COMPLETE
1054,0.8367265529962579,2026-06-01 03:17:24.252185,2026-06-01 03:18:11.776424,0 days 00:00:47.524239,balanced,0.8667993618530508,0.012236413713138172,14,20,0.017860944809805317,2000,240,0.0013955144089633441,4.526833861715606e-08,0.7061819640538015,0.8772879943984383,0.8367265529962579,0.8270003332540745,0.8466961100730422,0.9498230721656041,COMPLETE
1055,0.8386865229777448,2026-06-01 03:18:11.786670,2026-06-01 03:19:01.322589,0 days 00:00:49.535919,balanced,0.88637600416688,0.010017326410169837,14,10,0.00022548770618128252,2000,256,0.0002989886402569096,0.04010240263624913,0.7341944372935504,0.8786442158537472,0.8386865229777448,0.8281590457905397,0.8494988958722609,0.9509075711181251,COMPLETE
1056,0.8369208443342018,2026-06-01 03:19:01.333586,2026-06-01 03:19:44.929774,0 days 00:00:43.596188,balanced,0.8526946810836628,0.010857063856291968,14,10,0.047810886117404354,1900,240,0.0023090181227547065,0.006175500704272239,0.7227793255200876,0.8773510819000511,0.8369208443342018,0.8266535943751268,0.8474605062001018,0.9499524335715722,COMPLETE
1057,0.8200170544471653,2026-06-01 03:19:44.939796,2026-06-01 03:20:01.931378,0 days 00:00:16.991582,balanced,0.8784797482282304,0.013469487689930223,6,10,0.03400790175596455,2000,248,0.0002038678007385676,0.022543196382587845,0.8109940679900527,0.8610238133847735,0.8200170544471653,0.7899058355978997,0.8525281694128305,0.9424017973055691,COMPLETE
1058,0.837585409553907,2026-06-01 03:20:01.941535,2026-06-01 03:20:44.763862,0 days 00:00:42.822327,balanced,0.7550652739150124,0.011945614608049797,14,10,0.019148480063331048,1800,256,0.0008059846178536947,0.12619326443331855,0.7606102957095483,0.8778452089684209,0.837585409553907,0.8272761124449195,0.8481682803918238,0.9502744664514754,COMPLETE
1059,0.8377653988351973,2026-06-01 03:20:44.774090,2026-06-01 03:21:33.917155,0 days 00:00:49.143065,balanced,0.8699497119861385,0.01280606670728869,14,20,0.00032979437638117775,2000,248,0.0004746635562120014,0.24557338280769564,0.6821967912828523,0.877992391585098,0.8377653988351973,0.8275221085371736,0.8482815242624993,0.950002398911924,COMPLETE
1060,0.8325718524302896,2026-06-01 03:21:33.927971,2026-06-01 03:21:48.535783,0 days 00:00:14.607812,balanced,0.7048063299956727,0.11238311606845977,14,10,0.019256862249937744,1900,240,0.00026845726119994177,0.03189889301113184,0.9996975532740147,0.875637393451139,0.8325718524302896,0.8325250557614985,0.8326538701092804,0.9476075900956221,COMPLETE
1061,0.8366121834708848,2026-06-01 03:21:48.546782,2026-06-01 03:22:33.934962,0 days 00:00:45.388180,balanced,0.901702089657512,0.011333364822052714,14,20,0.06248387516312894,2000,232,0.001157723285605373,0.06621024159000696,0.7981758737323384,0.876899004876185,0.8366121834708848,0.8248936605838196,0.8486778778098635,0.9494598844598662,COMPLETE
1062,0.8376551396371107,2026-06-01 03:22:33.946017,2026-06-01 03:23:18.438426,0 days 00:00:44.492409,balanced,0.7853376124605331,0.013752816781470296,14,10,0.033530984898701814,1900,256,0.0025094881303735373,1.9927300105196e-07,0.7873534243844866,0.8784129328164664,0.8376551396371107,0.830782396120596,0.8446577204008833,0.9504147108580495,COMPLETE
1063,0.8364380115690467,2026-06-01 03:23:18.449185,2026-06-01 03:23:55.704482,0 days 00:00:37.255297,balanced,0.863310744319858,0.012485092176814663,10,10,0.01841911244877195,2000,248,0.0006310378387079894,0.01577743096338749,0.7287745648796228,0.8761420443878043,0.8364380115690467,0.8207273628237625,0.8527829681218505,0.9495857368541274,COMPLETE
1064,0.8371185690263632,2026-06-01 03:23:55.715385,2026-06-01 03:24:42.467212,0 days 00:00:46.751827,balanced,0.8583093051526999,0.011717831100793693,14,20,0.0434083284720004,1900,256,0.0001358866151869309,6.616799468774904e-08,0.7695778674344469,0.877424670389822,0.8371185690263632,0.8263368355338315,0.8481965913594927,0.9497878429905628,COMPLETE
1065,0.838936204447554,2026-06-01 03:24:42.486975,2026-06-01 03:25:27.529078,0 days 00:00:45.042103,balanced,0.8450863549617483,0.010962393503215673,14,10,1.7825752820295102e-05,2000,232,5.722535197027051e-05,2.0572706203453066e-08,0.7420770655656106,0.8789491112557246,0.838936204447554,0.829187148440818,0.8489326765188835,0.9509816577053366,COMPLETE
1066,0.8378456365096872,2026-06-01 03:25:27.574732,2026-06-01 03:26:09.179300,0 days 00:00:41.604568,balanced,0.8823877053279324,0.012999894408270225,14,10,0.017153097608772736,1800,248,2.8851705860684778e-05,0.04549013441512447,0.7123497232751502,0.8783288214531887,0.8378456365096872,0.8294300231608044,0.8464413113640225,0.950271133618409,COMPLETE
1067,0.8383035323823465,2026-06-01 03:26:09.190083,2026-06-01 03:26:54.052541,0 days 00:00:44.862458,balanced,0.8359094289291895,0.012070487815938702,14,10,0.03568113987431933,2000,240,0.00043850756440747197,0.02199451934631838,0.8341349568208456,0.8786547400536389,0.8383035323823465,0.8297925979588102,0.8470075307174,0.9504637973026085,COMPLETE
1068,0.8384753937495515,2026-06-01 03:26:54.063204,2026-06-01 03:27:44.606460,0 days 00:00:50.543256,balanced,0.8730873583716849,0.013674275294718572,16,20,9.517847845066653e-05,2000,256,0.0017306298024863777,3.928174338061442e-08,0.7360216807048452,0.8791593710945326,0.8384753937495515,0.832485349528198,0.8445727874978767,0.9506376866584989,COMPLETE
1069,0.8395244376858347,2026-06-01 03:27:44.616337,2026-06-01 03:28:28.683570,0 days 00:00:44.067233,balanced,0.8900344592966414,0.012475699280495703,14,10,0.00021692177967567254,1900,248,0.0003308542102390268,0.0107605475989563,0.7494199306868639,0.8796850455612667,0.8395244376858347,0.8317477933072746,0.847460506200102,0.9511488249840586,COMPLETE
1070,0.8376543300361087,2026-06-01 03:28:28.694319,2026-06-01 03:29:09.423824,0 days 00:00:40.729505,balanced,0.905899269199659,0.012961777145876716,14,10,0.05057486465612185,1800,248,0.0011058472148594446,0.0053176652647490864,0.7539043506143519,0.8781500911065506,0.8376543300361087,0.8289991974439205,0.8464979332993602,0.9501433844908208,COMPLETE
1071,0.8372834683453522,2026-06-01 03:29:09.434463,2026-06-01 03:29:52.210171,0 days 00:00:42.775708,balanced,0.8940730648367805,0.014224247518507937,14,20,0.01885037142870377,1800,256,0.000765500579805465,0.009043105366960626,0.7571999883959831,0.877824180464409,0.8372834683453522,0.8282983043186757,0.8464696223316913,0.9499599637147869,COMPLETE
1072,0.8215051658675684,2026-06-01 03:29:52.229735,2026-06-01 03:30:22.244271,0 days 00:00:30.014536,,0.9024254207092469,0.011379424247715092,14,170,0.03337215085066482,1800,248,0.00039440991166088136,0.0070343570520657326,0.744661166594529,0.872241559640929,0.8215051658675684,0.8536411928213509,0.7917162108600873,0.9454376604947364,COMPLETE
1073,0.8369213124270619,2026-06-01 03:30:22.254998,2026-06-01 03:31:04.553623,0 days 00:00:42.298625,balanced,0.8932875869322274,0.012545563361569307,12,10,0.08731426718614466,1900,256,0.0006881654804820394,0.01004264729411568,0.7472388460112481,0.8774246793429192,0.8369213124270619,0.8271368815643464,0.8469509087820621,0.9495847378321257,COMPLETE
1074,0.838878860699519,2026-06-01 03:31:04.564488,2026-06-01 03:31:49.452881,0 days 00:00:44.888393,balanced,0.8891091150054982,0.013506614288466404,14,10,0.01723089177445092,1900,256,0.0003146133148060846,0.013561579174470593,0.7656445221577827,0.8793801541384436,0.838878860699519,0.8323086530511387,0.8455636713662873,0.9505688011448233,COMPLETE
1075,0.8036710606434442,2026-06-01 03:31:49.463855,2026-06-01 03:32:00.992913,0 days 00:00:11.529058,balanced,0.898124311144626,0.01180884809455841,4,20,0.05953986080925901,1900,248,0.003197578745944091,0.011287549782053367,0.750617657478259,0.8474300325323386,0.8036710606434442,0.7696216640146543,0.8408923617009229,0.932169313355855,COMPLETE
1076,0.838349043098804,2026-06-01 03:32:01.012911,2026-06-01 03:32:46.470414,0 days 00:00:45.457503,balanced,0.8928128550796198,0.010658008915390496,14,10,0.01895687802816919,1900,256,0.0015336093680195276,0.006073619019146675,0.7506385599111618,0.8784549868401244,0.838349043098804,0.8282560043052613,0.8487061887775326,0.950639754208649,COMPLETE
1077,0.8394122929846167,2026-06-01 03:32:46.481399,2026-06-01 03:33:30.105359,0 days 00:00:43.623960,balanced,0.8856328321684388,0.012601913875613673,14,10,0.0006376868482486474,1900,248,0.0005156251062421082,0.009025504033293675,0.7576133062026056,0.8796219617072123,0.8394122929846167,0.8317706824035124,0.847205707491082,0.9511329339736694,COMPLETE
1078,0.8379142168032959,2026-06-01 03:33:30.125616,2026-06-01 03:34:12.182565,0 days 00:00:42.056949,balanced,0.8825080625101004,0.014556586004266698,14,10,0.034512151888444656,1800,256,0.0020018511567065547,0.012333514162207881,0.7399283526597453,0.8787598693098504,0.8379142168032959,0.8320541715912858,0.8438650133061548,0.9502602027792749,COMPLETE
1079,0.8295664752243975,2026-06-01 03:34:12.193505,2026-06-01 03:34:42.251145,0 days 00:00:30.057640,balanced,0.8979560276491105,0.013209486488890669,14,20,0.5758326452773045,1900,248,0.0003309463988317684,0.017365821884361816,0.7636857233684857,0.8706014984785422,0.8295664752243975,0.8119284064973118,0.8479984145858106,0.9462742116004241,COMPLETE
1080,0.8396563562431543,2026-06-01 03:34:42.261896,2026-06-01 03:35:27.763813,0 days 00:00:45.501917,balanced,0.8527159702655542,0.011810207323043623,14,10,0.00039681908386208104,1900,256,0.0009021293270828782,0.018130696453234885,0.7461682841916759,0.8796219627020009,0.8396563562431543,0.8307834788403782,0.8487344997452012,0.9511359627688779,COMPLETE
1081,0.8334345726460409,2026-06-01 03:35:27.774741,2026-06-01 03:36:10.860116,0 days 00:00:43.085375,balanced,0.8408389136930157,0.04411724833321484,14,10,0.00019347222303494217,1800,256,0.0013646674264862903,0.006496618761600988,0.7498714661033844,0.8772564556215748,0.8334345726460409,0.840074495207299,0.8269067436724988,0.9490009576464754,COMPLETE
1082,0.8271912919568192,2026-06-01 03:36:10.870500,2026-06-01 03:36:33.004809,0 days 00:00:22.134309,balanced,0.8910587147539358,0.01110092968879353,8,10,0.033688065203758444,1800,256,0.0009585877835417949,0.01378955794209226,0.7572053561451457,0.8675000680352484,0.8271912919568192,0.8021096657510723,0.8539154068286053,0.9456351581565018,COMPLETE
1083,0.8375655854540606,2026-06-01 03:36:33.015529,2026-06-01 03:37:19.211964,0 days 00:00:46.196435,balanced,0.844700414443618,0.01150824422521513,14,20,0.017758526584525543,1900,256,0.0014357776561283472,0.008702538544085201,0.7476182643673833,0.8776875104417567,0.8375655854540606,0.8262911180217215,0.8491591642602345,0.9501115173916935,COMPLETE
1084,0.8309399674084258,2026-06-01 03:37:19.222966,2026-06-01 03:38:03.900541,0 days 00:00:44.677575,balanced,0.8523113793936047,0.03891351536534007,14,10,0.05027483431509163,1900,256,0.0009452980388778237,0.018496943509935772,0.7443945008264145,0.8753009668990105,0.8309399674084258,0.8367584834690999,0.8252080856123664,0.9477075440578772,COMPLETE
1085,0.814829320233106,2026-06-01 03:38:03.911872,2026-06-01 03:38:19.042071,0 days 00:00:15.130199,balanced,0.8837292801820436,0.010581460154125744,6,20,0.01617211344198644,1800,256,0.0007234225157357664,0.0054691399212144064,0.752744531787969,0.8568184707062901,0.814829320233106,0.7838840550141306,0.848338146197837,0.9396053171721658,COMPLETE
1086,0.8366549386956322,2026-06-01 03:38:19.053691,2026-06-01 03:39:04.130102,0 days 00:00:45.076411,balanced,0.9057165133005181,0.012003087415584476,14,10,0.0676187407148851,1900,256,0.001156779357181233,0.02369766280652992,0.7410393067172711,0.8774982671694977,0.8366549386956322,0.8286752156102458,0.8447992752392276,0.9498203379840611,COMPLETE
1087,0.8382497226752678,2026-06-01 03:39:04.141387,2026-06-01 03:39:49.283536,0 days 00:00:45.142149,balanced,0.8369634268121436,0.011221676894249005,14,10,0.019465704049719125,1900,256,0.0023243205828142924,1.440503817828302e-07,0.760314566642958,0.8785601157647397,0.8382497226752678,0.8293621794244553,0.8473472623294264,0.95053584282165,COMPLETE
1088,0.8383767559929414,2026-06-01 03:39:49.294294,2026-06-01 03:40:34.301973,0 days 00:00:45.007679,balanced,0.8501143180226708,0.012533995171387752,14,20,0.0003934161848626603,1900,248,0.000913441113268616,0.031639178056137335,0.739281918130825,0.878507551136634,0.8383767559929414,0.828495273381267,0.8485080120038502,0.9504429786141967,COMPLETE
1089,0.838026475814328,2026-06-01 03:40:34.312974,2026-06-01 03:41:10.378661,0 days 00:00:36.065687,balanced,0.888352779078459,0.013663026632040077,10,10,9.563492517034191e-05,1900,256,0.0005747661307319967,8.567658591015091e-08,0.7302554515630011,0.8776033944361323,0.838026475814328,0.8239468054688276,0.8526131023158371,0.9500762386197379,COMPLETE
1090,0.8331781128627028,2026-06-01 03:41:10.389792,2026-06-01 03:41:36.722136,0 days 00:00:26.332344,balanced,0.8772567276937159,0.011646252653137441,14,10,0.03438134525579243,1900,112,0.001913644004379391,0.01387197509604649,0.7719384458083067,0.8730090638933765,0.8331781128627028,0.8134113839865312,0.8539437177962742,0.9486959886166023,COMPLETE
1091,0.8318285705623772,2026-06-01 03:41:36.732453,2026-06-01 03:42:17.894473,0 days 00:00:41.162020,,0.8627764483981591,0.010401671201995527,14,10,0.04510019667800344,1800,248,0.0032619135762459502,0.010780038209949395,0.7481572697190503,0.8794747698058417,0.8318285705623772,0.8631975326101292,0.8026725553479418,0.9499141454039549,COMPLETE
1092,0.8379752747548853,2026-06-01 03:42:17.905236,2026-06-01 03:43:03.289454,0 days 00:00:45.384218,balanced,0.855657700793647,0.012952395154750154,14,10,0.020286501771299485,1900,256,0.0012728501052899678,3.065916750964959e-08,0.7361186739526815,0.8786547324269264,0.8379752747548853,0.8310765304683415,0.8449974520129099,0.9504080111629287,COMPLETE
1093,0.83742237100043,2026-06-01 03:43:03.310046,2026-06-01 03:43:47.913627,0 days 00:00:44.603581,balanced,0.8786905391444604,0.012075859468640543,14,20,0.03303703193073129,1900,248,0.0008436897963832442,0.026955327689639593,0.753869520759119,0.8776769888946347,0.83742237100043,0.8267925364476029,0.848338146197837,0.949809643559453,COMPLETE
1094,0.8385126661873409,2026-06-01 03:43:47.924782,2026-06-01 03:44:33.520506,0 days 00:00:45.595724,balanced,0.8690870999921284,0.010964024918521723,14,10,0.01857843900318843,1900,256,0.0005889391621796983,0.00642826737115351,0.7411592504194757,0.8786547344165037,0.8385126661873409,0.8289259939834377,0.848338146197837,0.9504297991290048,COMPLETE
1095,0.8372360447177786,2026-06-01 03:44:33.531223,2026-06-01 03:45:14.351991,0 days 00:00:40.820768,balanced,0.8882084809979074,0.014112173710651097,16,10,0.04647326081830588,1800,248,0.0021272493313508906,0.01746038211446623,0.7624445922958805,0.8782447127426801,0.8372360447177786,0.8313259087084223,0.8432421720174395,0.9503698069561581,COMPLETE
1096,0.8381908750211121,2026-06-01 03:45:14.362159,2026-06-01 03:45:59.636691,0 days 00:00:45.274532,balanced,0.8990948579518341,0.012469543738700664,14,10,0.017660007591688055,1900,256,0.0043665387128721395,5.9112068913536093e-08,0.7329378561669126,0.8787283232378708,0.8381908750211121,0.8307061564554578,0.8458184700753071,0.9505494856492023,COMPLETE
1097,0.8375506293757219,2026-06-01 03:45:59.646940,2026-06-01 03:46:46.097976,0 days 00:00:46.451036,balanced,0.8630201885350245,0.013260239041389135,14,20,0.00031820299140886626,1900,248,0.0015274566556407272,0.0274952214710629,0.6629813369618625,0.8780239306935577,0.8375506293757219,0.8285870858265495,0.8467244210407112,0.9502522583419468,COMPLETE
1098,0.8366519088791741,2026-06-01 03:46:46.108203,2026-06-01 03:47:31.124015,0 days 00:00:45.015812,balanced,0.8804212338767208,0.01151331656155834,14,10,0.07312323776254212,1900,256,0.0009295273320902226,1.6746082295102635e-08,0.7486447637625617,0.8773510812368587,0.8366519088791741,0.8277179187397491,0.8457901591076382,0.9499287414719667,COMPLETE
1099,0.8176146596054231,2026-06-01 03:47:31.135529,2026-06-01 03:47:44.968395,0 days 00:00:13.832866,balanced,0.8694605189197112,0.014994707357865943,12,10,0.00019553859828920907,1800,24,0.0005198750121556254,0.0105589901065516,0.7444104048054531,0.8590683309625367,0.8176146596054231,0.7870829164289517,0.850631334579016,0.941677111726583,COMPLETE
1100,0.8365935802724603,2026-06-01 03:47:44.979328,2026-06-01 03:48:30.621575,0 days 00:00:45.642247,balanced,0.831046547785818,0.012010910521712867,14,20,0.036854874597089936,1900,248,1.4845994779698324e-05,0.01549360613652242,0.7345639958919008,0.8770041344639927,0.8365935802724603,0.8256626912082948,0.8478285487797973,0.9495003833113805,COMPLETE
1101,0.805118734158576,2026-06-01 03:48:30.632576,2026-06-01 03:48:42.316359,0 days 00:00:11.683783,balanced,0.8455979971000903,0.01277018774377108,4,10,0.02024041937026106,1900,248,0.002818054205742217,1.1060466230122648e-07,0.7247694332016247,0.8485970183421007,0.805118734158576,0.7712116392278748,0.8421663552460222,0.9332217705692142,COMPLETE
1102,0.8317958198784341,2026-06-01 03:48:42.327413,2026-06-01 03:49:21.801218,0 days 00:00:39.473805,balanced,0.8557513857163689,0.010001851331504477,14,10,0.4692263191631846,1900,256,0.0007256832599920767,0.040236962322500645,0.7287165279923611,0.8727567364354667,0.8317958198784341,0.8169461482323932,0.847205707491082,0.9471979801881444,COMPLETE
1103,0.8334850984240249,2026-06-01 03:49:21.812278,2026-06-01 03:50:06.673134,0 days 00:00:44.860856,balanced,0.8742742675066728,0.013875490919830737,14,20,0.193411641758572,1900,256,0.0015029609052278777,0.004998161005174041,0.7407909299838761,0.8749119803611228,0.8334850984240249,0.824178036737695,0.8430156842760885,0.9480165118918706,COMPLETE
1104,0.826056469604425,2026-06-01 03:50:06.683840,2026-06-01 03:50:53.967669,0 days 00:00:47.283829,balanced,0.8870806330493486,0.1317995958855691,14,10,0.0001160123403215757,1900,248,0.004250709213010035,3.686861823941162e-08,0.7558005959884978,0.8723572256976874,0.826056469604425,0.8361800250083963,0.8161768869259952,0.943585889694058,COMPLETE
