number,value,datetime_start,datetime_complete,duration,params_class_weight,params_colsample_bytree,params_learning_rate,params_max_depth,params_min_child_samples,params_min_split_gain,params_n_estimators,params_num_leaves,params_reg_alpha,params_reg_lambda,params_subsample,user_attrs_accuracy,user_attrs_f1,user_attrs_precision,user_attrs_recall,user_attrs_roc_auc,state
1959,0.8320629413753943,2026-06-01 12:44:53.775304,2026-06-01 12:45:28.492462,0 days 00:00:34.717158,balanced,0.650258964098497,0.020847126180384944,16,90,0.04529593125340628,1500,232,7.848509906537485e-06,4.762028919707577e-06,0.8480352294077208,0.8727672510190688,0.8320629413753943,0.815994813905275,0.8487911216805392,0.947780738960552,COMPLETE
1960,0.8384116157546875,2026-06-01 12:45:28.504792,2026-06-01 12:46:04.314807,0 days 00:00:35.810015,balanced,0.6679216416205654,0.01821489419336633,16,20,0.01790896048424595,1600,224,4.78085681670562e-06,1.634397419694195e-06,0.8621359681396428,0.8785601107907969,0.8384116157546875,0.8286990835972179,0.8483664571655058,0.9503254967087059,COMPLETE
1961,0.8360870793517939,2026-06-01 12:46:04.327079,2026-06-01 12:46:28.219540,0 days 00:00:23.892461,balanced,0.6599672308004938,0.019345978562717532,16,10,0.03242204584265751,1500,136,1.7544046490235805e-06,1.7017230070264987e-05,0.8704943998655852,0.8758897162667022,0.8360870793517939,0.8204390129018401,0.8523583036068172,0.9498623600534036,COMPLETE
1962,0.8295568850025955,2026-06-01 12:46:28.230777,2026-06-01 12:46:48.387560,0 days 00:00:20.156783,balanced,0.6752562946704258,0.021449108623646566,16,10,0.5683057006744436,1600,232,2.850911698070855e-06,3.4733218629231543e-07,0.843796987469437,0.8705804686481455,0.8295568850025955,0.8118352209146554,0.8480833474888172,0.9463053562174775,COMPLETE
1963,0.8352633329884295,2026-06-01 12:46:48.399670,2026-06-01 12:47:17.100127,0 days 00:00:28.700457,balanced,0.6501488791901391,0.01836955483467921,10,20,0.01813095700464579,1600,224,6.796359268541546e-06,7.872915690134895e-06,0.8528090159075367,0.8749224889759933,0.8352633329884295,0.8174736654742417,0.8538587848932675,0.9493007475466534,COMPLETE
1964,0.8203820513398029,2026-06-01 12:47:17.112344,2026-06-01 12:47:29.723108,0 days 00:00:12.610764,balanced,0.6628644367523495,0.019850527557552053,16,10,0.05766465238905886,1400,32,1.0149196918409896e-05,2.7204609280592412e-06,0.8601869410901983,0.8616651373284566,0.8203820513398029,0.7921773465226817,0.8506879565143537,0.9429018566427771,COMPLETE
1965,0.8385677009652474,2026-06-01 12:47:29.735567,2026-06-01 12:48:06.824684,0 days 00:00:37.089117,balanced,0.656688431722323,0.02047191144339287,16,10,0.01713936621855927,1700,232,4.696623439623998e-06,2.3518369091047086e-07,0.8719912693157266,0.879443239318883,0.8385677009652474,0.8340389592009805,0.843157239114433,0.9507921264327219,COMPLETE
1966,0.8372131219403237,2026-06-01 12:48:06.836135,2026-06-01 12:48:45.718645,0 days 00:00:38.882510,balanced,0.6710451779686304,0.01880941550376095,16,20,0.03760480459824773,1700,224,7.574177739200102e-06,3.7641316820485526e-07,0.8430771236444276,0.8778872653132522,0.8372131219403237,0.8290070823523553,0.8455919823339562,0.9499173058250081,COMPLETE
1967,0.8400690417367468,2026-06-01 12:48:45.730424,2026-06-01 12:49:23.280940,0 days 00:00:37.550516,balanced,0.6806450111157722,0.017800311523893265,16,10,0.00035505043015945264,1700,224,3.032399087091818e-06,1.2145815353573226e-06,0.8645623847309231,0.8803684119227414,0.8400690417367468,0.8341656574508408,0.8460732687843272,0.9515352849674962,COMPLETE
1968,0.8364536250499192,2026-06-01 12:49:23.293939,2026-06-01 12:50:02.473989,0 days 00:00:39.180050,balanced,0.6565500469868853,0.021316141037245284,16,30,0.01825674841173916,1600,232,1.1933504861751638e-05,1.4269789892209864e-06,0.8520062321734507,0.8773300464325193,0.8364536250499192,0.8283758055783953,0.844714342336221,0.9496768624148415,COMPLETE
1969,0.8406287968106071,2026-06-01 12:50:02.486331,2026-06-01 12:50:38.538765,0 days 00:00:36.052434,balanced,0.6673527964880753,0.019500297456757396,16,10,0.0006594618459644107,1700,224,5.964780243985422e-06,2.2414794435988266e-07,0.8593898306786887,0.8808520287182594,0.8406287968106071,0.8351931548383926,0.8461582016873336,0.9515651509942247,COMPLETE
1970,0.8352869139633966,2026-06-01 12:50:38.551159,2026-06-01 12:50:57.805890,0 days 00:00:19.254731,balanced,0.7914312996524288,0.020455998982816064,16,10,0.00024480534622650554,1600,80,3.610323389367132e-06,2.4854078104705236e-07,0.8550794675416644,0.8745334948113933,0.8352869139633966,0.814965452579845,0.8566615706924862,0.94936648855925,COMPLETE
1971,0.8370146310680399,2026-06-01 12:50:57.831109,2026-06-01 12:51:32.285972,0 days 00:00:34.454863,balanced,0.6747708716759738,0.019788831444339215,12,10,0.04656707632743507,1600,224,1.8599390147771468e-06,2.0894459796415007e-07,0.8456485413135585,0.8775298079359385,0.8370146310680399,0.8274539046389825,0.8468093539437177,0.9497898748561026,COMPLETE
1972,0.833065078390641,2026-06-01 12:51:32.298395,2026-06-01 12:52:09.117738,0 days 00:00:36.819343,,0.681979388953385,0.02218227729438865,16,10,0.07557579188943524,1700,224,4.878611725937722e-06,1.9872175414542667e-07,0.8581884431911877,0.8800740314359622,0.833065078390641,0.8622639881707662,0.8057867617915181,0.9496925345969913,COMPLETE
1973,0.8371278928611612,2026-06-01 12:52:09.130396,2026-06-01 12:52:50.411512,0 days 00:00:41.281116,balanced,0.6801039888563553,0.020917096131675778,16,20,0.035544178685029584,1700,232,2.587268862803317e-06,1.664706952759243e-07,0.8488399138945557,0.8782131723078358,0.8371278928611612,0.831560950120549,0.8427891965347376,0.9499366468311994,COMPLETE
1974,0.8395556239726504,2026-06-01 12:52:50.431843,2026-06-01 12:53:28.192252,0 days 00:00:37.760409,balanced,0.6718883526438725,0.01798830912303642,16,10,0.017876525028905892,1700,224,5.501648720144498e-06,2.6541367050393486e-07,0.8570593638657896,0.8799268547880162,0.8395556239726504,0.833260556625334,0.8459600249136515,0.9508748895776785,COMPLETE
1975,0.8398016414642776,2026-06-01 12:53:28.205435,2026-06-01 12:54:07.678241,0 days 00:00:39.472806,balanced,0.6740354674193854,0.019311025121285654,16,20,0.0005344957000651159,1700,224,3.139575718193317e-06,1.7862800773459388e-07,0.8396066746623243,0.8800109618405437,0.8398016414642776,0.8328451155108524,0.8468942868467244,0.9509983091147071,COMPLETE
1976,0.8280309516094321,2026-06-01 12:54:07.690787,2026-06-01 12:54:23.813673,0 days 00:00:16.122886,balanced,0.6684718610047735,0.050413423303077284,6,10,0.033651816008952194,1700,232,4.475631758621655e-06,3.0769776182559133e-07,0.650494294795,0.8686460127403435,0.8280309516094321,0.8058050875192865,0.85153728554442,0.9459094288621612,COMPLETE
1977,0.8355796671371438,2026-06-01 12:54:23.834680,2026-06-01 12:55:01.415496,0 days 00:00:37.580816,balanced,0.6857389233710637,0.021049101864211904,16,20,0.06170252808261288,1600,232,5.639908828758711e-06,1.9592010313778637e-07,0.8469644780311082,0.8767623239108585,0.8355796671371438,0.8280624265717172,0.8432421720174396,0.9493575273377521,COMPLETE
1978,0.8060622598347829,2026-06-01 12:55:01.427426,2026-06-01 12:55:11.995070,0 days 00:00:10.567644,balanced,0.6676295516070325,0.018389428810731877,4,10,0.01900663010345413,1600,224,7.22156454485906e-06,3.532464965300131e-07,0.8607730432739265,0.8492908939816383,0.8060622598347829,0.7719254541844504,0.8433837268557839,0.9344332514830773,COMPLETE
1979,0.8389620013568223,2026-06-01 12:55:12.016591,2026-06-01 12:55:50.120742,0 days 00:00:38.104151,balanced,0.6786663413520482,0.019904275098799003,16,10,0.019337764127411297,1700,232,2.086898631535192e-06,2.515865199023358e-07,0.852084701826426,0.8798006907274654,0.8389620013568223,0.8348541866519018,0.843128928146764,0.9508297709117048,COMPLETE
1980,0.8313893806188624,2026-06-01 12:55:50.133380,2026-06-01 12:56:14.356084,0 days 00:00:24.222704,balanced,0.6695260368752617,0.021544573856228277,8,10,0.0489444493984403,1700,224,3.8774550561604324e-06,4.0124578753541777e-07,0.8422655920426819,0.8715477038971627,0.8313893806188624,0.8110848904345391,0.8527546571541814,0.9477640955987532,COMPLETE
1981,0.8359081168985392,2026-06-01 12:56:14.368737,2026-06-01 12:56:34.887701,0 days 00:00:20.518964,balanced,0.6651327545257729,0.01761296843006023,16,10,0.017398255494855602,900,224,1.3086770148039208e-06,2.364341476463412e-07,0.8608759686977394,0.8757635631488254,0.8359081168985392,0.820338147153397,0.8521035048977974,0.9498290417845371,COMPLETE
1982,0.8257281634889599,2026-06-01 12:56:34.899998,2026-06-01 12:57:09.823635,0 days 00:00:34.923637,balanced,0.6745062728431067,0.11042585617335894,16,20,0.03371086757453291,1600,232,7.271354538491484e-06,4.477354364652612e-07,0.8655712959986784,0.871694870597223,0.8257281634889599,0.8330614942256961,0.8185266972425117,0.9444222134013502,COMPLETE
1983,0.8398096650062933,2026-06-01 12:57:09.835306,2026-06-01 12:57:48.486080,0 days 00:00:38.650774,balanced,0.6649500142573478,0.019124307285926588,16,10,0.0004249368623632545,1700,232,3.3319607935585725e-06,2.0061119672162855e-07,0.8549837794159129,0.8803789338014596,0.8398096650062933,0.8353479409292451,0.8443462997565256,0.951587819145843,COMPLETE
1984,0.829825082094895,2026-06-01 12:57:48.498101,2026-06-01 12:58:19.478165,0 days 00:00:30.980064,balanced,0.6819663085824665,0.02012061656984063,16,170,0.01852112821870403,1500,224,8.662521877412141e-06,3.565216526352663e-07,0.8510886663547003,0.8701494101804057,0.829825082094895,0.8082825675367306,0.8525564803804994,0.9471002797922793,COMPLETE
1985,0.8379604448573522,2026-06-01 12:58:19.490684,2026-06-01 12:58:57.612009,0 days 00:00:38.121325,balanced,0.6722549799865384,0.0185335199442473,16,10,0.04711407819955331,1700,232,6.260817141067515e-06,4.2401197557548214e-07,0.843910149601146,0.8787388394794537,0.8379604448573522,0.8317073822440397,0.8443179887888568,0.9503399709121476,COMPLETE
1986,0.8261746713709486,2026-06-01 12:58:57.624152,2026-06-01 12:59:15.113062,0 days 00:00:17.488910,balanced,0.6634790604706288,0.02226055813307227,16,20,0.7282589589809786,1600,224,4.269608550223604e-06,2.91918714681683e-07,0.8675801869221289,0.8673318383451726,0.8261746713709486,0.8045647358566695,0.8489892984542212,0.9448488772996653,COMPLETE
1987,0.8344245087596289,2026-06-01 12:59:15.124969,2026-06-01 12:59:51.356253,0 days 00:00:36.231284,balanced,0.6761560822621118,0.017604054962486772,16,10,0.21825698395369397,1700,232,2.4834170033643925e-06,9.571175365448463e-06,0.8600580735749389,0.8753325030231044,0.8344245087596289,0.8232622201554669,0.8459034029783138,0.9484569075964776,COMPLETE
1988,0.8406688860828363,2026-06-01 12:59:51.368796,2026-06-01 13:00:28.537344,0 days 00:00:37.168548,balanced,0.6620908998906612,0.02012784512273773,16,10,0.0001159205140343212,1700,224,8.727591125914466e-06,1.9782253112409904e-07,0.8673897893097281,0.8810307620492631,0.8406688860828363,0.8362655071829453,0.8451390068512542,0.9515797873881772,COMPLETE
1989,0.8386330633378843,2026-06-01 13:00:28.549114,2026-06-01 13:01:05.256926,0 days 00:00:36.707812,balanced,0.662496678349901,0.021703966854423547,16,10,0.03223006004916506,1700,224,9.787397753280472e-06,1.4997853532060126e-07,0.8675802485956059,0.8795273423922562,0.8386330633378843,0.8343377096877768,0.8429873733084197,0.9505605401902537,COMPLETE
1990,0.8213617040759545,2026-06-01 13:01:05.268583,2026-06-01 13:01:23.773503,0 days 00:00:18.504920,,0.6606969143791492,0.020954006423439857,16,10,0.01681808061888349,800,216,3.556224402814326,1.8625959097313082e-07,0.8728633033664982,0.8725464450950207,0.8213617040759545,0.8564766531060272,0.789026668931544,0.94511887911715,COMPLETE
1991,0.8359148268903517,2026-06-01 13:01:23.785836,2026-06-01 13:02:01.323168,0 days 00:00:37.537332,balanced,0.6600322937792426,0.020637660602225112,16,20,0.061869189967172875,1600,224,1.115682892372797e-05,1.997705216629441e-07,0.8719302849276104,0.8768569525105079,0.8359148268903517,0.8273616231777995,0.8446577204008833,0.9493805395333332,COMPLETE
1992,0.8407043613507801,2026-06-01 13:02:01.336106,2026-06-01 13:02:38.482551,0 days 00:00:37.146445,balanced,0.6697659949421478,0.022832666334827136,16,10,3.9484653181387724e-05,1700,232,9.260523521973454e-06,1.7733491759856444e-07,0.882362808036111,0.8814302621759641,0.8407043613507801,0.8388945793192925,0.8425343978257177,0.9517256886039199,COMPLETE
1993,0.8376253170540552,2026-06-01 13:02:38.494171,2026-06-01 13:03:15.680341,0 days 00:00:37.186170,balanced,0.6738784754827575,0.02428561158136934,16,10,0.03164147838154213,1700,232,1.1790525855971193e-05,2.330061366151754e-07,0.8863043507009608,0.8790542418383209,0.8376253170540552,0.8352420638170135,0.8400430326708567,0.9503139846806907,COMPLETE
1994,0.8374654736398076,2026-06-01 13:03:15.692368,2026-06-01 13:03:55.824555,0 days 00:00:40.132187,balanced,0.6862567948371076,0.023282368704458413,16,20,0.017958516360028206,1700,232,7.5405861656094325e-06,1.576184034099212e-07,0.8814352716066509,0.8785706230532258,0.8374654736398076,0.8326140508423024,0.8423928429873732,0.9501675809933959,COMPLETE
1995,0.8380071516554187,2026-06-01 13:03:55.835999,2026-06-01 13:04:32.821273,0 days 00:00:36.985274,balanced,0.6804074013750496,0.02364033967951746,16,10,0.017368922317318434,1700,232,1.2030183274260236e-05,1.6720096435676074e-07,0.9026068794218813,0.8793065560323831,0.8380071516554187,0.835399360820494,0.8406375629919031,0.9507351575409738,COMPLETE
1996,0.8361475629581668,2026-06-01 13:04:32.832493,2026-06-01 13:05:07.973335,0 days 00:00:35.140842,balanced,0.6697575312012158,0.0220707336183356,16,10,0.089968426429592,1600,232,0.17698886404555061,1.1546634874435718e-07,0.8899889984247487,0.8772774788200478,0.8361475629581668,0.8292041249870864,0.8432138610497706,0.9491022595665922,COMPLETE
1997,0.8352687937885953,2026-06-01 13:05:07.986127,2026-06-01 13:05:38.822123,0 days 00:00:30.835996,balanced,0.6572393591883159,0.022130318059887886,10,20,0.042992533284104746,1700,232,7.066167143567202e-06,1.6793138818088476e-07,0.8810030686628155,0.875511248623167,0.8352687937885953,0.8211713679381961,0.8498669384519563,0.9490424683833497,COMPLETE
1998,0.8323555605234801,2026-06-01 13:05:38.834531,2026-06-01 13:06:19.750186,0 days 00:00:40.915655,balanced,0.6683337098971172,0.02291568616857138,16,110,0.01790695042341305,1700,232,9.684007854979871e-06,1.8564055987251525e-07,0.8822647116995358,0.8731667610936559,0.8323555605234801,0.8173991052657842,0.847885170715135,0.9479800465246814,COMPLETE
1999,0.8378698310008582,2026-06-01 13:06:19.770967,2026-06-01 13:06:56.918077,0 days 00:00:37.147110,balanced,0.6611299593791389,0.02291550555636504,16,10,0.03515115013075535,1700,232,6.424537850154862e-06,1.4142550663152404e-07,0.8785102803977887,0.8790752660315824,0.8378698310008582,0.8343844129244834,0.8414019591189628,0.9503087088200052,COMPLETE
2000,0.8402855609096683,2026-06-01 13:06:56.930165,2026-06-01 13:07:30.857232,0 days 00:00:33.927067,balanced,0.6765859219389802,0.024912285282503423,16,10,0.00018179589904440137,1600,232,1.4159055182123075e-05,1.4398182675702297e-07,0.8926197875672423,0.881230516257566,0.8402855609096683,0.8392704164989176,0.841317026215956,0.9516724926746751,COMPLETE
2001,0.8147531455338405,2026-06-01 13:07:30.868735,2026-06-01 13:07:43.259754,0 days 00:00:12.391019,balanced,0.6691928309444849,0.022317777802520696,16,10,0.0638766443395129,1700,16,8.96672112794165e-06,2.0783761537839293e-07,0.8852675853977936,0.8569236022836751,0.8147531455338405,0.7846670784571709,0.8472623294264198,0.9395429657147774,COMPLETE
2002,0.8390321227254165,2026-06-01 13:07:43.271964,2026-06-01 13:08:21.108405,0 days 00:00:37.836441,balanced,0.6576159301653415,0.02187265320404696,12,10,0.0006498387971630137,1700,232,1.2980977462835953e-05,1.7552605662266316e-07,0.8805511164883595,0.8796745342936266,0.8390321227254165,0.8337266344416169,0.8444312326595323,0.9509837763440435,COMPLETE
2003,0.8285292584854274,2026-06-01 13:08:21.120061,2026-06-01 13:08:40.372685,0 days 00:00:19.252624,balanced,0.6645213391155246,0.02135600837724099,16,20,0.6131263807276219,1700,240,5.848423992686558e-06,1.5279422472224427e-07,0.8756497463682593,0.8694660494560663,0.8285292584854274,0.8088344054002116,0.8492157861955721,0.9454632056871333,COMPLETE
2004,0.8113080406151733,2026-06-01 13:08:40.384841,2026-06-01 13:08:51.204418,0 days 00:00:10.819577,balanced,0.6864186580933366,0.026229383343561046,4,10,0.000301007570878428,1600,224,4.8754584324802145e-06,2.4515667009186485e-07,0.8902480365811498,0.8534541909263682,0.8113080406151733,0.777370058033326,0.8483664571655058,0.937502707046208,COMPLETE
2005,0.8378437625181386,2026-06-01 13:08:51.216490,2026-06-01 13:09:32.322244,0 days 00:00:41.105754,balanced,0.6562718446671566,0.02324124988612486,16,10,0.03363766354268606,1700,224,8.49420522570075e-06,2.616950840063826e-07,0.8747343910526689,0.8789280807621357,0.8378437625181386,0.833491793973053,0.842251288149029,0.9504070135419919,COMPLETE
2006,0.8186923076683553,2026-06-01 13:09:32.334162,2026-06-01 13:09:47.689520,0 days 00:00:15.355358,balanced,0.6757302055147436,0.02170124397849349,6,140,0.019212585540493612,1700,232,1.4323724505415588e-05,1.5729594530068573e-07,0.8987468140175787,0.8598673484589411,0.8186923076683553,0.7879386044980432,0.8519619500594531,0.9417563565841917,COMPLETE
2007,0.8312503833958699,2026-06-01 13:09:47.701966,2026-06-01 13:10:30.814522,0 days 00:00:43.112556,balanced,0.6666119769114824,0.020579640710896997,16,100,0.04935291865904023,1600,216,5.7014498395037485e-06,1.3265739932805017e-05,0.8676691573331923,0.8721679854097942,0.8312503833958699,0.8153182013702128,0.8478285487797973,0.9476560325652051,COMPLETE
2008,0.8306613522452834,2026-06-01 13:10:30.826723,2026-06-01 13:10:50.196292,0 days 00:00:19.369569,balanced,0.6570753432834531,0.021203907484773642,16,20,0.018044549343825683,1700,56,1.66560395079122e-05,2.4644845658164995e-07,0.8713112553165183,0.8703281557804682,0.8306613522452834,0.8064361222855037,0.8564067719834664,0.947481431778764,COMPLETE
2009,0.8282024634438292,2026-06-01 13:10:50.211652,2026-06-01 13:11:13.108881,0 days 00:00:22.897229,,0.6816854366413393,0.023848037391960668,8,10,0.03375062725208966,1600,224,8.229791894692898e-06,6.049249351304594e-06,0.8772173343290169,0.8769200174635796,0.8282024634438292,0.8597504204779564,0.7989071966479814,0.9481554458860585,COMPLETE
2010,0.8355198748250974,2026-06-01 13:11:13.122099,2026-06-01 13:11:55.427066,0 days 00:00:42.304967,balanced,0.6715785022587418,0.020534130979067637,16,10,0.1213881358586492,1700,240,5.236000330979519e-06,2.7221796969567735e-07,0.8858892728689031,0.8768464316265782,0.8355198748250974,0.82884744015612,0.8423079100843668,0.9489787783964614,COMPLETE
2011,0.8387745750580352,2026-06-01 13:11:55.438601,2026-06-01 13:12:37.729220,0 days 00:00:42.290619,balanced,0.6629195214415053,0.02246755802481743,16,10,0.018470476942868855,1700,232,1.0936075771386192e-05,1.530814930501746e-07,0.8683425761625604,0.8797796628866458,0.8387745750580352,0.835475698276911,0.8421097333106845,0.9507844354580864,COMPLETE
2012,0.839348313123841,2026-06-01 13:12:37.746547,2026-06-01 13:13:19.104719,0 days 00:00:41.358172,balanced,0.7843360570026153,0.020386094821146155,16,20,0.0008598545397071101,1600,232,1.3465443948440734e-05,3.124475315178421e-07,0.8734756329172814,0.8797796595706839,0.839348313123841,0.8331008354129175,0.8457052262046316,0.9508968389415875,COMPLETE
2013,0.838052027601322,2026-06-01 13:13:19.117004,2026-06-01 13:13:59.016619,0 days 00:00:39.899615,balanced,0.6558761314612087,0.02169055495478496,16,10,0.05215444862526322,1700,224,3.707468117868823e-06,5.4911351832792635e-06,0.8844160276120197,0.8790332176450596,0.838052027601322,0.8333533954170308,0.8428175075024065,0.950047280235576,COMPLETE
2014,0.8406279874637735,2026-06-01 13:13:59.028334,2026-06-01 13:14:38.282337,0 days 00:00:39.254003,balanced,0.6721579332308792,0.020207399381269444,16,10,0.00023619866714217345,1700,216,8.064142342422469e-06,1.9169864269121817e-07,0.86737948885455,0.8810307487854153,0.8406279874637735,0.8364401931041788,0.8448842081422342,0.9517606958838432,COMPLETE
2015,0.8393616233342738,2026-06-01 13:14:38.300139,2026-06-01 13:15:23.967823,0 days 00:00:45.667684,balanced,0.6894779021983467,0.021181568640197754,16,20,6.724686149863263e-05,1700,216,1.6947972205708857e-05,1.5951263538372486e-07,0.8766103210008294,0.8798217155839191,0.8393616233342738,0.8333472582967065,0.8454787384632807,0.9510951072329586,COMPLETE
2016,0.8364357501039171,2026-06-01 13:15:23.984900,2026-06-01 13:16:02.501567,0 days 00:00:38.516667,balanced,0.6824185370730792,0.030310457723494742,16,10,0.03328576181945503,1700,216,9.642157930444882e-06,1.8759557413061491e-07,0.8700814440967618,0.8784444689405603,0.8364357501039171,0.835954392773662,0.8369288262272804,0.949918581720742,COMPLETE
2017,0.8377989861282562,2026-06-01 13:16:02.515273,2026-06-01 13:16:45.191910,0 days 00:00:42.676637,balanced,0.6804302530713044,0.022843452813314163,16,20,0.019793358608869323,1700,216,1.2781749519916347e-05,1.630962735066045e-07,0.8815896778653578,0.8786652453525475,0.8377989861282562,0.8318907667915276,0.8438083913708171,0.9503100464414856,COMPLETE
2018,0.8374109281593842,2026-06-01 13:16:45.205429,2026-06-01 13:17:24.307266,0 days 00:00:39.101837,balanced,0.6763023612165855,0.020209177693672878,16,10,0.07541618169143025,1700,216,1.9352462776831166e-05,1.0416291263986784e-07,0.8953740486411034,0.8781711225949284,0.8374109281593842,0.8301293078563511,0.8448275862068965,0.949751701902914,COMPLETE
2019,0.8381535903761218,2026-06-01 13:17:24.319708,2026-06-01 13:18:06.328445,0 days 00:00:42.008737,balanced,0.6839311188771491,0.024185806627256216,16,10,0.032922512832192906,1700,216,8.135853049038713e-06,1.2495089521909419e-07,0.8758157752414307,0.8793591249712395,0.8381535903761218,0.8351669854725442,0.8411754713776117,0.950496302807443,COMPLETE
