number,value,datetime_start,datetime_complete,duration,params_class_weight,params_colsample_bytree,params_learning_rate,params_max_depth,params_min_child_samples,params_min_split_gain,params_n_estimators,params_num_leaves,params_reg_alpha,params_reg_lambda,params_subsample,user_attrs_accuracy,user_attrs_f1,user_attrs_precision,user_attrs_recall,user_attrs_roc_auc,state
1593,0.8307620349700624,2026-06-01 09:20:04.564773,2026-06-01 09:20:33.746074,0 days 00:00:29.181301,,0.6582964679759107,0.01814345189331337,10,10,0.03292094124293303,1600,224,1.5321264776227163e-05,1.2853293898115139e-06,0.8296944799148951,0.8786547234738293,0.8307620349700624,0.861667385087414,0.8020214030915577,0.9493313479746269,COMPLETE
1594,0.8397037785124426,2026-06-01 09:20:33.756998,2026-06-01 09:21:11.663218,0 days 00:00:37.906220,balanced,0.6646304958314138,0.017642275323731613,16,10,0.016758273693319555,1800,216,1.8163605376957126e-05,1.0632327826289666e-06,0.8341482843082523,0.8800424999542148,0.8397037785124426,0.8334484318998978,0.846073268784327,0.9509751356035326,COMPLETE
1595,0.8364713981533726,2026-06-01 09:21:11.673896,2026-06-01 09:21:44.901220,0 days 00:00:33.227324,balanced,0.6751786588414108,0.0186627145164143,16,20,0.07068794200615897,1500,232,8.909096073590717e-06,1.8249060073642296e-06,0.8402859490906248,0.8770672156652779,0.8364713981533726,0.8265591759458338,0.8466394881377046,0.949475418230627,COMPLETE
1596,0.8397832898393758,2026-06-01 09:21:44.922076,2026-06-01 09:22:16.299498,0 days 00:00:31.377422,balanced,0.6661591475206304,0.01751950049188989,16,10,0.0010443571825698584,1500,224,1.738027841261955e-05,8.39587010582475e-07,0.8236771444534786,0.8798006933802348,0.8397832898393758,0.8314992452884137,0.8482532132948304,0.951373633898584,COMPLETE
1597,0.8394901263124313,2026-06-01 09:22:16.310955,2026-06-01 09:22:50.356574,0 days 00:00:34.045619,balanced,0.6795260957454471,0.01829974574366357,16,20,8.852347026022608e-05,1500,232,1.3685296031774005e-05,7.884933992476065e-07,0.829199507852112,0.8796429885532432,0.8394901263124313,0.83161217392872,0.8475454391031086,0.9510033234987656,COMPLETE
1598,0.8383837147375569,2026-06-01 09:22:50.367439,2026-06-01 09:23:23.628079,0 days 00:00:33.260640,balanced,0.6571233332333932,0.017791383108710573,16,10,0.03393851781271061,1600,216,9.825310675820344e-06,2.2493025135025607e-06,0.8557712002806699,0.8786231893393125,0.8383837147375569,0.8292419638966955,0.8477436158767907,0.9504031740517808,COMPLETE
1599,0.8381410213265426,2026-06-01 09:23:23.639872,2026-06-01 09:23:57.684137,0 days 00:00:34.044265,balanced,0.6715701313382033,0.01883247774528485,16,10,0.04805150444836145,1600,224,1.1391105884144487e-05,1.276272416245345e-06,0.8431447816018248,0.8786862715353861,0.8381410213265426,0.8306497433691277,0.8457901591076382,0.9503198604623385,COMPLETE
1600,0.8391387744752504,2026-06-01 09:23:57.696058,2026-06-01 09:24:37.722999,0 days 00:00:40.026941,balanced,0.6578496711963779,0.01757840266298679,16,10,0.018769733617256406,1800,224,2.039091617637078e-05,8.441530006331699e-07,0.8350189950099419,0.8796429895480317,0.8391387744752504,0.8330426184249756,0.8453371836249364,0.9507628058460545,COMPLETE
1601,0.8400639196436331,2026-06-01 09:24:37.733892,2026-06-01 09:25:09.748477,0 days 00:00:32.014585,balanced,0.6674696973412525,0.019903408751532323,16,10,0.00019479932626656607,1500,232,6.963573482688802e-06,1.4388042578162691e-06,0.8483369533573581,0.8803789318118825,0.8400639196436331,0.8342728892740352,0.8459600249136515,0.9514754032929198,COMPLETE
1602,0.838040033234221,2026-06-01 09:25:09.759994,2026-06-01 09:25:42.712420,0 days 00:00:32.952426,balanced,0.6751930608781523,0.018841964202401588,16,10,0.03203794338344558,1600,216,5.197152824021021e-06,6.772690932553149e-07,0.8393700300965794,0.8786547364060807,0.838040033234221,0.8308238362402897,0.8453938055602741,0.9504526581298242,COMPLETE
1603,0.8354770674207223,2026-06-01 09:25:42.724299,2026-06-01 09:26:12.726008,0 days 00:00:30.001709,balanced,0.6639003469733608,0.02117353841421504,12,20,0.06550802397973844,1500,216,1.0886182291442023e-05,2.19166294173834e-06,0.8273861357529952,0.8760053737019596,0.8354770674207223,0.8235488752368875,0.8477719268444596,0.9490872865554613,COMPLETE
1604,0.8084760062338056,2026-06-01 09:26:12.753678,2026-06-01 09:26:24.502854,0 days 00:00:11.749176,balanced,0.6826388089676355,0.017590419867241202,4,10,6.755994077340255e-05,1800,224,1.7519253007534746e-05,6.182178199992559e-07,0.8211868823462601,0.8511622686881554,0.8084760062338056,0.7742169683528464,0.8459317139459825,0.9353721451858764,COMPLETE
1605,0.8272726152031148,2026-06-01 09:26:24.521888,2026-06-01 09:26:44.859752,0 days 00:00:20.337864,balanced,0.6578711597252889,0.018978029591789083,16,20,0.6662390750697107,1800,232,7.431452505075838e-06,1.0930169127569022e-06,0.8671124810304806,0.8684147167708113,0.8272726152031148,0.80705755740577,0.8485363229715192,0.9451649591012997,COMPLETE
1606,0.8271597359326576,2026-06-01 09:26:44.875408,2026-06-01 09:27:04.086081,0 days 00:00:19.210673,balanced,0.6715509216388684,0.017493542628563574,16,10,0.7807347572606402,1600,224,2.2882497175688784e-05,1.5059168803865802e-06,0.8452881653632892,0.8683411319285984,0.8271597359326576,0.8070301565756651,0.848338146197837,0.9451351403052821,COMPLETE
1607,0.8231698082665316,2026-06-01 09:27:04.097739,2026-06-01 09:27:20.556508,0 days 00:00:16.458769,balanced,0.6801080158230439,0.02002879976182067,6,10,0.019504559223924304,1800,232,1.471521827994357e-05,6.699582181977594e-07,0.8329691632381697,0.86373628249149,0.8231698082665316,0.7944651557255638,0.8540569616669497,0.9439034849149027,COMPLETE
1608,0.8397278201047361,2026-06-01 09:27:20.567607,2026-06-01 09:27:56.900773,0 days 00:00:36.333166,balanced,0.6614933439659908,0.022276106324638143,16,10,7.87328045428569e-05,1800,216,5.6035983783645095e-06,9.844773835264963e-07,0.8567274824176255,0.880526118407714,0.8397278201047361,0.8367100392770181,0.8427891965347376,0.9515810414030681,COMPLETE
1609,0.8358848250270584,2026-06-01 09:27:56.912402,2026-06-01 09:28:38.042395,0 days 00:00:41.129993,balanced,0.6710616987265,0.018528547889596392,16,20,0.04957369719668308,1800,224,1.1699245976139899e-05,5.618325461736648e-07,0.8201195403222369,0.8768989989074535,0.8358848250270584,0.8277701177645006,0.8441764339505125,0.9496656440814615,COMPLETE
1610,0.830431434334317,2026-06-01 09:28:38.054338,2026-06-01 09:29:00.271633,0 days 00:00:22.217295,balanced,0.6561119162046372,0.01824949227650326,8,10,0.03253168633559985,1700,104,7.640709959756764e-06,2.1371499668990006e-06,0.8394282585809262,0.8703386693692817,0.830431434334317,0.807317233332662,0.8549346016646849,0.9471082972005744,COMPLETE
1611,0.8380187931973563,2026-06-01 09:29:00.291803,2026-06-01 09:29:34.810389,0 days 00:00:34.518586,balanced,0.6665122736642012,0.0176271002955923,16,10,0.022553035047187142,1700,208,2.2500244970497837e-05,1.3837527885692301e-06,0.8518644752702034,0.878507544173114,0.8380187931973563,0.8299384234841751,0.8462714455580093,0.950687074124493,COMPLETE
1612,0.8210835204954853,2026-06-01 09:29:34.822360,2026-06-01 09:29:53.609820,0 days 00:00:18.787460,,0.6769835359136392,0.020636307430301228,16,10,0.7462520339526135,1800,232,4.469658713359906e-06,6.4277687166424e-07,0.8287830687262957,0.8725044046668065,0.8210835204954853,0.8573076667274226,0.7878092973217825,0.9451206917051972,COMPLETE
1613,0.8375657096355793,2026-06-01 09:29:53.620742,2026-06-01 09:30:33.343807,0 days 00:00:39.723065,balanced,0.6623200674177516,0.01760108490468681,16,20,0.018732475860071485,1800,216,2.2468861395695718e-05,3.3648306038368636e-06,0.861954465452134,0.8781080380776812,0.8375657096355793,0.829076392336729,0.8462431345903404,0.9503181326612387,COMPLETE
1614,0.8381494937268256,2026-06-01 09:30:33.356037,2026-06-01 09:31:08.339931,0 days 00:00:34.983894,balanced,0.6831793258547835,0.01861920455155177,16,10,0.04800790570138372,1600,224,1.253826616782291e-05,1.0015633242702628e-06,0.8437720389383107,0.8786862745197519,0.8381494937268256,0.8306058618648914,0.8458467810429761,0.9502950099346054,COMPLETE
1615,0.8389667264113578,2026-06-01 09:31:08.351926,2026-06-01 09:31:44.965528,0 days 00:00:36.613602,balanced,0.6556373806089749,0.024805801227771512,16,10,0.0007103326442770011,1700,232,8.438150436306305e-06,5.134868886993869e-07,0.8346501197519753,0.8803368688351273,0.8389667264113578,0.8385642733215838,0.8393918804144725,0.9512492838229085,COMPLETE
1616,0.8344333350874534,2026-06-01 09:31:44.977702,2026-06-01 09:32:12.745282,0 days 00:00:27.767580,balanced,0.6725786209801704,0.019914034566274184,16,20,0.10465113491840279,1600,152,1.7010810641239412e-05,1.717288084341632e-06,0.8744281990928237,0.8747542732129577,0.8344333350874534,0.8195334720085574,0.8498952494196251,0.9488615928765625,COMPLETE
1617,0.8405035993640823,2026-06-01 09:32:12.758623,2026-06-01 09:32:50.368634,0 days 00:00:37.610011,balanced,0.6651879965377089,0.017490903414440356,16,10,0.000270830959177967,1700,224,4.257701782981555e-06,7.259949589882236e-07,0.8509117389880829,0.8805786810462427,0.8405035993640823,0.8338166543478488,0.8473189513617575,0.9516373602581322,COMPLETE
1618,0.8393737683700603,2026-06-01 09:32:50.379407,2026-06-01 09:33:21.393267,0 days 00:00:31.013860,balanced,0.6619221154545238,0.017340685913472268,16,10,3.743406895816278e-05,1800,168,4.539598087513519e-06,1.3841125558068738e-06,0.8466475573023432,0.8791068091191964,0.8393737683700603,0.8284815029597147,0.8505747126436782,0.9513840967318639,COMPLETE
1619,0.8179616443113797,2026-06-01 09:33:21.413047,2026-06-01 09:33:35.692544,0 days 00:00:14.279497,balanced,0.6576307952023251,0.017444544357227847,16,20,0.03275055492864,1800,24,1.5803040849452864e-06,8.55642270845308e-07,0.8404003556510906,0.8595729699617389,0.8179616443113797,0.7886284239615673,0.8495838287752675,0.9418058085207296,COMPLETE
1620,0.8388896346836764,2026-06-01 09:33:35.704125,2026-06-01 09:34:12.020881,0 days 00:00:36.316756,balanced,0.6740277013750592,0.01738703333343146,16,10,0.018715237082256808,1700,224,4.088703872322165e-06,1.0866489224652378e-06,0.8521724900615125,0.8793486239830811,0.8388896346836764,0.832062365061493,0.8458467810429761,0.9508208527470131,COMPLETE
1621,0.836323103201816,2026-06-01 09:34:12.040783,2026-06-01 09:34:51.949639,0 days 00:00:39.908856,balanced,0.6500577788232385,0.01729573895121388,16,10,0.08554881614323635,1800,232,2.243843673726995e-06,2.352088525187929e-06,0.8274813330608849,0.8774246697266297,0.836323103201816,0.8294992623281271,0.8432704829851084,0.9497194607918579,COMPLETE
1622,0.8376363566783716,2026-06-01 09:34:51.970249,2026-06-01 09:35:27.269156,0 days 00:00:35.298907,balanced,0.6650109733200031,0.018575993133511312,16,10,0.05981112868150358,1700,216,3.3704887531404846e-06,7.384620303256563e-07,0.8352405059694235,0.8783498456464499,0.8376363566783716,0.8304152645747097,0.8449974520129099,0.9501992633917594,COMPLETE
1623,0.8363982604777539,2026-06-01 09:35:27.281014,2026-06-01 09:35:56.486886,0 days 00:00:29.205872,balanced,0.6783803508508518,0.0171683498555747,10,10,0.03025102002526288,1600,232,5.975308541993244e-06,1.4795638022531366e-06,0.8395552467572681,0.8762471762967854,0.8363982604777539,0.8215454473183313,0.8518203952211086,0.9494263806842316,COMPLETE
1624,0.8389937183102031,2026-06-01 09:35:56.499128,2026-06-01 09:36:36.775381,0 days 00:00:40.276253,balanced,0.666930872262316,0.018257849687110354,16,20,0.00037078626151738957,1800,224,5.278601462326056e-06,3.984779447980863e-06,0.8217485940274877,0.879495798973046,0.8389937183102031,0.8326538049204334,0.8454504274956118,0.9507903704883897,COMPLETE
1625,0.8390575856744965,2026-06-01 09:36:36.787103,2026-06-01 09:37:15.922968,0 days 00:00:39.135865,balanced,0.6560345981594075,0.01717063465991558,16,10,0.01958303144561363,1800,224,3.5573972010711554e-06,9.122703113421465e-07,0.8485892504102318,0.8795168297982312,0.8390575856744965,0.8325216889358824,0.8457052262046316,0.9508425429595925,COMPLETE
1626,0.8320346526149699,2026-06-01 09:37:15.934150,2026-06-01 09:37:54.227910,0 days 00:00:38.293760,balanced,0.6846436433258325,0.018624411401568435,16,100,0.04497424797052399,1700,208,2.7848394727337474e-05,2.249524522212294e-06,0.8184988386892759,0.8726621151309334,0.8320346526149699,0.8154687110156192,0.8493007190985788,0.9476957294387495,COMPLETE
1627,0.8383741604068575,2026-06-01 09:37:54.239591,2026-06-01 09:38:32.754277,0 days 00:00:38.514686,balanced,0.6629089909909488,0.017580393783081964,16,10,0.03282480503124401,1800,216,1.1419027958192756e-05,5.218945616282924e-07,0.8551245870480879,0.8789596162230372,0.8383741604068575,0.8315341609029758,0.8453371836249364,0.95054431811478,COMPLETE
1628,0.8387128863465202,2026-06-01 09:38:32.765431,2026-06-01 09:39:11.659054,0 days 00:00:38.893623,balanced,0.6737187134246999,0.018734015176452238,16,20,0.01670852667086392,1700,232,6.161974172910948e-06,1.1988134507089045e-06,0.8311375055598597,0.8791068091191964,0.8387128863465202,0.8311384651817542,0.8464413113640225,0.9502503861613207,COMPLETE
1629,0.8398685636269524,2026-06-01 09:39:11.671043,2026-06-01 09:39:44.164045,0 days 00:00:32.493002,balanced,0.6562245748673686,0.018055575567893518,16,10,0.00034758751065958206,1600,216,2.737009514811868e-05,5.737027255171512e-07,0.8437046320350378,0.8799058229680427,0.8398685636269524,0.8318330918966209,0.8480833474888172,0.9514215372577693,COMPLETE
1630,0.8340087055250577,2026-06-01 09:39:44.184975,2026-06-01 09:40:13.796907,0 days 00:00:29.611932,,0.6684314204964559,0.017234568147210493,12,10,4.342100413355762e-05,1400,232,3.2328391673108303e-06,7.626603910420228e-07,0.8329126574493372,0.8808625323591873,0.8340087055250577,0.8640984056343907,0.8059566275975313,0.9507766614665774,COMPLETE
1631,0.8377749092621083,2026-06-01 09:40:13.808705,2026-06-01 09:40:49.821168,0 days 00:00:36.012463,balanced,0.6501655394954566,0.01902081304841907,16,10,0.06886938839015434,1700,224,8.809896988345616e-06,2.1487696321877783e-06,0.8508713232270959,0.8784444623086366,0.8377749092621083,0.8304901468180889,0.8451956287865919,0.950012696051461,COMPLETE
1632,0.8393965748916711,2026-06-01 09:40:49.832335,2026-06-01 09:41:29.196842,0 days 00:00:39.364507,balanced,0.6809384583489638,0.017450578988117756,16,10,0.019122686327316497,1800,224,1.4551086124475768e-05,1.2146412283903475e-06,0.8389292220271657,0.8798006860851185,0.8393965748916711,0.8330606253933471,0.845846781042976,0.9509123704102835,COMPLETE
1633,0.8360649170872966,2026-06-01 09:41:29.208855,2026-06-01 09:42:07.986614,0 days 00:00:38.777759,balanced,0.6621885584922053,0.019096931070742916,16,20,0.04614060914212898,1800,208,2.520749143463103e-05,5.305486219566635e-07,0.8280747570814402,0.8769936195487945,0.8360649170872966,0.8276592626629476,0.8446577204008833,0.9495680576787611,COMPLETE
1634,0.8175634917662965,2026-06-01 09:42:07.998690,2026-06-01 09:42:21.918830,0 days 00:00:13.920140,balanced,0.6740485055596442,0.017133932085977324,6,10,0.018664267356683778,1500,232,5.469768774771396e-06,3.1576925182712437e-06,0.8457375590904336,0.8591944983390496,0.8175634917662965,0.78789158080804,0.8495838287752675,0.9415708372358221,COMPLETE
1635,0.8372054761894697,2026-06-01 09:42:21.937702,2026-06-01 09:42:58.851653,0 days 00:00:36.913951,balanced,0.6704320139130459,0.018154382476022822,16,20,0.0309425289265389,1700,216,1.978830632365587e-05,7.680012198796443e-07,0.8568908451943213,0.8777190465658508,0.8372054761894697,0.8279363915033103,0.8466961100730424,0.9500643964344085,COMPLETE
1636,0.8096746891350467,2026-06-01 09:42:58.862871,2026-06-01 09:43:10.245264,0 days 00:00:11.382393,balanced,0.6572838001729527,0.020183884362406337,4,10,0.00032650286293059536,1800,224,7.737301147476472e-06,1.6710106815303685e-06,0.8371115292347713,0.8521400171943899,0.8096746891350467,0.775581485305694,0.8469225978143933,0.9363077555534298,COMPLETE
1637,0.8302261521827061,2026-06-01 09:43:10.256396,2026-06-01 09:43:34.278323,0 days 00:00:24.021927,balanced,0.6640146777851762,0.016984894405039825,16,10,0.5197331673306768,1600,232,1.561330604994127e-06,4.697168328775213e-07,0.8269302044301753,0.8710746010220544,0.8302261521827061,0.8123861667253257,0.8488760545835458,0.9466739276346862,COMPLETE
1638,0.8304225756771663,2026-06-01 09:43:34.289908,2026-06-01 09:43:56.913158,0 days 00:00:22.623250,balanced,0.684410300464174,0.018309908228731683,8,20,0.04991669192737948,1800,216,9.545730484235828e-06,9.113891782026569e-07,0.8196931891997086,0.8703281481537558,0.8304225756771663,0.8072694702713562,0.8549629126323538,0.9470187350351136,COMPLETE
1639,0.8247679349226708,2026-06-01 09:43:56.924245,2026-06-01 09:44:33.940688,0 days 00:00:37.016443,balanced,0.6769473280454024,0.1492906705629275,16,10,0.018125281255830863,1700,232,4.073110466134688e-06,1.7041144390926395e-06,0.8432309635998765,0.8715056339568875,0.8247679349226708,0.8355349972084647,0.8142800520921805,0.9436540132224703,COMPLETE
1640,0.830351832534712,2026-06-01 09:44:33.952246,2026-06-01 09:44:56.311409,0 days 00:00:22.359163,balanced,0.6677119809566037,0.019157822920167905,16,10,0.44599630432016063,1700,160,1.4599789851233589e-05,1.1431773717542984e-06,0.8689669223853161,0.8709904826952566,0.830351832534712,0.8114379332987193,0.850178359096314,0.9464625767235187,COMPLETE
1641,0.8383831560846632,2026-06-01 09:44:56.323124,2026-06-01 09:45:35.087367,0 days 00:00:38.764243,balanced,0.6500153306839446,0.016987824968813698,16,10,0.03392396500523427,1800,224,2.7062362716368794e-05,5.96154165744366e-07,0.8821400365677293,0.8788650078507554,0.8383831560846632,0.8308705390206725,0.8460449578166581,0.9505737417112892,COMPLETE
1642,0.8376977737661214,2026-06-01 09:45:35.098716,2026-06-01 09:46:16.142257,0 days 00:00:41.043541,balanced,0.6588765955404665,0.017785884999367698,16,20,0.01763642887832634,1800,224,2.579758359873113e-06,4.490160581037586e-07,0.856529036146698,0.8782867697507039,0.8376977737661214,0.8297448045319049,0.8458184700753072,0.9503245861432871,COMPLETE
1643,0.8332850331593588,2026-06-01 09:46:16.153730,2026-06-01 09:46:53.112720,0 days 00:00:36.958990,balanced,0.6753438461425341,0.020006446799925047,16,70,0.03359271348333365,1600,216,6.294035822001314e-06,2.712109771755197e-06,0.8337270318395871,0.874112956895987,0.8332850331593588,0.8198533858728041,0.8471773965234132,0.9484146344904367,COMPLETE
1644,0.840218342846219,2026-06-01 09:46:53.124352,2026-06-01 09:47:30.052844,0 days 00:00:36.928492,balanced,0.6631600627520267,0.01797472649103948,16,10,9.84460667117667e-05,1800,216,1.2262104999839644e-05,7.795949276376565e-07,0.8501604668861754,0.8805261247080415,0.840218342846219,0.8346521149549074,0.8458750920106448,0.9516491622062454,COMPLETE
1645,0.8387817528426876,2026-06-01 09:47:30.065301,2026-06-01 09:48:04.812747,0 days 00:00:34.747446,balanced,0.6565869757240007,0.01749273689314222,16,10,0.016527285052842587,1700,208,2.2071041147602082e-05,4.489846969320173e-07,0.8623441320397963,0.8790121944465868,0.8387817528426876,0.8302433191604704,0.8475171281354396,0.9508069079357379,COMPLETE
1646,0.8285866401059577,2026-06-01 09:48:04.824542,2026-06-01 09:48:41.350899,0 days 00:00:36.526357,balanced,0.661969129670603,0.016992073878591602,16,170,0.07013424763635474,1800,216,1.3923237083535525e-05,6.856844903460026e-07,0.8518046816177827,0.8692032094041315,0.8285866401059577,0.8070860484993254,0.8512824868354,0.9461179759986961,COMPLETE
1647,0.8370952892785778,2026-06-01 09:48:41.362853,2026-06-01 09:49:11.562131,0 days 00:00:30.199278,balanced,0.6694858518969958,0.016777131057241705,16,10,0.049385108950305324,1500,208,2.772045964098133e-05,4.4179578971721527e-07,0.8484992356047686,0.8772985139559832,0.8370952892785778,0.8256224289230172,0.8489043655512146,0.9500918198445533,COMPLETE
1648,0.8388707117655531,2026-06-01 09:49:11.573889,2026-06-01 09:49:45.633020,0 days 00:00:34.059131,balanced,0.684799582316859,0.01802008543819265,16,20,0.00013185280835934646,1700,200,1.6140443230763013e-05,7.182029357443995e-07,0.8583094149039403,0.8789385933561605,0.8388707117655531,0.8293878945261491,0.8485929449068569,0.9511097125110837,COMPLETE
1649,0.8346791614043451,2026-06-01 09:49:45.644715,2026-06-01 09:50:24.214158,0 days 00:00:38.569443,,0.6571726884807068,0.017153748379489377,16,10,0.030988517693527454,1800,208,1.1901185028268479e-05,9.252174106699742e-07,0.8678501989793105,0.8812935822054263,0.8346791614043451,0.8644033500469002,0.806947511465942,0.950656857461599,COMPLETE
1650,0.8371082602973616,2026-06-01 09:50:24.226013,2026-06-01 09:50:57.974225,0 days 00:00:33.748212,balanced,0.6781778839081894,0.018250671956788048,10,10,0.020045896067633472,1700,216,1.9179540149201975e-05,4.1036609874812504e-07,0.8490974126972386,0.8769936225331602,0.8371082602973616,0.8235683320375645,0.8511126210293867,0.9498493540624516,COMPLETE
1651,0.8373422689412183,2026-06-01 09:50:57.990266,2026-06-01 09:51:32.828794,0 days 00:00:34.838528,balanced,0.6696920979927584,0.01937870023300487,16,20,0.018832041990782426,1600,216,1.167539591853764e-06,5.378380146993573e-07,0.855853556083303,0.8779398256306075,0.8373422689412183,0.8288583710109368,0.8460166468489893,0.9503105415243801,COMPLETE
1652,0.823372888680527,2026-06-01 09:51:32.840692,2026-06-01 09:51:41.440198,0 days 00:00:08.599506,balanced,0.6616343794888554,0.07239550753993888,16,10,0.9779837198761787,1400,208,3.127725047636971e-05,9.48228176151339e-07,0.843047771688154,0.8650924903513549,0.823372888680527,0.8012933091646054,0.8467244210407112,0.9434187114379996,COMPLETE
1653,0.8378352662812127,2026-06-01 09:51:41.451821,2026-06-01 09:52:19.516418,0 days 00:00:38.064597,balanced,0.650386824415712,0.016966740286235505,16,10,5.2655020732063015e-05,1800,200,0.3519594018628618,3.7661816424375353e-07,0.8609104358682205,0.878181634857357,0.8378352662812127,0.828497635318103,0.8474038842647641,0.9506017266676844,COMPLETE
