number,value,datetime_start,datetime_complete,duration,params_class_weight,params_colsample_bytree,params_learning_rate,params_max_depth,params_min_child_samples,params_min_split_gain,params_n_estimators,params_num_leaves,params_reg_alpha,params_reg_lambda,params_subsample,user_attrs_accuracy,user_attrs_f1,user_attrs_precision,user_attrs_recall,user_attrs_roc_auc,state
2203,0.8107468470137492,2026-06-01 14:54:33.292469,2026-06-01 14:54:43.646234,0 days 00:00:10.353765,balanced,0.6677947665960636,0.0261115230695903,4,10,0.017586411779931563,1600,240,3.0128778359786587e-05,6.828631586187704e-08,0.8831743112974559,0.8530336579849047,0.8107468470137492,0.7769191566121272,0.847686993941453,0.9372020057928508,COMPLETE
2204,0.8378852757580124,2026-06-01 14:54:43.659035,2026-06-01 14:55:20.245601,0 days 00:00:36.586566,balanced,0.657142256737148,0.021540617300542783,16,10,0.03321279227124718,1600,240,4.474272762770562e-05,5.7387358582788285e-08,0.8776788522925199,0.8789701331278126,0.8378852757580124,0.8336012814198407,0.84222297718136,0.9504309952975171,COMPLETE
2205,0.8335643716485882,2026-06-01 14:55:20.258400,2026-06-01 14:55:56.052200,0 days 00:00:35.793800,balanced,0.6680249647163309,0.06846341683028151,16,20,0.00037798685125936586,1500,240,2.4868315403417152e-05,8.169028957833922e-08,0.8792609946251572,0.8774141627697399,0.8335643716485882,0.8406334978523925,0.8266236339958098,0.948500220968636,COMPLETE
2206,0.8312802886704865,2026-06-01 14:55:56.064018,2026-06-01 14:56:34.597257,0 days 00:00:38.533239,balanced,0.6561211686254514,0.02274240338514442,16,80,0.06262649078950223,1600,240,2.1091570365182112e-05,4.6900251621367733e-08,0.8860781726071211,0.8725464623380227,0.8312802886704865,0.8175308219935528,0.8455070494309496,0.9475152470536755,COMPLETE
2207,0.8222102738562133,2026-06-01 14:56:34.608756,2026-06-01 14:56:49.354777,0 days 00:00:14.746021,balanced,0.6637079653886822,0.021038500357320487,6,10,0.017268497337127073,1600,240,3.644511576836153e-05,6.04007452081157e-08,0.8793732290337168,0.8629582852091927,0.8222102738562133,0.7933271573702285,0.8532925655398902,0.9433114868617763,COMPLETE
2208,0.8369829416992197,2026-06-01 14:56:49.367586,2026-06-01 14:57:25.044092,0 days 00:00:35.676506,balanced,0.676444520950092,0.023406967197024835,16,10,0.046411001836041334,1600,240,2.3261928171609236e-05,8.959358784023708e-08,0.892038542395117,0.878454981202989,0.8369829416992197,0.8337885857606575,0.84021289847687,0.9501543779691728,COMPLETE
2209,0.8305033921793945,2026-06-01 14:57:25.056700,2026-06-01 14:57:57.612404,0 days 00:00:32.555704,balanced,0.6501143902580918,0.021466597065494405,16,140,0.03227763262634839,1500,240,1.8610184681403325e-05,1.0164239552621049e-07,0.8760123289779866,0.8710851053261747,0.8305033921793945,0.8114502589694857,0.8504897797406716,0.9472628576819565,COMPLETE
2210,0.8313103056882563,2026-06-01 14:57:57.623988,2026-06-01 14:58:19.828737,0 days 00:00:22.204749,balanced,0.6605080151236673,0.01743967324238664,8,10,0.00012982568428450064,1600,232,4.459572030850204e-05,1.3039412613286046e-07,0.9035986529967492,0.8710535857818901,0.8313103056882563,0.8084126979569083,0.8555574429534002,0.9476293272484372,COMPLETE
2211,0.8402618096607751,2026-06-01 14:58:19.841608,2026-06-01 14:58:55.994416,0 days 00:00:36.152808,balanced,0.6704733355405342,0.020366194181282948,16,10,0.0005250040413832961,1600,240,2.9193040366834322e-05,4.288179072997298e-08,0.875793127111625,0.8807468994620479,0.8402618096607751,0.83599094881258,0.8446010984655455,0.9514807937596469,COMPLETE
2212,0.8389919614087584,2026-06-01 14:58:56.006513,2026-06-01 14:59:32.313137,0 days 00:00:36.306624,balanced,0.6832163071685652,0.021330192399579933,16,20,0.00012049680385700012,1600,232,1.6404437972769394e-05,6.362205371696802e-07,0.8724158846685939,0.8796429928639936,0.8389919614087584,0.8336686209811134,0.8444029216918635,0.951091960918192,COMPLETE
2213,0.8377428734664817,2026-06-01 14:59:32.325781,2026-06-01 15:00:05.784725,0 days 00:00:33.458944,balanced,0.9770989413009257,0.02267696538554691,16,10,0.03170375716006218,1600,232,1.645277057855627e-05,6.520654720740656e-07,0.8834501854696272,0.8791488571741229,0.8377428734664817,0.8354124257115765,0.8400996546061945,0.9503667743251958,COMPLETE
2214,0.8382860692672033,2026-06-01 15:00:05.796576,2026-06-01 15:00:41.355171,0 days 00:00:35.558595,balanced,0.662802274434901,0.019265375215404265,16,10,0.019059988430848232,1600,232,2.9536307152572328e-05,3.699106548192107e-08,0.8718396456920903,0.878980651690569,0.8382860692672033,0.8320486511223361,0.8446294094332144,0.9507963989139228,COMPLETE
2215,0.8369605858263632,2026-06-01 15:00:41.368231,2026-06-01 15:01:16.237607,0 days 00:00:34.869376,balanced,0.6564076551948999,0.01731709742146252,16,20,0.06187157283983451,1500,240,4.5392156098664426e-05,7.3979547014576e-08,0.8889079225009909,0.8772985103084253,0.8369605858263632,0.826134362434568,0.8480833474888172,0.949532004299344,COMPLETE
2216,0.83523090506239,2026-06-01 15:01:16.251149,2026-06-01 15:01:50.933167,0 days 00:00:34.682018,,0.6746373351056478,0.020261870890684062,16,10,0.01820048029761968,1600,232,1.5455967118659635e-05,1.5777531000484122e-07,0.882032462660717,0.8816405230095609,0.83523090506239,0.8645774520713214,0.8078251514636771,0.9508211392472582,COMPLETE
2217,0.830226514602561,2026-06-01 15:01:50.946420,2026-06-01 15:02:24.229480,0 days 00:00:33.283060,balanced,0.6682339734361896,0.021714616210707947,16,160,0.03171197892238564,1600,232,6.835236368774569e-07,1.1319106518489424e-07,0.8597642000161041,0.8708012493708832,0.830226514602561,0.8107361412595561,0.8506879565143537,0.9470508872027774,COMPLETE
2218,0.8400880020425063,2026-06-01 15:02:24.242199,2026-06-01 15:03:01.009163,0 days 00:00:36.766964,balanced,0.6821098959132981,0.018140621216563204,16,10,5.623140078435802e-05,1600,240,1.802477010374628e-05,4.955995731692641e-07,0.8703680882124153,0.8804209835143672,0.8400880020425063,0.8344522184782598,0.8458184700753072,0.9517392016114048,COMPLETE
2219,0.8373335246331023,2026-06-01 15:03:01.021336,2026-06-01 15:03:31.515451,0 days 00:00:30.494115,balanced,0.6556740478145274,0.02697420558790054,10,20,0.00018944823242323104,1600,232,3.069595793167832e-05,3.4552418500583947e-07,0.8480043035903171,0.8775718563224612,0.8373335246331023,0.8264569409321685,0.8485080120038502,0.9499632780985507,COMPLETE
2220,0.8370504465579002,2026-06-01 15:03:31.527092,2026-06-01 15:04:09.741195,0 days 00:00:38.214103,balanced,0.666944640577222,0.02455491432577496,16,10,0.044416073979363854,1700,240,1.3812456947211432e-05,1.356025793758487e-07,0.8758164745424342,0.8787493464363435,0.8370504465579002,0.835515055712055,0.8385991733197441,0.9500116418436785,COMPLETE
2221,0.8401803919738868,2026-06-01 15:04:09.753187,2026-06-01 15:04:40.542228,0 days 00:00:30.789041,balanced,0.6733126794283951,0.01950273272447066,16,10,0.0002580078090495031,1400,232,2.0559142676075772e-05,6.843009294568836e-08,0.8661459012291648,0.8801581477731828,0.8401803919738868,0.8323073745016313,0.8482249023271615,0.9515021015283235,COMPLETE
2222,0.8364983047540893,2026-06-01 15:04:40.553866,2026-06-01 15:05:18.887827,0 days 00:00:38.333961,balanced,0.6617107883458536,0.020738343120078103,16,30,0.03119717222410042,1600,232,1.2272404994814324e-05,6.846655766028274e-07,0.8604757645165354,0.8773195288645513,0.8364983047540893,0.8280947853513903,0.8450823849159163,0.9494822786416482,COMPLETE
2223,0.8378713460104067,2026-06-01 15:05:18.900244,2026-06-01 15:05:57.287664,0 days 00:00:38.387420,balanced,0.6565027458835053,0.023459499583375645,16,10,0.02043582854083147,1700,240,1.4948327533607231e-06,1.8245872201568195e-07,0.8948273709266507,0.8792645026719175,0.8378713460104067,0.835665149737126,0.8400996546061944,0.9507311655063629,COMPLETE
2224,0.8396351846344624,2026-06-01 15:05:57.309308,2026-06-01 15:06:36.353261,0 days 00:00:39.043953,balanced,0.678338668018898,0.01874951617846504,16,20,0.0001836914082526457,1700,232,4.179031740519296e-05,4.0677780165147454e-07,0.8815206922662195,0.8798112039846826,0.8396351846344624,0.8321612225913532,0.8472623294264198,0.9511215415427223,COMPLETE
2225,0.8374330226040799,2026-06-01 15:06:36.365947,2026-06-01 15:07:11.666312,0 days 00:00:35.300365,balanced,0.6660014272755531,0.0171835507057436,16,10,0.08077833321923439,1600,232,2.333806415024079e-05,2.361277610527735e-07,0.8692527924125878,0.877992398548618,0.8374330226040799,0.8288429752865798,0.8462148236226715,0.9498716502610508,COMPLETE
2226,0.8369893525469303,2026-06-01 15:07:11.679041,2026-06-01 15:07:52.301636,0 days 00:00:40.622595,balanced,0.6716742164841143,0.020019631046967083,16,20,0.05099812459043036,1700,240,1.02849667991804e-05,8.864144068233061e-08,0.8534623822120966,0.8779818856229968,0.8369893525469303,0.8305658753223888,0.8435252816941282,0.9495786570691923,COMPLETE
2227,0.8325701496985768,2026-06-01 15:07:52.314370,2026-06-01 15:08:05.789188,0 days 00:00:13.474818,balanced,0.6501323687545042,0.022358361654201575,12,10,0.019507988495465988,600,240,4.850595628387082e-05,7.167695902434931e-07,0.888300121863706,0.8726516144743713,0.8325701496985768,0.8135009340212426,0.8525847913481682,0.9482206640416796,COMPLETE
2228,0.837626657893706,2026-06-01 15:08:05.800754,2026-06-01 15:08:38.768079,0 days 00:00:32.967325,balanced,0.662135636408741,0.018315522706908772,16,10,0.031713035129956976,1500,232,1.9723144843219803e-05,1.312684600497162e-07,0.8754209839013195,0.8781606113272881,0.837626657893706,0.8291970643252237,0.8462431345903402,0.9504743186840825,COMPLETE
2229,0.8373264655740145,2026-06-01 15:08:38.779710,2026-06-01 15:09:16.378899,0 days 00:00:37.599189,balanced,0.687770937271402,0.02104250831139372,16,10,0.04790663856715686,1700,232,3.14086716819177e-05,5.876820866907848e-05,0.8581284233494498,0.8785811353156544,0.8373264655740145,0.8332452428248982,0.8414585810543004,0.9502946615938774,COMPLETE
2230,0.8082135084772797,2026-06-01 15:09:16.392281,2026-06-01 15:09:27.436404,0 days 00:00:11.044123,balanced,0.67900514994448,0.019380535107373354,4,10,0.018632166895843502,1700,224,1.2893840233992236e-05,2.532669772700659e-07,0.8475278938519049,0.8509835479578071,0.8082135084772797,0.7740919541899802,0.8455070494309496,0.9353801685626656,COMPLETE
2231,0.8354438072241451,2026-06-01 15:09:27.448366,2026-06-01 15:10:03.950526,0 days 00:00:36.502160,balanced,0.6606655970343642,0.02229748584816646,16,20,0.10268641745097074,1600,240,3.5114687621740337e-06,3.898075601031862e-07,0.865369895985979,0.8766151396362004,0.8354438072241451,0.8276350029891973,0.843412037823453,0.948632225589192,COMPLETE
2232,0.8174609554080073,2026-06-01 15:10:03.963237,2026-06-01 15:10:19.054039,0 days 00:00:15.090802,balanced,0.7953859318189153,0.017850405137816588,6,10,0.03391183650618026,1700,232,2.0540489847049597e-06,4.859911520332363,0.8821005359304142,0.8587844776600148,0.8174609554080073,0.7860982060174376,0.8514523526414134,0.940953010365087,COMPLETE
2233,0.8392090550514513,2026-06-01 15:10:19.075809,2026-06-01 15:10:53.257775,0 days 00:00:34.181966,balanced,0.670656865431101,0.020219307938347374,16,10,0.017656611133404148,1600,224,1.4210705552777967e-05,1.8333349530828737e-07,0.8732314188823537,0.8796324802699687,0.8392090550514513,0.8326870387284998,0.8458467810429761,0.9509524885732886,COMPLETE
2234,0.8392218574907147,2026-06-01 15:10:53.270416,2026-06-01 15:11:33.064647,0 days 00:00:39.794231,balanced,0.6557007579434759,0.018793747719325425,16,20,0.00033701282199565365,1700,232,2.2044003312393516e-05,5.1359149334021224e-08,0.8619203609608644,0.8795483682434985,0.8392218574907147,0.8320586793824152,0.846526244267029,0.9509722589797954,COMPLETE
2235,0.8335415811898783,2026-06-01 15:11:33.077426,2026-06-01 15:12:07.249435,0 days 00:00:34.172009,,0.6674145702065305,0.020714695713935367,16,10,0.0651116914185531,1600,224,1.064038206183657e-05,5.577330721521488e-07,0.8672650570646135,0.8804945564191171,0.8335415811898783,0.8633571813579098,0.8057301398561804,0.9499221679859996,COMPLETE
2236,0.8304728469848328,2026-06-01 15:12:07.262070,2026-06-01 15:12:29.940066,0 days 00:00:22.677996,balanced,0.6774803871309726,0.017279217458478335,8,10,0.018131375184613725,1700,240,5.120950422187019e-06,3.3346492939819353e-07,0.878405475948868,0.8705279106519637,0.8304728469848328,0.8082775580809782,0.8539437177962742,0.9475011542736965,COMPLETE
2237,0.8317404271982273,2026-06-01 15:12:29.953830,2026-06-01 15:13:10.688905,0 days 00:00:40.735075,balanced,0.6924329029849999,0.023591208850835214,16,90,0.047700739049189526,1700,224,4.888992143395475e-05,1.3022958903458582e-07,0.898683029678498,0.8729354710928551,0.8317404271982273,0.818268008215254,0.8456769152369628,0.9476190843378093,COMPLETE
2238,0.8385944328969748,2026-06-01 15:13:10.701267,2026-06-01 15:13:48.782533,0 days 00:00:38.081266,balanced,0.656473901131308,0.019599622939508014,16,10,0.018994824989844984,1700,232,8.441710108358556e-06,8.712062142959303e-07,0.8503315880986946,0.8793801571228094,0.8385944328969748,0.8334844233645097,0.8437800804031482,0.9508330558670478,COMPLETE
2239,0.8373369767589082,2026-06-01 15:13:48.794378,2026-06-01 15:14:27.411524,0 days 00:00:38.617146,balanced,0.6500164410306251,0.021736878002333693,16,20,0.03331475464617565,1700,224,2.5632336669111256e-06,2.3065028447302803e-07,0.8556734771966794,0.8782867637819725,0.8373369767589082,0.8311974143834977,0.843581903629466,0.9498364018452407,COMPLETE
2240,0.8285008156733372,2026-06-01 15:14:27.423663,2026-06-01 15:14:47.731306,0 days 00:00:20.307643,balanced,0.6641303532340851,0.01812622713731053,16,10,0.6517299136041719,1600,232,2.9151028273379348e-05,4.267698090751588e-07,0.8699449434965141,0.8695396409302031,0.8285008156733372,0.8093761814815496,0.848564633939188,0.9458345505648754,COMPLETE
2241,0.8375331558996045,2026-06-01 15:14:47.744077,2026-06-01 15:15:31.204345,0 days 00:00:43.460268,balanced,0.6728625417362437,0.021216013183044388,16,20,0.018332338579314277,1700,224,1.245058535213778e-06,9.315463541404742e-08,0.8442019518137046,0.8784234391101639,0.8375331558996045,0.8313374503606811,0.843836702338486,0.9502259684864662,COMPLETE
2242,0.8366782344409055,2026-06-01 15:15:31.217545,2026-06-01 15:16:03.739265,0 days 00:00:32.521720,balanced,0.6833167849781245,0.02899635334519418,16,10,0.04549232245446051,1500,240,1.695150330512838e-05,1.5531389683587938e-07,0.8831009120500006,0.8785390942242479,0.8366782344409055,0.8356259026391545,0.8377498442896778,0.9498875641990194,COMPLETE
2243,0.8404016529578086,2026-06-01 15:16:03.752201,2026-06-01 15:16:39.592357,0 days 00:00:35.840156,balanced,0.6620077986777688,0.019135845073921437,16,10,0.0002109807008986934,1600,232,6.757974054622689e-06,7.335973231533978e-07,0.8621085064759142,0.8806733036771607,0.8404016529578086,0.8349026131242008,0.8459883358813204,0.9516386529545301,COMPLETE
2244,0.8385517306952112,2026-06-01 15:16:39.604721,2026-06-01 15:17:16.012422,0 days 00:00:36.407701,balanced,0.6688831262092193,0.020072867704014806,16,10,0.019052241929106907,1700,224,3.45171316544505e-06,2.777063648153424e-07,0.8901140706565593,0.8793486110508297,0.8385517306952112,0.8334577129597478,0.8437234584678105,0.9507703661222137,COMPLETE
2245,0.8356795795074771,2026-06-01 15:17:16.024180,2026-06-01 15:17:51.904080,0 days 00:00:35.879900,balanced,0.6577308182924243,0.02282181841393959,16,20,0.06313066673155866,1600,232,1.1327052641040615e-05,1.7653247247769556e-07,0.8748768843571945,0.8770461927984012,0.8356795795074771,0.8295513267361757,0.8419115565370024,0.9492504321781667,COMPLETE
2246,0.8359201425521543,2026-06-01 15:17:51.916076,2026-06-01 15:18:12.115267,0 days 00:00:20.199191,balanced,0.6766976478353468,0.017680052118021622,16,10,0.03402955857519415,900,224,5.411064385662718e-06,9.057834597180119e-08,0.8707319402666286,0.8757951059048431,0.8359201425521543,0.8204843780975938,0.8519619500594531,0.9496321298462288,COMPLETE
2247,0.8385750670469717,2026-06-01 15:18:12.127088,2026-06-01 15:18:44.603131,0 days 00:00:32.476043,balanced,0.776983620895257,0.02121992107306653,10,10,0.019952356239596663,1700,224,3.2362107142785644e-05,4.3730107583268904e-07,0.8569207785751705,0.8785601180859132,0.8385750670469717,0.8280443492295891,0.8493856520015854,0.95000249526628,COMPLETE
2248,0.8409223867970743,2026-06-01 15:18:44.615260,2026-06-01 15:19:20.743646,0 days 00:00:36.128386,balanced,0.6628877715900049,0.018859443852823846,16,10,4.587225137406956e-06,1600,240,1.782177704402087e-05,6.660071892362738e-08,0.8782128265474685,0.8811358873263203,0.8409223867970743,0.8359398343222403,0.8459883358813203,0.9516764553169962,COMPLETE
2249,0.8371631931917181,2026-06-01 15:19:20.755523,2026-06-01 15:19:58.913803,0 days 00:00:38.158280,balanced,0.6571400285854372,0.017262469214567745,16,20,0.01965367032960953,1600,240,2.5108894111730493e-05,3.650540093906531e-08,0.8862329561070135,0.8776664766322059,0.8371631931917181,0.8277435545887876,0.8468093539437177,0.9502161906276262,COMPLETE
2250,0.8403608725851989,2026-06-01 15:19:58.926311,2026-06-01 15:20:33.609499,0 days 00:00:34.683188,balanced,0.6616480593777486,0.01680788732525965,16,10,0.000261718837991502,1500,240,5.345605440778942e-05,9.622556225272799e-08,0.8917944799417127,0.880179171303252,0.8403608725851989,0.8316828619158367,0.8492440971632411,0.9515299407347714,COMPLETE
2251,0.8262471054441192,2026-06-01 15:20:33.621325,2026-06-01 15:21:06.530876,0 days 00:00:32.909551,balanced,0.6551049215116622,0.0752356461795385,16,120,0.043443087110628976,1500,240,2.180383873608139e-05,3.8206390902650715e-08,0.8824688418531855,0.8702019797824544,0.8262471054441192,0.8215158989766139,0.8310401449521544,0.9442892055950071,COMPLETE
2252,0.8387205555050673,2026-06-01 15:21:06.543646,2026-06-01 15:21:40.416014,0 days 00:00:33.872368,balanced,0.6561689489743672,0.01866029638200954,16,10,0.017409524546909996,1500,240,2.638815045325214e-05,2.8179038262283897e-08,0.8850236124986413,0.8791488624796621,0.8387205555050673,0.8314085203482747,0.8461865126550027,0.950715433715386,COMPLETE
2253,0.8346866866457225,2026-06-01 15:21:40.428522,2026-06-01 15:21:59.562396,0 days 00:00:19.133874,balanced,0.6504052204230095,0.018168600750651374,16,20,0.03814505299683832,800,240,3.82317083210603e-05,3.4984866311753986e-08,0.8928216901489602,0.8744809268673257,0.8346866866457225,0.8168977794620234,0.8532925655398902,0.9489213761211258,COMPLETE
2254,0.8347921482624038,2026-06-01 15:21:59.574744,2026-06-01 15:22:34.329315,0 days 00:00:34.754571,,0.6500492376353818,0.01702689350515006,16,10,0.019912850698418805,1500,240,3.2353622318253136e-05,6.175304856269848e-08,0.8815363906017261,0.8814723062517364,0.8347921482624038,0.8652897138372418,0.8063812921125644,0.9507547708700729,COMPLETE
2255,0.8377194040122067,2026-06-01 15:22:34.341501,2026-06-01 15:23:10.587459,0 days 00:00:36.245958,balanced,0.6622164906061023,0.018099135079675123,16,10,0.0624614780107214,1600,240,1.794861954572127e-05,5.013067768695878e-08,0.895334784204123,0.8783919003333004,0.8377194040122067,0.8303618949338669,0.8452239397542608,0.9500240386544533,COMPLETE
2256,0.8385064393596083,2026-06-01 15:23:10.608393,2026-06-01 15:23:43.959807,0 days 00:00:33.351414,balanced,0.667427342546076,0.025023173944960203,16,10,0.016449537862574967,1500,240,1.8313224190605437e-05,4.0992430587117075e-08,0.8785786629953073,0.8795799113311124,0.8385064393596083,0.8352255997594226,0.8418266236339959,0.9507600152499842,COMPLETE
2257,0.8373116475521011,2026-06-01 15:23:43.972602,2026-06-01 15:24:20.254242,0 days 00:00:36.281640,balanced,0.6615472197829095,0.019045823618349063,12,10,0.036869488693062336,1600,240,4.283625868527679e-05,5.8599774807339246e-08,0.8862679462453993,0.877824183780371,0.8373116475521011,0.8282287114634368,0.8466111771700358,0.9500373795334873,COMPLETE
2258,0.8394230617938079,2026-06-01 15:24:20.267190,2026-06-01 15:24:58.053778,0 days 00:00:37.786588,balanced,0.6726334221973836,0.017082072077122,16,20,0.0008165026060251313,1600,240,1.6126738919191525e-05,3.1476121223946305e-08,0.9051108072810337,0.8794222038513512,0.8394230617938079,0.8303836012726382,0.8486778778098637,0.9511112597613085,COMPLETE
2259,0.8060895711071767,2026-06-01 15:24:58.066437,2026-06-01 15:25:08.145185,0 days 00:00:10.078748,balanced,0.6555050651831468,0.020078758614174456,4,10,0.047969786857509876,1500,240,4.990193623059564e-05,7.68939669602596e-08,0.8770392797770238,0.8495011505044844,0.8060895711071767,0.772827519339542,0.8423645320197045,0.9342994259341469,COMPLETE
2260,0.8184242320353237,2026-06-01 15:25:08.157347,2026-06-01 15:25:23.461356,0 days 00:00:15.304009,balanced,0.650028464896685,0.018536188443129164,6,10,0.0860334223924122,1600,176,2.4809778964047853e-05,7.139964099371875e-08,0.8766418036042932,0.8599409402646739,0.8184242320353237,0.7891425977984365,0.8499801823226317,0.9418698133517417,COMPLETE
2261,0.8377556489935062,2026-06-01 15:25:23.474468,2026-06-01 15:25:59.755634,0 days 00:00:36.281166,balanced,0.664960235537015,0.021888390676123127,16,20,0.017692841611412834,1600,232,1.538301762680788e-05,5.5781102730541784e-08,0.9011161241799384,0.8785285720139334,0.8377556489935062,0.8311482642564197,0.8444878545948701,0.950244537183627,COMPLETE
2262,0.8403841161162423,2026-06-01 15:25:59.768505,2026-06-01 15:26:35.303593,0 days 00:00:35.535088,balanced,0.6698487225464,0.02010461423149074,16,10,4.27785295044345e-05,1600,240,2.3139216044923067e-05,4.916527399693809e-08,0.8897403722368002,0.8808204909361845,0.8403841161162423,0.836005341209528,0.8448275862068965,0.9517264568462993,COMPLETE
2263,0.8376203498390349,2026-06-01 15:26:35.315432,2026-06-01 15:27:11.031500,0 days 00:00:35.716068,balanced,0.6611128716091941,0.017966555112340243,16,10,0.034519969600647904,1600,232,1.3259241746425808e-05,6.981969818804206e-08,0.8797324473729066,0.8782341988222705,0.8376203498390349,0.8297055283730402,0.8457052262046316,0.9503560312240578,COMPLETE
