number,value,datetime_start,datetime_complete,duration,params_class_weight,params_colsample_bytree,params_learning_rate,params_max_depth,params_min_child_samples,params_min_split_gain,params_n_estimators,params_num_leaves,params_reg_alpha,params_reg_lambda,params_subsample,user_attrs_accuracy,user_attrs_f1,user_attrs_precision,user_attrs_recall,user_attrs_roc_auc,state
0,0.8150198631173063,2026-05-31 14:35:45.179529,2026-05-31 14:36:04.928251,0 days 00:00:19.748722,,0.7243186887373967,0.13125830316209655,10,180,0.3042422429595377,900,192,4.329370014459266e-07,4.4734294104626844e-07,0.9413549242801476,0.8676156899897135,0.8150198631173063,0.8470462713325686,0.7853462431345903,0.9419830999122096,COMPLETE
1,0.8039084483390546,2026-05-31 14:36:04.967954,2026-05-31 14:36:25.378145,0 days 00:00:20.410191,,0.6727680575448478,0.05243180891902853,8,110,0.8083973481164611,800,48,3.4671276804481113,4.905556676028774,0.7096834432905521,0.861128940983004,0.8039084483390546,0.8451137472030736,0.7665477606024574,0.9358141068355893,COMPLETE
2,0.805669191425943,2026-05-31 14:36:25.400495,2026-05-31 14:36:45.064529,0 days 00:00:19.664034,,0.9212964881763901,0.03293513898890987,6,40,0.5978999788110851,1500,40,2.854239907497756,1.1309571585271483,0.9893546197175955,0.8616546108073916,0.805669191425943,0.8421186364283324,0.7722665760715701,0.9361649041936948,COMPLETE
3,0.7884098668258522,2026-05-31 14:36:45.083804,2026-05-31 14:36:58.304652,0 days 00:00:13.220848,balanced,0.9202856692538302,0.011302939920362371,6,20,0.8154614284548342,600,96,6.143857495033091e-07,1.1212412169964432e-08,0.9954104278101811,0.8377787513220865,0.7884098668258522,0.764493176365506,0.8138836985448163,0.9248281460511723,COMPLETE
4,0.798327513768569,2026-05-31 14:36:58.323239,2026-05-31 14:37:22.901276,0 days 00:00:24.578037,balanced,0.8152752238066823,0.012220339394068061,4,120,0.7607850486168974,1600,104,1.1921975182604538e-07,0.02625445968759339,0.9605244599017143,0.8436662476517727,0.798327513768569,0.7662294086632649,0.8332484004303268,0.9295146074493545,COMPLETE
5,0.8240959869326582,2026-05-31 14:37:22.925990,2026-05-31 14:38:09.444984,0 days 00:00:46.518994,,0.7300793579220679,0.0411890249732573,14,80,0.16122128725400442,1100,120,4.929685216887945e-08,4.052873758065144e-06,0.914442898490067,0.8735872714865786,0.8240959869326582,0.8526482821337781,0.797406715361531,0.9458368517706082,COMPLETE
6,0.8189841101526225,2026-05-31 14:38:09.471193,2026-05-31 14:38:29.326565,0 days 00:00:19.855372,,0.9512557041397203,0.1059051751308571,10,80,0.417411003148779,1400,208,1.1549659339590204e-08,0.00039511700681839584,0.9363051680728727,0.8702440278373809,0.8189841101526225,0.8496652881736813,0.7904422173149879,0.9436377516860673,COMPLETE
7,0.8214386523825574,2026-05-31 14:38:29.347723,2026-05-31 14:38:57.615786,0 days 00:00:28.268063,,0.8633475168929639,0.12851323643357537,8,60,0.27864646423661144,900,96,0.0003342806277473177,2.906088000706637e-08,0.6629104315740865,0.8708748345446923,0.8214386523825574,0.8443090386034395,0.7997848366457165,0.942496066008771,COMPLETE
8,0.8124122831505955,2026-05-31 14:38:57.646356,2026-05-31 14:39:10.369566,0 days 00:00:12.723210,balanced,0.9423558734562333,0.03763926317321749,6,100,0.040775141554763916,500,256,7.709400093120135e-06,4.771628167351996e-07,0.681601419519043,0.8549050333546142,0.8124122831505955,0.7813432014352503,0.846073268784327,0.9380193170354448,COMPLETE
9,0.8071313820184622,2026-05-31 14:39:10.391376,2026-05-31 14:39:21.695552,0 days 00:00:11.304176,,0.7402795697003045,0.040019178531852884,10,170,0.5552008115994623,300,72,0.008706756810730947,0.2264643274129281,0.9570687736833434,0.8634103386897293,0.8071313820184622,0.8484927181791745,0.7696336560783648,0.9380981254124073,COMPLETE
10,0.827291092211996,2026-05-31 14:39:21.717195,2026-05-31 14:41:05.151746,0 days 00:01:43.434551,balanced,0.7943739172642001,0.06912418901831752,14,140,0.012311169564937496,2000,144,3.404677878190553e-05,9.8772669960681e-05,0.847724438118725,0.8710850980310584,0.827291092211996,0.8231962409024041,0.8314364984995186,0.9445239276190273,COMPLETE
11,0.8250017988986335,2026-05-31 14:41:05.180884,2026-05-31 14:42:36.572824,0 days 00:01:31.391940,balanced,0.7891247007616717,0.06956809991431485,14,140,0.06058447424501824,2000,152,4.077156737293246e-05,3.078561519283311e-05,0.8484593945871591,0.8691190990356423,0.8250017988986335,0.8193371624577438,0.8307570352754657,0.9437103213221163,COMPLETE
12,0.8274306236073145,2026-05-31 14:42:36.587575,2026-05-31 14:43:55.215654,0 days 00:01:18.628079,balanced,0.7971764563279595,0.07164184364231801,14,140,0.004526047818687359,2000,160,0.00012849617790740154,0.00020130017124212726,0.8243938548735952,0.8714846187167234,0.8274306236073145,0.8252308150187578,0.8296529075363797,0.944703233507581,COMPLETE
13,0.8230616993374217,2026-05-31 14:43:55.242109,2026-05-31 14:45:03.942890,0 days 00:01:08.700781,balanced,0.857782397858081,0.07395534292940058,-1,150,0.18796720634018882,2000,160,0.004783646643245595,0.0008538828365286069,0.7784161216904628,0.867352855574914,0.8230616993374217,0.8154812719884744,0.8307853462431346,0.9425339512775791,COMPLETE
14,0.8167012364971251,2026-05-31 14:45:03.957748,2026-05-31 14:45:31.133246,0 days 00:00:27.175498,balanced,0.7772685746916635,0.0215478174181853,14,140,0.9772664655950779,1800,176,0.00266607574673308,0.006253862738283622,0.8417982234979593,0.8590683316257289,0.8167012364971251,0.7898985987632532,0.845422116527943,0.940360005675036,COMPLETE
15,0.8267199239081919,2026-05-31 14:45:31.155288,2026-05-31 14:46:27.233752,0 days 00:00:56.078464,balanced,0.8671513929760117,0.08099809739025919,12,160,0.00264458094853907,1700,232,0.09603376914630732,3.258910886311095e-05,0.7819461886306869,0.8700653067754364,0.8267199239081919,0.8189359934086854,0.8346639488137705,0.9441832729073959,COMPLETE
16,0.8248654242762159,2026-05-31 14:46:27.249285,2026-05-31 14:46:51.602878,0 days 00:00:24.353593,balanced,0.9924138830890543,0.05647591864119495,16,140,0.4166497460312325,1300,136,9.818423787664185e-06,3.658460509749842e-05,0.8849329385726933,0.866038684164109,0.8248654242762159,0.8016303543042952,0.8494988958722609,0.9437933735394055,COMPLETE
17,0.8286005253326847,2026-05-31 14:46:51.621556,2026-05-31 14:48:00.568907,0 days 00:01:08.947351,balanced,0.6712641320630133,0.0249597202800098,14,120,0.15398354835119885,1900,208,0.00016963068460383886,0.0035128414874586763,0.7828111967634739,0.8699811970701394,0.8286005253326847,0.8116325481107521,0.8462997565256781,0.9457338888115602,COMPLETE
18,0.8275074953729306,2026-05-31 14:48:00.595517,2026-05-31 14:49:05.427279,0 days 00:01:04.831762,balanced,0.6552574240689906,0.023172659533104482,14,120,0.173389711057562,1800,216,0.00037024014643026785,0.006101318011831723,0.7726657281619702,0.8688562772214982,0.8275074953729306,0.8088241653807641,0.8470924636204065,0.9454978868366285,COMPLETE
19,0.828539614187537,2026-05-31 14:49:05.445888,2026-05-31 14:50:15.742762,0 days 00:01:10.296874,balanced,0.6513811657763247,0.02142260706114638,16,120,0.17167636673965464,1800,224,0.1831629426289818,0.015491212212904898,0.7432676552169944,0.8698760654927545,0.828539614187537,0.8112343658443847,0.8466111771700356,0.9454693629123652,COMPLETE
20,0.8270444570620272,2026-05-31 14:50:15.760855,2026-05-31 14:51:09.850294,0 days 00:00:54.089439,balanced,0.6962588970049589,0.017411363244986548,16,80,0.31696757234235184,1200,256,0.17699817899671394,0.05294054339532663,0.7419067306954842,0.8682570089594538,0.8270444570620272,0.8069376354132275,0.8481965913594927,0.9452575216067395,COMPLETE
21,0.8287062523200227,2026-05-31 14:51:09.866468,2026-05-31 14:52:21.549015,0 days 00:01:11.682547,balanced,0.6508210350981951,0.02456233249294694,16,120,0.15638297874008808,1800,224,0.07279679312151724,0.0031869249185641564,0.7624257122329756,0.8700968588161473,0.8287062523200227,0.8119722836986095,0.8461582016873338,0.9455531393969814,COMPLETE
22,0.827596294524808,2026-05-31 14:52:21.575033,2026-05-31 14:53:33.993323,0 days 00:01:12.418290,balanced,0.6912700759803678,0.02874670914766369,16,120,0.13615213125275444,1800,232,0.12783927417578847,0.0018358616030283719,0.729833965935458,0.8695711843494133,0.827596294524808,0.8127686698673767,0.8429873733084197,0.9453556044734454,COMPLETE
23,0.8256525863060539,2026-05-31 14:53:34.010440,2026-05-31 14:54:33.092361,0 days 00:00:59.081921,balanced,0.6617184608444362,0.015072024478372968,16,100,0.2231815637033503,1500,192,0.7970631768494225,0.15476800762521156,0.8072416285873447,0.8669638690370264,0.8256525863060539,0.804236711410832,0.8482532132948304,0.9446810132532569,COMPLETE
24,0.8247836350910487,2026-05-31 14:54:33.109251,2026-05-31 14:55:27.335167,0 days 00:00:54.225916,balanced,0.7014460837361285,0.02379471903876306,16,120,0.4304385650404294,1700,232,0.024820103869633636,0.006018109365965776,0.7406398688988912,0.8664382018654083,0.8247836350910487,0.8041627888741297,0.8464979332993602,0.9439897572093923,COMPLETE
25,0.8295865109857218,2026-05-31 14:55:27.346770,2026-05-31 14:56:53.119017,0 days 00:01:25.772247,balanced,0.7540772982742417,0.017188289228017125,-1,90,0.10297173747528443,1800,208,0.5472274043748346,0.036866638778430876,0.7086202780288013,0.8710430536236901,0.8295865109857218,0.8145006370773302,0.8452522507219298,0.9463846491959296,COMPLETE
26,0.8139793038160118,2026-05-31 14:56:53.140677,2026-05-31 14:57:33.558153,0 days 00:00:40.417476,balanced,0.7532377215649545,0.01567410558632454,-1,60,0.09745503597067229,1600,192,9.3048612807507,0.48284485740228955,0.6959388720646078,0.8568920631752155,0.8139793038160118,0.7868301493917657,0.8431006171790952,0.9387783598744531,COMPLETE
27,0.8255866835768332,2026-05-31 14:57:33.577380,2026-05-31 14:58:29.480038,0 days 00:00:55.902658,balanced,0.7638653403034409,0.028014039108213037,-1,90,0.2652753711064126,1400,176,0.001277905947970373,9.69326727782934,0.7999565171615718,0.8673213167980505,0.8255866835768332,0.8065166248598551,0.8455919823339562,0.9444412696005468,COMPLETE
28,0.807858678586599,2026-05-31 14:58:29.498697,2026-05-31 14:58:48.608257,0 days 00:00:19.109560,balanced,0.7110902886722632,0.018448769038062567,4,50,0.35423005858731715,1900,16,0.025414852593531562,0.0017521319122661449,0.7620214478867081,0.8508258527471049,0.807858678586599,0.7743252104166686,0.8444595436272011,0.9348608032130362,COMPLETE
29,0.8182180058999263,2026-05-31 14:58:48.629024,2026-05-31 14:59:19.527434,0 days 00:00:30.898410,balanced,0.6747661986379686,0.013113547224987273,12,180,0.10846833020697322,1100,208,0.49427246344114656,0.04986068034318578,0.7195545275852726,0.8602353104719711,0.8182180058999263,0.7913513395196857,0.8470075307174,0.9412643762901629,COMPLETE
30,0.8279249161355193,2026-05-31 14:59:19.538404,2026-05-31 15:00:26.869518,0 days 00:01:07.331114,balanced,0.7221342238757762,0.027478109123843884,-1,90,0.2376400365972675,1600,184,1.3427606285157528e-06,1.2283267045795911,0.670151014826941,0.8699181225007783,0.8279249161355193,0.8136621998567323,0.8427042636317309,0.9450793937474681,COMPLETE
31,0.8285924530288807,2026-05-31 15:00:26.888081,2026-05-31 15:01:41.649656,0 days 00:01:14.761575,balanced,0.6807326547430635,0.02000654039778093,16,110,0.10703767552453494,1800,216,0.5352137769503201,0.019959560838671925,0.7484262546316073,0.8699286350948032,0.8285924530288807,0.8113591468129936,0.8465828662023668,0.9460663363998026,COMPLETE
32,0.8274839487669627,2026-05-31 15:01:41.668723,2026-05-31 15:02:56.773540,0 days 00:01:15.104817,balanced,0.6818942372713508,0.01883765014018114,16,100,0.09619088431015821,1900,248,1.5673654785194675,0.10220372555328487,0.7009231920784648,0.8688037062930647,0.8274839487669627,0.8085881433986181,0.8472906403940886,0.9453524947932482,COMPLETE
33,0.8111454390147674,2026-05-31 15:02:56.789196,2026-05-31 15:03:25.507445,0 days 00:00:28.718249,balanced,0.6751036907336615,0.014532434504870769,8,110,0.31403140627501874,1700,200,6.7503491226406895,0.013984243939773081,0.7595527130234481,0.8542111524095376,0.8111454390147674,0.7815748335247624,0.8430723062114263,0.9369117731058444,COMPLETE
34,0.8265411810152165,2026-05-31 15:03:25.524750,2026-05-31 15:04:59.180533,0 days 00:01:33.655783,,0.7152391493185389,0.03144121405141806,-1,110,0.09232935584567971,1900,240,0.025800038003941313,0.0013708027882741343,0.7132858900751032,0.8745860531391716,0.8265411810152165,0.8496983247749004,0.8046260121170942,0.9451612274024388,COMPLETE
35,0.7931200525037972,2026-05-31 15:04:59.199100,2026-05-31 15:05:13.817704,0 days 00:00:14.618604,balanced,0.7432927881678684,0.010039344243328705,4,70,0.22966642605585724,1500,216,1.6371863906434576,0.0027866978884361184,0.8056634106659137,0.8400706745550881,0.7931200525037972,0.7631758816200916,0.8255195062567239,0.9262796338807305,COMPLETE
36,0.8252812870107852,2026-05-31 15:05:13.837505,2026-05-31 15:05:35.802389,0 days 00:00:21.964884,balanced,0.6514268421257393,0.04616181926939425,16,10,0.7166858581350684,900,176,0.0011030047988397605,1.0581761344362963,0.6921136615922019,0.8670690165310284,0.8252812870107852,0.8061097544044266,0.8453938055602741,0.9441827534971395,COMPLETE
37,0.8105427571605056,2026-05-31 15:05:35.812160,2026-05-31 15:05:57.601095,0 days 00:00:21.788935,,0.832335298360007,0.023718432747844964,6,130,0.34876005742032556,1600,208,0.6696364441780283,0.00048316656653012976,0.7579107148402475,0.8651450383996512,0.8105427571605056,0.8473440141735274,0.7768246418662589,0.94006350670069,COMPLETE
38,0.8272241202041396,2026-05-31 15:05:57.619751,2026-05-31 15:06:46.185666,0 days 00:00:48.565915,balanced,0.6901454463785259,0.03304269938147567,10,110,0.1971480173088952,1900,128,0.046349931358272506,0.024453861007349552,0.7946852681246942,0.8683306044127447,0.8272241202041396,0.8067327813468631,0.8487911216805392,0.9452623613217588,COMPLETE
39,0.8134962941412619,2026-05-31 15:06:46.201249,2026-05-31 15:07:11.257694,0 days 00:00:25.056445,,0.7245854929718791,0.019863432036282106,8,30,0.6422089922261306,1400,240,0.3908699373342852,1.9389491198788769,0.8221042316910477,0.867342336017369,0.8134962941412619,0.8510959487973627,0.779089519279769,0.9408824852216219,COMPLETE
40,0.8233117348853373,2026-05-31 15:07:11.278095,2026-05-31 15:08:03.121785,0 days 00:00:51.843690,balanced,0.6689716463799124,0.01673296500013393,12,90,0.1353556272378309,1700,200,2.951288450871281,0.21441667919430893,0.7287905034793036,0.8647665770564438,0.8233117348853373,0.7996644039023021,0.8484230791008436,0.9435317233972258,COMPLETE
41,0.8279284091780376,2026-05-31 15:08:03.149146,2026-05-31 15:09:13.081879,0 days 00:01:09.932733,balanced,0.6535278693340303,0.021058858531563862,16,130,0.14893064356988395,1800,224,0.26787878585868685,0.010117230946750088,0.7439004715275217,0.8691716729484414,0.8279284091780376,0.8092066343034907,0.8475454391031084,0.945532891421034,COMPLETE
42,0.827456739558739,2026-05-31 15:09:13.096977,2026-05-31 15:10:24.585614,0 days 00:01:11.488637,balanced,0.7039630704448414,0.013310084409506219,16,130,0.06742995596331998,1800,224,0.012586320922825843,0.034523348296187584,0.6508808106255635,0.8683621395420502,0.827456739558739,0.8061088469736427,0.8499801823226317,0.9459869149100603,COMPLETE
43,0.827126571239298,2026-05-31 15:10:24.603142,2026-05-31 15:11:31.605036,0 days 00:01:07.001894,balanced,0.6772702853443509,0.026366545445782808,16,110,0.274926302297427,1900,216,0.06540681591497631,0.01850677774072054,0.782141902473142,0.8687511390121894,0.827126571239298,0.8095344389649508,0.8455070494309496,0.9447751845247224,COMPLETE
44,0.8291078429563913,2026-05-31 15:11:31.622068,2026-05-31 15:12:44.134068,0 days 00:01:12.512000,balanced,0.6671743014738551,0.03644472274459887,16,70,0.04134945282323277,1700,248,1.739303493836578,0.0001855378750999094,0.7129821372134896,0.871148183543094,0.8291078429563913,0.8168771376313405,0.8417133797633203,0.9454940906274935,COMPLETE
45,0.8186199038927816,2026-05-31 15:12:44.165733,2026-05-31 15:13:07.728289,0 days 00:00:23.562556,,0.7409648691124959,0.03610529805315651,6,70,0.0419488533883243,1600,256,1.4994806331482302,5.228151632487521e-06,0.7135437598951029,0.8701599078526021,0.8186199038927816,0.8505386510199221,0.789026668931544,0.9433775969358251,COMPLETE
46,0.827480905172043,2026-05-31 15:13:07.749620,2026-05-31 15:14:32.192918,0 days 00:01:24.443298,balanced,0.6877671729729834,0.055134345124278394,14,80,0.048664239378601114,2000,240,0.00021995519633275792,0.00012178360401989557,0.8738112145347415,0.8713689519967728,0.827480905172043,0.824291608703772,0.830700413340128,0.9449830825423206,COMPLETE
47,0.8165753518823339,2026-05-31 15:14:32.211460,2026-05-31 15:14:54.247028,0 days 00:00:22.035568,balanced,0.6680385982036146,0.04707093868219594,-1,70,0.4828076025853523,1500,112,5.528086557078313,0.0004891693812902098,0.6813767769107199,0.8590052484348668,0.8165753518823339,0.7899159853245289,0.8451106958835853,0.9396815675283023,COMPLETE
48,0.8077130822013987,2026-05-31 15:14:54.278649,2026-05-31 15:15:09.704828,0 days 00:00:15.426179,balanced,0.7719229203518091,0.03433320690251488,4,50,0.9620007090596054,1700,72,2.7543410930226897,9.248166627946286e-05,0.7618014926792017,0.8508153341843484,0.8077130822013987,0.774676886278154,0.8437234584678105,0.9344335718416672,COMPLETE
49,0.8296443989152252,2026-05-31 15:15:09.738070,2026-05-31 15:15:50.066036,0 days 00:00:40.327966,balanced,0.8959435311453247,0.024897165374806338,14,100,0.13062327962947096,1000,248,4.7679497115423216e-05,0.00360962151254299,0.728011391108276,0.8701914698411989,0.8296443989152252,0.8091960165903892,0.8511692429647245,0.9464672472428451,COMPLETE
50,0.823810260612634,2026-05-31 15:15:50.094225,2026-05-31 15:16:18.831061,0 days 00:00:28.736836,,0.8969899252859894,0.030652306854839873,14,90,0.20603479976820713,700,248,8.696486097948629e-05,1.1858119579591492e-05,0.7254493622100051,0.8738501082225513,0.823810260612634,0.8557564850720359,0.7941792650472793,0.9456552367764819,COMPLETE
51,0.8295652042590036,2026-05-31 15:16:18.850202,2026-05-31 15:16:58.665354,0 days 00:00:39.815152,balanced,0.8164809886018319,0.024947409958899297,14,100,0.12326143913889946,1000,248,1.1949001174570546e-05,0.00498218797569409,0.7508897871844744,0.8701704287365318,0.8295652042590036,0.8093532289211893,0.850829511352698,0.9464882465806911,COMPLETE
52,0.830898375992745,2026-05-31 15:16:58.686431,2026-05-31 15:17:43.591204,0 days 00:00:44.904773,balanced,0.8282505298293721,0.025719055241059902,14,100,0.024908923684895126,1100,248,7.73649835836055e-06,0.0034332870307860375,0.705320179692767,0.8714740882165043,0.830898375992745,0.8123619866911165,0.8503199139346583,0.9472817870346072,COMPLETE
53,0.8304107004325657,2026-05-31 15:17:43.618722,2026-05-31 15:18:24.396799,0 days 00:00:40.778077,balanced,0.8220328745594125,0.04071723378176638,14,100,0.03268964244118949,1000,256,6.800824242619146e-06,0.0006101380134310662,0.683700182196491,0.8716002479663048,0.8304107004325657,0.8149122298240896,0.846526244267029,0.9468578131159474,COMPLETE
54,0.8315087338843017,2026-05-31 15:18:24.406504,2026-05-31 15:19:05.601522,0 days 00:00:41.195018,balanced,0.8088264189139359,0.04242797278343924,14,100,0.010531392439008328,1000,256,2.7221244841633876e-06,0.0007938164000716758,0.6807088738215652,0.8725359520651711,0.8315087338843017,0.8166334231368152,0.8469509087820621,0.9470554582035932,COMPLETE
55,0.8310299103319799,2026-05-31 15:19:05.628097,2026-05-31 15:19:46.226045,0 days 00:00:40.597948,balanced,0.8199706654075486,0.041316236851957434,14,100,0.005348189286620831,1000,256,2.093026446992359e-06,0.0007044797386204447,0.6774355103020717,0.8720838800152477,0.8310299103319799,0.8156031342801389,0.8470641526527376,0.9471034240334556,COMPLETE
56,0.8317108974253539,2026-05-31 15:19:46.250862,2026-05-31 15:20:30.755518,0 days 00:00:44.504656,balanced,0.8399389719233057,0.04303643549013519,14,80,0.00792602266388108,1000,256,1.2788909138358948e-06,0.00103486181363299,0.6696417438998639,0.8732193214110112,0.8317108974253539,0.8201542525200654,0.843610214597135,0.9473590961007837,COMPLETE
57,0.8331706684028655,2026-05-31 15:20:30.780567,2026-05-31 15:21:06.078405,0 days 00:00:35.297838,balanced,0.8365793702978152,0.04259142857881616,14,80,0.00100646630835333,800,256,1.3068011989147187e-06,0.0006089306972587648,0.6695457670708723,0.8737975518843503,0.8331706684028655,0.8182813082015804,0.8486212558745257,0.9476342703557051,COMPLETE
58,0.8325859999776745,2026-05-31 15:21:06.106720,2026-05-31 15:21:42.731140,0 days 00:00:36.624420,balanced,0.8373038822390209,0.0415878176229881,14,80,0.0018741565150705217,800,256,1.3047002486104075e-06,5.468325221756207e-05,0.6519948629667025,0.8733034238211919,0.8325859999776745,0.8173933388036652,0.8483664571655058,0.9477440025552872,COMPLETE
59,0.8318821586410842,2026-05-31 15:21:42.750157,2026-05-31 15:22:18.594120,0 days 00:00:35.843963,balanced,0.8444988698098773,0.06377789874347174,14,80,0.008409852251966778,800,256,2.230499060185629e-07,3.2103212930889857e-07,0.6561990519479393,0.8735977890545463,0.8318821586410842,0.8218947215921073,0.8421380442783534,0.9465216515897293,COMPLETE
60,0.8316975531877153,2026-05-31 15:22:18.614175,2026-05-31 15:22:56.841853,0 days 00:00:38.227678,balanced,0.8442613601731173,0.06309546423464242,14,60,4.058085816511549e-05,800,256,1.377398382713374e-07,4.924451474445063e-07,0.6504518686667565,0.8739972924972094,0.8316975531877153,0.8251371221249203,0.838372685578393,0.9469826027287782,COMPLETE
