number,value,datetime_start,datetime_complete,duration,params_class_weight,params_colsample_bytree,params_learning_rate,params_max_depth,params_min_child_samples,params_min_split_gain,params_n_estimators,params_num_leaves,params_reg_alpha,params_reg_lambda,params_subsample,user_attrs_accuracy,user_attrs_f1,user_attrs_precision,user_attrs_recall,user_attrs_roc_auc,state
1715,0.8357424990414986,2026-06-01 10:26:33.095625,2026-06-01 10:27:09.397987,0 days 00:00:36.302362,balanced,0.6504539962192707,0.019049320868892668,12,20,0.061319846498889566,1800,200,2.1593744063863306e-05,1.0639871994139545e-06,0.8297887746177439,0.8762682021480277,0.8357424990414986,0.824197542086047,0.8476303720061152,0.9491508885093646,COMPLETE
1716,0.8389000528734641,2026-06-01 10:27:09.409960,2026-06-01 10:27:44.943318,0 days 00:00:35.533358,balanced,0.6572759771065246,0.02030037738353405,16,10,0.01702685735656003,1800,200,3.2656592958959515e-05,7.622064831235694e-07,0.8255266981720843,0.8794852903581752,0.8389000528734641,0.8329625903034445,0.8449408300775719,0.9506622775172353,COMPLETE
1717,0.8404777318561926,2026-06-01 10:27:44.955307,2026-06-01 10:28:20.694518,0 days 00:00:35.739211,balanced,0.6500126766513867,0.019125715556600635,16,10,0.0002596180288083692,1800,208,1.4453513902440248e-05,1.2332054037616619e-06,0.873167584343533,0.8806627970518672,0.8404777318561926,0.8345424912720553,0.846526244267029,0.9515799104873374,COMPLETE
1718,0.8380460641560217,2026-06-01 10:28:20.705966,2026-06-01 10:28:56.441976,0 days 00:00:35.736010,balanced,0.6545296870926823,0.02132673276324594,16,10,0.0368274394179099,1800,200,1.4200383803131616e-05,1.52048530133999e-06,0.8730285577504331,0.8787808971506698,0.8380460641560217,0.8316569725783843,0.8445444765302078,0.9503244749148383,COMPLETE
1719,0.8337529809922066,2026-06-01 10:28:56.453149,2026-06-01 10:29:37.362658,0 days 00:00:40.909509,balanced,0.6512163998561964,0.020383955107462402,16,80,0.03459168398760917,1800,200,1.3079892607119701e-05,1.6737059581806685e-06,0.8794385041166503,0.874312714751848,0.8337529809922066,0.8193334090713019,0.8487061887775326,0.9481989175645138,COMPLETE
1720,0.8269708568109921,2026-06-01 10:29:37.374297,2026-06-01 10:29:56.250005,0 days 00:00:18.875708,balanced,0.6565143913114763,0.02016022908545595,16,20,0.6985539084281333,1800,200,1.1124449739269947e-05,1.4515368539792704e-06,0.8686556273638179,0.8680046941021994,0.8269708568109921,0.8057204048204625,0.8493856520015853,0.9449572936501451,COMPLETE
1721,0.810881209978762,2026-06-01 10:29:56.260801,2026-06-01 10:30:07.558441,0 days 00:00:11.297640,balanced,0.6512540509304705,0.023215885355434358,4,10,0.00038105425779294837,1800,192,1.8995834800312807e-05,9.961676588057141e-07,0.8754607004601177,0.8530021112497327,0.810881209978762,0.7763724652491667,0.8486212558745257,0.9373323619816015,COMPLETE
1722,0.8388351276724498,2026-06-01 10:30:07.570363,2026-06-01 10:30:43.562866,0 days 00:00:35.992503,balanced,0.6588994607967626,0.022107286307389694,16,10,0.01767724784015331,1800,208,9.704318281856898e-06,2.03449838258352e-06,0.8846511518945072,0.8796745326356458,0.8388351276724498,0.83451750586331,0.8432138610497707,0.9508132324361487,COMPLETE
1723,0.8210905980662796,2026-06-01 10:30:43.574918,2026-06-01 10:30:59.723048,0 days 00:00:16.148130,balanced,0.6592373441663802,0.01932615359008174,6,20,0.05104479836101802,1800,200,1.5595485141536423e-05,1.2134875100790416e-06,0.8628422035090738,0.8620541377933844,0.8210905980662796,0.7920367521336441,0.8523866145744862,0.9430773263399649,COMPLETE
1724,0.8374744788112399,2026-06-01 10:30:59.733935,2026-06-01 10:31:25.039308,0 days 00:00:25.305373,balanced,0.6508618442233801,0.040778705234047675,8,10,0.00015357594135410413,1800,208,2.313792081074755e-05,2.389134902897774e-06,0.8709235664539876,0.8776875084521797,0.8374744788112399,0.8266802003771251,0.848564633939188,0.949406498922282,COMPLETE
1725,0.8401858334364891,2026-06-01 10:31:25.051837,2026-06-01 10:32:00.168595,0 days 00:00:35.116758,balanced,0.6617453334633366,0.019346432678202827,16,10,0.00015739292318378057,1800,208,9.483375759969364e-06,9.063331989667144e-07,0.9012991691214737,0.8804735507952425,0.8401858334364891,0.8344182333742153,0.8460449578166581,0.951727233933346,COMPLETE
1726,0.8342594315345147,2026-06-01 10:32:00.179509,2026-06-01 10:32:34.904289,0 days 00:00:34.724780,,0.6507287779517772,0.018480344811103912,16,10,0.03220322136708643,1800,200,1.733442839742973e-05,1.4163266407694566e-06,0.8904371163157193,0.880967661946995,0.8342594315345147,0.863793176430971,0.806692712756922,0.9505847049812278,COMPLETE
1727,0.8394888745809804,2026-06-01 10:32:34.915053,2026-06-01 10:33:10.857514,0 days 00:00:35.942461,balanced,0.6503964369500324,0.020838179749174717,16,10,0.01587241384629978,1800,208,1.098901371143322e-05,8.068655528223259e-07,0.8789078887556205,0.8800109631669285,0.8394888745809804,0.8341166630643735,0.8449408300775721,0.9508799270331286,COMPLETE
1728,0.8364118259908961,2026-06-01 10:33:10.878361,2026-06-01 10:33:47.676757,0 days 00:00:36.798396,balanced,0.9687039739361709,0.01949362463217475,16,20,0.05717034553907169,1800,208,2.6789191134797816e-05,2.3844989634298645e-06,0.8695150824619002,0.8775297993144374,0.8364118259908961,0.8298325421574929,0.8431006171790951,0.9495353039921653,COMPLETE
1729,0.8380424669319092,2026-06-01 10:33:47.688847,2026-06-01 10:34:23.949012,0 days 00:00:36.260165,balanced,0.6611104502800008,0.021803854013095585,16,10,0.034947655478535,1800,208,3.0305409055153023e-05,1.2317563963582897e-06,0.8610428382266532,0.8789491042922046,0.8380424669319092,0.8328065217049415,0.843355415888115,0.9505334270887658,COMPLETE
1730,0.8392265120702188,2026-06-01 10:34:23.961096,2026-06-01 10:35:01.542153,0 days 00:00:37.581057,balanced,0.6591256763230452,0.01855039060529895,16,10,0.017703162857689903,1800,208,7.854432850510287e-06,6.625245836145458e-07,0.8771454740989654,0.879611457403092,0.8392265120702188,0.8324745183495157,0.8461015797519961,0.950825686994886,COMPLETE
1731,0.8377256493057345,2026-06-01 10:35:01.553746,2026-06-01 10:35:39.870128,0 days 00:00:38.316382,balanced,0.6500360543436092,0.019621772714027753,16,20,0.018396920141309014,1800,208,1.4053025782784888e-05,1.7777927773471902e-06,0.8638866819493405,0.878381383760121,0.8377256493057345,0.8302685619019242,0.8453371836249364,0.950270681300705,COMPLETE
1732,0.8368239864651811,2026-06-01 10:35:39.891010,2026-06-01 10:36:12.997651,0 days 00:00:33.106641,balanced,0.6612619240245073,0.04808284733734976,16,10,0.0003641418680389497,1800,192,2.01009035628568e-05,9.82874085494793e-07,0.8727887929534971,0.8796219610440198,0.8368239864651811,0.8425492969735786,0.8311816997904988,0.9503874615320028,COMPLETE
1733,0.8365441779908479,2026-06-01 10:36:13.009680,2026-06-01 10:36:36.651624,0 days 00:00:23.641944,balanced,0.6630550908524426,0.018388519769717507,16,10,0.043726284944345335,1200,200,4.044846683487589e-05,6.056571404812582e-07,0.8835442513739659,0.8766571886859155,0.8365441779908479,0.823591901187839,0.849923560387294,0.9499431885933793,COMPLETE
1734,0.8382253429345957,2026-06-01 10:36:36.663760,2026-06-01 10:37:17.439886,0 days 00:00:40.776126,balanced,0.6576260807156389,0.020564322953246148,16,20,0.017099371177496003,1800,208,7.2861226006981206e-06,1.4056908142250821e-06,0.8579482296108002,0.8788650005556392,0.8382253429345957,0.8315259029398899,0.8450540739482474,0.950316471754575,COMPLETE
1735,0.8286027399196866,2026-06-01 10:37:17.473953,2026-06-01 10:37:39.811417,0 days 00:00:22.337464,balanced,0.6665810210542108,0.0189740363600729,16,10,0.6004037859194731,1800,200,1.193212985707644e-05,2.5531467768153095e-06,0.8649118462552542,0.8695606734133691,0.8286027399196866,0.8091292366333275,0.849045920389559,0.9459565347016277,COMPLETE
1736,0.8240627300327744,2026-06-01 10:37:39.823195,2026-06-01 10:37:59.168727,0 days 00:00:19.345532,balanced,0.650073261220155,0.018246760092121925,10,10,0.6394348314614562,1800,208,2.3829349694657046e-05,8.939133316648935e-07,0.8972434739194572,0.8654289328201007,0.8240627300327744,0.8008988101071736,0.8486212558745257,0.9439811373777443,COMPLETE
1737,0.8402435612057193,2026-06-01 10:37:59.188996,2026-06-01 10:38:36.315573,0 days 00:00:37.126577,balanced,0.6570776227333541,0.019568614473540386,16,10,0.00032895831656928876,1800,208,3.8501238787419704e-05,5.171208868169501e-07,0.8163028291959769,0.8806417609211429,0.8402435612057193,0.8353400584193187,0.8452239397542608,0.9514089170169764,COMPLETE
1738,0.8359977566875653,2026-06-01 10:38:36.327773,2026-06-01 10:39:14.658054,0 days 00:00:38.330281,balanced,0.6660307609305341,0.01797770388383718,16,20,0.07195625517112561,1700,208,1.5731329433143215e-05,1.4597812171768191e-06,0.8832399521941264,0.8765100120379697,0.8359977566875653,0.8247743241371417,0.8475454391031084,0.9494362530093392,COMPLETE
1739,0.8403944135280587,2026-06-01 10:39:14.670171,2026-06-01 10:39:51.186747,0 days 00:00:36.516576,balanced,0.6642042346566497,0.020997820967973667,16,10,2.5161554144770515e-05,1800,200,7.027134086981786e-06,7.011114820197128e-07,0.8535881306965709,0.8807153596903957,0.8403944135280587,0.8352216436521093,0.8456486042692939,0.9516564780433964,COMPLETE
1740,0.8383534261716986,2026-06-01 10:39:51.202669,2026-06-01 10:40:34.986222,0 days 00:00:43.783553,balanced,0.6569919297972705,0.02259401319703745,16,10,0.03367019341274544,1800,200,7.426709284308929e-06,2.0542226659481303e-06,0.8721105561036947,0.8792224556117795,0.8383534261716986,0.8333901814546468,0.8433837268557839,0.9504341149887718,COMPLETE
1741,0.830685226361204,2026-06-01 10:40:34.999998,2026-06-01 10:41:17.936270,0 days 00:00:42.936272,balanced,0.6613348035938349,0.059527140629611064,16,20,0.032644748098549656,1800,192,6.4795238079273e-06,1.0536341585637404e-06,0.8571471001236421,0.8748488815852395,0.830685226361204,0.8347052190478141,0.8267085668988167,0.9470976828258036,COMPLETE
1742,0.8386465869610343,2026-06-01 10:41:17.949165,2026-06-01 10:41:55.788168,0 days 00:00:37.839003,balanced,0.6563178673112594,0.02355197282292077,16,10,0.018413775421070703,1700,200,4.98162852282863e-06,8.50960381897452e-07,0.8639816605119873,0.8794747737849961,0.8386465869610343,0.8339226937869039,0.8434403487911216,0.950827113322661,COMPLETE
1743,0.8328280436533156,2026-06-01 10:41:55.800324,2026-06-01 10:42:25.536703,0 days 00:00:29.736379,balanced,0.6650044599314089,0.021435247943863152,16,10,0.3330082667567904,1800,200,8.506173520840073e-06,3.543964228956766e-06,0.8771944436888328,0.8734716365998619,0.8328280436533156,0.8175404461626629,0.8487061887775323,0.9474534690081535,COMPLETE
1744,0.8368549280201668,2026-06-01 10:42:25.558303,2026-06-01 10:43:11.022911,0 days 00:00:45.464608,balanced,0.6565441451047264,0.022001305352689314,12,10,0.05038210756062513,1800,192,5.2959169893605075e-06,1.7794586076315577e-06,0.8686562989815755,0.8776875077889872,0.8368549280201668,0.8291195275871815,0.8447426533038899,0.9498114408057682,COMPLETE
1745,0.8363308200402417,2026-06-01 10:43:11.035289,2026-06-01 10:43:48.068563,0 days 00:00:37.033274,,0.6633619704487106,0.020644719999031766,16,20,9.743079986824784e-05,1700,192,9.353837580273618e-06,5.374614468815576e-07,0.8865596126208997,0.8820400310945707,0.8363308200402417,0.8626663866207517,0.8115621991959685,0.9511356497547262,COMPLETE
1746,0.8381520739765032,2026-06-01 10:43:48.079912,2026-06-01 10:44:28.558795,0 days 00:00:40.478883,balanced,0.6500146817745038,0.023244206120634475,16,10,0.018213418675093195,1800,200,6.138898729776083e-06,1.2366003190219544e-06,0.8540684037706568,0.8791593734157059,0.8381520739765032,0.8338002868573269,0.8425627087933866,0.950726532195501,COMPLETE
1747,0.8099197792493191,2026-06-01 10:44:28.579812,2026-06-01 10:44:40.709493,0 days 00:00:12.129681,balanced,0.666105844970831,0.021537117581123054,4,10,0.03375445958490209,1800,192,1.1248508828371688e-05,7.520790602918627e-07,0.8296967811720719,0.8523397710710968,0.8099197792493191,0.7758628224960251,0.8471207745880754,0.9366028593043186,COMPLETE
1748,0.8214431955898363,2026-06-01 10:44:40.721741,2026-06-01 10:44:57.410942,0 days 00:00:16.689201,balanced,0.6502481833744351,0.02097933409355509,6,10,0.061668172189213694,1700,200,4.586865466523817e-06,2.3422449279674787e-06,0.8436428518219665,0.8623905666666863,0.8214431955898363,0.7927159968024986,0.8523583036068173,0.9432624675849183,COMPLETE
1749,0.8391225720240021,2026-06-01 10:44:57.432172,2026-06-01 10:45:43.728436,0 days 00:00:46.296264,balanced,0.6613683608843993,0.020286476670639274,16,20,0.00040191199836556293,1800,200,1.0214835632245851e-05,4.935002291611094e-07,0.8200458084788083,0.8795063268204957,0.8391225720240021,0.8321965353114583,0.8461865126550027,0.9507918172864643,COMPLETE
1750,0.8400200651844499,2026-06-01 10:45:43.741431,2026-06-01 10:46:21.710237,0 days 00:00:37.968806,balanced,0.6681235312814909,0.024853711804424368,16,10,0.00026714776161157103,1700,208,6.5485767354031075e-06,1.1959934679930375e-06,0.8497865346383954,0.8808204849674531,0.8400200651844499,0.8375096630578464,0.8425627087933867,0.9515319477477995,COMPLETE
1751,0.8402942852659147,2026-06-01 10:46:21.722323,2026-06-01 10:46:58.492619,0 days 00:00:36.770296,balanced,0.6579631071686544,0.020360952718860008,16,10,3.0733532033162384e-05,1800,192,4.470864628952801e-06,8.218163414115874e-07,0.8938829813038739,0.8804209868303291,0.8402942852659147,0.833634228457826,0.8470924636204066,0.9516394048201279,COMPLETE
1752,0.8298765010429231,2026-06-01 10:46:58.504135,2026-06-01 10:47:20.831153,0 days 00:00:22.327018,balanced,0.6712752010062449,0.021751286858317925,8,20,0.1326180931974286,1700,200,1.4520108677181405e-05,2.78072559944273e-06,0.8594486289771797,0.8700653296555735,0.8298765010429231,0.8076578792197241,0.8533774984428968,0.9465056306810243,COMPLETE
1753,0.8383730714693414,2026-06-01 10:47:20.852081,2026-06-01 10:48:00.986189,0 days 00:00:40.134108,balanced,0.6615147194906467,0.019531726611384345,16,10,0.032792898949521615,1800,208,8.69238983597893e-06,1.6102755203244886e-06,0.9082958180358528,0.8790121798563545,0.8383730714693414,0.8318981339833614,0.8449691410452408,0.9506034067793422,COMPLETE
1754,0.838561081812069,2026-06-01 10:48:00.998471,2026-06-01 10:48:40.539516,0 days 00:00:39.541045,balanced,0.6570838170476619,0.019844556932691052,16,10,0.019325169248312343,1800,208,3.1867842171951593e-06,4.489607169176884e-07,0.8105759210545069,0.8793275948158769,0.838561081812069,0.8332880961911574,0.8439216352414926,0.9507854454927719,COMPLETE
1755,0.8372850848008637,2026-06-01 10:48:40.551388,2026-06-01 10:49:21.974769,0 days 00:00:41.423381,balanced,0.6659783886711803,0.019199997575787754,16,10,0.04685425949095112,1800,200,1.3358968100338162e-05,6.600871333651745e-07,0.8314171269036983,0.878171122263332,0.8372850848008637,0.8306303106508465,0.8440631900798369,0.9502713399500187,COMPLETE
1756,0.837988282744861,2026-06-01 10:49:21.997102,2026-06-01 10:50:04.996948,0 days 00:00:42.999846,balanced,0.6700617337048046,0.020861289575924653,16,20,0.00022816864486975208,1700,192,3.991994057189799e-06,1.4228259271619033,0.8245602857209464,0.8778767447609187,0.837988282744861,0.8258690299862682,0.8504897797406715,0.9501215926212895,COMPLETE
1757,0.8366914144173071,2026-06-01 10:50:05.009036,2026-06-01 10:50:46.716693,0 days 00:00:41.707657,balanced,0.6562871135318414,0.019092976964073246,16,10,0.0863039219675206,1800,208,7.365391570720832e-06,1.372849310688232e-06,0.8758085086929385,0.8775192890415857,0.8366914144173071,0.828666365772872,0.8448842081422342,0.949597529782119,COMPLETE
1758,0.8386109416913925,2026-06-01 10:50:46.729259,2026-06-01 10:51:23.885571,0 days 00:00:37.156312,balanced,0.6629655559105279,0.022978912142595714,16,10,0.020959921993102013,1700,200,1.6704871504761635e-05,1.061424070033634e-06,0.8437852860434216,0.879327586194376,0.8386109416913925,0.8330422074390796,0.844261366853519,0.9506865726262747,COMPLETE
1759,0.8374893783091686,2026-06-01 10:51:23.898108,2026-06-01 10:52:11.856375,0 days 00:00:47.958267,balanced,0.6504908919863417,0.020530529480858904,16,20,0.0333344586534502,1800,208,6.255822274273024e-06,5.24174607927364e-07,0.8635042340087243,0.878181626235856,0.8374893783091686,0.8298801133277106,0.8452522507219297,0.9499739353608737,COMPLETE
1760,0.8385881890935711,2026-06-01 10:52:11.868597,2026-06-01 10:52:54.195215,0 days 00:00:42.326618,balanced,0.6700721970762542,0.018641919423725107,16,10,0.020400462234895753,1800,208,9.742897657571631e-06,5.310028233524405e-06,0.8884125997646893,0.8791278339756502,0.8385881890935711,0.831796176844743,0.8455070494309496,0.9508953075525436,COMPLETE
1761,0.8370555447848714,2026-06-01 10:52:54.206973,2026-06-01 10:53:32.617859,0 days 00:00:38.410886,balanced,0.657536908970087,0.0217475746531568,16,10,0.048789516937816926,1700,200,4.0502008798979936e-05,1.941111398084695e-06,0.8373988839135702,0.8781711192789664,0.8370555447848714,0.8315443656752873,0.8426476416963932,0.9500307851151399,COMPLETE
1762,0.8309340404390357,2026-06-01 10:53:32.630233,2026-06-01 10:54:24.115252,0 days 00:00:51.485019,balanced,0.6740922101864694,0.019819977974622347,16,140,0.034119927420056345,1800,208,1.9062721278180938e-05,9.124685028332959e-07,0.8540418173300879,0.8716738467355576,0.8309340404390357,0.8134322283095341,0.8492157861955721,0.9472815064392163,COMPLETE
1763,0.830407933998551,2026-06-01 10:54:24.128573,2026-06-01 10:54:56.916025,0 days 00:00:32.787452,balanced,0.6655746841570798,0.018532936166211572,10,90,0.0003659070420627789,1700,216,4.157417815319207e-06,7.082070662140322e-07,0.8157853875282068,0.8702019731505305,0.830407933998551,0.8065602959183448,0.8557273087594134,0.9474893522340081,COMPLETE
1764,0.8338551528079811,2026-06-01 10:54:56.938857,2026-06-01 10:55:46.375782,0 days 00:00:49.436925,,0.6568511644779335,0.01918848697951192,16,20,0.01841309155584189,1800,200,3.470479323238314e-05,3.312594441869632e-06,0.8703225791375296,0.8804735279151054,0.8338551528079811,0.861793599304097,0.8076835966253326,0.950353711349527,COMPLETE
1765,0.8406713197313165,2026-06-01 10:55:46.390261,2026-06-01 10:56:40.217321,0 days 00:00:53.827060,balanced,0.650584703854381,0.01786405287463879,16,10,9.950290438923635e-05,1800,216,1.1452908247764325e-05,3.9271081373478833e-07,0.8254321522255703,0.8808309978930743,0.8406713197313165,0.8348569219516345,0.8465828662023668,0.9516283075632721,COMPLETE
1766,0.8365698740146897,2026-06-01 10:56:40.232484,2026-06-01 10:57:32.247807,0 days 00:00:52.015323,balanced,0.6512857169720405,0.020288984025213157,16,10,0.06496548253504376,1800,208,1.0555196415814373e-05,3.6511458111283015e-07,0.8373570922186316,0.8777190422551003,0.8365698740146897,0.8304758836346352,0.8427608855670687,0.9499375696689777,COMPLETE
1767,0.8343670471759573,2026-06-01 10:57:32.270100,2026-06-01 10:58:26.597129,0 days 00:00:54.327029,balanced,0.6502092428883384,0.0287847250093584,16,10,0.10393235205469577,1800,216,6.886069976898216e-06,3.655691139288756e-07,0.8294289207882644,0.8766677132174033,0.8343670471759573,0.8322494127218242,0.8365041617122473,0.9486387334896426,COMPLETE
1768,0.8378995818001105,2026-06-01 10:58:26.610030,2026-06-01 10:59:20.200808,0 days 00:00:53.590778,balanced,0.6506902691056001,0.01848577135595456,16,20,0.02026565264879281,1800,208,1.1349584301505884e-05,4.0337109432023445e-07,0.8456586497003462,0.8783077859856568,0.8378995818001105,0.8290802820605582,0.8469225978143934,0.9502496668717649,COMPLETE
1769,0.8374843197980862,2026-06-01 10:59:20.214326,2026-06-01 11:00:08.942778,0 days 00:00:48.728452,balanced,0.6560473670919793,0.021028325954697145,16,10,0.04799508211095615,1700,216,6.0215394046800405e-06,3.2238242779813545e-07,0.8288680908695306,0.8784760020802885,0.8374843197980862,0.8318697941257073,0.8431855500821017,0.9501742395729623,COMPLETE
1770,0.8374357470187391,2026-06-01 11:00:08.965021,2026-06-01 11:00:39.777724,0 days 00:00:30.812703,balanced,0.6501088673908113,0.01948134164059407,16,10,0.019861207297897334,1800,112,1.3655325528595852e-05,4.658363429114241e-07,0.8796804621093802,0.8768674644413407,0.8374357470187391,0.8214891483705337,0.8540286506992808,0.9501920140584423,COMPLETE
1771,0.8369302467397192,2026-06-01 11:00:39.790170,2026-06-01 11:01:20.000829,0 days 00:00:40.210659,balanced,0.6600362724348544,0.018015641671873323,16,20,0.03269385610989389,1800,200,8.623360803358035e-06,5.257423547475479e-07,0.8357925417620615,0.8774141581273933,0.8369302467397192,0.8270264665454571,0.8470924636204066,0.9499667629752394,COMPLETE
1772,0.8353031144956558,2026-06-01 11:01:20.011913,2026-06-01 11:01:39.971529,0 days 00:00:19.959616,balanced,0.6582904579072967,0.022660217858080475,16,10,0.0002274041324670813,1800,72,4.151009047404898e-06,3.212512924127589e-07,0.8519521931459264,0.8746911966540193,0.8353031144956558,0.8158665614930661,0.8556989977917445,0.9496200696313242,COMPLETE
1773,0.8393179445674659,2026-06-01 11:01:39.983315,2026-06-01 11:02:14.960619,0 days 00:00:34.977304,balanced,0.6564220806281555,0.01940128073374074,16,10,0.018282693037189036,1800,192,1.411498048082768e-05,5.500848994715028e-07,0.8601103697144121,0.8795588821639081,0.8393179445674659,0.8317530183139551,0.8470358416850688,0.9509572706849418,COMPLETE
1774,0.8377056138015165,2026-06-01 11:02:14.973082,2026-06-01 11:02:50.155903,0 days 00:00:35.182821,balanced,0.6620694798668274,0.018187186124342034,12,10,0.0509922115116106,1700,216,7.515928392360622e-06,4.606386920443221e-07,0.8447393137626269,0.8779398262938,0.8377056138015165,0.8274015801519994,0.8482815242624993,0.9497801040368655,COMPLETE
1775,0.8374011778906109,2026-06-01 11:02:50.166775,2026-06-01 11:03:26.062950,0 days 00:00:35.896175,balanced,0.6503754399595344,0.020439940852360165,16,20,0.019467565165831865,1700,208,1.0395439816083321e-05,2.7717390194501036e-07,0.8682314117587976,0.8780344373188512,0.8374011778906109,0.8292435404345938,0.8457335371723006,0.9502956826662606,COMPLETE
