number,value,datetime_start,datetime_complete,duration,params_class_weight,params_colsample_bytree,params_learning_rate,params_max_depth,params_min_child_samples,params_min_split_gain,params_n_estimators,params_num_leaves,params_reg_alpha,params_reg_lambda,params_subsample,user_attrs_accuracy,user_attrs_f1,user_attrs_precision,user_attrs_recall,user_attrs_roc_auc,state
922,0.8373873040195603,2026-06-01 01:49:29.140854,2026-06-01 01:50:16.225053,0 days 00:00:47.084199,balanced,0.8857057162401553,0.011366159396958692,14,20,0.03457146820851233,2000,240,9.169711148734175e-05,2.674683730865108e-07,0.7472257811807453,0.8775718526749031,0.8373873040195603,0.8262389742922451,0.8488477436158769,0.9498091437195656,COMPLETE
923,0.8390783351065242,2026-06-01 01:50:16.235902,2026-06-01 01:51:01.732765,0 days 00:00:45.496863,balanced,0.8882407258777961,0.014170730574112365,14,10,0.0001348153250223924,2000,240,1.680537173709137e-05,8.698331296278227e-08,0.7486097598997706,0.8796009418247014,0.8390783351065242,0.8330077163429371,0.8452522507219297,0.951082510854596,COMPLETE
924,0.8377582219892012,2026-06-01 01:51:01.742394,2026-06-01 01:51:43.116058,0 days 00:00:41.373664,balanced,0.8829468439490876,0.01188638487971578,14,10,0.04881559740490103,1900,232,0.00014473391210287047,6.789820527483975e-08,0.7733383257665324,0.8781606153064424,0.8377582219892012,0.828664250334345,0.8470641526527377,0.9501563208351635,COMPLETE
925,0.8173942085583245,2026-06-01 01:51:43.126966,2026-06-01 01:51:59.880810,0 days 00:00:16.753844,balanced,0.8803805449125089,0.010943901451215626,6,20,0.019757801379863837,2000,240,5.245036407770765e-06,6.057242883900068e-08,0.7494425737578044,0.8589001191786552,0.8173942085583245,0.786867693852361,0.8504048468376649,0.9408956326076039,COMPLETE
926,0.8383419036009684,2026-06-01 01:51:59.891444,2026-06-01 01:52:42.913345,0 days 00:00:43.021901,balanced,0.8908792658781607,0.012441138994942959,14,10,0.01779888174238666,1900,240,0.000180393592193375,5.062134540219776e-07,0.7427838638984803,0.8787283268854288,0.8383419036009684,0.8301036490991643,0.8467527320083801,0.9504786571383376,COMPLETE
927,0.8377423968705603,2026-06-01 01:52:42.923896,2026-06-01 01:53:28.865343,0 days 00:00:45.941447,balanced,0.8979389071243223,0.010013660479644236,14,10,0.03510948602134317,2000,240,3.4462954524996915e-05,1.082479171692436e-07,0.7565982199145571,0.8779608547978118,0.8377423968705603,0.827393195451768,0.848366457165506,0.9502464299943997,COMPLETE
928,0.8343089608631171,2026-06-01 01:53:28.876014,2026-06-01 01:54:00.668313,0 days 00:00:31.792299,balanced,0.769205965410421,0.011641413027235722,14,10,0.08198102684036783,2000,136,1.3337235327026762e-05,2.458694171964069e-07,0.765021416761143,0.8743127107726938,0.8343089608631171,0.8172526569020926,0.8521035048977974,0.9488691637543502,COMPLETE
929,0.8319092191346139,2026-06-01 01:54:00.679339,2026-06-01 01:54:21.484031,0 days 00:00:20.804692,balanced,0.8734915340066934,0.01371800245784889,10,20,0.017843117248076728,1300,248,0.0001207466661216786,6.010122190102497e-08,0.8179598446310303,0.871757969373106,0.8319092191346139,0.8104625038793088,0.8545382481173207,0.9478310752788075,COMPLETE
930,0.8371336768107162,2026-06-01 01:54:21.495041,2026-06-01 01:54:50.887896,0 days 00:00:29.392855,balanced,0.8776736112113079,0.012541360731250475,14,10,0.0006239274045784773,2000,128,5.501590041192044e-05,4.7123413644416426e-08,0.7465193641528025,0.8765520657300314,0.8371336768107162,0.8206518501960804,0.8543117603759697,0.9501601542872552,COMPLETE
931,0.8281887344420941,2026-06-01 01:54:50.897805,2026-06-01 01:55:14.160697,0 days 00:00:23.262892,balanced,0.8824031923581648,0.015360394403503064,14,10,0.772789348447374,1900,240,0.006749478872090148,2.0063423467443058e-07,0.7547574029514588,0.8694240037223131,0.8281887344420941,0.809781940225764,0.847460506200102,0.9456834070123105,COMPLETE
932,0.8319895262473364,2026-06-01 01:55:14.171598,2026-06-01 01:55:38.954614,0 days 00:00:24.783016,balanced,0.8711157617090745,0.0118336088689881,14,10,0.04927827966838181,2000,88,2.9194599341529927e-06,1.080737844128927e-07,0.7390515360136158,0.8719051632640538,0.8319895262473364,0.8110815850822806,0.8540286506992808,0.9479630819125217,COMPLETE
933,0.8362987720016187,2026-06-01 01:55:38.965136,2026-06-01 01:56:24.803472,0 days 00:00:45.838336,balanced,0.8859979817160208,0.010976985798441294,14,20,0.03422206306673065,2000,232,0.00023279518589004527,1.162841262350587e-07,0.7374743399514745,0.8766887377422609,0.8362987720016187,0.8247680035184656,0.8481682803918238,0.9497223516733904,COMPLETE
934,0.8386401261836455,2026-06-01 01:56:24.814004,2026-06-01 01:57:08.175815,0 days 00:00:43.361811,balanced,0.8678422418124737,0.013249443785826494,14,10,0.01755987360426874,1900,248,6.997062746901599e-06,1.030806283202103e-06,0.7868069798934714,0.8791173137549128,0.8386401261836455,0.8315116244163542,0.8459034029783137,0.9507174981171307,COMPLETE
935,0.8390533357846829,2026-06-01 01:57:08.185678,2026-06-01 01:57:57.199061,0 days 00:00:49.013383,balanced,0.8781335128830732,0.01285193029179192,16,20,0.00024345026557098234,2000,248,0.01945496169482229,1.717967384525404e-08,0.74613258299353,0.8793486077348677,0.8390533357846829,0.831394731846216,0.8468659758790555,0.9506606544665474,COMPLETE
936,0.8315660423416796,2026-06-01 01:57:57.208774,2026-06-01 01:58:33.080415,0 days 00:00:35.871641,balanced,0.9038951254518468,0.012227370286711581,14,120,0.0003086082615988667,1900,240,0.0044327497763088815,5.0214425091266915e-08,0.7415750813682941,0.8715056399256191,0.8315660423416796,0.8101680792622181,0.8541418945699565,0.9477696882251093,COMPLETE
937,0.8376392712975521,2026-06-01 01:58:33.091911,2026-06-01 01:59:19.836898,0 days 00:00:46.744987,balanced,0.8739176201272348,0.011250706720778282,14,10,0.058945956628728244,2000,248,0.00026682228279000935,2.4315548227454646e-08,0.7698664738761,0.8780975354315421,0.8376392712975521,0.8287275563199059,0.8467527320083801,0.9500789634469277,COMPLETE
938,0.8377846013862754,2026-06-01 01:59:19.847389,2026-06-01 02:00:04.293740,0 days 00:00:44.446351,balanced,0.8939438836554026,0.014028041514791227,14,10,0.03216664851350808,2000,232,0.008906805481125183,3.7882970030954886e-07,0.7520130863350335,0.8784865193166603,0.8377846013862754,0.8307275025492067,0.844969141045241,0.9503586864707008,COMPLETE
939,0.8290428176412599,2026-06-01 02:00:04.304972,2026-06-01 02:00:45.576125,0 days 00:00:41.271153,,0.8884751396494083,0.04661268250524467,12,10,0.018300683873534958,1900,240,0.00012001053384661406,1.5032328634291124e-08,0.7354207156142559,0.87649949115404,0.8290428176412599,0.8530216496037366,0.8063812921125644,0.947935438288893,COMPLETE
940,0.792004995615872,2026-06-01 02:00:45.586804,2026-06-01 02:00:52.766505,0 days 00:00:07.179701,balanced,0.8663260169137503,0.011930464905938593,4,20,0.035995113458042,1100,248,0.00030394860901262653,8.480619029381753e-08,0.7614881814208581,0.8393873008984972,0.792004995615872,0.7628814435775659,0.8234528056168959,0.9257896834192364,COMPLETE
941,0.8307596206001339,2026-06-01 02:00:52.777371,2026-06-01 02:01:41.833739,0 days 00:00:49.056368,balanced,0.8798751364528943,0.06097078307173933,14,10,0.00041382988166549484,2000,248,2.188580712418206e-05,4.0794120951958684e-08,0.7455524486200634,0.8755322622053502,0.8307596206001339,0.839053060891822,0.8226317875544987,0.947504994530645,COMPLETE
942,0.8294451119120693,2026-06-01 02:01:41.844728,2026-06-01 02:02:22.459594,0 days 00:00:40.614866,balanced,0.8702124674946693,0.05195975263460789,14,10,0.06913657792290785,1900,256,0.0001780889596148292,1.8075333190784506e-07,0.8011244193145955,0.8743547521956966,0.8294451119120693,0.8362852250418191,0.8227167204575053,0.9467167799823701,COMPLETE
943,0.834208162148626,2026-06-01 02:02:22.471272,2026-06-01 02:02:49.754700,0 days 00:00:27.283428,balanced,0.8780284634129448,0.01274521463279288,14,20,0.02055068209272536,2000,104,8.787252653897934e-05,3.998216500436162e-06,0.7785002887913339,0.873734477314989,0.834208162148626,0.8140689895484706,0.8553875771473868,0.9489475178124235,COMPLETE
944,0.8372710995424177,2026-06-01 02:02:49.773061,2026-06-01 02:03:35.851252,0 days 00:00:46.078191,balanced,0.8646959518465128,0.01070897635297003,14,10,0.04405853885617112,2000,240,0.002972787662427191,4.262780531714729e-08,0.7347917533321796,0.8777295651286071,0.8372710995424177,0.8277640281759032,0.8470075307174,0.9500510526086486,COMPLETE
945,0.8388322833103602,2026-06-01 02:03:35.861969,2026-06-01 02:04:18.932103,0 days 00:00:43.070134,balanced,0.8909977656966306,0.01355339512889567,14,10,0.019095354899838615,1900,248,0.00039653318288693695,8.205140840207265e-08,0.7904409682257212,0.879306571285808,0.8388322833103602,0.8319919408324568,0.8457901591076382,0.9507537435103571,COMPLETE
946,0.8301069493916994,2026-06-01 02:04:18.942137,2026-06-01 02:04:44.389893,0 days 00:00:25.447756,balanced,0.8824665752943328,0.011468497264033447,8,10,0.00015027719357172536,2000,256,4.117487559255754e-05,6.445212411672964e-08,0.7391220147618233,0.8699181367594143,0.8301069493916994,0.8059977961263951,0.8557273087594134,0.9470996671065892,COMPLETE
947,0.8385688416095887,2026-06-01 02:04:44.399962,2026-06-01 02:05:27.594170,0 days 00:00:43.194208,balanced,0.8734174757717171,0.012107406323162926,14,20,0.00028720113270423156,1900,232,0.0022405366326645514,1.280716604598467e-07,0.7538576044992049,0.8784444705985414,0.8385688416095887,0.8273138825550106,0.8501500481286449,0.9505483708289709,COMPLETE
948,0.8380982290159178,2026-06-01 02:05:27.605100,2026-06-01 02:06:15.907731,0 days 00:00:48.302631,balanced,0.9024697640836201,0.01296017943898642,14,10,0.03336486917673743,2000,256,0.00019917551539102568,2.154800262486416e-08,0.7308765574503829,0.8789491178876485,0.8380982290159178,0.832581323102683,0.8436951475001416,0.9502527236104509,COMPLETE
949,0.837338634514534,2026-06-01 02:06:15.918688,2026-06-01 02:07:01.543346,0 days 00:00:45.624658,balanced,0.8597077694397427,0.014632233779967517,14,10,0.054834629171352435,2000,240,0.004950921871075376,3.4100644163817126e-08,0.746750818850713,0.8784024135905176,0.837338634514534,0.8319669286811209,0.8427891965347376,0.9500104447961156,COMPLETE
950,0.8181286951908292,2026-06-01 02:07:01.553180,2026-06-01 02:07:17.770092,0 days 00:00:16.216912,balanced,0.8680616053683825,0.012360928039993233,6,10,0.018554952098454876,1900,248,0.00031028365453867636,7.418804251857374e-08,0.7398991504761102,0.8594573307642719,0.8181286951908292,0.7875271533123595,0.8512258649000622,0.9415119035026723,COMPLETE
951,0.8375029567016075,2026-06-01 02:07:17.780766,2026-06-01 02:08:07.209807,0 days 00:00:49.429041,balanced,0.8752893103182997,0.011445457297605377,14,20,0.018439820084330438,2000,256,0.011662913038041737,4.003529926286825e-08,0.7306422702385745,0.8778241738324852,0.8375029567016075,0.8274369067434395,0.8478285487797973,0.9498736217694833,COMPLETE
952,0.837670490731235,2026-06-01 02:08:07.220524,2026-06-01 02:08:54.343102,0 days 00:00:47.122578,balanced,0.8841613502688803,0.01061123244664652,14,10,0.03928387475377073,2000,248,0.0017813430535941256,1.289984293055873e-07,0.7579133922708859,0.8780554833974611,0.837670490731235,0.8283294263451241,0.8472340184587509,0.9503058241196917,COMPLETE
953,0.8364621568624965,2026-06-01 02:08:54.353806,2026-06-01 02:09:36.955447,0 days 00:00:42.601641,balanced,0.8615593144260891,0.013676735387212495,14,10,0.09642714773662212,1900,240,0.00015819949613313122,2.546894191510762e-08,0.7453251657827272,0.8774667254082686,0.8364621568624965,0.8292206413982747,0.843836702338486,0.9495890174447185,COMPLETE
954,0.8171622875146521,2026-06-01 02:09:36.965430,2026-06-01 02:09:57.627267,0 days 00:00:20.661837,balanced,0.8711035319709938,0.012019394398271599,10,130,0.8404702420478057,2000,248,0.00038490222991570383,2.38080794216354e-07,0.841663093691139,0.8592575782139499,0.8171622875146521,0.7894683909595314,0.8468942868467245,0.9407059800911353,COMPLETE
955,0.8375768229116765,2026-06-01 02:09:57.638349,2026-06-01 02:10:43.825807,0 days 00:00:46.187458,balanced,0.8893338096523111,0.012910202121217658,14,20,0.017514497436298328,2000,232,0.0005356197420778899,1.0065003343509984e-05,0.7386513508202489,0.8779713660654519,0.8375768229116765,0.8281166940807912,0.8472623294264198,0.9499840323716131,COMPLETE
956,0.8378232387061381,2026-06-01 02:10:43.836420,2026-06-01 02:11:31.520907,0 days 00:00:47.684487,balanced,0.8598092443949765,0.011088098625108227,14,10,0.03668201198741727,2000,256,0.0035914480093213945,5.143117752704076e-08,0.7672855453130099,0.8782552243419165,0.8378232387061381,0.8290346017973759,0.8468093539437178,0.9503072437195046,COMPLETE
957,0.8365393833661852,2026-06-01 02:11:31.530843,2026-06-01 02:12:16.789899,0 days 00:00:45.259056,balanced,0.6990392514260481,0.011675159446232016,14,10,0.06215622890652077,1900,256,0.00022241829946413494,7.700733841538392e-08,0.7512386860271345,0.8771828774112859,0.8365393833661852,0.8270649635479742,0.8462431345903404,0.9498110393986728,COMPLETE
958,0.8333887407403212,2026-06-01 02:12:16.809281,2026-06-01 02:13:02.909438,0 days 00:00:46.100157,,0.8802703598024539,0.012487028031083392,14,20,0.015554755781701565,2000,240,7.493299838031464e-05,1.4076196855104024e-08,0.8080009186689309,0.8801476318631959,0.8333887407403212,0.861372480447364,0.8071739992072929,0.9502212651740966,COMPLETE
959,0.8394186878715045,2026-06-01 02:13:02.919385,2026-06-01 02:13:46.793568,0 days 00:00:43.874183,balanced,0.8656489753509817,0.014119008491069125,14,10,0.0007362923433041072,1900,248,0.006987963570382167,9.777537744414937e-05,0.7306438681206778,0.8798427487302775,0.8394186878715045,0.833261314100533,0.8456769152369628,0.9509062058010974,COMPLETE
960,0.8380418441655261,2026-06-01 02:13:46.804276,2026-06-01 02:14:28.681960,0 days 00:00:41.877684,balanced,0.8582581740179348,0.016072017547037513,14,10,0.015349711589271575,1800,256,0.00969978206033291,2.888712059545398e-05,0.7303045710595175,0.8789806443954529,0.8380418441655261,0.8330239462521981,0.843128928146764,0.9504220048416522,COMPLETE
961,0.837986709159754,2026-06-01 02:14:28.691803,2026-06-01 02:15:16.116182,0 days 00:00:47.424379,balanced,0.8733994178711776,0.01436058980588335,14,10,0.01690550045763979,1900,248,0.007281847671107293,5.235303167549277e-05,0.7283098743123888,0.8787808868711879,0.837986709159754,0.8318943577467716,0.8441764339505125,0.9504170673492626,COMPLETE
962,0.8380840994309701,2026-06-01 02:15:16.127080,2026-06-01 02:16:02.903428,0 days 00:00:46.776348,balanced,0.894334807637752,0.015496795133324638,14,20,0.0006839050414190177,1900,256,0.011754122519788524,0.00014912640035978763,0.7273540032387844,0.8788649962448888,0.8380840994309701,0.8320603584638456,0.8442047449181813,0.9501425286341366,COMPLETE
963,0.8388857890836808,2026-06-01 02:16:02.914578,2026-06-01 02:16:44.034493,0 days 00:00:41.119915,balanced,0.8845716254816266,0.014017691200376178,16,10,0.0003162180077086397,1800,248,0.004744777370145075,2.5117388448219622e-05,0.733630264166952,0.8794747751113808,0.8388857890836808,0.8329301068406368,0.8449408300775719,0.9510900432722963,COMPLETE
964,0.8377989224235964,2026-06-01 02:16:44.045781,2026-06-01 02:17:29.252023,0 days 00:00:45.206242,balanced,0.8652484014322317,0.015301273061294328,14,10,0.03597119752225405,1900,256,0.013656528159493158,0.00013634498074242466,0.7230446672984226,0.8788124286324172,0.8377989224235964,0.8328746970362859,0.8427891965347376,0.950111566011568,COMPLETE
965,0.8322810659770671,2026-06-01 02:17:29.261737,2026-06-01 02:18:00.607727,0 days 00:00:31.345990,balanced,0.8757817039068263,0.014161692333010959,12,20,0.22280501038120407,1900,144,0.0060275983378250495,0.00010403695295310765,0.7164194682559177,0.8729354621397579,0.8322810659770671,0.8162522550456468,0.8489609874865524,0.9477195411373472,COMPLETE
966,0.8374474661976731,2026-06-01 02:18:00.617350,2026-06-01 02:18:45.538217,0 days 00:00:44.920867,balanced,0.8556801836813017,0.014914840060512935,14,10,0.03127676740832538,1900,248,0.017538783722945973,0.14188669224302533,0.734667460676289,0.8783183161542798,0.8374474661976731,0.8309728824822381,0.844034879112168,0.9501510016784364,COMPLETE
967,0.8075242115097439,2026-06-01 02:18:45.548870,2026-06-01 02:18:56.880732,0 days 00:00:11.331862,balanced,0.8660432562761533,0.014995521686259155,4,10,0.018590885720732465,1900,248,0.004396000364991521,0.00010192145114869081,0.7272483920848425,0.8504473645446059,0.8075242115097439,0.7734220142071999,0.8447992752392276,0.9347829355619092,COMPLETE
968,0.8382600233316803,2026-06-01 02:18:56.890777,2026-06-01 02:19:43.551610,0 days 00:00:46.660833,balanced,0.8805055776820422,0.013483249152134648,14,20,0.000366653652433025,1900,256,0.003341198934042669,5.0996583186364086e-05,0.7363493186345856,0.8786231856917542,0.8382600233316803,0.8297255492650691,0.846979219749731,0.9504029567754024,COMPLETE
969,0.8377727378729145,2026-06-01 02:19:43.561619,2026-06-01 02:20:29.177564,0 days 00:00:45.615945,balanced,0.8995981980578067,0.013243526075786346,14,10,0.04700861951162588,1900,256,0.005259498944256728,1.7005200086897728e-05,0.7353826684855183,0.8786126853667885,0.8377727378729145,0.8316369322358691,0.8440065681444991,0.9501493770178779,COMPLETE
970,0.8315258938391802,2026-06-01 02:20:29.188656,2026-06-01 02:20:59.612284,0 days 00:00:30.423628,balanced,0.8578654551025929,0.014044945111422603,14,10,0.5423925639202594,1800,248,0.009712917060652457,6.231873146537198e-05,0.7215596719132408,0.8726726340252862,0.8315258938391802,0.8174256513656465,0.8461298907196649,0.9468557964826059,COMPLETE
971,0.8380910726648922,2026-06-01 02:20:59.623040,2026-06-01 02:21:46.729246,0 days 00:00:47.106206,balanced,0.8711929723547688,0.013413078941407352,14,20,0.0009282483299014436,1900,256,0.01979488484153127,6.612780832574328e-05,0.711461396112885,0.8784234321466439,0.8380910726648922,0.8290701658266298,0.8473189513617575,0.9501706172428968,COMPLETE
972,0.8376095748271754,2026-06-01 02:21:46.748688,2026-06-01 02:22:31.295525,0 days 00:00:44.546837,balanced,0.8905201757806774,0.011438063078519266,14,10,0.0325365321513304,1900,248,0.007015108821558243,5.0113540886335056e-06,0.7242132078039454,0.8780239336779235,0.8376095748271754,0.8283486506791741,0.8470924636204065,0.950198599384548,COMPLETE
973,0.8384539787737096,2026-06-01 02:22:31.306744,2026-06-01 02:23:15.820281,0 days 00:00:44.513537,balanced,0.8768247348263396,0.014865595345936268,14,10,0.017313504840101225,1900,256,0.0022651421116590847,5.265686215884094e-07,0.7759318837324326,0.8792224605857224,0.8384539787737096,0.8329858918890841,0.8440065681444991,0.9506069159648636,COMPLETE
974,0.8372666584964995,2026-06-01 02:23:15.831006,2026-06-01 02:24:03.077211,0 days 00:00:47.246205,balanced,0.8659385836633999,0.01265928329377433,14,10,0.05007744270061861,2000,248,0.0027865295330652736,9.50635803122761e-05,0.7415653411343254,0.8781080423884319,0.8372666584964995,0.8302879655560343,0.8443746107241946,0.9501157323394388,COMPLETE
975,0.8253740148284042,2026-06-01 02:24:03.087763,2026-06-01 02:24:24.850985,0 days 00:00:21.763222,balanced,0.8858864610803686,0.010547988802429187,8,20,0.0010339370797109496,1800,256,0.0016329766647414042,2.448442358154059e-08,0.7309530070960277,0.865786391192203,0.8253740148284042,0.7985545580883381,0.8540852726346188,0.9451957038247073,COMPLETE
976,0.8395442448145102,2026-06-01 02:24:24.861196,2026-06-01 02:25:12.013043,0 days 00:00:47.151847,balanced,0.8588206304669984,0.01431127144677171,14,10,7.679732162644822e-05,2000,248,0.007384611954026337,0.11472909034716339,0.7394061348237514,0.8799268551196127,0.8395442448145102,0.8333145892337338,0.8458750920106449,0.9509232864555686,COMPLETE
977,0.8147070132219896,2026-06-01 02:25:12.022989,2026-06-01 02:25:28.031345,0 days 00:00:16.008356,,0.8549040115609785,0.015447146749846891,6,10,0.2459728422263027,1900,120,0.00893636058233009,1.5597768549476185e-06,0.7420924784340623,0.8679941659231535,0.8147070132219896,0.8508885522596173,0.7814959515316233,0.9417429174156787,COMPLETE
978,0.836621213518324,2026-06-01 02:25:28.051389,2026-06-01 02:26:17.711906,0 days 00:00:49.660517,balanced,0.8597107907299009,0.014513807586603372,14,20,0.031237634652664183,2000,256,0.007109560567266494,0.3024614664668842,0.7404892439902538,0.8774036455333682,0.836621213518324,0.828171733002698,0.8452522507219298,0.9495329581626576,COMPLETE
979,0.8383343688601338,2026-06-01 02:26:17.722656,2026-06-01 02:27:04.913159,0 days 00:00:47.190503,balanced,0.8554281939455503,0.014768322948513263,14,10,0.01719514934708124,2000,248,2.334606203242417e-05,0.13241817155201754,0.7457023716203957,0.8791593757368793,0.8383343688601338,0.8330521872282097,0.8436951475001416,0.9503806523922608,COMPLETE
980,0.8373969771483423,2026-06-01 02:27:04.924196,2026-06-01 02:27:48.831727,0 days 00:00:43.907531,balanced,0.8624086907527163,0.01567423263912421,14,10,0.03366148866144051,1900,248,0.010857902812150353,0.3108023876026833,0.7870994868047984,0.8782552206943585,0.8373969771483423,0.8307292443897211,0.8441764339505123,0.9500865175051662,COMPLETE
981,0.8366646300163755,2026-06-01 02:27:48.842551,2026-06-01 02:28:26.527286,0 days 00:00:37.684735,balanced,0.8559298166746665,0.016113787124793368,10,10,0.0009286978523452885,2000,256,0.01339956229329527,0.6471801182725523,0.7042823818499351,0.8766782158635426,0.8366646300163755,0.8232653679679466,0.8505180907083404,0.9496181809511274,COMPLETE
982,0.837240996302187,2026-06-01 02:28:26.546695,2026-06-01 02:29:12.192489,0 days 00:00:45.645794,balanced,0.8632924263789873,0.014135070368937089,14,10,0.058050972574541414,1900,256,3.838800434410994e-05,0.21055946167707984,0.7370421243913406,0.8780870075840923,0.837240996302187,0.8302653850188847,0.8443462997565258,0.9497370024705897,COMPLETE
