number,value,datetime_start,datetime_complete,duration,params_class_weight,params_colsample_bytree,params_learning_rate,params_max_depth,params_min_child_samples,params_min_split_gain,params_n_estimators,params_num_leaves,params_reg_alpha,params_reg_lambda,params_subsample,user_attrs_accuracy,user_attrs_f1,user_attrs_precision,user_attrs_recall,user_attrs_roc_auc,state
738,0.8304896400867988,2026-05-31 23:50:34.259716,2026-05-31 23:51:12.020474,0 days 00:00:37.760758,balanced,0.8797144031798925,0.011703821710012174,14,120,0.00066562724400623,2000,248,0.0009665036917275245,0.028373713722220476,0.7438018312437285,0.8706119958191424,0.8304896400867988,0.8086795979788833,0.8535190532812411,0.9476954909452884,COMPLETE
739,0.8332341829152686,2026-05-31 23:51:12.031316,2026-05-31 23:51:57.193463,0 days 00:00:45.162147,balanced,0.8725239776700144,0.010611843794031225,14,20,0.20666686842972687,1900,256,1.4741505890414005e-06,0.09660600868718255,0.7274387221897999,0.8742180987528538,0.8332341829152686,0.8207079065710046,0.8461582016873336,0.9480737158255857,COMPLETE
740,0.838902572634054,2026-05-31 23:51:57.203771,2026-05-31 23:52:44.579038,0 days 00:00:47.375267,balanced,0.8924538440849902,0.01302186735812535,14,10,6.822248793854032e-06,2000,248,0.00023375277527726764,0.13729209658100205,0.7179693686838916,0.8793381077414981,0.838902572634054,0.8319447429560904,0.8459883358813204,0.950835493210254,COMPLETE
741,0.833457525562537,2026-05-31 23:52:44.589488,2026-05-31 23:53:13.705594,0 days 00:00:29.116106,balanced,0.8660544637174307,0.011271876268143561,14,10,0.058225844980103594,2000,120,0.00041188458788898115,0.04360469298434975,0.731812185073914,0.8734085772839254,0.833457525562537,0.8148542157556502,0.8529528339278637,0.9487999913709216,COMPLETE
742,0.8377318996197999,2026-05-31 23:53:13.716031,2026-05-31 23:53:59.815472,0 days 00:00:46.099441,balanced,0.8810332467471681,0.012224476766366931,14,10,0.03542022838259155,2000,240,5.64340597174212e-06,0.0738662404688721,0.7487372963804283,0.8782552289842632,0.8377318996197999,0.8293996201693892,0.8462431345903404,0.9502585551042655,COMPLETE
743,0.8385390861402442,2026-05-31 23:53:59.826001,2026-05-31 23:54:45.543243,0 days 00:00:45.717242,balanced,0.8977939089758328,0.011594025077859362,14,20,0.0003069009116024816,1900,256,0.0007760908041624027,0.01908872128081891,0.7837271901535698,0.8784234338046247,0.8385390861402442,0.8272802462887702,0.8501217371609763,0.9504933952944289,COMPLETE
744,0.8369673084088548,2026-05-31 23:54:45.553232,2026-05-31 23:55:34.590340,0 days 00:00:49.037108,balanced,0.8698250539622618,0.012630935765391588,14,20,0.02043263289289163,2000,248,0.00013909330648382532,0.025938770155921925,0.7082344920948721,0.8775298052831689,0.8369673084088548,0.8276277788130333,0.846526244267029,0.9497644879524002,COMPLETE
745,0.8365442349313156,2026-05-31 23:55:34.610149,2026-05-31 23:56:16.984179,0 days 00:00:42.374030,balanced,0.6824239624360294,0.01377873453147637,12,10,0.046126798635097735,1900,256,0.00028272562625504885,0.011576206528015933,0.656105649939343,0.8771828624894572,0.8365442349313156,0.827021132340671,0.8462997565256781,0.9494762200944309,COMPLETE
746,0.8034133578599111,2026-05-31 23:56:16.994494,2026-05-31 23:56:29.124790,0 days 00:00:12.130296,balanced,0.884650395056343,0.010872042059724156,4,10,0.020264391629805856,2000,240,0.0005094962294196683,0.03539619348753097,0.7321999830442992,0.8473354128857862,0.8034133578599111,0.7698651155515943,0.8400430326708567,0.9320763642046718,COMPLETE
747,0.8332552051175934,2026-05-31 23:56:29.135190,2026-05-31 23:57:17.285814,0 days 00:00:48.150624,,0.8613486720993436,0.01204391986307798,14,10,0.032474617335774086,2000,256,0.001145709977954828,0.057799471134424504,0.7203477327935912,0.8801160857912164,0.8332552051175934,0.8617438784375095,0.8066077798539154,0.9502068165144341,COMPLETE
748,0.8360115523323947,2026-05-31 23:57:17.305374,2026-05-31 23:58:02.435053,0 days 00:00:45.129679,balanced,0.8720726322983802,0.012845242762511668,14,10,0.06709421060429153,1900,248,0.0006239690486543623,0.2952744691140518,0.6947723175001086,0.8769305433214524,0.8360115523323947,0.8274674287333671,0.8447426533038899,0.9494933843069603,COMPLETE
749,0.8378467139279886,2026-05-31 23:58:02.445506,2026-05-31 23:58:48.466417,0 days 00:00:46.020911,balanced,0.878116911967806,0.011489978754520187,14,10,0.02129060207261002,2000,240,7.534988142147265e-05,0.017715082096188932,0.7362442503216022,0.878276257156679,0.8378467139279886,0.8290774532725256,0.8468093539437178,0.950437422608086,COMPLETE
750,0.8332838700211734,2026-05-31 23:58:48.476680,2026-05-31 23:59:31.465496,0 days 00:00:42.988816,balanced,0.8628863611306367,0.013338967654849326,14,80,0.04439859912128342,2000,248,0.0001856048103087687,0.15537698891061602,0.8305191841883381,0.8735031750451291,0.8332838700211734,0.8160214487470606,0.8513107978030688,0.9482324002382292,COMPLETE
751,0.8250104033616629,2026-05-31 23:59:31.476017,2026-05-31 23:59:53.737137,0 days 00:00:22.261120,balanced,0.8563432570341647,0.010522202765971905,8,20,0.01894129817120651,1900,256,4.4477254834332687e-07,0.031650461705605454,0.7263108123416621,0.8656181727763977,0.8250104033616629,0.7988105197606453,0.8530094558632014,0.9451225245907272,COMPLETE
752,0.837787556620455,2026-05-31 23:59:53.747677,2026-06-01 00:00:40.979187,0 days 00:00:47.231510,balanced,0.8878136501434626,0.01205882585652331,14,10,0.021920127269438042,2000,248,0.0003632878593337118,0.08385219584927482,0.7428502099232085,0.8783288244375543,0.837787556620455,0.8296711437068428,0.846073268784327,0.9504446087007815,COMPLETE
753,0.8371904999321386,2026-06-01 00:00:40.988752,2026-06-01 00:01:30.656690,0 days 00:00:49.667938,balanced,0.8666701969641283,0.011084672879342653,14,20,0.017023274700625347,2000,256,0.00027083785267138685,0.010469348168570789,0.7109815293651617,0.8774562108246666,0.8371904999321386,0.8262590746699257,0.8484230791008436,0.9498978143366053,COMPLETE
754,0.8321514105224536,2026-06-01 00:01:30.667404,2026-06-01 00:02:07.015044,0 days 00:00:36.347640,balanced,0.87686234240206,0.012336899518093001,14,10,0.4264163227954483,1900,240,0.0004749046886115213,0.0465544776762035,0.7520957934840189,0.8733770235852333,0.8321514105224536,0.8194812908599504,0.8452239397542608,0.9474655027018114,COMPLETE
755,0.8200440781854715,2026-06-01 00:02:07.025283,2026-06-01 00:02:23.929252,0 days 00:00:16.903969,balanced,0.87081605272224,0.01375701850920064,6,10,0.0478106712240837,2000,248,0.00011825683288293943,0.019967391626583387,0.7179423400198375,0.8610658677400277,0.8200440781854715,0.7900397947736005,0.8524432365098239,0.9424528849146724,COMPLETE
756,0.8390502767113638,2026-06-01 00:02:23.939832,2026-06-01 00:03:13.456220,0 days 00:00:49.516388,balanced,0.8585350841930051,0.011702958157506034,14,20,6.490304175304964e-05,2000,256,0.001483956754018159,0.025977425164645993,0.7579003317907322,0.8790121841671049,0.8390502767113638,0.8291353243924028,0.8492157861955721,0.9506243759164712,COMPLETE
757,0.8367195618257118,2026-06-01 00:03:13.467008,2026-06-01 00:03:57.347596,0 days 00:00:43.880588,balanced,0.8489734642507337,0.012985172814364463,14,10,0.08091340878075162,1900,248,0.0007461042396043539,0.013995460805832416,0.7345761453436482,0.8775928858212616,0.8367195618257118,0.8290463027840135,0.8445444765302078,0.9497434203851869,COMPLETE
758,0.8289508291558376,2026-06-01 00:03:57.357234,2026-06-01 00:04:32.963526,0 days 00:00:35.606292,balanced,0.8839837506081722,0.06422194611994443,10,10,0.03713349268499761,2000,256,0.00020198290053632416,0.06332366460750043,0.720730802153446,0.8736503606461721,0.8289508291558376,0.8335088963054798,0.8244436894853067,0.946319239474683,COMPLETE
759,0.8372243833395556,2026-06-01 00:04:32.974064,2026-06-01 00:05:20.342833,0 days 00:00:47.368769,balanced,0.8937660063805284,0.011189786543978472,14,20,0.019437995937643976,2000,240,4.911733601717544e-05,0.038347860146872984,0.725417927215706,0.8774351819890583,0.8372243833395556,0.8260087701116472,0.8487628107128701,0.9499244133317871,COMPLETE
760,0.8364059028862992,2026-06-01 00:05:20.353354,2026-06-01 00:06:05.309717,0 days 00:00:44.956363,balanced,0.8754225502710649,0.012461661448425285,14,10,0.11365987735346787,1900,256,0.0004029635014839574,0.1123958773766981,0.7432493619294577,0.87724594999107,0.8364059028862992,0.8279944652215305,0.8449974520129099,0.94937331053869,COMPLETE
761,0.8307313662578514,2026-06-01 00:06:05.320357,2026-06-01 00:06:44.036752,0 days 00:00:38.716395,balanced,0.8660196152111755,0.011887986228199915,14,110,0.01685643849928369,2000,248,2.3654700653577347e-05,0.009298728352681921,0.7025165151703602,0.8709379120984194,0.8307313662578514,0.8097500356128787,0.8528395900571882,0.947387764979466,COMPLETE
762,0.8339167571510014,2026-06-01 00:06:44.046403,2026-06-01 00:07:29.126633,0 days 00:00:45.080230,balanced,0.8419147111738895,0.01045568013278293,14,10,0.27885844391181797,2000,240,0.001062306795297302,0.025333329049025945,0.7333495391221984,0.8749435234487368,0.8339167571510014,0.8227271388354644,0.845422116527943,0.9481772137320298,COMPLETE
763,0.8364946896593102,2026-06-01 00:07:29.137234,2026-06-01 00:08:14.204680,0 days 00:00:45.067446,balanced,0.8562876672198253,0.013209632280139764,14,10,0.05918443634845522,1900,256,0.0003134418864613445,0.015307108281478691,0.7131988084502142,0.8776139163148505,0.8364946896593102,0.8300870506659219,0.8430156842760885,0.9498686378859528,COMPLETE
764,0.8383011390020534,2026-06-01 00:08:14.214305,2026-06-01 00:09:02.278199,0 days 00:00:48.063894,balanced,0.8521840045715725,0.013830595888028726,14,20,0.00017954041465046832,2000,248,0.0006893878016113178,0.05165374192301942,0.7257680089207403,0.8787493517418826,0.8383011390020534,0.830406477046392,0.8463563784610159,0.9503506019218207,COMPLETE
765,0.8319793151331889,2026-06-01 00:09:02.288702,2026-06-01 00:09:38.146221,0 days 00:00:35.857519,balanced,0.8625858333350859,0.011375358829790148,14,10,0.4791365259495468,1900,248,0.00048704692241535535,0.08175536564927391,0.7476783713810952,0.87299854533062,0.8319793151331889,0.8177732214525445,0.8466961100730422,0.947090637099289,COMPLETE
766,0.8309045952181213,2026-06-01 00:09:38.156131,2026-06-01 00:10:09.209599,0 days 00:00:31.053468,,0.8728790074015284,0.01249352563788851,14,10,0.034774966141988044,2000,136,0.00021362963035042145,0.03353946247086791,0.7362909103901525,0.8787703626712964,0.8309045952181213,0.8618951064683267,0.8020780250268954,0.9494907468022462,COMPLETE
767,0.8385328910411386,2026-06-01 00:10:09.220005,2026-06-01 00:10:57.624290,0 days 00:00:48.404285,balanced,0.881357323126863,0.012005474559346389,14,10,0.017024569234604603,2000,256,0.00013857989228111193,0.00848569630424561,0.7199282761022217,0.8790332156554825,0.8385328910411386,0.831380706498121,0.8458184700753071,0.950553454315176,COMPLETE
768,0.8385530840447865,2026-06-01 00:10:57.634555,2026-06-01 00:11:45.248465,0 days 00:00:47.613910,balanced,0.8886819779519364,0.010865296618293059,14,20,0.00046751509985771514,2000,240,0.00032283071965551023,3.6634706868338132e-06,0.7294720967750604,0.8784760090438087,0.8385530840447865,0.827574271731348,0.8498386274842874,0.9504256246723918,COMPLETE
769,0.8001559330655436,2026-06-01 00:11:45.259233,2026-06-01 00:11:56.563001,0 days 00:00:11.303768,balanced,0.8442384765774346,0.01002871063340809,4,10,0.0005048837073444658,1900,256,0.0006371963895915337,0.1927981566637652,0.6706638002986981,0.8450645307574517,0.8001559330655436,0.767902830391003,0.8352584791348168,0.9307179602329164,COMPLETE
770,0.8373009125806766,2026-06-01 00:11:56.573246,2026-06-01 00:12:43.127804,0 days 00:00:46.554558,balanced,0.8655384541562198,0.012896042205382742,14,20,0.03361264802114393,2000,248,0.002268235342304504,0.0207033374676291,0.85945002864287,0.8776875044730253,0.8373009125806766,0.8273361321816592,0.8475171281354398,0.9500569057255414,COMPLETE
771,0.8248475241905427,2026-06-01 00:12:43.138249,2026-06-01 00:13:02.513347,0 days 00:00:19.375098,balanced,0.8536006703673881,0.011500168103013185,12,10,0.047807814166377006,1900,56,0.0011037433776683392,0.04748594719277709,0.739055152189213,0.8654920160109628,0.8248475241905427,0.7986551488878201,0.852839590057188,0.9453462432094297,COMPLETE
772,0.8394401320745443,2026-06-01 00:13:02.524135,2026-06-01 00:13:45.992278,0 days 00:00:43.468143,balanced,0.8730992319115516,0.012278560064543143,14,10,0.0002663010822753958,2000,240,0.00022999794356063586,0.10588059627658775,0.8954025211465937,0.8792960540494362,0.8394401320745443,0.8294638214494922,0.8496687616782742,0.9512491329662719,COMPLETE
773,0.8378658996633573,2026-06-01 00:13:46.003045,2026-06-01 00:14:30.441901,0 days 00:00:44.438856,balanced,0.8589137359415253,0.010997369181628146,14,10,0.032165187007061107,2000,240,8.194714403332556e-05,0.125893364003018,0.8693207158970112,0.8778977871919705,0.8378658996633573,0.8265101472736301,0.8495555178075986,0.9503479175152113,COMPLETE
774,0.8372164142484811,2026-06-01 00:14:30.452630,2026-06-01 00:15:17.811370,0 days 00:00:47.358740,balanced,0.8659473082584019,0.012146160744713395,14,20,0.020350908841239915,2000,240,0.0001263244037707718,0.3551710862277603,0.9679953846418048,0.8770987633952384,0.8372164142484811,0.8238307069781537,0.851055999094049,0.9498784841801865,COMPLETE
775,0.8389209042065214,2026-06-01 00:15:17.821757,2026-06-01 00:15:59.618302,0 days 00:00:41.796545,balanced,0.6545794778077701,0.011710581137240706,14,10,0.0006440577622093586,1900,240,0.0001905470601904103,0.012802034239665765,0.8963614466548541,0.8787178192653466,0.8389209042065214,0.8277411378005972,0.8504331578053338,0.9511432006040555,COMPLETE
776,0.8364895767553734,2026-06-01 00:15:59.628108,2026-06-01 00:16:48.171672,0 days 00:00:48.543564,balanced,0.8720641555478841,0.011340679157241266,14,10,0.07248096877831009,2000,256,0.00023423966902870138,0.027090428448503755,0.7072642472186914,0.8774246700582259,0.8364895767553734,0.8288412330524592,0.8442896778211879,0.9498479994742604,COMPLETE
777,0.8255972483011269,2026-06-01 00:16:48.191321,2026-06-01 00:17:11.524784,0 days 00:00:23.333463,balanced,0.8337218807310348,0.01064348120676404,8,10,0.0004967128632267657,2000,248,1.8802331257139145e-06,0.22881786118776826,0.9782481407253467,0.8660492179802901,0.8255972483011269,0.7992642442868562,0.8537455410225921,0.9452217106038575,COMPLETE
778,0.8382083180595533,2026-06-01 00:17:11.535606,2026-06-01 00:18:01.594655,0 days 00:00:50.059049,balanced,0.8485200615483346,0.012188413902223857,14,20,6.387959774923135e-05,2000,256,0.0001666559040095303,0.13323583368352487,0.7138476451959271,0.878423434467817,0.8382083180595533,0.8285975127782382,0.8480550365211483,0.9502969121964376,COMPLETE
779,0.8377929915429142,2026-06-01 00:18:01.604307,2026-06-01 00:18:45.321560,0 days 00:00:43.717253,balanced,0.8589052951339761,0.012623988902381617,14,10,0.05004701411314608,1900,256,0.0003082598965337274,0.018416087876595856,0.8437523443651042,0.8783919003333004,0.8377929915429142,0.8300648568311875,0.8456769152369628,0.9503265205627661,COMPLETE
780,0.8176901828881397,2026-06-01 00:18:45.332217,2026-06-01 00:19:00.904452,0 days 00:00:15.572235,balanced,0.8690519716577781,0.013946773506931569,6,10,0.031280938622745044,1900,248,0.0018450231557278803,0.007755693794375553,0.9698316456304253,0.8591734658558835,0.8176901828881397,0.787413544576265,0.8504331578053338,0.9414973622875281,COMPLETE
781,0.8370084016032405,2026-06-01 00:19:00.914836,2026-06-01 00:19:48.643058,0 days 00:00:47.728222,balanced,0.8759978789308386,0.011600890231776888,14,20,0.01773179144413147,2000,240,0.00010432983286920692,0.095517380874569,0.7214951828621985,0.877287995393227,0.8370084016032405,0.8258738061016215,0.8484513900685124,0.9499225651814909,COMPLETE
782,0.8236611482761962,2026-06-01 00:19:48.653952,2026-06-01 00:20:06.631617,0 days 00:00:17.977665,balanced,0.8412463581107619,0.013257855078687208,14,10,0.9685690897886119,2000,248,0.0005151827605583591,0.04113931749335097,0.964492627686232,0.8654920093790391,0.8236611482761962,0.8025921714671447,0.8459034029783138,0.9438193306169179,COMPLETE
783,0.8382663177563607,2026-06-01 00:20:06.642312,2026-06-01 00:20:52.963933,0 days 00:00:46.321621,balanced,0.861417786060764,0.010878616989801672,14,10,0.03402152886982785,2000,240,0.00024713883261282465,0.013774868519784753,0.7037053876697793,0.8784339583361126,0.8382663177563607,0.8284415152286396,0.848338146197837,0.9501489959942818,COMPLETE
784,0.8380744738957788,2026-06-01 00:20:52.974575,2026-06-01 00:21:36.034725,0 days 00:00:43.060150,balanced,0.8537385599565233,0.012270472222339448,14,10,0.018389856951156823,1900,256,0.0006796910235534112,0.02662272371608409,0.8788756168149764,0.878423443089318,0.8380744738957788,0.8291449930274034,0.847205707491082,0.9507943697518826,COMPLETE
785,0.8323646132122112,2026-06-01 00:21:36.045205,2026-06-01 00:22:21.562127,0 days 00:00:45.516922,,0.8676969475068451,0.011852413825948021,14,20,0.048818052744124936,2000,256,0.001368470482961912,0.058782039858732864,0.9756625650345635,0.8795483599535935,0.8323646132122112,0.861351785666625,0.8052771643734783,0.9495028331482233,COMPLETE
786,0.8342684229017405,2026-06-01 00:22:21.572666,2026-06-01 00:22:55.296415,0 days 00:00:33.723749,balanced,0.8485645737912322,0.010420710318689368,10,10,0.018114384075895093,1900,248,6.341543985835772e-05,0.018375442538325702,0.7143177111475548,0.8741024519286743,0.8342684229017405,0.8161166161060865,0.8532642545722213,0.9489281843365639,COMPLETE
787,0.8382002030012498,2026-06-01 00:22:55.306252,2026-06-01 00:23:42.915772,0 days 00:00:47.609520,balanced,0.8764100507686722,0.01129398535432479,14,20,0.0004169469249893595,2000,240,0.00015645009323992618,0.037326838824186206,0.723745517190227,0.8782762515195436,0.8382002030012498,0.8276679075620965,0.8490176094218901,0.9504079736644168,COMPLETE
788,0.8366210575403755,2026-06-01 00:23:42.926354,2026-06-01 00:24:25.845561,0 days 00:00:42.919207,balanced,0.8607434659375479,0.01275944655738978,14,10,0.06333408094963382,2000,232,0.000903834209234434,0.01016011929612882,0.893700275564481,0.8772459443539348,0.8366210575403755,0.8271480656504981,0.846328067493347,0.9501800408737567,COMPLETE
789,0.837312614711608,2026-06-01 00:24:25.854996,2026-06-01 00:25:09.254834,0 days 00:00:43.399838,balanced,0.8720437935304916,0.013945071767478305,14,10,0.034515140997370033,2000,256,0.00041060754440320406,0.09042400955978576,0.9800195184246675,0.8779398279517808,0.837312614711608,0.8289834402467342,0.8458184700753071,0.9500471713772499,COMPLETE
790,0.8377764156451475,2026-06-01 00:25:09.265141,2026-06-01 00:25:49.638093,0 days 00:00:40.372952,balanced,0.8797035220109126,0.012085057772748733,14,10,0.019598741906551385,1900,248,0.00028902398177872273,0.027028905454266033,0.972648548092558,0.8778346986955693,0.8377764156451475,0.826443782177361,0.8494422739369232,0.9504294462294709,COMPLETE
791,0.8372983445771586,2026-06-01 00:25:49.647542,2026-06-01 00:26:35.617846,0 days 00:00:45.970304,balanced,0.8328972081481992,0.013140827267009466,14,20,0.017509292993118854,2000,256,0.0004890324737634751,0.17694335564084782,0.9634828729776874,0.8775403211931558,0.8372983445771586,0.8263900387355264,0.8485080120038503,0.9500997488918318,COMPLETE
792,0.8376653461526917,2026-06-01 00:26:35.628149,2026-06-01 00:27:20.904681,0 days 00:00:45.276532,balanced,0.853817315390641,0.011249791324310641,16,10,0.04007090630128413,1900,248,1.7252442436315896e-05,0.06006405746134401,0.7255441269147067,0.8780765026167797,0.8376653461526917,0.8284849321694371,0.8470641526527376,0.9501613562747476,COMPLETE
793,0.831596424354926,2026-06-01 00:27:20.914989,2026-06-01 00:28:00.863122,0 days 00:00:39.948133,balanced,0.8665380363063554,0.012334403788437245,14,100,1.2121628197276236e-05,2000,240,0.00019763018933387715,0.014917081444442272,0.6925600727245892,0.8717789759917695,0.831596424354926,0.8116901208517465,0.8525281694128305,0.9481446168452657,COMPLETE
794,0.8045833310659184,2026-06-01 00:28:00.873008,2026-06-01 00:28:13.016628,0 days 00:00:12.143620,balanced,0.8397176865915154,0.011600173267189233,4,10,0.0002946912464370762,2000,248,0.00011570140715080649,0.04042250176277555,0.7312282530269082,0.8481869960050851,0.8045833310659184,0.7707330390230333,0.841571824924976,0.9328613153458183,COMPLETE
795,0.8376882590801401,2026-06-01 00:28:13.027116,2026-06-01 00:28:56.883867,0 days 00:00:43.856751,balanced,0.8593531199662637,0.013445914846135847,14,20,0.03271833468721197,1900,256,0.0008075548911430304,0.008058286881299784,0.8860764881242942,0.8780870115632466,0.8376882590801401,0.8284501856441487,0.8471490855557442,0.9500060945997107,COMPLETE
796,0.831648277228978,2026-06-01 00:28:56.893674,2026-06-01 00:29:17.804661,0 days 00:00:20.910987,balanced,0.8486247568512127,0.010373201235818537,14,10,0.01944734287729793,1000,232,0.00032507492230695744,0.025343671543362582,0.7159274929849372,0.8719997779366632,0.831648277228978,0.8128630937424175,0.8513391087707377,0.9480460867980464,COMPLETE
797,0.8364526654849791,2026-06-01 00:29:17.814365,2026-06-01 00:30:01.027508,0 days 00:00:43.213143,balanced,0.872448972764001,0.012254947727525646,14,10,0.06584417733078464,2000,248,9.362452871064925e-06,0.1108119324633264,0.9607934778951331,0.8769515774625994,0.8364526654849791,0.8258686683003421,0.8473189513617575,0.9498405796020526,COMPLETE
798,0.8289997188635917,2026-06-01 00:30:01.046537,2026-06-01 00:30:34.808265,0 days 00:00:33.761728,balanced,0.8846975962346136,0.01093165952376588,14,160,0.019176862485684443,2000,256,0.002713361276361646,0.06857992459614119,0.9706573278127967,0.8690875599271827,0.8289997188635917,0.8049814770514012,0.8545099371496517,0.9467284738036899,COMPLETE
799,0.8374288337429983,2026-06-01 00:30:34.818894,2026-06-01 00:31:18.761502,0 days 00:00:43.942608,balanced,0.8608123032113011,0.01270978727832617,12,10,0.04848742951207963,2000,240,0.000525227603497322,0.01826783475927689,0.7287640956756238,0.8778452063156514,0.8374288337429983,0.8278856669726496,0.847205707491082,0.9499190290414331,COMPLETE
