number,value,datetime_start,datetime_complete,duration,params_class_weight,params_colsample_bytree,params_learning_rate,params_max_depth,params_min_child_samples,params_min_split_gain,params_n_estimators,params_num_leaves,params_reg_alpha,params_reg_lambda,params_subsample,user_attrs_accuracy,user_attrs_f1,user_attrs_precision,user_attrs_recall,user_attrs_roc_auc,state
2325,0.8246827593984177,2026-06-01 15:58:45.957527,2026-06-01 15:59:05.196027,0 days 00:00:19.238500,balanced,0.6671917365746911,0.01662414918787291,16,10,0.905258043737298,1800,208,1.3107957054524874e-05,7.095193583829566e-08,0.8771790043552053,0.8663751213273155,0.8246827593984177,0.8041543357379654,0.8462997565256781,0.944375279614794,COMPLETE
2326,0.8361647991045403,2026-06-01 15:59:05.208788,2026-06-01 15:59:40.970018,0 days 00:00:35.761230,balanced,0.6776659602257573,0.02159577136267563,16,20,0.06275622678151031,1600,232,2.2698340763675644e-05,1.0928743915362956e-06,0.8878473931365533,0.8772038893354882,0.8361647991045403,0.8286696747615628,0.8438083913708171,0.9493948458289075,COMPLETE
2327,0.8376024079045367,2026-06-01 15:59:40.982019,2026-06-01 16:00:18.630367,0 days 00:00:37.648348,balanced,0.6621161854522158,0.019448089254945705,16,20,0.019679674652468716,1700,216,8.418034082508505e-06,4.430583165965033e-07,0.862915482972429,0.8781500954173013,0.8376024079045367,0.8292294435393058,0.8461582016873338,0.9503090039305283,COMPLETE
2328,0.8386864714137109,2026-06-01 16:00:18.643005,2026-06-01 16:00:55.273109,0 days 00:00:36.630104,balanced,0.7561144015458963,0.01779135812869156,16,10,0.01948657325916981,1700,224,3.4270576752288935e-05,2.933287074453094e-07,0.8578008680728633,0.8791804029145064,0.8386864714137109,0.8317715769104811,0.8457335371723005,0.9508996327871881,COMPLETE
2329,0.8360925493841193,2026-06-01 16:00:55.285399,2026-06-01 16:01:27.846029,0 days 00:00:32.560630,,0.650345400871661,0.030425277928752673,16,10,0.00020683512368452534,1500,240,1.4775506284148103e-05,1.3771594790781178e-07,0.8686359245295111,0.8818718256110167,0.8360925493841193,0.8624502924994609,0.8113074004869487,0.9513287485422738,COMPLETE
2330,0.8305106662640203,2026-06-01 16:01:27.858138,2026-06-01 16:02:07.372308,0 days 00:00:39.514170,balanced,0.7865274347453508,0.020554826636483156,16,150,0.046172477965796384,1800,216,2.4507455304363965e-05,1.878409066105548e-06,0.8841860499072826,0.8713584510086143,0.8305106662640203,0.8130667876564946,0.8487344997452012,0.9470179568170951,COMPLETE
2331,0.8260537373535527,2026-06-01 16:02:07.385410,2026-06-01 16:02:25.336662,0 days 00:00:17.951252,balanced,0.6712441520910204,0.018801870553895574,16,10,0.7407450867429423,1600,152,8.291093272078967e-06,2.1483054445802654e-07,0.8763409007468724,0.8672687578070799,0.8260537373535527,0.8046145918965723,0.8486778778098635,0.9446724590155346,COMPLETE
2332,0.828038437314567,2026-06-01 16:02:25.349754,2026-06-01 16:02:47.552105,0 days 00:00:22.202351,balanced,0.6575099166408489,0.11552921266468431,10,10,0.10073332044317203,1700,232,5.646776218490422e-05,6.287880776983019e-07,0.8962712093047344,0.8722100278275855,0.828038437314567,0.8275896978638327,0.8284921578619557,0.9448249519952979,COMPLETE
2333,0.8375373996787694,2026-06-01 16:02:47.564125,2026-06-01 16:03:31.802455,0 days 00:00:44.238330,balanced,0.6501591242722622,0.02172608197144402,16,20,0.017529039524755194,1800,240,1.4021430822156616e-05,5.8105206278678594e-08,0.8681525654662875,0.8786652463473361,0.8375373996787694,0.8329455159038291,0.8421946662136911,0.95010929962351,COMPLETE
2334,0.8409529383086477,2026-06-01 16:03:31.814465,2026-06-01 16:04:07.843072,0 days 00:00:36.028607,balanced,0.6823787230805707,0.022990746354264863,16,10,6.409308111310149e-05,1700,224,2.3605241000156424e-05,1.3261642875556415e-07,0.8577893274703546,0.8815669351829821,0.8409529383086477,0.8388021806440147,0.843128928146764,0.9516367399382775,COMPLETE
2335,0.83761639496451,2026-06-01 16:04:07.855960,2026-06-01 16:04:41.404137,0 days 00:00:33.548177,balanced,0.6658046712504666,0.0248384375605241,16,10,0.03771142783195213,1600,216,4.3814978128279135e-05,3.384915389765186e-08,0.8548944629520714,0.8788124246532628,0.83761639496451,0.8336274610424396,0.8416567578279825,0.9501890473658285,COMPLETE
2336,0.8367548725476531,2026-06-01 16:04:41.416942,2026-06-01 16:05:21.093989,0 days 00:00:39.677047,balanced,0.6843331368484079,0.02512412996870108,16,20,0.016999246435621975,1700,232,3.5164057054293735e-05,7.646289344429965e-08,0.8569569379015982,0.8783183068695865,0.8367548725476531,0.8337838387505405,0.839759922994168,0.9500269966858349,COMPLETE
2337,0.83719162784291,2026-06-01 16:05:21.106411,2026-06-01 16:05:53.148738,0 days 00:00:32.042327,balanced,0.6722683454417557,0.02568558166518809,16,10,0.060306757453528606,1600,208,5.965005732267895e-05,9.462673200778874e-08,0.8500002993420067,0.8784654898178599,0.83719162784291,0.8330085181313557,0.8414302700866316,0.9498076967041333,COMPLETE
2338,0.8367512016722988,2026-06-01 16:05:53.160939,2026-06-01 16:06:32.276596,0 days 00:00:39.115657,balanced,0.6595019392610062,0.025823352107671213,16,10,0.03204182659850509,1800,224,3.1340432290971664e-05,5.2443199826447945e-08,0.857175183384522,0.8785601141067588,0.8367512016722988,0.8354650194126109,0.8380612649340354,0.9500506963885337,COMPLETE
2339,0.8322866942661099,2026-06-01 16:06:32.289306,2026-06-01 16:07:11.514456,0 days 00:00:39.225150,balanced,0.6672368039976033,0.05265428833568134,16,20,0.01787759571220034,1700,232,2.324999489643678e-05,9.250562051566122e-08,0.8601328081536963,0.8761104877047465,0.8322866942661099,0.8368455521514648,0.8277843836702338,0.9479910486217208,COMPLETE
2340,0.8378135118755692,2026-06-01 16:07:11.527077,2026-06-01 16:07:49.427804,0 days 00:00:37.900727,balanced,0.6610691601024019,0.024162409860226778,16,10,0.03589191907575324,1800,216,6.166846285924776e-05,4.372858543929436e-08,0.8629138552130624,0.8792119397017927,0.8378135118755692,0.835545831163626,0.8400996546061944,0.9503127468432536,COMPLETE
2341,0.8364665395037495,2026-06-01 16:07:49.441110,2026-06-01 16:08:20.068248,0 days 00:00:30.627138,balanced,0.6728145129571803,0.023314778300643917,16,10,0.12103519670619775,1700,176,4.03826924361572e-05,8.272509788780305e-08,0.8505107580966229,0.8773300421217688,0.8364665395037495,0.828302306485066,0.8447992752392276,0.9491778808660657,COMPLETE
2342,0.8385089456583327,2026-06-01 16:08:20.081328,2026-06-01 16:08:54.167355,0 days 00:00:34.086027,balanced,0.6577154726103019,0.022976662167918802,16,10,0.017887504074404016,1600,224,2.7201424468848216e-05,1.0463700483140425e-07,0.8550764877551529,0.8794852870422133,0.8385089456583327,0.8345579550371989,0.8425060868580488,0.9507256130002778,COMPLETE
2343,0.80982281020688,2026-06-01 16:08:54.180303,2026-06-01 16:09:05.813692,0 days 00:00:11.633389,balanced,0.681525127761661,0.024873963977678857,4,10,0.38517702376368207,1800,224,1.9663510708200107e-05,1.2674559791289977e-07,0.8717887003448462,0.852476448388865,0.80982281020688,0.7768102551635675,0.8457901591076383,0.9361929711317362,COMPLETE
2344,0.836278962005715,2026-06-01 16:09:05.826911,2026-06-01 16:09:43.598042,0 days 00:00:37.771131,balanced,0.6669595814469076,0.024137695962196552,12,20,0.05173938157682662,1700,240,3.4455372753738576e-05,5.901287904043328e-08,0.8615233016717369,0.8772774857835678,0.836278962005715,0.8287001543113606,0.8440065681444991,0.9491088751498568,COMPLETE
2345,0.8228482363434302,2026-06-01 16:09:43.610625,2026-06-01 16:09:57.720560,0 days 00:00:14.109935,balanced,0.6746521026131694,0.023634402561161803,6,10,5.3400353252184534e-05,1500,232,6.340194657449261e-05,1.3558784627089268e-07,0.880955293456494,0.8634418993519413,0.8228482363434302,0.7939084890528543,0.8540003397316122,0.9440568012196703,COMPLETE
2346,0.8367941805277365,2026-06-01 16:09:57.733414,2026-06-01 16:10:17.120747,0 days 00:00:19.387333,balanced,0.6932113904526522,0.026427593438746684,16,10,0.00014691766143047532,1600,88,2.3018511121599328e-05,1.1578689858273607e-07,0.8747101686907192,0.8762366670187224,0.8367941805277365,0.8199380939204205,0.8543683823113074,0.9502824417684597,COMPLETE
2347,0.8374775178025632,2026-06-01 16:10:17.133532,2026-06-01 16:10:58.489520,0 days 00:00:41.355988,balanced,0.656944291824095,0.023168266796570504,16,20,0.03191351120168577,1800,224,4.1053096531790206e-05,7.487880555635279e-08,0.8647818004007827,0.8785706220584371,0.8374775178025632,0.8325520146467387,0.84247777589038,0.9496578797277256,COMPLETE
2348,0.8401769538754764,2026-06-01 16:10:58.501476,2026-06-01 16:11:33.871768,0 days 00:00:35.370292,balanced,0.6623072668867247,0.02247932258372572,16,10,0.0002714569179902972,1700,216,1.7367144132405062e-05,1.4894381123681523e-07,0.8521654731410039,0.8808520270602785,0.8401769538754764,0.8370610492477196,0.8433271049204462,0.9513848698572324,COMPLETE
2349,0.8347045977832573,2026-06-01 16:11:33.884628,2026-06-01 16:11:59.502261,0 days 00:00:25.617633,,0.6502900151797333,0.02385108935939586,16,10,0.019365830303645987,1300,208,2.4603211810024494e-05,4.375682977620618e-08,0.8924527906675634,0.8813671690372162,0.8347045977832573,0.8648814248691489,0.8065794688862464,0.9507616757290593,COMPLETE
2350,0.8368364524977027,2026-06-01 16:11:59.515176,2026-06-01 16:12:33.355905,0 days 00:00:33.840729,balanced,0.6681465471752469,0.02768983088951337,16,10,0.07672047922794244,1600,232,4.8763271859480085e-05,1.6386546631836087e-07,0.8781938697879277,0.8784970309158967,0.8368364524977027,0.834637816938923,0.8390521488024462,0.9493546073477774,COMPLETE
2351,0.8336081647722889,2026-06-01 16:12:33.377605,2026-06-01 16:12:57.331571,0 days 00:00:23.953966,balanced,0.6554497450079262,0.02245081712875032,8,20,0.0004951824146068305,1800,216,2.8618975551681252e-05,9.495571708904405e-08,0.8584093276093495,0.8730405907327771,0.8336081647722889,0.8120290808758585,0.8563784610157975,0.9484769779248756,COMPLETE
2352,0.8399659145784696,2026-06-01 16:12:57.344717,2026-06-01 16:13:34.286742,0 days 00:00:36.942025,balanced,0.6760299647709607,0.0231536499096065,16,10,4.45961722705257e-05,1700,232,1.0332854252911922e-05,1.6781391509983385e-07,0.8690622543520081,0.8809361321232286,0.8399659145784696,0.8385482058718995,0.8414019591189628,0.951464835305584,COMPLETE
2353,0.8339323746250242,2026-06-01 16:13:34.299543,2026-06-01 16:14:11.018337,0 days 00:00:36.718794,balanced,0.6627479120507312,0.04012255778782738,16,10,0.04700470322634644,1700,240,1.789294896897784e-05,6.840220221197881e-08,0.8864918667470423,0.8770987405151014,0.8339323746250242,0.8369477672971621,0.8309552120491479,0.9487917500904818,COMPLETE
2354,0.837033925412352,2026-06-01 16:14:11.031295,2026-06-01 16:14:46.279825,0 days 00:00:35.248530,balanced,0.6870301767648572,0.02542160457079263,16,20,0.03587461254988728,1600,224,7.985981013968048e-06,1.1400094109425612e-07,0.8637502221293916,0.8783393337156173,0.837033925412352,0.8327737490322938,0.841345337183625,0.9496935863391561,COMPLETE
2355,0.839055999344328,2026-06-01 16:14:46.292560,2026-06-01 16:15:26.522616,0 days 00:00:40.230056,balanced,0.6683153715274853,0.022315546854042738,16,10,0.0178934990335237,1800,208,5.9190026964948924e-05,2.8156565886158956e-08,0.8734696784995283,0.8798322301675213,0.839055999344328,0.834665720995461,0.8434969707264593,0.9509932320934973,COMPLETE
2356,0.8385104564962126,2026-06-01 16:15:26.535639,2026-06-01 16:16:03.443239,0 days 00:00:36.907600,balanced,0.6565426401426013,0.02356478007156126,16,10,0.017940721142093382,1700,224,1.4903921090804667e-05,1.8218306511418312e-07,0.849527684776761,0.8795904189511945,0.8385104564962126,0.8352653733224423,0.841798312666327,0.9507037868226859,COMPLETE
2357,0.8378285967003261,2026-06-01 16:16:03.456135,2026-06-01 16:16:34.584290,0 days 00:00:31.128155,balanced,0.6817269287645303,0.021720875539370906,16,10,0.03321253477381186,1400,240,4.0931770694123525e-07,6.538088673425208e-08,0.880967814006823,0.8786967821398339,0.8378285967003261,0.83197419883687,0.8437800804031482,0.9503873205783866,COMPLETE
2358,0.8360306647413055,2026-06-01 16:16:34.597938,2026-06-01 16:17:10.599499,0 days 00:00:36.001561,balanced,0.6720435296984796,0.02465172707585505,16,20,0.05795336019858339,1600,232,2.907212197082982e-05,1.1971870854202211e-07,0.8656808841108999,0.8773615938308836,0.8360306647413055,0.8302708140148932,0.8418832455693336,0.9492290183512985,COMPLETE
2359,0.8402818548682524,2026-06-01 16:17:10.613303,2026-06-01 16:17:45.962196,0 days 00:00:35.348893,balanced,0.6626117390836523,0.022373142371550202,16,10,0.0006112818635895119,1700,216,2.0024867686301373e-05,1.9051652444077522e-06,0.8573713550991215,0.8808415174506193,0.8402818548682524,0.8365744647589564,0.8440348791121681,0.9514737579174098,COMPLETE
2360,0.8322107905314633,2026-06-01 16:17:45.974349,2026-06-01 16:18:30.144010,0 days 00:00:44.169661,balanced,0.6770016185392911,0.02130603073880642,16,100,0.0328689279334468,1800,224,3.9110798168694377e-05,1.5042742428589194e-07,0.8745934890165161,0.8732088061642167,0.8322107905314633,0.8181982963629729,0.8467244210407112,0.947759548030784,COMPLETE
2361,0.8382963923532074,2026-06-01 16:18:30.155782,2026-06-01 16:19:03.599783,0 days 00:00:33.444001,balanced,0.656611121905143,0.0224987989840336,10,10,0.00011211070231596551,1700,216,1.1123222054705713e-05,2.070720272434814e-07,0.8842879913294704,0.8782552346213985,0.8382963923532074,0.8271542156627394,0.8497536945812808,0.9505112429940316,COMPLETE
2362,0.8374577881895741,2026-06-01 16:19:03.611747,2026-06-01 16:19:38.187661,0 days 00:00:34.575914,balanced,0.6668391012752803,0.0213316487398901,16,20,0.019638390520860742,1500,232,7.401565350903323e-06,1.0890921398231276e-07,0.8693523515283992,0.8782236809227064,0.8374577881895741,0.8302846812658427,0.8447709642715587,0.9501475340399058,COMPLETE
2363,0.8377493202035057,2026-06-01 16:19:38.200542,2026-06-01 16:20:16.217972,0 days 00:00:38.017430,balanced,0.6606845404943817,0.022863934696778568,16,10,0.052542498017218005,1800,224,1.221690857671299e-05,5.474972757399642e-08,0.9040201251746929,0.8788755091705099,0.8377493202035057,0.8335001152423415,0.8420531113753468,0.9500390175011694,COMPLETE
2364,0.8377945621382609,2026-06-01 16:20:16.230169,2026-06-01 16:20:51.948322,0 days 00:00:35.718153,balanced,0.6708049183965965,0.02648923790192664,16,10,0.017837292561987374,1600,240,2.0808005986249793e-05,2.232459023920871e-07,0.8578297786034023,0.879390667727257,0.8377945621382609,0.8368630960358777,0.8387407281580884,0.9506123552203628,COMPLETE
2365,0.8378739382079538,2026-06-01 16:20:51.960230,2026-06-01 16:21:28.998040,0 days 00:00:37.037810,balanced,0.6502613349838668,0.024206573117601667,16,10,0.03207133840049506,1700,232,8.092845496991936e-06,8.460213731625224e-08,0.8889662913468149,0.8792224552801834,0.8378739382079538,0.8353657094400928,0.840411075250552,0.9503143654553591,COMPLETE
2366,0.8388492652771591,2026-06-01 16:21:29.011588,2026-06-01 16:22:03.934154,0 days 00:00:34.922566,balanced,0.6840367329511042,0.021210388450029642,16,20,1.0690868639687029e-05,1600,216,6.224219347440309e-05,1.4543827314784795e-06,0.8436620525102384,0.8794537482653499,0.8388492652771591,0.8329429497209335,0.8448558971745656,0.9509367804231799,COMPLETE
2367,0.8336565884233202,2026-06-01 16:22:03.946729,2026-06-01 16:22:40.239480,0 days 00:00:36.292751,,0.6554525917970722,0.020852185229657386,16,10,0.07304535197842964,1800,208,3.5020539077618075e-05,2.1689593864819082e-07,0.877208024445373,0.8805261094546167,0.8336565884233202,0.8630843688221063,0.8061831153388823,0.949717119983664,COMPLETE
2368,0.8378016166269412,2026-06-01 16:22:40.251640,2026-06-01 16:23:18.919526,0 days 00:00:38.667886,balanced,0.6645920676174022,0.022860367010032707,16,20,0.018068800778990975,1700,224,1.5340704983905894e-05,2.273484641966189e-06,0.8668095867598489,0.8787072944022626,0.8378016166269412,0.8321407015476986,0.8435535926617973,0.950173507640898,COMPLETE
2369,0.8372220014719222,2026-06-01 16:23:18.932140,2026-06-01 16:23:57.032826,0 days 00:00:38.100686,balanced,0.6764795957559129,0.021230545019344082,16,10,0.04854767933391367,1700,240,1.1742800524720526e-05,2.3523784359824586e-08,0.8732120681763709,0.8784970342318585,0.8372220014719222,0.8330963673820703,0.8414019591189628,0.9501982849740349,COMPLETE
2370,0.8382565241128291,2026-06-01 16:23:57.045465,2026-06-01 16:24:33.296864,0 days 00:00:36.251399,balanced,0.6614842430832063,0.02211891951437539,12,10,0.019280403437446476,1600,232,7.08163126148831e-06,4.4038141781710033e-08,0.8619379911090383,0.878970133459409,0.8382565241128291,0.8320750378349961,0.8445444765302078,0.9501958055280441,COMPLETE
2371,0.8385626343850775,2026-06-01 16:24:33.308537,2026-06-01 16:25:10.783487,0 days 00:00:37.474950,balanced,0.6501155536920609,0.020477917554881625,16,10,0.03581427139163407,1800,208,2.221913595130542e-05,1.2931622231773741e-07,0.8518190345243307,0.8792750146027503,0.8385626343850775,0.8328997667899581,0.8443179887888568,0.9504880695082273,COMPLETE
2372,0.8384585108341612,2026-06-01 16:25:10.796263,2026-06-01 16:25:47.593350,0 days 00:00:36.797087,balanced,0.6710564359282608,0.022007823623082658,16,10,0.019500028549188354,1700,224,3.473840445161306e-05,1.0274799143061703e-06,0.8820207407602905,0.8794537456125804,0.8384585108341612,0.8345448802981205,0.8424211539550422,0.9508279594441532,COMPLETE
2373,0.8206651168262195,2026-06-01 16:25:47.605234,2026-06-01 16:26:03.897534,0 days 00:00:16.292300,balanced,0.6669569772757448,0.023268390700229877,6,10,0.30698506460968267,1800,224,1.5338832677549742e-05,2.556201596140179e-07,0.8668750066927511,0.8619910512865602,0.8206651168262195,0.7930210692030436,0.8503199139346583,0.9427400044653195,COMPLETE
2374,0.8332361860341867,2026-06-01 16:26:03.910790,2026-06-01 16:26:46.032166,0 days 00:00:42.121376,balanced,0.6563670515272713,0.04777014811389682,16,20,0.01786407824625495,1900,216,9.13391294692181e-06,7.510042687466986e-08,0.8926768660695165,0.8766677102330376,0.8332361860341867,0.8367983797796313,0.8297095294717174,0.9483405306054182,COMPLETE
2375,0.8401606144707099,2026-06-01 16:26:46.044322,2026-06-01 16:27:23.195100,0 days 00:00:37.150778,balanced,0.6756100079117444,0.02040412659298627,16,10,0.00025951975831596996,1700,232,4.89857387252409e-05,1.6443458358080186e-07,0.8774840551408178,0.8807994611057879,0.8401606144707099,0.8367813725627397,0.8435819036294662,0.9516099095612147,COMPLETE
2376,0.8091386793498639,2026-06-01 16:27:23.207124,2026-06-01 16:27:33.609693,0 days 00:00:10.402569,balanced,0.6616261479537674,0.021424782348786153,4,30,3.433000401078548e-05,1600,240,6.923148954730739e-06,1.5467789503414435e-06,0.8566410337394982,0.8516563987408908,0.8091386793498639,0.7747397702098219,0.8467527320083801,0.9358076646847783,COMPLETE
2377,0.8211135949018629,2026-06-01 16:27:33.621791,2026-06-01 16:27:48.032238,0 days 00:00:14.410447,balanced,0.6858236038354847,0.033477119075555214,16,80,0.8483233642474591,1700,224,2.42843495174301e-05,1.2359349547135547e-07,0.8455097006961739,0.8629687908396978,0.8211135949018629,0.7968943538973879,0.8468659758790555,0.9424555466506829,COMPLETE
2378,0.840407104161211,2026-06-01 16:27:48.044812,2026-06-01 16:28:18.770482,0 days 00:00:30.725670,balanced,0.6671365093898696,0.024345602531915714,16,10,0.0003076573631337522,1500,216,1.2132747687602604e-05,2.8235564951679496e-07,0.871293504203161,0.8809256235083581,0.840407104161211,0.8366271249246301,0.8442330558858502,0.9515624420257925,COMPLETE
2379,0.8363654649916091,2026-06-01 16:28:18.782622,2026-06-01 16:28:51.059727,0 days 00:00:32.277105,balanced,0.6561487435974104,0.020407624137091518,16,20,0.04671452294467236,1800,160,1.9819419305477713e-05,9.741820159472884e-07,0.8843111744172112,0.8766782297905825,0.8363654649916091,0.824446927066767,0.8486495668421946,0.9497077498343596,COMPLETE
2380,0.8384043220190235,2026-06-01 16:28:51.072875,2026-06-01 16:29:26.852533,0 days 00:00:35.779658,balanced,0.6771150577729252,0.016659763947279072,16,10,0.034096302908384675,1600,232,6.501579070935276e-05,1.8460615073656343e-07,0.862949502469309,0.8787598683150618,0.8384043220190235,0.8300734139983758,0.8469225978143933,0.9505067588314476,COMPLETE
2381,0.8311105792979726,2026-06-01 16:29:26.864520,2026-06-01 16:29:52.747097,0 days 00:00:25.882577,balanced,0.6618233318671286,0.021951764067313546,16,20,0.4073265824057671,1900,216,3.209675084346486e-05,9.475623588345851e-08,0.8525201111670895,0.8718630979661253,0.8311105792979726,0.8139776994742661,0.8489892984542212,0.9465741645387356,COMPLETE
2382,0.8017995568588211,2026-06-01 16:29:52.760186,2026-06-01 16:29:57.790655,0 days 00:00:05.030469,balanced,0.6717877332653143,0.019905334394586086,8,10,0.030227012494247293,300,232,6.558116505743193e-06,2.1305803201581556e-06,0.8997203956833697,0.8480818644277001,0.8017995568588211,0.7776895394421225,0.8274729630258763,0.9325720242642325,COMPLETE
2383,0.8364942029107573,2026-06-01 16:29:57.803497,2026-06-01 16:30:35.906253,0 days 00:00:38.102756,balanced,0.6897538526089513,0.024029130638884046,16,10,0.06009153282651522,1700,240,1.097527108660875e-05,2.599118477358253e-07,0.8712427179551623,0.8782342018066362,0.8364942029107573,0.8342747059455632,0.8387407281580884,0.9497646823555028,COMPLETE
2384,0.8387049116577182,2026-06-01 16:30:35.919314,2026-06-01 16:31:08.461473,0 days 00:00:32.542159,balanced,0.6551968608920424,0.02048406949974574,16,10,0.017733043735127553,1600,208,1.575550956847674e-05,1.2396446396812802e-06,0.878915254364919,0.8790647604010774,0.8387049116577182,0.8309034633485561,0.8466677991053735,0.9508582020566795,COMPLETE
2385,0.8366234639220385,2026-06-01 16:31:08.484322,2026-06-01 16:31:50.329298,0 days 00:00:41.844976,balanced,0.6807680586268149,0.0213017923001558,16,20,0.03496042254922944,1800,224,6.167673191178126e-06,6.149709201757709e-08,0.8602267090041703,0.8778241764852547,0.8366234639220385,0.8309759993514699,0.8423645320197045,0.9498007177617368,COMPLETE
