number,value,datetime_start,datetime_complete,duration,params_class_weight,params_colsample_bytree,params_learning_rate,params_max_depth,params_min_child_samples,params_min_split_gain,params_n_estimators,params_num_leaves,params_reg_alpha,params_reg_lambda,params_subsample,user_attrs_accuracy,user_attrs_f1,user_attrs_precision,user_attrs_recall,user_attrs_roc_auc,state
1105,0.8368669889684277,2026-06-01 03:50:53.978592,2026-06-01 03:51:36.344482,0 days 00:00:42.365890,balanced,0.8605200515649568,0.010983742951895768,14,10,0.05188114909747774,1800,256,0.0004901342593905297,6.341454041948387e-07,0.734771357979898,0.8772985109716176,0.8368669889684277,0.8265194086001749,0.8474888171677707,0.9498247320840395,COMPLETE
1106,0.8369080805436401,2026-06-01 03:51:36.354622,2026-06-01 03:52:20.731068,0 days 00:00:44.376446,balanced,0.8938377851366673,0.01174486795352452,14,20,0.033739711362665695,1900,240,0.0010801283123609328,0.010239849625443985,0.7211161862660974,0.8771828631526497,0.8369080805436401,0.825577074699113,0.848564633939188,0.9497172193763923,COMPLETE
1107,0.8383898481251322,2026-06-01 03:52:20.751110,2026-06-01 03:53:07.048448,0 days 00:00:46.297338,balanced,0.8659899997488694,0.012457686199285199,14,10,0.01811289478403374,2000,248,0.002415533477612532,1.0629828294389043e-08,0.7803500272485198,0.8788334654263338,0.8383898481251322,0.8306030793113347,0.846328067493347,0.9506511577111446,COMPLETE
1108,0.8355729436721853,2026-06-01 03:53:07.058490,2026-06-01 03:53:51.374877,0 days 00:00:44.316387,balanced,0.8505372563878077,0.013218149261354492,14,10,0.146028360177009,1900,256,0.0006703791010923352,2.842863131583479e-07,0.7457742912172093,0.8768148978236576,0.8355729436721853,0.8284305974625771,0.8428458184700753,0.949063658116939,COMPLETE
1109,0.8207239865408728,2026-06-01 03:53:51.385996,2026-06-01 03:54:04.198473,0 days 00:00:12.812477,balanced,0.88082885477112,0.014540263866109042,8,10,0.02020133243452068,1000,240,0.0004254766180888477,0.021892348043700514,0.7275840344286688,0.8621908114635947,0.8207239865408728,0.7939079984495868,0.8494422739369232,0.9430802821015286,COMPLETE
1110,0.8271041877623938,2026-06-01 03:54:04.209452,2026-06-01 03:54:27.759102,0 days 00:00:23.549650,,0.876218592802258,0.011355884034846284,14,20,0.0580603633433343,1100,248,0.0016667413596571366,6.283840238439828e-08,0.7643196382594728,0.8763417733947968,0.8271041877623938,0.8601697524866881,0.7965007643961272,0.9481332864311818,COMPLETE
1111,0.8359859321754969,2026-06-01 03:54:27.770261,2026-06-01 03:54:56.795250,0 days 00:00:29.024989,balanced,0.8690833359328348,0.012187886787313178,14,10,0.03059069914658244,1300,256,0.0032052338513893185,0.03581456700078701,0.7507236636777923,0.8761105019633827,0.8359859321754969,0.822241051343787,0.8502066700639827,0.949812394862423,COMPLETE
1112,0.8386274966229053,2026-06-01 03:54:56.815149,2026-06-01 03:55:43.642901,0 days 00:00:46.827752,balanced,0.8595956315642759,0.012936351876939324,14,10,0.017245757575113218,2000,248,0.0011112880692061883,2.4754855833801723e-08,0.7393411903171626,0.8791698896572889,0.8386274966229053,0.831929831621537,0.8454504274956118,0.9505962229370448,COMPLETE
1113,0.7989187378947373,2026-06-01 03:55:43.662169,2026-06-01 03:55:51.251023,0 days 00:00:07.588854,balanced,0.8452290543729231,0.010893258911279931,6,20,0.00010159138483662068,800,256,0.004590663669602406,1.9888070913510577e-07,0.7322768331594443,0.8451591447668688,0.7989187378947373,0.7715404270029508,0.8283222920559425,0.9304359582072254,COMPLETE
1114,0.8361450458590131,2026-06-01 03:55:51.262260,2026-06-01 03:56:35.309705,0 days 00:00:44.047445,balanced,0.8856923565491847,0.011869042123227888,14,30,0.04529337572708489,1900,240,0.00038781216008660247,0.017293938198169354,0.7743550196233326,0.8763628191418106,0.8361450458590131,0.8232386485041805,0.849470584904592,0.9492699437832536,COMPLETE
1115,0.8373992325066894,2026-06-01 03:56:35.320514,2026-06-01 03:57:13.145575,0 days 00:00:37.825061,balanced,0.8744887988004897,0.01376952847091734,10,10,0.017301076246913016,2000,256,2.1638769406024026e-05,0.007081081741034015,0.7154910896345495,0.8772669655628303,0.8373992325066894,0.824213999752161,0.8510276881263801,0.9496752433421519,COMPLETE
1116,0.8370862849814883,2026-06-01 03:57:13.156393,2026-06-01 03:57:57.153404,0 days 00:00:43.997011,balanced,0.8374665987213946,0.012528115832863167,14,10,0.03375637352987799,1900,248,0.000829998137029091,0.02712751935417487,0.74663391386511,0.8777505909798494,0.8370862849814883,0.828624292572614,0.8457335371723005,0.9502675584302583,COMPLETE
1117,0.8359263512404143,2026-06-01 03:57:57.164495,2026-06-01 03:58:45.979803,0 days 00:00:48.815308,balanced,0.8532692285136858,0.011470636025337124,14,20,0.06643444636441509,2000,256,0.0019167418715294426,0.054120764319795275,0.7589049959263255,0.876594117432516,0.8359263512404143,0.8255950358766891,0.846526244267029,0.9495011022336378,COMPLETE
1118,0.8382194499092588,2026-06-01 03:58:45.991731,2026-06-01 03:59:27.095049,0 days 00:00:41.103318,balanced,0.8646167069948382,0.016058913143523264,14,10,0.01754158488514953,1800,248,0.0005495056125207621,8.767088309287193e-08,0.7030386909250479,0.8790437259283341,0.8382194499092588,0.8327406477090739,0.8437800804031482,0.9501781936143411,COMPLETE
1119,0.8365350263983551,2026-06-01 03:59:27.105876,2026-06-01 04:00:01.872334,0 days 00:00:34.766458,balanced,0.8792180653410316,0.013337309626383272,14,10,0.03345936990734211,2000,160,0.016924520950789133,0.009239543635465084,0.7374519862770147,0.876720281161471,0.8365350263983551,0.8240520435481612,0.8494139629692543,0.9499130430918982,COMPLETE
1120,0.8378565688936431,2026-06-01 04:00:01.883045,2026-06-01 04:00:48.538118,0 days 00:00:46.655073,balanced,0.8911347440164046,0.012133991290858608,14,10,0.01685682484210364,2000,240,0.0012462754428965712,1.4360601690358036e-07,0.7197153087845765,0.8784444722565222,0.8378565688936431,0.8301626326835461,0.8457052262046316,0.9504176001309944,COMPLETE
1121,0.8363412928907238,2026-06-01 04:00:48.548310,2026-06-01 04:01:34.584726,0 days 00:00:46.036416,balanced,0.900762255382263,0.010601556594855363,14,20,0.05428392911929025,1900,256,0.0003264643997229601,4.049124170652224e-08,0.7275770158553541,0.8767202781771052,0.8363412928907238,0.8247917888232096,0.8482249023271615,0.9494140011958497,COMPLETE
1122,0.839330217919537,2026-06-01 04:01:34.595644,2026-06-01 04:02:21.342333,0 days 00:00:46.746689,balanced,0.8697000532016759,0.014349018786296323,14,10,0.0010572632848912192,2000,248,0.002712957653014721,0.016398861284769316,0.7529933781970396,0.879884800101166,0.839330217919537,0.8339149133571918,0.8448275862068965,0.9509845182592299,COMPLETE
1123,0.8255302092148371,2026-06-01 04:02:21.352456,2026-06-01 04:02:55.291117,0 days 00:00:33.938661,balanced,0.8584965038893899,0.09698931087833741,14,10,0.0869854616114681,1900,248,0.005847952325333071,0.03690736225440627,0.7414274130342624,0.8714530716499551,0.8255302092148371,0.8322486528083068,0.818923050789876,0.9441424530391972,COMPLETE
1124,0.8387210257469001,2026-06-01 04:02:55.301218,2026-06-01 04:03:45.977789,0 days 00:00:50.676571,balanced,0.8509693709882292,0.012859342886978521,16,20,0.017530330679449525,2000,256,0.0007346263863417419,0.004262591445226261,0.7334233667945615,0.8791488634744504,0.8387210257469001,0.831395606677208,0.8461865126550024,0.9501121154820783,COMPLETE
1125,0.8376749743381143,2026-06-01 04:03:45.988085,2026-06-01 04:04:28.928787,0 days 00:00:42.940702,balanced,0.8635865182718909,0.011574550432488421,14,10,0.033738493165459245,1900,240,0.0016996849325280317,0.023262086899728637,0.7658508374955534,0.8779187971265957,0.8376749743381143,0.827391376779301,0.8482249023271615,0.9502671116255952,COMPLETE
1126,0.8378973620050578,2026-06-01 04:04:28.938729,2026-06-01 04:05:14.922056,0 days 00:00:45.983327,balanced,0.8831169963905969,0.012342205080382479,12,10,0.016226027924637655,2000,256,0.00023704804017791632,0.01440302343164455,0.7459026289960864,0.8782236938549578,0.8378973620050578,0.8285306533071347,0.8474888171677709,0.9502573819229102,COMPLETE
1127,0.8362076476849394,2026-06-01 04:05:14.932444,2026-06-01 04:05:59.843380,0 days 00:00:44.910936,balanced,0.7648984209782064,0.013551879897868014,14,20,0.04630204840524815,1900,248,8.040054464463427e-05,0.04746019362908119,0.7103098950462121,0.8768464409112715,0.8362076476849394,0.826145087543558,0.846526244267029,0.9493490357200066,COMPLETE
1128,0.8383452088570874,2026-06-01 04:05:59.853546,2026-06-01 04:06:42.569628,0 days 00:00:42.716082,balanced,0.8730149891713473,0.01106100343508291,14,10,0.017704196293741127,1800,256,0.0004357207384824019,8.332951330624641e-06,0.7257251158763272,0.8785601187491056,0.8383452088570874,0.8289754807171122,0.8479417926504729,0.9503807194346426,COMPLETE
1129,0.8016607179445007,2026-06-01 04:06:42.589641,2026-06-01 04:06:54.662339,0 days 00:00:12.072698,,0.8401613256328512,0.015277689740714128,4,10,0.03392244787012856,2000,232,3.182744254053785e-05,0.029449375007581092,0.7441453928045673,0.8592155062840976,0.8016607179445007,0.8405825704574011,0.7662080289904308,0.9352027714761948,COMPLETE
1130,0.8381256730905324,2026-06-01 04:06:54.673925,2026-06-01 04:07:41.821423,0 days 00:00:47.147498,balanced,0.8556784850050001,0.011887821692704487,14,20,0.01478158966449621,2000,240,0.0033063265613380707,0.007549696081878747,0.7538562559820694,0.8782552213575509,0.8381256730905324,0.8278155539386178,0.8487061887775326,0.9501545844317674,COMPLETE
1131,0.8297691359742232,2026-06-01 04:07:41.832751,2026-06-01 04:08:17.676948,0 days 00:00:35.844197,balanced,0.8662151104443558,0.01280772780421295,14,120,0.05154728600692722,1900,248,0.001025546965429674,5.176244660085704e-08,0.7190456383144361,0.8700968438943187,0.8297691359742232,0.808177408434838,0.8525564803804994,0.9467426298161662,COMPLETE
1132,0.8385970098062788,2026-06-01 04:08:17.687095,2026-06-01 04:09:06.595558,0 days 00:00:48.908463,balanced,0.8776150194398177,0.011316046084399982,14,10,0.00015996413763274178,2000,256,0.0006143755868555094,0.062284430450102846,0.7388505514804803,0.8788755177920109,0.8385970098062788,0.8300613600408164,0.8473189513617575,0.9509447008561893,COMPLETE
1133,0.8390227903555513,2026-06-01 04:09:06.605797,2026-06-01 04:09:51.234294,0 days 00:00:44.628497,balanced,0.6952387623850473,0.010396569080434534,14,10,0.00036497855912945743,1900,248,0.002253089338674961,8.908592323569608e-08,0.7313813197073953,0.878759866988677,0.8390227903555513,0.8275851179126085,0.8508012003850292,0.9507301734438626,COMPLETE
1134,0.8375131070029629,2026-06-01 04:09:51.245541,2026-06-01 04:10:22.504760,0 days 00:00:31.259219,balanced,0.8874888221592129,0.014162127539326072,14,10,0.03335125430841725,1400,256,0.00017261076226953985,2.6569025706476296e-08,0.7343895987455418,0.8777611075530287,0.8375131070029629,0.8269940250945936,0.8483098352301681,0.9501003698808624,COMPLETE
1135,0.8366174487322096,2026-06-01 04:10:22.515837,2026-06-01 04:11:10.491831,0 days 00:00:47.975994,balanced,0.8961005091655085,0.01244661560915904,14,20,0.017454651480981034,2000,240,0.0003178973675986675,0.011887782338561555,0.6876669466788864,0.8772564549583826,0.8366174487322096,0.827220672792447,0.8462431345903402,0.9497955613947142,COMPLETE
1136,0.8300394220418825,2026-06-01 04:11:10.501807,2026-06-01 04:11:35.296594,0 days 00:00:24.794787,balanced,0.8719098255342854,0.013221830356103217,8,10,0.06677235954333793,2000,256,0.004764135234971586,0.023015466232341738,0.7506533056493476,0.870075836280867,0.8300394220418825,0.8071553972511424,0.8542834494083008,0.9468484617315772,COMPLETE
1137,0.8348748356776811,2026-06-01 04:11:35.306782,2026-06-01 04:12:06.325848,0 days 00:00:31.019066,balanced,0.7486482660377601,0.01179229731291102,14,10,0.03532780491219561,1900,144,0.0012720041358823197,0.005056518767295103,0.7685874004062806,0.8747227394100371,0.8348748356776811,0.817689760500281,0.8528112790895194,0.949345820626065,COMPLETE
1138,0.8168705769196212,2026-06-01 04:12:06.336198,2026-06-01 04:12:23.128975,0 days 00:00:16.792777,balanced,0.8466625731190249,0.010918544559227944,6,20,0.0010592535354917178,2000,248,0.00048503962404619904,0.041158048597117594,0.7593631029943532,0.8584375229288402,0.8168705769196212,0.7860690997416285,0.8502066700639829,0.9408691200620475,COMPLETE
1139,0.8380179590051126,2026-06-01 04:12:23.140026,2026-06-01 04:13:08.550599,0 days 00:00:45.410573,balanced,0.8603040374271217,0.01229259091591611,14,10,0.01811358722577346,1900,256,0.009776985880371264,1.6480656613004858e-08,0.7239919824025445,0.8785496035023109,0.8380179590051126,0.8302026195516587,0.8459883358813204,0.9504061255978566,COMPLETE
1140,0.8335824601655731,2026-06-01 04:13:08.561596,2026-06-01 04:13:46.294341,0 days 00:00:37.732745,balanced,0.8265518383167823,0.013471162951842995,14,10,0.32530145043927344,1800,248,0.0007601709267268362,0.017636302715504804,0.739412342168482,0.8747542765289197,0.8335824601655731,0.8228042632785492,0.8446577204008833,0.9478475597520765,COMPLETE
1141,0.8398344574818103,2026-06-01 04:13:46.304644,2026-06-01 04:14:31.313469,0 days 00:00:45.008825,balanced,0.8834016766242709,0.01499941644193951,14,10,0.0006069391368219734,2000,240,0.0002537881834862824,1.3383473496076326e-07,0.7875286046325676,0.8803263549147177,0.8398344574818103,0.834854719396079,0.8448842081422344,0.9511709494743839,COMPLETE
1142,0.8360226008394918,2026-06-01 04:14:31.323740,2026-06-01 04:15:21.747827,0 days 00:00:50.424087,balanced,0.886268729633364,0.015579435654484669,14,30,0.034223296947291,2000,232,0.00017104002412592903,2.9036350550013555e-07,0.7830101374049087,0.8769200280746579,0.8360226008394918,0.8273596062266125,0.8448842081422342,0.9493933761929759,COMPLETE
1143,0.839255616923948,2026-06-01 04:15:21.759259,2026-06-01 04:16:05.182010,0 days 00:00:43.422751,balanced,0.8944813853891482,0.01486621875450285,14,20,0.0004663481966248544,1900,240,5.0717824255916195e-05,2.4297094967660326e-07,0.7934602867196904,0.8794432403136715,0.839255616923948,0.83122352565516,0.8474605062001018,0.950706970535125,COMPLETE
1144,0.8371324964861336,2026-06-01 04:16:05.193115,2026-06-01 04:16:48.553964,0 days 00:00:43.360849,balanced,0.9049903030216755,0.016162940661142426,14,10,0.050366403317917155,2000,232,7.927865823250944e-05,3.958837865983839e-07,0.7923682989283103,0.8784760037382696,0.8371324964861336,0.8333036784156165,0.8410056055715985,0.9501539332881279,COMPLETE
1145,0.8381074592571003,2026-06-01 04:16:48.564347,2026-06-01 04:17:32.466578,0 days 00:00:43.902231,balanced,0.8904829633892136,0.016828534148848256,14,10,0.018431029895676108,2000,232,0.00019779053602950083,1.5289258567156768e-07,0.780587291298296,0.8791488588321039,0.8381074592571003,0.8339046529613033,0.8423645320197045,0.9505650778100918,COMPLETE
1146,0.8353312207623609,2026-06-01 04:17:32.486403,2026-06-01 04:18:06.226122,0 days 00:00:33.739719,balanced,0.8829800294514677,0.014655372531320935,10,20,0.02012376071728605,1900,240,0.00014576147338881133,1.9652560390520927e-07,0.791250209856294,0.8751012249597666,0.8353312207623609,0.8183579127618849,0.8530377668308703,0.9492517943541294,COMPLETE
1147,0.8378431132126151,2026-06-01 04:18:06.237477,2026-06-01 04:18:50.636553,0 days 00:00:44.399076,balanced,0.8963922633681528,0.01603047247212504,14,10,0.0339795489651347,2000,240,0.00027581911711207694,8.468190474453225e-08,0.8056615955027683,0.8790121901358363,0.8378431132126151,0.8340410726419267,0.8416850687956515,0.9504787451778082,COMPLETE
1148,0.8331244178466809,2026-06-01 04:18:50.648036,2026-06-01 04:19:32.126688,0 days 00:00:41.478652,balanced,0.8809345878681069,0.014796036586008214,14,10,0.2647477348063261,2000,232,9.42271097295142e-05,1.59414152575619e-07,0.7841642794964739,0.874733243050965,0.8331244178466809,0.8244237574841425,0.8420248004076779,0.948214170587876,COMPLETE
1149,0.8401665401646575,2026-06-01 04:19:32.137088,2026-06-01 04:20:13.791480,0 days 00:00:41.654392,balanced,0.8871248456676629,0.01578585591043853,16,10,0.0001234909913057307,1900,240,0.0002635947012283955,1.1372440971137511e-07,0.7815591177404191,0.8806838053285114,0.8401665401646575,0.8359288432839783,0.8444595436272012,0.9514258929252399,COMPLETE
1150,0.8365546747259366,2026-06-01 04:20:13.806604,2026-06-01 04:20:58.251019,0 days 00:00:44.444415,,0.9021459828721033,0.016066007104140714,16,10,0.0005762915853636454,2000,240,0.00011069474128937215,1.2156155970913085e-07,0.7774531312547599,0.8822292707192715,0.8365546747259366,0.8631157108411855,0.8115905101636374,0.9513182721641309,COMPLETE
1151,0.8320069193285203,2026-06-01 04:20:58.262179,2026-06-01 04:21:21.514280,0 days 00:00:23.252101,balanced,0.8882528612719253,0.01633478563662179,8,20,0.00044215683886584053,1900,232,0.0001629069887128315,1.2386497394849536e-07,0.7847621710109212,0.8715477115238751,0.8320069193285203,0.8088770200389445,0.8565200158541421,0.9478025600216201,COMPLETE
1152,0.8366308403516367,2026-06-01 04:21:21.525320,2026-06-01 04:22:04.614523,0 days 00:00:43.089203,balanced,0.89661290069219,0.017186793909215056,16,10,0.070601683065357,2000,232,6.198920682187922e-05,2.3341335350324365e-07,0.7965647053106768,0.8783393360367905,0.8366308403516367,0.8344237378695897,0.8388539720287639,0.9499980843788215,COMPLETE
1153,0.8377086645767743,2026-06-01 04:22:04.625861,2026-06-01 04:22:45.400721,0 days 00:00:40.774860,balanced,0.8891199916899704,0.016515574076546698,16,10,0.048388831800643815,1900,232,0.0002307120587771491,1.326332004835412e-07,0.7852893761914709,0.8787703905253763,0.8377086645767743,0.8329773317312418,0.8425060868580488,0.9503007275544814,COMPLETE
1154,0.8374151840583206,2026-06-01 04:22:45.411548,2026-06-01 04:23:29.840834,0 days 00:00:44.429286,balanced,0.8925755351262803,0.015983775407351766,16,20,0.03308796086859106,2000,224,0.00018484768137387624,4.055753691033914e-07,0.7908096454388881,0.87832881349488,0.8374151840583206,0.8311600189020344,0.8437800804031482,0.9500126601479252,COMPLETE
1155,0.8347746932910048,2026-06-01 04:23:29.852072,2026-06-01 04:23:45.304471,0 days 00:00:15.452399,balanced,0.9080742661008318,0.014919014645236327,16,10,0.00037180269850362437,700,240,0.00010586172556589294,9.672384303456867e-08,0.7803795535207435,0.8744493920696165,0.8347746932910048,0.8163583467653099,0.8540569616669499,0.9493006013694024,COMPLETE
1156,0.8309048758343369,2026-06-01 04:23:45.315412,2026-06-01 04:24:21.478702,0 days 00:00:36.163290,balanced,0.8976960066846852,0.015172217793183689,16,150,0.019818444378247854,1800,232,0.00027595731707443806,6.501974330346558e-08,0.7752309563967666,0.8712427985472996,0.8309048758343369,0.8109497131259923,0.8518770171564464,0.9473288259588285,COMPLETE
1157,0.8353492383927384,2026-06-01 04:24:21.489788,2026-06-01 04:25:05.572585,0 days 00:00:44.082797,balanced,0.8860166823968667,0.015637688160286954,16,20,0.09749282084951469,1900,240,0.007460684473134611,1.9025052976125295e-07,0.7871048577938425,0.8766466777498714,0.8353492383927384,0.8282093909051577,0.8426193307287243,0.9491940105953978,COMPLETE
1158,0.8239955138323006,2026-06-01 04:25:05.584004,2026-06-01 04:25:13.080637,0 days 00:00:07.496633,balanced,0.8925405190985417,0.017021331714266584,16,10,0.018110614305478813,300,240,0.0035090781681048977,1.378980497554381e-07,0.7893819061151448,0.8657863802495287,0.8239955138323006,0.8031510173789392,0.8459883358813204,0.9442720248505531,COMPLETE
1159,0.8382861873408087,2026-06-01 04:25:13.100167,2026-06-01 04:25:56.823616,0 days 00:00:43.723449,balanced,0.8849561063090369,0.015486207208268401,16,10,0.05287419881264306,2000,232,0.0023482264403553036,8.230669315538831e-08,0.7774607502798132,0.8792329721849588,0.8382861873408087,0.8337542653539898,0.8428741294377442,0.950390323197341,COMPLETE
1160,0.8399214797083463,2026-06-01 04:25:56.834726,2026-06-01 04:26:41.143530,0 days 00:00:44.308804,balanced,0.9013010150390495,0.015070890105204153,16,10,0.00011168171981713816,2000,240,0.005045333535631366,6.25476787130083e-08,0.7799012904598653,0.8805681598307166,0.8399214797083463,0.836163353215893,0.8437234584678105,0.9513235426456109,COMPLETE
1161,0.834788433281274,2026-06-01 04:26:41.154661,2026-06-01 04:27:01.132259,0 days 00:00:19.977598,balanced,0.9037978472439528,0.015678807546011583,16,20,0.030966334129276154,900,240,0.006173337418065602,7.75154247956359e-08,0.7757854710781713,0.8748699233530991,0.834788433281274,0.8189305457101059,0.8512824868354002,0.9492195023645335,COMPLETE
1162,0.838594399463298,2026-06-01 04:27:01.151814,2026-06-01 04:27:42.832742,0 days 00:00:41.680928,balanced,0.9041175064555822,0.014833592902695331,16,10,0.016814364022920258,1900,240,0.011588173198309536,9.597944086230118e-08,0.8000335837269738,0.8793381044255361,0.838594399463298,0.8332053664627378,0.844063190079837,0.9508321155741813,COMPLETE
1163,0.8371570758082244,2026-06-01 04:27:42.843841,2026-06-01 04:28:27.762905,0 days 00:00:44.919064,balanced,0.8993141121235482,0.01688048749980554,16,10,0.0313426476924021,2000,240,0.005570619888633321,1.8790199295853463e-07,0.7848424185784721,0.878686274851348,0.8371570758082244,0.8346671163885532,0.8396749900911612,0.9504653236280071,COMPLETE
1164,0.8225637245444998,2026-06-01 04:28:27.773026,2026-06-01 04:28:44.670101,0 days 00:00:16.897075,balanced,0.9046204808556824,0.0162478568119852,6,10,0.05209322866613239,2000,240,0.01950332398853476,1.1988778678422663e-07,0.7745371820663577,0.8631790715690656,0.8225637245444998,0.7934062517387043,0.8539720287639431,0.9436761340180748,COMPLETE
1165,0.8265701582747546,2026-06-01 04:28:44.680577,2026-06-01 04:29:03.711774,0 days 00:00:19.031197,balanced,0.9049709691486069,0.014984472160955555,16,90,0.00036644439549165934,1900,48,0.010036580640194581,5.347425625749757e-08,0.7972565473421969,0.8666484703257172,0.8265701582747546,0.7993751260994352,0.8556989977917445,0.9459927526380438,COMPLETE
