number,value,datetime_start,datetime_complete,duration,params_class_weight,params_colsample_bytree,params_learning_rate,params_max_depth,params_min_child_samples,params_min_split_gain,params_n_estimators,params_num_leaves,params_reg_alpha,params_reg_lambda,params_subsample,user_attrs_accuracy,user_attrs_f1,user_attrs_precision,user_attrs_recall,user_attrs_roc_auc,state
614,0.8340722220872805,2026-05-31 22:24:11.825001,2026-05-31 22:25:00.201143,0 days 00:00:48.376142,,0.8623502264747349,0.011075249040371682,14,10,0.016411590066947743,2000,256,0.00023252907791218474,0.03934709522155714,0.7312152589807566,0.8807994534790756,0.8340722220872805,0.8633208412074778,0.8067493346922597,0.9505519274082571,COMPLETE
615,0.8371182470752011,2026-05-31 22:25:00.211785,2026-05-31 22:25:49.011891,0 days 00:00:48.800106,balanced,0.8746751471218164,0.012310189610775912,14,20,0.03563447378519254,2000,256,9.36088103319012e-05,0.015002978920635793,0.72478714405351,0.877655962711796,0.8371182470752011,0.8278745499327638,0.8465828662023668,0.9497285240487946,COMPLETE
616,0.8378650440061919,2026-05-31 22:25:49.021992,2026-05-31 22:26:36.176143,0 days 00:00:47.154151,balanced,0.8554662964674516,0.013083803574463653,14,10,0.0208501521119735,2000,248,0.00019793557441325188,0.030714146714530273,0.7127464938467022,0.8785811479163098,0.8378650440061919,0.8310550670865345,0.8447992752392276,0.9503671459936549,COMPLETE
617,0.8360185813136423,2026-05-31 22:26:36.186796,2026-05-31 22:27:23.114491,0 days 00:00:46.927695,balanced,0.877634003434251,0.011568786342116617,14,20,0.05318965202232009,2000,240,0.00012859387540569512,0.09187293129063323,0.7404913726570812,0.876499489496059,0.8360185813136423,0.8246249593726938,0.8477436158767908,0.9495542071113364,COMPLETE
618,0.8367380045359046,2026-05-31 22:27:23.124493,2026-05-31 22:28:11.463077,0 days 00:00:48.338584,balanced,0.8635127668878612,0.010787427441258476,14,10,0.08226357645989746,2000,256,0.0002601844697448064,0.023142449662007562,0.7280255478375735,0.8773300484220963,0.8367380045359046,0.8272365284884851,0.8464696223316913,0.9497007157571367,COMPLETE
619,0.8304609157326471,2026-05-31 22:28:11.472508,2026-05-31 22:28:44.488682,0 days 00:00:33.016174,balanced,0.8538076412037812,0.012231592372742156,14,10,0.5715562087606021,2000,248,0.00031055141893350274,0.04701299407787273,0.7329877958032917,0.8717264359017816,0.8304609157326471,0.8155306396643383,0.8459600249136515,0.9467412851414715,COMPLETE
620,0.8383191599420313,2026-05-31 22:28:44.499162,2026-05-31 22:29:30.233581,0 days 00:00:45.734419,balanced,0.884187705710133,0.011450167705968172,14,10,0.018287545503710576,2000,240,0.0007041355320764872,0.015495098783898095,0.7499215397223342,0.8785496008495416,0.8383191599420313,0.8290046883353326,0.8478568597474662,0.9506145012302197,COMPLETE
621,0.8367433195694245,2026-05-31 22:29:30.252696,2026-05-31 22:30:19.367764,0 days 00:00:49.115068,balanced,0.8649757936700473,0.012927539295993266,14,20,0.03535785097999452,2000,256,0.0004730160825944017,0.02907145400549613,0.7243382453341493,0.8775192820780658,0.8367433195694245,0.828442702309428,0.8452239397542608,0.9496313380465748,COMPLETE
622,0.8379251540625816,2026-05-31 22:30:19.377933,2026-05-31 22:31:06.713007,0 days 00:00:47.335074,balanced,0.8495020020943277,0.010772001282258827,14,10,0.017136785126834607,2000,248,0.00016927389067662659,0.06007615038321701,0.696594492634109,0.8782657389255187,0.8379251540625816,0.8286910041842631,0.8473755732970952,0.9503049941608303,COMPLETE
623,0.8377815208987972,2026-05-31 22:31:06.723614,2026-05-31 22:31:55.953184,0 days 00:00:49.229570,balanced,0.8765979308960139,0.01205185071526928,14,20,0.016828362047014614,2000,256,0.0003062030402876495,0.015692782902658648,0.7180355138821498,0.8781395698910247,0.8377815208987972,0.8284132396943921,0.8473755732970952,0.9499190507798888,COMPLETE
624,0.8341969829361315,2026-05-31 22:31:55.963730,2026-05-31 22:32:41.984405,0 days 00:00:46.020675,balanced,0.8682709599774378,0.01127672708832281,14,10,0.25489108658701115,2000,248,0.00043804556176157104,0.024368568300272064,0.7414163558758742,0.875364057716585,0.8341969829361315,0.8243539414470274,0.844289677821188,0.9483658899476936,COMPLETE
625,0.8387823219408602,2026-05-31 22:32:41.995189,2026-05-31 22:33:27.211267,0 days 00:00:45.216078,balanced,0.8591960535560863,0.012570513000946021,14,10,0.0001843758172186895,2000,240,0.0008316425808379855,0.039969282871525166,0.7622518796427855,0.8791173160760861,0.8387823219408602,0.8309484796397184,0.846781042976049,0.9510440329336872,COMPLETE
626,0.8373140068542502,2026-05-31 22:33:27.221351,2026-05-31 22:34:15.818437,0 days 00:00:48.597086,balanced,0.8498704239849522,0.013162239985688341,14,10,0.0517817206552944,2000,256,7.544903265707671e-05,0.10983701188089376,0.7074828535449706,0.878160612653673,0.8373140068542502,0.8304674907758866,0.8442896778211879,0.949986320640015,COMPLETE
627,0.8377462848084934,2026-05-31 22:34:15.827757,2026-05-31 22:35:02.274564,0 days 00:00:46.446807,balanced,0.8915857539699884,0.011737866745505126,14,10,0.033154757925559414,2000,248,0.00023237938522392294,0.015605106855231452,0.7567727203278706,0.8783077932807729,0.8377462848084934,0.829698072109743,0.8459600249136515,0.9504019002049086,COMPLETE
628,0.8297591391987584,2026-05-31 22:35:02.285090,2026-05-31 22:35:25.741346,0 days 00:00:23.456256,balanced,0.8816782611197931,0.010581989879961626,14,20,0.000658022643668731,2000,72,0.00012143506139137472,0.02431211048359681,0.7321083490277038,0.8695711893233561,0.8297591391987584,0.8051586358559826,0.8559254855330956,0.9472913101219776,COMPLETE
629,0.8398016737199817,2026-05-31 22:35:25.751244,2026-05-31 22:36:14.507214,0 days 00:00:48.755970,balanced,0.8579079953600505,0.012258826909915999,14,10,0.00029207514258334166,2000,256,0.0005618831397907446,0.061576307956280205,0.7228274512484911,0.879926849150881,0.8398016737199817,0.8322610084502147,0.8474888171677709,0.9509171638377806,COMPLETE
630,0.8386115796412189,2026-05-31 22:36:14.516588,2026-05-31 22:37:02.669222,0 days 00:00:48.152634,balanced,0.8714639610611534,0.01317590518405673,14,20,0.00012416388681747297,2000,248,0.0006140462952184716,0.06773813677228027,0.7218338561303216,0.8789596235181535,0.8386115796412189,0.8305826923771559,0.8468093539437178,0.9503104828253899,COMPLETE
631,0.8371338152695295,2026-05-31 22:37:02.679866,2026-05-31 22:37:51.573260,0 days 00:00:48.893394,balanced,0.6772193022606668,0.011198992104991217,14,10,0.03437978286302746,2000,256,0.0009236596941286514,0.1658873080106027,0.7241190250384497,0.8774246720478031,0.8371338152695295,0.8262833962647463,0.8482815242624993,0.9500041286496433,COMPLETE
632,0.8380039129579903,2026-05-31 22:37:51.583701,2026-05-31 22:38:37.769008,0 days 00:00:46.185307,balanced,0.8618240840535968,0.012497576542477247,14,10,0.018678607690732575,2000,240,0.00045915859698015664,0.04201428312275252,0.7156782965179966,0.8784970272683386,0.8380039129579903,0.8299021235019843,0.8462714455580093,0.950380918250886,COMPLETE
633,0.8305775352421144,2026-05-31 22:38:37.778524,2026-05-31 22:39:17.406661,0 days 00:00:39.628137,balanced,0.8751686161571571,0.011655395041322403,14,100,0.07484796016634937,2000,248,0.0006445459084406468,0.0724210910478907,0.7343888143258296,0.8709799687748468,0.8305775352421144,0.8105589210319363,0.8516222184474266,0.9471143740301925,COMPLETE
634,0.831958333219846,2026-05-31 22:39:17.416149,2026-05-31 22:40:06.267746,0 days 00:00:48.851597,,0.8587673644904197,0.01098594004542482,14,20,0.04847920816728244,2000,256,0.0001666567902667901,0.13563211552678567,0.7311418376922613,0.879327586194376,0.831958333219846,0.8614813570025884,0.8043995243757432,0.9495273537206779,COMPLETE
635,0.8388504513644621,2026-05-31 22:40:06.277856,2026-05-31 22:40:53.858843,0 days 00:00:47.580987,balanced,0.8679075138063819,0.01233150390590241,14,10,0.00029590817808232005,2000,248,0.0010077178674500348,0.09612609762993571,0.7028321860784973,0.8791698876677119,0.8388504513644621,0.8309901310605993,0.8468659758790555,0.9507579761691738,COMPLETE
636,0.8381206629971082,2026-05-31 22:40:53.869058,2026-05-31 22:41:40.139211,0 days 00:00:46.270153,balanced,0.8853439096132854,0.013000363148831713,14,10,0.031186211179140277,2000,240,0.00036951517750478583,0.05306869812303849,0.7423549740651896,0.8785916545416033,0.8381206629971082,0.8300743449095046,0.846328067493347,0.9502728311882193,COMPLETE
637,0.8368496301433702,2026-05-31 22:41:40.150000,2026-05-31 22:42:29.682485,0 days 00:00:49.532485,balanced,0.8542620550228658,0.01175508730358374,14,20,0.019245977178527503,2000,256,0.00024645249272334756,0.49759121348820484,0.7107481100659849,0.8770672087017578,0.8368496301433702,0.8250597054751977,0.8489892984542212,0.949635373007007,COMPLETE
638,0.8388999813514104,2026-05-31 22:42:29.692350,2026-05-31 22:43:16.026638,0 days 00:00:46.334288,balanced,0.8642017405099939,0.010497750156058189,14,10,6.221637194507947e-05,2000,240,0.0004965408755923421,0.037255261546461034,0.7164666092592445,0.8788649992292544,0.8388999813514104,0.8287613075553866,0.8493007190985787,0.9507605538524778,COMPLETE
639,0.8373585938330462,2026-05-31 22:43:16.036148,2026-05-31 22:44:02.975493,0 days 00:00:46.939345,balanced,0.8809144518903045,0.011436967107516538,14,10,0.0605344357288784,2000,248,0.0008683062549231087,0.016142958032530266,0.7270573022632449,0.8778767391237835,0.8373585938330462,0.82837058652024,0.846554555234698,0.949961065224545,COMPLETE
640,0.8212432937880937,2026-05-31 22:44:02.986119,2026-05-31 22:44:36.175555,0 days 00:00:33.189436,balanced,0.8464751140979501,0.013318608463859103,14,10,0.01955944134314517,2000,256,7.960608564967227,4.717265070824469e-07,0.7458717136647028,0.8629898074062466,0.8212432937880937,0.7965852403824916,0.8474888171677707,0.9426081321541083,COMPLETE
641,0.8370885656045816,2026-05-31 22:44:36.185722,2026-05-31 22:45:24.511350,0 days 00:00:48.325628,balanced,0.8568825386441815,0.012320278328639135,14,20,0.04133411963952033,2000,248,0.0003203350251798873,0.23680067607740043,0.7202774238835467,0.8774141498374886,0.8370885656045816,0.8263863337250035,0.8480833474888172,0.9496054714823107,COMPLETE
642,0.8371384636591451,2026-05-31 22:45:24.521391,2026-05-31 22:46:11.913687,0 days 00:00:47.392296,balanced,0.8737495918148853,0.01184251849892265,14,20,0.02348936534697549,2000,240,0.00017488988903346003,0.08172099410805758,0.7257390194336006,0.8774351773467117,0.8371384636591451,0.8263265528460848,0.8482532132948304,0.9498907578128399,COMPLETE
643,0.8383531960336114,2026-05-31 22:46:11.934746,2026-05-31 22:47:00.092567,0 days 00:00:48.157821,balanced,0.8660318003069553,0.011166659241933134,14,10,0.017560686343347072,2000,256,0.0006044932271165468,0.03843646051829958,0.7336319977935801,0.878644217180132,0.8383531960336114,0.8295062850854364,0.8474038842647641,0.9503885078165707,COMPLETE
644,0.8375538714883811,2026-05-31 22:47:00.101922,2026-05-31 22:47:46.126446,0 days 00:00:46.024524,balanced,0.8901184594371737,0.012715983136028463,14,10,0.044418200649341766,2000,240,0.00010485084214449123,0.012547063167423397,0.712807338175581,0.8783183032220282,0.8375538714883811,0.8305550055032005,0.8446860313685521,0.9500117825822887,COMPLETE
645,0.837595322129049,2026-05-31 22:47:46.136337,2026-05-31 22:48:33.494876,0 days 00:00:47.358539,balanced,0.8475898449343467,0.01002012551586178,14,10,0.016943592929387585,2000,248,0.00042160965848298714,0.05549528638626317,0.7383085635795057,0.8777610999263162,0.837595322129049,0.8266768102950853,0.848819432648208,0.9503074607464562,COMPLETE
646,0.8305225231307606,2026-05-31 22:48:33.505358,2026-05-31 22:48:51.091675,0 days 00:00:17.586317,balanced,0.8593905759692789,0.08685919519923774,14,20,0.035409728850546704,2000,48,0.0002742637378467818,0.028791508913485725,0.7302143479204347,0.8731036676233117,0.8305225231307606,0.8238917298958365,0.837268557839307,0.9465852436025566,COMPLETE
647,0.8390064146110876,2026-05-31 22:48:51.102019,2026-05-31 22:49:38.022281,0 days 00:00:46.920262,balanced,0.8706468908901939,0.010843415875550788,14,10,0.001020053124012366,2000,248,0.0007474757827744521,0.024836301022639368,0.7209957170222443,0.8790121947781829,0.8390064146110876,0.8293196491655541,0.8489326765188835,0.9507822499655644,COMPLETE
648,0.8374517681539672,2026-05-31 22:49:38.032853,2026-05-31 22:50:25.572733,0 days 00:00:47.539880,balanced,0.8762809098678761,0.010394483845330364,14,10,0.06450777088132094,2000,248,0.0011335561931216027,0.026697934311707434,0.7178408661288259,0.8777926453351036,0.8374517681539672,0.8274461441161796,0.8477153049091218,0.949879557479581,COMPLETE
649,0.8381706787061666,2026-05-31 22:50:25.583167,2026-05-31 22:51:13.256003,0 days 00:00:47.672836,balanced,0.8679207050754777,0.010747075257622871,14,10,0.01781510174751463,2000,256,0.000718143651922182,0.018115876352363516,0.7757885673537945,0.8784865186534678,0.8381706787061666,0.8291679585612671,0.8473755732970952,0.9505724778131182,COMPLETE
650,0.8359599903765759,2026-05-31 22:51:13.274841,2026-05-31 22:52:00.482399,0 days 00:00:47.207558,balanced,0.8808730195103124,0.0110342336024609,14,10,0.09278899516423185,2000,248,0.0005481234375608121,0.047300230556527635,0.7038195723993905,0.8768043842348442,0.8359599903765759,0.8268515608909718,0.8452805616895985,0.9496103824243775,COMPLETE
651,0.8377785415830455,2026-05-31 22:52:00.492852,2026-05-31 22:52:49.175669,0 days 00:00:48.682817,balanced,0.872321505309272,0.011463737223265597,14,10,0.03630476632857655,2000,256,0.0010310152242574665,0.0198704608108947,0.6923443038040575,0.8783498512835851,0.8377785415830455,0.8298428196301125,0.8458750920106449,0.9501395008300783,COMPLETE
652,0.8337955171392301,2026-05-31 22:52:49.186012,2026-05-31 22:53:35.657831,0 days 00:00:46.471819,,0.8572968287533276,0.01055745155689243,14,10,0.017797496909454143,2000,248,0.0003757022802771792,0.01442165087257395,0.7506137067158494,0.8805997022551383,0.8337955171392301,0.8630198183060567,0.8064945359832398,0.9504849607671572,COMPLETE
653,0.8375206999004671,2026-05-31 22:53:35.667969,2026-05-31 22:54:23.975791,0 days 00:00:48.307822,balanced,0.8634467009659406,0.011687256905987318,14,10,0.04978005458255842,2000,256,0.00024305692299853336,0.033609053264893086,0.7205432898170019,0.8781711245845054,0.8375206999004671,0.8296917372922424,0.8455070494309496,0.9500723046755164,COMPLETE
654,0.8388376429393193,2026-05-31 22:54:23.986342,2026-05-31 22:55:12.485903,0 days 00:00:48.499561,balanced,0.8782245495196642,0.011020272249175761,14,10,0.0005470310126550965,2000,256,0.0007209508735840851,0.08189330396809907,0.7388022260060861,0.8789280837465014,0.8388376429393193,0.829452283931587,0.8484513900685126,0.9509540253809478,COMPLETE
655,0.8203851654069106,2026-05-31 22:55:12.496552,2026-05-31 22:55:28.992702,0 days 00:00:16.496150,balanced,0.8858324129926433,0.012163077645356058,14,10,0.00029253550101732167,2000,32,0.00016092566089666522,0.02411395733318222,0.7264469004946049,0.8614653844465384,0.8203851654069106,0.7911447556514805,0.8519053281241152,0.9432328739672567,COMPLETE
656,0.8277995508023969,2026-05-31 22:55:29.002545,2026-05-31 22:55:57.959734,0 days 00:00:28.957189,balanced,0.8697651008687808,0.010404321605725799,14,10,0.8243304444746069,2000,240,0.0004776416749988499,0.1225665742587936,0.7151606613530469,0.8690350132052712,0.8277995508023969,0.808861744387302,0.8476586829737841,0.9455087432914726,COMPLETE
657,0.8365949740443602,2026-05-31 22:55:57.978748,2026-05-31 22:56:46.013460,0 days 00:00:48.034712,balanced,0.8506295430276724,0.011631709145542339,14,20,0.03292212476121804,2000,248,0.0009775291029980435,0.012150487087538155,0.7083444194535439,0.8771302948769857,0.8365949740443602,0.8264732748883294,0.846979219749731,0.9496565538940757,COMPLETE
658,0.8383700586552093,2026-05-31 22:56:46.023986,2026-05-31 22:57:34.541021,0 days 00:00:48.517035,balanced,0.8618788896305233,0.01226210713958141,14,10,0.01736903133366885,2000,256,0.0003006833303844684,0.05856520854712549,0.7352318959982347,0.8788755177920109,0.8383700586552093,0.8309750767463755,0.8459034029783138,0.9504828927350434,COMPLETE
659,0.8388728893632441,2026-05-31 22:57:34.551159,2026-05-31 22:58:18.613701,0 days 00:00:44.062542,balanced,0.85642615030438,0.01118730157730391,14,10,0.0002833793382238225,1900,248,0.000662540984089541,0.03448629281207846,0.7245844615172341,0.8789175631941678,0.8388728893632441,0.8292227913808407,0.8487628107128703,0.9508408195783321,COMPLETE
660,0.8375551353786724,2026-05-31 22:58:18.624064,2026-05-31 22:59:07.490666,0 days 00:00:48.866602,balanced,0.8914867719028755,0.011904165989754904,14,20,0.035309614131323205,2000,256,0.001956913277053205,0.020177656612299307,0.7296942327776871,0.877918792484249,0.8375551353786724,0.8278582444796575,0.8474888171677707,0.9497706176255405,COMPLETE
661,0.836950268801997,2026-05-31 22:59:07.500985,2026-05-31 22:59:54.416019,0 days 00:00:46.915034,balanced,0.8719462158663541,0.012543966503354043,14,10,0.06256554893166433,2000,248,0.0003629087767744616,0.046329189659127065,0.7219689442543731,0.8778031493076277,0.836950268801997,0.8295329766080767,0.844516165562539,0.9499648574178404,COMPLETE
662,0.8374675270353786,2026-05-31 22:59:54.426595,2026-05-31 23:00:38.675737,0 days 00:00:44.249142,balanced,0.8487203421379997,0.010884272649246138,14,10,0.018270768334337106,1900,248,0.0002260468005839623,0.012070461681812767,0.7133756946259308,0.8778767404501681,0.8374675270353786,0.8279308198118649,0.8472340184587509,0.9503082237382626,COMPLETE
663,0.83754455788856,2026-05-31 23:00:38.685957,2026-05-31 23:01:26.775280,0 days 00:00:48.089323,balanced,0.8659366550989183,0.010048528487740148,14,10,0.045740161244525054,2000,256,0.0005069079550787714,0.02691359520996816,0.7440313691443498,0.8778452136107675,0.83754455788856,0.8274364343770024,0.847913481682804,0.950109864569089,COMPLETE
664,0.8304591660747599,2026-05-31 23:01:26.785784,2026-05-31 23:02:03.245442,0 days 00:00:36.459658,balanced,0.8755547584650376,0.011538261671995308,14,20,0.5189474762120078,2000,240,3.8174399546662456e-05,0.07173778508021965,0.7295581525574057,0.8715897542732627,0.8304591660747599,0.8146853708727507,0.8468659758790555,0.9464609429647327,COMPLETE
665,0.8378211345867111,2026-05-31 23:02:03.255814,2026-05-31 23:02:46.164421,0 days 00:00:42.908607,balanced,0.8542239572332517,0.013140704987300142,14,10,0.018573600176365456,1900,240,0.0001209997345324368,0.039343383899529606,0.735169076645554,0.8783919026544735,0.8378211345867111,0.8299564636698115,0.845846781042976,0.9503862198786236,COMPLETE
666,0.8287473456382513,2026-05-31 23:02:46.183642,2026-05-31 23:03:11.344790,0 days 00:00:25.161148,balanced,0.8838833086690229,0.012202776498743148,14,10,0.7024041446618808,2000,256,0.0012469571364278889,0.017021537211158264,0.8374614046143156,0.8698445360005843,0.8287473456382513,0.8103073974172825,0.8480550365211483,0.9458858691913403,COMPLETE
667,0.822623899298948,2026-05-31 23:03:11.364214,2026-05-31 23:03:22.841818,0 days 00:00:11.477604,balanced,0.8444097042724465,0.10595716933197788,4,20,0.0011866861957582156,1900,248,0.0007782689065814496,0.12272616801683064,0.6974100087333086,0.8632211156448379,0.822623899298948,0.7934434616910698,0.8540569616669499,0.9429857851075186,COMPLETE
668,0.8210820749248682,2026-05-31 23:03:22.852330,2026-05-31 23:03:32.540156,0 days 00:00:09.687826,balanced,0.8623932475414264,0.01134198045356444,14,10,0.02075955959116599,400,256,0.00023452916732810447,0.012191281403145876,0.6797657852491916,0.8633998410175329,0.8210820749248682,0.7993760533288562,0.8440348791121681,0.9424577364586061,COMPLETE
669,0.836474752400146,2026-05-31 23:03:32.558753,2026-05-31 23:04:20.485554,0 days 00:00:47.926801,balanced,0.8686676468481679,0.010752317847302592,14,20,0.03474729017501607,2000,248,6.621420377633451e-05,0.06030254858264746,0.7075679949863325,0.8768043802556899,0.836474752400146,0.8248121337422075,0.8484797010361814,0.9495457973092258,COMPLETE
670,0.8381524509304813,2026-05-31 23:04:20.495389,2026-05-31 23:05:07.687217,0 days 00:00:47.191828,balanced,0.8545810662657367,0.012409729572990707,14,10,0.018503107184485897,2000,248,0.000442693927174151,0.026457092811946758,0.7185834496592476,0.8787598636727152,0.8381524509304813,0.8310641035039786,0.8453654945926052,0.9503920398382388,COMPLETE
671,0.8376258474514954,2026-05-31 23:05:07.697365,2026-05-31 23:05:50.481102,0 days 00:00:42.783737,balanced,0.8780014598217514,0.01316371083062161,14,10,0.04804820477537373,1900,240,0.00017490364685149545,0.03867851387762612,0.7552403565460162,0.8782657438994615,0.8376258474514954,0.8298996219560083,0.8455070494309496,0.9501652309678196,COMPLETE
672,0.8335099967979319,2026-05-31 23:05:50.490750,2026-05-31 23:06:38.383426,0 days 00:00:47.892676,,0.8608811395173881,0.011868313791633311,14,10,0.020182162485735903,2000,256,0.00033874414048721814,0.01922801154351196,0.7452322619779029,0.8803473804343639,0.8335099967979319,0.8623806615404321,0.8065228469509088,0.9506489656700338,COMPLETE
673,0.8252612056359038,2026-05-31 23:06:38.393674,2026-05-31 23:07:00.600069,0 days 00:00:22.206395,balanced,0.8464713769887822,0.011152941421295269,8,20,0.06203898057284986,1900,256,1.0430695844838515e-05,0.21129855911724763,0.7228549660943865,0.8659335748036687,0.8252612056359038,0.7997278053655457,0.8524998584451616,0.9449670879695026,COMPLETE
674,0.8376123625488326,2026-05-31 23:07:00.610431,2026-05-31 23:07:47.777067,0 days 00:00:47.166636,balanced,0.8899939498808107,0.011914002043532377,14,10,0.03544877528894623,2000,248,0.0012083366541425515,0.10020553583691855,0.7372412601236724,0.8781816331993761,0.8376123625488326,0.8293816309104046,0.8460166468489893,0.9502063809586976,COMPLETE
675,0.8390073485300928,2026-05-31 23:07:47.787627,2026-05-31 23:08:36.284500,0 days 00:00:48.496873,balanced,0.8356847743369793,0.012676862201437704,14,10,0.0014555904820314166,2000,256,0.0006082630429256131,0.011079397696828792,0.7147971838958281,0.8794852877054057,0.8390073485300928,0.8325033601470283,0.845620293301625,0.9508974185161797,COMPLETE
