number,value,datetime_start,datetime_complete,duration,params_class_weight,params_colsample_bytree,params_learning_rate,params_max_depth,params_min_child_samples,params_min_split_gain,params_n_estimators,params_num_leaves,params_reg_alpha,params_reg_lambda,params_subsample,user_attrs_accuracy,user_attrs_f1,user_attrs_precision,user_attrs_recall,user_attrs_roc_auc,state
245,0.837948568773748,2026-05-31 17:47:05.382990,2026-05-31 17:48:21.648680,0 days 00:01:16.265690,balanced,0.9208529211084072,0.02182249724301784,-1,50,0.0001828540131329998,1700,200,1.0530466539077753e-08,0.010747245158306237,0.9303169252061617,0.8783603545929167,0.837948568773748,0.829236317431009,0.8468659758790555,0.9503302541545612,COMPLETE
246,0.8351345723539604,2026-05-31 17:48:21.668223,2026-05-31 17:49:36.145662,0 days 00:01:14.477439,balanced,0.9219048984937411,0.02145973487768864,-1,50,0.03471704516080563,1700,200,1.0124875159736828e-08,0.014203304237411691,0.9472159552959181,0.8761104943366703,0.8351345723539604,0.8255393682287088,0.844969141045241,0.9489612811718947,COMPLETE
247,0.8347370143961174,2026-05-31 17:49:36.163997,2026-05-31 17:50:55.505814,0 days 00:01:19.341817,balanced,0.9291706890334208,0.022473390057686126,-1,50,0.03333733485145761,1800,200,3.5518830423470165e-08,0.01722757124219828,0.9344445719296103,0.876047418109328,0.8347370143961174,0.826694014480501,0.8429590623407508,0.9488744679714921,COMPLETE
248,0.8374411908172625,2026-05-31 17:50:55.528274,2026-05-31 17:52:14.440334,0 days 00:01:18.912060,balanced,0.9537314442231553,0.016365510796270872,-1,50,0.0006580546743954196,1800,192,2.2556487439734743e-08,0.0022229715057252315,0.9244879635707512,0.8773931213334767,0.8374411908172625,0.8248529279919289,0.8504331578053338,0.95028753248711,COMPLETE
249,0.8343335443324552,2026-05-31 17:52:14.453402,2026-05-31 17:53:39.463385,0 days 00:01:25.009983,balanced,0.9493181863058875,0.012205127857858471,-1,50,0.0581825907256862,1800,208,2.41686859840525e-08,0.002133880418259719,0.9414291925305367,0.8746701804190665,0.8343335443324552,0.8193975358707025,0.8498386274842874,0.9489883999195459,COMPLETE
250,0.8379032863177261,2026-05-31 17:53:39.480946,2026-05-31 17:54:53.386927,0 days 00:01:13.905981,balanced,0.9383277895994084,0.01678509417125571,-1,50,0.00012352399457497422,1700,184,3.6644002652956835e-08,0.03638283219812726,0.9114395918663288,0.8775928752101835,0.8379032863177261,0.8243490787656604,0.8519336390917841,0.9504597314217569,COMPLETE
251,0.8352207650058232,2026-05-31 17:54:53.408678,2026-05-31 17:56:03.906041,0 days 00:01:10.497363,balanced,0.956322588154218,0.016047501743188617,-1,50,0.022827538148073152,1700,176,3.086910140593822e-08,0.07548811784140934,0.9089074903911114,0.8754271296331768,0.8352207650058232,0.8208009085545257,0.850178359096314,0.949498966361975,COMPLETE
252,0.8357916235479346,2026-05-31 17:56:03.921832,2026-05-31 17:57:19.874025,0 days 00:01:15.952193,balanced,0.9583580499813182,0.016921102583246275,-1,50,0.039620033716615474,1800,184,2.271246183239816e-08,0.038427936282964294,0.9157645118834905,0.8760894731277746,0.8357916235479346,0.8228566178946162,0.8491591642602344,0.9491152963350782,COMPLETE
253,0.8261477291090604,2026-05-31 17:57:19.896935,2026-05-31 17:57:57.693011,0 days 00:00:37.796076,balanced,0.9414841484982359,0.014504935019030477,8,50,0.021504271945182223,1700,184,3.673819536185138e-08,0.00103831044565462,0.903064233502231,0.8663856564698814,0.8261477291090604,0.7993286099966476,0.8548496687616783,0.9455329234876757,COMPLETE
254,0.8282266872094373,2026-05-31 17:57:57.711000,2026-05-31 17:59:27.600946,0 days 00:01:29.889946,,0.951449088829273,0.019169557543408912,-1,160,0.018323959132701795,1800,200,3.7957837914709416e-08,0.02901118834603208,0.9196077251114356,0.875942284542366,0.8282266872094373,0.8524142285700439,0.8053904082441538,0.9472966764886065,COMPLETE
255,0.8373512765465536,2026-05-31 17:59:27.618415,2026-05-31 18:00:50.431937,0 days 00:01:22.813522,balanced,0.9441068207678739,0.015381136695217582,-1,60,0.00028938643875039245,1700,208,2.1030352313724778e-08,0.05010704926857386,0.9305339933249852,0.877067209033354,0.8373512765465536,0.8230941408472949,0.8521318158654663,0.9503191739126627,COMPLETE
256,0.8337445246376546,2026-05-31 18:00:50.450602,2026-05-31 18:02:05.846031,0 days 00:01:15.395429,balanced,0.9453552783751593,0.014302788345694,-1,50,0.052662210718743774,1600,208,2.7238750669592223e-08,0.05319398251748957,0.9460932272915724,0.8741970626221295,0.8337445246376546,0.8186232235903429,0.8494422739369232,0.9489576795160883,COMPLETE
257,0.8346939174880691,2026-05-31 18:02:05.863978,2026-05-31 18:03:27.326269,0 days 00:01:21.462291,balanced,0.9683322156687795,0.015603650718659578,-1,60,0.03268447525935352,1900,184,9.341923502632968e-05,0.14119051415842113,0.9363546894712435,0.8750696709294784,0.8346939174880691,0.8205494137779787,0.8493573410339166,0.9491133188819543,COMPLETE
258,0.8369156971185528,2026-05-31 18:03:27.344789,2026-05-31 18:04:37.208952,0 days 00:01:09.864163,balanced,0.9385769106601108,0.01584079822655178,-1,50,6.189269175011424e-05,1700,176,1.6949960741023194e-08,0.022074337319980562,0.9547849004706065,0.8764889778968227,0.8369156971185528,0.8210772583822928,0.8534058094105657,0.9504032512952835,COMPLETE
259,0.8205452899179168,2026-05-31 18:04:37.225485,2026-05-31 18:05:04.418444,0 days 00:00:27.192959,balanced,0.9613654805661946,0.018622771913868113,6,60,0.018640279825300057,1800,208,4.003701305877653e-08,0.04952471457126694,0.9316288298602632,0.8614653768198259,0.8205452899179168,0.7905925936950938,0.8528679010248571,0.9428759467938733,COMPLETE
260,0.834250418474712,2026-05-31 18:05:04.438800,2026-05-31 18:06:15.549289,0 days 00:01:11.110489,balanced,0.9510230939859903,0.013664610502084394,-1,50,0.0714190619691325,1600,192,1.4766206506325486e-08,0.0016398703412545859,0.9424303339992576,0.8743968261151259,0.834250418474712,0.8180052654508141,0.8511692429647244,0.9487343706997534,COMPLETE
261,0.8346312772031185,2026-05-31 18:06:15.580644,2026-05-31 18:07:30.598751,0 days 00:01:15.018107,balanced,0.9329353448070381,0.017214741258211524,-1,60,0.041390805181325985,1700,192,2.411380366429999e-08,0.002640674004503173,0.9282350957289166,0.8751537866035067,0.8346312772031185,0.8213209549999502,0.8483947681331747,0.9488933330484723,COMPLETE
262,0.8376500978484,2026-05-31 18:07:30.617366,2026-05-31 18:08:53.593378,0 days 00:01:22.976012,balanced,0.921517987992872,0.015144586623277157,-1,50,0.0008951427160252204,1800,200,3.9576805831868224e-08,0.0011729774119254956,0.814732689019841,0.8776454388435008,0.8376500978484,0.8256857027385504,0.8499801823226317,0.9500364429837305,COMPLETE
263,0.8325830853988659,2026-05-31 18:08:53.610925,2026-05-31 18:09:52.687165,0 days 00:00:59.076240,balanced,0.9196225174051503,0.01530364936588589,10,50,0.024842502906001977,1900,200,0.002495370676364543,0.03757192085255591,0.7971527586892038,0.8723151809587227,0.8325830853988659,0.8113829537897811,0.8549346016646848,0.9481418494389575,COMPLETE
264,0.8346587906562943,2026-05-31 18:09:52.712364,2026-05-31 18:11:17.898994,0 days 00:01:25.186630,balanced,0.9446889785108741,0.014330836548244125,-1,50,0.05262934813522483,1800,208,3.526758609288732e-08,0.0011468881695371675,0.8118641133779402,0.8753219930818489,0.8346587906562943,0.82227923862652,0.847432195232433,0.9489514825611879,COMPLETE
265,0.8354472326717941,2026-05-31 18:11:17.916553,2026-05-31 18:12:39.516483,0 days 00:01:21.599930,balanced,0.9335751922563492,0.016431191067948703,-1,50,0.017114881279016926,1800,200,4.9514783811690184e-08,0.0033814880395890722,0.829052311094471,0.8760053557957654,0.8354472326717941,0.823651946451216,0.8476020610384464,0.9495287775558969,COMPLETE
266,0.8351766281785427,2026-05-31 18:12:39.536579,2026-05-31 18:14:07.725777,0 days 00:01:28.189198,balanced,0.9186707842964583,0.01491662034345715,-1,50,0.035092427974003575,2000,192,1.3841377800384448e-08,0.005325642399239409,0.8221195855868639,0.8756794458168161,0.8351766281785427,0.8225889335725473,0.8481682803918238,0.9492967412790474,COMPLETE
267,0.8357557717249701,2026-05-31 18:14:07.756111,2026-05-31 18:15:37.293960,0 days 00:01:29.537849,balanced,0.9409144681463597,0.017853248538478545,-1,60,0.001030234420709636,1900,200,1.0073369246238432e-08,0.11197455338853429,0.8027862789829545,0.87647845900247,0.8357557717249701,0.8255091824555393,0.8462714455580093,0.949301617548962,COMPLETE
268,0.8356153069364233,2026-05-31 18:15:37.312975,2026-05-31 18:16:56.957629,0 days 00:01:19.644654,balanced,0.9287364833513001,0.020309888575603403,-1,50,0.019976608230446807,1800,192,2.6212425340979145e-08,0.018308882604820043,0.8106786274244259,0.8765625634022278,0.8356153069364233,0.8266115307764328,0.8448275862068965,0.9490775506077038,COMPLETE
269,0.8349094709510257,2026-05-31 18:16:56.977117,2026-05-31 18:18:19.844636,0 days 00:01:22.867519,balanced,0.9169994942543522,0.018166720663791228,16,60,0.0195959584650322,1800,216,6.43271881226713e-08,0.0026123519658029317,0.952165589984025,0.8755007104962353,0.8349094709510257,0.8224674043498664,0.8477436158767907,0.9491569251361159,COMPLETE
270,0.8109658495747523,2026-05-31 18:18:19.865491,2026-05-31 18:18:35.804591,0 days 00:00:15.939100,balanced,0.9092478657962212,0.026267986799767683,4,50,0.04839057407000068,1600,184,4.2928804089432555e-08,0.0008835813290138138,0.935113437064905,0.85293903767516,0.8109658495747523,0.7758335575623708,0.8494422739369232,0.9370923287656873,COMPLETE
271,0.8302142305133066,2026-05-31 18:18:35.824087,2026-05-31 18:19:26.193862,0 days 00:00:50.369775,,0.9516210600874125,0.022496248451415905,-1,60,0.034159696493588125,1700,112,1.9919754882065902e-08,0.012438634795763862,0.9413611003853763,0.8778451990205353,0.8302142305133066,0.8579426222517929,0.80422965856973,0.9487463587407157,COMPLETE
272,0.8357290854061722,2026-05-31 18:19:26.213165,2026-05-31 18:20:41.697948,0 days 00:01:15.484783,balanced,0.9363665775036494,0.020089961344565012,-1,50,0.017808543399691377,1700,200,1.4851774983135743e-08,0.0014639771434900406,0.9487437079607153,0.8764469311682808,0.8357290854061722,0.8254055669128763,0.846328067493347,0.949517435556588,COMPLETE
273,0.8367606662190387,2026-05-31 18:20:41.718349,2026-05-31 18:22:03.372266,0 days 00:01:21.653917,balanced,0.7908721025031827,0.016411121650509154,-1,60,0.0016435987281362924,1800,192,2.8870221673711905e-08,0.004875528054318741,0.9128121769453544,0.8767623225844737,0.8367606662190387,0.8234308734127476,0.8505464016760094,0.9501003019449633,COMPLETE
274,0.836651130518317,2026-05-31 18:22:03.397996,2026-05-31 18:23:24.509533,0 days 00:01:21.111537,balanced,0.9258759367194754,0.021815997634123823,-1,60,0.0009917209579338802,1700,208,1.99471306967931e-08,0.003365415535041584,0.9218551874473787,0.8774141518270656,0.836651130518317,0.8281233387324091,0.8453654945926052,0.9498606409740399,COMPLETE
275,0.8341261566542997,2026-05-31 18:23:24.525534,2026-05-31 18:24:38.328561,0 days 00:01:13.803027,balanced,0.9439459892614103,0.019199619098724575,-1,50,0.07392158640522746,1700,192,4.1834587726554165e-08,0.001991315740766031,0.9324053978318082,0.8751222438474889,0.8341261566542997,0.8230559655247794,0.8455070494309496,0.9484388536016813,COMPLETE
276,0.8347372796458754,2026-05-31 18:24:38.348766,2026-05-31 18:25:44.233772,0 days 00:01:05.885006,balanced,0.9156554368551425,0.02548489888218827,-1,60,0.03428714892415574,1600,176,1.4127800574669753e-08,0.0072826031650679605,0.9396254903871758,0.8757214985140894,0.8347372796458754,0.8245409860990849,0.8451956287865919,0.9487789839745294,COMPLETE
277,0.8355867050498705,2026-05-31 18:25:44.252371,2026-05-31 18:27:01.326754,0 days 00:01:17.074383,balanced,0.9311037834593375,0.013383153426979232,-1,50,0.02124115782450451,1800,184,2.472208163030954e-08,0.027436782466583133,0.9240712338622488,0.8755112443124166,0.8355867050498705,0.8199519725731882,0.8518487061887775,0.9496090839893148,COMPLETE
278,0.8330435867446878,2026-05-31 18:27:01.346300,2026-05-31 18:28:18.130545,0 days 00:01:16.784245,balanced,0.9216159262669964,0.023575606913753887,-1,60,0.062078050002674294,1700,200,7.283829801432063e-08,0.009754296653074087,0.9103703676462591,0.8746596555559826,0.8330435867446878,0.8242360176805771,0.8420531113753468,0.9480266664974956,COMPLETE
279,0.8370599881402127,2026-05-31 18:28:18.148718,2026-05-31 18:29:44.903982,0 days 00:01:26.755264,balanced,0.9013992657247302,0.020723575102346622,-1,70,0.00028710387156047985,1900,200,1.070224568376892e-08,0.0007344163465120032,0.9466395557473031,0.8776874945251397,0.8370599881402127,0.8283016122146213,0.8460166468489893,0.9499662082771749,COMPLETE
280,0.8302386159307494,2026-05-31 18:29:44.924520,2026-05-31 18:31:07.273430,0 days 00:01:22.348910,balanced,0.9380139238440894,0.015317225660526412,-1,180,0.045541890535807504,1700,192,3.941110595910997e-08,0.07280085440785541,0.9300349659736492,0.8710009972788586,0.8302386159307494,0.8118927156341408,0.8494422739369232,0.9467638321839263,COMPLETE
281,0.8304868550017698,2026-05-31 18:31:07.291535,2026-05-31 18:31:48.102396,0 days 00:00:40.810861,balanced,0.9088765351828075,0.021745842654791223,8,50,0.017786426474141796,1800,184,1.7999233473410297e-08,0.004767620286393515,0.9179975226712214,0.8702545672906972,0.8304868550017698,0.8066316429480843,0.8558122416624201,0.9472874196357827,COMPLETE
282,0.836927429073568,2026-05-31 18:31:48.124439,2026-05-31 18:33:02.730882,0 days 00:01:14.606443,balanced,0.9273166264348355,0.023241514671114436,-1,60,0.0009307064077323782,1600,208,2.548837205849034e-08,0.0012013013705371603,0.9551594998006606,0.8774982542372464,0.836927429073568,0.8275834332593123,0.8464979332993602,0.9499963403649203,COMPLETE
283,0.8360668051045557,2026-05-31 18:33:02.749898,2026-05-31 18:34:20.453575,0 days 00:01:17.703677,balanced,0.9470576446727098,0.017603866520947753,-1,50,0.02816099830199091,1800,192,1.447463815450671e-08,0.01954130985285624,0.9381608027293964,0.8765941200852856,0.8360668051045557,0.8250376302404652,0.8474038842647641,0.9494524392035119,COMPLETE
284,0.83439139914107,2026-05-31 18:34:20.469359,2026-05-31 18:35:25.627595,0 days 00:01:05.158236,balanced,0.9141263351613461,0.024765406863590727,-1,60,0.041869176021221075,1600,176,3.019882964673386e-08,0.0025513846618709472,0.9314213837211494,0.8752589092277944,0.83439139914107,0.8229009676313318,0.8462148236226715,0.9486243997507269,COMPLETE
285,0.8356233835839636,2026-05-31 18:35:25.649828,2026-05-31 18:36:35.555641,0 days 00:01:09.905813,balanced,0.9346212930326308,0.02756254860459018,-1,50,0.01856777623354061,1700,184,1.0523611207890195e-08,0.010805453471992126,0.9244551019557323,0.8769515638671556,0.8356233835839636,0.8291410340851079,0.84222297718136,0.9492237646874435,COMPLETE
286,0.8182590041979259,2026-05-31 18:36:35.569267,2026-05-31 18:37:03.263829,0 days 00:00:27.694562,balanced,0.9228061592047672,0.019665114752886768,6,70,0.5531809705342732,1900,200,1.9398005023807513e-08,0.006261665487393288,0.7859745790515238,0.8597517013031654,0.8182590041979259,0.78865864435831,0.850178359096314,0.9410539044426169,COMPLETE
287,0.8368629413406743,2026-05-31 18:37:03.281779,2026-05-31 18:38:51.087661,0 days 00:01:47.805882,balanced,0.9609805544805213,0.022341415154319543,-1,60,0.0011934150370830746,1700,192,4.434712880710292e-08,0.003558238057202695,0.9453282926806666,0.877372093161061,0.8368629413406743,0.8269952146477472,0.846979219749731,0.949848224465689,COMPLETE
288,0.8334884234287651,2026-05-31 18:38:51.217839,2026-05-31 18:40:56.735368,0 days 00:02:05.517529,balanced,0.9038429172935457,0.02076913667769171,-1,50,0.05872094330140644,1800,208,6.724578710547117e-08,0.0021210091414770936,0.9367414328207069,0.8750065953653285,0.8334884234287651,0.8247821678955565,0.8423928429873732,0.9483260206389748,COMPLETE
289,0.8224676903929588,2026-05-31 18:40:56.756480,2026-05-31 18:41:32.144728,0 days 00:00:35.388248,balanced,0.9286502681876598,0.023869276183368197,-1,60,0.864726699437786,1700,200,1.0052696544215947e-08,0.03896134868699312,0.9582393437013693,0.8640726967745596,0.8224676903929588,0.7985712213307994,0.8478568597474663,0.9430640903421494,COMPLETE
290,0.8344733099948517,2026-05-31 18:41:32.166750,2026-05-31 18:43:18.402830,0 days 00:01:46.236080,balanced,0.9543180797698148,0.021818925641635584,-1,60,0.02087980280991086,1700,192,2.7796415893175086e-08,0.01425125417194793,0.8172797694101863,0.8755848175487628,0.8344733099948517,0.8247075013841881,0.8444878545948701,0.9487738509605368,COMPLETE
291,0.8244365791353788,2026-05-31 18:43:18.422546,2026-05-31 18:44:01.962401,0 days 00:00:43.539855,balanced,0.9418189789259933,0.01891238144391832,10,50,0.5919153276955538,1600,184,1.7666448672219126e-08,0.006837605787748136,0.9060972798536304,0.8654079010001269,0.8244365791353788,0.799518104657865,0.8509710661910423,0.9438879286222015,COMPLETE
292,0.8283643109284565,2026-05-31 18:44:01.983044,2026-05-31 18:45:29.341255,0 days 00:01:27.358211,,0.9163318578256504,0.025122699595062286,-1,70,0.035611831114243785,1400,192,3.785250554938742e-08,3.879278513719246,0.9177152441602583,0.876310244565819,0.8283643109284565,0.854518301907292,0.8037766830870279,0.9476429759818412,COMPLETE
293,0.8357794919990212,2026-05-31 18:45:29.356460,2026-05-31 18:46:31.514165,0 days 00:01:02.157705,balanced,0.9219734119228017,0.023118716008985775,-1,50,0.015120402214678837,1100,176,1.602185984942895e-08,0.0015760374398779023,0.9295130393804842,0.8757215044828207,0.8357794919990212,0.8205333904930123,0.8516222184474266,0.9495924975544371,COMPLETE
294,0.833889435296047,2026-05-31 18:46:31.535812,2026-05-31 18:48:10.957146,0 days 00:01:39.421334,balanced,0.9335770381868054,0.020813064473561772,-1,60,0.03729004135342885,1800,200,2.4660757209126585e-08,0.0037516263738521264,0.938776426688396,0.8751222428527002,0.833889435296047,0.8239700734544981,0.8440631900798369,0.9487019974838818,COMPLETE
295,0.8369443669482611,2026-05-31 18:48:10.981266,2026-05-31 18:50:14.383874,0 days 00:02:03.402608,balanced,0.9105171363541407,0.026484972198784543,-1,60,0.0014548325242337153,1700,200,6.154164262067081e-08,0.023098244046102206,0.9462211322841609,0.8778451923886114,0.8369443669482611,0.829821762234444,0.8442047449181813,0.9497467059144961,COMPLETE
296,0.8242010392969856,2026-05-31 18:50:14.408408,2026-05-31 18:52:22.042941,0 days 00:02:07.634533,balanced,0.93938609151472,0.1380156462749322,-1,50,0.021393827565584705,1900,192,1.4828404137138994e-08,0.005446261595138277,0.9238882714883585,0.8704437747505676,0.8242010392969856,0.8306861020422832,0.8178189230507898,0.9428649971506807,COMPLETE
297,0.8379147207329151,2026-05-31 18:52:22.076728,2026-05-31 18:54:37.628155,0 days 00:02:15.551427,balanced,0.9473322822668139,0.018194592824898864,-1,50,0.001102113685785661,1800,208,3.111999939978698e-08,0.001037597425567197,0.9339740977459954,0.8781185523296872,0.8379147207329151,0.8277657058891865,0.848338146197837,0.9503704363447368,COMPLETE
298,0.8338873187716359,2026-05-31 18:54:37.657154,2026-05-31 18:56:37.373501,0 days 00:01:59.716347,balanced,0.9505191232416142,0.018398835663617143,16,50,0.057569993143044625,1800,216,3.8664502606902246e-08,0.0007094508541314524,0.9336915766083778,0.8749540330583959,0.8338873187716359,0.822885299971272,0.8451956287865919,0.9485153078630413,COMPLETE
299,0.8379433725284792,2026-05-31 18:56:37.389348,2026-05-31 18:58:35.277366,0 days 00:01:57.888018,balanced,0.9448905835876364,0.017175110442992844,-1,50,0.001145477524385134,1800,208,2.7272937507380384e-08,0.0010988394163960091,0.9505109837644808,0.8779608524766384,0.8379433725284792,0.8266145481131795,0.8496121397429364,0.9503941921137636,COMPLETE
300,0.8078501171922543,2026-05-31 18:58:35.298421,2026-05-31 18:59:01.343727,0 days 00:00:26.045306,balanced,0.9592321904647029,0.017304779374075718,4,50,0.038582524427694734,1800,208,8.120106350841145e-08,0.001009681943588149,0.9521124168487182,0.8506155799760454,0.8078501171922543,0.7733276352878796,0.845620293301625,0.9346683629511938,COMPLETE
301,0.8364211813550134,2026-05-31 18:59:01.367209,2026-05-31 19:01:01.728331,0 days 00:02:00.361122,balanced,0.9500993909079096,0.017375080213806883,-1,50,0.02164359459030477,1800,216,4.925601427075298e-08,0.0006242622607938464,0.9430769978336141,0.8769831052967886,0.8364211813550134,0.8261891038224407,0.8469225978143933,0.9495967578029728,COMPLETE
302,0.8278416056100005,2026-05-31 19:01:01.747231,2026-05-31 19:01:53.707529,0 days 00:00:51.960298,balanced,0.9458744474541334,0.016182844433426824,-1,40,0.4149479853007046,1800,184,2.9466159125382623e-08,0.0017231082548651586,0.9555679336912188,0.8686985849951615,0.8278416056100005,0.806765556178786,0.8500651152256383,0.9460137085085276,COMPLETE
303,0.8377899939792804,2026-05-31 19:01:53.727188,2026-05-31 19:03:35.988393,0 days 00:01:42.261205,balanced,0.9303760973813431,0.018653433484559327,-1,50,0.0003115285283020176,1800,208,2.6449517130038394e-08,0.0010451612728824083,0.948066179475682,0.8781290655869046,0.8377899939792804,0.8283317184610987,0.8474888171677707,0.9504887416483854,COMPLETE
304,0.836336525332494,2026-05-31 19:03:36.012537,2026-05-31 19:05:29.017710,0 days 00:01:53.005173,balanced,0.9727118674911625,0.01669720220812831,-1,50,0.018703780886001758,1700,216,4.577985197551457e-08,0.0012376993872400682,0.9586679158480212,0.8766466857081799,0.836336525332494,0.8243330033874138,0.8487061887775326,0.9495945426070905,COMPLETE
305,0.834527723715337,2026-05-31 19:05:29.038882,2026-05-31 19:07:37.269880,0 days 00:02:08.230998,balanced,0.9291260418665966,0.018004335143164192,-1,40,0.07347872748207279,1800,208,3.025632022360041e-08,0.0009576513716081506,0.9493901682587023,0.8755743258452978,0.834527723715337,0.8244289370441357,0.8448842081422342,0.9487059511993672,COMPLETE
