number,value,datetime_start,datetime_complete,duration,params_class_weight,params_colsample_bytree,params_learning_rate,params_max_depth,params_min_child_samples,params_min_split_gain,params_n_estimators,params_num_leaves,params_reg_alpha,params_reg_lambda,params_subsample,user_attrs_accuracy,user_attrs_f1,user_attrs_precision,user_attrs_recall,user_attrs_roc_auc,state
1898,0.8407910076036936,2026-06-01 12:11:43.631603,2026-06-01 12:12:19.501938,0 days 00:00:35.870335,balanced,0.6787180106848217,0.01974356571485294,16,10,0.000587681215481909,1700,224,1.6317956692871797e-05,1.7551908005006052e-06,0.8702752930636853,0.8810728107673819,0.8407910076036936,0.8360244900492811,0.845620293301625,0.9516742800617264,COMPLETE
1899,0.8384061367064897,2026-06-01 12:12:19.514530,2026-06-01 12:12:56.595031,0 days 00:00:37.080501,balanced,0.6663318908262515,0.021252597838152344,16,10,0.032525959098433165,1700,232,1.5968382451720477e-05,5.090350301570273e-06,0.8690462220412181,0.8794432379924982,0.8384061367064897,0.8346870696671046,0.8421663552460222,0.9504524191427121,COMPLETE
1900,0.8395692858661333,2026-06-01 12:12:56.607027,2026-06-01 12:13:30.403150,0 days 00:00:33.796123,balanced,0.6802553331302624,0.02003430687544689,16,10,0.017476290413057403,1600,224,1.0464365817641446e-05,2.731690659127914e-06,0.872581653544284,0.8799478849500092,0.8395692858661333,0.8333737427173786,0.8458750920106449,0.950954136689712,COMPLETE
1901,0.8328013033599095,2026-06-01 12:13:30.415512,2026-06-01 12:14:06.460859,0 days 00:00:36.045347,balanced,0.6607795006261894,0.019993845086839296,16,130,0.00030445047186851686,1600,224,1.8857510413841264e-05,3.8899005044312295e-06,0.8633567294589145,0.8730195665395158,0.8328013033599095,0.8148397115111327,0.8515939074797577,0.9484290853739156,COMPLETE
1902,0.8369852758029385,2026-06-01 12:14:06.472250,2026-06-01 12:14:42.693938,0 days 00:00:36.221688,balanced,0.6689235124846562,0.023207552286282837,16,20,0.04654950915710332,1700,216,1.370783444327926e-05,2.1673355859257475e-06,0.8775762713025361,0.8780029011947573,0.8369852758029385,0.8307236661620765,0.843355415888115,0.9496594594788084,COMPLETE
1903,0.8391304073071778,2026-06-01 12:14:42.714671,2026-06-01 12:15:24.811025,0 days 00:00:42.096354,balanced,0.6555428517024231,0.021273987195304676,16,10,0.016845987830888032,1700,232,9.001167714899139e-06,2.028898129000505e-06,0.8696118899095309,0.8798532566819559,0.8391304073071778,0.8345167097682321,0.8438083913708171,0.9509420391214615,COMPLETE
1904,0.8381076305381244,2026-06-01 12:15:24.823056,2026-06-01 12:16:00.054876,0 days 00:00:35.231820,balanced,0.6626103101541564,0.019457650838858056,16,10,0.03342486921930096,1700,216,1.6142071041223487e-05,3.902790750251561e-06,0.893989123440474,0.8787598640043113,0.8381076305381244,0.8312619216787276,0.8450823849159165,0.9504950223727864,COMPLETE
1905,0.8385386805835089,2026-06-01 12:16:00.067247,2026-06-01 12:16:35.326483,0 days 00:00:35.259236,balanced,0.9911325936559653,0.02230682855414991,16,10,0.00011944221254924165,1700,224,2.4893852223517925e-05,2.5865679211220714e-06,0.8589932239975167,0.8798427391139881,0.8385386805835089,0.836882344901395,0.84021289847687,0.9512761798158467,COMPLETE
1906,0.8295453637209187,2026-06-01 12:16:35.338712,2026-06-01 12:16:59.007354,0 days 00:00:23.668642,balanced,0.6764110771739416,0.0188410020340993,10,20,0.36547219681680704,1700,216,1.0485607122693204e-05,1.520008537962255e-06,0.8851389701753265,0.8700232656840298,0.8295453637209187,0.8085723191124639,0.8516505294150954,0.9459090438154564,COMPLETE
1907,0.8405353004572914,2026-06-01 12:16:59.019694,2026-06-01 12:17:35.968572,0 days 00:00:36.948878,balanced,0.6566178265269472,0.02061171904118554,16,10,2.7400541124795094e-05,1700,232,6.222433726002642e-06,6.002908394407614e-06,0.8751443913362683,0.8810622994997418,0.8405353004572914,0.83705401013787,0.844063190079837,0.9517316805267232,COMPLETE
1908,0.8289032092869845,2026-06-01 12:17:35.980411,2026-06-01 12:18:08.271025,0 days 00:00:32.290614,balanced,0.6559338256331891,0.024673066571339726,16,160,0.06829282971887318,1600,232,4.968389541936221e-06,1.7951017048996558e-05,0.8651017072778452,0.8699076032748295,0.8289032092869845,0.8101139764359296,0.8485929449068569,0.9463806892211192,COMPLETE
1909,0.8387154363532998,2026-06-01 12:18:08.283745,2026-06-01 12:18:44.930301,0 days 00:00:36.646556,balanced,0.6555452298895325,0.02314069670010357,16,10,0.028971942036880388,1700,224,3.8538218913838865e-06,6.936780387522299e-06,0.8593456755802393,0.8796640160624665,0.8387154363532998,0.8349408901675254,0.8425343978257177,0.9505478086774691,COMPLETE
1910,0.8378343006259916,2026-06-01 12:18:44.941441,2026-06-01 12:19:22.001894,0 days 00:00:37.060453,balanced,0.6556908528713404,0.021443384561371626,16,20,0.02070810927213596,1700,216,6.364415787172622e-06,3.3384153912055797e-06,0.8721874957832892,0.8784549802082006,0.8378343006259916,0.8303121446641969,0.8455070494309496,0.9501557710802357,COMPLETE
1911,0.8409999564873263,2026-06-01 12:19:22.014354,2026-06-01 12:19:58.013681,0 days 00:00:35.999327,balanced,0.6500360159109121,0.02078503664495271,16,10,0.00038759975741732653,1700,224,5.284275244910576e-06,8.125288646028846e-06,0.8669833320908071,0.881377694895089,0.8409999564873263,0.8372807887795205,0.8447709642715587,0.9515552489490807,COMPLETE
1912,0.8401784778928018,2026-06-01 12:19:58.025592,2026-06-01 12:20:31.071302,0 days 00:00:33.045710,balanced,0.6509087749067801,0.02392257788608831,16,10,0.00041150682352751106,1600,224,3.1974996377119097e-06,9.764257457409846e-06,0.8672250155446284,0.8809045916883843,0.8401784778928018,0.8374250314574478,0.8429590623407508,0.9514726073509241,COMPLETE
1913,0.8373017993233701,2026-06-01 12:20:31.082841,2026-06-01 12:21:05.767830,0 days 00:00:34.684989,balanced,0.6512822978459614,0.021697087248044523,16,10,0.0502237643164226,1600,232,3.1983163003880014e-06,1.2529109014351143e-05,0.861739814861075,0.8783708671869418,0.8373017993233701,0.8318955816203534,0.8427891965347376,0.9501204353723084,COMPLETE
1914,0.838732613294138,2026-06-01 12:21:05.779223,2026-06-01 12:21:44.180355,0 days 00:00:38.401132,balanced,0.6554341063196221,0.022703554204777644,16,20,8.723188442334366e-05,1700,232,5.1235799822549255e-06,1.3136764648109381e-05,0.8706049991876053,0.8796324796067762,0.838732613294138,0.8346461029995865,0.8428741294377442,0.9509448093199225,COMPLETE
1915,0.8340214117668233,2026-06-01 12:21:44.192804,2026-06-01 12:22:17.585202,0 days 00:00:33.392398,,0.6510955406058535,0.022401320917267313,12,10,0.03134770910992065,1600,224,5.797599048989278e-06,1.8157367317158897e-05,0.8754304998690694,0.8806732960504483,0.8340214117668233,0.8625807334530592,0.8073155540456374,0.9500959160543272,COMPLETE
1916,0.8353489689558771,2026-06-01 12:22:17.597191,2026-06-01 12:22:54.849021,0 days 00:00:37.251830,balanced,0.655745913933441,0.044094013619063364,16,10,0.018191360094877797,1700,232,3.3501458342329814e-06,9.14972154908848e-06,0.8593410691985687,0.87849702627355,0.8353489689558771,0.8407846630452545,0.829992639148406,0.9495525014408623,COMPLETE
1917,0.8380684294868933,2026-06-01 12:22:54.860517,2026-06-01 12:23:31.564098,0 days 00:00:36.703581,balanced,0.657252842423144,0.020858735301047836,16,10,0.050048603981313916,1700,224,5.723700440211585e-06,2.456425983087868e-05,0.8685349998866675,0.87881243360636,0.8380684294868933,0.8317807388447974,0.8444595436272012,0.9501337743745141,COMPLETE
1918,0.8098170903091266,2026-06-01 12:23:31.576305,2026-06-01 12:23:42.531419,0 days 00:00:10.955114,balanced,0.6504672712734038,0.02247630705331702,4,20,0.01872574590270041,1700,224,3.7273172103635743e-06,8.164563805154551e-06,0.8560128386558691,0.8522766878802345,0.8098170903091266,0.7758519175289079,0.8469225978143934,0.9364646637572539,COMPLETE
1919,0.8363548149445279,2026-06-01 12:23:42.543849,2026-06-01 12:24:19.340382,0 days 00:00:36.796533,balanced,0.6505398374710618,0.024560969708560004,16,10,0.07778805019500315,1700,232,7.00201279770164e-06,1.0272233678189763e-05,0.8643894052592564,0.8779818793226694,0.8363548149445279,0.8331302736281484,0.8396183681558235,0.9494763292361768,COMPLETE
1920,0.8379190050857414,2026-06-01 12:24:19.351449,2026-06-01 12:24:53.420241,0 days 00:00:34.068792,balanced,0.6604807718336776,0.021500668854896213,16,10,0.0348861952676909,1600,224,5.195256368582788e-06,1.4087271090210114e-05,0.8760628878086345,0.8788544879616141,0.8379190050857414,0.8326698305266182,0.8432421720174396,0.9503846787020791,COMPLETE
1921,0.8255746354489683,2026-06-01 12:24:53.432277,2026-06-01 12:25:09.271346,0 days 00:00:15.839069,balanced,0.6598401543496039,0.026672894619481535,6,10,0.02026141291225021,1700,232,2.505157017220453e-06,5.716951979826462e-06,0.8760937536466396,0.8658073988056548,0.8255746354489683,0.7979604141603417,0.8551894003737047,0.945044412163688,COMPLETE
1922,0.8380689850457168,2026-06-01 12:25:09.283357,2026-06-01 12:25:44.871739,0 days 00:00:35.588382,balanced,0.6502529025815738,0.020483003756848594,16,20,0.01852270937121869,1600,224,7.768513820240386e-06,7.047652129599128e-06,0.8547051254987658,0.8786652490001057,0.8380689850457168,0.8307695695921122,0.8455070494309496,0.9502418787952064,COMPLETE
1923,0.83267941336504,2026-06-01 12:25:44.883983,2026-06-01 12:26:07.767599,0 days 00:00:22.883616,balanced,0.6574086426572747,0.022920066621363734,8,10,0.049267275444008815,1700,224,4.523394229060537e-06,5.8237381763297425e-06,0.8671491715585598,0.8727462314681542,0.83267941336504,0.8136381246352923,0.852641413283506,0.9479564792102174,COMPLETE
1924,0.8404026585194421,2026-06-01 12:26:07.779665,2026-06-01 12:26:44.197925,0 days 00:00:36.418260,balanced,0.6501227424149295,0.021121099345329405,16,10,0.0001778776011505406,1700,232,8.211919142489714e-06,7.695870938305003e-06,0.87994449162192,0.8810622941942027,0.8404026585194421,0.8375977067368184,0.8432421720174396,0.9516053405268785,COMPLETE
1925,0.8368546885924847,2026-06-01 12:26:44.209225,2026-06-01 12:27:23.572737,0 days 00:00:39.363512,balanced,0.6501816513325552,0.02058672984688498,16,20,0.03416073100561029,1700,232,2.4403325325502343e-06,5.02220023101654e-06,0.8611116018446817,0.8778557192412725,0.8368546885924847,0.8302442936466651,0.843581903629466,0.9498300629195623,COMPLETE
1926,0.8383674761356019,2026-06-01 12:27:23.585029,2026-06-01 12:27:57.489490,0 days 00:00:33.904461,balanced,0.6621161624695756,0.022087789557415048,16,10,0.017551996861998286,1600,224,6.222395641830346e-06,1.2750812549215188e-05,0.8713218177823193,0.8792855447713732,0.8383674761356019,0.8337927349254405,0.8430156842760885,0.9507816184149557,COMPLETE
1927,0.8371143618156348,2026-06-01 12:27:57.501793,2026-06-01 12:28:33.834554,0 days 00:00:36.332761,balanced,0.6603918204013938,0.02046061415782722,16,10,0.06220162770567413,1700,224,8.936289283140398e-06,3.853571441541858e-06,0.8513195469495206,0.8781816292202218,0.8371143618156348,0.8313834455050698,0.8429307513730819,0.9500340878203222,COMPLETE
1928,0.8352760803943206,2026-06-01 12:28:33.855521,2026-06-01 12:29:10.790275,0 days 00:00:36.934754,balanced,0.6612822100479077,0.02151568494971623,16,20,0.10759642605571766,1700,224,4.03231478254961e-06,1.655750675034414e-05,0.8628058526901682,0.876457447409864,0.8352760803943206,0.827246625328739,0.8434686597587905,0.9487602305109702,COMPLETE
1929,0.838059881309941,2026-06-01 12:29:10.811304,2026-06-01 12:29:44.580615,0 days 00:00:33.769311,balanced,0.9762292945166668,0.023316711446071295,16,10,0.01800000435972837,1700,216,1.0716110131903341e-05,6.537439478870573e-06,0.8776733304885327,0.8795904196143868,0.838059881309941,0.8371373744897598,0.8389955268671083,0.9508215433512966,COMPLETE
1930,0.8405112419986381,2026-06-01 12:29:44.600997,2026-06-01 12:30:19.187379,0 days 00:00:34.586382,balanced,0.6566041279029746,0.020006333217193334,16,10,0.0003500382387664738,1600,232,5.2723600492744e-06,8.748562289833484e-06,0.8552880687493104,0.8808415164558308,0.8405112419986381,0.8355867152553905,0.8455070494309496,0.9514473189006099,COMPLETE
1931,0.8386301956385397,2026-06-01 12:30:19.199619,2026-06-01 12:30:54.100156,0 days 00:00:34.900537,balanced,0.6503819809349146,0.01983680571105867,16,10,0.03660666245650921,1600,232,3.3177503538226706e-06,1.795809023309795e-05,0.8516506751653046,0.8792014387136344,0.8386301956385397,0.8321244769328545,0.8452522507219297,0.9503497596875353,COMPLETE
1932,0.838835776570158,2026-06-01 12:30:54.112356,2026-06-01 12:31:32.023715,0 days 00:00:37.911359,balanced,0.6656629925868245,0.019829624572681278,16,30,0.0005940842756563477,1600,232,2.789350196700765e-06,1.231344484371248e-05,0.8567792892543519,0.8791068031504649,0.838835776570158,0.8306459744059344,0.847205707491082,0.9506276253578828,COMPLETE
1933,0.8335789210094596,2026-06-01 12:31:32.035675,2026-06-01 12:32:08.461938,0 days 00:00:36.426263,,0.6613243068522224,0.01986076297495908,16,20,0.03304854101887886,1600,232,2.4174771782012992e-06,1.0118356902523705e-05,0.852103296322599,0.8802737919445928,0.8335789210094596,0.8614861912053663,0.8074287979163128,0.9499444642590706,COMPLETE
1934,0.8401736340028382,2026-06-01 12:32:08.473962,2026-06-01 12:32:43.105439,0 days 00:00:34.631477,balanced,0.6570696544767194,0.019028938879274534,16,10,0.00047627940760192685,1600,232,4.842846936451464e-06,8.56409960172959e-06,0.8494499745727498,0.8803894351212141,0.8401736340028382,0.8338764571025106,0.8465828662023668,0.9515013356723868,COMPLETE
1935,0.8374999423807349,2026-06-01 12:32:43.117540,2026-06-01 12:33:15.566937,0 days 00:00:32.449397,balanced,0.6669291969903908,0.02049325293849042,16,10,0.05500841040418349,1500,232,3.712707651619622e-06,8.020228772180207e-06,0.8576196078844501,0.878276255830294,0.8374999423807349,0.8304783266451302,0.8446577204008833,0.9500001680355883,COMPLETE
1936,0.8363151865364742,2026-06-01 12:33:15.579253,2026-06-01 12:33:45.536135,0 days 00:00:29.956882,balanced,0.6559669785961685,0.018789127085224386,10,20,2.939845818959448e-05,1600,232,5.831619191597851e-06,1.2951761604329988e-05,0.849249059773357,0.8759422838791737,0.8363151865364742,0.8199100999771542,0.8534058094105657,0.9498399920355468,COMPLETE
1937,0.8408440588939635,2026-06-01 12:33:45.548478,2026-06-01 12:34:20.132471,0 days 00:00:34.583993,balanced,0.6668122779783126,0.01985390347199539,16,10,0.00013698339113228165,1600,232,3.77970286204964e-06,4.5906627843572536e-06,0.8595857748787707,0.8810517865741204,0.8408440588939635,0.8356617577551346,0.8461015797519958,0.9516455869324346,COMPLETE
1938,0.8391441975621657,2026-06-01 12:34:20.143667,2026-06-01 12:34:55.327058,0 days 00:00:35.183391,balanced,0.6619453733403452,0.018788324055421513,16,10,0.019863420587665773,1600,232,2.224917032853405e-06,4.215350631485446e-06,0.8559482715269876,0.8795799119943047,0.8391441975621657,0.8325848132146573,0.8458184700753072,0.9507987849138005,COMPLETE
1939,0.8383875555323929,2026-06-01 12:34:55.338508,2026-06-01 12:35:28.277812,0 days 00:00:32.939304,balanced,0.6570069085655668,0.018876821682375425,16,10,0.037374026598348035,1500,232,2.077307648306027e-06,5.48428834276208e-06,0.8488121024670182,0.8788544955883265,0.8383875555323929,0.8307789904320186,0.8461582016873338,0.9504078885684654,COMPLETE
1940,0.8384943534156034,2026-06-01 12:35:28.288940,2026-06-01 12:36:01.094230,0 days 00:00:32.805290,balanced,0.6655873621923053,0.019914249524187775,16,10,0.019234503182084976,1500,232,3.7844169053625334e-06,2.9595180909444055e-05,0.8476479971011244,0.8790437375342007,0.8384943534156034,0.8316045469449103,0.8455070494309496,0.9507292394562871,COMPLETE
1941,0.8369090621570222,2026-06-01 12:36:01.105594,2026-06-01 12:36:35.582215,0 days 00:00:34.476621,balanced,0.6562581619934187,0.01874890214595192,16,20,0.044479159261239444,1500,232,1.5433342246807123e-06,2.1807056942624813e-05,0.8571446820248925,0.8774562101614741,0.8369090621570222,0.8273837578267585,0.8466677991053734,0.9497484540069498,COMPLETE
1942,0.8380764570660831,2026-06-01 12:36:35.594550,2026-06-01 12:37:10.618941,0 days 00:00:35.024391,balanced,0.6500727654858743,0.01965347703594699,16,10,0.02072689753220499,1600,232,1.7552267931875569e-06,4.960421194857114e-06,0.8608632064822869,0.87888602043815,0.8380764570660831,0.8322436466550466,0.8440065681444993,0.9507309314268976,COMPLETE
1943,0.8166044111047773,2026-06-01 12:37:10.630262,2026-06-01 12:37:33.827459,0 days 00:00:23.197197,balanced,0.6503993253191821,0.018432302420012498,16,10,0.06718318513852502,1600,232,9.601194167786769,8.860606013156496e-06,0.8467372134811665,0.859120884316372,0.8166044111047773,0.7904487952630945,0.8445727874978767,0.9403118138035876,COMPLETE
1944,0.8370462211334799,2026-06-01 12:37:33.840138,2026-06-01 12:38:00.584181,0 days 00:00:26.744043,balanced,0.6624196701055212,0.020336742303710967,16,20,0.033207858040356364,1200,232,3.0986871766045784e-06,4.516475400315775e-06,0.8576485991673483,0.877256460927114,0.8370462211334799,0.8255228657202988,0.8489043655512146,0.9499568977369117,COMPLETE
1945,0.8067127163444505,2026-06-01 12:38:00.595988,2026-06-01 12:38:11.200329,0 days 00:00:10.604341,balanced,0.6703437067875342,0.01848633279392073,4,10,0.00038663357558802364,1600,232,3.288318208790421e-06,6.350978439634666e-06,0.8535640490048637,0.8498796380437909,0.8067127163444505,0.7729591067954323,0.8435819036294662,0.9345631303472534,COMPLETE
1946,0.8240421751611259,2026-06-01 12:38:11.212604,2026-06-01 12:38:26.601475,0 days 00:00:15.388871,balanced,0.7747316478829167,0.019167036067795816,12,10,0.9985885494291111,1500,232,4.6872324156356315e-06,3.410399467312263e-06,0.8637841968245769,0.8656076545452377,0.8240421751611259,0.8019557298045085,0.8474038842647641,0.9436105515547165,COMPLETE
1947,0.8312435634188269,2026-06-01 12:38:26.612671,2026-06-01 12:39:03.656902,0 days 00:00:37.044231,balanced,0.6501069859864551,0.10047286814093336,16,10,7.694904441775115e-05,1600,232,2.188106079913522e-06,1.0705544547219257e-05,0.8469504047246473,0.876205114646415,0.8312435634188269,0.8417704203570336,0.8209897514297039,0.9478471195173103,COMPLETE
1948,0.8204888598013357,2026-06-01 12:39:03.668570,2026-06-01 12:39:18.253575,0 days 00:00:14.585005,balanced,0.6620494646449226,0.020418710385008587,6,20,0.017203950838443838,1600,224,4.886561969387426e-06,2.4498310436287313e-06,0.8626792651053683,0.8614758937246014,0.8204888598013357,0.7908359601390854,0.8524715474774928,0.9429529216575347,COMPLETE
1949,0.8280068248690203,2026-06-01 12:39:18.265398,2026-06-01 12:39:48.913001,0 days 00:00:30.647603,balanced,0.6677565810084819,0.09182204944023507,16,10,0.046265154466625005,1600,232,3.781771733317454e-06,4.3311496969609595e-06,0.8680114154257368,0.8733980461205139,0.8280068248690203,0.8355352312706253,0.8206217088500085,0.9458802928271006,COMPLETE
1950,0.8365651185041973,2026-06-01 12:39:48.924057,2026-06-01 12:40:22.836465,0 days 00:00:33.912408,balanced,0.657665146926601,0.019350244760088533,16,10,0.08257169824520784,1600,224,6.120134051608155e-06,6.8599327927947055e-06,0.8550280111498326,0.8775403129032511,0.8365651185041973,0.8292910892760297,0.8439782571768303,0.9496154207471195,COMPLETE
1951,0.8377714126345697,2026-06-01 12:40:22.848894,2026-06-01 12:40:59.947828,0 days 00:00:37.098934,balanced,0.6623060337866526,0.01842980916806789,16,20,0.019132587175265173,1600,232,2.2038753034072306e-06,2.071916752548762e-07,0.8464326336372143,0.8782762491983704,0.8377714126345697,0.8293788492118743,0.8463563784610159,0.9503395366411006,COMPLETE
1952,0.8327160473716407,2026-06-01 12:40:59.959036,2026-06-01 12:41:39.270812,0 days 00:00:39.311776,,0.6567545786318131,0.020169599266285722,16,80,2.714561381165085e-05,1600,224,6.3203470611843455e-06,3.1425632854978884e-06,0.8655800229574185,0.8792960341536649,0.8327160473716407,0.8578818133659647,0.8090142121057697,0.9493085147674413,COMPLETE
1953,0.8380863762923639,2026-06-01 12:41:39.283023,2026-06-01 12:42:11.520066,0 days 00:00:32.237043,balanced,0.6698244703229113,0.02093599244930875,16,10,0.03344554590206837,1500,224,3.55811708561076e-06,2.683341690515603e-07,0.8551508060155231,0.8786337012701452,0.8380863762923639,0.8305043642703218,0.8458184700753071,0.9504967810479125,COMPLETE
1954,0.8391245314039842,2026-06-01 12:42:11.532319,2026-06-01 12:42:47.111450,0 days 00:00:35.579131,balanced,0.6564812508017502,0.01835023163419091,16,10,0.019683738315359602,1600,232,5.563890767959399e-06,3.058035928791557e-05,0.843277608171251,0.8794537499233308,0.8391245314039842,0.8318112594792679,0.8465828662023668,0.9507383896146676,COMPLETE
1955,0.8375225510847769,2026-06-01 12:42:47.122882,2026-06-01 12:43:21.957228,0 days 00:00:34.834346,balanced,0.6665454686196326,0.01954632704729675,16,10,0.05886807166526868,1600,232,7.381928938020153e-06,1.926389414098654e-06,0.8608877823193576,0.8783603579088787,0.8375225510847769,0.8309568995133971,0.8442047449181813,0.9500956304894319,COMPLETE
1956,0.8382385312356488,2026-06-01 12:43:21.969970,2026-06-01 12:43:57.592146,0 days 00:00:35.622176,balanced,0.6753041535637955,0.018094610449565597,16,20,0.018718676839849076,1600,224,2.7692623791711455e-06,1.4479544364272191e-06,0.8679185991860384,0.878549598196772,0.8382385312356488,0.8293133240175052,0.8473755732970952,0.9503089113657466,COMPLETE
1957,0.8312752118169162,2026-06-01 12:43:57.604353,2026-06-01 12:44:19.205134,0 days 00:00:21.600781,balanced,0.6503933281570912,0.01962695855100298,8,10,0.036110009379674755,1600,224,1.2799604032421272e-06,3.0457007901899954e-06,0.8722317872617139,0.8711797422157289,0.8312752118169162,0.8092858637258101,0.8545099371496517,0.9473544843077418,COMPLETE
1958,0.8309648834491444,2026-06-01 12:44:19.216905,2026-06-01 12:44:53.762874,0 days 00:00:34.545969,balanced,0.6619971234093408,0.07930258829061258,16,10,0.020042286300436776,1600,232,4.065557962069657e-06,2.4122960716442667e-07,0.8541234987589894,0.8757004713364621,0.8309648834491444,0.8393851007645803,0.8227167204575053,0.9474279144283365,COMPLETE
