number,value,datetime_start,datetime_complete,duration,params_class_weight,params_colsample_bytree,params_learning_rate,params_max_depth,params_min_child_samples,params_min_split_gain,params_n_estimators,params_num_leaves,params_reg_alpha,params_reg_lambda,params_subsample,user_attrs_accuracy,user_attrs_f1,user_attrs_precision,user_attrs_recall,user_attrs_roc_auc,state
367,0.8354139189916099,2026-05-31 20:23:05.471427,2026-05-31 20:25:18.579463,0 days 00:02:13.108036,balanced,0.799878123929551,0.01829586014637802,-1,30,0.05838292554200401,2000,224,5.8477799929874663e-08,0.000594150832190407,0.9687911084172092,0.8765520537925685,0.8354139189916099,0.8273270739546889,0.8436668365324728,0.9492205982569906,COMPLETE
368,0.8362339576407444,2026-05-31 20:25:18.598821,2026-05-31 20:27:36.354461,0 days 00:02:17.755640,balanced,0.8235781363592274,0.020223922899061796,-1,40,0.021847871210099217,1900,216,3.820470018355379e-08,0.00039209858755660934,0.9594434897757083,0.8771933807206175,0.8362339576407444,0.8283125825038921,0.8443179887888568,0.9496007550972069,COMPLETE
369,0.836114403988698,2026-05-31 20:27:36.376530,2026-05-31 20:30:12.216136,0 days 00:02:35.839606,balanced,0.7964787167454811,0.016346437782835732,-1,40,0.021294454072042855,1900,216,4.868300674488767e-08,0.00018168357502674373,0.9875218569582491,0.8764889858551311,0.836114403988698,0.824168055775969,0.8484230791008436,0.9498554803312037,COMPLETE
370,0.829396650743639,2026-05-31 20:30:12.239303,2026-05-31 20:31:41.196028,0 days 00:01:28.956725,balanced,0.8122311514921715,0.01874777227918498,8,40,0.04921809412908298,2000,224,2.8315273721349858e-08,0.0007854577788730619,0.9577216696559916,0.869424010354237,0.829396650743639,0.8055817297049002,0.854679802955665,0.9469497348162671,COMPLETE
371,0.8363279894549155,2026-05-31 20:31:41.220011,2026-05-31 20:33:08.059974,0 days 00:01:26.839963,balanced,0.8536783008937142,0.020068467090831814,-1,50,0.00082239857902199,1800,120,6.460164836076603e-08,0.00026395319441395763,0.964953148331195,0.8758897139455288,0.8363279894549155,0.8195241381096304,0.8538587848932676,0.950161444966148,COMPLETE
372,0.8357882626082831,2026-05-31 20:33:08.082236,2026-05-31 20:35:06.129296,0 days 00:01:58.047060,balanced,0.8154931581234948,0.01742184121881893,16,40,0.03286424399032807,1900,216,3.051227670690596e-08,0.0005447613793105995,0.9534055416824718,0.8763628198050029,0.8357882626082831,0.8246363106068847,0.8472623294264198,0.9493299991776226,COMPLETE
373,0.8327472596139244,2026-05-31 20:35:06.150075,2026-05-31 20:37:02.818750,0 days 00:01:56.668675,,0.8036550918950792,0.021025877167456408,-1,30,0.016704421369499657,1800,208,4.926349880830639e-08,0.0013752554575290781,0.8060581192408355,0.8793275851995874,0.8327472596139244,0.8579981360530285,0.808957590170432,0.9498028226426417,COMPLETE
374,0.835413967692653,2026-05-31 20:37:02.835085,2026-05-31 20:39:58.691137,0 days 00:02:55.856052,balanced,0.8038028484900007,0.019191796182480715,-1,50,0.016802842926804923,1800,216,1.2993045730767542e-07,0.0009497124067447028,0.9700489492018324,0.8762576786113284,0.835413967692653,0.8254161666687044,0.8456769152369628,0.9495506896271778,COMPLETE
375,0.8349217184402735,2026-05-31 20:39:58.755661,2026-05-31 20:42:05.106492,0 days 00:02:06.350831,balanced,0.8353791552196201,0.01786941038569133,-1,40,0.043487816502550534,1900,208,2.8691888685903663e-08,0.0003303259155571092,0.9584664341416481,0.8759317719483409,0.8349217184402735,0.8251940555745952,0.8448842081422342,0.9492668116731188,COMPLETE
376,0.8380543285391693,2026-05-31 20:42:05.140756,2026-05-31 20:43:54.967252,0 days 00:01:49.826496,balanced,0.8206363971067645,0.016347537146240904,-1,50,6.597256574753852e-05,1800,224,3.9965504329762204e-08,0.001819615988839209,0.9426764551628711,0.8781395728753906,0.8380543285391693,0.82733544178357,0.8490742313572278,0.9507577408320995,COMPLETE
377,0.8174421010184504,2026-05-31 20:43:54.986527,2026-05-31 20:44:24.526899,0 days 00:00:29.540372,balanced,0.7899036092404355,0.013973725879860718,6,50,0.018373501647776392,1800,232,8.146276288273302e-08,0.0014094644731534346,0.9490156714198154,0.8587634551247344,0.8174421010184504,0.7860359921755812,0.851480663609082,0.9407854583824081,COMPLETE
378,0.8174857109359004,2026-05-31 20:44:24.544747,2026-05-31 20:45:02.944228,0 days 00:00:38.399481,balanced,0.8308222860267125,0.015939400109174898,-1,50,0.06487107151259666,1800,24,5.029775570698708e-08,0.0004944290386737717,0.9529194094530263,0.8591524370202754,0.8174857109359004,0.7879074716861294,0.8493856520015853,0.9413213981403122,COMPLETE
379,0.8351144831230278,2026-05-31 20:45:02.967008,2026-05-31 20:46:43.768817,0 days 00:01:40.801809,balanced,0.8076457510828452,0.016762958154636336,-1,50,0.03343666230431234,1800,224,3.8470510465078935e-08,0.0008034268027089901,0.978369287820893,0.8758371479910382,0.8351144831230278,0.8238366164141834,0.8467244210407112,0.9491945739935338,COMPLETE
380,0.8385055890795138,2026-05-31 20:46:43.794064,2026-05-31 20:48:41.271078,0 days 00:01:57.477014,balanced,0.8209944592965569,0.014743846346974043,-1,40,0.0005693007108011176,1900,224,1.7717711078276454e-07,0.0037191606277009143,0.944229492050421,0.8784759981011344,0.8385055890795138,0.8277598261816995,0.8495555178075986,0.9509754857313668,COMPLETE
381,0.8330838849791226,2026-05-31 20:48:41.289891,2026-05-31 20:50:43.312873,0 days 00:02:02.022982,balanced,0.8188746715925485,0.014375096716621086,-1,140,0.016869356967680178,1900,232,1.8248724531809547e-07,0.0031992992626028046,0.943620643327089,0.8735452373586918,0.8330838849791226,0.8170402116697163,0.8497820055489497,0.9480500273322615,COMPLETE
382,0.8383182297639574,2026-05-31 20:50:43.329897,2026-05-31 20:52:29.571689,0 days 00:01:46.241792,balanced,0.8252424516204145,0.014778097697534888,-1,40,0.00012190569533537677,1900,224,1.021482561892855e-07,0.004493716214968393,0.9420348977465588,0.8783708628761913,0.8383182297639574,0.8278210039917974,0.8491025423248967,0.950945874943391,COMPLETE
383,0.8361012229372747,2026-05-31 20:52:29.591327,2026-05-31 20:54:04.565996,0 days 00:01:34.974669,balanced,0.8224074923022511,0.015087940246149505,10,30,0.00020802677187113476,2000,224,1.1560844326648815e-07,0.004206071689551324,0.944443483200093,0.8754376432219902,0.8361012229372747,0.8175306004878177,0.8555574429534002,0.9496465681206221,COMPLETE
384,0.8346679249314487,2026-05-31 20:54:04.587039,2026-05-31 20:55:48.964674,0 days 00:01:44.377635,balanced,0.8174088956393722,0.01288843031780465,16,40,0.03723067203159481,1900,224,7.94538532924317e-08,0.0016039292789577723,0.9472652088376745,0.8749960814449187,0.8346679249314487,0.8201769617872371,0.8496970726459431,0.949492374053278,COMPLETE
385,0.8348472972861392,2026-05-31 20:55:48.984865,2026-05-31 20:57:40.615929,0 days 00:01:51.631064,balanced,0.8153201346239585,0.013916258706603294,-1,40,0.05202198695245319,1900,224,1.8497466475337365e-07,0.0033403525411850594,0.9551806722952868,0.8755532897145736,0.8348472972861392,0.8230436205676899,0.8470075307174,0.9493728404713607,COMPLETE
386,0.8343947178400635,2026-05-31 20:57:40.634239,2026-05-31 20:59:26.681470,0 days 00:01:46.047231,balanced,0.8306224944376152,0.015184681335579741,-1,40,0.08268434557534789,2000,216,1.4792021524428213e-07,0.0043299291893069474,0.9343098236626948,0.8753114867881516,0.8343947178400635,0.8232268544186053,0.8458750920106449,0.9488553101296681,COMPLETE
387,0.8367553747517117,2026-05-31 20:59:26.700042,2026-05-31 21:02:27.484256,0 days 00:03:00.784214,balanced,0.8398404316089123,0.015108395590852915,-1,30,0.018519285854407902,1900,232,1.0463533345989297e-07,0.0052348404510571,0.9426646630410496,0.8774562104930702,0.8367553747517117,0.8279831992261832,0.8457335371723005,0.9503610648529474,COMPLETE
388,0.8387248568270319,2026-05-31 21:02:27.530461,2026-05-31 21:12:43.776152,0 days 00:10:16.245691,balanced,0.8209590127447525,0.015960763688344707,-1,40,0.0004680474693223298,1900,224,6.959574075078289e-08,0.0017445469917945508,0.9489929823848016,0.8787598603567534,0.8387248568270319,0.828778273276405,0.8489326765188835,0.9508612886647011,COMPLETE
389,,2026-05-31 21:12:43.802081,,,balanced,0.8265699249008452,0.014598244195849736,14,40,0.0005002599262029043,1900,232,1.057055368003978e-07,0.0010100197281758352,0.9509178387214805,,,,,,RUNNING
390,0.8389989365606868,2026-05-31 19:57:17.741196,2026-05-31 19:57:58.395294,0 days 00:00:40.654098,balanced,0.8027993658922487,0.013107999425620766,-1,30,0.0005324333920098729,1900,232,9.282687039314455e-08,0.0009948043123456708,0.9509856840641128,0.8788334631051603,0.8389989365606868,0.828153963689752,0.8501500481286449,0.9512430372817123,COMPLETE
391,0.8362133586502914,2026-05-31 19:57:58.406582,2026-05-31 19:58:40.577385,0 days 00:00:42.170803,balanced,0.824088525375131,0.012266453052843818,14,30,0.03090249958656443,2000,232,7.297635893387092e-08,0.0011044492047717976,0.9604444063820515,0.876163074549797,0.8362133586502914,0.8217166460265699,0.8512541758677311,0.949709908465417,COMPLETE
392,0.8387855315685803,2026-05-31 19:58:40.587740,2026-05-31 19:59:18.750118,0 days 00:00:38.162378,balanced,0.8021596932466113,0.014209547273917846,-1,30,0.0003598468113984838,1900,224,0.036916484429145136,0.0016788564641290304,0.9539983296400217,0.878759872294216,0.8387855315685803,0.8285462206616936,0.8493007190985788,0.9510921506720539,COMPLETE
393,0.8327069651423081,2026-05-31 19:59:18.759817,2026-05-31 19:59:58.491374,0 days 00:00:39.731557,,0.810163539589091,0.013162150735465792,-1,30,0.028894489911281275,1900,232,1.3121462235617805e-07,0.0016915484093459614,0.9550327586067991,0.8797270866526734,0.8327069651423081,0.8612067239436128,0.806041560500538,0.9501569761271238,COMPLETE
394,0.803999952120848,2026-05-31 19:59:58.500190,2026-05-31 20:00:08.952733,0 days 00:00:10.452543,balanced,0.7980890071017733,0.014333802786844128,4,30,0.7914862431717258,1900,224,0.0001504868197821194,0.0011526643374334307,0.9662987427276838,0.8477980061512355,0.803999952120848,0.7704627968718777,0.8406092520242341,0.9323382383393621,COMPLETE
395,0.8388364543007573,2026-05-31 20:00:08.961686,2026-05-31 20:00:51.847929,0 days 00:00:42.886243,balanced,0.7201973197419266,0.013764775497662638,-1,30,0.00038909116303586995,2000,232,0.0038136441794109407,0.0019400627778527982,0.9512416578457205,0.878833467415911,0.8388364543007573,0.8288356790104124,0.8491025423248967,0.951268467860086,COMPLETE
396,0.8385234268300189,2026-05-31 20:00:51.867199,2026-05-31 20:01:35.714611,0 days 00:00:43.847412,balanced,0.7357381451343712,0.013442057321271452,-1,30,3.041061346834767e-05,2000,232,0.14548219904677454,0.0018392759334638902,0.9520472256225444,0.8784760103701933,0.8385234268300189,0.8276939642896753,0.8496687616782742,0.9508730232800285,COMPLETE
397,0.8346389502257257,2026-05-31 20:01:35.723536,2026-05-31 20:02:20.174568,0 days 00:00:44.451032,balanced,0.7093364604025321,0.013028495132164168,-1,30,0.05377414592434865,2000,232,0.27824638458666906,0.001695027855624457,0.9515811475205775,0.8753640487634878,0.8346389502257257,0.8226349759288363,0.8470075307173999,0.9490670460405767,COMPLETE
398,0.8360729592639582,2026-05-31 20:02:20.183331,2026-05-31 20:03:04.696856,0 days 00:00:44.513525,balanced,0.720901830099918,0.011561142717211731,16,30,0.019058960902843668,2000,232,0.019683524198876222,0.00206164391396299,0.9526955124952159,0.8762051222731274,0.8360729592639582,0.8224937319668264,0.850121737160976,0.9499704227493707,COMPLETE
399,0.8260492476721879,2026-05-31 20:03:04.706695,2026-05-31 20:03:44.002835,0 days 00:00:39.296140,balanced,0.7179567672176745,0.013387544085553631,-1,30,0.035907068465427225,2000,224,4.445228114011482,0.0024651735869184186,0.9490970157748437,0.8672897806739566,0.8260492476721879,0.804758901334087,0.8485080120038503,0.9453020235240776,COMPLETE
400,0.8366273913222093,2026-05-31 20:03:44.012788,2026-05-31 20:04:27.217503,0 days 00:00:43.204715,balanced,0.7023391010192043,0.01391861061862621,-1,30,0.019050126196131893,2000,232,0.05473702930308734,0.0012344654127913663,0.9606679729281412,0.8771408117817612,0.8366273913222093,0.826409224103137,0.8471207745880754,0.9502089260275476,COMPLETE
401,0.8357610982271311,2026-05-31 20:04:27.227159,2026-05-31 20:05:10.796630,0 days 00:00:43.569471,balanced,0.7278606670465134,0.012568946077015333,-1,20,0.01775506600964669,2000,224,0.5551278462309311,0.0009794833028816895,0.9507656503833323,0.8761525606293873,0.8357610982271311,0.8233809756666312,0.8485363229715192,0.9498316179564585,COMPLETE
402,0.8352147627750309,2026-05-31 20:05:10.806807,2026-05-31 20:05:55.274130,0 days 00:00:44.467323,balanced,0.7337094890476843,0.013331660023134375,-1,30,0.0005997897856203021,1900,232,0.9478243631203308,0.0016693463042960622,0.9661550856094334,0.8756163722422433,0.8352147627750309,0.8220257023421942,0.8488477436158769,0.9496339684424168,COMPLETE
403,0.8358824157656043,2026-05-31 20:05:55.283399,2026-05-31 20:06:36.991163,0 days 00:00:41.707764,balanced,0.7132712928622977,0.01454738764426028,-1,30,0.0555588416606781,2000,224,0.028968159874718694,0.0024639920573270185,0.9443606788725333,0.8764364119423321,0.8358824157656043,0.824738450305183,0.8473472623294264,0.9495524344651843,COMPLETE
404,0.8271281198292538,2026-05-31 20:06:37.009849,2026-05-31 20:06:58.101346,0 days 00:00:21.091497,balanced,0.8010810703878986,0.013493397136284634,8,30,0.03317372888519334,1900,240,0.007813982559667889,0.0008745163972277713,0.9562063203023883,0.867426477224304,0.8271281198292538,0.8018909201227774,0.8540286506992808,0.9459261882555103,COMPLETE
405,0.837050276417691,2026-05-31 20:06:58.110894,2026-05-31 20:07:36.179257,0 days 00:00:38.068363,balanced,0.8218299766784968,0.014624385725630998,-1,30,0.020783968718455215,1900,224,2.1165681128371967e-07,0.0014366921598645704,0.970538206637081,0.8773405669848527,0.837050276417691,0.8260477119167637,0.8483664571655058,0.9502475866249451,COMPLETE
406,0.8364549017290407,2026-05-31 20:07:36.198324,2026-05-31 20:08:18.728268,0 days 00:00:42.529944,balanced,0.7906180648750741,0.013740005244267252,-1,30,0.041338915463559736,2000,232,0.010233401365311437,0.0029526468145412072,0.9510144484697747,0.8770146556795186,0.8364549017290407,0.8262547131842751,0.8469225978143933,0.9498861622173486,COMPLETE
407,0.8395592908334933,2026-05-31 20:08:18.738109,2026-05-31 20:08:58.753990,0 days 00:00:40.015881,balanced,0.8123492891407957,0.011262055270421583,-1,20,4.2481631796953325e-05,1900,240,3.187630116930521e-05,0.0018847176556374458,0.9421901255528641,0.8791173180656632,0.8395592908334933,0.8277961110650861,0.8516788403827643,0.9515637977486612,COMPLETE
408,0.8375372864500022,2026-05-31 20:08:58.768040,2026-05-31 20:09:42.090340,0 days 00:00:43.322300,balanced,0.8081909065064299,0.01200174252166348,-1,20,0.017139935703129782,1900,240,0.0009327022167510606,0.0019973109566269478,0.7889177777649039,0.8778872533757894,0.8375372864500022,0.827720365534141,0.8476020610384464,0.9505949637764114,COMPLETE
409,0.8400982750857583,2026-05-31 20:09:42.099672,2026-05-31 20:10:20.151686,0 days 00:00:38.052014,balanced,0.7344887818178504,0.015561036259642846,-1,20,0.0012236636485038965,1900,232,0.003782129865578875,0.0029451290783637273,0.9601552901179177,0.8800530102270665,0.8400982750857583,0.8318977071855658,0.8484797010361814,0.9514431122911958,COMPLETE
410,0.8373817234522724,2026-05-31 20:10:20.165394,2026-05-31 20:11:04.238407,0 days 00:00:44.073013,balanced,0.7349779622429773,0.011826645718410892,-1,30,0.00011401427141801508,1900,240,0.3185983130673334,0.0033687815178443264,0.9629981496043063,0.8773405620109099,0.8373817234522724,0.8247398858171304,0.8504331578053339,0.9504903331689835,COMPLETE
411,0.8346049980876705,2026-05-31 20:11:04.248225,2026-05-31 20:11:49.230637,0 days 00:00:44.982412,balanced,0.8057574722182057,0.011138982029062317,-1,40,0.07109499980212007,2000,232,0.07456630071792567,0.002239658512423669,0.9611353112410016,0.8750696798825754,0.8346049980876705,0.8208998339883559,0.8487911216805392,0.9491294752010898,COMPLETE
412,0.8373891023458829,2026-05-31 20:11:49.239909,2026-05-31 20:12:27.369999,0 days 00:00:38.130090,balanced,0.7356063757279112,0.01590405295868476,-1,20,0.03305483691483607,1900,232,0.0031735737955764817,0.003998099901499479,0.9549970804848372,0.8780029071634887,0.8373891023458829,0.829082100982259,0.8458750920106449,0.9502726383497343,COMPLETE
413,0.8350243470581707,2026-05-31 20:12:27.378966,2026-05-31 20:13:10.093560,0 days 00:00:42.714594,balanced,0.7265336070991597,0.010938084712756807,-1,30,0.04993605344559672,1900,240,0.0018574504466647916,0.0028963035578873308,0.943617522245282,0.8754481627795353,0.8350243470581707,0.8216888083488408,0.848819432648208,0.9496993335489389,COMPLETE
414,0.838340319354904,2026-05-31 20:13:10.113192,2026-05-31 20:13:47.982335,0 days 00:00:37.869143,balanced,0.8166117759951806,0.010346983375253896,-1,20,0.00020024313783560132,1900,224,0.000378941468766625,0.0017263688103826003,0.9485016180020703,0.8779188007741537,0.838340319354904,0.824736924450883,0.852414925542155,0.95122319130336,COMPLETE
415,0.8238062000890309,2026-05-31 20:13:47.992218,2026-05-31 20:14:18.134267,0 days 00:00:30.142049,,0.8142991910756502,0.010005393709514454,-1,30,0.3217167494115417,1900,224,0.20626079263712832,0.3826703550401403,0.9582640948217402,0.8740078123863505,0.8238062000890309,0.8569250433542628,0.7931600702111998,0.946350830442657,COMPLETE
416,0.8146855655027959,2026-05-31 20:14:18.152708,2026-05-31 20:14:34.174826,0 days 00:00:16.022118,balanced,0.8260742323846502,0.010453666598032627,6,20,0.02060242754289188,2000,232,0.033898650935290243,0.001815972715501267,0.9718290813253122,0.8567764183406131,0.8146855655027959,0.784108174774245,0.8477719268444596,0.9393313907214839,COMPLETE
417,0.8365827864400742,2026-05-31 20:14:34.185002,2026-05-31 20:15:15.842104,0 days 00:00:41.657102,balanced,0.8197398221269963,0.010529880925113776,-1,20,0.032153073562568676,1900,224,1.473170045026956e-05,0.0034098641482626893,0.9406258990098602,0.8766887394002417,0.8365827864400742,0.82363792269893,0.8499518713549629,0.9503062346806724,COMPLETE
418,0.8370290125348405,2026-05-31 20:15:15.852213,2026-05-31 20:15:57.451080,0 days 00:00:41.598867,balanced,0.8005272547629109,0.011630339568792062,-1,20,0.023272634003807715,1900,240,2.5411765805756863e-05,0.002168564050412426,0.9497514906312767,0.8772774854519717,0.8370290125348405,0.8257132047952007,0.8486778778098637,0.9505848904423865,COMPLETE
419,0.8321477407380501,2026-05-31 20:15:57.460928,2026-05-31 20:16:29.452740,0 days 00:00:31.991812,balanced,0.7176166372121937,0.012700590978216405,-1,20,0.27399660504726314,2000,224,0.0011982591193821688,0.001557654885830744,0.9402768550420562,0.8727041754549191,0.8321477407380501,0.8153160023520205,0.849697072645943,0.9478735138943719,COMPLETE
420,0.8376752444616602,2026-05-31 20:16:29.462572,2026-05-31 20:17:12.572891,0 days 00:00:43.110319,balanced,0.8131647840177383,0.010933378093826626,-1,20,0.017803640119538663,1900,232,0.00020211363232537893,0.004143096228148718,0.7346659385761763,0.8778136652176145,0.8376752444616602,0.8266981345639982,0.8489609874865524,0.9502463566118071,COMPLETE
421,0.8359186140240146,2026-05-31 20:17:12.582408,2026-05-31 20:17:48.112429,0 days 00:00:35.530021,balanced,0.8340476565849766,0.014501960483572773,-1,20,0.06227186368198136,1900,216,0.004914207053195321,0.0027569262084499234,0.9554445725746401,0.8766992446991505,0.8359186140240146,0.8263137713736438,0.8457618481399695,0.9499148132595338,COMPLETE
422,0.8340728734171506,2026-05-31 20:17:48.122300,2026-05-31 20:18:19.815114,0 days 00:00:31.692814,balanced,0.8039086634050207,0.011147731779177507,10,20,0.0003318392417308081,2000,232,0.15727381057795087,0.0015062500020418222,0.9674664838622461,0.873471645552959,0.8340728734171506,0.8129479398684275,0.8563501500481286,0.9487557012868318,COMPLETE
423,0.836062922777777,2026-05-31 20:18:19.824396,2026-05-31 20:18:59.172210,0 days 00:00:39.347814,balanced,0.8153021529265926,0.015161081667990947,-1,20,0.044362858193221825,1900,224,8.406619101515329e-06,0.9821054833330095,0.9473835985042752,0.8765520660616276,0.836062922777777,0.8247911902027328,0.8476586829737841,0.9497273855663159,COMPLETE
424,0.8360528455953955,2026-05-31 20:18:59.181949,2026-05-31 20:19:39.359274,0 days 00:00:40.177325,balanced,0.8257005416815973,0.013431189189634068,-1,20,0.08933896823850454,2000,224,0.12168083624917395,0.004046994984655025,0.9614484605145016,0.8766046287001563,0.8360528455953955,0.8251709082265708,0.8472340184587509,0.9494413273274773,COMPLETE
425,0.8226780176203304,2026-05-31 20:19:39.368222,2026-05-31 20:19:57.694568,0 days 00:00:18.326346,balanced,0.7936732949438681,0.012577864314505492,14,30,0.9380057813047096,1900,216,0.0019274434724060575,0.0021742694929473105,0.9369093300399898,0.8645142625307853,0.8226780176203304,0.8003606597893346,0.8462997565256779,0.9432509358060924,COMPLETE
426,0.8369338760431431,2026-05-31 20:19:57.704608,2026-05-31 20:20:40.285854,0 days 00:00:42.581246,balanced,0.722552849951241,0.01573298651581455,-1,30,0.016655865650878364,2000,232,0.015496838967101516,0.005845537979192627,0.9502171504256629,0.8776034007364598,0.8369338760431431,0.8282473206861777,0.8458184700753071,0.9503100092224738,COMPLETE
427,0.8355125368231265,2026-05-31 20:20:40.296001,2026-05-31 20:21:22.750517,0 days 00:00:42.454516,balanced,0.7469898399624177,0.01411053836830434,-1,40,0.03563524330099259,1900,240,0.0005817050255332129,0.0011033475958371459,0.9764921159558803,0.8760579280505837,0.8355125368231265,0.823720981848797,0.8476586829737841,0.9495893635922027,COMPLETE
428,0.8381172356258245,2026-05-31 20:21:22.760806,2026-05-31 20:22:01.563202,0 days 00:00:38.802396,balanced,0.8057182262950939,0.014720684012577954,-1,40,0.0008361767205478114,1900,216,9.107941272813082e-05,0.0016727257240598372,0.9434968745135403,0.8781185463609558,0.8381172356258245,0.8269469326551001,0.8496121397429364,0.9508594145148873,COMPLETE
