number,value,datetime_start,datetime_complete,duration,params_class_weight,params_colsample_bytree,params_learning_rate,params_max_depth,params_min_child_samples,params_min_split_gain,params_n_estimators,params_num_leaves,params_reg_alpha,params_reg_lambda,params_subsample,user_attrs_accuracy,user_attrs_f1,user_attrs_precision,user_attrs_recall,user_attrs_roc_auc,state
1837,0.8366618572547705,2026-06-01 11:36:59.653531,2026-06-01 11:37:36.462837,0 days 00:00:36.809306,balanced,0.9627749197126187,0.023950048608060936,16,20,0.01919765158509245,1800,208,1.3019273908051981e-05,3.2632731008333614e-06,0.8648894497803203,0.8782762545039094,0.8366618572547705,0.8338737742182637,0.8394768133174791,0.9499899693577772,COMPLETE
1838,0.8333783884540725,2026-06-01 11:37:36.474962,2026-06-01 11:38:00.182927,0 days 00:00:23.707965,balanced,0.6609968147103851,0.023932075896208535,8,10,0.04893016444317899,1800,208,2.3864484777176505e-05,3.0444474882962992e-06,0.8772239064158324,0.8732929145431289,0.8333783884540725,0.8144068098704814,0.8532642545722213,0.9482420435592758,COMPLETE
1839,0.8402251280154344,2026-06-01 11:38:00.194526,2026-06-01 11:38:33.843291,0 days 00:00:33.648765,balanced,0.6502655358415932,0.022214783515396467,16,10,0.00024936614832645507,1800,192,9.165235435436959e-06,4.699316303292572e-06,0.8647383953214978,0.8806207370594777,0.8402251280154344,0.8352728788743599,0.8452522507219297,0.9514689376305148,COMPLETE
1840,0.8346359842077465,2026-06-01 11:38:33.855623,2026-06-01 11:39:09.874079,0 days 00:00:36.018456,,0.6726986363770044,0.022130503528000632,16,10,0.031400888298394734,1800,208,1.6350369300451267e-05,6.974952947076783e-06,0.8838170935877585,0.8810727921979953,0.8346359842077465,0.8628821279932599,0.8081931940433723,0.9503321101337887,COMPLETE
1841,0.83829412371834,2026-06-01 11:39:09.885107,2026-06-01 11:39:47.180122,0 days 00:00:37.295015,balanced,0.6631249716978944,0.022083196783666846,16,20,0.018084456443928917,1800,200,5.9897269581799625e-06,8.024391161510475e-06,0.871910402091193,0.8788860310492281,0.83829412371834,0.8313602182446665,0.8453654945926052,0.9501772071494727,COMPLETE
1842,0.8401942383505207,2026-06-01 11:39:47.192426,2026-06-01 11:40:22.972051,0 days 00:00:35.779625,balanced,0.658272387846943,0.023327788143488806,16,10,0.0006325038490925864,1800,208,2.3520022197948956e-05,2.560927257102488e-06,0.8636160979459644,0.8808309896031695,0.8401942383505207,0.8368458541462598,0.8435819036294662,0.9514897931125589,COMPLETE
1843,0.8399750536127201,2026-06-01 11:40:22.983700,2026-06-01 11:40:56.292417,0 days 00:00:33.308717,balanced,0.6793046508000552,0.025391349253658872,16,10,0.00020002102649819978,1700,208,2.373726928281401e-06,1.8897216398044123e-06,0.8599340793832138,0.8809361334496134,0.8399750536127201,0.8385169146009801,0.8414585810543005,0.9513974317631978,COMPLETE
1844,0.8399375863231248,2026-06-01 11:40:56.304420,2026-06-01 11:41:30.923478,0 days 00:00:34.619058,balanced,0.6704493697961933,0.022603108751838366,16,10,0.000324179608108964,1800,200,1.1624467070397437e-05,1.8529725202143083e-05,0.8785790501465546,0.8804420073760323,0.8399375863231248,0.8352270760614818,0.844714342336221,0.951475982033358,COMPLETE
1845,0.8362432966914896,2026-06-01 11:41:30.944399,2026-06-01 11:42:08.839815,0 days 00:00:37.895416,balanced,0.6620309352992645,0.02104476540944329,16,20,0.07128557862878097,1800,208,3.970075117945897e-06,4.0832768696545856e-06,0.8723019416670297,0.8771723455846819,0.8362432966914896,0.8281407538696927,0.844516165562539,0.9491887949897682,COMPLETE
1846,0.8383636635462827,2026-06-01 11:42:08.852122,2026-06-01 11:42:41.930113,0 days 00:00:33.077991,balanced,0.657096733412179,0.022906445059482018,16,10,0.03264479599958806,1700,200,1.5263189988343518e-05,3.926525123899016e-06,0.8861047286969582,0.8790963008359219,0.8383636635462827,0.8325023254744828,0.8443179887888569,0.9504747904723131,COMPLETE
1847,0.8385889179431967,2026-06-01 11:42:41.941839,2026-06-01 11:43:20.466504,0 days 00:00:38.524665,balanced,0.6687789307923286,0.022624579955058358,16,10,0.03300098367589379,1800,208,6.56264083878617e-06,5.246040150525989e-06,0.8577581832870289,0.8795063168726099,0.8385889179431967,0.8343862280684847,0.8428458184700753,0.9504646588341757,COMPLETE
1848,0.8317052620926647,2026-06-01 11:43:20.478946,2026-06-01 11:43:59.075674,0 days 00:00:38.596728,balanced,0.6804405244560469,0.021115407871310006,16,100,0.05182078641002646,1700,192,2.8041090347105663e-05,2.5237317024959226e-06,0.8696619726086143,0.8723782571860649,0.8317052620926647,0.8149446131906896,0.8491874752279033,0.9476260250560761,COMPLETE
1849,0.8404703367958767,2026-06-01 11:43:59.088090,2026-06-01 11:44:38.608094,0 days 00:00:39.520004,balanced,0.6563849137782493,0.020858704286345852,16,10,0.00030113505911480014,1800,216,8.352158395470092e-06,6.54974183347624e-06,0.8779186656399283,0.8809676788584008,0.8404703367958767,0.8366434598039563,0.8443462997565256,0.9514658007822007,COMPLETE
1850,0.8374581086013629,2026-06-01 11:44:38.629554,2026-06-01 11:45:18.053142,0 days 00:00:39.423588,balanced,0.6553788320816376,0.024738581838229926,16,20,0.018616157259049342,1700,216,8.486035423916972e-06,8.517191431443774e-06,0.8902354825074184,0.878497031579089,0.8374581086013629,0.8321303000727666,0.8428741294377442,0.950118551842985,COMPLETE
1851,0.8388626181695938,2026-06-01 11:45:18.072602,2026-06-01 11:45:57.207769,0 days 00:00:39.135167,balanced,0.6503787522999861,0.02312073803398574,16,10,0.01884007088913959,1800,216,1.1203075996631766e-05,1.0781725966625028e-05,0.8809876376278872,0.8798217205578619,0.8388626181695938,0.8354098867309282,0.8423645320197045,0.950785636817309,COMPLETE
1852,0.8362883092483139,2026-06-01 11:45:57.219733,2026-06-01 11:46:31.183441,0 days 00:00:33.963708,balanced,0.650039952331396,0.021345435004324786,10,10,0.046390023950541495,1800,216,1.5101542666306175e-05,2.1372257130481005e-05,0.8760719784841056,0.8766677138805955,0.8362883092483139,0.8246646434268384,0.8482532132948304,0.9494901916117424,COMPLETE
1853,0.8367253894263618,2026-06-01 11:46:31.194532,2026-06-01 11:47:11.510827,0 days 00:00:40.316295,balanced,0.6500875192501476,0.022914734636889447,16,20,0.03258780655066817,1800,216,8.707057111566203e-06,5.519832878575154e-06,0.8839045138606049,0.8779608584453698,0.8367253894263618,0.8314702240164191,0.8420531113753468,0.9497185520490349,COMPLETE
1854,0.8385888321115645,2026-06-01 11:47:11.522072,2026-06-01 11:47:46.884487,0 days 00:00:35.362415,balanced,0.6570550813462023,0.020948223045007233,16,10,0.020939890429153656,1700,216,1.789872817039334e-05,7.401658905452389e-06,0.894975392495207,0.8793275865259721,0.8385888321115645,0.8331405037829128,0.8441198120151746,0.9507231309700134,COMPLETE
1855,0.8232416109683802,2026-06-01 11:47:46.905270,2026-06-01 11:48:02.158108,0 days 00:00:15.252838,balanced,0.6609467819746008,0.02140454142602889,16,10,0.06884454653927974,1800,32,1.0836432009885928e-05,5.634599556512949e-06,0.8774197878032437,0.8640621951232088,0.8232416109683802,0.7960223496682483,0.852414925542155,0.9443843142070545,COMPLETE
1856,0.8386704668925672,2026-06-01 11:48:02.169715,2026-06-01 11:48:34.845712,0 days 00:00:32.675997,balanced,0.6566709911439844,0.020682467335390687,16,20,0.018254670413309734,1800,160,7.813044259802201e-06,1.340243149896142e-05,0.8672419496361493,0.8785075541209997,0.8386704668925672,0.8273195028929141,0.8503482249023272,0.9503120259942825,COMPLETE
1857,0.836384714252385,2026-06-01 11:48:34.857623,2026-06-01 11:49:09.665263,0 days 00:00:34.807640,balanced,0.6640543477736555,0.023627883960550572,16,10,0.05265182572867894,1700,216,2.0958478419549756e-05,6.075274002339188e-06,0.8725493396145827,0.8778452093000171,0.836384714252385,0.8320846259841375,0.8407508068625785,0.9499209056810232,COMPLETE
1858,0.8355457680165452,2026-06-01 11:49:09.677593,2026-06-01 11:49:47.978554,0 days 00:00:38.300961,,0.6580027055898676,0.025923486675704325,16,10,0.01930510755067509,1800,224,6.1827420967419445e-06,5.057014195808958e-06,0.8851511162139207,0.8815669265614813,0.8355457680165452,0.8625779519656596,0.8101749617801937,0.9505438372504139,COMPLETE
1859,0.830519296197004,2026-06-01 11:49:47.998824,2026-06-01 11:50:29.483215,0 days 00:00:41.484391,balanced,0.663943749880018,0.02213404184037098,16,20,0.04018769611958412,1800,224,2.1062514041298814,2.436926999560768e-06,0.8632562644081713,0.8718631012820871,0.830519296197004,0.8161151921704807,0.8454504274956118,0.9468713995734411,COMPLETE
1860,0.8399383822428795,2026-06-01 11:50:29.495241,2026-06-01 11:51:04.784674,0 days 00:00:35.289433,balanced,0.6570207198600491,0.020759645432082512,12,10,0.0005544481042351604,1700,216,1.4174396306618851e-05,4.075168020875591e-06,0.8740599078064546,0.8799794240584689,0.8399383822428795,0.8320731485864711,0.8479701036181417,0.9510263520507461,COMPLETE
1861,0.8097903268937995,2026-06-01 11:51:04.796110,2026-06-01 11:51:16.394613,0 days 00:00:11.598503,balanced,0.6500725932317941,0.020803169838154122,4,10,0.0005155310057463479,1800,224,3.464574337761407e-05,1.352157763627965e-05,0.8885540459219433,0.852266176280998,0.8097903268937995,0.7758626088714143,0.8468376649113867,0.9364194855771637,COMPLETE
1862,0.8309144997557544,2026-06-01 11:51:16.415292,2026-06-01 11:51:56.425710,0 days 00:00:40.010418,balanced,0.6663466617456496,0.02276668877993408,16,120,0.03255420173058696,1700,216,1.1100183755895293e-05,3.0080849610192404e-06,0.8689617280438607,0.8719366887770695,0.8309144997557544,0.8151167092171544,0.8473472623294264,0.9474612874650874,COMPLETE
1863,0.8234044350141353,2026-06-01 11:51:56.438692,2026-06-01 11:52:14.086066,0 days 00:00:17.647374,balanced,0.6565688022017543,0.02167587094854873,6,10,0.01778321602299053,1800,224,2.7972383741581032e-05,1.8354499427461009e-06,0.880328763614118,0.8638729558301042,0.8234044350141353,0.7944485225554642,0.8545665590849896,0.9441975852152206,COMPLETE
1864,0.8387275071103728,2026-06-01 11:52:14.100517,2026-06-01 11:52:55.595745,0 days 00:00:41.495228,balanced,0.6630459840464551,0.020407019742341836,16,20,0.0005782348154587952,1800,208,6.329006764133668e-06,5.256045771466998e-06,0.8563399374753023,0.8792750245506359,0.8387275071103728,0.8322373003835718,0.8453371836249363,0.9510273452445034,COMPLETE
1865,0.8400281640811986,2026-06-01 11:52:55.608814,2026-06-01 11:53:33.737420,0 days 00:00:38.128606,balanced,0.6570593569329669,0.0203090037946135,16,10,0.000348729272102791,1700,224,1.5543823660468846e-05,8.91260133230695e-06,0.8612558260313831,0.8805892012669799,0.8400281640811986,0.8358822158046019,0.8442330558858502,0.9514680367151266,COMPLETE
1866,0.8268243608988421,2026-06-01 11:53:33.748910,2026-06-01 11:53:48.785830,0 days 00:00:15.036920,balanced,0.6676867832067684,0.021539188266443677,8,10,0.03224621959734602,1100,216,8.912347750689647e-06,3.310361228386051e-06,0.8656620050587633,0.8673318486246545,0.8268243608988421,0.8023673734984932,0.8528395900571882,0.9459495243795103,COMPLETE
1867,0.8396450081052835,2026-06-01 11:53:48.797730,2026-06-01 11:54:27.937062,0 days 00:00:39.139332,balanced,0.6628937957954053,0.019986741892377292,16,20,0.0001991356158906956,1800,216,2.4694966930341633e-05,1.7817734307635263e-06,0.8773236644307078,0.880000446262153,0.8396450081052835,0.8334142587514473,0.8459883358813204,0.9510835937806462,COMPLETE
1868,0.833961148957536,2026-06-01 11:54:27.949122,2026-06-01 11:55:11.538367,0 days 00:00:43.589245,balanced,0.6560028773298595,0.022289075609468,16,10,0.0954390850254294,1800,224,5.416461917545876e-06,2.8555091547978653,0.8547382613805263,0.8751117239583476,0.833961148957536,0.8236208555945735,0.8445727874978767,0.948123879804233,COMPLETE
1869,0.8377428359733777,2026-06-01 11:55:11.559906,2026-06-01 11:55:46.443101,0 days 00:00:34.883195,balanced,0.6500490646345548,0.020504556703553542,16,10,0.0501146687495265,1700,208,1.866045668787325e-05,1.3364394749278715e-06,0.8911751576874146,0.8784444633034251,0.8377428359733777,0.8306243887206795,0.8449974520129097,0.9502414623954336,COMPLETE
1870,0.8370356710287311,2026-06-01 11:55:46.455073,2026-06-01 11:56:29.676591,0 days 00:00:43.221518,balanced,0.6689616383565181,0.019901652840558087,16,30,0.01941191033787274,1800,224,1.1721091282998528e-05,2.775918517096233e-06,0.8698263274749736,0.8776980071191646,0.8370356710287311,0.8284730874373135,0.8457901591076383,0.9499223808322762,COMPLETE
1871,0.8358835585344995,2026-06-01 11:56:29.688751,2026-06-01 11:57:08.020993,0 days 00:00:38.332242,balanced,0.6618939347138071,0.024836887535167877,16,20,0.06472079082417918,1800,216,3.751579632458435e-05,1.853930038204953e-06,0.9015776844029015,0.8772354254595821,0.8358835585344995,0.8300058445355166,0.8418549346016647,0.9490237083575189,COMPLETE
1872,0.8374126468055773,2026-06-01 11:57:08.032509,2026-06-01 11:57:41.710688,0 days 00:00:33.678179,balanced,0.6717657805308381,0.02384893093839952,16,10,0.03456675666484382,1700,208,8.028562428368252e-06,2.6385305410967333e-07,0.8852277962701104,0.8785390915714784,0.8374126468055773,0.8325867098353861,0.8423079100843666,0.950320011643515,COMPLETE
1873,0.8392662832871514,2026-06-01 11:57:41.732731,2026-06-01 11:58:21.089493,0 days 00:00:39.356762,balanced,0.656025821605516,0.02138520451484917,16,10,0.018344362006103322,1800,224,4.202604791115785e-06,4.491777616059745e-06,0.8614485457505455,0.8800004432777874,0.8392662832871514,0.8349863832181721,0.843610214597135,0.9508570494247275,COMPLETE
1874,0.8390406431839974,2026-06-01 11:58:21.101968,2026-06-01 11:58:58.739585,0 days 00:00:37.637617,balanced,0.6638811093959733,0.02012613649338669,16,10,0.017574819887048943,1800,216,2.2285187313666447e-05,1.1022029551754517e-06,0.8771539847771663,0.8797481264309557,0.8390406431839974,0.834172448253964,0.8439782571768303,0.9509105223098011,COMPLETE
1875,0.8401274060550296,2026-06-01 11:58:58.751618,2026-06-01 11:59:35.060008,0 days 00:00:36.308390,balanced,0.6501981735645085,0.022747794070340274,16,10,0.00010092029978504293,1800,208,1.2318423945650501e-05,1.1281735917296927e-06,0.8530227645050427,0.8809466460436385,0.8401274060550296,0.8379454573605921,0.8423362210520354,0.9515998438912856,COMPLETE
1876,0.8335622139796331,2026-06-01 11:59:35.071700,2026-06-01 12:00:12.705338,0 days 00:00:37.633638,,0.6670610487215783,0.02074702289310806,16,20,0.04391270403725608,1700,224,7.860080702379732e-06,2.5565519259001057e-07,0.8681116635185969,0.8802843022174445,0.8335622139796331,0.8616515782385962,0.8072589321102995,0.9497298502241591,COMPLETE
1877,0.8393801604660549,2026-06-01 12:00:12.717611,2026-06-01 12:00:50.659824,0 days 00:00:37.942213,balanced,0.650078114655044,0.019556044553404022,16,10,0.017502048383426463,1800,216,3.3297755119464824e-05,2.0791642862474384e-06,0.8590445806906678,0.8798742788856401,0.8393801604660549,0.833624936394337,0.8452239397542608,0.950813058716855,COMPLETE
1878,0.8402446660190336,2026-06-01 12:00:50.680348,2026-06-01 12:01:26.351471,0 days 00:00:35.671123,balanced,0.6611548324143547,0.021185302748687743,16,10,0.00019005936733509219,1700,224,1.635703585410075e-05,3.555555123893058e-06,0.8810866257741881,0.8807784259698522,0.8402446660190336,0.8362847466284739,0.844261366853519,0.9515430374705462,COMPLETE
1879,0.8378137880734546,2026-06-01 12:01:26.363671,2026-06-01 12:02:03.117206,0 days 00:00:36.753535,balanced,0.6720910097450125,0.019910893420673502,16,10,0.03508401076609272,1800,208,4.998520304149386e-06,3.6543389514155234e-07,0.8749479769121666,0.8786862847992337,0.8378137880734546,0.8319723236795086,0.8437517694354794,0.9504161308951428,COMPLETE
1880,0.8356155607501073,2026-06-01 12:02:03.128404,2026-06-01 12:02:35.296931,0 days 00:00:32.168527,balanced,0.6563695493297591,0.021836320791754873,10,20,0.05257733499348081,1800,224,2.193706434417894e-05,9.057372667237742e-07,0.894435606812665,0.875784592979222,0.8356155607501073,0.8215818114350711,0.8501500481286449,0.9489416834616051,COMPLETE
1881,0.8375233756783351,2026-06-01 12:02:35.309172,2026-06-01 12:03:13.311694,0 days 00:00:38.002522,balanced,0.6733145916111337,0.01960999105195601,16,10,0.031490493564327836,1800,216,1.2031170620219398e-05,1.6919021515927733e-06,0.8516425008481374,0.8784865133479287,0.8375233756783351,0.8317804956540734,0.843355415888115,0.9504406393975584,COMPLETE
1882,0.8411901486686686,2026-06-01 12:03:13.323236,2026-06-01 12:03:51.304190,0 days 00:00:37.980954,balanced,0.661981314679127,0.02065921142136346,16,10,7.55284857198732e-05,1700,232,7.105608980663393e-06,7.547059786652723e-07,0.8668272157418362,0.8816089951753717,0.8411901486686686,0.8380955492999509,0.8443179887888568,0.951655514236014,COMPLETE
1883,0.8378820354443813,2026-06-01 12:03:51.320736,2026-06-01 12:04:31.223025,0 days 00:00:39.902289,balanced,0.6568083869879251,0.0193994129809787,16,20,0.019774664380107432,1700,232,4.1639496561636027e-05,1.2185967516053883e-06,0.8709496309422918,0.8784760000907114,0.8378820354443813,0.8302690861021254,0.8456486042692939,0.9502640440847415,COMPLETE
1884,0.839783624209646,2026-06-01 12:04:31.244226,2026-06-01 12:05:08.011659,0 days 00:00:36.767433,balanced,0.6577726757027889,0.01978494500366617,16,10,0.00023019979560119923,1700,232,9.079838939566387e-06,6.181748047030755e-06,0.8828622354387069,0.8803894414215416,0.839783624209646,0.8355053760860782,0.8441198120151746,0.9515625051531743,COMPLETE
1885,0.828093309858018,2026-06-01 12:05:08.023816,2026-06-01 12:05:41.102519,0 days 00:00:33.078703,balanced,0.6645549584103451,0.020664386229448314,16,180,0.07939135980177289,1700,232,1.6276446951127694e-05,2.575618218329384e-07,0.8737532100785645,0.8689403756525245,0.828093309858018,0.8072678193498942,0.8500368042579695,0.9459219478509283,COMPLETE
1886,0.8380392883135414,2026-06-01 12:05:41.123286,2026-06-01 12:06:18.180175,0 days 00:00:37.056889,balanced,0.6678333411232253,0.021909441409700907,12,10,0.018784543557707045,1700,232,4.8594930575822694e-06,1.9767505335845102e-06,0.8680343150559174,0.8789175678365145,0.8380392883135414,0.8326047274104694,0.8435535926617973,0.9504441672779609,COMPLETE
1887,0.8377510798861486,2026-06-01 12:06:18.191448,2026-06-01 12:06:55.447372,0 days 00:00:37.255924,balanced,0.6560481875445238,0.019329111113605153,16,10,0.05100065388120712,1700,232,2.7825924022676007e-05,2.7261303477891756e-06,0.8790182437010947,0.8786547337533112,0.8377510798861486,0.832018370680502,0.843581903629466,0.9501619661908758,COMPLETE
1888,0.8373871649086634,2026-06-01 12:06:55.458399,2026-06-01 12:07:34.647255,0 days 00:00:39.188856,balanced,0.6500873031312874,0.019414552375499237,16,20,0.0327575178030818,1700,232,1.1979027545351894e-05,9.096058508607518e-07,0.8621600401941174,0.8780870128896313,0.8373871649086634,0.8296509868737858,0.8452805616895985,0.9499802845103352,COMPLETE
1889,0.8222115219685254,2026-06-01 12:07:34.659835,2026-06-01 12:07:51.033004,0 days 00:00:16.373169,balanced,0.6729927315404625,0.020412772785757868,6,10,0.01913493657662606,1700,224,3.766257089769377e-05,4.436960709860587e-07,0.888952851325992,0.862979309070858,0.8222115219685254,0.7934368963721923,0.8531793216692147,0.9434797364889477,COMPLETE
1890,0.8348098601895563,2026-06-01 12:07:51.045299,2026-06-01 12:08:25.739456,0 days 00:00:34.694157,balanced,0.6619862357657172,0.019299679708200304,16,10,0.1732691287905774,1700,232,6.687619659111317e-06,1.5314814412212245e-06,0.8664353873835364,0.8760053607697081,0.8348098601895563,0.8261166684019408,0.8436951475001416,0.9486657860817306,COMPLETE
1891,0.8098362931892763,2026-06-01 12:08:25.751621,2026-06-01 12:08:36.534305,0 days 00:00:10.782684,balanced,0.6784505648172972,0.021400647054776664,4,20,0.034442119443942446,1700,224,1.9715400258116524e-05,7.615220912789534e-07,0.8732103036979428,0.8522977233477663,0.8098362931892763,0.7759072816566611,0.8468942868467244,0.9360701299414794,COMPLETE
1892,0.8313085018304068,2026-06-01 12:08:36.546343,2026-06-01 12:08:58.182825,0 days 00:00:21.636482,balanced,0.667568222505259,0.023366075318111777,16,10,0.4104687664582154,1700,232,4.523624734438209e-06,3.623359653769475e-07,0.8854896304797472,0.8721679910469294,0.8313085018304068,0.8151181395890852,0.8481682803918238,0.9469669724569983,COMPLETE
1893,0.8392950457319177,2026-06-01 12:08:58.194955,2026-06-01 12:09:35.345417,0 days 00:00:37.150462,balanced,0.6571974355400805,0.020389708657010026,16,10,0.017474591923528224,1700,224,1.2270742985101138e-05,5.814864875644124e-07,0.8659311359185516,0.8799583889225332,0.8392950457319177,0.8345683348328437,0.8440915010475059,0.9509029411296256,COMPLETE
1894,0.8180269208179078,2026-06-01 12:09:35.366824,2026-06-01 12:09:51.243507,0 days 00:00:15.876683,balanced,0.6625730099993503,0.018947517139188956,8,20,0.8630382328147279,1700,224,7.698074552158556e-06,3.145506626842636e-06,0.877711591943519,0.8599724843470765,0.8180269208179078,0.7905361604942467,0.8475171281354396,0.9410612414937867,COMPLETE
1895,0.8341936245621763,2026-06-01 12:09:51.255802,2026-06-01 12:10:27.992282,0 days 00:00:36.736480,,0.6732539609227836,0.022106526417935708,16,10,0.0640284073954706,1700,232,2.3781832631523392e-05,2.1928108313989694e-07,0.8624721295624159,0.8808204776723368,0.8341936245621763,0.8629398687975672,0.8073155540456373,0.9498216001960369,COMPLETE
1896,0.8379495735872124,2026-06-01 12:10:28.004367,2026-06-01 12:11:04.817685,0 days 00:00:36.813318,balanced,0.6570935590718306,0.019126310366588555,16,10,0.018080374634154944,1700,224,3.853846092790806e-05,1.1622286544466524e-06,0.8741831494235033,0.8786652486685095,0.8379495735872124,0.8312784916767768,0.8447426533038899,0.9507923273047393,COMPLETE
1897,0.8367448834174426,2026-06-01 12:11:04.829114,2026-06-01 12:11:43.619426,0 days 00:00:38.790312,balanced,0.650056184323935,0.020435468186847414,16,20,0.04699717147604358,1700,232,3.7694379897565083e-06,9.587794659588808e-06,0.88266095634616,0.8776664736478402,0.8367448834174426,0.8294288649181144,0.8442047449181813,0.9496657871666062,COMPLETE
