number,value,datetime_start,datetime_complete,duration,params_class_weight,params_colsample_bytree,params_learning_rate,params_max_depth,params_min_child_samples,params_min_split_gain,params_n_estimators,params_num_leaves,params_reg_alpha,params_reg_lambda,params_subsample,user_attrs_accuracy,user_attrs_f1,user_attrs_precision,user_attrs_recall,user_attrs_roc_auc,state
2081,0.8345243215755779,2026-06-01 13:50:59.953874,2026-06-01 13:51:16.060752,0 days 00:00:16.106878,balanced,0.6841037307251387,0.01939794278681048,16,10,0.017861978508139656,700,224,7.465548970139746e-06,1.5336426051475832e-07,0.9101407917395046,0.8744809278621141,0.8345243215755779,0.8174907442442683,0.8523016816714796,0.9492037945661874,COMPLETE
2082,0.8380447574348411,2026-06-01 13:51:16.072828,2026-06-01 13:51:50.305023,0 days 00:00:34.232195,balanced,0.6750070789004218,0.02160638150499038,16,10,0.052461293269484746,1600,224,3.8154872613757315e-06,4.534575998969498e-07,0.8597613712993536,0.8789596218601724,0.8380447574348411,0.8328674139185325,0.8432987939527773,0.950066497505215,COMPLETE
2083,0.8375286578949147,2026-06-01 13:51:50.317878,2026-06-01 13:52:27.048042,0 days 00:00:36.730164,balanced,0.6883002222125038,0.02554411406138658,16,20,0.017698997704048165,1700,216,1.2633306659616267e-05,2.6862645138221285e-07,0.883299206816773,0.8788229488531546,0.8375286578949147,0.8340399406630281,0.8410622275069363,0.9500909737285487,COMPLETE
2084,0.8367701090878864,2026-06-01 13:52:27.060250,2026-06-01 13:53:02.981699,0 days 00:00:35.921449,,0.674546011680813,0.018852376326832964,16,10,0.0006791697633436095,1700,224,2.682752625628528e-06,1.1461227930901124e-07,0.8762975538381986,0.8824921054656673,0.8367701090878864,0.8641873333270514,0.8110526017779288,0.9516414614331348,COMPLETE
2085,0.8371276569684443,2026-06-01 13:53:02.994365,2026-06-01 13:53:39.429941,0 days 00:00:36.435576,balanced,0.7679889322569535,0.02089681310819321,12,10,0.03534625381592578,1700,224,8.32332999461362e-06,2.0409169661416825e-07,0.8715227270232203,0.8780134117992051,0.8371276569684443,0.8302011062580804,0.8441764339505125,0.9500683142229832,COMPLETE
2086,0.831239690222019,2026-06-01 13:53:39.451009,2026-06-01 13:54:05.906932,0 days 00:00:26.455923,balanced,0.6841888871342677,0.019581818097753487,16,20,0.34550423542517833,1600,216,4.5706186768222194e-06,3.283473854868651e-07,0.865035339004683,0.8720418273179745,0.831239690222019,0.8145879110219422,0.8485929449068569,0.947001429202714,COMPLETE
2087,0.8398004742293076,2026-06-01 13:54:05.919314,2026-06-01 13:54:33.832471,0 days 00:00:27.913157,balanced,0.6920695582557933,0.02166349641456231,16,10,0.0007657746927087474,1700,152,1.547253816649679e-05,4.5152872268637715e-07,0.8578307600899837,0.8795483665855174,0.8398004742293076,0.8297205706075129,0.8501500481286449,0.9512693122137135,COMPLETE
2088,0.8089071638746423,2026-06-01 13:54:33.845053,2026-06-01 13:54:44.851906,0 days 00:00:11.006853,balanced,0.6720479442482309,0.020305023735953567,4,10,0.01835580888535168,1700,224,6.950371198963404e-06,6.892797192089787e-08,0.8647964227708064,0.8516564050412184,0.8089071638746423,0.7753835781670068,0.8454787384632807,0.9356467152512554,COMPLETE
2089,0.8377560616308982,2026-06-01 13:54:44.863438,2026-06-01 13:55:21.283046,0 days 00:00:36.419608,balanced,0.6752189931806084,0.018668390182058504,16,10,0.04554920954055951,1700,216,9.74505823334318e-06,1.4840596189611247e-07,0.8857882771728637,0.8784129228685806,0.8377560616308982,0.8303498846437695,0.8453088726572675,0.9503788795774964,COMPLETE
2090,0.8265708309315642,2026-06-01 13:55:21.294645,2026-06-01 13:55:32.197137,0 days 00:00:10.902492,balanced,0.6701643991685411,0.12295767945225364,16,20,0.5102953820326448,1700,224,5.126139484500687e-06,2.3752741317053039e-07,0.8789090114552728,0.8682149615677197,0.8265708309315642,0.8083172655495815,0.8456769152369628,0.9442935076709608,COMPLETE
2091,0.8216787861371193,2026-06-01 13:55:32.209773,2026-06-01 13:55:47.071461,0 days 00:00:14.861688,balanced,0.6819057968429583,0.020156705204440253,6,10,0.03243663582814318,1600,224,1.6388005319180554e-05,3.3875736958970956e-07,0.8695834459355006,0.8625167264164868,0.8216787861371193,0.7926621371332487,0.8529245229601948,0.942971706179197,COMPLETE
2092,0.8370101620606594,2026-06-01 13:55:47.083098,2026-06-01 13:56:21.946623,0 days 00:00:34.863525,balanced,0.6798205307179233,0.021619631117847087,16,10,0.0829474636137281,1700,216,2.8424758475997464e-06,5.119242055814258e-07,0.8905695453915193,0.8780870178635741,0.8370101620606594,0.8311842883869588,0.8429307513730819,0.9496550411907198,COMPLETE
2093,0.837317013433235,2026-06-01 13:56:21.958869,2026-06-01 13:56:58.210514,0 days 00:00:36.251645,balanced,0.6687080271129077,0.01870611760205255,16,20,0.017764126836867886,1600,224,1.160152743932543e-05,1.0768259669044671e-07,0.8614461813618646,0.8778346957112036,0.837317013433235,0.8282674770104906,0.8465828662023669,0.9502720459402186,COMPLETE
2094,0.8306343826213375,2026-06-01 13:56:58.223022,2026-06-01 13:57:21.721493,0 days 00:00:23.498471,balanced,0.6918099178705392,0.1371904274844329,8,10,0.0008566494213914698,1700,216,4.255302309839327e-06,2.6895824197916577e-07,0.8769004140955544,0.8743232183927758,0.8306343826213375,0.8313981673669945,0.8298793952777306,0.9461816560348165,COMPLETE
2095,0.8403259520894424,2026-06-01 13:57:21.734402,2026-06-01 13:57:58.749596,0 days 00:00:37.015194,balanced,0.6737828593562222,0.02326711145427009,16,10,0.0006902422380257752,1700,232,8.600118503279423e-06,4.85170109702312e-07,0.8582492098303506,0.8812094778056685,0.8403259520894424,0.8389295722867244,0.8417416907309893,0.9514530102641299,COMPLETE
2096,0.830247685907518,2026-06-01 13:57:58.770577,2026-06-01 13:58:32.715708,0 days 00:00:33.945131,balanced,0.6687392852876375,0.062429175637027115,16,10,0.0561619165958777,1700,224,1.682166139614279e-05,1.7051766094070542e-07,0.8680533714600794,0.8746701658288343,0.830247685907518,0.8352357666331861,0.8253213294830418,0.9471111280778316,COMPLETE
2097,0.8380380953356825,2026-06-01 13:58:32.737767,2026-06-01 13:59:08.211082,0 days 00:00:35.473315,balanced,0.6802372643617304,0.01978102193084695,16,20,0.03394987456517558,1600,216,1.8515730304759592e-06,2.236985536356985e-07,0.8578736425533446,0.8785390962138252,0.8380380953356825,0.8300587989132656,0.8461865126550027,0.9500188738694252,COMPLETE
2098,0.838614257069632,2026-06-01 13:59:08.223426,2026-06-01 13:59:45.640916,0 days 00:00:37.417490,balanced,0.6668392725284513,0.020898306165910607,16,10,0.017604502221445432,1700,232,6.533241974363873e-06,6.945239380021442e-08,0.8757901202675928,0.879558880174331,0.838614257069632,0.8346285125678649,0.8426476416963932,0.9508258924136657,COMPLETE
2099,0.8329694383312917,2026-06-01 13:59:45.653309,2026-06-01 14:00:22.898228,0 days 00:00:37.244919,balanced,0.6750072533876009,0.0837038446349999,16,10,0.0005828547233719593,1600,224,2.871339761547183e-05,1.3588197950040383e-07,0.8661520279088315,0.8773510828948395,0.8329694383312917,0.8426586575375699,0.8235094275522338,0.9485570488821103,COMPLETE
2100,0.8368196646141103,2026-06-01 14:00:22.910703,2026-06-01 14:01:04.231647,0 days 00:00:41.320944,balanced,0.6840181819724991,0.018547437877318627,16,20,0.03160529096635354,1700,224,1.4590299569391392e-05,5.125660473691374e-07,0.8832687106811532,0.877456202866358,0.8368196646141103,0.8277216040448613,0.8461298907196647,0.9501064781680938,COMPLETE
2101,0.8396003223859076,2026-06-01 14:01:04.244219,2026-06-01 14:01:45.477410,0 days 00:00:41.233191,balanced,0.6685016961361991,0.019397484162346847,16,10,0.0006512484493381879,1700,232,6.3417110507847e-06,3.537577531367188e-07,0.8560022893621108,0.8802527717304857,0.8396003223859076,0.8353071359842094,0.8439499462091614,0.9515795407554267,COMPLETE
2102,0.8372701390418053,2026-06-01 14:01:45.490178,2026-06-01 14:02:22.706057,0 days 00:00:37.215879,balanced,0.6664597150229694,0.02067889708744195,16,10,0.06401405672215087,1700,216,9.811604905339404e-06,2.0358004486460645e-07,0.9057602175755552,0.8781290652553083,0.8372701390418053,0.8304011647909825,0.844261366853519,0.9499503827164005,COMPLETE
2103,0.8339059985104801,2026-06-01 14:02:22.718892,2026-06-01 14:03:00.536420,0 days 00:00:37.817528,,0.6725475355209352,0.02226330551471735,16,10,0.03316938213905186,1700,216,4.098748201250672e-06,9.205157610360876e-08,0.8716912130334865,0.8806522602513204,0.8339059985104801,0.8629393719926585,0.8067776456599286,0.9502683063457226,COMPLETE
2104,0.8377971176756648,2026-06-01 14:03:00.549062,2026-06-01 14:03:28.297293,0 days 00:00:27.748231,balanced,0.6782895550989043,0.01837176834167838,16,20,0.00043777849041546745,1700,128,2.0590894621182152e-05,3.458515787290852e-07,0.8930998426206033,0.877119782614557,0.8377971176756648,0.8217133418286041,0.8545382481173207,0.9505213375410775,COMPLETE
2105,0.8308319050395255,2026-06-01 14:03:28.309933,2026-06-01 14:03:54.386548,0 days 00:00:26.076615,balanced,0.665608226019425,0.01982754603878782,10,10,0.3184853539347139,1600,232,1.1194297330771906e-05,5.402226851692979e-07,0.8645280440054962,0.8714635912075002,0.8308319050395255,0.812559969541367,0.8499518713549629,0.9467756600063447,COMPLETE
2106,0.8341410068793405,2026-06-01 14:03:54.409454,2026-06-01 14:04:30.992928,0 days 00:00:36.583474,balanced,0.6861048433585859,0.04232183159264284,16,10,0.04870362535127594,1600,224,2.935601821644353e-06,1.535422942126391e-07,0.8745627660173114,0.8772564582743444,0.8341410068793405,0.8371911048901005,0.8311250778551611,0.9487616074664574,COMPLETE
2107,0.8309916703508873,2026-06-01 14:04:31.006052,2026-06-01 14:04:54.247289,0 days 00:00:23.241237,balanced,0.6653670240924918,0.02190870160743017,16,10,0.4299773534343679,1700,216,5.589758452209024e-06,2.587226257145062e-07,0.8823462832568372,0.8717369431902675,0.8309916703508873,0.8136478319440617,0.8491025423248967,0.946761618565204,COMPLETE
2108,0.8309481577080601,2026-06-01 14:04:54.260210,2026-06-01 14:05:40.841407,0 days 00:00:46.581197,balanced,0.6742180440415014,0.03601118705932374,16,120,0.01855046706833808,1700,224,1.5136783271635185e-05,1.1702897555123112e-07,0.8556569399126166,0.8727882652644445,0.8309481577080601,0.8202803552676571,0.8419115565370024,0.9469246631299374,COMPLETE
2109,0.8372696700710184,2026-06-01 14:05:40.854063,2026-06-01 14:06:23.218720,0 days 00:00:42.364657,balanced,0.6647535588860207,0.019123876159637367,16,20,0.019964470162467832,1700,232,8.015914161478645e-06,3.322938893899009e-07,0.8655672692484525,0.8780554681440366,0.8372696700710184,0.829909733017162,0.8447709642715587,0.9502283193471941,COMPLETE
2110,0.8376367263589334,2026-06-01 14:06:23.233975,2026-06-01 14:06:55.199955,0 days 00:00:31.965980,balanced,0.6790221275313122,0.04564651030725695,16,10,0.0006459585292828533,1600,216,2.9317983200508057e-05,5.712871251637837e-07,0.8717941293456061,0.880242252836133,0.8376367263589334,0.8435042741359737,0.8318611630145517,0.9505688977334978,COMPLETE
2111,0.8386339624565936,2026-06-01 14:06:55.211690,2026-06-01 14:07:33.497674,0 days 00:00:38.285984,balanced,0.6731435987113921,0.020498928067062185,16,10,0.03467944349861646,1700,232,1.0507515662644242e-05,1.8551673141604383e-07,0.8883750386192586,0.8794432350081326,0.8386339624565936,0.8337548937630506,0.8435819036294662,0.9505873432965785,COMPLETE
2112,0.8399405459300979,2026-06-01 14:07:33.509918,2026-06-01 14:08:12.895104,0 days 00:00:39.385186,balanced,0.6650180135373771,0.02379291379399053,16,20,7.895925826070706e-05,1700,224,1.9279552450362274e-06,8.639053892475099e-08,0.8624603285654382,0.8806627791456728,0.8399405459300979,0.8367281978276386,0.8431855500821017,0.9509260933335671,COMPLETE
2113,0.8339144010825486,2026-06-01 14:08:12.909467,2026-06-01 14:08:32.156376,0 days 00:00:19.246909,balanced,0.6866644148448611,0.018258258634732027,16,10,0.050982425856098176,1000,168,3.721551587384633e-06,3.594402136157982e-07,0.8768423011534334,0.8739552577061306,0.8339144010825486,0.816502580691885,0.8521035048977974,0.9489175261811512,COMPLETE
2114,0.8384935252723933,2026-06-01 14:08:32.168436,2026-06-01 14:09:06.685196,0 days 00:00:34.516760,balanced,0.6915730099627468,0.028536554146097376,12,10,0.0002554098452704763,1600,224,7.531060183726692e-06,2.1282570571378378e-07,0.854964897759228,0.8798217172419,0.8384935252723933,0.8369344923777925,0.8400713436385256,0.9506696084347194,COMPLETE
2115,0.8408261220827558,2026-06-01 14:09:06.697816,2026-06-01 14:09:41.971215,0 days 00:00:35.273399,balanced,0.6701958790396954,0.021573736070862822,16,10,0.00024624921441315084,1700,216,5.083055470451756e-06,1.4583746850424548e-07,0.869230320123936,0.8813461634133416,0.8408261220827558,0.837800056761162,0.8438933242738237,0.9517054764254663,COMPLETE
2116,0.8361997787512309,2026-06-01 14:09:41.983833,2026-06-01 14:10:17.977460,0 days 00:00:35.993627,balanced,0.6797608169848207,0.025389440470675102,16,20,0.031081472563651718,1600,232,1.3295424154960377e-06,6.466277352210782e-08,0.8828069397599183,0.8776349322182072,0.8361997787512309,0.8314066004050793,0.8410622275069363,0.9497538627708293,COMPLETE
2117,0.8036737260670753,2026-06-01 14:10:17.988701,2026-06-01 14:10:25.829510,0 days 00:00:07.840809,balanced,0.6733840238461251,0.022301813533281412,4,10,0.0189183354594265,1100,112,2.0813304876792027e-06,7.43152529093226e-08,0.8975244198003663,0.8477559458272498,0.8036737260670753,0.771130383835255,0.8391087707377838,0.9324276310342264,COMPLETE
2118,0.8250674368138786,2026-06-01 14:10:25.841142,2026-06-01 14:10:41.414850,0 days 00:00:15.573708,balanced,0.6840458160556577,0.02490557138700414,6,10,0.018900360863902257,1700,224,3.405623903160812e-06,1.0458885725943401e-07,0.879839565880694,0.8653027687595496,0.8250674368138786,0.7968633437374958,0.8553592661797179,0.9448384113447044,COMPLETE
2119,0.8357411692468425,2026-06-01 14:10:41.427372,2026-06-01 14:11:16.233334,0 days 00:00:34.805962,balanced,0.6731852852338099,0.02354358883849343,16,20,0.06833385025824193,1600,224,2.762013894482528e-06,1.1323389977040267e-07,0.8868416519269964,0.8769410492835533,0.8357411692468425,0.8286027219233048,0.8430156842760885,0.9491406809585224,COMPLETE
2120,0.8375615233762783,2026-06-01 14:11:16.255203,2026-06-01 14:11:51.491615,0 days 00:00:35.236412,balanced,0.6922337098485504,0.021905402161425475,16,10,0.044972023498293816,1700,216,4.2608158490193176e-06,1.34319755200012e-07,0.8739517690476077,0.878581137968424,0.8375615233762783,0.8322699280849006,0.8429307513730819,0.9502380752778716,COMPLETE
2121,0.8363186441228719,2026-06-01 14:11:51.504283,2026-06-01 14:12:32.584920,0 days 00:00:41.080637,balanced,0.679470968204613,0.02335321383818714,16,30,0.0185479890303322,1700,232,4.926062787599718e-06,7.179198638210097e-08,0.8721521988973565,0.8775087817530999,0.8363186441228719,0.8300974015457617,0.8426476416963933,0.9496473419857899,COMPLETE
2122,0.8093755925521123,2026-06-01 14:12:32.597422,2026-06-01 14:12:39.721874,0 days 00:00:07.124452,,0.6723536994733369,0.02265938676245759,8,20,0.032795995786544935,500,216,2.7749846635228324e-06,1.322596501638821e-07,0.8781721018567563,0.8651030002926103,0.8093755925521123,0.8515675715986227,0.7711907593001529,0.9393690724822273,COMPLETE
2123,0.840702952528925,2026-06-01 14:12:39.733268,2026-06-01 14:13:13.614625,0 days 00:00:33.881357,balanced,0.6635075748679492,0.02101192402232928,16,10,0.0003211965772192491,1600,224,1.2400914826015338e-06,1.647651333217413e-07,0.867558592179188,0.881072805461843,0.840702952528925,0.836391359439912,0.8450823849159165,0.9515260964092471,COMPLETE
2124,0.8242444118249805,2026-06-01 14:13:13.627100,2026-06-01 14:13:28.149054,0 days 00:00:14.521954,balanced,0.6642491085864994,0.024535498916423298,16,10,0.957363485595079,1600,160,1.2472709600324554e-06,7.677764113915353e-08,0.8673398989727692,0.8656917635873421,0.8242444118249805,0.8017432280672954,0.8480550365211483,0.943677059484382,COMPLETE
2125,0.83808343786508,2026-06-01 14:13:28.160897,2026-06-01 14:14:02.976263,0 days 00:00:34.815366,balanced,0.6618415554178729,0.024252549026997805,16,10,0.017433372403185807,1600,232,8.85433268223831e-07,9.398512482941025e-08,0.869940183925321,0.879253999694182,0.83808343786508,0.8347188405160523,0.8414868920219692,0.9508020978127635,COMPLETE
2126,0.8370735726985797,2026-06-01 14:14:02.987879,2026-06-01 14:14:34.653451,0 days 00:00:31.665572,balanced,0.6639563270829253,0.022907211911576894,16,10,0.04543531843663621,1500,224,1.3520280806350042e-06,1.4246254614259984e-07,0.8650440449391948,0.878129069566059,0.8370735726985797,0.8311966354097436,0.8430439952437574,0.95004189623755,COMPLETE
2127,0.8367442457572682,2026-06-01 14:14:34.665795,2026-06-01 14:15:04.435506,0 days 00:00:29.769711,balanced,0.6642017243767718,0.021993684501168103,16,20,0.017633783612512034,1500,144,7.789174806261696e-07,1.020142746680496e-07,0.8927606231276956,0.8765941234012476,0.8367442457572682,0.822416228138435,0.8515939074797577,0.9500794166555124,COMPLETE
2128,0.8378721654051745,2026-06-01 14:15:04.447185,2026-06-01 14:15:35.220371,0 days 00:00:30.773186,balanced,0.663198082460105,0.021625212506501526,16,10,0.03604372447643223,1500,216,4.912570766725951e-07,1.4966988490487383e-07,0.8793824727152094,0.8786126843719999,0.8378721654051745,0.8312338333957886,0.8446294094332144,0.9504100819287581,COMPLETE
2129,0.840167620547752,2026-06-01 14:15:35.233196,2026-06-01 14:16:08.417377,0 days 00:00:33.184181,balanced,0.6687341801261003,0.023166172571510397,16,10,0.0002134923271606185,1600,224,4.2341831988652703e-07,1.7817990815553315e-07,0.885811150416895,0.8810202514448152,0.840167620547752,0.8383064954752357,0.8420531113753468,0.9515928402787442,COMPLETE
2130,0.8359396553272368,2026-06-01 14:16:08.428658,2026-06-01 14:16:42.636350,0 days 00:00:34.207692,balanced,0.6621060143940615,0.02146516604692434,16,10,0.10310070617800358,1600,232,1.3288463388139917e-06,7.921593851858774e-08,0.8646331706442119,0.8772144019295132,0.8359396553272368,0.8296174542205472,0.8423645320197043,0.9494281715441564,COMPLETE
2131,0.835174729987557,2026-06-01 14:16:42.648560,2026-06-01 14:17:16.656383,0 days 00:00:34.007823,balanced,0.6680897187350947,0.027000805213722556,16,20,0.06471824682188233,1600,216,4.566623677170532e-07,1.2005446923868603e-07,0.8735850732147784,0.8767833497621008,0.835174729987557,0.8298229457910735,0.8406092520242341,0.9487869502147367,COMPLETE
2132,0.8388089781961175,2026-06-01 14:17:16.668805,2026-06-01 14:17:50.816135,0 days 00:00:34.147330,balanced,0.6622430662341118,0.02177836167230479,16,10,0.018358761574626493,1600,224,1.0640275100173101e-06,1.8567976898087255e-07,0.8669226391156448,0.8795273360919285,0.8388089781961175,0.8336039046405063,0.8440915010475059,0.9508377612029801,COMPLETE
2133,0.8339512542591558,2026-06-01 14:17:50.828633,2026-06-01 14:18:21.397636,0 days 00:00:30.569003,balanced,0.6702155390567428,0.023001772351426003,16,10,0.1947044157150971,1600,240,9.166477538034427e-07,5.428983931439598e-08,0.8773138414377899,0.8752694337592822,0.8339512542591558,0.8246760464058688,0.8434403487911216,0.9483945451135419,COMPLETE
2134,0.8321230794474884,2026-06-01 14:18:21.409939,2026-06-01 14:18:47.306789,0 days 00:00:25.896850,balanced,0.660950092399754,0.02113175272530571,10,10,0.25408315832492384,1600,224,6.431370437865939e-07,1.6200505699855864e-07,0.8592665187133561,0.8727777712398063,0.8321230794474884,0.8158697180221886,0.849045920389559,0.9472275029100681,COMPLETE
2135,0.8400427653203707,2026-06-01 14:18:47.318535,2026-06-01 14:19:23.751113,0 days 00:00:36.432578,balanced,0.6766574700189026,0.020828936116117417,16,20,3.7435107011418657e-06,1600,232,1.7999940343098337e-06,9.187954879577276e-08,0.8836754735756835,0.8802948177958351,0.8400427653203707,0.8337908815356562,0.8464130003963536,0.951188560756895,COMPLETE
2136,0.8399027939361071,2026-06-01 14:19:23.763790,2026-06-01 14:19:56.495603,0 days 00:00:32.731813,balanced,0.6709972846759695,0.02215661253182513,16,10,0.000288850727388058,1600,216,3.475718451500462e-07,2.0200932886341646e-07,0.8716264024915223,0.8803999553419515,0.8399027939361071,0.8351048838246711,0.844770964271559,0.9514553302917373,COMPLETE
2137,0.8390491949880738,2026-06-01 14:19:56.508136,2026-06-01 14:20:29.864134,0 days 00:00:33.355998,balanced,0.6643433032420197,0.020712860356671987,16,10,0.034043239131787424,1600,216,1.7895616987023743e-06,5.961601167228949e-08,0.8644876790256366,0.8794642658333176,0.8390491949880738,0.8322061608427321,0.8460166468489893,0.9505950651282079,COMPLETE
2138,0.8361731497042334,2026-06-01 14:20:29.876965,2026-06-01 14:21:07.170196,0 days 00:00:37.293231,balanced,0.6624153658856311,0.02390191492854035,16,20,0.050647329728441784,1600,240,8.481530084616089e-07,1.2858608317427663e-07,0.8761993586077655,0.8775718493589412,0.8361731497042334,0.8311018480077429,0.841317026215956,0.9493093147152925,COMPLETE
2139,0.8363301188471728,2026-06-01 14:21:07.182159,2026-06-01 14:21:47.630056,0 days 00:00:40.447897,balanced,0.671444858851897,0.02252162745033144,16,70,0.00025723464473723225,1600,232,2.2117634458971214e-07,1.9235759739959875e-07,0.8603117118218373,0.8767413000491934,0.8363301188471728,0.8249636406678199,0.8480267255534795,0.9491712413909386,COMPLETE
2140,0.8368399994422417,2026-06-01 14:21:47.641943,2026-06-01 14:22:21.602923,0 days 00:00:33.960980,balanced,0.680582537450058,0.0260595136534116,16,10,0.03381252126714236,1600,224,1.5128679645203992e-06,2.255723157169453e-07,0.8692936504454797,0.8784444735829071,0.8368399994422417,0.8342869681435955,0.8394201913821414,0.9503337130719971,COMPLETE
2141,0.835263518797904,2026-06-01 14:22:21.615647,2026-06-01 14:22:54.398811,0 days 00:00:32.783164,,0.6631971515307306,0.021104353528791,16,10,0.018461473227035834,1500,232,2.1805625963637123e-06,1.3051485352603438e-07,0.8554723943502608,0.8816089848958897,0.835263518797904,0.8641927057404252,0.8082215050110412,0.9508026626490219,COMPLETE
