number,value,datetime_start,datetime_complete,duration,params_class_weight,params_colsample_bytree,params_learning_rate,params_max_depth,params_min_child_samples,params_min_split_gain,params_n_estimators,params_num_leaves,params_reg_alpha,params_reg_lambda,params_subsample,user_attrs_accuracy,user_attrs_f1,user_attrs_precision,user_attrs_recall,user_attrs_roc_auc,state
2264,0.8151212084492713,2026-06-01 15:27:11.044357,2026-06-01 15:27:22.681114,0 days 00:00:11.636757,balanced,0.6802667614220451,0.019345875966520657,8,10,0.017381130400310973,1400,24,5.170222349580912e-05,3.839731854325031e-08,0.8749446604840044,0.8571969582455967,0.8151212084492713,0.7849913172880828,0.847686993941453,0.9402769041803477,COMPLETE
2265,0.8324632513504167,2026-06-01 15:27:22.693726,2026-06-01 15:28:00.324003,0 days 00:00:37.630277,balanced,0.6738421542396806,0.016770339183983272,16,110,0.017325823329222948,1600,240,3.311745274522141e-05,8.363364304164392e-08,0.8850406665690382,0.8726621061778363,0.8324632513504167,0.8138915538378425,0.8519336390917842,0.9481214458478128,COMPLETE
2266,0.8386844663378364,2026-06-01 15:28:00.336955,2026-06-01 15:28:36.793609,0 days 00:00:36.456654,balanced,0.6566271915160159,0.023476399645628282,16,20,0.0005401036428817926,1600,232,1.3652138000925871e-05,1.0483910675255983e-07,0.8720207979769556,0.8795168307930196,0.8386844663378364,0.8340497446526639,0.8433837268557839,0.9507995535698717,COMPLETE
2267,0.8375966196029005,2026-06-01 15:28:36.806641,2026-06-01 15:29:09.609876,0 days 00:00:32.803235,balanced,0.6863030492805079,0.0210272188552129,16,10,0.06586362585393973,1500,232,1.8427970527331303e-05,5.161147776626179e-08,0.8708884931714453,0.8784444735829071,0.8375966196029005,0.8312097423212368,0.8440915010475059,0.9498984446885409,COMPLETE
2268,0.8397772602506265,2026-06-01 15:29:09.621763,2026-06-01 15:29:46.149582,0 days 00:00:36.527819,balanced,0.6500074106246089,0.022366949217722473,16,10,0.0004601910300805255,1600,240,2.7712097145537618e-05,6.708583475007558e-08,0.8901290452556426,0.880526116749733,0.8397772602506265,0.8364951335758551,0.8431006171790951,0.9514734224448146,COMPLETE
2269,0.8392171769193283,2026-06-01 15:29:46.161801,2026-06-01 15:30:22.744871,0 days 00:00:36.583070,balanced,0.6660851589701107,0.01899431040094138,16,20,0.0002741232011607494,1600,232,1.1530448916536524e-05,2.9474890920475163e-08,0.8818545626229539,0.8794852930109448,0.8392171769193283,0.8316684721089631,0.8469225978143933,0.9510663001580357,COMPLETE
2270,0.8408189743779569,2026-06-01 15:30:22.757392,2026-06-01 15:30:58.415650,0 days 00:00:35.658258,balanced,0.6604923623551725,0.02054005443875438,16,10,0.0002602481824688806,1600,240,2.0815518130312458e-05,7.961406040188176e-07,0.8753058332788174,0.8811674327351074,0.8408189743779569,0.8365964588269866,0.8451106958835853,0.9516050183435194,COMPLETE
2271,0.8383871026255806,2026-06-01 15:30:58.428173,2026-06-01 15:31:31.627582,0 days 00:00:33.199409,balanced,0.6563661125528056,0.022590974618305257,16,10,0.03375249421697601,1500,240,3.1428961468602886e-05,1.1455283719942709e-07,0.8805122224284601,0.8792329632318617,0.8383871026255806,0.8333209948728294,0.8435252816941282,0.9504612473174173,COMPLETE
2272,0.8361041184331515,2026-06-01 15:31:31.640405,2026-06-01 15:32:06.072182,0 days 00:00:34.431777,balanced,0.6561593581589547,0.02383597747559384,16,20,0.048780475989058214,1500,240,1.926348756227539e-05,1.1980520148758866e-07,0.8782053295175525,0.8773195305225324,0.8361041184331515,0.8296660017690883,0.8426476416963932,0.949426715466485,COMPLETE
2273,0.8241345288811802,2026-06-01 15:32:06.084848,2026-06-01 15:32:20.447030,0 days 00:00:14.362182,balanced,0.6601537680492969,0.021711146682249924,16,10,0.029574770748666365,1500,40,3.568626967380586e-05,7.280562005957481e-08,0.8964233739675432,0.8649873700482406,0.8241345288811802,0.7981831052628733,0.8518487061887775,0.9452177251863211,COMPLETE
2274,0.8397144839317106,2026-06-01 15:32:20.460336,2026-06-01 15:32:55.952197,0 days 00:00:35.491861,balanced,0.6600453372672074,0.02169391743628441,16,10,0.0003957500842264195,1600,240,2.632103977606332e-05,7.995988035709627e-07,0.8855584571569856,0.8805576542002117,0.8397144839317106,0.8369548798454404,0.8425060868580488,0.9514715695130103,COMPLETE
2275,0.8378661622792042,2026-06-01 15:32:55.963915,2026-06-01 15:33:28.781102,0 days 00:00:32.817187,balanced,0.6558104127175644,0.02100704013114343,16,10,0.03040014939048487,1500,232,4.161762453911642e-05,6.394888646544278e-07,0.8749080657029783,0.8787072967234361,0.8378661622792042,0.8318803703711611,0.8439499462091614,0.9505153341849145,COMPLETE
2276,0.831894541027922,2026-06-01 15:33:28.794028,2026-06-01 15:33:57.924514,0 days 00:00:29.130486,,0.6619806216315953,0.023983954079459625,10,20,0.01826868736624704,1600,240,2.0912922757397767e-05,1.4447811519033931e-07,0.8709334136913957,0.879148857505719,0.831894541027922,0.8604178672736591,0.8052205424381406,0.9494063453819576,COMPLETE
2277,0.8379084038393619,2026-06-01 15:33:57.937203,2026-06-01 15:34:34.090412,0 days 00:00:36.153209,balanced,0.6564101726073293,0.020752743651033117,16,10,0.05329031192714685,1600,240,4.9801044607318205e-05,5.256553168179204e-08,0.8777317649276162,0.8787914074235216,0.8379084038393619,0.8322945554806723,0.843610214597135,0.9501399767106156,COMPLETE
2278,0.8384447650142017,2026-06-01 15:34:34.103391,2026-06-01 15:35:07.521956,0 days 00:00:33.418565,balanced,0.6634293445175393,0.022683504454828144,16,10,0.032407844186983385,1500,240,2.0443605158152184e-05,9.755646066277168e-08,0.8865714621463842,0.8793801541384436,0.8384447650142017,0.83410564144365,0.8428458184700753,0.950460943139524,COMPLETE
2279,0.8393084070434793,2026-06-01 15:35:07.533565,2026-06-01 15:35:44.052851,0 days 00:00:36.519286,balanced,0.6553460380194912,0.02079117983978711,16,10,0.017547701234476645,1600,240,1.8111399100906897e-05,9.267678565751691e-07,0.868863728333235,0.8799583895857256,0.8393084070434793,0.834480431137616,0.8442047449181813,0.9508200614786378,COMPLETE
2280,0.8380963998036215,2026-06-01 15:35:44.065623,2026-06-01 15:36:21.772743,0 days 00:00:37.707120,balanced,0.6652237619608276,0.022556015722439184,16,20,0.018549118909874644,1600,240,3.343819210295088e-05,5.850896388062892e-07,0.8906836659934867,0.8789070582268552,0.8380963998036215,0.8323113891040491,0.8439782571768303,0.9502234165975088,COMPLETE
2281,0.8376606528869696,2026-06-01 15:36:21.785546,2026-06-01 15:36:57.728262,0 days 00:00:35.942716,balanced,0.6556408857575896,0.020415145235319503,16,10,0.04853381822164303,1600,240,1.2938828448657535e-05,1.3568118245936546e-07,0.8740716076184288,0.8785285766562801,0.8376606528869696,0.8315338823587713,0.8438933242738237,0.9502019864431029,COMPLETE
2282,0.8370066084003231,2026-06-01 15:36:57.741333,2026-06-01 15:37:33.300640,0 days 00:00:35.559307,balanced,0.6502801125752218,0.025215859300311602,16,10,0.03461982830903116,1600,240,5.317195554323398e-05,3.5146784323338174e-07,0.8807749857189627,0.878633702928126,0.8370066084003231,0.8348944900571343,0.8391370817054526,0.9502963080357217,COMPLETE
2283,0.8282521666831689,2026-06-01 15:37:33.312418,2026-06-01 15:37:52.797040,0 days 00:00:19.484622,balanced,0.6643462437421401,0.021698222406378066,16,20,0.5534672999724334,1500,240,2.4451000357872728e-05,7.30232455657751e-08,0.8678247643217664,0.8692768012098645,0.8282521666831689,0.8086914497259601,0.8487911216805389,0.9458173552186312,COMPLETE
2284,0.8375154118657481,2026-06-01 15:37:52.809309,2026-06-01 15:38:28.358845,0 days 00:00:35.549536,balanced,0.6503009972851174,0.020203324482272043,16,10,0.07874346836490134,1600,240,1.5054731794222621e-05,1.7720198080456894e-07,0.872555152995195,0.8782552256683013,0.8375154118657481,0.8302597018919003,0.8449125191099031,0.949739667260651,COMPLETE
2285,0.8365131607080861,2026-06-01 15:38:28.371533,2026-06-01 15:39:02.717991,0 days 00:00:34.346458,balanced,0.6671197613248978,0.021610534133603705,12,30,0.020206473044008938,1600,232,2.9464347824273687e-05,5.24623256441609e-07,0.8984444289148671,0.8767728431368073,0.8365131607080861,0.8244628561573014,0.8489326765188835,0.949551971857136,COMPLETE
2286,0.8255819083518979,2026-06-01 15:39:02.730933,2026-06-01 15:39:18.025743,0 days 00:00:15.294810,balanced,0.660406728650298,0.02334085362009965,16,10,0.9298818158301887,1600,240,1.3238110502411672e-05,8.603243669636599e-07,0.8838859311035688,0.8670269525594847,0.8255819083518979,0.8048532549537342,0.847432195232433,0.9443652308966103,COMPLETE
2287,0.8395156307365704,2026-06-01 15:39:18.038436,2026-06-01 15:39:53.807641,0 days 00:00:35.769205,balanced,0.668088682623038,0.020109008342788337,16,10,0.017206922136549615,1600,232,1.917395173349958e-05,1.2078397198565056e-07,0.8679816191478967,0.880095068561475,0.8395156307365704,0.8345867162399633,0.844516165562539,0.950915630540338,COMPLETE
2288,0.8068712289427996,2026-06-01 15:39:53.819777,2026-06-01 15:40:03.683431,0 days 00:00:09.863654,balanced,0.6618663208722012,0.020885396891496242,4,170,0.00025149538236122175,1500,240,4.850011271647292e-05,3.2108817504277005e-07,0.8766029953002832,0.8498796496496576,0.8068712289427996,0.7725061848472127,0.8444595436272012,0.9340143161232598,COMPLETE
2289,0.8196861088392885,2026-06-01 15:40:03.696093,2026-06-01 15:40:19.063163,0 days 00:00:15.367070,balanced,0.656868103563768,0.01982712354048813,6,20,0.05958841202598787,1600,232,2.3208495622180272e-05,4.675577635174841e-08,0.8667898837814707,0.8608871453516983,0.8196861088392885,0.7902203042868865,0.8514523526414134,0.9423173318606758,COMPLETE
2290,0.8402082030873953,2026-06-01 15:40:19.075186,2026-06-01 15:40:51.131786,0 days 00:00:32.056600,balanced,0.66904767747126,0.02253942548671759,16,10,0.0003054723441447809,1500,232,1.8102149909630082e-07,2.019399694522084e-07,0.8787562411987669,0.8807468921669317,0.8402082030873953,0.836218305055688,0.844261366853519,0.9515137226004519,COMPLETE
2291,0.8383098486298622,2026-06-01 15:40:51.144186,2026-06-01 15:41:26.884808,0 days 00:00:35.740622,balanced,0.6620007805554483,0.021596454216586257,16,10,0.032038302476445596,1600,240,1.1861159775642219e-05,9.394075951158295e-07,0.8865479995645441,0.8792960570338021,0.8383098486298622,0.8340823727893016,0.8425910197610554,0.9504826839911219,COMPLETE
2292,0.8357691224819416,2026-06-01 15:41:26.897299,2026-06-01 15:42:02.352119,0 days 00:00:35.454820,,0.6557883731163373,0.019682488190865818,16,10,0.018969606822943765,1600,232,3.311518594703265e-05,5.429692746896418e-07,0.8677785856581056,0.8819033478080707,0.8357691224819416,0.8641729175170166,0.8091840779117829,0.9508097246757085,COMPLETE
2293,0.8315860782467818,2026-06-01 15:42:02.365200,2026-06-01 15:42:23.323117,0 days 00:00:20.957917,balanced,0.650248741844273,0.023736091297109452,8,20,0.04581007464961526,1600,232,1.5008775165508201e-05,2.629618217200834e-07,0.8740056032906974,0.8714320504410594,0.8315860782467818,0.8096706508765797,0.8547364248910028,0.9475841532484518,COMPLETE
2294,0.8387229526747438,2026-06-01 15:42:23.336076,2026-06-01 15:42:59.500078,0 days 00:00:36.164002,balanced,0.6706802931475722,0.020641003870793703,16,10,0.01850744532215404,1600,240,1.0570467749165202e-05,8.801886737135242e-08,0.888522873838935,0.8795588864746585,0.8387229526747438,0.8341875726593689,0.8433271049204462,0.950858209405785,COMPLETE
2295,0.8371951250900951,2026-06-01 15:42:59.512056,2026-06-01 15:43:36.257659,0 days 00:00:36.745603,balanced,0.6639931225031397,0.01936131467026039,16,20,0.03794022497313454,1600,232,1.985315630978484e-05,1.3110427605681008e-07,0.8753692103393123,0.8778241791380242,0.8371951250900951,0.8286734316383614,0.8459034029783138,0.949843793672775,COMPLETE
2296,0.8388382870719097,2026-06-01 15:43:36.270005,2026-06-01 15:44:12.091734,0 days 00:00:35.821729,balanced,0.671773155164635,0.02175965492980422,16,10,0.01762996500796089,1600,240,2.6424479565533676e-07,4.4037351527998723e-07,0.8802577106612863,0.8799268518036506,0.8388382870719097,0.8362563187840886,0.8414585810543005,0.9507813004076393,COMPLETE
2297,0.8375680043518372,2026-06-01 15:44:12.104783,2026-06-01 15:44:44.515261,0 days 00:00:32.410478,balanced,0.656953145964175,0.026192170902537733,16,10,0.018449874893311395,1500,232,5.148480842003866e-05,1.880592279801324e-07,0.8652726265183751,0.8789385920297758,0.8375680043518372,0.8346696131409564,0.8404960081535586,0.9506918882876086,COMPLETE
2298,0.8400873938326926,2026-06-01 15:44:44.527281,2026-06-01 15:45:19.565088,0 days 00:00:35.037807,balanced,0.6617083269642853,0.020525965659638136,16,10,0.0003660815646103479,1600,232,3.126086608289342e-05,1.0160765046758963e-06,0.8648274939351609,0.8805261174129254,0.8400873938326926,0.835201008844305,0.8450540739482476,0.9516127975745551,COMPLETE
2299,0.8357262739176892,2026-06-01 15:45:19.576762,2026-06-01 15:45:56.065736,0 days 00:00:36.488974,balanced,0.666969397979853,0.024540386563532527,16,20,0.06525594110053598,1600,240,1.1226924901355044e-05,3.15732706050102e-07,0.8820262727955378,0.8772249118707686,0.8357262739176892,0.8305469052232253,0.8409772946039297,0.9489965349840853,COMPLETE
2300,0.8372606606248079,2026-06-01 15:45:56.077541,2026-06-01 15:46:26.718912,0 days 00:00:30.641371,balanced,0.6503762316771259,0.022034577332256677,16,10,0.03551081234748153,1400,232,0.06134663244571523,7.525902966744477e-08,0.8942689123056932,0.8779923955642523,0.8372606606248079,0.8295356966147548,0.8451390068512542,0.9503181859027746,COMPLETE
2301,0.8387343052505939,2026-06-01 15:46:26.730591,2026-06-01 15:47:02.100060,0 days 00:00:35.369469,balanced,0.65016808480479,0.01975902112868677,16,10,0.017617423771917735,1600,232,1.8300543070259204e-05,3.1051438757759644e-08,0.8704857817856549,0.8793381067467094,0.8387343052505939,0.8326317616599418,0.8449408300775721,0.9508614409636649,COMPLETE
2302,0.8390483579263073,2026-06-01 15:47:02.113034,2026-06-01 15:47:37.159744,0 days 00:00:35.046710,balanced,0.6737168692768354,0.01908252646415899,16,20,0.000779324864120647,1500,240,1.578698570898846e-05,7.044401569868535e-07,0.8644835388030121,0.8793065646538841,0.8390483579263073,0.8311447909029243,0.8471207745880754,0.9508210181601157,COMPLETE
2303,0.8392731714449838,2026-06-01 15:47:37.172378,2026-06-01 15:48:03.823219,0 days 00:00:26.650841,balanced,0.6615000054258768,0.022899043135112963,16,10,0.000653478313850478,1200,240,1.0150740441250432e-05,1.518181829854348e-07,0.8732751169157403,0.8796324726432562,0.8392731714449838,0.8324286226912285,0.8462431345903404,0.951556381086004,COMPLETE
2304,0.836965120853104,2026-06-01 15:48:03.835654,2026-06-01 15:48:29.963304,0 days 00:00:26.127650,balanced,0.6665415029097419,0.02073019882677836,16,10,0.048413146474777964,1600,144,5.612816706105476e-05,4.107790256867753e-07,0.8888767673698194,0.8769725966819178,0.836965120853104,0.823983141715949,0.8503765358699961,0.9499204123563724,COMPLETE
2305,0.8280125079237113,2026-06-01 15:48:29.975174,2026-06-01 15:48:49.108131,0 days 00:00:19.132957,balanced,0.6740508296283462,0.021040687184159232,10,10,0.4992832557272085,1500,232,2.6941525842347708e-05,2.3677168610933384e-07,0.8786760226944164,0.8687616625488886,0.8280125079237113,0.8065272450636405,0.8506879565143536,0.9454258942223971,COMPLETE
2306,0.8377751667551289,2026-06-01 15:48:49.121195,2026-06-01 15:49:24.608395,0 days 00:00:35.487200,balanced,0.6563426194315619,0.01922433585554461,16,10,0.036949907907199694,1600,232,3.62717646284678e-05,1.0456902886570557e-07,0.8624476434548284,0.8784760130229629,0.8377751667551289,0.8307170762588566,0.844969141045241,0.9504393833119277,COMPLETE
2307,0.8336900136980402,2026-06-01 15:49:24.621308,2026-06-01 15:49:43.476792,0 days 00:00:18.855484,balanced,0.6684060722987929,0.018213077365637934,16,20,0.01806623115292396,1100,136,1.3544902673983074e-05,1.182009168692351e-06,0.8717788268408081,0.8733244589571276,0.8336900136980402,0.8134734366136752,0.8549629126323538,0.9488745328205589,COMPLETE
2308,0.8373737566051421,2026-06-01 15:49:43.488800,2026-06-01 15:50:18.652973,0 days 00:00:35.164173,balanced,0.6566222977339348,0.022431640683116535,16,10,0.03214003536850144,1600,232,2.374943381213159e-05,6.670490130281707e-07,0.8828872251623093,0.8785811412843859,0.8373737566051421,0.8330432109083098,0.8417700016986581,0.9504099366567119,COMPLETE
2309,0.8352254592558185,2026-06-01 15:50:18.665544,2026-06-01 15:50:48.438045,0 days 00:00:29.772501,balanced,0.663532611244067,0.02002719418529958,16,20,0.055463871423720695,1600,168,9.37028555877068e-06,2.2308084379356423e-07,0.8664666622673242,0.8756268864942495,0.8352254592558185,0.8220659724950908,0.8488194326482078,0.9494807958488903,COMPLETE
2310,0.833232254048171,2026-06-01 15:50:48.450208,2026-06-01 15:51:32.739350,0 days 00:00:44.289142,,0.9484038965682298,0.02106154451269249,16,30,0.018625037159082477,1800,240,9.907109908715623e-06,1.3293576819343842e-07,0.9009454661901519,0.8795693990686836,0.833232254048171,0.8576939684191168,0.8101466508125248,0.9494995885592994,COMPLETE
2311,0.8368973991990801,2026-06-01 15:51:32.751846,2026-06-01 15:52:07.674408,0 days 00:00:34.922562,balanced,0.6761774300369114,0.019002885523780193,16,10,0.07877523037376495,1600,232,1.7586966221007362e-05,4.8086007128679396e-08,0.8750249488277777,0.8778346867581064,0.8368973991990801,0.8299442974167962,0.8439782571768303,0.9497617912465645,COMPLETE
2312,0.8390928124625852,2026-06-01 15:52:07.696552,2026-06-01 15:52:44.405539,0 days 00:00:36.708987,balanced,0.6501455107471503,0.02418884991504042,12,10,0.00013315587987905675,1700,224,2.1227835576158898e-05,4.512510054501772e-07,0.862233666691369,0.8799373693716186,0.8390928124625852,0.8352810963459384,0.8429590623407508,0.9508910441962234,COMPLETE
2313,0.8400627303885794,2026-06-01 15:52:44.418517,2026-06-01 15:53:24.543236,0 days 00:00:40.124719,balanced,0.6621513296611636,0.02186714769666182,16,10,0.0003602815215899887,1800,240,3.5780866253959616e-05,8.21572058922231e-08,0.9126761419387023,0.8810517812685815,0.8400627303885794,0.8389339085928084,0.8412037823452806,0.9516515144993232,COMPLETE
2314,0.837384648442581,2026-06-01 15:53:24.555701,2026-06-01 15:54:03.883336,0 days 00:00:39.327635,balanced,0.6694796888227424,0.01774856816764156,16,20,0.033311548152760016,1700,224,9.412549105616693e-06,3.0356511759374e-07,0.8822164917885323,0.8778031562711477,0.837384648442581,0.8277744235962805,0.8472340184587509,0.9500427409718025,COMPLETE
2315,0.834718605042163,2026-06-01 15:54:03.896314,2026-06-01 15:54:36.617202,0 days 00:00:32.720888,balanced,0.6779242062230794,0.02044406460073159,16,10,0.16025379208283047,1600,232,0.13793350457585893,1.0378876624827173e-06,0.8935043312505004,0.8757215054776092,0.834718605042163,0.8246428544385168,0.8450540739482474,0.9485089845045055,COMPLETE
2316,0.8194048400668498,2026-06-01 15:54:36.629226,2026-06-01 15:54:51.256015,0 days 00:00:14.626789,balanced,0.6564286720003075,0.01945252896976998,6,10,0.016704284814405872,1600,224,5.556165110885005e-05,0.8626286674140858,0.8709101929794635,0.8604876336191305,0.8194048400668498,0.7889943832144617,0.8522733707038107,0.9423044475805041,COMPLETE
2317,0.8094114903724696,2026-06-01 15:54:51.267770,2026-06-01 15:55:03.022464,0 days 00:00:11.754694,balanced,0.661690342333418,0.023280328887187382,4,10,0.27160893972203315,1800,96,1.3331007936483378e-05,1.724937383455754e-07,0.8627957986899094,0.8520769419618363,0.8094114903724696,0.7760251320976529,0.8458184700753071,0.9360070289552643,COMPLETE
2318,0.8371821483898146,2026-06-01 15:55:03.034838,2026-06-01 15:55:37.389641,0 days 00:00:34.354803,balanced,0.6704518097807501,0.017173319209074132,16,20,0.04956636647246604,1500,232,1.4990807153700986e-05,1.5697335571160794e-06,0.8771323484744178,0.8774351859682127,0.8371821483898146,0.8261464198020597,0.8485363229715192,0.9496494125686112,COMPLETE
2319,0.8180076041746799,2026-06-01 15:55:37.402317,2026-06-01 15:55:49.214377,0 days 00:00:11.812060,balanced,0.6563766759308443,0.01848261547750643,16,10,0.8008681296981957,1000,56,2.6621860352105264e-05,5.643665759435101e-07,0.888897363004394,0.8600671112887449,0.8180076041746799,0.7910887208336893,0.8468376649113867,0.9412543300943593,COMPLETE
2320,0.8380596382697467,2026-06-01 15:55:49.227151,2026-06-01 15:56:28.249462,0 days 00:00:39.022311,balanced,0.6658208300445514,0.02129685386702775,16,10,0.019424892525150287,1700,240,9.521273035937505e-06,3.195445873221577e-07,0.870614839004249,0.8793696432023995,0.8380596382697467,0.8356183114271997,0.8405243191212275,0.950843976481401,COMPLETE
2321,0.8379189440951196,2026-06-01 15:56:28.261062,2026-06-01 15:57:05.222374,0 days 00:00:36.961312,balanced,0.6803447520138435,0.01991295301063287,16,10,0.037533599696492406,1700,224,3.847768110277549e-05,0.00018036880905342325,0.8603390761767585,0.8788860303860359,0.8379189440951196,0.8328944856250131,0.8430156842760885,0.9505014813850504,COMPLETE
2322,0.8349907721954515,2026-06-01 15:57:05.235396,2026-06-01 15:57:30.597931,0 days 00:00:25.362535,balanced,0.6728652125621009,0.02236942025282213,8,10,0.0007114000105367818,1800,232,1.8192402886472337e-05,1.1018062318560997e-07,0.88164086836217,0.8744388837863419,0.8349907721954515,0.8155383973967799,0.8554158881150556,0.9491316842525257,COMPLETE
2323,0.8389530519963975,2026-06-01 15:57:30.610602,2026-06-01 15:58:08.343138,0 days 00:00:37.732536,balanced,0.661836788612706,0.018525268396936582,16,20,0.0004991179902890566,1600,240,5.584980345524652e-05,1.9767865013844032e-07,0.8725002175338165,0.8792645046614948,0.8389530519963975,0.8312325932455441,0.8468376649113867,0.9510050543991692,COMPLETE
2324,0.8389124929002536,2026-06-01 15:58:08.356423,2026-06-01 15:58:45.944655,0 days 00:00:37.588232,balanced,0.6559310385771244,0.020205163389954796,16,10,0.03275136280389492,1700,224,8.722800595847696e-06,7.174071658229684e-07,0.8681527755404783,0.8795588848166777,0.8389124929002536,0.8333941312479287,0.844516165562539,0.950499080847663,COMPLETE
