number,value,datetime_start,datetime_complete,duration,params_class_weight,params_colsample_bytree,params_learning_rate,params_max_depth,params_min_child_samples,params_min_split_gain,params_n_estimators,params_num_leaves,params_reg_alpha,params_reg_lambda,params_subsample,user_attrs_accuracy,user_attrs_f1,user_attrs_precision,user_attrs_recall,user_attrs_roc_auc,state
861,0.8394887341320428,2026-06-01 01:09:34.796763,2026-06-01 01:10:18.939082,0 days 00:00:44.142319,balanced,0.8773091853546844,0.01216788216019117,14,10,0.0003433967054983404,2000,232,0.00153515465693779,2.308408033608549e-08,0.7374927212045856,0.879569396415914,0.8394887341320428,0.8311067283721226,0.8480550365211483,0.9509607224018589,COMPLETE
862,0.8395704975304432,2026-06-01 01:10:18.949430,2026-06-01 01:11:07.113127,0 days 00:00:48.163697,balanced,0.8809013126381691,0.012286420818618804,14,10,0.00027058946404279725,2000,256,0.0016558116492272792,4.567140195938152e-08,0.74072344345779,0.8798112063058561,0.8395704975304432,0.8324121135972966,0.8468659758790555,0.9510818655322174,COMPLETE
863,0.8339274507267169,2026-06-01 01:11:07.123776,2026-06-01 01:11:52.710328,0 days 00:00:45.586552,,0.893204298345319,0.012395701910032359,14,10,0.02015624475846882,2000,240,0.001415875601279509,6.022123844862734e-08,0.733780092910558,0.8805891976194219,0.8339274507267169,0.862372776650378,0.8073155540456373,0.9504994959658818,COMPLETE
864,0.8245560210465285,2026-06-01 01:11:52.721231,2026-06-01 01:12:37.205843,0 days 00:00:44.484612,balanced,0.8838941428772173,0.10347005102975265,14,10,0.03382157383039786,2000,248,0.002117085785039424,1.0914503292996451e-08,0.7376627870304868,0.8710850940519043,0.8245560210465285,0.8335554587951718,0.815752222410962,0.9437475949109224,COMPLETE
865,0.83478951933358,2026-06-01 01:12:37.215478,2026-06-01 01:13:24.191427,0 days 00:00:46.975949,balanced,0.8970434368501964,0.013404322243875997,14,10,0.18316854004381916,2000,256,0.0035641059054389974,1.3538786164995337e-08,0.7498050806546438,0.8763838536145538,0.83478951933358,0.8287005240441966,0.8409772946039297,0.9488534824610738,COMPLETE
866,0.8371285820086177,2026-06-01 01:13:24.202034,2026-06-01 01:13:58.537297,0 days 00:00:34.335263,balanced,0.8844230450841793,0.012849978725606562,14,10,0.019901355279490815,2000,160,0.0009502261260623748,2.1233644530669985e-08,0.7452959704010476,0.8770146560111151,0.8371285820086177,0.8236313154622531,0.8510843100617179,0.9501127430824822,COMPLETE
867,0.8327405914524126,2026-06-01 01:13:58.548001,2026-06-01 01:14:26.952847,0 days 00:00:28.404846,balanced,0.878411173747135,0.012091806555860396,14,20,0.06182827228483825,2000,112,0.0024367423257177,2.1705554045955375e-08,0.7270129867909184,0.8727987924487018,0.8327405914524126,0.8137372527808383,0.8526697242511748,0.9485097795540457,COMPLETE
868,0.8379662011483324,2026-06-01 01:14:26.963626,2026-06-01 01:15:16.297453,0 days 00:00:49.333827,balanced,0.8905770073438685,0.012897542581280372,14,10,0.01853933285327064,2000,240,0.001357202499379989,6.992015511741246e-06,0.7356943452667571,0.8786126787348647,0.8379662011483324,0.830837192471951,0.8452239397542608,0.9504598235118441,COMPLETE
869,0.8225028568507567,2026-06-01 01:15:16.306927,2026-06-01 01:15:34.252492,0 days 00:00:17.945565,balanced,0.8808739514657602,0.012419697533554442,14,10,0.039135460304598996,2000,40,0.0054097017072501285,2.8224450486463813e-08,0.7321297358772282,0.8634524162567168,0.8225028568507567,0.795087079173094,0.8519053281241153,0.9444092197811029,COMPLETE
870,0.8385124949500845,2026-06-01 01:15:34.262270,2026-06-01 01:16:21.240569,0 days 00:00:46.978299,balanced,0.8749019354426536,0.013761299783859855,14,10,0.01698181680216691,2000,248,0.0008179496971929371,3.839978743085943e-08,0.7404556899845421,0.8792329685374008,0.8385124949500845,0.8328227876982482,0.8442896778211879,0.9506003083728003,COMPLETE
871,0.827931949340722,2026-06-01 01:16:21.251566,2026-06-01 01:16:54.563695,0 days 00:00:33.312129,balanced,0.9000605328663543,0.011679324868974116,14,180,0.00022952160371475625,2000,232,0.0013226059563493156,1.0889071008523851e-07,0.7221354102422956,0.8682359821134229,0.827931949340722,0.8037482260963335,0.8536322971519167,0.9462607455641039,COMPLETE
872,0.8369371389971043,2026-06-01 01:16:54.574576,2026-06-01 01:17:43.779618,0 days 00:00:49.205042,balanced,0.8870295450108401,0.012115090440799425,14,20,0.05135059538849849,2000,256,0.0023718196934078162,1.9767098692466917e-08,0.7302431588589178,0.8774877529174919,0.8369371389971043,0.8274582765445128,0.8466394881377045,0.9495747723238005,COMPLETE
873,0.836727588998231,2026-06-01 01:17:43.790404,2026-06-01 01:18:21.051534,0 days 00:00:37.261130,balanced,0.8749713449065203,0.013008614540105334,10,10,0.01984663470663181,2000,248,0.0009152115864429813,3.404065746573307e-08,0.751443547549526,0.8765730912496776,0.836727588998231,0.8223597798651361,0.8516222184474266,0.9497480070264764,COMPLETE
874,0.8350444694851783,2026-06-01 01:18:21.061293,2026-06-01 01:19:06.640991,0 days 00:00:45.579698,balanced,0.8808927585369225,0.011253183238563984,14,20,0.08497201325843878,1900,256,0.004723730006977337,2.7677063254840646e-08,0.7417257407287869,0.8757951059048431,0.8350444694851783,0.8238515044126764,0.8465545552346979,0.9491614417676311,COMPLETE
875,0.8382746258364167,2026-06-01 01:19:06.651718,2026-06-01 01:19:52.835354,0 days 00:00:46.183636,balanced,0.8927648236387978,0.013463580125862396,14,10,0.01764448198634754,2000,240,0.001750843211976295,2.0081783228819695e-08,0.7254689761031938,0.8789280791041548,0.8382746258364167,0.8317219062560248,0.8449408300775719,0.950430577077785,COMPLETE
876,0.8392818406221797,2026-06-01 01:19:52.855107,2026-06-01 01:20:36.842890,0 days 00:00:43.987783,balanced,0.8722029715220766,0.012171961962884913,14,10,0.00039650138783835654,1900,248,0.0006603315902138281,3.0758889321344354e-08,0.7338773997355437,0.8793591319347595,0.8392818406221797,0.8305393604923187,0.8482249023271615,0.9510206214761507,COMPLETE
877,0.8304259129317284,2026-06-01 01:20:36.853053,2026-06-01 01:21:27.723055,0 days 00:00:50.870002,balanced,0.8801198949982038,0.06977648521740284,14,10,0.00020420233228865295,2000,256,0.0028414448263725254,4.965863283570992e-08,0.7476113256794535,0.8754376292949503,0.8304259129317284,0.8397599664730716,0.8213011720740614,0.9469794853292549,COMPLETE
878,0.8368367248894989,2026-06-01 01:21:27.732671,2026-06-01 01:22:15.553409,0 days 00:00:47.820738,balanced,0.8701950631589146,0.014321431643325519,14,20,0.0367029566476339,2000,248,0.0010464902400588118,7.840674740947225e-08,0.7601055856220654,0.8776138950926944,0.8368367248894989,0.8287091742324287,0.8451390068512542,0.9497350034881008,COMPLETE
879,0.8279409077693058,2026-06-01 01:22:15.563847,2026-06-01 01:22:42.428719,0 days 00:00:26.864872,balanced,0.8867685382027096,0.011538161941783576,14,10,0.811231260187492,1900,256,0.0006740944864832748,3.365693801245039e-08,0.7356055894985482,0.8692557846433155,0.8279409077693058,0.8096784668835152,0.8470641526527377,0.945653713697335,COMPLETE
880,0.8377540352536186,2026-06-01 01:22:42.439421,2026-06-01 01:23:27.308360,0 days 00:00:44.868939,balanced,0.8778258513517452,0.01258110793305311,14,10,0.032574743965663934,2000,232,0.0016914174736719697,1.4146363361477146e-08,0.7264196627424472,0.8783077873120414,0.8377540352536186,0.8296621611599052,0.8460166468489893,0.9502518955032614,COMPLETE
881,0.8384341903662641,2026-06-01 01:23:27.318977,2026-06-01 01:24:14.379904,0 days 00:00:47.060927,balanced,0.8689832944438917,0.011800358036931746,16,10,0.0005775686847071401,1900,256,0.004030993695306467,1.2481476801574555e-07,0.7170976715261745,0.8788965429800607,0.8384341903662641,0.8308604605322039,0.8461582016873338,0.9510870294265077,COMPLETE
882,0.8358193110675183,2026-06-01 01:24:14.389873,2026-06-01 01:25:01.847276,0 days 00:00:47.457403,balanced,0.8743933028323501,0.013155238500808634,14,20,0.06178614503933195,2000,240,0.001269367168832279,2.2750569341849972e-08,0.6754566428387009,0.8767202761875281,0.8358193110675183,0.8268452148571782,0.8449974520129099,0.9491285280063039,COMPLETE
883,0.8330345484577357,2026-06-01 01:25:01.858060,2026-06-01 01:25:48.805656,0 days 00:00:46.947596,,0.8656122880620483,0.011063372286847303,14,10,0.031539566421135035,2000,248,0.00045582462226201196,4.1986677255833176e-08,0.7406275248806885,0.8801581378252972,0.8330345484577357,0.8630455848720907,0.8050506766321273,0.9503544736094445,COMPLETE
884,0.8383809311913826,2026-06-01 01:25:48.816531,2026-06-01 01:26:31.692556,0 days 00:00:42.876025,balanced,0.8842182369251561,0.012144709226957505,14,10,0.019357537542023396,1900,256,0.0007318587534416993,5.9028378053798284e-08,0.8802402473563035,0.878612686693173,0.8383809311913826,0.8291789424751177,0.8478002378121284,0.950693036756844,COMPLETE
885,0.8373695938526513,2026-06-01 01:26:31.703300,2026-06-01 01:27:16.408256,0 days 00:00:44.704956,balanced,0.8787160988931209,0.014017030809090206,12,10,0.04629862427366597,2000,248,0.002329622832379476,2.498700772691083e-06,0.7290618587369782,0.8781290659185007,0.8373695938526513,0.8300310220531008,0.8448558971745653,0.9499450241895352,COMPLETE
886,0.82224580395919,2026-06-01 01:27:16.418492,2026-06-01 01:28:03.415074,0 days 00:00:46.996582,balanced,0.8963013466608089,0.12178758401135206,14,20,0.01717063577631682,2000,240,0.000914463750713406,7.548171483671369e-08,0.7218059194412744,0.8694239914532541,0.82224580395919,0.83146524978194,0.8132325462884321,0.9420260432889203,COMPLETE
887,0.8395296073630792,2026-06-01 01:28:03.425165,2026-06-01 01:28:48.129003,0 days 00:00:44.703838,balanced,0.8632940692147122,0.012507222595523112,14,10,0.00036969499507883894,1900,256,0.00672624857243052,1.1313797587069299e-07,0.7902376920319942,0.8797270879790581,0.8395296073630792,0.8320018400264164,0.847205707491082,0.9512267908436723,COMPLETE
888,0.8366486953086064,2026-06-01 01:28:48.139803,2026-06-01 01:29:35.312104,0 days 00:00:47.172301,balanced,0.8665819098838898,0.013015908558939622,14,10,0.10187981034392432,2000,256,0.007114734466104614,1.6698232101320395e-07,0.7700879366644029,0.8777295661233957,0.8366486953086064,0.8302464685108268,0.8431572391144329,0.9494994437260305,COMPLETE
889,0.8253223978663232,2026-06-01 01:29:35.322568,2026-06-01 01:29:46.419204,0 days 00:00:11.096636,balanced,0.8688382640019388,0.013566482195006845,14,20,0.033966187900419074,500,248,0.003116063341910324,8.409383315198209e-08,0.751976863846773,0.866616942491528,0.8253223978663232,0.8034288745288208,0.8484797010361813,0.9448958163547886,COMPLETE
890,0.8332776804697466,2026-06-01 01:29:46.430017,2026-06-01 01:30:07.121912,0 days 00:00:20.691895,balanced,0.8628269028435108,0.014615900642322327,14,10,0.15949050767327191,1000,232,0.007302614989198378,1.0640566784934831e-07,0.7680702643286148,0.873608332487017,0.8332776804697466,0.8167303277664243,0.8505180907083404,0.9482670097504055,COMPLETE
891,0.8041386575852018,2026-06-01 01:30:07.132787,2026-06-01 01:30:18.565251,0 days 00:00:11.432464,balanced,0.8724796268690851,0.012434717637711786,4,20,0.0180461752987988,1900,64,0.00913859202948877,1.8464590537286448e-07,0.7607692838510903,0.8478926254661916,0.8041386575852018,0.7705323433162343,0.8408357397655853,0.9328113679954323,COMPLETE
892,0.8308818583294545,2026-06-01 01:30:18.575999,2026-06-01 01:30:55.153908,0 days 00:00:36.577909,balanced,0.8776720842235856,0.012949101887588415,14,140,0.000379803095649184,2000,248,0.0054725946558273056,1.0160509786502712e-08,0.7817575672257174,0.8708853484651021,0.8308818583294545,0.8089216474783149,0.8540852726346188,0.9475795138634105,COMPLETE
893,0.8376272586678063,2026-06-01 01:30:55.163611,2026-06-01 01:31:39.821526,0 days 00:00:44.657915,balanced,0.8899477871010896,0.01111915704849062,14,10,0.048523872836028444,1900,256,0.006096846283302156,9.539295932682324e-08,0.776029915397657,0.878023931025154,0.8376272586678063,0.8282714691832359,0.847205707491082,0.9501888386179163,COMPLETE
894,0.8355175946830916,2026-06-01 01:31:39.831761,2026-06-01 01:32:06.379199,0 days 00:00:26.547438,balanced,0.8628345609099809,0.04196082385963255,8,10,0.0002227998182798493,2000,240,0.012575092795746251,6.251461828442031e-08,0.7903720861389965,0.8767728384944605,0.8355175946830916,0.8283751420061285,0.8427891965347376,0.9486422091200866,COMPLETE
895,0.8378855914291631,2026-06-01 01:32:06.389706,2026-06-01 01:32:53.369773,0 days 00:00:46.980067,balanced,0.8717917699302408,0.011706653796153176,14,10,0.03288434423539125,2000,256,0.003838738412803334,1.0477639681205184e-07,0.8128784885668102,0.8782972893082489,0.8378855914291631,0.8290502109510655,0.8469225978143933,0.950550480695985,COMPLETE
896,0.8187543551478994,2026-06-01 01:32:53.380261,2026-06-01 01:33:09.362323,0 days 00:00:15.982062,balanced,0.8836933641400565,0.013643492050021239,6,10,0.0680966247902486,1900,248,0.004753153639043358,5.2955911107228914e-08,0.7554122571828155,0.8599829936251395,0.8187543551478994,0.7883496166767198,0.8516222184474266,0.941943880569908,COMPLETE
897,0.8379483947513157,2026-06-01 01:33:09.372152,2026-06-01 01:34:02.667150,0 days 00:00:53.294998,balanced,0.8607492782395628,0.012599168834320364,14,20,0.01966370462920169,2000,256,0.0038298869125354463,2.3663826484182519e-07,0.762721401074452,0.8782447077687374,0.8379483947513157,0.8284417257103392,0.847686993941453,0.9501868350951503,COMPLETE
898,0.839706986944682,2026-06-01 01:34:02.688193,2026-06-01 01:34:48.790518,0 days 00:00:46.102325,balanced,0.8755876535016056,0.011876257995933987,14,10,6.0133030122731974e-05,2000,248,0.010361871058639694,5.154407775723995e-08,0.783296716023446,0.8798217155839191,0.839706986944682,0.8319148129606369,0.8476586829737841,0.9511672655145652,COMPLETE
899,0.836211184594946,2026-06-01 01:34:48.800218,2026-06-01 01:35:34.064940,0 days 00:00:45.264722,balanced,0.8858306347347504,0.010522842718455149,14,10,0.12870825102219452,2000,240,0.012801440333440113,5.765892580754537e-08,0.8296519500956958,0.8768569571528545,0.836211184594946,0.8262073742065746,0.8464696223316913,0.9494065497718168,COMPLETE
900,0.8357213090697614,2026-06-01 01:35:34.075462,2026-06-01 01:36:09.903218,0 days 00:00:35.827756,balanced,0.8782355170602271,0.011438341333505355,10,10,0.01877199834665878,2000,232,0.01570716678952162,5.4953712620826536e-08,0.7907648008049366,0.8754691906203548,0.8357213090697614,0.8191888353534521,0.8529528339278637,0.9494210757922836,COMPLETE
901,0.8344990777906826,2026-06-01 01:36:09.914103,2026-06-01 01:36:56.415283,0 days 00:00:46.501180,,0.8930666502233103,0.01269825522349548,14,20,0.00017999130108359252,2000,240,0.008771433682567983,2.3196395194373238e-08,0.7739892237336953,0.8807363808992914,0.8344990777906826,0.8609251352003208,0.809665364362154,0.950592330914667,COMPLETE
902,0.8373055872391432,2026-06-01 01:36:56.425063,2026-06-01 01:37:40.906521,0 days 00:00:44.481458,balanced,0.9003366525354809,0.010634361771078819,14,10,0.04714292152188778,2000,232,0.009056349045554794,3.710061979611996e-08,0.7803851052014624,0.877634940839708,0.8373055872391432,0.8269960650291122,0.847885170715135,0.9500736294998436,COMPLETE
903,0.8285282129202817,2026-06-01 01:37:40.925724,2026-06-01 01:38:15.743862,0 days 00:00:34.818138,balanced,0.8760565657184133,0.011665928863111073,14,150,0.0322792261962259,2000,240,0.021214916552834282,1.746753408133764e-08,0.6986678613343555,0.8688457500372407,0.8285282129202817,0.8051999377109044,0.8532642545722213,0.9461723492190628,COMPLETE
904,0.8372784942302083,2026-06-01 01:38:15.763193,2026-06-01 01:39:03.963229,0 days 00:00:48.200036,balanced,0.8827126532393487,0.014416599817031934,14,20,0.0198387788551161,2000,248,0.00045306102682881634,3.208936026101409e-08,0.7429759115904417,0.8780870079156885,0.8372784942302083,0.830088706669692,0.8446010984655455,0.9498703243539982,COMPLETE
905,0.8389872255551717,2026-06-01 01:39:03.973964,2026-06-01 01:39:49.987828,0 days 00:00:46.013864,balanced,0.8893169528852748,0.013422905052083225,14,10,0.017585499396509927,2000,248,0.011987725600672154,2.4735955442299382e-08,0.7965042218432019,0.8794958019574116,0.8389872255551717,0.83265726451314,0.845422116527943,0.9506770549526733,COMPLETE
906,0.8377656770819487,2026-06-01 01:39:49.998322,2026-06-01 01:40:35.534460,0 days 00:00:45.536138,balanced,0.8717997156874447,0.01126679498362318,14,10,0.05287778219912712,2000,240,0.00638350466446206,3.745646794983767e-08,0.8006576097026724,0.8781185569720339,0.8377656770819487,0.8283468536893112,0.8474038842647641,0.950133536093778,COMPLETE
907,0.8375380008689027,2026-06-01 01:40:35.545215,2026-06-01 01:41:22.906035,0 days 00:00:47.360820,balanced,0.8789263463465712,0.0121952020471613,16,10,0.03105851797667409,2000,248,0.010668008639628329,4.8576282790161813e-08,0.7407811890647397,0.878339338357964,0.8375380008689027,0.8307322189394414,0.8444595436272011,0.9504984932548605,COMPLETE
908,0.8379280199687247,2026-06-01 01:41:22.916150,2026-06-01 01:42:09.584187,0 days 00:00:46.668037,balanced,0.8704802580519828,0.012676608718970127,14,20,0.01755880252964743,2000,240,0.00039135121969168413,4.146669268921551e-08,0.783669533740658,0.8781500927645317,0.8379280199687247,0.8279167733797598,0.8481965913594927,0.9502232513011378,COMPLETE
909,0.8336023418913148,2026-06-01 01:42:09.594684,2026-06-01 01:42:52.354309,0 days 00:00:42.759625,balanced,0.8835776092924127,0.011827350355783875,14,10,0.3653337987199948,2000,248,0.006267431612235431,2.984403858421845e-08,0.7325570891671687,0.8747332506776774,0.8336023418913148,0.8226018121653048,0.8449125191099031,0.9478779934184761,COMPLETE
910,0.8368398006243685,2026-06-01 01:42:52.365084,2026-06-01 01:43:39.874473,0 days 00:00:47.509389,balanced,0.8737265506455346,0.010962650339974052,14,20,0.06733096050306721,2000,248,0.0005563256980416724,1.1346553982992679e-07,0.7837745671270095,0.8771197849357303,0.8368398006243685,0.8254417424471697,0.848564633939188,0.94954853547625,COMPLETE
911,0.8377134701488572,2026-06-01 01:43:39.885056,2026-06-01 01:44:22.962740,0 days 00:00:43.077684,balanced,0.8605575321412153,0.013333262671191544,12,10,0.040971608392749895,2000,232,7.69970099945951e-05,3.2880466910947403e-08,0.7197047557632134,0.878171113310235,0.8377134701488572,0.8288978461375572,0.8467244210407112,0.9499200767320545,COMPLETE
912,0.8393570019401936,2026-06-01 01:44:22.973247,2026-06-01 01:45:09.159430,0 days 00:00:46.186183,balanced,0.8676232578053237,0.012454268261538273,14,10,0.01682611806625854,2000,240,0.00033182063176041333,6.460445273850959e-08,0.7487559419868064,0.8795273443818332,0.8393570019401936,0.8313619816789303,0.8475171281354396,0.9506384264455775,COMPLETE
913,0.806902361712886,2026-06-01 01:45:09.170176,2026-06-01 01:45:21.078588,0 days 00:00:11.908412,balanced,0.8684123049951153,0.013989314413703257,4,10,0.07756162031646585,2000,232,0.00014710332011332147,7.380435637807712e-08,0.757551847776827,0.84993221195659,0.806902361712886,0.7726905449729983,0.8443179887888568,0.9343735070015121,COMPLETE
914,0.8304672389943506,2026-06-01 01:45:21.088151,2026-06-01 01:46:00.699416,0 days 00:00:39.611265,balanced,0.8771183155069252,0.012928770694734597,14,110,0.048312780456272394,2000,240,0.0002526110875679689,7.572196190010397e-08,0.7454949860647944,0.8708748325551152,0.8304672389943506,0.8103248845189235,0.8516505294150954,0.9472289279849374,COMPLETE
915,0.8396270612088795,2026-06-01 01:46:00.709839,2026-06-01 01:46:46.044253,0 days 00:00:45.334414,balanced,0.8910363359329533,0.01472421099669934,14,10,0.00010164772487372875,2000,240,4.3964034990687046e-05,1.4674086758140963e-07,0.7519147062821958,0.8801791719664442,0.8396270612088795,0.834688473018408,0.8446294094332144,0.9511052349636498,COMPLETE
916,0.8279923070659456,2026-06-01 01:46:46.055026,2026-06-01 01:47:00.795505,0 days 00:00:14.740479,balanced,0.8923615849791362,0.08237289566205834,14,20,0.6803294316612281,2000,232,8.208424761627192e-05,3.623224261219708e-07,0.7570803110317329,0.8696237486459228,0.8279923070659456,0.8116639658204329,0.8449974520129097,0.9446040135689394,COMPLETE
917,0.8288634282883556,2026-06-01 01:47:00.806388,2026-06-01 01:47:25.126120,0 days 00:00:24.319732,balanced,0.8954488568686749,0.015256306012989572,14,10,0.7288048458941808,1900,240,3.1458203618419376e-05,1.4734970008806912e-07,0.7518679883626165,0.8701283989193956,0.8288634282883556,0.8115896741605387,0.8468942868467244,0.9460657777143329,COMPLETE
918,0.8376681627190936,2026-06-01 01:47:25.136128,2026-06-01 01:48:11.213365,0 days 00:00:46.077237,balanced,0.9006369054868189,0.014971845843427964,14,20,0.03343427771366108,2000,232,9.789371401756794e-06,1.659471785606236e-07,0.7640782267116082,0.8783182949321237,0.8376681627190936,0.8300633294633499,0.845422116527943,0.9496779854846799,COMPLETE
919,0.8312906368725059,2026-06-01 01:48:11.224814,2026-06-01 01:48:36.240803,0 days 00:00:25.015989,balanced,0.8887903435700328,0.014807124276832494,8,10,0.058201866910592294,2000,232,2.4391646904841382e-05,1.6610809941270945e-07,0.7556178891051095,0.8713479599683417,0.8312906368725059,0.8102567241722594,0.8534624313459034,0.947478350953734,COMPLETE
920,0.8370922857363282,2026-06-01 01:48:36.251745,2026-06-01 01:49:19.895416,0 days 00:00:43.643671,balanced,0.6625409009651392,0.010308572672335883,14,10,0.018792192393004076,1900,240,5.052211796556711e-05,1.222061514145466e-07,0.7519658604268715,0.877214408561437,0.8370922857363282,0.8250836546043825,0.849470584904592,0.9502002467916735,COMPLETE
921,0.8168822284682328,2026-06-01 01:49:19.905912,2026-06-01 01:49:29.129975,0 days 00:00:09.224063,,0.8967856991747107,0.014467428735893377,14,10,0.019731204685118825,400,232,5.2914034589591406e-05,1.5163303287728243e-07,0.7624443795535669,0.8701388892964759,0.8168822284682328,0.8574435736075067,0.779995470245173,0.9440766178235848,COMPLETE
