number,value,datetime_start,datetime_complete,duration,params_class_weight,params_colsample_bytree,params_learning_rate,params_max_depth,params_min_child_samples,params_min_split_gain,params_n_estimators,params_num_leaves,params_reg_alpha,params_reg_lambda,params_subsample,user_attrs_accuracy,user_attrs_f1,user_attrs_precision,user_attrs_recall,user_attrs_roc_auc,state
2447,0.8269951932014212,2026-06-01 17:06:17.009097,2026-06-01 17:06:51.130826,0 days 00:00:34.121729,balanced,0.6761481227222509,0.022488084028307223,16,10,0.018752197451741746,1700,224,5.043916997620072,8.067658226916933e-07,0.8973740283133899,0.8681203332996664,0.8269951932014212,0.8063020543121722,0.8487911216805392,0.9453069212321384,COMPLETE
2448,0.8323059730467847,2026-06-01 17:06:51.143569,2026-06-01 17:07:15.528378,0 days 00:00:24.384809,balanced,0.6564477637199049,0.020897452300037186,16,10,0.3614606632642383,1900,232,3.447033282302491e-05,2.5973172265864387e-06,0.906143713976006,0.872882899169633,0.8323059730467847,0.8158304364388062,0.849470584904592,0.9473090313793907,COMPLETE
2449,0.8058213441744563,2026-06-01 17:07:15.541757,2026-06-01 17:07:22.495494,0 days 00:00:06.953737,balanced,0.6667349992373475,0.020601770538609464,16,20,0.00037424528983053353,800,16,4.911243561994396e-05,5.29529566576326e-07,0.921128039345308,0.8498375783829978,0.8058213441744563,0.7751677189114878,0.8390238378347772,0.9338397621453928,COMPLETE
2450,0.8378806910174798,2026-06-01 17:07:22.508389,2026-06-01 17:08:00.566678,0 days 00:00:38.058289,balanced,0.6789181134823069,0.02339848121112633,16,10,0.033081468346900365,1800,224,2.271243042308704e-05,1.0843873003880762e-06,0.9110155517271128,0.8791909072186267,0.8378806910174798,0.8351316032063286,0.8406658739595718,0.9503034461956773,COMPLETE
2451,0.833658488098047,2026-06-01 17:08:00.579767,2026-06-01 17:08:42.843220,0 days 00:00:42.263453,balanced,0.6609130510672658,0.02203882721551558,16,10,0.018485092539822768,1700,232,1.2101328596474799,7.149824051889473e-07,0.9167232600211561,0.8748383752915423,0.833658488098047,0.8230379060590142,0.8445727874978767,0.9485205641034731,COMPLETE
2452,0.8266089931239771,2026-06-01 17:08:42.856450,2026-06-01 17:09:08.619004,0 days 00:00:25.762554,balanced,0.6683591106313469,0.12958365148689796,16,10,0.05843081709849488,1800,224,6.995659913221031e-05,4.6999952026147574e-07,0.9138050014096711,0.8722520808564549,0.8266089931239771,0.8333654753281486,0.8199705565936245,0.944924076072308,COMPLETE
2453,0.8385566317641908,2026-06-01 17:09:08.632387,2026-06-01 17:09:45.800779,0 days 00:00:37.168392,balanced,0.6568320056751512,0.020709407900769434,16,10,0.018578327547618245,1700,232,2.923422821775522e-05,1.3903509569301055e-06,0.9039361616777059,0.8794117018684041,0.8385566317641908,0.8338556259175399,0.8433271049204462,0.950700245229592,COMPLETE
2454,0.838098853696693,2026-06-01 17:09:45.813708,2026-06-01 17:10:28.101832,0 days 00:00:42.288124,balanced,0.6870498998306385,0.024433286392105787,12,20,0.0004052676730358821,1900,216,2.5789109646069103e-05,4.235731051490148e-07,0.9119225173682198,0.8790016772102152,0.838098853696693,0.8329498096732005,0.8433271049204462,0.950373730209741,COMPLETE
2455,0.8242515476100888,2026-06-01 17:10:28.114232,2026-06-01 17:10:43.744148,0 days 00:00:15.629916,balanced,0.6746393540812443,0.022167722647170242,16,10,0.978155371574924,1800,224,4.385656043485032e-05,2.102110897894346e-06,0.9215390127361531,0.865881008517582,0.8242515476100888,0.8028062733708964,0.8468942868467244,0.9439468919938961,COMPLETE
2456,0.837641823384828,2026-06-01 17:10:43.757584,2026-06-01 17:11:19.952880,0 days 00:00:36.195296,balanced,0.666130733226894,0.020640548302593015,16,10,0.034789994061927836,1700,224,2.080842896633801e-05,4.3591537860029073e-07,0.8954329062634181,0.8786231929868705,0.837641823384828,0.8322358389204162,0.843128928146764,0.9504602263453746,COMPLETE
2457,0.828355525658531,2026-06-01 17:11:19.964737,2026-06-01 17:11:38.328701,0 days 00:00:18.363964,balanced,0.6566578008838682,0.025703882747712088,16,20,0.48335831837086035,1700,232,7.730538250369272e-05,9.73498548676769e-07,0.9101293083381724,0.8693609145627196,0.828355525658531,0.8088426082094845,0.8488477436158769,0.9458397191428273,COMPLETE
2458,0.810559140082835,2026-06-01 17:11:38.341049,2026-06-01 17:11:49.939091,0 days 00:00:11.598042,balanced,0.672069680524211,0.022938545185423206,4,10,0.00010474008679106528,1800,216,4.033532999156081e-05,2.0221346406133187e-06,0.9020621033905224,0.8527077340789154,0.810559140082835,0.7758511770807949,0.8485363229715192,0.9371455657681906,COMPLETE
2459,0.8237878629947684,2026-06-01 17:11:49.951541,2026-06-01 17:12:05.843905,0 days 00:00:15.892364,balanced,0.6616511910654189,0.021603068655999202,6,10,0.00022769536949473449,1700,216,1.8632733461132684e-05,6.692219131644172e-07,0.9028015243250845,0.8641463008493515,0.8237878629947684,0.7947097701466624,0.8551044674706981,0.9442188785623356,COMPLETE
2460,0.8376593001680829,2026-06-01 17:12:05.856577,2026-06-01 17:12:46.639744,0 days 00:00:40.783167,balanced,0.6787828243190842,0.020028609479503676,16,10,0.03413481410085949,1900,224,2.975813491739823e-05,1.3287984947713939e-06,0.915055376047827,0.8788649932605229,0.8376593001680829,0.833793879396394,0.841571824924976,0.95048805204473,COMPLETE
2461,0.8310681331892239,2026-06-01 17:12:46.651704,2026-06-01 17:13:23.328276,0 days 00:00:36.676572,,0.6671143259792218,0.0214443827817691,16,20,0.08824912735974261,1700,232,8.035784906747593e-05,3.249036782128899e-06,0.9252118313236343,0.8786126740925181,0.8310681331892239,0.8599951843189518,0.8040314817960477,0.9486716127947498,COMPLETE
2462,0.8320991949737492,2026-06-01 17:13:23.341619,2026-06-01 17:14:07.237239,0 days 00:00:43.895620,balanced,0.6602638457694168,0.020108320383232646,16,90,0.05153280135598675,1800,224,2.1536254823374717e-05,3.9189049463530694e-07,0.9075054837249154,0.8729880267678637,0.8320991949737492,0.8172435225155569,0.8475171281354398,0.9476883585991106,COMPLETE
2463,0.8332742165709875,2026-06-01 17:14:07.249414,2026-06-01 17:14:30.084378,0 days 00:00:22.834964,balanced,0.6555588834799961,0.02286578068311477,8,10,0.019509361690187858,1700,152,5.715951758128799e-05,7.675148134284711e-07,0.9012634552115365,0.8731247117123445,0.8332742165709875,0.8137737511968245,0.8537455410225921,0.9483754880291663,COMPLETE
2464,0.8382978638803599,2026-06-01 17:14:30.107308,2026-06-01 17:15:15.991690,0 days 00:00:45.884382,balanced,0.6830974850958287,0.01996199068041601,16,10,0.018433528622172086,1900,232,4.542171747294511e-06,4.844072371989181e-07,0.9051831046318866,0.8794327277196464,0.8382978638803599,0.8350641387401528,0.841571824924976,0.9507427378225723,COMPLETE
2465,0.8360902786422552,2026-06-01 17:15:16.003942,2026-06-01 17:15:57.572868,0 days 00:00:41.568926,balanced,0.6723305317311685,0.023999452165467144,16,20,0.04428167414709731,1800,232,3.440140291737369e-05,1.287794157851386e-06,0.8846615411814509,0.8777085280030943,0.8360902786422552,0.8323524492249438,0.8398731668648435,0.949357373535601,COMPLETE
2466,0.840436039718666,2026-06-01 17:15:57.585857,2026-06-01 17:16:32.684121,0 days 00:00:35.098264,balanced,0.6652756605487534,0.02151748082466092,16,10,0.00021328590288478968,1700,224,1.7355223466406613e-05,2.257096845185738e-06,0.9121348370725981,0.8809992143193024,0.840436039718666,0.8369916195106765,0.8439216352414927,0.9517117456538662,COMPLETE
2467,0.8386604327879702,2026-06-01 17:16:32.697149,2026-06-01 17:17:10.831573,0 days 00:00:38.134424,balanced,0.6558493171146176,0.020732408836002244,16,10,0.03292846070707536,1800,216,4.454435850846344e-05,3.693070027725884e-07,0.8905726098778679,0.8794747711322266,0.8386604327879702,0.8338690742551805,0.8435252816941284,0.9505084169692622,COMPLETE
2468,0.8368533429668165,2026-06-01 17:17:10.844525,2026-06-01 17:17:53.220445,0 days 00:00:42.375920,balanced,0.6704008967990407,0.022221984582941667,16,10,0.06644800056877508,1900,240,5.994295613616248e-07,8.923400845777394e-07,0.9084342376108404,0.8784129228685806,0.8368533429668165,0.8340060647284031,0.8397316120264989,0.9496949605448218,COMPLETE
2469,0.8332730003561734,2026-06-01 17:17:53.233817,2026-06-01 17:18:25.947321,0 days 00:00:32.713504,balanced,0.6501065605457896,0.019648907398804125,16,80,0.017102164180335,1400,224,2.5341168506210037e-05,5.523771436008262e-07,0.9275664691930663,0.8735452323847491,0.8332730003561734,0.8163412168536256,0.8509427552233735,0.9487306176292362,COMPLETE
2470,0.8382992780190627,2026-06-01 17:18:25.969757,2026-06-01 17:19:02.588252,0 days 00:00:36.618495,balanced,0.6788001881664149,0.02073411417851769,16,20,0.018795155444032024,1700,216,1.2668138607707871e-05,1.3914894173476553e-06,0.9091714533022418,0.8787914097446948,0.8382992780190627,0.8307073970904032,0.8460449578166581,0.950295540788911,COMPLETE
2471,0.8366127111819806,2026-06-01 17:19:02.600729,2026-06-01 17:19:41.964891,0 days 00:00:39.364162,balanced,0.6631510839818028,0.023734790964117607,16,10,0.04677300317518191,1800,232,1.774515831795166e-05,3.574045060003589e-07,0.8947654236230335,0.8783288227795732,0.8366127111819806,0.8344210009761704,0.8388256610610951,0.9499089594019151,COMPLETE
2472,0.8332791877771406,2026-06-01 17:19:41.977975,2026-06-01 17:20:23.584068,0 days 00:00:41.606093,balanced,0.6916013882561972,0.021799641292285753,16,100,0.018718868506734893,1700,232,4.483546348218918e-06,8.632893235378503e-07,0.8874013516840971,0.8740078157023126,0.8332791877771406,0.8191789614062192,0.8478851707151351,0.9481301548464106,COMPLETE
2473,0.8381751367717687,2026-06-01 17:20:23.597231,2026-06-01 17:21:01.756265,0 days 00:00:38.159034,balanced,0.6564184745022984,0.019986026734147913,16,10,0.036437064594170794,1800,224,5.3736406893593046e-05,2.99784312094124e-06,0.930565267108009,0.8789385880506216,0.8381751367717687,0.8321849422716433,0.844261366853519,0.950390758136495,COMPLETE
2474,0.8364547126154589,2026-06-01 17:21:01.769323,2026-06-01 17:21:37.444095,0 days 00:00:35.674772,balanced,0.6685938898574699,0.022892366349215064,10,20,0.018317217024732872,1900,216,6.6974988844154786e-06,3.30750960812452e-07,0.9204894611819572,0.8766992503362858,0.8364547126154589,0.8242172512857303,0.8490742313572278,0.9495502495690769,COMPLETE
2475,0.8305015947408991,2026-06-01 17:21:37.456958,2026-06-01 17:21:58.995481,0 days 00:00:21.538523,balanced,0.6769769682645445,0.01943483195877451,16,10,0.44784488423744545,1700,232,2.2688056511203354e-05,1.7490401994602893e-06,0.9173445764768907,0.8712848562185157,0.8305015947408991,0.8126638527878111,0.8491591642602344,0.9467221473168456,COMPLETE
2476,0.839590685661599,2026-06-01 17:21:59.009025,2026-06-01 17:22:36.932440,0 days 00:00:37.923415,balanced,0.6606438387760987,0.02112618821560634,16,10,0.018905612627444546,1800,224,8.253160165820366e-05,5.549379462244984e-07,0.9317275996178073,0.880252760124619,0.839590685661599,0.8353489812261432,0.8438933242738237,0.9508793396764975,COMPLETE
2477,0.8369073823262805,2026-06-01 17:22:36.945397,2026-06-01 17:23:14.621651,0 days 00:00:37.676254,balanced,0.6842141821087062,0.025527023506499647,16,10,0.03350789429054641,1700,240,3.3042423358803004e-05,9.170434557108772e-07,0.9006875651767882,0.8787178106438458,0.8369073823262805,0.835878086505113,0.8379480210633599,0.9501860198020036,COMPLETE
2478,0.839786746903661,2026-06-01 17:23:14.634703,2026-06-01 17:23:52.321481,0 days 00:00:37.686778,balanced,0.6677072435932213,0.019493399097705234,16,20,0.0003707557705160071,1700,224,1.2345944306733407e-05,5.710438102674663e-07,0.9208523618787776,0.8799583909121104,0.839786746903661,0.8325424531331663,0.8471773965234132,0.9511084185597136,COMPLETE
2479,0.8369793785462035,2026-06-01 17:23:52.343279,2026-06-01 17:24:32.701490,0 days 00:00:40.358211,balanced,0.6619930477044306,0.022389301012413154,16,10,0.05812742516952666,1900,216,7.117193629300695e-06,3.275507324757406e-07,0.8991312833817554,0.8783603589036671,0.8369793785462035,0.8331395782337082,0.840864050733254,0.9498295567861422,COMPLETE
2480,0.8352505268703109,2026-06-01 17:24:32.714697,2026-06-01 17:25:11.710764,0 days 00:00:38.996067,,0.6728323467468315,0.02073388499442068,16,10,0.019420096565027543,1700,240,1.3375028221693382e-05,3.3763305545595625e-06,0.8519464428411498,0.8814723095676983,0.8352505268703109,0.8631912158985596,0.8090708340411075,0.9509539882357663,COMPLETE
2481,0.8374118722878466,2026-06-01 17:25:11.723789,2026-06-01 17:25:56.672312,0 days 00:00:44.948523,balanced,0.6550822301397055,0.024245912077825692,16,30,6.333522047480031e-05,1800,232,3.131093363183679e-05,1.7042171224350236e-06,0.8591370398205765,0.8787283222430822,0.8374118722878466,0.8338871560445266,0.8409772946039294,0.9502142779237984,COMPLETE
2482,0.8366362420245933,2026-06-01 17:25:56.685175,2026-06-01 17:26:33.913802,0 days 00:00:37.228627,balanced,0.6655449502240257,0.020333736985309533,16,20,0.043811517735375435,1700,216,4.509886250032057e-06,4.157103517441551e-07,0.8894980303748093,0.8774877552386652,0.8366362420245933,0.8286682613925382,0.8447709642715587,0.9497324976495672,COMPLETE
2483,0.838785502954913,2026-06-01 17:26:33.927155,2026-06-01 17:27:13.909364,0 days 00:00:39.982209,balanced,0.650255356588367,0.021631530270468588,12,10,0.017257916481777894,1800,224,1.817319226423368e-05,3.9937561228067736e-05,0.8605196080624008,0.87939066573768,0.838785502954913,0.8327823190060483,0.8448842081422342,0.9503890929389097,COMPLETE
2484,0.8397413246351468,2026-06-01 17:27:13.922625,2026-06-01 17:27:49.612535,0 days 00:00:35.689910,balanced,0.6780824526816059,0.02931044794586348,16,10,0.00036860556805766605,1700,232,9.78315058765812e-06,9.384734427834954e-07,0.917835128630375,0.8811358803628003,0.8397413246351468,0.8408989093572657,0.8385991733197441,0.9514030622298516,COMPLETE
2485,0.8369406984065192,2026-06-01 17:27:49.624606,2026-06-01 17:28:30.840405,0 days 00:00:41.215799,balanced,0.9803004465880572,0.019242642770518764,16,10,0.03324991273542294,1900,224,4.8489531462323866e-05,2.8908587549466155e-07,0.8498365082946149,0.8785601101276046,0.8369406984065192,0.8346535697295371,0.8392503255761282,0.9504137961805124,COMPLETE
2486,0.8224607637487343,2026-06-01 17:28:30.853676,2026-06-01 17:28:47.152675,0 days 00:00:16.298999,balanced,0.6623228726292776,0.02285945925569264,6,20,0.07580901295223658,1800,240,2.5417869901705337e-05,6.430731255362976e-07,0.9062897174098307,0.8632631749740348,0.8224607637487343,0.7941663870606451,0.8528679010248571,0.9438077521662748,COMPLETE
2487,0.8396675734593205,2026-06-01 17:28:47.165379,2026-06-01 17:29:25.078124,0 days 00:00:37.912745,balanced,0.6731614577393739,0.021071467480933092,16,10,3.861495753204537e-05,1700,232,3.308892786603867e-07,1.2971287933230378e-06,0.8730133823083909,0.880420979866809,0.8396675734593205,0.8362267652959351,0.8431572391144329,0.9515715384883957,COMPLETE
2488,0.8075464740795771,2026-06-01 17:29:25.091963,2026-06-01 17:29:36.015296,0 days 00:00:10.923333,balanced,0.6572934617017451,0.019196354543937005,4,10,0.03348527975430339,1700,216,0.6178316983030856,3.481011988878451e-07,0.8851428952913923,0.8503947932845763,0.8075464740795771,0.7731045599101556,0.8452239397542609,0.9348697893704608,COMPLETE
2489,0.8356532465622099,2026-06-01 17:29:36.037331,2026-06-01 17:30:17.789578,0 days 00:00:41.752247,balanced,0.6850059692821827,0.020326843367812025,16,20,0.05874885839391243,1900,216,6.186566424950375e-06,2.288954982114326e-06,0.9066417540747815,0.8768884876398134,0.8356532465622099,0.8285901414741601,0.8428458184700753,0.949336349742901,COMPLETE
2490,0.8294309385916603,2026-06-01 17:30:17.802480,2026-06-01 17:30:38.822747,0 days 00:00:21.020267,balanced,0.6684002705725804,0.02203796720843577,16,10,0.5294860621110609,1800,224,0.11042773153357117,6.559267977757577e-07,0.8635476224231668,0.8702966140192391,0.8294309385916603,0.8105843594509161,0.8491874752279033,0.9461470043946992,COMPLETE
2491,0.8332421199911667,2026-06-01 17:30:38.834890,2026-06-01 17:31:02.183009,0 days 00:00:23.348119,balanced,0.6605481648759732,0.023831062470270337,8,10,0.01890436957971908,1700,232,1.5609012427542078e-05,1.3331263696628726e-06,0.8971434712456726,0.8731877929136296,0.8332421199911667,0.8142799194740271,0.8531226997338769,0.9485657547323743,COMPLETE
2492,0.8398653231509474,2026-06-01 17:31:02.205702,2026-06-01 17:31:46.418671,0 days 00:00:44.212969,balanced,0.675175235849402,0.019905329986233188,16,10,4.7780306551090685e-05,1900,240,9.018104618911418e-06,2.736727916902126e-07,0.8557046208678303,0.880873054901098,0.8398653231509474,0.8385129610703146,0.8412320933129495,0.9516338398052268,COMPLETE
2493,0.8396610329136251,2026-06-01 17:31:46.431862,2026-06-01 17:32:27.586003,0 days 00:00:41.154141,balanced,0.6559242931083653,0.02150575259217201,16,20,8.941410386313225e-05,1800,224,3.838384940184995e-06,4.862165512619643e-07,0.875864999170784,0.8803158443102698,0.8396610329136251,0.8355125004358342,0.8438650133061548,0.951028633503744,COMPLETE
2494,0.8381233439324584,2026-06-01 17:32:27.598709,2026-06-01 17:33:05.843562,0 days 00:00:38.244853,balanced,0.6963532879394092,0.01935391146616325,16,10,0.03327181068489218,1700,232,8.5249913541044e-05,3.891323800512139e-06,0.8675762098001171,0.8790542378591667,0.8381233439324584,0.8331857736244205,0.8431289281467641,0.9505636877025533,COMPLETE
2495,0.8372605489075305,2026-06-01 17:33:05.856024,2026-06-01 17:33:41.486419,0 days 00:00:35.630395,balanced,0.6671408062185262,0.022828024892656743,16,10,0.047288017043742185,1700,216,4.064993946211002e-05,9.695705146521516e-07,0.880993185097078,0.8783813777913897,0.8372605489075305,0.8321452154217505,0.8424494649227109,0.9502997264623101,COMPLETE
2496,0.839755914176842,2026-06-01 17:33:41.498684,2026-06-01 17:34:20.554375,0 days 00:00:39.055691,balanced,0.6795879561343187,0.020699245394000757,16,10,0.00022381092108577548,1800,224,2.0908696946236468e-05,2.127079084223759e-06,0.8572130439076298,0.8805576525422308,0.839755914176842,0.8367803460763928,0.8427608855670687,0.9515386501547578,COMPLETE
2497,0.8374314142664995,2026-06-01 17:34:20.566727,2026-06-01 17:34:49.377472,0 days 00:00:28.810745,balanced,0.6615074495520351,0.01894259327245036,16,20,0.019697503223811624,1900,120,1.3955107723958901e-05,2.671502208970431e-07,0.8876887105764528,0.8769410519363229,0.8374314142664995,0.8219831320389278,0.8534907423135722,0.95008247690021,COMPLETE
2498,0.837355207174638,2026-06-01 17:34:49.398853,2026-06-01 17:35:29.037223,0 days 00:00:39.638370,balanced,0.6557998438757024,0.03188426314311923,16,10,0.018699234382853834,1800,224,5.5111558037551635e-05,7.360129230454354e-07,0.8484176292317844,0.8795168218399225,0.837355207174638,0.8395541432239372,0.8351735462318103,0.9502243548581184,COMPLETE
2499,0.8365691036905915,2026-06-01 17:35:29.050384,2026-06-01 17:36:10.028440,0 days 00:00:40.978056,balanced,0.6723669290347218,0.021743592051792885,16,20,0.03484763990732383,1700,240,5.79319140837129e-06,4.5910863735278887e-07,0.8663733427223501,0.877824176816851,0.8365691036905915,0.8311935955796607,0.8420248004076779,0.9497094174164634,COMPLETE
2500,0.8306051564277945,2026-06-01 17:36:10.041448,2026-06-01 17:36:40.144969,0 days 00:00:30.103521,,0.6887793295644065,0.02455934636353822,16,10,0.2071036569213291,1700,232,1.003631177803595e-05,1.1191751385193845e-06,0.8753688984554202,0.8784339387719373,0.8306051564277945,0.8606612374287809,0.8025876224449351,0.9481744610232917,COMPLETE
2501,0.8394412234391301,2026-06-01 17:36:40.157518,2026-06-01 17:37:12.918925,0 days 00:00:32.761407,balanced,0.6503183854465734,0.026171480829416855,16,10,7.700498067737932e-05,1600,216,3.370506473989856e-05,2.784148602655261e-07,0.862137852266302,0.8805050869193364,0.8394412234391301,0.8377279186810638,0.8411754713776117,0.951380188934678,COMPLETE
2502,0.8374233499588467,2026-06-01 17:37:12.931474,2026-06-01 17:37:50.306808,0 days 00:00:37.375334,balanced,0.6657772709853111,0.020170667477684763,16,10,0.06269377481189504,1800,208,2.3066238007968374e-05,1.6389756440158466e-06,0.869768056878346,0.8783183091907597,0.8374233499588467,0.8310576387942761,0.8438933242738237,0.950016866290056,COMPLETE
2503,0.8383002517961913,2026-06-01 17:37:50.319452,2026-06-01 17:38:28.367833,0 days 00:00:38.048381,balanced,0.6712689603337278,0.0230887789266785,16,10,0.03234253630645264,1700,232,4.201419998854798e-06,4.844534182155103e-07,0.8532372813374357,0.8795063178673986,0.8383002517961913,0.8355649692369266,0.8410622275069363,0.9504556270692731,COMPLETE
2504,0.8373121984441839,2026-06-01 17:38:28.381103,2026-06-01 17:39:09.374688,0 days 00:00:40.993585,balanced,0.6801430935692367,0.018619728169267522,16,20,0.0193464197865359,1700,240,7.194375641278724e-06,7.583936727932105e-07,0.8787789567238911,0.8780239350043083,0.8373121984441839,0.8295475156588697,0.8452522507219298,0.9503993253737621,COMPLETE
2505,0.8170064182387987,2026-06-01 17:39:09.386730,2026-06-01 17:39:16.924220,0 days 00:00:07.537490,balanced,0.6630693437266459,0.021271773789385398,10,30,0.05101787562543032,400,224,1.5272825606472333e-05,3.25233435650513e-06,0.8911050717395399,0.8593416862612658,0.8170064182387987,0.7903671036746212,0.8455353603986184,0.9410000371938279,COMPLETE
2506,0.8351513787775394,2026-06-01 17:39:16.946478,2026-06-01 17:39:41.907135,0 days 00:00:24.960657,balanced,0.655944542148441,0.020297834231210232,16,10,0.10467975494671579,1200,216,5.930932059661431e-05,3.6129272139544194e-07,0.8982738826652706,0.875700481284348,0.8351513787775394,0.8228342639195367,0.8478568597474662,0.9492525770371693,COMPLETE
2507,0.8336278472606383,2026-06-01 17:39:41.929135,2026-06-01 17:40:32.112240,0 days 00:00:50.183105,balanced,0.6681270018935126,0.02222824665386649,16,110,0.0002772750944998385,1900,224,1.1515514743808352e-05,2.4981455542416635e-07,0.8713068349444394,0.8743862989308685,0.8336278472606383,0.8202494565264199,0.847460506200102,0.9486354797149068,COMPLETE
