number,value,datetime_start,datetime_complete,duration,params_class_weight,params_colsample_bytree,params_learning_rate,params_max_depth,params_min_child_samples,params_min_split_gain,params_n_estimators,params_num_leaves,params_reg_alpha,params_reg_lambda,params_subsample,user_attrs_accuracy,user_attrs_f1,user_attrs_precision,user_attrs_recall,user_attrs_roc_auc,state
676,0.8184286016474865,2026-05-31 23:08:36.294990,2026-05-31 23:08:52.345410,0 days 00:00:16.050420,balanced,0.8357703754863213,0.012844209819930211,6,10,0.016735275150760866,1900,256,0.0005209972045030029,0.013043596765429571,0.7090225842550459,0.8597727364391011,0.8184286016474865,0.7882562967459723,0.8510276881263801,0.9417839489341175,COMPLETE
677,0.8343156116518818,2026-05-31 23:08:52.354719,2026-05-31 23:09:19.899040,0 days 00:00:27.544321,balanced,0.8348139185703991,0.013379758322526053,14,20,0.0010958901631186583,2000,104,0.00019953802045950242,0.010388828870639438,0.7152299420997553,0.873997314382558,0.8343156116518818,0.8152764219304451,0.8542834494083008,0.9492440337593236,COMPLETE
678,0.8376788459442398,2026-05-31 23:09:19.908911,2026-05-31 23:10:05.077206,0 days 00:00:45.168295,balanced,0.8391656200985639,0.012573516292300189,14,10,0.034528665021735516,1900,256,0.00012020569463793957,0.010877099115334875,0.7299892410526195,0.878318304548413,0.8376788459442398,0.8300297169198338,0.8454787384632807,0.9502361822453942,COMPLETE
679,0.8371343298228334,2026-05-31 23:10:05.088083,2026-05-31 23:10:42.243742,0 days 00:00:37.155659,balanced,0.8492678815136724,0.013432520429781325,10,10,0.0011436225771076305,2000,256,0.00031719945116765456,0.05023041947489043,0.7009751056132756,0.8769831023124229,0.8371343298228334,0.82341012842322,0.8513391087707377,0.9498683141817326,COMPLETE
680,0.8363044996172118,2026-05-31 23:10:42.262451,2026-05-31 23:11:30.003764,0 days 00:00:47.741313,balanced,0.8450760393772376,0.012508446701814654,14,20,0.07884909784242812,2000,248,0.0005633872491900076,0.016990074551103997,0.7376404290685119,0.877067209033354,0.8363044996172118,0.8271970991433769,0.845620293301625,0.9491759122665177,COMPLETE
681,0.8366400447047426,2026-05-31 23:11:30.013437,2026-05-31 23:12:18.216821,0 days 00:00:48.203384,balanced,0.6676694096238018,0.011909815248953608,14,10,0.051332057840079326,2000,256,6.130735989266905e-07,0.033154588283086206,0.7095532936340041,0.877340572621988,0.8366400447047426,0.8276937856644614,0.8457901591076382,0.9497880282835366,COMPLETE
682,0.8258158464068327,2026-05-31 23:12:18.226158,2026-05-31 23:13:00.831476,0 days 00:00:42.605318,balanced,0.8409968419752757,0.07451372368840366,14,80,0.02190009283929175,1900,240,0.0003652881653886288,0.06614579927614599,0.7250773224549095,0.87089585906955,0.8258158464068327,0.8275118045601023,0.824132268840949,0.9437749760911464,COMPLETE
683,0.8393056871021631,2026-05-31 23:13:00.841581,2026-05-31 23:13:49.171495,0 days 00:00:48.329914,balanced,0.8545603713049765,0.011971631588195033,14,10,0.000309797671799635,2000,256,0.0016769070713671087,0.018490071440062438,0.7423625565126466,0.8795483695698832,0.8393056871021631,0.8317388120107544,0.8470358416850687,0.9509980593263537,COMPLETE
684,0.8369349968866752,2026-05-31 23:13:49.181354,2026-05-31 23:14:36.979037,0 days 00:00:47.797683,balanced,0.8508671690752336,0.011498353049942957,14,20,0.03382599002149058,2000,248,0.002024032096207012,0.021184407144144306,0.7529654034535092,0.8773195411336104,0.8369349968866752,0.8263775817580825,0.8477719268444596,0.9498733799957771,COMPLETE
685,0.8381353722892472,2026-05-31 23:14:36.989794,2026-05-31 23:15:25.904926,0 days 00:00:48.915132,balanced,0.8558615549550398,0.012041816372584826,14,10,0.01788549499046217,1900,248,0.0011170036409667828,0.036079768800233496,0.7444561605527243,0.8784865226326222,0.8381353722892472,0.8293216443148491,0.8471490855557442,0.9505248075041214,COMPLETE
686,0.838443432301116,2026-05-31 23:15:25.914289,2026-05-31 23:16:14.519400,0 days 00:00:48.605111,balanced,0.8609598629813812,0.01153639462624959,14,10,0.017847155602071348,2000,256,0.0018375981628065336,0.050321768741690184,0.7510339095931746,0.8787914107394835,0.838443432301116,0.8301187699201242,0.8469509087820621,0.9505392723978218,COMPLETE
687,0.8383695072909662,2026-05-31 23:16:14.539457,2026-05-31 23:17:00.950514,0 days 00:00:46.411057,balanced,0.8650627972459248,0.01285366428457923,14,20,0.0006891541387348808,1900,256,0.0014115284751439862,0.07909786258250368,0.7440446270107269,0.8785390895819013,0.8383695072909662,0.8287227637237183,0.8482532132948304,0.9504729816333617,COMPLETE
688,0.8377930302564165,2026-05-31 23:17:00.961438,2026-05-31 23:17:46.678150,0 days 00:00:45.716712,balanced,0.855529736177534,0.012144312207017362,14,10,0.05077749316594542,2000,240,0.0001955645866643147,0.023821483554456967,0.7323254029299355,0.8783393376947716,0.8377930302564165,0.8297090328191011,0.8460449578166583,0.9500294225505708,COMPLETE
689,0.8374317647538899,2026-05-31 23:17:46.688493,2026-05-31 23:18:34.223917,0 days 00:00:47.535424,balanced,0.8793252492530776,0.013462008439984553,14,10,0.03403772308044193,2000,248,0.00093731562118676,0.15149154466902684,0.7390471351780682,0.8782236845702646,0.8374317647538899,0.8303912698031698,0.8446010984655455,0.9501062400526207,COMPLETE
690,0.8201898236414175,2026-05-31 23:18:34.242671,2026-05-31 23:19:09.258820,0 days 00:00:35.016149,,0.8667540167935013,0.1497584655668228,14,10,0.06862527777408321,2000,240,9.26282041869442e-05,0.020161685108293,0.7306540045247703,0.8699916977267016,0.8201898236414175,0.8431451116705738,0.7984542211652794,0.9420639217568624,COMPLETE
691,0.8028811594525908,2026-05-31 23:19:09.269582,2026-05-31 23:19:20.576474,0 days 00:00:11.306892,balanced,0.89617223518706,0.011234200686315856,4,10,0.0008615679166961664,1900,256,0.00225680093013437,0.0327093658029533,0.7494779206549501,0.8468623116686587,0.8028811594525908,0.7690829688255946,0.8398165449295057,0.9319577351245409,COMPLETE
692,0.8284514492152137,2026-05-31 23:19:20.586873,2026-05-31 23:19:50.807594,0 days 00:00:30.220721,balanced,0.8537147332079202,0.012391583041216668,14,20,0.6561925299767528,2000,248,0.00025639658609641325,0.015501491228905385,0.7374074283274712,0.8696237556094428,0.8284514492152137,0.8100504571701181,0.8477153049091218,0.9458817763486831,COMPLETE
693,0.8276137425044084,2026-05-31 23:19:50.817074,2026-05-31 23:20:18.871608,0 days 00:00:28.054534,balanced,0.8598410770817796,0.010544706792818761,14,10,0.7605208946399719,1900,256,0.0003969497353632424,0.08709158624794161,0.7693966959528614,0.8689193650547069,0.8276137425044084,0.8088415079775221,0.8472906403940886,0.9456031312389109,COMPLETE
694,0.8375563700736229,2026-05-31 23:20:18.881870,2026-05-31 23:21:06.077433,0 days 00:00:47.195563,balanced,0.8464034152825419,0.011478489674761493,14,10,0.031933797393922415,2000,248,0.00016000449872557366,0.05066688169487078,0.7303770621591066,0.8780659877015814,0.8375563700736229,0.8288356821818489,0.8464696223316913,0.9502074018730156,COMPLETE
695,0.8389807824657817,2026-05-31 23:21:06.086760,2026-05-31 23:21:48.538849,0 days 00:00:42.452089,balanced,0.8738272528206404,0.013357682076803285,14,20,0.0008338391712229605,1900,240,0.0007783675223418237,0.03518753552967845,0.851667673388853,0.878970132133024,0.8389807824657817,0.8291373317558998,0.8490742313572278,0.9507395136035361,COMPLETE
696,0.8286743388453836,2026-05-31 23:21:48.548285,2026-05-31 23:22:12.780551,0 days 00:00:24.232266,balanced,0.8856974923994719,0.011884768245016986,8,10,0.021164714605908058,2000,256,0.00024951721528324706,0.5193433527414075,0.7412956719875831,0.868719617809924,0.8286743388453836,0.8040272052479822,0.8549062906970161,0.9462006435946596,COMPLETE
697,0.8369494334867511,2026-05-31 23:22:12.791006,2026-05-31 23:23:00.259834,0 days 00:00:47.468828,balanced,0.8676009344922917,0.011002291066334116,14,20,0.04896831070653779,2000,248,0.0005230968634400186,0.015752450673504982,0.7627852870740965,0.8772144039190902,0.8369494334867511,0.8256320575284174,0.8485929449068569,0.9496162523188447,COMPLETE
698,0.8387837698538315,2026-05-31 23:23:00.270191,2026-05-31 23:23:44.871397,0 days 00:00:44.601206,balanced,0.8549182812622828,0.012621684948248897,14,10,0.01961481234818044,1900,256,6.719285152672604e-06,0.02598980477983012,0.7943000632026065,0.8790962895616513,0.8387837698538315,0.8307784452694621,0.8469509087820621,0.950713447354525,COMPLETE
699,0.8184320700147989,2026-05-31 23:23:44.880969,2026-05-31 23:24:01.584351,0 days 00:00:16.703382,balanced,0.8790278153766949,0.0118531163689485,6,10,0.0005214737892678706,2000,240,0.0013984069213272402,0.10416396504465111,0.7271970878172437,0.8597096539114312,0.8184320700147989,0.787922787476267,0.8514240416737445,0.9418219900431773,COMPLETE
700,0.8393543076928912,2026-05-31 23:24:01.594321,2026-05-31 23:24:49.430003,0 days 00:00:47.835682,balanced,0.8621539636828818,0.013305251047562531,14,10,0.00010632548949237339,2000,248,0.00037784751721673147,0.0512327575780998,0.7231936514106204,0.8797691562613523,0.8393543076928912,0.8330220064595556,0.8457901591076383,0.9508401423966922,COMPLETE
701,0.8373033638837675,2026-05-31 23:24:49.439207,2026-05-31 23:25:36.888524,0 days 00:00:47.449317,balanced,0.9941319604666214,0.012871304400790706,14,10,0.03267255139056011,2000,248,0.0001320563758214781,0.1760475663375634,0.7217938852893796,0.8781290652553083,0.8373033638837675,0.8302756564614198,0.8444595436272012,0.9499550962572569,COMPLETE
702,0.835594010951703,2026-05-31 23:25:36.899247,2026-05-31 23:26:11.045695,0 days 00:00:34.146448,balanced,0.8730214521581869,0.013222613048191677,10,20,0.018667454627927405,2000,256,1.9539910624035494e-05,0.06251106425833668,0.7343006470259591,0.8752378929928416,0.835594010951703,0.81821158946808,0.8537455410225921,0.9491422128271069,COMPLETE
703,0.8377798922813318,2026-05-31 23:26:11.056307,2026-05-31 23:26:58.429247,0 days 00:00:47.372940,balanced,0.844832573762399,0.013700333705190882,14,10,0.04935921749079752,2000,256,0.0003116544097813846,0.010804502427667003,0.7600562013637453,0.8787178116386344,0.8377798922813318,0.8323166998163404,0.8433271049204462,0.9502138111103461,COMPLETE
704,0.8369644707131946,2026-05-31 23:26:58.439794,2026-05-31 23:27:47.039038,0 days 00:00:48.599244,balanced,0.8616179346164637,0.013526432446612557,14,20,0.017957100633330243,2000,248,0.00035692858832371766,0.33248025920613344,0.7231725695631815,0.8775298049515726,0.8369644707131946,0.8276524912161101,0.8464979332993602,0.9496628304339535,COMPLETE
705,0.8283029057059531,2026-05-31 23:27:47.049456,2026-05-31 23:28:20.710248,0 days 00:00:33.660792,balanced,0.8517232133864959,0.01242023878590075,14,170,0.0007032926728727488,2000,240,0.00020496169038928356,0.05391692637440278,0.7428474330215714,0.8686144633524019,0.8283029057059531,0.804649235528605,0.8534058094105657,0.9466602668946686,COMPLETE
706,0.8375384783427027,2026-05-31 23:28:20.719421,2026-05-31 23:29:08.994084,0 days 00:00:48.274663,balanced,0.8693123412044517,0.012771607940691918,14,10,0.03452491843958542,2000,256,0.002318613775366615,0.10382783185743348,0.7320639455821268,0.8782341938483276,0.8375384783427027,0.8300284054338917,0.845195628786592,0.9501596381856073,COMPLETE
707,0.8296611786867197,2026-05-31 23:29:09.003742,2026-05-31 23:29:43.039654,0 days 00:00:34.035912,balanced,0.8812225614294024,0.011102657466326524,14,20,0.6151038521066003,2000,248,7.456214683610146e-05,0.022268711330612586,0.7157624710551788,0.8707276562387657,0.8296611786867197,0.8123416003805092,0.8477436158767907,0.9461254954440032,COMPLETE
708,0.8368058339797403,2026-05-31 23:29:43.050291,2026-05-31 23:30:30.782971,0 days 00:00:47.732680,balanced,0.8657525383163731,0.013331757843318097,14,10,0.06317932297532082,2000,256,0.0008135164208855095,0.045268924194622154,0.72636335657029,0.8778767431029376,0.8368058339797403,0.8305803274304157,0.843128928146764,0.949863653531647,COMPLETE
709,0.8354089743531241,2026-05-31 23:30:30.793560,2026-05-31 23:31:16.669782,0 days 00:00:45.876222,,0.8569475124571867,0.012182430866351976,14,10,0.00031650298339785455,2000,240,0.00015145446930446387,0.07399513700174339,0.7398134977374441,0.8815143672389145,0.8354089743531241,0.8627915183008805,0.8097219862974917,0.9509463464291739,COMPLETE
710,0.8287310045315098,2026-05-31 23:31:16.680371,2026-05-31 23:32:03.801540,0 days 00:00:47.121169,balanced,0.8471693400382218,0.010414181848358213,14,10,0.03456832839012069,2000,248,2.93027933646051,0.01587282686283143,0.7222441634929293,0.8697078540404691,0.8287310045315098,0.8095524948556942,0.8488477436158769,0.9463891104171088,COMPLETE
711,0.8353902247208146,2026-05-31 23:32:03.812146,2026-05-31 23:32:52.569737,0 days 00:00:48.757591,balanced,0.8865115709577941,0.011294390625121444,14,20,0.09463542473663494,2000,256,0.00028069975566991106,0.02866794854870845,0.7472911166427174,0.8761315291410098,0.8353902247208146,0.8246843424998369,0.8463846894286847,0.949015964797197,COMPLETE
712,0.8062067132847929,2026-05-31 23:32:52.579812,2026-05-31 23:33:04.370056,0 days 00:00:11.790244,balanced,0.8745328604772165,0.012618414778686289,4,10,0.01875775205154758,2000,256,0.0005171245937345452,0.010053913190992211,0.7053029469862829,0.8493644900981216,0.8062067132847929,0.7718881321951443,0.8437517694354794,0.9336352986691593,COMPLETE
713,0.838419102072081,2026-05-31 23:33:04.380504,2026-05-31 23:33:51.791909,0 days 00:00:47.411405,balanced,0.8639856424117597,0.011898859142044974,14,10,0.01830388825811062,2000,248,0.0010705846592731776,0.045720947387690274,0.7157111123387828,0.878812428300821,0.838419102072081,0.8303423164392697,0.8466677991053735,0.9504297723200622,COMPLETE
714,0.8378355182420826,2026-05-31 23:33:51.801300,2026-05-31 23:34:34.587838,0 days 00:00:42.786538,balanced,0.8938833446339626,0.013594100707056935,14,10,0.04603961709487553,1900,240,0.00039361557561418836,0.01954201503854914,0.7326551578960537,0.8785285710191449,0.8378355182420826,0.8308004420532035,0.8449974520129099,0.950173033298539,COMPLETE
715,0.8368253685860744,2026-05-31 23:34:34.598123,2026-05-31 23:35:23.072140,0 days 00:00:48.474017,balanced,0.8512172951397128,0.010799200740121353,14,20,0.019139485845369515,2000,248,0.0006906666137869418,0.14102782096537597,0.6853799993249277,0.8770882395269429,0.8368253685860744,0.8252860473464594,0.8487061887775323,0.9496541063907261,COMPLETE
716,0.8335178619683542,2026-05-31 23:35:23.081712,2026-05-31 23:36:05.068843,0 days 00:00:41.987131,balanced,0.8565620951534809,0.012147792579251023,14,10,0.38315066091339867,2000,256,0.0002069111657127987,0.032829914765050476,0.7263422425732866,0.874617596889978,0.8335178619683542,0.8221665717103696,0.8451956287865919,0.9476991797042175,COMPLETE
717,0.8374189944586649,2026-05-31 23:36:05.079297,2026-05-31 23:36:49.341651,0 days 00:00:44.262354,balanced,0.8760326329074637,0.010010878807672347,14,10,0.03654802496488708,1900,248,0.00010022485150590826,0.013264372968662126,0.7517080040522705,0.877592891789993,0.8374189944586649,0.8262817492259679,0.8488760545835458,0.950093081645688,COMPLETE
718,0.8300079698835549,2026-05-31 23:36:49.351874,2026-05-31 23:37:25.016535,0 days 00:00:35.664661,balanced,0.8698284688177104,0.012993839404442504,14,140,0.0006916278369935339,2000,240,0.0016184816672998436,0.059335580563827595,0.7126255738427592,0.8700968472102808,0.8300079698835549,0.807334428872141,0.8540003397316122,0.9472517105900197,COMPLETE
719,0.8357448475717438,2026-05-31 23:37:25.027225,2026-05-31 23:38:14.024534,0 days 00:00:48.997309,balanced,0.845875971950839,0.011457727396020481,14,20,0.07450215190029019,2000,256,0.000294358816489424,0.10175132407874943,0.7391510982675752,0.8764259039906537,0.8357448475717438,0.8252169300960829,0.846554555234698,0.9492222812707628,COMPLETE
720,0.8292770932319175,2026-05-31 23:38:14.034079,2026-05-31 23:38:37.249067,0 days 00:00:23.214988,balanced,0.8616720241832507,0.012499133022086314,8,10,0.01884436232543379,1900,256,0.00047604217082265597,0.023284046166210347,0.7219783934173715,0.8692557985703555,0.8292770932319175,0.8050319396157984,0.8550478455353604,0.9467695405264148,COMPLETE
721,0.8374614333425576,2026-05-31 23:38:37.260055,2026-05-31 23:39:24.255866,0 days 00:00:46.995811,balanced,0.8395606573037127,0.011628794277995628,14,10,0.05185663870227534,2000,248,0.000721588143752663,0.04087799150011875,0.7565628453513461,0.8780029121374316,0.8374614333425576,0.8288131994016065,0.8462997565256781,0.9500325950380284,COMPLETE
722,0.8200848661726297,2026-05-31 23:39:24.265997,2026-05-31 23:39:40.353177,0 days 00:00:16.087180,balanced,0.8313233582890388,0.013621298835413178,6,10,5.0550662978640095e-05,1900,240,0.0001661723788442591,0.009141585411592266,0.7282648368936083,0.8611394635249147,0.8200848661726297,0.7903036091104365,0.8522167487684729,0.9425054243034697,COMPLETE
723,0.8364713493420391,2026-05-31 23:39:40.362922,2026-05-31 23:40:29.620954,0 days 00:00:49.258032,balanced,0.762641850719617,0.011013229297221221,14,20,0.03394552356883854,2000,256,1.1889191167561515e-06,0.015153983326200184,0.7010609938943753,0.8768254084281054,0.8364713493420391,0.8249664690767645,0.8483098352301681,0.9495806876046468,COMPLETE
724,0.8390903397832105,2026-05-31 23:40:29.631715,2026-05-31 23:41:16.493295,0 days 00:00:46.861580,balanced,0.8831989383922733,0.012900880592756143,14,10,0.0004733880948384798,2000,248,0.00038679548427557504,0.07268066716146404,0.7387536297716463,0.8794747737849961,0.8390903397832105,0.8320987356289642,0.8462148236226715,0.9509865553780504,COMPLETE
725,0.8371510976426858,2026-05-31 23:41:16.503230,2026-05-31 23:42:05.114051,0 days 00:00:48.610821,balanced,0.8893528012556187,0.01342102706235639,14,20,0.019436236082421336,2000,248,0.00036151830213329697,0.17760785787523933,0.7484669814169618,0.8777716218050347,0.8371510976426858,0.8285026267562284,0.8459883358813204,0.9498642179102434,COMPLETE
726,0.83860138962012,2026-05-31 23:42:05.124421,2026-05-31 23:42:53.484288,0 days 00:00:48.359867,balanced,0.8764011069048293,0.012966121198597559,14,10,0.01657723826103677,2000,256,0.00025975455525502664,0.07684397944049136,0.7388546500190646,0.8790857799519921,0.83860138962012,0.8314632131643948,0.8458750920106449,0.9505569088533932,COMPLETE
727,0.8394080765393085,2026-05-31 23:42:53.494023,2026-05-31 23:43:39.746975,0 days 00:00:46.252952,balanced,0.8849186694660127,0.012537424672990547,14,10,0.0016550920130943678,2000,240,1.9861573994415344e-06,0.08437970459494804,0.7336340200493872,0.8795693960843178,0.8394080765393085,0.8314324981160547,0.8475454391031086,0.9507382178953477,COMPLETE
728,0.8259513666053082,2026-05-31 23:43:39.756265,2026-05-31 23:44:16.753310,0 days 00:00:36.997045,,0.8827458822793381,0.013806660276712368,14,130,0.03840152134311583,2000,240,3.689949758949023e-06,0.2199134287752618,0.8712872488878131,0.8749645337149582,0.8259513666053082,0.8548841989515114,0.7989355076156502,0.9472071636704907,COMPLETE
729,0.8390060995471362,2026-05-31 23:44:16.763282,2026-05-31 23:45:02.954299,0 days 00:00:46.191017,balanced,0.8888043168057694,0.012848095837597138,14,10,0.00034198469838978013,2000,240,3.222711930923035e-05,0.12045670995517739,0.730014526820015,0.8793065593483451,0.8390060995471362,0.8313063935675661,0.8468659758790555,0.9507782106075272,COMPLETE
730,0.8381902655423336,2026-05-31 23:45:02.964635,2026-05-31 23:45:51.348715,0 days 00:00:48.384080,balanced,0.8957332386404389,0.013852316467750665,14,20,0.0003761934546222729,2000,248,0.00014907286599492186,0.08370612649645368,0.719899382067919,0.878654733421715,0.8381902655423336,0.8302201126595615,0.846328067493347,0.9502991550327796,COMPLETE
731,0.8380139350995891,2026-05-31 23:45:51.359303,2026-05-31 23:46:39.140704,0 days 00:00:47.781401,balanced,0.883938078803991,0.01270619523732971,14,10,0.03266581969718471,2000,256,0.0002161908300044527,0.05679384080130672,0.744108698650179,0.8786967934141043,0.8380139350995891,0.8312359395687486,0.8449125191099033,0.9502600653555442,COMPLETE
732,0.8385824225845201,2026-05-31 23:46:39.150975,2026-05-31 23:47:25.588379,0 days 00:00:46.437404,balanced,0.8950383101192079,0.01232771916823458,14,10,0.018088149840853933,2000,240,0.00010201481815643525,0.13779799869622097,0.736389622396096,0.8788229508427317,0.8385824225845201,0.8297558237016148,0.8476020610384462,0.9504005914887658,COMPLETE
733,0.829039979308494,2026-05-31 23:47:25.598815,2026-05-31 23:48:00.786929,0 days 00:00:35.188114,balanced,0.8805730375661592,0.013036769921814772,14,150,0.052993018723403125,2000,256,7.589872443869839e-07,0.10564503344422298,0.7300790567441467,0.869392444718082,0.829039979308494,0.8065945874020448,0.8527829681218503,0.9463353608536397,COMPLETE
734,0.8343865478060203,2026-05-31 23:48:00.797263,2026-05-31 23:48:34.835028,0 days 00:00:34.037765,balanced,0.8889083324526222,0.0134255792092835,10,20,0.01755962502320458,2000,240,5.249955483687602e-05,0.07888024404206555,0.7101095193805402,0.8743232323198159,0.8343865478060203,0.8170391339589879,0.8524998584451616,0.9489676208543334,COMPLETE
735,0.8382376685242482,2026-05-31 23:48:34.845430,2026-05-31 23:49:22.483213,0 days 00:00:47.637783,balanced,0.8773830248636318,0.012086542154515711,14,10,0.00012059587077059737,2000,248,0.00036438700935561755,0.21523868161075016,0.724658783039907,0.8785916512256414,0.8382376685242482,0.829600199266324,0.8470641526527376,0.9506914162855837,COMPLETE
736,0.8381836131197663,2026-05-31 23:49:22.502268,2026-05-31 23:50:10.724253,0 days 00:00:48.221985,balanced,0.8856295931561782,0.013811902948079182,14,10,0.032704932745857146,2000,256,2.3632638761881664e-06,0.06364109004532582,0.7167348476509169,0.8790857806151845,0.8381836131197663,0.8331675231850846,0.8432704829851083,0.9501879992861727,COMPLETE
737,0.8314703493502553,2026-05-31 23:50:10.735186,2026-05-31 23:50:34.240967,0 days 00:00:23.505781,balanced,0.8712972044480857,0.012488004516542984,14,10,0.022633792291082266,2000,80,1.2888844985560803e-05,0.04948993946400873,0.7371920834401064,0.8713058959967981,0.8314703493502553,0.8093235890179055,0.8548779797293472,0.9480142399224288,COMPLETE
