number,value,datetime_start,datetime_complete,duration,params_class_weight,params_colsample_bytree,params_learning_rate,params_max_depth,params_min_child_samples,params_min_split_gain,params_n_estimators,params_num_leaves,params_reg_alpha,params_reg_lambda,params_subsample,user_attrs_accuracy,user_attrs_f1,user_attrs_precision,user_attrs_recall,user_attrs_roc_auc,state
2386,0.8356706078963242,2026-06-01 16:31:50.351703,2026-06-01 16:32:20.652437,0 days 00:00:30.300734,,0.6693429034542092,0.02719241965186409,16,10,0.01895111075054867,1500,216,2.589298980070536e-07,1.77448706785673e-07,0.8866598056397622,0.881661553834746,0.8356706078963242,0.8627407505575603,0.8102598946832003,0.9507774708120396,COMPLETE
2387,0.8287147814934744,2026-06-01 16:32:20.665457,2026-06-01 16:32:43.594638,0 days 00:00:22.929181,balanced,0.6618455903641688,0.016377175766841685,16,10,0.6285487746442913,1700,240,2.588451298040248e-05,4.101835617352414e-07,0.8396104481232206,0.8697078593460082,0.8287147814934744,0.80960119186792,0.8487628107128703,0.946011365296645,COMPLETE
2388,0.839268194266388,2026-06-01 16:32:43.607445,2026-06-01 16:33:25.549621,0 days 00:00:41.942176,balanced,0.6560329125143031,0.019414742139217497,16,10,0.018080616732770664,1900,224,9.765905042499381e-06,1.2712653458073535e-07,0.8707476417080671,0.8799583912437065,0.839268194266388,0.8346784222973559,0.8439216352414926,0.9508666896590129,COMPLETE
2389,0.8302561973640059,2026-06-01 16:33:25.562465,2026-06-01 16:33:38.722050,0 days 00:00:13.159585,balanced,0.6500692128179854,0.022882900836953372,10,20,0.0003608137531977207,700,232,1.8700047125617553e-05,3.6672150031489867e-08,0.864578103815656,0.8702019920515133,0.8302561973640059,0.8071368817989218,0.8547647358586716,0.9473425203363764,COMPLETE
2390,0.837666049791742,2026-06-01 16:33:38.734638,2026-06-01 16:34:15.288799,0 days 00:00:36.554161,balanced,0.6666612784904887,0.020029030179020784,16,10,0.06340930527521016,1700,224,4.648833710337115e-05,6.44215251439196e-07,0.8764343280263206,0.8786232006135829,0.837666049791742,0.8321463669179061,0.8432704829851084,0.9500887405257039,COMPLETE
2391,0.8377580293897048,2026-06-01 16:34:15.310449,2026-06-01 16:34:57.526630,0 days 00:00:42.216181,balanced,0.6500284593432826,0.0175430799430873,16,10,0.04789279716857112,1800,240,1.3426180373204487e-05,2.726188005470368e-06,0.8480779264754329,0.878665242699778,0.8377580293897048,0.8320547968641195,0.8435535926617973,0.9502257007941278,COMPLETE
2392,0.8386504216228269,2026-06-01 16:34:57.538738,2026-06-01 16:35:31.031109,0 days 00:00:33.492371,balanced,0.6743550286183889,0.021857442379872978,16,10,0.017576084205045476,1600,216,6.047156929797769e-06,9.795223725528385e-08,0.8563270466335249,0.879453755560466,0.8386504216228269,0.8337703622659958,0.843610214597135,0.9508143834158275,COMPLETE
2393,0.8320845250855191,2026-06-01 16:35:31.044003,2026-06-01 16:35:54.455018,0 days 00:00:23.411015,balanced,0.6624172484033313,0.03744095890506932,16,20,0.23265128905061588,1700,232,3.0929338475053895e-05,2.671146316183673e-07,0.8912912028753476,0.8735452366954995,0.8320845250855191,0.8208007747994387,0.8436951475001416,0.9470143775840288,COMPLETE
2394,0.8397184574084551,2026-06-01 16:35:54.467989,2026-06-01 16:36:32.443930,0 days 00:00:37.975941,balanced,0.682474698804389,0.02105975494981741,16,10,4.217871210483932e-05,1800,224,9.222127553853065e-06,8.404192648245367e-07,0.880419611249202,0.8805576459103069,0.8397184574084551,0.8369331436602693,0.8425343978257177,0.9517650064685226,COMPLETE
2395,0.837040825947784,2026-06-01 16:36:32.456618,2026-06-01 16:37:06.659841,0 days 00:00:34.203223,balanced,0.7695122808830025,0.019874511919723094,16,10,0.07939452548216847,1700,208,1.7712379449458934e-05,1.3992717332382654e-06,0.8678053161069814,0.8780134161099555,0.837040825947784,0.830552792964694,0.8436385255648039,0.9499302434861808,COMPLETE
2396,0.838077169393797,2026-06-01 16:37:06.672575,2026-06-01 16:37:41.573917,0 days 00:00:34.901342,balanced,0.6680424690636446,0.023244045918081213,16,20,0.0356821686422175,1600,216,5.834489175921309e-07,3.8892411837363717e-07,0.8616671728463339,0.8786862692142128,0.838077169393797,0.8308966085845091,0.8453938055602741,0.9499265362966917,COMPLETE
2397,0.8379579273719532,2026-06-01 16:37:41.595560,2026-06-01 16:38:25.515928,0 days 00:00:43.920368,balanced,0.6931833240125007,0.01649501951333678,12,10,0.017939195941587917,1900,232,6.925145544574319e-05,1.607250424932472e-07,0.8744033886128706,0.8784339566781316,0.8379579273719532,0.8296814149470446,0.8464130003963536,0.9505618809118218,COMPLETE
2398,0.8397719162972409,2026-06-01 16:38:25.538604,2026-06-01 16:39:06.365712,0 days 00:00:40.827108,balanced,0.6610401633332543,0.025333968162125457,16,10,6.205902410288741e-05,1800,240,3.9806722593794985e-05,2.3550991531384448e-07,0.8530187398782265,0.8811358793680117,0.8397719162972409,0.8407641544084542,0.8387973500934263,0.9514397872581984,COMPLETE
2399,0.8382162912678655,2026-06-01 16:39:06.378315,2026-06-01 16:39:42.818074,0 days 00:00:36.439759,balanced,0.6752346236459321,0.018799137088745414,16,10,0.033865614288123166,1700,224,1.1285413979719104e-05,7.631878024741155e-08,0.8836741772472859,0.8789701357805821,0.8382162912678655,0.8322425695742206,0.8442896778211879,0.9505084018669795,COMPLETE
2400,0.8060452526222633,2026-06-01 16:39:42.831101,2026-06-01 16:39:53.380415,0 days 00:00:10.549314,balanced,0.650042363443242,0.01777453322453055,4,20,0.047752098769550645,1600,216,6.439798593941699e-06,4.616941770156686e-07,0.8687923089404662,0.8492803760820742,0.8060452526222633,0.7719186407885424,0.843355415888115,0.933841387298426,COMPLETE
2401,0.8361290775627551,2026-06-01 16:39:53.393111,2026-06-01 16:40:18.078389,0 days 00:00:24.685278,balanced,0.6655645024140883,0.05876432000989307,16,10,0.018492839415239937,1900,104,2.0198177057329016e-05,8.833602020971854e-07,0.8623322224569556,0.8781185407238206,0.8361290775627551,0.8349404282160008,0.8373251797746447,0.9495658628786354,COMPLETE
2402,0.8234540109722603,2026-06-01 16:40:18.090465,2026-06-01 16:40:33.799126,0 days 00:00:15.708661,balanced,0.6566836090264697,0.02216963303045334,6,10,0.018394971610512994,1700,232,2.6368407288900728e-05,1.6413238358616815e-07,0.89661277313924,0.8640306546883645,0.8234540109722603,0.7951368411221527,0.8538870958609365,0.9440277061426331,COMPLETE
2403,0.8368026467920133,2026-06-01 16:40:33.812179,2026-06-01 16:41:07.319598,0 days 00:00:33.507419,balanced,0.6726518417566882,0.021026777942502142,16,20,0.03392131029989817,1500,224,9.515745452695502e-06,1.7031597527182843e-06,0.8754300335661949,0.8775298032935918,0.8368026467920133,0.8282867285620706,0.8455070494309496,0.9498776320089587,COMPLETE
2404,0.8369231860033614,2026-06-01 16:41:07.332399,2026-06-01 16:41:44.652681,0 days 00:00:37.320282,balanced,0.6795187365172495,0.019532503415546885,16,10,0.06013428414157733,1800,208,1.4572065211206612e-05,4.59035069969039e-08,0.8413852069715423,0.8779818713643607,0.8369231860033614,0.8308221683507889,0.843128928146764,0.950006861218109,COMPLETE
2405,0.8377749348914199,2026-06-01 16:41:44.665317,2026-06-01 16:42:20.094089,0 days 00:00:35.428772,balanced,0.6607761951380059,0.018704240723631145,16,10,0.03342615282182342,1600,232,4.45465819782474e-06,1.071196357863862e-07,0.8897296415206304,0.8784234427577218,0.8377749348914199,0.8303549592400138,0.8453371836249364,0.9505595077771548,COMPLETE
2406,0.8327004255897137,2026-06-01 16:42:20.105826,2026-06-01 16:42:43.104037,0 days 00:00:22.998211,balanced,0.6687231200764963,0.02050093832079058,8,10,0.01639256042524409,1700,224,4.16726483655391e-05,3.118052766435366e-07,0.8558724699771476,0.8725464722859083,0.8327004255897137,0.8123454439254973,0.8541135836022876,0.9481217162679517,COMPLETE
2407,0.8316148421274511,2026-06-01 16:42:43.116967,2026-06-01 16:43:25.175123,0 days 00:00:42.058156,,0.6569036547258829,0.0237372074116966,16,20,0.09008352784568563,1800,240,5.46516202336103e-06,2.7604897878200443e-06,0.8678404252046009,0.878770372619182,0.8316148421274511,0.8587808792776489,0.8061264934035446,0.9484859466199785,COMPLETE
2408,0.8362648291235036,2026-06-01 16:43:25.187776,2026-06-01 16:43:45.629603,0 days 00:00:20.441827,balanced,0.6665475591057071,0.01712731440607453,16,10,0.01756214823293638,900,224,8.198557573624942e-06,5.954595104810145e-07,0.8337079333309447,0.8760789618601343,0.8362648291235036,0.820967777070238,0.8521601268331352,0.9497613971558643,COMPLETE
2409,0.837357931888714,2026-06-01 16:43:45.642155,2026-06-01 16:44:21.397703,0 days 00:00:35.755548,balanced,0.6807810577978234,0.021962255271199906,16,10,0.047586763420757835,1700,216,2.4090878657176438e-05,1.836676113340212e-07,0.8796754441731687,0.8784970266051461,0.837357931888714,0.8325375488407102,0.8422512881490288,0.950125283955014,COMPLETE
2410,0.837362969732795,2026-06-01 16:44:21.419500,2026-06-01 16:45:07.817205,0 days 00:00:46.397705,balanced,0.6731562522953548,0.0197983474390561,16,20,0.016120685112098323,1900,232,5.981352434653712e-05,1.16373522160969e-06,0.8466059369580134,0.8785496018443301,0.837362969732795,0.83287342836244,0.8419115565370023,0.9502534221809217,COMPLETE
2411,0.8402277116509467,2026-06-01 16:45:07.830302,2026-06-01 16:45:42.593312,0 days 00:00:34.763010,balanced,0.8124047872564472,0.01796084353427677,16,10,0.00018548008288135127,1600,232,1.4785633081049413e-05,8.854030966680108e-08,0.873688257390301,0.8804630342220632,0.8402277116509467,0.8341699928186492,0.8463846894286847,0.9516607577792771,COMPLETE
2412,0.8411025620337226,2026-06-01 16:45:42.605475,2026-06-01 16:46:18.666743,0 days 00:00:36.061268,balanced,0.6613989470526778,0.020889381042148672,16,10,6.35160577437476e-05,1700,224,1.0185488447164409e-05,3.3176351095845783e-07,0.8845298891385281,0.8814407797439321,0.8411025620337226,0.8372837623827412,0.844969141045241,0.951687810344926,COMPLETE
2413,0.8401395438863252,2026-06-01 16:46:18.679519,2026-06-01 16:46:53.199506,0 days 00:00:34.519987,balanced,0.6559073638409288,0.023326759901521422,16,10,0.0005902499024466182,1700,208,2.949484294147015e-05,5.580737469800345e-07,0.8830140838724412,0.8806522761679374,0.8401395438863252,0.8358510505922583,0.84448785459487,0.9515133672206909,COMPLETE
2414,0.836328836185726,2026-06-01 16:46:53.220932,2026-06-01 16:47:39.064582,0 days 00:00:45.843650,balanced,0.6612267891125705,0.02459463194768475,16,70,0.00018797818451906105,1800,216,1.5226371899410293e-05,7.769310694713642e-07,0.9012502051293168,0.8770461864980735,0.836328836185726,0.8269830410735969,0.8459034029783138,0.9493080936316272,COMPLETE
2415,0.8388835074026707,2026-06-01 16:47:39.077771,2026-06-01 16:48:24.918391,0 days 00:00:45.840620,balanced,0.6873642278327455,0.022627730311007618,16,20,0.0002768245819102605,1900,240,2.109340806263777e-05,4.260345794885302e-07,0.894043167871091,0.8799583839485904,0.8388835074026707,0.8362485296112446,0.841543513957307,0.9510572950038881,COMPLETE
2416,0.8411216131722016,2026-06-01 16:48:24.930631,2026-06-01 16:49:03.445274,0 days 00:00:38.514643,balanced,0.6566923304112989,0.02197958363928786,16,10,2.017466689034739e-05,1800,224,4.060628701444513e-05,7.168980701869971e-07,0.912038036360616,0.8816089928541982,0.8411216131722016,0.8383764922101203,0.8438933242738237,0.9517278554658417,COMPLETE
2417,0.8370665452674149,2026-06-01 16:49:03.458683,2026-06-01 16:49:37.444073,0 days 00:00:33.985390,balanced,0.67166700837787,0.02565307820785452,16,10,0.03458520189287594,1600,232,5.306894400543732e-05,1.1853898325835609e-06,0.9119596691225091,0.8785180633990629,0.8370665452674149,0.8338727019507002,0.8402978313798766,0.9502458014747517,COMPLETE
2418,0.8338243665646784,2026-06-01 16:49:37.456772,2026-06-01 16:50:16.529254,0 days 00:00:39.072482,balanced,0.6778764660090859,0.02459823528627332,16,60,0.03286956124730664,1600,232,6.996715588127252e-05,8.736025367969257e-07,0.9120635050638453,0.8750801808707337,0.8338243665646784,0.8239613760524436,0.8439499462091614,0.9484205745721991,COMPLETE
2419,0.8341177575802575,2026-06-01 16:50:16.541469,2026-06-01 16:50:46.664029,0 days 00:00:30.122560,balanced,0.6695868158529786,0.023091362436688162,10,20,0.062021215990140155,1700,232,6.609503767843181e-05,1.1798078726842011e-06,0.9104628190980005,0.874628120095081,0.8341177575802575,0.8199537611151339,0.8487911216805389,0.9487917721638821,COMPLETE
2420,0.8391911485591067,2026-06-01 16:50:46.676450,2026-06-01 16:51:25.552849,0 days 00:00:38.876399,balanced,0.6686143894329559,0.023810602673566553,16,10,0.017998785895376738,1800,224,4.351653951728647e-05,1.910184779051995e-06,0.8948777834401416,0.8802212230057366,0.8391911485591067,0.8368085525490817,0.8416001358926447,0.9508227667477168,COMPLETE
2421,0.8368764073969169,2026-06-01 16:51:25.564672,2026-06-01 16:52:07.376070,0 days 00:00:41.811398,balanced,0.6781181091893782,0.027625637292532104,16,10,0.04522884148525872,1900,232,6.147215970271744e-05,1.3996059034907138e-06,0.8884657161873228,0.878980642737472,0.8368764073969169,0.8378285495103107,0.8359379423588699,0.9497594315577734,COMPLETE
2422,0.8405683217579077,2026-06-01 16:52:07.388928,2026-06-01 16:52:43.526305,0 days 00:00:36.137377,balanced,0.6657346757487008,0.022985462847054217,16,10,0.00012131515861119177,1700,224,4.533323094056178e-05,1.0073728447217232e-06,0.9010562293355682,0.8811989701855863,0.8405683217579077,0.8378368484246378,0.8433271049204462,0.9516547411891795,COMPLETE
2423,0.8374967868946578,2026-06-01 16:52:43.539197,2026-06-01 16:53:23.857494,0 days 00:00:40.318297,balanced,0.6866858674660528,0.022192923509286984,16,10,0.03145520249868021,1800,240,4.1416794427416006e-05,1.8556639641666254e-06,0.9074818470230561,0.8789596231865572,0.8374967868946578,0.8351209562858041,0.8399014778325123,0.9502984132324007,COMPLETE
2424,0.8344596281999147,2026-06-01 16:53:23.879550,2026-06-01 16:54:00.128764,0 days 00:00:36.249214,,0.6739555071279126,0.02410117746772654,16,20,0.0180146366634627,1600,232,4.190580535661222e-05,7.802022404057004e-07,0.8967183833605611,0.880746892830124,0.8344596281999147,0.8611843303300203,0.8093539437177962,0.9501353842666651,COMPLETE
2425,0.8376026829097419,2026-06-01 16:54:00.141772,2026-06-01 16:54:37.367783,0 days 00:00:37.226011,balanced,0.6645216869755868,0.022504839610729716,16,10,0.04507172214674477,1700,240,6.076026624388864e-05,7.557856487825033e-07,0.9191495600997247,0.878886018780169,0.8376026829097419,0.834180101876982,0.8410622275069363,0.950163231514912,COMPLETE
2426,0.8366766912096306,2026-06-01 16:54:37.381336,2026-06-01 16:55:08.641485,0 days 00:00:31.260149,balanced,0.6622279475895011,0.02190983781237978,12,20,0.018855756902117857,1500,224,5.5660854275451145e-05,1.5441384520236239e-06,0.9190836028276372,0.8770567053924262,0.8366766912096306,0.8256966191648654,0.8479701036181417,0.9498657657409196,COMPLETE
2427,0.8409802759822332,2026-06-01 16:55:08.654666,2026-06-01 16:55:45.159625,0 days 00:00:36.504959,balanced,0.672505374272481,0.021684474435317288,16,10,0.00024045059922453473,1700,232,3.7640136022010786e-05,7.116099140121046e-07,0.9079021552802718,0.8814512930011494,0.8409802759822332,0.8378783619630822,0.8441198120151746,0.9516836261992293,COMPLETE
2428,0.8402666741973777,2026-06-01 16:55:45.172878,2026-06-01 16:56:20.295105,0 days 00:00:35.122227,balanced,0.6894201049652368,0.025435662745765954,16,10,0.0002407048915653476,1700,224,5.575077813419619e-05,7.956938113477465e-07,0.9147438311618948,0.8812620510552752,0.8402666741973777,0.8395778836539525,0.8409772946039297,0.9516173763115153,COMPLETE
2429,0.8083628823227468,2026-06-01 16:56:20.307202,2026-06-01 16:56:31.382602,0 days 00:00:11.075400,balanced,0.6825711383862796,0.0240822219168482,4,10,0.701278080421026,1700,224,7.782388175965301e-05,6.71686216687412e-07,0.9168913987917283,0.8512674095502336,0.8083628823227468,0.7750396244350749,0.844714342336221,0.9349108619253857,COMPLETE
2430,0.8339802750911925,2026-06-01 16:56:31.404691,2026-06-01 16:57:04.995516,0 days 00:00:33.590825,balanced,0.6825683492482189,0.023313019789536506,16,20,0.18008513486513905,1700,232,7.268193798296145e-05,9.244056029019813e-07,0.8940877176118794,0.8749750579148498,0.8339802750911925,0.8226910703813081,0.8455919823339562,0.9479503203699841,COMPLETE
2431,0.8246482896221462,2026-06-01 16:57:05.008564,2026-06-01 16:57:21.943372,0 days 00:00:16.934808,balanced,0.6951341371597414,0.02155683954835916,6,10,3.76129324580176e-05,1800,224,4.235391268387969e-05,1.1811865425093759e-06,0.9261803206773827,0.8649032553690009,0.8246482896221462,0.7960459964949109,0.8554158881150559,0.9445157685054865,COMPLETE
2432,0.8367594363927164,2026-06-01 16:57:21.956256,2026-06-01 16:57:59.498701,0 days 00:00:37.542445,balanced,0.6770630838416867,0.021774738959476746,16,10,0.0686601287755255,1700,232,3.990362994167469e-05,5.929725288567511e-07,0.9004198246408377,0.8780764923372978,0.8367594363927164,0.832124901725777,0.8414585810543004,0.9499099400401064,COMPLETE
2433,0.8380420709210242,2026-06-01 16:57:59.511424,2026-06-01 16:58:27.334062,0 days 00:00:27.822638,balanced,0.6761073592176955,0.022941613682600646,16,10,0.0293508077849219,1800,136,3.4370123145167963e-05,9.92717569914572e-07,0.9241995405219314,0.8780449654978971,0.8380420709210242,0.8267693909470144,0.8496404507106053,0.9503946900607886,COMPLETE
2434,0.8365253134265362,2026-06-01 16:58:27.346369,2026-06-01 16:59:05.709338,0 days 00:00:38.362969,balanced,0.6819626441050294,0.022308241748129832,16,20,0.048388698809010866,1700,224,7.930470834577553e-05,8.175262259072974e-07,0.9131279258604427,0.8776454471334055,0.8365253134265362,0.8301712177835321,0.8429873733084197,0.9495712672128409,COMPLETE
2435,0.8339089512667933,2026-06-01 16:59:05.723056,2026-06-01 16:59:30.147027,0 days 00:00:24.423971,balanced,0.962789678572688,0.021257685615056338,8,10,0.033457720111344014,1800,224,7.735241665821386e-05,6.201105731745865e-07,0.9039745156136011,0.8736503855158864,0.8339089512667933,0.8146829684220105,0.8540852726346185,0.9483567613663543,COMPLETE
2436,0.8387315351502074,2026-06-01 16:59:30.159053,2026-06-01 17:00:06.245098,0 days 00:00:36.086045,balanced,0.6741030470234273,0.025116514832471386,16,10,0.018328077367042447,1700,232,7.514777796160005e-05,1.7749917934946682e-06,0.9266118472727922,0.8799478696965845,0.8387315351502074,0.836811559002736,0.8406658739595719,0.9507532696302213,COMPLETE
2437,0.8371405082038733,2026-06-01 17:00:06.258245,2026-06-01 17:00:43.487912,0 days 00:00:37.229667,balanced,0.695130057778815,0.02314261177228594,16,20,0.03102151846622611,1700,224,3.427124950365729e-05,5.260826330155999e-07,0.92539828806811,0.8782341931851353,0.8371405082038733,0.831629991683728,0.8427325745993999,0.9499534757359688,COMPLETE
2438,0.8395816532047932,2026-06-01 17:00:43.500889,2026-06-01 17:01:20.521970,0 days 00:00:37.021081,balanced,0.671572057326298,0.020990174310288105,16,10,0.018421278139442845,1700,232,4.729728365285194e-05,1.3185406418083018e-06,0.9174221972533071,0.8802001978176865,0.8395816532047932,0.8350151626083487,0.8442047449181813,0.9508629351460973,COMPLETE
2439,0.8371257988912846,2026-06-01 17:01:20.533914,2026-06-01 17:01:59.570643,0 days 00:00:39.036729,balanced,0.6812446546842311,0.021146478317950662,16,10,0.05001795079660799,1800,232,3.0584918612195944e-05,6.27871447631811e-07,0.9200546383309082,0.8783918966857421,0.8371257988912846,0.8327619985887796,0.841543513957307,0.9500476164995663,COMPLETE
2440,0.8404605940265316,2026-06-01 17:01:59.583225,2026-06-01 17:02:37.534776,0 days 00:00:37.951551,balanced,0.6724049407270365,0.02215784600399284,16,10,0.00010865864347212795,1800,224,7.628549750900943e-05,1.118230999213059e-06,0.912090303136168,0.8812094844375923,0.8404605940265316,0.8383800380937069,0.8425627087933867,0.9517357534268674,COMPLETE
2441,0.8372354462159629,2026-06-01 17:02:37.547921,2026-06-01 17:03:13.928554,0 days 00:00:36.380633,balanced,0.6906581502418376,0.020999033746689145,16,10,0.07336846927854469,1700,232,3.1356457180319084e-05,1.9029178986487757e-06,0.9088421712835296,0.8784129215421959,0.8372354462159629,0.8324523211582552,0.8420814223430156,0.949750093405414,COMPLETE
2442,0.8365086038173494,2026-06-01 17:03:13.949858,2026-06-01 17:03:50.903402,0 days 00:00:36.953544,,0.6675863092855523,0.02680111437987665,16,20,0.00017579507056759072,1700,224,4.8865662355408524e-05,6.57008415585333e-07,0.9117379388563696,0.8820610612565635,0.8365086038173494,0.8620351769678659,0.8124681501613725,0.9509584782664319,COMPLETE
2443,0.8380361814736551,2026-06-01 17:03:50.915468,2026-06-01 17:04:31.148284,0 days 00:00:40.232816,balanced,0.6858469228877752,0.023479968468280016,16,20,0.01921983856004744,1800,224,7.260528308375277e-05,5.398075545603841e-07,0.9213271171669658,0.8790857703357026,0.8380361814736551,0.8337642316891632,0.8423645320197045,0.9501718319236382,COMPLETE
2444,0.8312353978313131,2026-06-01 17:04:31.160555,2026-06-01 17:05:09.299695,0 days 00:00:38.139140,balanced,0.6605271453912127,0.024449782682952115,16,130,0.03353317310496244,1700,232,3.161535491767199e-05,3.0337757098196695e-06,0.902589176546573,0.872125929396559,0.8312353978313131,0.8151156392453341,0.8480267255534795,0.9472196551682405,COMPLETE
2445,0.838583510585185,2026-06-01 17:05:09.313499,2026-06-01 17:05:47.927089,0 days 00:00:38.613590,balanced,0.6715415635050248,0.022106802793115048,16,10,0.017572127231282403,1800,224,4.808231408476977e-05,9.970248057161314e-07,0.8926114149622374,0.8796955521865604,0.838583510585185,0.835688584637411,0.8415152029896382,0.9508682256174099,COMPLETE
2446,0.833896759627817,2026-06-01 17:05:47.940119,2026-06-01 17:06:16.995852,0 days 00:00:29.055733,balanced,0.6623601950750534,0.020983751345316326,10,30,0.049369879414488164,1700,232,2.8553937090626297e-05,1.4711158715906825e-06,0.9071141689575875,0.8739657699685592,0.833896759627817,0.8166529667058313,0.8519053281241153,0.9484493348051602,COMPLETE
