number,value,datetime_start,datetime_complete,duration,params_class_weight,params_colsample_bytree,params_learning_rate,params_max_depth,params_min_child_samples,params_min_split_gain,params_n_estimators,params_num_leaves,params_reg_alpha,params_reg_lambda,params_subsample,user_attrs_accuracy,user_attrs_f1,user_attrs_precision,user_attrs_recall,user_attrs_roc_auc,state
2142,0.8375318335973709,2026-06-01 14:22:54.411132,2026-06-01 14:23:30.142584,0 days 00:00:35.731452,balanced,0.6696585781169512,0.02007194292256248,16,20,0.01901507058981971,1600,224,1.3465676230857582e-06,2.4914208048151165e-07,0.8859358369255497,0.8781606093377109,0.8375318335973709,0.8295843460404941,0.8456486042692939,0.950306910095588,COMPLETE
2143,0.8359300152813312,2026-06-01 14:23:30.165065,2026-06-01 14:24:00.234136,0 days 00:00:30.069071,balanced,0.6786761871906947,0.020002554104990685,12,10,0.07467185317728933,1500,216,2.5205008514541825e-06,8.438219328957054e-08,0.8791788759557283,0.8764364165846786,0.8359300152813312,0.8245574547402491,0.8476303720061152,0.949371102535416,COMPLETE
2144,0.8377764282785174,2026-06-01 14:24:00.245595,2026-06-01 14:24:35.124184,0 days 00:00:34.878589,balanced,0.6609428864524102,0.021340704640453276,16,10,0.03263586515057368,1600,224,1.0989332116418562e-06,1.6254697073292546e-07,0.8917582159280782,0.878539082286785,0.8377764282785174,0.8311342813174473,0.8445444765302078,0.9504862109638254,COMPLETE
2145,0.8370886601624804,2026-06-01 14:24:35.135959,2026-06-01 14:25:09.183111,0 days 00:00:34.047152,balanced,0.6684702257097463,0.022869325526450882,16,20,0.0183262831677856,1500,232,2.63685062544598e-06,2.4411497029018884e-07,0.8699661205575087,0.8780134134571861,0.8370886601624804,0.8303811457634178,0.8439216352414926,0.9500964783664597,COMPLETE
2146,0.8080770020638334,2026-06-01 14:25:09.204172,2026-06-01 14:25:20.183213,0 days 00:00:10.979041,balanced,0.6603243755220829,0.020000583365614014,4,10,0.049621540913637734,1700,216,8.393203141142903e-07,1.1519235836762064e-07,0.8631395696010709,0.8509204723936571,0.8080770020638334,0.7741767018524848,0.8451106958835853,0.9354286680259803,COMPLETE
2147,0.822614215584388,2026-06-01 14:25:20.195285,2026-06-01 14:25:35.882617,0 days 00:00:15.687332,balanced,0.6848068702799133,0.02127772678281909,6,10,0.0195278532246456,1700,208,1.8954280000260304e-06,2.516840002978813e-07,0.8758698428780857,0.8633262581648972,0.822614215584388,0.7940376771260148,0.8533491874752279,0.9437884630995411,COMPLETE
2148,0.8279155125953102,2026-06-01 14:25:35.894344,2026-06-01 14:25:53.888801,0 days 00:00:17.994457,balanced,0.6756759561163033,0.01980489580795873,16,10,0.6819663314892487,1600,240,4.051605241039139e-06,5.494786068523556e-08,0.8987485241369801,0.8690244903317642,0.8279155125953102,0.8083905057598854,0.8484230791008436,0.9455521839659148,COMPLETE
2149,0.8378128162606497,2026-06-01 14:25:53.901238,2026-06-01 14:26:32.121502,0 days 00:00:38.220264,balanced,0.6607317359696658,0.022369773743030553,16,20,0.03466872266306205,1700,224,6.838735603518502e-07,1.4813968307342234e-07,0.853567434411973,0.878633702928126,0.8378128162606497,0.8316151461865244,0.8441198120151747,0.949785030398842,COMPLETE
2150,0.8399879499543542,2026-06-01 14:26:32.142804,2026-06-01 14:27:09.539680,0 days 00:00:37.396876,balanced,0.6696569597374749,0.024432592195998616,16,10,0.0003297043089490927,1700,232,4.283620460363968e-06,9.886177464387395e-08,0.8615168512295002,0.8809676768688237,0.8399879499543542,0.8386819168026247,0.841317026215956,0.9514333029128136,COMPLETE
2151,0.8351442332139453,2026-06-01 14:27:09.551849,2026-06-01 14:27:31.720640,0 days 00:00:22.168791,balanced,0.6770634505641286,0.05585535805605273,8,10,0.018865376522177804,1600,216,2.8707080072205176e-06,1.8485827923958688e-07,0.8709999441774977,0.8762261507771393,0.8351442332139453,0.8262905349288273,0.8442047449181813,0.948504413374558,COMPLETE
2152,0.8369396418480158,2026-06-01 14:27:31.733667,2026-06-01 14:28:08.293757,0 days 00:00:36.560090,balanced,0.6606484764776813,0.02076602118600627,16,10,0.05726507177578141,1700,224,3.184053766946616e-06,2.225697177374214e-07,0.8800092392497514,0.8780659764273109,0.8369396418480158,0.8313285046039326,0.8426476416963933,0.9500217618773493,COMPLETE
2153,0.8376258152210981,2026-06-01 14:28:08.306524,2026-06-01 14:28:43.770690,0 days 00:00:35.464166,balanced,0.6673717269017162,0.019217793570616967,16,20,0.01857862929449523,1600,216,1.7094015343932676e-06,2.8194129471411186e-07,0.865756768415848,0.8781185549824567,0.8376258152210981,0.8289229725209628,0.846526244267029,0.950307876278723,COMPLETE
2154,0.8386624155151644,2026-06-01 14:28:43.783490,2026-06-01 14:29:19.808296,0 days 00:00:36.024806,balanced,0.6842695499574157,0.02196337268992702,16,10,0.03622048158852869,1700,224,5.116430130245217e-06,7.783823858538108e-08,0.8884206110512936,0.8795588791795425,0.8386624155151644,0.8344258070732646,0.8429590623407508,0.9504802750235427,COMPLETE
2155,0.8275305724308414,2026-06-01 14:29:19.820560,2026-06-01 14:29:38.075205,0 days 00:00:18.254645,balanced,0.9975963602288553,0.020161733209903956,16,10,0.7767092936948705,1700,232,5.806449545985775e-06,2.9445086810027967e-07,0.8545186756956091,0.8687090962628018,0.8275305724308414,0.8079175657149106,0.8481399694241549,0.9456471436112666,COMPLETE
2156,0.8402636243669619,2026-06-01 14:29:38.086778,2026-06-01 14:30:16.440001,0 days 00:00:38.353223,balanced,0.6744996253129287,0.01906830589538272,16,10,0.00037055450212867527,1700,240,3.4530767788761576e-06,1.273271164584296e-07,0.8739403017955426,0.8807153560428377,0.8402636243669619,0.8357621683492079,0.8448275862068965,0.9516124017232593,COMPLETE
2157,0.8396550871609061,2026-06-01 14:30:16.451788,2026-06-01 14:30:47.801259,0 days 00:00:31.349471,balanced,0.6602145168326113,0.02329765362789248,16,20,0.00018829642870628614,1500,208,2.341307724369984e-06,1.7186811007248963e-07,0.8612083395272699,0.8798847954588194,0.8396550871609061,0.8325769653011377,0.8468659758790555,0.9509551703301323,COMPLETE
2158,0.8354708602805281,2026-06-01 14:30:47.822689,2026-06-01 14:31:23.676274,0 days 00:00:35.853585,balanced,0.6691380058052308,0.021291232351814876,16,30,0.04934339512179801,1600,216,5.788062352658203e-06,3.290730906533164e-07,0.8683333140157862,0.8763102492081657,0.8354708602805281,0.8255142731387474,0.8456769152369628,0.9491603067828972,COMPLETE
2159,0.8388110150901475,2026-06-01 14:31:23.689129,2026-06-01 14:32:01.248943,0 days 00:00:37.559814,balanced,0.6592934591878339,0.01986814844664497,16,10,0.018590739432283645,1700,232,6.271901275915946e-06,8.850112146314637e-08,0.8821919130258372,0.8795693934315483,0.8388110150901475,0.8338849098082282,0.8438083913708171,0.9508392898370716,COMPLETE
2160,0.8321722793110179,2026-06-01 14:32:01.261934,2026-06-01 14:32:25.318199,0 days 00:00:24.056265,,0.9872944473202934,0.018204763396166977,16,10,0.03337072954726248,1700,120,1.1298707309550088e-06,1.7286749538011853e-07,0.854646932361602,0.8795693897839904,0.8321722793110179,0.8623732332460622,0.8040314817960478,0.9498623623402183,COMPLETE
2161,0.8389537048861518,2026-06-01 14:32:25.330881,2026-06-01 14:33:01.820572,0 days 00:00:36.489691,balanced,0.6906499187706437,0.020644997539859985,16,10,0.01858263841090271,1700,224,3.758063173418442e-05,3.0603659260106223e-07,0.8739329854383584,0.8797270939477895,0.8389537048861518,0.8343880783827812,0.8435819036294662,0.9508704888604119,COMPLETE
2162,0.8293733277220138,2026-06-01 14:33:01.833235,2026-06-01 14:33:20.590918,0 days 00:00:18.757683,balanced,0.6778600821708469,0.019377259989012623,16,20,0.08533911862475976,1600,64,5.360874964949366e-07,1.2448240793514355e-07,0.8648723609579337,0.8695501644669023,0.8293733277220138,0.8063937508709751,0.8537172300549233,0.9470234160846617,COMPLETE
2163,0.8360889609703671,2026-06-01 14:33:20.603450,2026-06-01 14:33:52.189212,0 days 00:00:31.585762,balanced,0.6666430878631056,0.022065376797832586,10,10,0.0596606690768886,1700,224,3.908573454608795e-06,2.337385180731739e-07,0.8810585554407282,0.8765100067324306,0.8360889609703671,0.8244187670296342,0.8481116584564861,0.9493080609708513,COMPLETE
2164,0.8377536593408897,2026-06-01 14:33:52.201142,2026-06-01 14:34:29.660302,0 days 00:00:37.459160,balanced,0.6706839304412483,0.02364780174090227,16,10,0.01694537137070097,1700,232,2.1191509448765193e-06,6.064951217257033e-08,0.8626439162444515,0.8791698906520775,0.8377536593408897,0.8355198363635644,0.8400147217031878,0.9508878010923145,COMPLETE
2165,0.836834167708969,2026-06-01 14:34:29.672712,2026-06-01 14:35:07.126407,0 days 00:00:37.453695,balanced,0.660888871989391,0.020753141849228458,16,20,0.032095722133102626,1700,216,3.065511370440018e-05,3.2343287690878534e-07,0.8525060706629252,0.8777716088727833,0.836834167708969,0.8297651109019638,0.844034879112168,0.9498796955671427,COMPLETE
2166,0.838649049443919,2026-06-01 14:35:07.138393,2026-06-01 14:35:39.703676,0 days 00:00:32.565283,balanced,0.6810334334485446,0.018317627942169946,16,10,0.019204359846746982,1600,208,7.806026926899781e-06,1.56397894232052e-07,0.8908535657912838,0.878875511160087,0.838649049443919,0.8298391220961321,0.8476586829737841,0.9507835985161349,COMPLETE
2167,0.8383892759600249,2026-06-01 14:35:39.716605,2026-06-01 14:36:15.997108,0 days 00:00:36.280503,balanced,0.7609244561254158,0.018962400472362403,16,10,0.03681505958865512,1600,240,4.787362194591424e-06,9.8808957740058e-08,0.8675850542698865,0.8791278376232081,0.8383892759600249,0.8326042241279263,0.8442613668535189,0.9505735008752844,COMPLETE
2168,0.8394340249909492,2026-06-01 14:36:16.009082,2026-06-01 14:36:54.925229,0 days 00:00:38.916147,balanced,0.6575183774797295,0.021220104684963107,16,20,8.486522405332466e-06,1700,232,3.3457294641796296e-07,3.95071804644004e-07,0.8757543005013213,0.8801055728655952,0.8394340249909492,0.8350231031082943,0.8439216352414927,0.9510706417171532,COMPLETE
2169,0.8376119918750606,2026-06-01 14:36:54.937203,2026-06-01 14:37:30.787616,0 days 00:00:35.850413,balanced,0.6677184648516311,0.019840692609980053,16,10,0.051717758292800425,1700,216,1.800236044023887e-05,1.9199919973076386e-07,0.857880276709318,0.8784234384469713,0.8376119918750606,0.8309943810718375,0.8443462997565256,0.950162216555761,COMPLETE
2170,0.8294607951341745,2026-06-01 14:37:30.800225,2026-06-01 14:38:02.826279,0 days 00:00:32.026054,balanced,0.6753881942345602,0.017768371566543584,16,180,0.01954413084265675,1600,224,6.472560759741706e-06,2.480583801883063e-07,0.8695401044487434,0.8697709335837733,0.8294607951341745,0.807345212127811,0.8528395900571882,0.9468584598784439,COMPLETE
2171,0.840612450950835,2026-06-01 14:38:02.838212,2026-06-01 14:38:38.535680,0 days 00:00:35.697468,balanced,0.6633380942697165,0.022140345171969156,16,10,0.0003558346635640535,1700,224,3.0431817932265807e-06,1.2411326397043466e-07,0.885444509346502,0.8812620533764486,0.840612450950835,0.8380941804957827,0.843157239114433,0.9515957404148594,COMPLETE
2172,0.8077892427687939,2026-06-01 14:38:38.547269,2026-06-01 14:38:49.592806,0 days 00:00:11.045537,balanced,0.685247984513663,0.01912632451633387,4,10,0.0002464143200570782,1700,208,9.931218663563754e-06,4.566577845245758e-07,0.9029458372697811,0.8507522513250824,0.8077892427687939,0.7741440082378291,0.844516165562539,0.9352633408810546,COMPLETE
2173,0.8368889271091106,2026-06-01 14:38:49.604904,2026-06-01 14:39:26.489208,0 days 00:00:36.884304,balanced,0.6572349053652542,0.020430256794762913,12,20,0.03537980185761299,1700,224,2.2469379895717746e-05,2.2241503375881056e-07,0.8521589211965964,0.8773090255552197,0.8368889271091106,0.8264799014141851,0.8475737500707775,0.9494751784147772,COMPLETE
2174,0.8383746613581712,2026-06-01 14:39:26.501592,2026-06-01 14:40:00.220116,0 days 00:00:33.718524,balanced,0.6729791395029728,0.018082657543746175,16,10,0.016362015342022893,1600,216,1.6454605658396895e-06,5.39336588691192e-08,0.8765100844797071,0.8787809021246127,0.8383746613581712,0.8303359693195711,0.8465828662023668,0.9509119850151652,COMPLETE
2175,0.8358200017178802,2026-06-01 14:40:00.232654,2026-06-01 14:40:36.966621,0 days 00:00:36.733967,balanced,0.9690353028603951,0.023613324831006068,16,10,0.06533727758687162,1700,232,4.7367455424326425e-06,5.059174648742584e-07,0.8603354055509776,0.8780764939952789,0.8358200017178802,0.8359331645541261,0.835711454617519,0.9496119504973776,COMPLETE
2176,0.8201839641834523,2026-06-01 14:40:36.979160,2026-06-01 14:40:51.150443,0 days 00:00:14.171283,balanced,0.6667320094237195,0.021380033751965757,6,10,0.0434678262992112,1500,240,1.3249235655838272e-05,3.313267192340428e-07,0.8692725879922225,0.8612971759786189,0.8201839641834523,0.79086730026222,0.8517920842534398,0.9426435335081983,COMPLETE
2177,0.837013297410517,2026-06-01 14:40:51.173074,2026-06-01 14:41:27.919146,0 days 00:00:36.746072,balanced,0.6561038287214727,0.025662519560914573,16,20,0.018995590555665354,1700,216,7.142679679490635e-06,1.1811269459249781e-07,0.8814037700844799,0.8782236825806874,0.837013297410517,0.8321060616211229,0.841996489440009,0.9500665207726561,COMPLETE
2178,0.8395979391088902,2026-06-01 14:41:27.931900,2026-06-01 14:42:06.035184,0 days 00:00:38.103284,balanced,0.6764493084894978,0.019685324141398276,16,10,0.0004556280061815883,1700,232,3.4822689534416394e-05,1.9590841355651745e-07,0.8648993367596601,0.8803053290634754,0.8395979391088902,0.8356937541447332,0.8435535926617973,0.951441173529841,COMPLETE
2179,0.8291687274191523,2026-06-01 14:42:06.057484,2026-06-01 14:42:26.248104,0 days 00:00:20.190620,,0.6628858026243604,0.022138573160146887,16,10,0.035463327564402986,1600,88,2.0247495258868317e-05,6.936062383210979e-08,0.8713990321527784,0.877761085336084,0.8291687274191523,0.8618987620383893,0.7988505747126436,0.9490543415181034,COMPLETE
2180,0.8386688826876206,2026-06-01 14:42:26.260830,2026-06-01 14:43:05.150601,0 days 00:00:38.889771,balanced,0.6700228489796566,0.018630937468893858,16,20,0.017652043988955625,1700,224,3.226921517904912e-06,3.179171277835322e-07,0.8593583064361227,0.8789070539161047,0.8386688826876206,0.8299933426308953,0.8475454391031084,0.950389276540557,COMPLETE
2181,0.8326475945969197,2026-06-01 14:43:05.163441,2026-06-01 14:43:27.402884,0 days 00:00:22.239443,balanced,0.6875653180650283,0.02048485778807368,8,10,0.0005737180642371312,1600,224,9.361686879879197e-06,1.5373552285363515e-07,0.8895017612427657,0.8723046670383131,0.8326475945969197,0.8111031309298826,0.8553875771473868,0.9483112973491372,COMPLETE
2182,0.8383981028915448,2026-06-01 14:43:27.415872,2026-06-01 14:44:02.869935,0 days 00:00:35.454063,balanced,0.6618321470906398,0.017713027473144554,16,10,0.03256093596895098,1700,208,1.3742607178385685e-05,4.3417866267777057e-07,0.8530656473293814,0.8788229501795394,0.8383981028915448,0.8305214566667128,0.8464413113640225,0.9505072729485148,COMPLETE
2183,0.8390535344046478,2026-06-01 14:44:02.882508,2026-06-01 14:44:29.090415,0 days 00:00:26.207907,balanced,0.6565387435178682,0.019210208437212106,16,20,0.0004579854345006964,1200,216,6.233825343542903e-06,9.444585693241471e-08,0.8725635049442244,0.8785180640622551,0.8390535344046478,0.8258504065701825,0.8526980352188439,0.9508705075385459,COMPLETE
2184,0.8370407473577912,2026-06-01 14:44:29.102838,2026-06-01 14:45:06.037858,0 days 00:00:36.935020,balanced,0.6783874965679341,0.022731695828321515,16,10,0.052325704383209985,1700,232,4.002226189639838e-06,2.3787887424662474e-07,0.879950883566345,0.8784865206430451,0.8370407473577912,0.8337668521921066,0.8403544533152143,0.9498944680560948,COMPLETE
2185,0.8385448375463906,2026-06-01 14:45:06.049426,2026-06-01 14:45:42.378423,0 days 00:00:36.328997,balanced,0.6695354977170845,0.020611780429978282,16,10,0.017154361736864313,1600,240,2.7083166510887738e-05,1.5428758712499334e-07,0.8629249178313045,0.8793170769163128,0.8385448375463906,0.8332856424612282,0.8438933242738237,0.9508701713855147,COMPLETE
2186,0.8381917679621521,2026-06-01 14:45:42.390960,2026-06-01 14:46:18.120112,0 days 00:00:35.729152,balanced,0.6574304046953747,0.019580104616364703,16,10,0.0316195574913196,1700,216,9.333865490667817e-06,2.725690479610422e-07,0.8770396327164252,0.8788019167015846,0.8381917679621521,0.8312108427840553,0.8453088726572674,0.9504844084297374,COMPLETE
2187,0.8356451098624446,2026-06-01 14:46:18.132838,2026-06-01 14:46:57.047555,0 days 00:00:38.914717,balanced,0.6808166880128114,0.017808131457300563,16,20,0.08202635971769709,1700,224,2.2082643262518416e-06,5.844543396590573e-07,0.850272169796704,0.8765730912496776,0.8356451098624446,0.826559894022988,0.8449408300775719,0.9493424421196363,COMPLETE
2188,0.8339247333113371,2026-06-01 14:46:57.068984,2026-06-01 14:47:10.791630,0 days 00:00:13.722646,balanced,0.6659588445115951,0.02090693446574624,16,10,0.01805746664399545,600,216,1.6924455967114417e-05,5.15085728676361e-07,0.8963212005802067,0.8737029441752607,0.8339247333113371,0.8149222413738787,0.8538587848932676,0.9488407156558486,COMPLETE
2189,0.8278409553469673,2026-06-01 14:47:10.804056,2026-06-01 14:47:34.591802,0 days 00:00:23.787746,balanced,0.6941293611003722,0.018596092987362308,16,130,0.04876167671838671,1700,72,5.659934925881297e-06,1.0350448672227752e-07,0.8588963980596817,0.8679836665929761,0.8278409553469673,0.8026231673884898,0.8547081139233339,0.946198018967129,COMPLETE
2190,0.8382822818753676,2026-06-01 14:47:34.603501,2026-06-01 14:48:04.508027,0 days 00:00:29.904526,balanced,0.6725538951060421,0.021560870727483503,16,10,0.01990480797377429,1400,224,1.2390734014362583e-05,3.5758821285594187e-07,0.8670474377624783,0.8788860303860359,0.8382822818753676,0.8314062212225094,0.8452805616895985,0.9506937866367924,COMPLETE
2191,0.8375689038991454,2026-06-01 14:48:04.520324,2026-06-01 14:48:40.938298,0 days 00:00:36.417974,balanced,0.6615544200671475,0.02450114200926856,16,20,0.01713267094540764,1600,232,8.33490639477978e-06,2.0395370554707308e-07,0.886195392776729,0.8786862705405976,0.8375689038991454,0.8329499065157936,0.8422512881490288,0.9502128586674816,COMPLETE
2192,0.8356299018262162,2026-06-01 14:48:40.951253,2026-06-01 14:49:08.097634,0 days 00:00:27.146381,balanced,0.6569206488700756,0.019902790947166994,10,10,0.044888690962205,1500,208,3.940911560551256e-05,1.4703044107020519e-07,0.8732352801547275,0.875626885831057,0.8356299018262162,0.8205263992911781,0.8513107978030688,0.9492068413268111,COMPLETE
2193,0.8374538524350569,2026-06-01 14:49:08.110435,2026-06-01 14:49:43.639354,0 days 00:00:35.528919,balanced,0.9589254594039083,0.01877554161891503,16,10,0.03105988775299247,1700,224,1.0106041844616396e-06,5.731048674479966e-07,0.8648676604806247,0.8785916545416033,0.8374538524350569,0.8327814494861805,0.8421946662136911,0.950647120339541,COMPLETE
2194,0.8353242464433742,2026-06-01 14:49:43.660976,2026-06-01 14:50:13.249107,0 days 00:00:29.588131,balanced,0.6733495323772541,0.02278752721826507,16,20,0.07077850212014958,1300,232,0.290497560072865,2.9209361180918994e-07,0.8521107456073197,0.8760684452869553,0.8353242464433742,0.8245344322798419,0.8464130003963536,0.9488270310097154,COMPLETE
2195,0.8406730119690756,2026-06-01 14:50:13.260780,2026-06-01 14:50:49.019734,0 days 00:00:35.758954,balanced,0.6665235734608429,0.021553036479578756,16,10,9.217571607248633e-05,1600,240,2.3444720734138452e-05,7.494924178905735e-08,0.8797794150966254,0.8812410222196672,0.8406730119690756,0.8376880364796079,0.8436951475001416,0.951674468203152,COMPLETE
2196,0.8383218269700606,2026-06-01 14:50:49.040575,2026-06-01 14:51:22.113830,0 days 00:00:33.073255,balanced,0.6629436862690876,0.02466100693836369,16,10,0.018029778292103112,1500,240,3.5978772966286443e-05,5.840293732916849e-08,0.889002996326748,0.8794642572118168,0.8383218269700606,0.8351956081653902,0.8414868920219694,0.9506764448973651,COMPLETE
2197,0.8402800769568901,2026-06-01 14:51:22.126768,2026-06-01 14:51:55.372458,0 days 00:00:33.245690,balanced,0.6557195533064456,0.023506625311044593,16,10,0.0007399763095217119,1500,240,4.435820193114296e-05,4.434402363390383e-08,0.8944795919284846,0.8808625350119569,0.8402800769568901,0.8367198734364427,0.8438933242738237,0.9514986912612639,COMPLETE
2198,0.8279327032246419,2026-06-01 14:51:55.384330,2026-06-01 14:52:12.933709,0 days 00:00:17.549379,balanced,0.665036580401632,0.02227561676483064,16,20,0.5887074454584451,1500,240,2.7427097858391102e-05,9.399530591520243e-08,0.897018800725327,0.8690034621593486,0.8279327032246419,0.8082118409206235,0.8486495668421946,0.9454455304849191,COMPLETE
2199,0.835985771522235,2026-06-01 14:52:12.945447,2026-06-01 14:52:48.339896,0 days 00:00:35.394449,,0.6559651009168991,0.023815144685921785,12,10,0.00040008569436806197,1600,240,4.2391033718335586e-05,5.190751401945264e-08,0.8862454926851971,0.8819243905707187,0.835985771522235,0.863345312524059,0.8103165166185381,0.9511885923292445,COMPLETE
2200,0.8371450164923807,2026-06-01 14:52:48.352998,2026-06-01 14:53:23.880824,0 days 00:00:35.527826,balanced,0.6617324143541982,0.02502984008051344,16,10,0.03318593793702977,1600,240,2.7457005030538674e-05,7.035537113154441e-08,0.8840246307502428,0.8786442221540748,0.8371450164923807,0.8344186684515223,0.8399014778325123,0.9503297544880608,COMPLETE
2201,0.8371963483703097,2026-06-01 14:53:23.902049,2026-06-01 14:53:56.766551,0 days 00:00:32.864502,balanced,0.6558987038308297,0.022703431694478905,16,10,0.04825125964759571,1500,240,4.6101878732756994e-05,4.02261533819772e-08,0.9080398882136503,0.8783183058747978,0.8371963483703097,0.8319651195974499,0.8425060868580488,0.9501401434130398,COMPLETE
2202,0.8376483779435895,2026-06-01 14:53:56.778965,2026-06-01 14:54:33.279957,0 days 00:00:36.500992,balanced,0.6651219842923299,0.021835357265904753,16,20,0.017750333161053865,1600,232,2.26557188534254e-05,1.0141512205948456e-07,0.8929687684711934,0.8785180690361981,0.8376483779435895,0.8315118254278729,0.8438933242738237,0.9502321777782922,COMPLETE
