number,value,datetime_start,datetime_complete,duration,params_class_weight,params_colsample_bytree,params_learning_rate,params_max_depth,params_min_child_samples,params_min_split_gain,params_n_estimators,params_num_leaves,params_reg_alpha,params_reg_lambda,params_subsample,user_attrs_accuracy,user_attrs_f1,user_attrs_precision,user_attrs_recall,user_attrs_roc_auc,state
1288,0.8371043532199974,2026-06-01 05:58:16.785036,2026-06-01 05:59:01.010271,0 days 00:00:44.225235,balanced,0.6871427643348271,0.016880523415406783,16,10,0.045279081653656766,2000,224,7.63283028067091e-05,1.7022253603262979e-07,0.7779461969640733,0.8782236868914378,0.8371043532199974,0.8317298379523157,0.8425627087933866,0.9502350997358864,COMPLETE
1289,0.8381881414244687,2026-06-01 05:59:01.020321,2026-06-01 05:59:45.819918,0 days 00:00:44.799597,balanced,0.6774796846435591,0.016678644726996927,16,10,0.016282292740613193,2000,224,0.00017943762045917637,8.305987998492238e-08,0.7618478349255668,0.8790542405119363,0.8381881414244687,0.8329254604514588,0.8435252816941284,0.9506796711993983,COMPLETE
1290,0.8365218996454541,2026-06-01 05:59:45.831023,2026-06-01 06:00:33.414620,0 days 00:00:47.583597,balanced,0.7041971267664088,0.015989606622047337,16,20,0.03485818193666334,2000,224,0.00015032074737580026,1.997772561823456e-07,0.7825972558698903,0.8774982704854596,0.8365218996454541,0.8292109155251725,0.8439782571768304,0.9497334401133717,COMPLETE
1291,0.8399520279529503,2026-06-01 06:00:33.426591,2026-06-01 06:01:17.670625,0 days 00:00:44.244034,balanced,0.6863110988981336,0.015624570770201832,16,10,0.0002559591106160088,2000,224,0.00016410456675991167,3.774595803787823e-07,0.7709178459026609,0.8803053347006106,0.8399520279529503,0.8342028870847921,0.8457901591076383,0.951312695507777,COMPLETE
1292,0.8403694390805159,2026-06-01 06:01:17.680754,2026-06-01 06:02:00.428625,0 days 00:00:42.747871,balanced,0.6747533020137849,0.015741719510832843,16,10,0.00017512713454195022,2000,216,0.00010107310890365417,1.0815556598642352e-07,0.7761387929169852,0.8806312503166951,0.8403694390805159,0.8347262718181216,0.8461015797519958,0.9514121765224668,COMPLETE
1293,0.8382445894016789,2026-06-01 06:02:00.439120,2026-06-01 06:02:45.081092,0 days 00:00:44.641972,balanced,0.6730810050639472,0.01756257684199994,16,10,0.01942065000052887,2000,224,5.993467431288181e-05,1.4520158578863506e-07,0.7702560128753638,0.8791068071296193,0.8382445894016789,0.8330680005714913,0.8434969707264593,0.9505618829163566,COMPLETE
1294,0.8270498774130965,2026-06-01 06:02:45.092272,2026-06-01 06:03:08.999468,0 days 00:00:23.907196,balanced,0.68370993262218,0.015610729595701724,16,20,0.756309768980752,2000,216,9.812954101962145e-05,3.5561808446373565e-07,0.7731874054647971,0.8681939410220164,0.8270498774130965,0.8065614161896949,0.8486212558745257,0.9449789827108009,COMPLETE
1295,0.8375373996089421,2026-06-01 06:03:09.010922,2026-06-01 06:03:53.981032,0 days 00:00:44.970110,balanced,0.6708079405790615,0.01643202963068175,16,10,0.05208768514058022,2000,224,6.774729351485122e-05,1.68971735089673e-07,0.7619620045336369,0.8783708738188656,0.8375373996089421,0.8309543740555944,0.8442330558858502,0.950136863461195,COMPLETE
1296,0.8267901863098731,2026-06-01 06:03:53.992199,2026-06-01 06:04:16.150730,0 days 00:00:22.158531,balanced,0.6893813711806909,0.017195658817697544,16,10,0.7924695743206576,2000,216,0.00011245069375954632,1.08358513028509e-07,0.7755709695616921,0.8681834161589324,0.8267901863098731,0.8073722776719201,0.8471773965234132,0.945259275509907,COMPLETE
1297,0.8386644902362127,2026-06-01 06:04:16.162333,2026-06-01 06:05:03.795957,0 days 00:00:47.633624,balanced,0.680637668426014,0.01574790406218383,16,20,0.00035847261079682727,2000,224,0.00014819394497323472,1.0031700755577624e-07,0.766358458824158,0.8790542318904353,0.8386644902362127,0.8309933985959309,0.8464979332993602,0.9507546410926931,COMPLETE
1298,0.820944310464974,2026-06-01 06:05:03.807486,2026-06-01 06:05:24.922353,0 days 00:00:21.114867,balanced,0.6682085664972794,0.015896440176519356,16,80,0.9499969717646293,2000,224,0.00016794385333746155,2.561029040301708e-07,0.7765119160163938,0.8628636592623128,0.820944310464974,0.7968888156638422,0.846526244267029,0.9420680487614873,COMPLETE
1299,0.8379601615571138,2026-06-01 06:05:24.933598,2026-06-01 06:06:09.939411,0 days 00:00:45.005813,balanced,0.6936238144662675,0.01667239691504687,16,10,0.032309409614926086,2000,224,5.789378528774413e-05,1.5062534344831666e-07,0.7620609322938957,0.8789175698260916,0.8379601615571138,0.8329539348077936,0.8430439952437574,0.9503342383489809,COMPLETE
1300,0.8389088825357103,2026-06-01 06:06:09.958955,2026-06-01 06:06:53.209551,0 days 00:00:43.250596,balanced,0.6760281166763586,0.01842931961935898,16,10,0.019582782014726616,2000,216,0.00013923246167976957,3.930204855771304e-07,0.7689856817454609,0.8796745286564914,0.8389088825357103,0.8342168068810318,0.8436668365324728,0.9506937010414177,COMPLETE
1301,0.8403951657296611,2026-06-01 06:06:53.220959,2026-06-01 06:07:36.537206,0 days 00:00:43.316247,balanced,0.6747289697431994,0.015603187896956458,16,10,0.00014177341370261357,2000,224,9.453305055879913e-05,6.874641350543897e-07,0.7884357231238959,0.880757410729688,0.8403951657296611,0.8354969242391316,0.8453654945926052,0.9514441281967426,COMPLETE
1302,0.8384894226630037,2026-06-01 06:07:36.548539,2026-06-01 06:08:21.128845,0 days 00:00:44.580306,balanced,0.6707276809631629,0.015423606616071202,16,20,0.00012887408121298367,2000,216,6.032901415404363e-05,6.378036056297053e-07,0.7950632177508408,0.8788334631051603,0.8384894226630037,0.8302066631072998,0.8469509087820621,0.95088666192434,COMPLETE
1303,0.8385476019174506,2026-06-01 06:08:21.139787,2026-06-01 06:09:04.308042,0 days 00:00:43.168255,balanced,0.6579051766426202,0.016750055414820404,16,10,0.0303447709080301,2000,216,0.0001919473251661773,3.4275168729954494e-07,0.7921410885464358,0.879180400593333,0.8385476019174506,0.8323170936112025,0.8448842081422342,0.9504673867485546,COMPLETE
1304,0.8339455998916323,2026-06-01 06:09:04.319512,2026-06-01 06:09:48.558230,0 days 00:00:44.238718,,0.6660181574327804,0.01562572722565349,16,10,0.06377480849113625,2000,224,8.697797226927859e-05,5.107079261990659e-07,0.7903700625894231,0.8807889322635497,0.8339455998916323,0.863840925345249,0.8060698714682069,0.9500010594045648,COMPLETE
1305,0.8367326042260673,2026-06-01 06:09:48.568988,2026-06-01 06:10:21.613825,0 days 00:00:33.044837,balanced,0.6773781135932577,0.015482993984228985,16,20,0.044323834807806606,1500,224,4.735478738579324e-05,1.059466941013058e-06,0.7855843891424448,0.8770041304848385,0.8367326042260673,0.8251020893259061,0.8487061887775323,0.9496007171303429,COMPLETE
1306,0.8388104786758891,2026-06-01 06:10:21.625045,2026-06-01 06:11:04.418621,0 days 00:00:42.793576,balanced,0.6907620330904786,0.01765036097598671,16,10,0.01799098586047474,2000,216,9.434020803834626e-05,3.6955723110807087e-07,0.8031476683895615,0.8796219713235018,0.8388104786758891,0.8342732193997889,0.8434120378234528,0.9509128829093555,COMPLETE
1307,0.8383822398831019,2026-06-01 06:11:04.429736,2026-06-01 06:11:48.687067,0 days 00:00:44.257331,balanced,0.6758922371956781,0.01636483939830258,16,10,0.01848806521880038,2000,224,0.00014682073122463166,4.548362176651844e-07,0.7834617111854231,0.8791698836885575,0.8383822398831019,0.8329289473121384,0.8439216352414926,0.950586843446001,COMPLETE
1308,0.8381574177084034,2026-06-01 06:11:48.697207,2026-06-01 06:12:33.347352,0 days 00:00:44.650145,balanced,0.6980563830624944,0.01512377115564549,16,10,0.03714368398618114,2000,224,0.00019166373847121092,2.5444566560637014e-07,0.8006260010417618,0.878801929633836,0.8381574177084034,0.8313577692220971,0.8450823849159165,0.9505060321620712,COMPLETE
1309,0.8364225676681629,2026-06-01 06:12:33.367602,2026-06-01 06:13:17.627067,0 days 00:00:44.259465,balanced,0.6630319260640445,0.016711760447865286,16,10,0.07927731808354643,2000,224,0.00012191278307509619,9.148235751883894e-07,0.7861624138929098,0.8776033960941132,0.8364225676681629,0.8302982738964159,0.8426476416963932,0.9497534741046593,COMPLETE
1310,0.8372934385872336,2026-06-01 06:13:17.639288,2026-06-01 06:14:05.253318,0 days 00:00:47.614030,balanced,0.6517885345858941,0.015397730475945332,16,20,0.018962104318600438,2000,224,7.258356209231127e-05,1.4893624856331237e-06,0.7817058750370086,0.8779082812166088,0.8372934385872336,0.8288356244930984,0.8459317139459827,0.9500559085758784,COMPLETE
1311,0.8402598763237212,2026-06-01 06:14:05.264802,2026-06-01 06:14:47.165247,0 days 00:00:41.900445,balanced,0.6842974403301395,0.015446263293090344,16,10,0.0007424588504877378,2000,216,0.00019184801099194376,2.1133356728539388e-07,0.7964674751796254,0.8804314947820074,0.8402598763237212,0.8338209432448539,0.8468093539437177,0.9514215956334313,COMPLETE
1312,0.8374053514825702,2026-06-01 06:14:47.176361,2026-06-01 06:15:35.514562,0 days 00:00:48.338201,balanced,0.6846212786923546,0.017412373105057336,16,10,0.049998666367947205,2000,224,9.969412717213308e-05,7.092785474729187e-07,0.7926047866421024,0.8784970299211081,0.8374053514825702,0.8323495052798006,0.8425343978257177,0.950201815848127,COMPLETE
1313,0.838980225283651,2026-06-01 06:15:35.535390,2026-06-01 06:16:19.977744,0 days 00:00:44.442354,balanced,0.6856170753073033,0.016188144055930213,16,20,0.0006839641886580662,2000,216,0.00018147311261043373,2.523554558649745e-07,0.7977218529117319,0.8793906710432191,0.838980225283651,0.8319597092082053,0.8461298907196647,0.9508179796519497,COMPLETE
1314,0.838233166940491,2026-06-01 06:16:19.988454,2026-06-01 06:17:01.603624,0 days 00:00:41.615170,balanced,0.6733575137927644,0.018871117827025198,16,10,0.03458843115709498,2000,208,4.682719455202384e-05,5.664723226854886e-07,0.7968226507204134,0.8791278366284195,0.838233166940491,0.8332384095897863,0.8432987939527772,0.9503392102787055,COMPLETE
1315,0.8395919273504099,2026-06-01 06:17:01.615270,2026-06-01 06:17:44.719611,0 days 00:00:43.104341,balanced,0.7020165015228588,0.01543554217611023,16,10,0.018978052292102022,2000,216,8.042162640523714e-05,2.408814194791613e-07,0.8115803679862926,0.8798322304991174,0.8395919273504099,0.832481707314772,0.8468376649113867,0.9509755336145777,COMPLETE
1316,0.8387092939135355,2026-06-01 06:17:44.740413,2026-06-01 06:18:27.079036,0 days 00:00:42.338623,balanced,0.6916572798729396,0.016586880933203322,16,10,0.018347716010897158,2000,216,0.0001970074943063958,2.0103103374812545e-07,0.7888152687307709,0.87941168396221,0.8387092939135355,0.8332146063648315,0.8442896778211879,0.9507031743852822,COMPLETE
1317,0.8363136701323567,2026-06-01 06:18:27.090312,2026-06-01 06:19:11.211094,0 days 00:00:44.120782,balanced,0.6647572112019261,0.015264378201372969,16,20,0.0651689432289201,2000,208,0.00011998942993894288,3.371158691909374e-07,0.7934459687910724,0.8768884873082171,0.8363136701323567,0.8260019953809561,0.8468942868467244,0.9494255146778082,COMPLETE
1318,0.8380196503947018,2026-06-01 06:19:11.222330,2026-06-01 06:19:54.194724,0 days 00:00:42.972394,balanced,0.6813501861987702,0.01610802661607121,16,10,0.03472082480074713,2000,216,0.00015586047182976142,1.0355738788729134e-07,0.806505122856409,0.8787493587054026,0.8380196503947018,0.8315516130887198,0.8446010984655455,0.9506130580280217,COMPLETE
1319,0.8342024353317061,2026-06-01 06:19:54.206041,2026-06-01 06:20:35.929129,0 days 00:00:41.723088,balanced,0.6763545833488842,0.016983636806399888,16,10,0.21503966187689905,2000,224,0.0002269458551298712,1.392514488226122e-07,0.7825837763302282,0.8755848394341115,0.8342024353317061,0.8257693464675976,0.8428175075024065,0.9483064427871057,COMPLETE
1320,0.8400423982996511,2026-06-01 06:20:35.940318,2026-06-01 06:21:17.940286,0 days 00:00:41.999968,balanced,0.6984830427251787,0.015402813958104123,16,10,0.0007290458987231079,2000,216,7.524903208120679e-05,4.387982826835178e-07,0.7876720605591936,0.8803053393429572,0.8400423982996511,0.833865698526008,0.846328067493347,0.9513953377928542,COMPLETE
1321,0.8377987851455567,2026-06-01 06:21:17.951560,2026-06-01 06:22:01.989325,0 days 00:00:44.037765,balanced,0.7015117164885437,0.017447794099877168,16,20,0.01841684537853325,2000,208,4.930178368855438e-05,5.858729025377194e-07,0.8021938865595734,0.8784549884981053,0.8377987851455567,0.8304614572172601,0.8452805616895985,0.9502119887710722,COMPLETE
1322,0.8399566672256462,2026-06-01 06:22:02.000517,2026-06-01 06:22:42.939566,0 days 00:00:40.939049,balanced,0.696591016229372,0.01567890218899109,16,10,0.0001123394449926282,2000,208,6.18700352596692e-05,8.059293911824295e-07,0.7908463308836698,0.8802422531677293,0.8399566672256462,0.8337800769413678,0.8462431345903404,0.9514454658335447,COMPLETE
1323,0.8388277927964971,2026-06-01 06:22:42.950316,2026-06-01 06:23:25.788596,0 days 00:00:42.838280,balanced,0.6955581598484019,0.01595520738606385,16,10,0.043811773648870275,2000,216,4.553559547248757e-05,1.5417808565299576e-06,0.8102630475720075,0.8792645079774566,0.8388277927964971,0.8317536971066121,0.8460449578166581,0.9503636502694027,COMPLETE
1324,0.8381863984812012,2026-06-01 06:23:25.799873,2026-06-01 06:24:13.112999,0 days 00:00:47.313126,balanced,0.6966443949070605,0.01889493342290251,16,20,0.0005588482641674518,2000,224,4.477371422208335e-05,1.0535099896499388e-06,0.7999124104150072,0.8791068150879277,0.8381863984812012,0.8333188851529189,0.8431289281467641,0.9506673635747435,COMPLETE
1325,0.8261202607243242,2026-06-01 06:24:13.132341,2026-06-01 06:24:26.259346,0 days 00:00:13.127005,,0.7131953801112457,0.01774776121890174,16,10,0.019137034289633068,600,208,7.919359606037169e-05,1.0797111000831158e-06,0.7900208263357227,0.8759527828777548,0.8261202607243242,0.8615229901664593,0.7935281127908952,0.9480546439573381,COMPLETE
1326,0.8382249042065556,2026-06-01 06:24:26.269777,2026-06-01 06:25:09.300555,0 days 00:00:43.030778,balanced,0.6895842100285416,0.015847301288458536,16,10,0.03350098292684011,2000,216,3.364857125731089e-05,7.112975975443017e-07,0.7967593587681193,0.8789280847412898,0.8382249042065556,0.8319277011884362,0.8446294094332144,0.9505713697772196,COMPLETE
1327,0.8387943358690761,2026-06-01 06:25:09.312135,2026-06-01 06:25:50.621123,0 days 00:00:41.308988,balanced,0.7051929630340741,0.01641124748225982,16,10,0.01862184601553072,2000,208,7.020702631987368e-05,6.95497940836635e-07,0.7908372072150196,0.8793591289503938,0.8387943358690761,0.8325344016476536,0.8451673178189231,0.9508597660758555,COMPLETE
1328,0.8362020719525601,2026-06-01 06:25:50.632414,2026-06-01 06:26:33.933791,0 days 00:00:43.301377,balanced,0.70851776283388,0.015265250029735123,16,20,0.056594498320943036,2000,208,6.122005553157371e-05,8.040265511046778e-07,0.7885010064817285,0.876930546305818,0.8362020719525601,0.8267031491762346,0.8459317139459827,0.9496235993464374,COMPLETE
1329,0.8400844309926726,2026-06-01 06:26:33.945209,2026-06-01 06:27:15.792217,0 days 00:00:41.847008,balanced,0.6839966909782049,0.015214705610718119,16,10,6.544968305599141e-05,2000,216,6.07983349243413e-05,4.983306091382404e-07,0.8008331188834646,0.8802317432264738,0.8400844309926726,0.8331738490975225,0.8471207745880753,0.9514944994083562,COMPLETE
1330,0.8317734737647554,2026-06-01 06:27:15.802473,2026-06-01 06:28:05.576880,0 days 00:00:49.774407,balanced,0.6905784018322512,0.01650115556450899,16,100,0.03182930122908266,2000,216,3.1120416853670404e-05,5.433826770921163e-07,0.7932413823536073,0.8725464596852531,0.8317734737647554,0.8157226943491432,0.8484797010361814,0.9477649692783231,COMPLETE
1331,0.8355600619043383,2026-06-01 06:28:05.588627,2026-06-01 06:28:46.568097,0 days 00:00:40.979470,balanced,0.6834587186686225,0.015259727684337665,16,10,0.13147299014869337,2000,208,5.1383524871715046e-05,1.123683398606587e-06,0.8153441677547244,0.8764679570195231,0.8355600619043383,0.826233905968504,0.8451106958835853,0.949263926519419,COMPLETE
1332,0.8326773711608584,2026-06-01 06:28:46.579210,2026-06-01 06:29:35.096044,0 days 00:00:48.516834,balanced,0.6931493272747329,0.017199432987256926,16,120,0.00072605720475533,2000,216,3.510940314697815e-05,2.0266444331326317e-06,0.8028520986490536,0.8730826407772808,0.8326773711608584,0.8156912082876708,0.8504048468376649,0.9482726103864202,COMPLETE
1333,0.8380230692862894,2026-06-01 06:29:35.106636,2026-06-01 06:30:20.783304,0 days 00:00:45.676668,balanced,0.7009051109489658,0.015986491499550594,16,20,0.018920607031295073,2000,216,6.26116701099851e-05,9.260849390944927e-07,0.8069865955696859,0.8785180640622551,0.8380230692862894,0.8299953053332892,0.8462148236226715,0.9502266080716764,COMPLETE
1334,0.8350679233178032,2026-06-01 06:30:20.794915,2026-06-01 06:31:00.624747,0 days 00:00:39.829832,balanced,0.6841072804406526,0.017838614694657792,16,10,0.1662576987305719,2000,208,3.888823627168827e-05,1.6194621215925201e-06,0.8002344729026696,0.8764048708442953,0.8350679233178032,0.8277464969045208,0.8425343978257177,0.9487877773138861,COMPLETE
1335,0.8378880199184157,2026-06-01 06:31:00.635764,2026-06-01 06:31:43.960545,0 days 00:00:43.324781,balanced,0.6764885805580169,0.015128373653319965,16,10,0.051123195178976975,2000,216,6.612764834723893e-05,4.964800473713365e-07,0.7942672729543124,0.8784970358898395,0.8378880199184157,0.8303956473637859,0.8455353603986184,0.9502970429294776,COMPLETE
1336,0.8395109024099003,2026-06-01 06:31:43.971755,2026-06-01 06:32:24.612589,0 days 00:00:40.640834,balanced,0.6715904936237548,0.016749603067979707,16,10,0.00016841429028492086,2000,208,8.970813128016991e-05,7.503417486159072e-07,0.8030502442774736,0.8799373577657518,0.8395109024099003,0.8335345843742754,0.8455919823339562,0.9513872430667272,COMPLETE
1337,0.8371717186907173,2026-06-01 06:32:24.623766,2026-06-01 06:33:08.798653,0 days 00:00:44.174887,balanced,0.7004052037379938,0.015604828574517133,16,20,0.034380794397200785,2000,208,4.444490339649838e-05,6.043670303954495e-07,0.7999262973333495,0.8777610962787583,0.8371717186907173,0.8283563188863982,0.8461865126550027,0.9499008470273584,COMPLETE
1338,0.8298818733418393,2026-06-01 06:33:08.810088,2026-06-01 06:33:36.599741,0 days 00:00:27.789653,balanced,0.6891770982931205,0.015017229332339385,16,10,0.5334679382934846,2000,216,8.318550812030772e-05,3.8360063456748877e-07,0.8114214967442118,0.8708643305721683,0.8298818733418393,0.8123769860945759,0.8481682803918238,0.9466154414910383,COMPLETE
1339,0.8360993252063055,2026-06-01 06:33:36.610175,2026-06-01 06:34:01.269724,0 days 00:00:24.659549,balanced,0.7087077832709514,0.018527906349015775,16,10,0.07660797924165828,1200,216,6.341444466201766e-05,4.563246285394557e-07,0.7949779437801824,0.8765625783240564,0.8360993252063055,0.8247295723477194,0.8478002378121284,0.9495478899871833,COMPLETE
1340,0.8348884898997923,2026-06-01 06:34:01.281124,2026-06-01 06:34:52.692785,0 days 00:00:51.411661,balanced,0.6838524081175841,0.016246918365127226,16,70,7.482370425802951e-05,2000,216,0.0001041744126796385,7.003329315291906e-07,0.7885354720677166,0.8753850752779226,0.8348884898997923,0.8218295996077462,0.8483947681331747,0.9492733400495701,COMPLETE
1341,0.8403577370015004,2026-06-01 06:34:52.703035,2026-06-01 06:35:33.886333,0 days 00:00:41.183298,balanced,0.6677380418997048,0.01744145494109,16,10,9.505146951299722e-05,2000,216,4.9839058279157564e-05,1.3203887740573344e-06,0.8200935886094504,0.8807469001252403,0.8403577370015004,0.835589372476924,0.8451956287865919,0.9515788424588263,COMPLETE
1342,0.8379939337701815,2026-06-01 06:35:33.897822,2026-06-01 06:36:16.277613,0 days 00:00:42.379791,balanced,0.6654795256598659,0.0173792415807475,16,10,0.021791196925305765,2000,216,2.990074399058967e-05,1.2325148836392246e-06,0.8228277041927422,0.8788649892813686,0.8379939337701815,0.832432675449761,0.8436385255648037,0.9507753079984541,COMPLETE
1343,0.8242740079781824,2026-06-01 06:36:16.288721,2026-06-01 06:36:35.699336,0 days 00:00:19.410615,balanced,0.6593013057590382,0.01801808872633944,16,20,0.9170995667406172,2000,208,2.3823061999948712e-05,7.95106629866948e-07,0.8171858149756255,0.8658284246568971,0.8242740079781824,0.8024417852829523,0.8473472623294264,0.9439802900570803,COMPLETE
1344,0.8341665417327828,2026-06-01 06:36:35.710466,2026-06-01 06:37:17.141561,0 days 00:00:41.431095,,0.6717941876801206,0.017022347378980306,16,10,0.04655110975734182,2000,208,4.0005606314364805e-05,2.4630293804310134e-06,0.8073851266267635,0.8808835479309477,0.8341665417327828,0.8635542510941067,0.8067210237245911,0.9503386178700451,COMPLETE
1345,0.8388938821538954,2026-06-01 06:37:17.152934,2026-06-01 06:37:59.422598,0 days 00:00:42.269664,balanced,0.662440334372782,0.016289802146365443,16,10,0.0204879892167395,2000,216,6.454253202210121e-05,1.2600272153601596e-06,0.8395473835531797,0.879348611714022,0.8388938821538954,0.8320400386176221,0.8458750920106449,0.950843276540224,COMPLETE
1346,0.8369214980396465,2026-06-01 06:37:59.433551,2026-06-01 06:38:44.972408,0 days 00:00:45.538857,balanced,0.6704751304094063,0.018850356629161735,16,20,0.0171254856717894,2000,216,5.395809119396372e-05,9.437771285102746e-07,0.7966894288530757,0.8780659890279662,0.8369214980396465,0.8313974326279592,0.8425343978257177,0.9499696283325191,COMPLETE
1347,0.8379839992040247,2026-06-01 06:38:44.982741,2026-06-01 06:39:27.550195,0 days 00:00:42.567454,balanced,0.6761505567293032,0.017097096614254337,16,10,0.03502000502075782,2000,216,2.835084265613113e-05,5.557417474853024e-07,0.820571403094472,0.8787808948294966,0.8379839992040247,0.8319205170215499,0.8441481229828436,0.950525267604292,COMPLETE
1348,0.8294984459441889,2026-06-01 06:39:27.561532,2026-06-01 06:40:08.423709,0 days 00:00:40.862177,balanced,0.6810179865441701,0.015621483105160922,16,170,0.018960262748076544,2000,208,4.117574927698681e-05,3.752152630959836e-07,0.8235887416914864,0.8699601758612437,0.8294984459441889,0.808329997345997,0.8518203952211086,0.9469785971035526,COMPLETE
