number,value,datetime_start,datetime_complete,duration,params_class_weight,params_colsample_bytree,params_learning_rate,params_max_depth,params_min_child_samples,params_min_split_gain,params_n_estimators,params_num_leaves,params_reg_alpha,params_reg_lambda,params_subsample,user_attrs_accuracy,user_attrs_f1,user_attrs_precision,user_attrs_recall,user_attrs_roc_auc,state
2569,0.8401128222687425,2026-06-01 18:14:52.150459,2026-06-01 18:15:31.934188,0 days 00:00:39.783729,balanced,0.6623485134650704,0.019408705347316316,12,10,0.0002813497446631524,1700,208,1.0869505604947904e-05,1.0341760300565556e-06,0.8749560875173598,0.8799478753337197,0.8401128222687425,0.8311418489074844,0.8493007190985788,0.9511234059911234,COMPLETE
2570,0.8384058038064334,2026-06-01 18:15:31.947467,2026-06-01 18:16:07.803287,0 days 00:00:35.855820,balanced,0.6764178234543602,0.020463545720737206,16,10,0.019679411971499364,1600,232,6.793988963336003e-06,1.3868717333882035e-07,0.8532076628632909,0.879232979480075,0.8384058038064334,0.8332451934788748,0.8436385255648039,0.950705297388741,COMPLETE
2571,0.8342525161606732,2026-06-01 18:16:07.815527,2026-06-01 18:16:55.525513,0 days 00:00:47.709986,balanced,0.6668912164004718,0.02489038012950859,16,30,0.03208924014411099,1900,224,4.283066131004205e-06,4.360681939976316e-06,0.8446802340420703,0.8762681915369496,0.8342525161606732,0.8300412424191369,0.8385142404167375,0.9490069263634818,COMPLETE
2572,0.8102214798196249,2026-06-01 18:16:55.537745,2026-06-01 18:17:06.638106,0 days 00:00:11.100361,balanced,0.6565044373704695,0.022500681576355937,4,20,0.01924428725852378,1700,240,3.799117800316617e-05,3.9677723677746133e-07,0.8658532207107316,0.852623633658312,0.8102214798196249,0.776395911231869,0.8471490855557443,0.9364385150714641,COMPLETE
2573,0.8194283101671869,2026-06-01 18:17:06.651209,2026-06-01 18:17:23.249096,0 days 00:00:16.597887,balanced,0.6866014761544886,0.016216263656718247,6,10,0.04259141853919686,1800,224,1.7992352854236457e-05,5.969532519849465e-07,0.839379067362331,0.8606348301628476,0.8194283101671869,0.7896931493877987,0.8515089745767511,0.9423480958363615,COMPLETE
2574,0.837314591490685,2026-06-01 18:17:23.262133,2026-06-01 18:18:01.311842,0 days 00:00:38.049709,balanced,0.6728423399944802,0.017291537597646543,16,10,0.07271838483242515,1700,232,2.4903229848558193e-06,1.9795126168703058e-07,0.8781777820432365,0.8781185463609558,0.837314591490685,0.8301653989807658,0.8446010984655455,0.9498826987001298,COMPLETE
2575,0.8345019446803018,2026-06-01 18:18:01.324182,2026-06-01 18:18:35.200126,0 days 00:00:33.875944,,0.6614180313016327,0.018933689957123828,16,10,0.020885030449605022,1600,216,5.696258890716615e-05,1.4030614394496146e-06,0.8604664959606508,0.8811148521903847,0.8345019446803018,0.8638223639985374,0.8071173772719552,0.9507038238977427,COMPLETE
2576,0.8203382461992218,2026-06-01 18:18:35.213508,2026-06-01 18:18:50.788808,0 days 00:00:15.575300,balanced,0.6559617403538067,0.026185248695749768,8,20,0.6723620419963375,1800,208,1.1733046021350768e-05,2.5894514249058894e-06,0.8952644977014558,0.8619490052212108,0.8203382461992218,0.7938460302655974,0.8486778778098637,0.9421485066497381,COMPLETE
2577,0.8403262248409007,2026-06-01 18:18:50.800973,2026-06-01 18:19:22.478504,0 days 00:00:31.677531,balanced,0.6797421075359907,0.021008973427042787,16,10,1.2675275420910277e-05,1500,224,2.743216168967544e-05,1.119116747725988e-07,0.8722227563256798,0.8806522751731488,0.8403262248409007,0.835054692550348,0.8456769152369628,0.9516642596548884,COMPLETE
2578,0.8399904874644858,2026-06-01 18:19:22.492060,2026-06-01 18:20:00.425591,0 days 00:00:37.933531,balanced,0.666807225724832,0.017932905532174383,16,10,0.0003062171098278814,1700,232,6.91153553066688e-06,2.517277142683407e-07,0.8835713700663079,0.880284304870214,0.8399904874644858,0.8339050244089248,0.8461865126550027,0.9517741358113257,COMPLETE
2579,0.8364004885006295,2026-06-01 18:20:00.438874,2026-06-01 18:20:47.764209,0 days 00:00:47.325335,balanced,0.6736600470093523,0.01979121851989828,16,20,0.036314494656572126,1900,240,1.1532738226801663e-06,7.573005570006524e-07,0.8675137748682267,0.8777190442446775,0.8364004885006295,0.8311675342705334,0.8417133797633203,0.9499127401709013,COMPLETE
2580,0.8366679304169459,2026-06-01 18:20:47.777299,2026-06-01 18:21:20.720019,0 days 00:00:32.942720,balanced,0.6503059813220131,0.021708266819154252,16,10,0.05735494986706408,1600,216,1.6079889143883557e-05,3.804328134969583e-07,0.9146633736675908,0.8776349378553424,0.8366679304169459,0.8295192346293495,0.8439499462091614,0.9499809468515904,COMPLETE
2581,0.8384674962106761,2026-06-01 18:21:20.732049,2026-06-01 18:22:02.641451,0 days 00:00:41.909402,balanced,0.6930470850708271,0.023587755865582052,16,10,0.018418784979202234,1900,224,4.01306175092384e-05,1.4219901148448008e-07,0.8590859722720801,0.8800214724449916,0.8384674962106761,0.8384311581051372,0.8385142404167375,0.9507692481175883,COMPLETE
2582,0.8381038662941452,2026-06-01 18:22:02.654651,2026-06-01 18:22:41.092379,0 days 00:00:38.437728,balanced,0.6618184512360555,0.01615957232213404,16,10,0.03286667347426751,1700,232,4.8963572507290675e-06,8.988633019813249e-07,0.8863390615087127,0.8785390899134974,0.8381038662941452,0.8298048188081859,0.8465828662023668,0.9505190787983016,COMPLETE
2583,0.8390842609880235,2026-06-01 18:22:41.105254,2026-06-01 18:23:23.214592,0 days 00:00:42.109338,balanced,0.6689279148975228,0.020511409640930987,16,10,0.01801742936864701,1800,240,1.0002897327237795e-05,8.827706805004694e-05,0.875425100935242,0.8800214750977612,0.8390842609880235,0.8358722927216071,0.8423362210520354,0.9508928023071466,COMPLETE
2584,0.8341494172751608,2026-06-01 18:23:23.228125,2026-06-01 18:24:00.929910,0 days 00:00:37.701785,balanced,0.6559994578334105,0.036176313164547974,16,20,0.04748321715024734,1700,224,2.234260510740621e-05,5.121206033865441e-07,0.8506136605919735,0.876814893181311,0.8341494172751608,0.8341208326065197,0.8341826623633996,0.948485866358984,COMPLETE
2585,0.8380932599240207,2026-06-01 18:24:00.942825,2026-06-01 18:24:33.267068,0 days 00:00:32.324243,balanced,0.6805606905858802,0.022500752770124786,16,10,0.017785896174287864,1600,208,9.225314154735204e-05,1.6389936544168924e-06,0.9253094100539112,0.8788755167972223,0.8380932599240207,0.8320866368914479,0.8442047449181813,0.9508511649844129,COMPLETE
2586,0.8383973782419236,2026-06-01 18:24:33.280277,2026-06-01 18:25:09.400397,0 days 00:00:36.120120,balanced,0.6647225239006364,0.01912152208056413,16,10,0.01930675959396411,1700,216,3.4874433642648854e-06,2.4759826530386055e-07,0.8665826601658968,0.8791383482276561,0.8383973782419236,0.8326633504803089,0.8442330558858502,0.9507988270140911,COMPLETE
2587,0.83968788625888,2026-06-01 18:25:09.413725,2026-06-01 18:25:52.993351,0 days 00:00:43.579626,balanced,0.6729771499344928,0.018121573428383372,16,20,9.292282653945174e-05,1800,240,7.492313481467739e-06,2.5712128533723506e-06,0.9025150257105126,0.8800319893497669,0.83968788625888,0.8334414100315617,0.8460449578166581,0.951270811922727,COMPLETE
2588,0.8359180986232505,2026-06-01 18:25:53.005865,2026-06-01 18:26:34.072754,0 days 00:00:41.066889,balanced,0.6616537185035167,0.02134538272982153,16,10,0.07871811757384445,1900,224,1.263810182190573e-05,1.5906167967538622e-07,0.8793508203394793,0.8775087734631951,0.8359180986232505,0.8316866455716343,0.84021289847687,0.9494526396117385,COMPLETE
2589,0.8376590083706749,2026-06-01 18:26:34.086030,2026-06-01 18:27:11.262236,0 days 00:00:37.176206,balanced,0.6500757419673362,0.01985508631335492,16,10,0.04837153159019047,1700,224,2.956454449539491e-05,3.968091961429365e-07,0.8604371893877872,0.8785390895819013,0.8376590083706749,0.8316134770917096,0.8438083913708171,0.9501512911177823,COMPLETE
2590,0.836657097821631,2026-06-01 18:27:11.275680,2026-06-01 18:27:42.687161,0 days 00:00:31.411481,balanced,0.6673246758136372,0.02374447254079359,10,20,0.01790962017074899,1700,232,6.127267203277286e-05,1.0834662767110614e-06,0.8926510657331269,0.8768464369321173,0.836657097821631,0.8243961492096957,0.8493007190985788,0.9496330942672007,COMPLETE
2591,0.8388669264817187,2026-06-01 18:27:42.700437,2026-06-01 18:28:16.722806,0 days 00:00:34.022369,balanced,0.6781062293345599,0.020884360705700163,16,10,0.017874993287177933,1600,216,1.5773962502064246e-05,6.541757289111868e-07,0.8696730610689909,0.8794537509181194,0.8388669264817187,0.8328660309767587,0.844969141045241,0.9508412373144614,COMPLETE
2592,0.8221971138393721,2026-06-01 18:28:16.773383,2026-06-01 18:28:39.813821,0 days 00:00:23.040438,,0.656644366426392,0.017051079277050345,16,10,0.605142260809178,1800,232,6.607652218943777e-06,2.628546929771737e-07,0.8378917313448044,0.8732298290310933,0.8221971138393721,0.8579868143639984,0.789281467640564,0.9458025317338379,COMPLETE
2593,0.832414078018636,2026-06-01 18:28:39.826185,2026-06-01 18:29:08.430986,0 days 00:00:28.604801,balanced,0.6861324230087784,0.02228347340861265,16,10,0.33472526734532426,1900,240,3.882618605217685e-05,1.7231472260659547e-06,0.8518551853051315,0.8735136869759618,0.832414078018636,0.8193649689926246,0.8459034029783137,0.9474903358352451,COMPLETE
2594,0.8369885377860218,2026-06-01 18:29:08.444114,2026-06-01 18:29:49.243465,0 days 00:00:40.799351,balanced,0.6607596296258367,0.019226509993275062,16,20,0.03207844227802968,1800,216,2.019558583247397e-05,1.2855336037356181e-07,0.8750938620806946,0.8777821217984044,0.8369885377860218,0.8292232905447882,0.8449125191099033,0.9500729012164632,COMPLETE
2595,0.8373350597939613,2026-06-01 18:29:49.255600,2026-06-01 18:30:27.403341,0 days 00:00:38.147741,balanced,0.671432401248972,0.018073315395497298,16,10,0.03367088546239649,1600,232,4.254505944165868e-06,4.011673247005827e-06,0.6716566825616408,0.8782026613717918,0.8373350597939613,0.8306376808706076,0.8441481229828436,0.9499855332719593,COMPLETE
2596,0.8322557576116267,2026-06-01 18:30:27.416605,2026-06-01 18:31:08.771867,0 days 00:00:41.355262,balanced,0.6556760427635233,0.028290251329927855,16,60,0.05680309613444155,1700,224,9.324775509524044e-06,5.261330706537937e-07,0.8616484843323611,0.8741129502640632,0.8322557576116267,0.8237512376408901,0.8409489836362606,0.9475760493506944,COMPLETE
2597,0.8324817093506424,2026-06-01 18:31:08.784898,2026-06-01 18:31:34.758915,0 days 00:00:25.974017,balanced,0.6967452862238771,0.019968462904138763,12,10,0.2945482159975343,1600,208,2.262505029385962e-06,1.0083658059343338e-06,0.8866989928225305,0.8730195768189978,0.8324817093506424,0.8160370965517972,0.8496121397429364,0.9474476501872061,COMPLETE
2598,0.8382407829818875,2026-06-01 18:31:34.772089,2026-06-01 18:32:14.718506,0 days 00:00:39.946417,balanced,0.6649799412842672,0.021737060698737005,16,20,0.017706916467766193,1700,232,2.641619942547399e-05,1.8506034206735102e-07,0.8705422736679906,0.8791173203868365,0.8382407829818875,0.8331453865541384,0.8434120378234528,0.9502339825153161,COMPLETE
2599,0.825052967777518,2026-06-01 18:32:14.741156,2026-06-01 18:32:31.409165,0 days 00:00:16.668009,balanced,0.6763675141961438,0.024645223243017503,6,10,0.03553545701791671,1800,224,1.383678357413607e-05,9.973567889105757e-08,0.8809311076581494,0.8653868711697302,0.825052967777518,0.7973536625824931,0.8547647358586716,0.9448237218908698,COMPLETE
2600,0.8070938227292471,2026-06-01 18:32:31.430988,2026-06-01 18:32:43.700885,0 days 00:00:12.269897,balanced,0.6675086581779607,0.01595080900027362,4,10,0.01788236209379712,1900,224,5.5933389876647224e-05,3.0623715990511515e-07,0.844214548862089,0.8501529833946343,0.8070938227292471,0.7732026186496669,0.8441198120151747,0.9347529638882225,COMPLETE
2601,0.8390677522307782,2026-06-01 18:32:43.714687,2026-06-01 18:33:21.611252,0 days 00:00:37.896565,balanced,0.6616648818286341,0.01894635261840471,16,20,0.0005245164243347156,1700,216,5.892569618866549e-06,4.578038088317011e-07,0.8558131025383251,0.8794537439545994,0.8390677522307782,0.8320522163281536,0.8462148236226713,0.9510020922389218,COMPLETE
2602,0.836206772945879,2026-06-01 18:33:21.633633,2026-06-01 18:33:53.961229,0 days 00:00:32.327596,balanced,0.9547202975239237,0.020635606876918035,16,10,0.09793510886567754,1500,240,9.988338307297371e-06,1.3010773897752846e-06,0.9086098608076898,0.8777190439130812,0.836206772945879,0.8319503813624456,0.8405243191212275,0.9495038987256548,COMPLETE
2603,0.8396257014560878,2026-06-01 18:33:53.974333,2026-06-01 18:34:33.473040,0 days 00:00:39.498707,balanced,0.6844044129836535,0.02301876010834743,16,10,0.0003389361353237296,1800,232,9.003671148694858e-05,7.521804801130668e-07,0.8712160017563833,0.880767916360193,0.8396257014560878,0.8387718456100585,0.8404960081535586,0.9515011735752331,COMPLETE
2604,0.8375878749201052,2026-06-01 18:34:33.486233,2026-06-01 18:35:10.212099,0 days 00:00:36.725866,balanced,0.6503119144195267,0.017648505863130104,16,10,0.04931012829022411,1700,216,1.9706842249737382e-05,1.935976616186383e-07,0.8639129810156335,0.8781605977318442,0.8375878749201052,0.829331571793961,0.8460166468489893,0.9502054420043967,COMPLETE
2605,0.838369399118612,2026-06-01 18:35:10.224837,2026-06-01 18:35:44.744781,0 days 00:00:34.519944,balanced,0.6728671484293044,0.020057628923734735,16,10,0.017701175551211052,1600,224,4.065847060416891e-05,2.802444612432248e-06,0.8799566312372588,0.8790332093551548,0.838369399118612,0.8320532834370592,0.8447992752392276,0.9509247341872827,COMPLETE
2606,0.8363738223818186,2026-06-01 18:35:44.757758,2026-06-01 18:36:21.453040,0 days 00:00:36.695282,balanced,0.6560504043052346,0.0213831130426173,16,20,0.034565821573164554,1600,232,4.412944360645154e-06,1.0792531041130325e-07,0.8978415594796822,0.8774246684002449,0.8363738223818186,0.8292972413219905,0.8435819036294662,0.9499796287565081,COMPLETE
2607,0.8311860114868224,2026-06-01 18:36:21.475550,2026-06-01 18:36:44.198581,0 days 00:00:22.723031,balanced,0.6667712374912304,0.018807552262052565,8,10,0.06074806758008076,1700,208,2.790188805080487e-06,3.298084966928697e-07,0.8890658888722303,0.8711797342574203,0.8311860114868224,0.8096053004568254,0.8539720287639431,0.9473355312555721,COMPLETE
2608,0.8367174210139758,2026-06-01 18:36:44.211819,2026-06-01 18:37:29.422597,0 days 00:00:45.210778,balanced,0.67912310126194,0.02255980734370985,16,20,0.03453587723293457,1900,224,2.8818014907938793e-05,2.082194677112384e-06,0.8493389564706249,0.8781816305466066,0.8367174210139758,0.8329793697205675,0.8404960081535586,0.9497224476561007,COMPLETE
2609,0.8388491513843275,2026-06-01 18:37:29.435422,2026-06-01 18:38:11.661898,0 days 00:00:42.226476,balanced,0.6594653760396407,0.020556085348446725,16,10,0.018610744400430895,1800,240,1.2279309068144315e-05,5.731758294937884e-07,0.8658269838774177,0.8797796678605886,0.8388491513843275,0.8351851439625335,0.8425627087933866,0.9507935166255644,COMPLETE
2610,0.8351970532987142,2026-06-01 18:38:11.684357,2026-06-01 18:38:36.192869,0 days 00:00:24.508512,balanced,0.6715606706258307,0.016841259557490745,16,10,0.017793932001324255,1700,112,7.107505437911548e-06,1.5530091309138384e-07,0.875642153571795,0.8748173540826466,0.8351970532987142,0.8170619055419867,0.8541702055376253,0.9496231828000017,COMPLETE
2611,0.8406036551629598,2026-06-01 18:38:36.206230,2026-06-01 18:39:10.159168,0 days 00:00:33.952938,balanced,0.6903515132558768,0.019337691177289094,16,10,0.0001497867460894177,1800,184,1.7336379991140155e-05,2.241246785108835e-07,0.8572163799698405,0.8804630358800442,0.8406036551629598,0.8326172544277636,0.8487628107128703,0.9514931557719173,COMPLETE
2612,0.8332299580495787,2026-06-01 18:39:10.181724,2026-06-01 18:39:50.473487,0 days 00:00:40.291763,,0.6618839689439354,0.018295368912702035,16,20,0.04630937583309449,1700,232,5.3432945022607504e-05,1.0108353736000024e-06,0.8346996318702158,0.8800845427036023,0.8332299580495787,0.8616214844708031,0.8066644017892531,0.9497528991732503,COMPLETE
2613,0.8388373736602662,2026-06-01 18:39:50.486638,2026-06-01 18:40:24.233333,0 days 00:00:33.746695,balanced,0.6502388595100598,0.021600183871037494,16,10,0.01829023995910468,1600,216,8.679117871936988e-06,4.442502942746296e-07,0.8841436067135778,0.8794432326869591,0.8388373736602662,0.8329190651912993,0.8448558971745653,0.9508172995916416,COMPLETE
2614,0.8306786830438614,2026-06-01 18:40:24.246524,2026-06-01 18:41:10.301050,0 days 00:00:46.054526,balanced,0.6764761282138035,0.023417070513310705,16,110,0.07199272667726327,1900,224,2.8077126644881735e-05,1.5149880702655084e-06,0.8710432075395131,0.8719682298751064,0.8306786830438614,0.8161848083496016,0.8457052262046316,0.9468871667055326,COMPLETE
2615,0.8367068254475218,2026-06-01 18:41:10.313959,2026-06-01 18:41:30.923870,0 days 00:00:20.609911,balanced,0.6682951727778668,0.017089273739269526,16,10,0.0006962749284796146,1100,168,1.6694311153670441e-06,2.840729775347519e-07,0.8626715267497445,0.8761525457075588,0.8367068254475218,0.8197258580198886,0.8544250042466451,0.9501019417866231,COMPLETE
2616,0.8361248357447889,2026-06-01 18:41:30.936821,2026-06-01 18:42:04.311157,0 days 00:00:33.374336,balanced,0.6572796476907872,0.020173583058713335,10,10,0.033004426873910406,1700,240,1.4571950404469158e-05,1.4214751087811628e-07,0.8432055841386702,0.8764574523838067,0.8361248357447889,0.8239288896870468,0.8487061887775323,0.9494770241821939,COMPLETE
2617,0.8388341029486271,2026-06-01 18:42:04.324579,2026-06-01 18:42:44.029869,0 days 00:00:39.705290,balanced,0.6649309719770993,0.021960095307012706,16,20,0.00019073765811612926,1800,216,4.104917017208991e-06,7.978589900403554e-07,0.8766537522800251,0.8795799179630363,0.8388341029486271,0.8338784474756405,0.8438650133061548,0.950922514873652,COMPLETE
2618,0.8384325761747865,2026-06-01 18:42:44.042396,2026-06-01 18:43:19.202004,0 days 00:00:35.159608,balanced,0.6832403805134185,0.026240079782648976,16,10,0.01906071259765693,1600,232,2.0706731361463183e-05,3.6702590058433044e-06,0.8528326414017304,0.8798637686127885,0.8384325761747865,0.837481454567223,0.8393918804144725,0.9506884119086708,COMPLETE
2619,0.8382410486594555,2026-06-01 18:43:19.214955,2026-06-01 18:43:54.363869,0 days 00:00:35.148914,balanced,0.656711443110868,0.02095164589057183,16,10,0.04575028928263501,1700,208,7.031864336626109e-05,9.225574274066866e-08,0.8679426553336166,0.8788124375855144,0.8382410486594555,0.8310887901009086,0.8455353603986184,0.9501957837947194,COMPLETE
2620,0.8384126682760469,2026-06-01 18:43:54.376040,2026-06-01 18:44:37.116398,0 days 00:00:42.740358,balanced,0.6736566818051654,0.016061638645006412,16,20,0.01626047169995339,1800,224,6.277557136592132e-06,4.0293096266426623e-07,0.862627472829437,0.878644226133229,0.8384126682760469,0.8292453839256465,0.8478002378121285,0.9505584762669091,COMPLETE
2621,0.8290739248299345,2026-06-01 18:44:37.129460,2026-06-01 18:45:16.564994,0 days 00:00:39.435534,balanced,0.6630548584853746,0.01861728088715663,16,180,0.034508235990191496,1900,232,3.966254959599383e-05,2.3807500139432237e-07,0.8889426678694514,0.8697393977912755,0.8290739248299345,0.8085188702201748,0.8507162674820226,0.9467953284003595,COMPLETE
2622,0.8282047752927933,2026-06-01 18:45:16.578286,2026-06-01 18:45:52.415312,0 days 00:00:35.837026,balanced,0.6698367201415448,0.01966665757529613,16,140,0.016224537294165293,1700,224,1.2860267545959146e-05,9.573083709968582,0.8810290066284096,0.8689298630584995,0.8282047752927933,0.8068183208829677,0.8507728894173603,0.9465763026632908,COMPLETE
2623,0.8390774830742275,2026-06-01 18:45:52.428758,2026-06-01 18:46:35.387530,0 days 00:00:42.958772,balanced,0.6789910331453423,0.02276251127298557,16,10,0.0001955178972854081,1700,240,9.069962902587336e-07,1.2895338456364867,0.8556218304723614,0.8796324706536791,0.8390774830742275,0.8332251998232031,0.8450257629805787,0.9506140572395164,COMPLETE
2624,0.8391192143294987,2026-06-01 18:46:35.410179,2026-06-01 18:47:08.791925,0 days 00:00:33.381746,balanced,0.6572604182886794,0.024009346051817714,12,10,0.0006370951780441044,1600,216,4.2068264334032273e-07,1.929351276625417e-06,0.872392468457233,0.8796429955167632,0.8391192143294987,0.8331450400612996,0.8451956287865919,0.9509110663778735,COMPLETE
2625,0.8350600344547817,2026-06-01 18:47:08.804708,2026-06-01 18:47:44.345302,0 days 00:00:35.540594,balanced,0.6658613124471212,0.01801376249657097,16,30,0.06198385591353857,1500,232,9.349825331843773e-06,6.636131568188583e-07,0.8672837395526672,0.8757109925519883,0.8350600344547817,0.823241415337014,0.8472340184587509,0.9490667593358729,COMPLETE
2626,0.8369146771528229,2026-06-01 18:47:44.357933,2026-06-01 18:48:22.657128,0 days 00:00:38.299195,balanced,0.6565742757535504,0.021267886615241663,16,10,0.032334945016804825,1800,208,0.18092256242009536,1.043969490040436e-06,0.9062590467311251,0.8778977762492962,0.8369146771528229,0.8302812778856872,0.8436668365324728,0.9501582748212338,COMPLETE
2627,0.8082371001063788,2026-06-01 18:48:22.670457,2026-06-01 18:48:33.276269,0 days 00:00:10.605812,balanced,0.7607719856490422,0.01977823074860622,4,20,0.0006616529151112409,1600,224,3.0030752570426515e-06,1.682128165897166e-07,0.8951724418036237,0.8509204680829067,0.8082371001063788,0.7737367268076952,0.8459883358813204,0.9351996758580287,COMPLETE
2628,0.8384603209678018,2026-06-01 18:48:33.289667,2026-06-01 18:49:18.856336,0 days 00:00:45.566669,balanced,0.6718158181843721,0.017315934003373692,16,10,0.044521377036700095,1900,240,2.14659737151999e-05,9.79297443429757e-08,0.8471100611675758,0.8792855331655064,0.8384603209678018,0.8333820484982434,0.8436102145971348,0.9503617670057544,COMPLETE
2629,0.8349137865308832,2026-06-01 18:49:18.879077,2026-06-01 18:49:54.646076,0 days 00:00:35.766999,,0.6618680618131062,0.02061666038486986,16,10,0.03346917551549916,1700,216,5.165962091721335e-06,3.5036699560825895e-07,0.8774760838114779,0.8813776866051842,0.8349137865308832,0.8639874856028055,0.8077402185606705,0.950428840627283,COMPLETE
