number,value,datetime_start,datetime_complete,duration,params_class_weight,params_colsample_bytree,params_learning_rate,params_max_depth,params_min_child_samples,params_min_split_gain,params_n_estimators,params_num_leaves,params_reg_alpha,params_reg_lambda,params_subsample,user_attrs_accuracy,user_attrs_f1,user_attrs_precision,user_attrs_recall,user_attrs_roc_auc,state
983,0.8383283948208514,2026-06-01 02:29:12.202990,2026-06-01 02:30:00.980853,0 days 00:00:48.777863,balanced,0.8510081329429434,0.013777207864480289,14,20,0.017390072384269085,2000,248,0.007408707465370363,1.7554716020372627e-07,0.7181118897830019,0.8788439687356654,0.8383283948208514,0.8309286149442326,0.8458750920106448,0.9499138043709278,COMPLETE
984,0.8372188886216078,2026-06-01 02:30:00.990678,2026-06-01 02:30:49.240942,0 days 00:00:48.250264,balanced,0.8679631289458057,0.014497354591652831,14,20,0.032345419666222584,2000,248,0.0037986299770528774,1.5974199663021424e-08,0.7308320685964654,0.8779398279517808,0.8372188886216078,0.8293402060800764,0.8452522507219298,0.9496490116454036,COMPLETE
985,0.8301024234108705,2026-06-01 02:30:49.251675,2026-06-01 02:31:20.760157,0 days 00:00:31.508482,balanced,0.8679880598940757,0.01345371561475073,14,160,5.34038897327104e-05,1800,256,3.269819094986297e-05,4.044149556384221e-05,0.7550762155772326,0.8700232510937974,0.8301024234108705,0.806582614807582,0.8550478455353604,0.9470842498243993,COMPLETE
986,0.8364073407960116,2026-06-01 02:31:20.770068,2026-06-01 02:32:05.094154,0 days 00:00:44.324086,balanced,0.8521187213940437,0.0142736432710084,14,10,0.07427578037194354,1900,248,0.03313019278494924,1.0261767030139564e-08,0.7260534188599762,0.8775613404124742,0.8364073407960116,0.830071788864522,0.8428458184700753,0.9496786479337587,COMPLETE
987,0.8384113881462324,2026-06-01 02:32:05.104407,2026-06-01 02:32:53.939081,0 days 00:00:48.834674,balanced,0.8590285421346724,0.01559897736414945,14,10,0.021580477278014824,2000,256,0.005416425074700845,0.17719037181174072,0.7444988648416633,0.8793696441971882,0.8384113881462324,0.8341724203468025,0.8427042636317309,0.9502576676863491,COMPLETE
988,0.8388161242500689,2026-06-01 02:32:53.950526,2026-06-01 02:33:41.187764,0 days 00:00:47.237238,balanced,0.8626741450007896,0.013159931542776969,14,10,0.00017293353355806525,2000,248,0.008528283934676074,0.10946627631075488,0.7373229840094699,0.8792539904094888,0.8388161242500689,0.8317227404551101,0.8460449578166581,0.950863539836239,COMPLETE
989,0.8391575957415509,2026-06-01 02:33:41.197602,2026-06-01 02:34:29.069031,0 days 00:00:47.871429,balanced,0.8723913314140438,0.01190047816117296,16,20,2.663993643866458e-05,1900,256,0.02248379832917703,3.7540784591551764e-07,0.7494923159219934,0.8792014353976726,0.8391575957415509,0.8299971341233987,0.8485363229715192,0.95067114182502,COMPLETE
990,0.8394011787133051,2026-06-01 02:34:29.088440,2026-06-01 02:35:17.309543,0 days 00:00:48.221103,balanced,0.8708125309200904,0.013715033990022172,14,10,0.00013662297817300904,2000,256,5.6508385705550034e-05,0.2544885138294679,0.7958869186321743,0.879737610852565,0.8394011787133051,0.8326015037488346,0.846328067493347,0.9510409564711287,COMPLETE
991,0.8376442787168287,2026-06-01 02:35:17.320569,2026-06-01 02:36:01.951454,0 days 00:00:44.630885,balanced,0.8582922932854342,0.010991441904109523,14,10,0.04961578687989159,1900,248,1.7049324967585267e-05,2.4792067778077563e-07,0.7183767437909521,0.8778872606709055,0.8376442787168287,0.8273044210180069,0.8482532132948304,0.9500025388129599,COMPLETE
992,0.8378648940409325,2026-06-01 02:36:01.961632,2026-06-01 02:36:44.730046,0 days 00:00:42.768414,balanced,0.8644914301852565,0.01490019207464286,12,10,0.03166314827055246,2000,248,0.015201585142772502,9.016911702009659e-07,0.903017429873116,0.878454984518951,0.8378648940409325,0.8302052221967481,0.8456769152369628,0.9504526941841562,COMPLETE
993,0.8389918925542745,2026-06-01 02:36:44.749302,2026-06-01 02:37:30.370191,0 days 00:00:45.620889,balanced,0.8492041437013297,0.013194831532259598,14,10,0.021705365124702544,2000,240,0.005169596067433607,1.2156208004168287e-07,0.7702069107644568,0.879380151154078,0.8389918925542745,0.8318416692475727,0.8462714455580093,0.9505482616872252,COMPLETE
994,0.8365442643028257,2026-06-01 02:37:30.381337,2026-06-01 02:38:16.342351,0 days 00:00:45.961014,balanced,0.8765343628474346,0.01036495501008787,14,20,0.04413708197897426,1900,256,0.0033256307624837922,1.3540080987479236e-05,0.7253638291121919,0.8767833550676398,0.8365442643028257,0.8244176110811862,0.849045920389559,0.9495766689446002,COMPLETE
995,0.838460103358665,2026-06-01 02:38:16.362172,2026-06-01 02:39:05.151690,0 days 00:00:48.789518,balanced,0.8557934346325973,0.011899288958839167,14,10,0.018936959650923915,2000,256,0.006820393630862161,0.03345345758438236,0.7343222489824248,0.8789070592216438,0.838460103358665,0.8308329034683553,0.8462431345903404,0.9504675955215521,COMPLETE
996,0.7921746485243647,2026-06-01 02:39:05.162678,2026-06-01 02:39:16.432799,0 days 00:00:11.270121,,0.6837003508993483,0.012831996052917736,4,20,0.9922426829752011,1900,248,0.002672652231590406,0.0599270588147547,0.69885745802871,0.8534226415384266,0.7921746485243647,0.8365550321263749,0.7522790328973444,0.9309070350737135,COMPLETE
997,0.838592761573754,2026-06-01 02:39:16.443611,2026-06-01 02:40:05.074178,0 days 00:00:48.630567,balanced,0.8688148925658884,0.011406504672461543,14,10,0.019299901953541455,2000,256,0.004374607986322018,0.0710771374029491,0.7596749092157399,0.8788755128180679,0.838592761573754,0.8300865713665545,0.8472906403940886,0.9505939442686456,COMPLETE
998,0.8285317395426469,2026-06-01 02:40:05.085190,2026-06-01 02:40:46.841931,0 days 00:00:41.756741,balanced,0.8761689116045799,0.012108246908488239,14,80,0.2871475315486957,2000,240,0.0016461786569415076,3.17188277982749e-08,0.7133305265783034,0.8696552920651329,0.8285317395426469,0.8099513869379816,0.8479984145858106,0.9460390795005224,COMPLETE
999,0.8379626435105777,2026-06-01 02:40:46.852777,2026-06-01 02:41:28.502509,0 days 00:00:41.649732,balanced,0.8625541429779129,0.013960515022564268,14,10,0.047975107054809535,1800,248,0.0025656799857303697,0.027786643141099486,0.7412529025491117,0.8785075488154606,0.8379626435105777,0.830155126036897,0.8459317139459827,0.950102474722358,COMPLETE
1000,0.8372248487228413,2026-06-01 02:41:28.513354,2026-06-01 02:42:14.260625,0 days 00:00:45.747271,balanced,0.8434928517297476,0.011111699378510326,14,20,0.0005544678145759524,1900,248,0.009897382900449007,0.042592872922111905,0.6885124709068856,0.8772669612520799,0.8372248487228413,0.824881725573691,0.8499518713549629,0.9501185791653189,COMPLETE
1001,0.8273182956637251,2026-06-01 02:42:14.271544,2026-06-01 02:42:38.516858,0 days 00:00:24.245314,balanced,0.8699126425741256,0.012875575816743638,8,10,0.03300264768587633,2000,240,0.004092363441120492,1.8046121364399133,0.7298581722434888,0.8675841704454291,0.8273182956637251,0.802142325148126,0.8541418945699563,0.9458611499180914,COMPLETE
1002,0.8312715001995709,2026-06-01 02:42:38.526713,2026-06-01 02:43:23.653765,0 days 00:00:45.127052,balanced,0.761770776703496,0.012277871715813203,14,10,0.018189743207093545,1900,256,0.0012159823148347793,9.186704350773137,0.8909561625086214,0.8716318046493625,0.8312715001995709,0.8119893695214347,0.8515089745767511,0.9480396970221919,COMPLETE
1003,0.8377924122406961,2026-06-01 02:43:23.664424,2026-06-01 02:44:11.610178,0 days 00:00:47.945754,balanced,0.8529360363442063,0.013512371115299626,14,10,0.05789193965316332,2000,256,0.002083672264155717,2.7525407541987793e-06,0.7517839117140005,0.8786442224856709,0.8377924122406961,0.8317598680218325,0.8439216352414926,0.9501774662162825,COMPLETE
1004,0.8326007090751538,2026-06-01 02:44:11.620152,2026-06-01 02:44:28.913275,0 days 00:00:17.293123,balanced,0.8778549683304453,0.015094318239656516,14,20,0.03177174215485525,800,248,0.013645997475925948,4.973993496349211e-08,0.7803984426013112,0.8728198159787709,0.8326007090751538,0.8143709812125586,0.8516788403827643,0.9483539434269267,COMPLETE
1005,0.8390732256230334,2026-06-01 02:44:28.924028,2026-06-01 02:45:15.472696,0 days 00:00:46.548668,balanced,0.8597810957592341,0.01155638327479897,14,10,0.00042264275596145314,2000,240,3.184011978966614e-05,0.13024300991452847,0.7418990465034765,0.8790752726635062,0.8390732256230334,0.8294776298823389,0.8489043655512146,0.9507849260086857,COMPLETE
1006,0.8189323958998327,2026-06-01 02:45:15.483783,2026-06-01 02:45:32.465905,0 days 00:00:16.982122,balanced,0.8647369351032571,0.012785881342862473,6,10,0.0766258727009272,2000,248,0.006381342153801776,9.260841262863918e-08,0.764470745086407,0.8602142892630754,0.8189323958998327,0.7890189076272544,0.8512258649000622,0.9417464532993262,COMPLETE
1007,0.8383457047825972,2026-06-01 02:45:32.476855,2026-06-01 02:46:19.158572,0 days 00:00:46.681717,balanced,0.8730821256416013,0.010582868977525221,14,20,0.00032277278635782036,1900,256,0.0033646510549402283,1.8130866395647643e-08,0.7236126901748192,0.8781500834798384,0.8383457047825972,0.8262384131850071,0.850829511352698,0.9503691058228645,COMPLETE
1008,0.8388889060326953,2026-06-01 02:46:19.169406,2026-06-01 02:47:04.782231,0 days 00:00:45.612825,balanced,0.8812554139488616,0.01642955522713232,14,10,3.4964253080933556e-05,2000,240,0.0011100215664227846,0.0727919611432076,0.746889051679199,0.8798006877430996,0.8388889060326953,0.8351449479388716,0.842675952664062,0.9508350373357976,COMPLETE
1009,0.8276672837169067,2026-06-01 02:47:04.792367,2026-06-01 02:47:32.193609,0 days 00:00:27.401242,balanced,0.8479740868095091,0.012070056332007846,10,10,0.6124911918243794,1900,256,0.0019058660178629988,0.00011170507652730613,0.7349987078362924,0.8687826890633232,0.8276672837169067,0.8078709574673111,0.8484797010361813,0.9455425690741576,COMPLETE
1010,0.8373617093898024,2026-06-01 02:47:32.204519,2026-06-01 02:48:20.859236,0 days 00:00:48.654717,balanced,0.8564074394481653,0.01446065691728105,14,20,0.020074404086314387,2000,248,4.359361743501236e-05,0.006679406523789453,0.707964405882069,0.8781500871273965,0.8373617093898024,0.8301682148202408,0.8446860313685521,0.9497555680261863,COMPLETE
1011,0.8374317912539637,2026-06-01 02:48:20.870032,2026-06-01 02:49:03.523637,0 days 00:00:42.653605,balanced,0.8657473783328086,0.010054790863128866,14,10,0.03499575936984873,1800,256,0.005469869975150377,3.3688837596851234e-08,0.7292961922818509,0.8774877469487604,0.8374317912539637,0.8255283150085612,0.8496970726459431,0.9500488344939763,COMPLETE
1012,0.831733741439255,2026-06-01 02:49:03.534602,2026-06-01 02:49:45.301562,0 days 00:00:41.766960,balanced,0.8751703784925315,0.011207847032691638,14,90,0.017171165486080043,2000,248,0.0001077100366243556,0.00021457631635401158,0.7181415683222383,0.8719261625876008,0.831733741439255,0.8120734550649612,0.8523866145744861,0.947893876022547,COMPLETE
1013,0.8316863572403937,2026-06-01 02:49:45.312359,2026-06-01 02:50:30.405016,0 days 00:00:45.092657,balanced,0.8596433038791672,0.013239965251923958,14,10,0.051764842283053614,1900,240,1.9088411578432458,0.03235822086991837,0.7403486570266377,0.8726200587861022,0.8316863572403937,0.8164914742562269,0.8474605062001018,0.9473151737501274,COMPLETE
1014,0.8374187970769021,2026-06-01 02:50:30.415523,2026-06-01 02:51:19.230606,0 days 00:00:48.815083,balanced,0.8821539160168934,0.012323742108408605,14,10,0.031898229266684404,2000,256,0.0015269539343854548,0.1770656787170792,0.7533037289391854,0.878076497974433,0.8374187970769021,0.8294636694049536,0.8455353603986184,0.9502574911235918,COMPLETE
1015,0.8314414557135937,2026-06-01 02:51:19.241400,2026-06-01 02:51:51.063873,0 days 00:00:31.822473,,0.8698221537908216,0.011587197950497532,16,20,0.018609923122009715,1400,248,0.007840137062347898,3.918132073883148e-05,0.7353424063999483,0.8790226904608023,0.8314414557135937,0.8614427924891513,0.8034652624426704,0.9496700431595677,COMPLETE
1016,0.8384073212061317,2026-06-01 02:51:51.074263,2026-06-01 02:52:36.457887,0 days 00:00:45.383624,balanced,0.8504765653558006,0.013979859922302698,14,10,0.017826656881653014,1900,256,0.0005937843729149795,0.015242624182191225,0.7243212946015037,0.8790016719046762,0.8384073212061317,0.8316852097970707,0.8452522507219297,0.9503773537764637,COMPLETE
1017,0.8374068691031257,2026-06-01 02:52:36.467921,2026-06-01 02:53:23.105906,0 days 00:00:46.637985,balanced,0.8443196388812303,0.012837532533333544,14,10,0.044335855300657874,2000,248,2.1677333309819567e-05,1.639443284386056e-07,0.7455873898654422,0.8781816365153379,0.8374068691031257,0.8302084074179429,0.8447426533038899,0.9502228241388918,COMPLETE
1018,0.8239440416116857,2026-06-01 02:53:23.116103,2026-06-01 02:54:03.231932,0 days 00:00:40.115829,balanced,0.8653176988437163,0.08884229078294173,14,20,0.07053425978490492,2000,240,0.0023345561324803216,0.025147005820911637,0.729283819973982,0.8702230089496584,0.8239440416116857,0.8302204903369113,0.8177623011154521,0.9435804761350587,COMPLETE
1019,0.8384027774405057,2026-06-01 02:54:03.242886,2026-06-01 02:54:45.007745,0 days 00:00:41.764859,balanced,0.8737073440546475,0.010843143309922637,14,10,0.021234848412240676,1900,232,7.253310074554046e-05,0.04623013776801805,0.818975608730556,0.8782447163902383,0.8384027774405057,0.8266398986482626,0.8505180907083404,0.9504144907927253,COMPLETE
1020,0.8044489747121846,2026-06-01 02:54:45.018387,2026-06-01 02:54:56.755095,0 days 00:00:11.736708,balanced,0.8821514624548449,0.012234380395562868,4,100,0.03865566621916757,2000,256,0.0007262876517688239,0.09360634233596953,0.7590381466460394,0.8480292991364018,0.8044489747121846,0.7703385404435771,0.8417416907309891,0.9328026422619832,COMPLETE
1021,0.8382070354982809,2026-06-01 02:54:56.766299,2026-06-01 02:55:42.102299,0 days 00:00:45.336000,balanced,0.6717563315122208,0.013404208821352678,12,10,0.017684837580032045,2000,248,0.0037427384389327524,0.007004856690191397,0.7129424588269543,0.878486522301026,0.8382070354982809,0.829030851489272,0.8476020610384462,0.9500894954940264,COMPLETE
1022,0.8388711470956952,2026-06-01 02:55:42.113002,2026-06-01 02:56:28.236236,0 days 00:00:46.123234,balanced,0.7766309240797817,0.0116213314241216,14,20,0.0002542671205061387,1900,256,0.0010790926814390233,9.215793048537544e-08,0.8037961859950958,0.8786652446893553,0.8388711470956952,0.8275496309539424,0.8505180907083405,0.9507432456448243,COMPLETE
1023,0.8393688322719776,2026-06-01 02:56:28.246870,2026-06-01 02:57:14.238259,0 days 00:00:45.991389,balanced,0.8587100957978671,0.015334241090611319,14,10,2.152408481698279e-05,2000,240,0.01046549695023484,5.23982229242657e-08,0.7410160418759034,0.8799163368884524,0.8393688322719776,0.8339615150512877,0.8448558971745653,0.9508611294968846,COMPLETE
1024,0.8344006520319343,2026-06-01 02:57:14.258542,2026-06-01 02:57:28.970057,0 days 00:00:14.711515,balanced,0.8894749543346571,0.07818529175495353,14,10,0.05061966052502893,2000,248,0.025390989933066575,0.01263434156468728,0.9948903684752072,0.8760369035257259,0.8344006520319343,0.8279415610028416,0.8409772946039297,0.9483774088316624,COMPLETE
1025,0.8394802103882228,2026-06-01 02:57:28.980871,2026-06-01 02:58:14.759386,0 days 00:00:45.778515,balanced,0.8674196168939217,0.012361336189888094,14,10,0.00013100305705852428,1900,256,0.00041938558255018397,0.03855656771016302,0.7336582341242652,0.8796324786119877,0.8394802103882228,0.8315751293466235,0.8475454391031084,0.9509394784963723,COMPLETE
1026,0.830049625307891,2026-06-01 02:58:14.770502,2026-06-01 02:58:39.741450,0 days 00:00:24.970948,balanced,0.8770266519976433,0.011860276067095426,8,10,0.0001884747111710586,2000,256,0.00047150546495276384,0.04266600230014352,0.7783820933764388,0.8698550548949369,0.830049625307891,0.8058037737596676,0.8558122416624201,0.9471589888115767,COMPLETE
1027,0.8299378234698337,2026-06-01 02:58:39.752057,2026-06-01 02:59:02.789384,0 days 00:00:23.037327,balanced,0.8705646097218438,0.011354737531885857,14,20,0.03290409353180742,1900,80,0.0002704238729631147,0.06362201000474074,0.7474267753214653,0.8698235157864772,0.8299378234698337,0.8060313865335024,0.855330955212049,0.9472325641100053,COMPLETE
1028,0.8380523815560957,2026-06-01 02:59:02.800256,2026-06-01 02:59:51.248079,0 days 00:00:48.447823,balanced,0.8531291778180157,0.012418288976761973,14,10,0.03179149194103178,2000,256,0.00048685408269683543,0.02602833962216257,0.7370179770609913,0.8787703832302602,0.8380523815560957,0.8315553147786837,0.8446577204008833,0.9503812041247853,COMPLETE
1029,0.8377928034846202,2026-06-01 02:59:51.257983,2026-06-01 03:00:35.970609,0 days 00:00:44.712626,balanced,0.8850161447498911,0.010955794005720266,14,20,0.022004556694816994,1900,256,0.00017219301454624294,0.03881588488065803,0.8749166197776242,0.8776980236989741,0.8377928034846202,0.8254785871543083,0.8504897797406716,0.9501869518186812,COMPLETE
1030,0.817346885086406,2026-06-01 03:00:35.981463,2026-06-01 03:00:52.953380,0 days 00:00:16.971917,balanced,0.8780173239306847,0.011898259855950015,6,10,0.057812180842473214,2000,256,0.0006916181998221289,0.10747154504700411,0.7906432035689416,0.858879090011451,0.817346885086406,0.7869073151903381,0.8502632919993204,0.9412302080530757,COMPLETE
1031,0.8379943055394015,2026-06-01 03:00:52.964400,2026-06-01 03:01:35.159216,0 days 00:00:42.194816,balanced,0.894831065564982,0.01259192840218559,14,10,0.018148536775748365,1800,256,0.0003562373491065655,0.02092638941194295,0.751549836290817,0.8783708758084426,0.8379943055394015,0.829128960842174,0.8470641526527377,0.9505825975678589,COMPLETE
1032,0.837572442786574,2026-06-01 03:01:35.170322,2026-06-01 03:02:24.473620,0 days 00:00:49.303298,balanced,0.8611396836157078,0.010754747453138104,14,20,0.015795703923477688,2000,256,0.00022960195856468898,0.052686504678536236,0.7729912926635201,0.8776244222769517,0.837572442786574,0.8258537591159062,0.8496404507106052,0.950169184928883,COMPLETE
1033,0.8379837647213694,2026-06-01 03:02:24.483410,2026-06-01 03:03:13.005651,0 days 00:00:48.522241,balanced,0.8710691901167047,0.011754020527899308,14,10,0.038963728467416796,2000,256,0.0006163170940934782,0.03705586341200359,0.7373759139839178,0.878549599854753,0.8379837647213694,0.8303558796826177,0.8457618481399694,0.9501973876387027,COMPLETE
1034,0.831590370507584,2026-06-01 03:03:13.016451,2026-06-01 03:03:47.093321,0 days 00:00:34.076870,,0.8435677853873403,0.012562374852026058,10,10,0.020280252960786956,1900,248,0.0003678143979045343,0.025425141309222625,0.7643535343017914,0.8793275772412787,0.831590370507584,0.8631102414502029,0.8023045127682463,0.9494460392370124,COMPLETE
1035,0.8385863390779433,2026-06-01 03:03:47.104170,2026-06-01 03:04:36.545511,0 days 00:00:49.441341,balanced,0.8544858042932352,0.011022737071874211,14,10,0.00030866111881329856,2000,256,0.0009728650049525314,0.1037876060817539,0.7447207082283626,0.8787493573790179,0.8385863390779433,0.829254045371593,0.8481399694241549,0.9509881948834118,COMPLETE
1036,0.8387970423126013,2026-06-01 03:04:36.555889,2026-06-01 03:05:21.253588,0 days 00:00:44.697699,balanced,0.8806437534569707,0.012079789986025956,14,10,2.5884754014709717e-05,1900,248,0.0005480003554986697,0.032611842132806025,0.7225427670860315,0.8790227086985928,0.8387970423126013,0.8302332348410998,0.8475454391031086,0.9509211775590378,COMPLETE
1037,0.8369510532127085,2026-06-01 03:05:21.263470,2026-06-01 03:06:10.198507,0 days 00:00:48.935037,balanced,0.8676447393577997,0.013062440452456775,14,20,0.061357691908393665,2000,256,0.00012929391095942367,0.06789824551959885,0.7550362178729036,0.8774982628587473,0.8369510532127085,0.827486705657487,0.8466394881377046,0.9494886119306417,COMPLETE
1038,0.8324101680252158,2026-06-01 03:06:10.208726,2026-06-01 03:06:50.599790,0 days 00:00:40.391064,balanced,0.8862471417001182,0.011548119936888998,14,10,0.392089344894588,1900,248,0.0002307765295492919,0.4043907359907531,0.7330541750701184,0.8735137028925789,0.8324101680252158,0.8193708762904919,0.8458750920106449,0.947304361255441,COMPLETE
1039,0.8355918443605138,2026-06-01 03:06:50.610622,2026-06-01 03:07:39.314887,0 days 00:00:48.704265,balanced,0.8623330655482838,0.010412483505293274,14,20,0.1107140251046918,2000,256,0.0008369391771236737,0.015098351382070488,0.7297113890457448,0.8761315294726059,0.8355918443605138,0.8238988102181973,0.8476303720061152,0.9488907405434551,COMPLETE
1040,0.8379460882244775,2026-06-01 03:07:39.325682,2026-06-01 03:08:24.486925,0 days 00:00:45.161243,balanced,0.8732194483326258,0.012525462926449021,14,10,0.03492697392462215,2000,232,0.0013569961644089757,0.05057285894785398,0.7407003330952474,0.8783498479676233,0.8379460882244775,0.8291664355729553,0.8469225978143933,0.9502728635808974,COMPLETE
1041,0.8393961553377315,2026-06-01 03:08:24.497674,2026-06-01 03:09:08.970407,0 days 00:00:44.472733,balanced,0.8391815325569346,0.01154632477238101,14,10,0.00010273572182135582,1900,248,0.0003355424735584991,0.0222815750862006,0.7206591865215659,0.8793170759215244,0.8393961553377315,0.8297836092412784,0.849244097163241,0.950863774133133,COMPLETE
1042,0.8357773395110785,2026-06-01 03:09:08.980827,2026-06-01 03:09:58.306217,0 days 00:00:49.325390,balanced,0.8758885130712925,0.012987768024714089,16,20,0.08529131000893006,2000,256,0.00010673640916982034,0.07984891411980535,0.8272744273835111,0.8768569505209308,0.8357773395110785,0.827906381206943,0.8438083913708171,0.9493540039559369,COMPLETE
1043,0.8373315301192746,2026-06-01 03:09:58.317128,2026-06-01 03:10:39.039850,0 days 00:00:40.722722,balanced,0.9851865270068818,0.012091210746549322,14,10,0.020590683788968365,1800,240,0.00043899253989729265,0.1614116734928182,0.7468186274347077,0.8775823689164861,0.8373315301192746,0.826536472169737,0.8484230791008436,0.9501706290875965,COMPLETE
