number,value,datetime_start,datetime_complete,duration,params_class_weight,params_colsample_bytree,params_learning_rate,params_max_depth,params_min_child_samples,params_min_split_gain,params_n_estimators,params_num_leaves,params_reg_alpha,params_reg_lambda,params_subsample,user_attrs_accuracy,user_attrs_f1,user_attrs_precision,user_attrs_recall,user_attrs_roc_auc,state
1166,0.8367867549228708,2026-06-01 04:29:03.722974,2026-06-01 04:29:51.558330,0 days 00:00:47.835356,balanced,0.8915534515602498,0.015801707756519987,16,20,0.01901589377913181,2000,248,0.004929738428865386,6.120441228173332e-08,0.7968805556416408,0.8780449525656456,0.8367867549228708,0.8317852195757118,0.8418549346016647,0.9500618369909603,COMPLETE
1167,0.8336512252051672,2026-06-01 04:29:51.578023,2026-06-01 04:30:30.763017,0 days 00:00:39.184994,,0.9086189764127779,0.01651831414568618,16,10,0.07056340240761604,1800,240,0.0052092590429778035,2.8549004485406766e-07,0.7869403652139406,0.8804420037284743,0.8336512252051672,0.8624511744250912,0.8067210237245909,0.949867809698234,COMPLETE
1168,0.8398297965013922,2026-06-01 04:30:30.773056,2026-06-01 04:31:16.356218,0 days 00:00:45.583162,balanced,0.8962444153066785,0.015358110372698597,16,10,0.0001249464651244367,2000,248,0.007743476400508582,1.0260223237600758e-07,0.7747866702025055,0.8805261005015197,0.8398297965013922,0.8362302355590896,0.8434686597587905,0.9513612096385525,COMPLETE
1169,0.838500863189537,2026-06-01 04:31:16.367144,2026-06-01 04:32:01.449117,0 days 00:00:45.081973,balanced,0.9065668983642576,0.015485102623217289,16,10,0.036777940549068106,2000,240,0.01430054235503407,1.3470699581075844e-07,0.779016547178822,0.8795588824955044,0.838500863189537,0.8350996791462796,0.8419398675046713,0.950538958231034,COMPLETE
1170,0.8380398698386461,2026-06-01 04:32:01.459311,2026-06-01 04:32:46.169121,0 days 00:00:44.709810,balanced,0.8985810137879588,0.015320002956882905,16,10,0.01826912674916133,2000,240,0.029271561115409832,8.69132310249555e-08,0.7887945446796245,0.8791278343072463,0.8380398698386461,0.8340442343921217,0.8420814223430156,0.9506831983062933,COMPLETE
1171,0.8388124080646374,2026-06-01 04:32:46.180665,2026-06-01 04:33:33.253870,0 days 00:00:47.073205,balanced,0.9110028701553392,0.01617134323817602,16,20,1.587628435646121e-05,2000,240,0.013658594993959565,1.8116423545861162e-07,0.7721062290319229,0.879537852996704,0.8388124080646374,0.8336675456647978,0.8440348791121681,0.9505493585410436,COMPLETE
1172,0.8225432184308131,2026-06-01 04:33:33.265106,2026-06-01 04:33:49.639809,0 days 00:00:16.374703,balanced,0.9002147598584804,0.01686040574709661,6,10,0.03475106308583639,2000,40,0.012749453672370238,1.1812572464037208e-07,0.7722457578497021,0.8630318766833294,0.8225432184308131,0.7926590408251655,0.8547930468263406,0.9435171767183917,COMPLETE
1173,0.8372673963979848,2026-06-01 04:33:49.649955,2026-06-01 04:34:37.949505,0 days 00:00:48.299550,balanced,0.9120308703359506,0.01728165199959959,16,20,0.020140238075274125,2000,248,0.006454962467686764,6.772256257200941e-08,0.769392441609353,0.8785916472464871,0.8372673963979848,0.8335457873610023,0.8410339165392674,0.949870277884466,COMPLETE
1174,0.8380607101615359,2026-06-01 04:34:37.959519,2026-06-01 04:35:23.165002,0 days 00:00:45.205483,balanced,0.8935562810462426,0.015759059867676995,16,10,0.0505594080188385,2000,240,0.011925469051005574,1.0297166648774507e-07,0.7740970130596004,0.8792119380438117,0.8380607101615359,0.834531342279043,0.8416284468603137,0.9502471472606064,COMPLETE
1175,0.831283809777548,2026-06-01 04:35:23.176247,2026-06-01 04:35:53.323921,0 days 00:00:30.147674,balanced,0.9007312490586965,0.01498723730504156,16,10,0.5046060728866408,2000,248,0.008201489951664281,8.014580186852952e-08,0.7828946239397216,0.8724623625806114,0.831283809777548,0.817009889622117,0.846073268784327,0.9471497661614842,COMPLETE
1176,0.8369169442100763,2026-06-01 04:35:53.334036,2026-06-01 04:36:41.821591,0 days 00:00:48.487555,balanced,0.8960441057448304,0.015385722539937927,16,20,0.03429718073610748,2000,248,0.008628853555387365,2.1818771429291756e-07,0.7767920448069521,0.8781185500085139,0.8369169442100763,0.8317685486664727,0.8421380442783534,0.9497479066662579,COMPLETE
1177,0.8267874440187949,2026-06-01 04:36:41.832714,2026-06-01 04:37:03.642513,0 days 00:00:21.809799,balanced,0.9001817203406532,0.014930828651256526,16,10,0.8833495110511811,2000,248,0.022226120685351212,4.842439607054606e-08,0.7837458356067257,0.8681834214644715,0.8267874440187949,0.8073917526366793,0.8471490855557443,0.9452431905751717,COMPLETE
1178,0.8342200873502111,2026-06-01 04:37:03.653738,2026-06-01 04:37:52.959130,0 days 00:00:49.305392,balanced,0.9068055897174546,0.017240842441645345,16,80,0.016979283370661076,2000,240,0.008747950405986377,1.5261764569925903e-07,0.7808324734793489,0.875090695785932,0.8342200873502111,0.8224932977637462,0.8462997565256781,0.9483119414466884,COMPLETE
1179,0.8386301175711707,2026-06-01 04:37:52.969698,2026-06-01 04:38:37.771180,0 days 00:00:44.801482,balanced,0.8897246642066701,0.01511508353936007,12,10,0.018050536811552192,2000,248,0.008444532210610542,6.228100127535402e-08,0.770867197524867,0.8792329695321892,0.8386301175711707,0.8323410526876517,0.8450257629805785,0.9503512296547058,COMPLETE
1180,0.836478731634201,2026-06-01 04:38:37.782184,2026-06-01 04:39:26.431958,0 days 00:00:48.649774,balanced,0.895911907966331,0.014653611072878535,16,30,0.04900481043327052,2000,240,0.004627295605827406,1.1612172918302985e-07,0.7898605280160929,0.877403639564637,0.836478731634201,0.8287406609367176,0.8443746107241946,0.9493551781162561,COMPLETE
1181,0.8388139932991382,2026-06-01 04:39:26.442291,2026-06-01 04:40:12.370989,0 days 00:00:45.928698,balanced,0.89338721525598,0.016696574393362393,16,10,0.000997943123008332,2000,248,0.0154433060004317,2.9019143853995683e-07,0.7791885418235956,0.8799899276993967,0.8388139932991382,0.8367569830999594,0.8408923617009229,0.9510785347061089,COMPLETE
1182,0.837353718698853,2026-06-01 04:40:12.381762,2026-06-01 04:40:59.769427,0 days 00:00:47.387665,balanced,0.650665730930379,0.016162301079727517,16,20,0.017604061227177316,2000,240,0.00014250045982863404,1.0180844774126265e-07,0.7948913071978361,0.8782026603770032,0.837353718698853,0.8305686599177231,0.844261366853519,0.9501598572996898,COMPLETE
1183,0.8371576906066703,2026-06-01 04:40:59.780218,2026-06-01 04:41:47.012274,0 days 00:00:47.232056,balanced,0.9121299175067776,0.014377645777901286,16,10,0.06703968877215932,2000,248,0.006166692789840344,4.997069394898757e-08,0.7715862059639574,0.8784234464052799,0.8371576906066703,0.8328538789803924,0.8415152029896382,0.9500729855574358,COMPLETE
1184,0.8398701864201105,2026-06-01 04:41:47.023444,2026-06-01 04:42:32.845044,0 days 00:00:45.821600,balanced,0.8889018747354707,0.015641584896616347,16,10,4.3595592460882646e-06,2000,248,0.0070956569814478974,1.6531039162401405e-07,0.7674216347479325,0.8806943195805172,0.8398701864201105,0.8372370330853816,0.8425343978257177,0.9512263764284801,COMPLETE
1185,0.8317392846618761,2026-06-01 04:42:32.856353,2026-06-01 04:43:06.271807,0 days 00:00:33.415454,balanced,0.8857310894096876,0.017476999840338986,16,20,0.4050635157622935,2000,240,0.008312035355368388,4.912436230114928e-07,0.778533738194768,0.8730931633191915,0.8317392846618761,0.8192427130223668,0.8446294094332144,0.9470043746686242,COMPLETE
1186,0.8376498607401123,2026-06-01 04:43:06.292153,2026-06-01 04:43:53.171083,0 days 00:00:46.878930,balanced,0.9007319154951811,0.01597876357926729,16,10,0.03464814128449545,2000,248,0.016147350181773375,1.8360220794599542e-07,0.7736905352099631,0.8790542332168201,0.8376498607401123,0.8351420478874996,0.8401845875092011,0.9502807876375053,COMPLETE
1187,0.838537284076594,2026-06-01 04:43:53.182119,2026-06-01 04:44:39.904246,0 days 00:00:46.722127,balanced,0.882261701471985,0.016332438961948154,16,10,0.019060175443044114,2000,248,0.007362526184148338,3.251044522841975e-07,0.767836965016616,0.8796745240141447,0.838537284076594,0.8357312884688565,0.8413736481512938,0.9506295255044348,COMPLETE
1188,0.8246168232730268,2026-06-01 04:44:39.915149,2026-06-01 04:44:59.271938,0 days 00:00:19.356789,,0.8894449262177441,0.015337807176153321,16,20,0.036425071096070315,2000,56,0.010872359906085104,1.7655566758147993e-07,0.786312982818951,0.8746386078193917,0.8246168232730268,0.8581340440865115,0.7936413566615707,0.9471633968240015,COMPLETE
1189,0.8381807423636568,2026-06-01 04:44:59.283574,2026-06-01 04:45:43.405180,0 days 00:00:44.121606,balanced,0.8936440577416908,0.015229696701487943,16,10,0.01788484355343235,2000,232,0.03178546653501927,2.4781974675775735e-07,0.7678529686195222,0.8791173256923756,0.8381807423636568,0.833381808917338,0.8430439952437574,0.9507154277675589,COMPLETE
1190,0.8371914053486393,2026-06-01 04:45:43.416265,2026-06-01 04:46:28.531744,0 days 00:00:45.115479,balanced,0.8812903357071,0.017751598576411544,16,10,0.04816609487051353,2000,240,0.006485411657318809,1.437804126358077e-07,0.7840763187021809,0.8787914104078872,0.8371914053486393,0.8352384194944737,0.8391653926731215,0.9502104111879343,COMPLETE
1191,0.8380585486431159,2026-06-01 04:46:28.542866,2026-06-01 04:47:16.425561,0 days 00:00:47.882695,balanced,0.8852327594094496,0.01623841436698473,16,20,0.000244585975737288,2000,232,0.018305575141292205,8.184606788151278e-08,0.766953936141055,0.8789806450586454,0.8380585486431159,0.8329537579655376,0.8432421720174396,0.9505759036114032,COMPLETE
1192,0.8408413663841251,2026-06-01 04:47:16.436554,2026-06-01 04:48:03.570195,0 days 00:00:47.133641,balanced,0.8965014396390948,0.01546975178003467,16,10,0.00013737281695981392,2000,248,0.005107067715499805,1.466284818066828e-07,0.7770022032015499,0.8813356358974881,0.8408413663841251,0.8376291622572417,0.8440915010475059,0.9513083614889686,COMPLETE
1193,0.8361857601159862,2026-06-01 04:48:03.586100,2026-06-01 04:48:50.756671,0 days 00:00:47.170571,balanced,0.9055513544067979,0.017008356758906586,16,10,0.0824466969045346,2000,240,0.005708094414804578,4.2174317359469414e-07,0.7774129202940863,0.8780239359990968,0.8361857601159862,0.8341072554736993,0.8382877526753864,0.9496856864211293,COMPLETE
1194,0.8382129925987442,2026-06-01 04:48:50.767303,2026-06-01 04:49:35.861649,0 days 00:00:45.094346,balanced,0.8993298198934955,0.015486716599657627,16,10,0.027999507473828542,2000,232,0.0097185085356682,2.414999300445293e-07,0.7793919764202443,0.8792434798050409,0.8382129925987442,0.8341043829461187,0.8423645320197043,0.9506382392779845,COMPLETE
1195,0.8368365319670094,2026-06-01 04:49:35.872504,2026-06-01 04:50:25.249495,0 days 00:00:49.376991,balanced,0.9060450188584205,0.016599428051731632,16,20,0.017800630169173402,2000,240,0.004473468469687241,1.5820037136883141e-07,0.771010002196564,0.8782131660075082,0.8368365319670094,0.8327235229668936,0.8410056055715983,0.9499397616838633,COMPLETE
1196,0.837863708116544,2026-06-01 04:50:25.260496,2026-06-01 04:51:13.301036,0 days 00:00:48.040540,balanced,0.9007582174234651,0.01556508882877119,16,10,0.034947425519649904,2000,248,0.00849112247404307,3.130631321846667e-07,0.7803825911089031,0.8792224705336081,0.837863708116544,0.8354244683755571,0.8403261423475454,0.9504893723903529,COMPLETE
1197,0.8388720438488769,2026-06-01 04:51:13.312113,2026-06-01 04:51:58.666724,0 days 00:00:45.354611,balanced,0.9116753797355261,0.016825125844540025,16,10,0.0006309887655823137,2000,240,0.004731377568217499,1.0561415665753481e-07,0.7960980677449592,0.8800319873601898,0.8388720438488769,0.8368124460473566,0.8409489836362608,0.9512240274601164,COMPLETE
1198,0.8097130204158577,2026-06-01 04:51:58.687623,2026-06-01 04:52:10.823142,0 days 00:00:12.135519,balanced,0.9008544988524213,0.016169002993570037,4,20,0.00035623667114572375,2000,248,0.006800745329614502,1.1037133988491783e-07,0.7880263542183734,0.8520243663910562,0.8097130204158577,0.7749193154178088,0.8478002378121284,0.93601888871954,COMPLETE
1199,0.8370642148129228,2026-06-01 04:52:10.834194,2026-06-01 04:52:57.222166,0 days 00:00:46.387972,balanced,0.8964124807174897,0.015552625211290774,16,10,0.05580776969963998,2000,240,0.004027142444922247,2.1461495027522093e-07,0.7902595919975363,0.87849702627355,0.8370642148129228,0.8337218832109428,0.840439386218221,0.9503416306533478,COMPLETE
1200,0.8289769140247268,2026-06-01 04:52:57.233223,2026-06-01 04:53:36.605489,0 days 00:00:39.372266,balanced,0.8922826843233145,0.01523245421680388,16,180,0.019212444372523937,2000,248,0.015294388000686929,1.1610636231920718e-07,0.8036259831962711,0.8696552751537272,0.8289769140247268,0.8083550046085467,0.8506879565143537,0.9468299093184113,COMPLETE
1201,0.8381000875632315,2026-06-01 04:53:36.625458,2026-06-01 04:54:23.630407,0 days 00:00:47.004949,balanced,0.8881709034750512,0.016115228300421326,16,10,0.030929437284182824,2000,240,0.009746208491942411,1.8201113438320304e-07,0.7732764536743987,0.8793696388916491,0.8381000875632315,0.8354496176660611,0.8407791178302474,0.9504613643533016,COMPLETE
1202,0.8389745315602416,2026-06-01 04:54:23.641653,2026-06-01 04:55:11.618849,0 days 00:00:47.977196,balanced,0.9076271233921036,0.014741507942251226,16,10,0.019528816161440497,2000,248,0.006194779053801186,1.5213446499280824e-07,0.7671276677258703,0.8798217218842467,0.8389745315602416,0.8349562039919388,0.8430439952437574,0.9507637050137462,COMPLETE
1203,0.838745738602337,2026-06-01 04:55:11.630176,2026-06-01 04:55:59.069493,0 days 00:00:47.439317,balanced,0.8963944376978478,0.01418044878998489,16,20,0.0006000989554422723,2000,232,0.003746302193575926,5.941376443338306e-08,0.7787510466606671,0.87926450333511,0.838745738602337,0.8320736489788607,0.8455353603986184,0.9506860516821162,COMPLETE
1204,0.8370317916312767,2026-06-01 04:55:59.080696,2026-06-01 04:56:47.163184,0 days 00:00:48.082488,balanced,0.8944932913195269,0.01745293567894777,16,10,0.04446314352658617,2000,248,0.006616058466198574,8.774412851480983e-08,0.7726817619597499,0.8786337035913183,0.8370317916312767,0.8348105884021826,0.839278636543797,0.950197061678597,COMPLETE
1205,0.8356714331672471,2026-06-01 04:56:47.174076,2026-06-01 04:57:37.573189,0 days 00:00:50.399113,balanced,0.9127427224456428,0.014577546947732655,16,30,0.06068769352441532,2000,240,0.011132331677347857,2.179574101790686e-07,0.784729966751689,0.8766992374040344,0.8356714331672471,0.8272917953065092,0.8442330558858502,0.9490293583883411,COMPLETE
1206,0.8306389590006575,2026-06-01 04:57:37.584240,2026-06-01 04:57:50.065064,0 days 00:00:12.480824,balanced,0.8871801928455636,0.014656451097945168,16,10,0.0003997339220531007,500,248,0.004512886037409901,4.710813873080399e-07,0.7654437037248194,0.8710220380519296,0.8306389590006575,0.8106060306302565,0.8517071513504332,0.9473678940993584,COMPLETE
1207,0.8348655783309088,2026-06-01 04:57:50.075737,2026-06-01 04:58:39.414159,0 days 00:00:49.338422,balanced,0.8918251972971744,0.03544058730098781,16,10,0.0003110820402161917,2000,248,0.012325349872095817,7.313921933262115e-08,0.7781436273372306,0.8782131646811234,0.8348655783309088,0.8408267428020938,0.8290017552799954,0.9495676305279885,COMPLETE
1208,0.8238932259494388,2026-06-01 04:58:39.425139,2026-06-01 04:59:05.204900,0 days 00:00:25.779761,,0.8997796970913581,0.014380539766666518,16,20,0.4344955328104049,2000,88,0.01965355472220052,1.2526550726566785e-07,0.7873721487253375,0.8740708882820968,0.8238932259494388,0.857011692036232,0.7932450031142064,0.9461853194409557,COMPLETE
1209,0.8401703108951476,2026-06-01 04:59:05.216318,2026-06-01 04:59:51.961467,0 days 00:00:46.745149,balanced,0.8836195366495901,0.015564564437657531,16,10,0.00018459814022900482,2000,240,0.003754139043786291,7.267484719398547e-08,0.7636794032792937,0.8808204843042607,0.8401703108951476,0.8368884968511656,0.8434969707264593,0.9513591314567001,COMPLETE
1210,0.8380608183328432,2026-06-01 04:59:51.972780,2026-06-01 05:00:37.135806,0 days 00:00:45.163026,balanced,0.8888523398312766,0.016806639577005556,16,10,0.03368737836900141,2000,232,0.0036152406238361494,4.0051078980525125e-08,0.7659716001681671,0.8793065656486726,0.8380608183328432,0.8351697441890481,0.8409772946039297,0.9504413504766314,COMPLETE
1211,0.8387878449074546,2026-06-01 05:00:37.146788,2026-06-01 05:01:22.732472,0 days 00:00:45.585684,balanced,0.893050996125947,0.016003221269239833,16,10,0.01734356769340887,2000,232,0.00382556671407184,5.534302620319984e-08,0.764407663411919,0.8797270995849248,0.8387878449074546,0.8350498704963459,0.8425627087933866,0.9506851011603356,COMPLETE
1212,0.8365603933499296,2026-06-01 05:01:22.743436,2026-06-01 05:02:10.729848,0 days 00:00:47.986412,balanced,0.9023699852581408,0.017553198775679343,16,20,0.03326037431286518,2000,232,0.003070217896348078,5.982319821867307e-08,0.7665728194450623,0.8779818703695721,0.8365603933499296,0.8322814415883912,0.8408923617009231,0.9496337671605556,COMPLETE
1213,0.8390004868170792,2026-06-01 05:02:10.740881,2026-06-01 05:02:57.280245,0 days 00:00:46.539364,balanced,0.8851161107264878,0.015693742818924675,16,10,0.018226460909254432,2000,240,0.0034189778322485814,7.78921020530977e-08,0.7678064326965284,0.8799163332408942,0.8390004868170792,0.8354776895209527,0.8425627087933866,0.9507675551601036,COMPLETE
1214,0.8333434635240987,2026-06-01 05:02:57.291548,2026-06-01 05:03:47.914155,0 days 00:00:50.622607,balanced,0.8937772009908556,0.01640541083178684,16,100,0.0002412277527316008,2000,232,0.006211708413288091,4.749193554638061e-08,0.7636052360969059,0.8741129509272554,0.8333434635240987,0.8196223887717742,0.8475454391031086,0.948437052884203,COMPLETE
1215,0.836943382687039,2026-06-01 05:03:47.924935,2026-06-01 05:04:38.612879,0 days 00:00:50.687944,balanced,0.8842106132428036,0.015641306702579277,16,20,0.0493152217371245,2000,240,0.003999562158784209,9.66782265104534e-08,0.7603683271955665,0.8780975218360982,0.836943382687039,0.8315147563465226,0.8424494649227111,0.9496279069493996,COMPLETE
1216,0.8313983095695677,2026-06-01 05:04:38.623552,2026-06-01 05:05:25.028711,0 days 00:00:46.405159,balanced,0.8825414726427114,0.017778587239830352,16,130,0.07512275243027061,2000,240,1.8850388668123735e-05,1.4710631653048107e-07,0.7730802067805357,0.8722836226176841,0.8313983095695677,0.8154719455633469,0.8479701036181417,0.946955550075545,COMPLETE
1217,0.8291811201850648,2026-06-01 05:05:25.039920,2026-06-01 05:05:51.966073,0 days 00:00:26.926153,balanced,0.8895767909218558,0.015405975180705736,16,10,0.6491845060744281,2000,240,0.005976010495395911,3.7776423196647936e-08,0.7712259877520257,0.8704963649115801,0.8291811201850648,0.8126704818420779,0.8463846894286847,0.9464132306621288,COMPLETE
1218,0.8384000848734084,2026-06-01 05:05:51.977691,2026-06-01 05:06:35.862488,0 days 00:00:43.884797,balanced,0.9079195272814479,0.01469394165981047,16,10,0.01952939259847972,2000,224,0.004761512631005687,6.632089217542535e-08,0.7612045282017483,0.8791698866729233,0.8384000848734084,0.8328525647750512,0.8440348791121681,0.9506560133139265,COMPLETE
1219,0.8294264137853685,2026-06-01 05:06:35.883041,2026-06-01 05:07:02.060939,0 days 00:00:26.177898,balanced,0.9990562701088646,0.015271974168650582,16,10,0.6780749591283175,2000,232,0.0031039635738200175,3.6137000232979293e-07,0.7742326653305728,0.870664582664193,0.8294264137853685,0.812805410051256,0.8467527320083801,0.9465537439785994,COMPLETE
1220,0.8360707605144326,2026-06-01 05:07:02.071178,2026-06-01 05:07:52.561002,0 days 00:00:50.489824,balanced,0.8977979158738895,0.016637766717251153,16,20,0.035601269969566245,2000,240,3.645514718225927e-05,9.99170712021718e-08,0.7656905469914367,0.8775192824096621,0.8360707605144326,0.8311459442060455,0.8410622275069363,0.9495673396317063,COMPLETE
1221,0.8398318747826675,2026-06-01 05:07:52.572801,2026-06-01 05:08:38.683235,0 days 00:00:46.110434,balanced,0.8811122028445585,0.014650909443353318,16,10,1.4476901353642564e-06,2000,240,0.009681142057019532,1.9783159379378067e-07,0.7750045521306713,0.8804104639568221,0.8398318747826675,0.835433549600919,0.8442896778211879,0.9513715199692654,COMPLETE
1222,0.8372025731883662,2026-06-01 05:08:38.693407,2026-06-01 05:09:23.993129,0 days 00:00:45.299722,balanced,0.885003927089276,0.017962092622025364,16,10,0.03143892240194115,2000,232,0.03441693529205435,1.663190949628984e-07,0.7757976077035542,0.8787178096490571,0.8372025731883662,0.8346698506116246,0.839759922994168,0.9503174226890497,COMPLETE
1223,0.8369589486730575,2026-06-01 05:09:24.004714,2026-06-01 05:10:10.601272,0 days 00:00:46.596558,balanced,0.8815458901155596,0.015922915504870166,16,20,0.058198683995673045,2000,224,0.004837463054299636,2.1389281041872864e-07,0.781629790221775,0.877981875343515,0.8369589486730575,0.8306705410057876,0.843355415888115,0.9495466389561472,COMPLETE
1224,0.8391078380095626,2026-06-01 05:10:10.612601,2026-06-01 05:10:55.258601,0 days 00:00:44.646000,balanced,0.887139662427925,0.016629691287966004,16,10,0.00023279344382931463,2000,232,0.010974699896458957,2.972135329332571e-07,0.7728752872229252,0.8801055728655952,0.8391078380095626,0.8363291681121018,0.8419115565370024,0.9512223537198835,COMPLETE
1225,0.8348863253836911,2026-06-01 05:10:55.278641,2026-06-01 05:11:41.947771,0 days 00:00:46.669130,,0.8935858173374058,0.014540502397074405,16,10,0.020706971199401656,2000,240,0.009607289370007066,3.0703335684876483e-07,0.7631164155121141,0.8811674158237018,0.8348863253836911,0.8624772871366403,0.8090142121057697,0.950642820479351,COMPLETE
1226,0.8387354443358875,2026-06-01 05:11:41.958839,2026-06-01 05:12:15.272193,0 days 00:00:33.313354,balanced,0.8806154168032042,0.015364579035556818,16,10,0.017322207414771012,2000,152,0.052448660692999624,4.508346346512097e-07,0.779458866708608,0.8785916538784108,0.8387354443358875,0.8276055426447515,0.8501783590963138,0.9503716714548721,COMPLETE
