number,value,datetime_start,datetime_complete,duration,params_class_weight,params_colsample_bytree,params_learning_rate,params_max_depth,params_min_child_samples,params_min_split_gain,params_n_estimators,params_num_leaves,params_reg_alpha,params_reg_lambda,params_subsample,user_attrs_accuracy,user_attrs_f1,user_attrs_precision,user_attrs_recall,user_attrs_roc_auc,state
1227,0.8368032047063824,2026-06-01 05:12:15.292161,2026-06-01 05:13:04.683912,0 days 00:00:49.391751,balanced,0.8908501686990119,0.016887915349777224,16,20,0.043086346918424626,2000,240,0.014144510358524938,1.9383587843280924e-07,0.7750579216812125,0.8781290539810379,0.8368032047063824,0.8322892235975213,0.8413736481512939,0.9496873258351292,COMPLETE
1228,0.8366697076542602,2026-06-01 05:13:04.695043,2026-06-01 05:13:56.566845,0 days 00:00:51.871802,balanced,0.8817567732936121,0.015137544057861033,16,30,0.017511725101460235,2000,240,7.844815695563473e-05,9.038392885845952e-07,0.7656857170870882,0.8775297989828413,0.8366697076542602,0.8288117450001148,0.8446860313685521,0.9496641352446455,COMPLETE
1229,0.839726438457447,2026-06-01 05:13:56.578374,2026-06-01 05:14:41.391836,0 days 00:00:44.813462,balanced,0.9040713197522917,0.015008278479496524,16,10,0.0002876042198346168,2000,232,0.01962947006723776,2.4348261960821437e-07,0.7829845218373801,0.8802422591364607,0.839726438457447,0.8347272546852637,0.8447992752392276,0.951214911869699,COMPLETE
1230,0.8390496126289485,2026-06-01 05:14:41.402884,2026-06-01 05:15:31.524632,0 days 00:00:50.121748,balanced,0.9105812434898787,0.016172647053469807,16,10,0.0003407045851976025,2000,240,0.03199517915161352,5.947096521740985e-07,0.7912678454368768,0.8800740400574631,0.8390496126289485,0.8363845243257167,0.8417416907309891,0.9511472802870359,COMPLETE
1231,0.8379281251514848,2026-06-01 05:15:31.535912,2026-06-01 05:16:06.516833,0 days 00:00:34.980921,balanced,0.9165346229807977,0.01576344383089807,16,10,0.04301342849730458,2000,168,0.01079117551208493,3.1894921662632527e-07,0.7790830022364281,0.8783708814455778,0.8379281251514848,0.8293767584049979,0.8466677991053734,0.9503145967812259,COMPLETE
1232,0.8347049183042148,2026-06-01 05:16:06.528300,2026-06-01 05:16:55.248315,0 days 00:00:48.720015,balanced,0.9136040418320197,0.017841605817220125,16,20,0.11261129350790634,2000,232,0.061656694328729465,5.605823797298257e-07,0.783571034546323,0.8765099931369869,0.8347049183042148,0.8298627967651925,0.8396183681558235,0.9486046480276276,COMPLETE
1233,0.8381728902883282,2026-06-01 05:16:55.259624,2026-06-01 05:17:39.946598,0 days 00:00:44.686974,balanced,0.9034610320608063,0.01676240438925885,16,10,0.01902196938478862,2000,232,0.01743140008504534,2.8508329257648823e-07,0.7860374640247924,0.8792960361432419,0.8381728902883282,0.834647027812632,0.8417416907309891,0.9507135452193373,COMPLETE
1234,0.8373490588822561,2026-06-01 05:17:39.957639,2026-06-01 05:18:26.377860,0 days 00:00:46.420221,balanced,0.9072040768480493,0.014943326309421051,16,20,0.03455237327544518,2000,224,0.018503666580710898,1.8256884917155247e-07,0.7712528164588154,0.8781185476873405,0.8373490588822561,0.8300077895689725,0.8448275862068965,0.9499200857941511,COMPLETE
1235,0.8373762849157017,2026-06-01 05:18:26.388008,2026-06-01 05:19:13.687395,0 days 00:00:47.299387,balanced,0.9011384028981931,0.01585338609310237,16,10,0.06590557309107188,2000,240,0.04047161343897023,1.497893743890693e-07,0.7802678301264621,0.8786967834662187,0.8373762849157017,0.8338159591468083,0.8409772946039297,0.9498880894767159,COMPLETE
1236,0.8341925234575096,2026-06-01 05:19:13.698363,2026-06-01 05:19:36.958710,0 days 00:00:23.260347,balanced,0.9099249338342069,0.01507179092893942,16,10,0.01604357721895971,2000,80,0.03050108643159576,2.427918584763037e-07,0.7758498077352884,0.8737239720160802,0.8341925234575096,0.814034834192185,0.8553875771473868,0.9489184691363262,COMPLETE
1237,0.8385979745521631,2026-06-01 05:19:36.970543,2026-06-01 05:20:22.603064,0 days 00:00:45.632521,balanced,0.8994371487167797,0.014374681740191525,16,10,0.01874030167152339,2000,232,0.011054478699782596,2.0737361959203366e-07,0.7693920417959225,0.8793486137035993,0.8385979745521631,0.8332695220715455,0.8440065681444991,0.9507440830998819,COMPLETE
1238,0.839267587087441,2026-06-01 05:20:22.613919,2026-06-01 05:21:08.331153,0 days 00:00:45.717234,balanced,0.9019421112103913,0.01692454739849439,16,10,0.0005642386961691255,2000,240,0.02454239502228072,3.1287036990732955e-07,0.7944126982728609,0.8802948101691227,0.839267587087441,0.8369918707422371,0.841571824924976,0.9511884378362527,COMPLETE
1239,0.8369039283785676,2026-06-01 05:21:08.342439,2026-06-01 05:21:58.019663,0 days 00:00:49.677224,balanced,0.8955947640979274,0.015310160846886293,16,20,0.0500034534076943,2000,240,0.008593360813681354,1.2307290267324452e-07,0.7823282608999413,0.8779923902587132,0.8369039283785676,0.8309733728799141,0.8429307513730819,0.9497203637088588,COMPLETE
1240,0.8387379218757175,2026-06-01 05:21:58.029856,2026-06-01 05:22:43.099637,0 days 00:00:45.069781,balanced,0.896394833297968,0.014462156102810061,16,10,0.0315634133674978,2000,232,0.022324697583319265,4.1705392206465554e-07,0.7697278962771964,0.8794747771009579,0.8387379218757175,0.8335455071567672,0.8440065681444991,0.95050741187415,COMPLETE
1241,0.8376497098300998,2026-06-01 05:22:43.110532,2026-06-01 05:23:31.638768,0 days 00:00:48.528236,balanced,0.907755924921154,0.016011392132813107,16,10,0.017033853482946327,2000,248,0.025845966606796777,1.287149789747309e-07,0.7615409058171799,0.8790121891410477,0.8376497098300998,0.834858998207643,0.8404676971858898,0.9505510250605188,COMPLETE
1242,0.8372898561904581,2026-06-01 05:23:31.649936,2026-06-01 05:24:22.246149,0 days 00:00:50.596213,balanced,0.887933094556391,0.014594380332057484,16,20,0.03330406487174633,2000,240,0.018665458688244704,7.663130741689115e-08,0.7863092030333413,0.878223685233457,0.8372898561904581,0.8309668352956332,0.8437234584678105,0.9499151960468611,COMPLETE
1243,0.8393023846555409,2026-06-01 05:24:22.258382,2026-06-01 05:25:10.271689,0 days 00:00:48.013307,balanced,0.8958775299572002,0.015572165021661723,16,10,0.00020421569817775592,2000,248,0.01562778052963777,7.147238244221682e-07,0.76229767251088,0.8802422541625178,0.8393023846555409,0.8364706375688433,0.8421663552460222,0.9511784009782334,COMPLETE
1244,0.8331282119552724,2026-06-01 05:25:10.283165,2026-06-01 05:25:56.802344,0 days 00:00:46.519179,,0.8901767331896933,0.01724137179668758,16,10,0.08675479365083377,2000,240,0.0168221743922127,1.8700281029562363e-07,0.7780172592049712,0.8799478710229692,0.8331282119552724,0.8610141768636904,0.8070041334012797,0.9494694006573607,COMPLETE
1245,0.828329182516982,2026-06-01 05:25:56.813451,2026-06-01 05:26:21.838128,0 days 00:00:25.024677,balanced,0.9163576225592571,0.01659330750276295,16,20,0.7069845436518838,2000,248,0.01330434950648979,9.339827485703534e-08,0.7715675491128279,0.8695291329785247,0.828329182516982,0.8099232260942286,0.8476020610384462,0.9457578139602854,COMPLETE
1246,0.8374210829902834,2026-06-01 05:26:21.848340,2026-06-01 05:27:07.568550,0 days 00:00:45.720210,balanced,0.8804092488809057,0.014439723091486858,16,10,0.04909224931735534,2000,232,0.03539199096841948,2.7887139621598556e-07,0.7929207859973255,0.8784549835241625,0.8374210829902834,0.831988283933395,0.8429307513730819,0.9504336987758554,COMPLETE
1247,0.8386380577883559,2026-06-01 05:27:07.579824,2026-06-01 05:27:54.751175,0 days 00:00:47.171351,balanced,0.9053610483452391,0.015088097647309343,16,10,0.018603007809282663,2000,248,4.300856694965481e-05,1.1698322537468081e-07,0.800690544376907,0.8796009351927775,0.8386380577883559,0.8348142261499286,0.8425060868580488,0.9508319872501035,COMPLETE
1248,0.8386226513260492,2026-06-01 05:27:54.762449,2026-06-01 05:28:42.193741,0 days 00:00:47.431292,balanced,0.889344222890937,0.01405661175736397,16,20,0.017821184072372535,2000,224,0.04596460307157086,6.389451759509512e-08,0.782313639731057,0.8789491049553971,0.8386226513260492,0.8304420048751483,0.846979219749731,0.9502283911318884,COMPLETE
1249,0.8382151497844198,2026-06-01 05:28:42.214267,2026-06-01 05:29:29.229955,0 days 00:00:47.015688,balanced,0.8813530899749276,0.016243665392607572,16,10,0.034760825476853496,2000,240,0.023262299382108203,1.5451705493534361e-07,0.7689557973596914,0.8793906647428914,0.8382151497844198,0.8351245103675856,0.8413453371836249,0.9504290086451833,COMPLETE
1250,0.840069624079872,2026-06-01 05:29:29.249829,2026-06-01 05:30:16.328669,0 days 00:00:47.078840,balanced,0.6612774774265224,0.014224233176355574,16,10,0.0006641451220916101,2000,240,0.00012163383202440089,2.3357573244997993e-07,0.7736402959687096,0.8802842975750979,0.840069624079872,0.8335891804538434,0.8466677991053735,0.9513933198054829,COMPLETE
1251,0.8368832655748362,2026-06-01 05:30:16.338955,2026-06-01 05:31:05.135429,0 days 00:00:48.796474,balanced,0.654674583533938,0.014510034301305595,16,10,0.06520101417285104,2000,248,0.00014374821168759968,4.250768491777914e-07,0.770922990330279,0.8778662301773165,0.8368832655748362,0.8302184220527747,0.8436668365324728,0.9498827678057684,COMPLETE
1252,0.8385539205255806,2026-06-01 05:31:05.146720,2026-06-01 05:31:51.038506,0 days 00:00:45.891786,balanced,0.900868161238823,0.015142027820037235,16,10,0.017303753480097987,2000,240,0.00010958634539052548,3.256277693975821e-07,0.7740348167721421,0.8795378569758582,0.8385539205255806,0.8347272414224416,0.8424211539550422,0.950865406181209,COMPLETE
1253,0.8394758501303752,2026-06-01 05:31:51.048737,2026-06-01 05:32:38.353231,0 days 00:00:47.304494,balanced,0.8929393115618379,0.014107913596468138,16,10,0.00017530027691702163,2000,248,0.0001245836405970154,2.231160550347211e-07,0.7620583097016076,0.8801476358423503,0.8394758501303752,0.835116684829749,0.8438933242738237,0.9512797488934016,COMPLETE
1254,0.8373804824197943,2026-06-01 05:32:38.364622,2026-06-01 05:33:23.783181,0 days 00:00:45.418559,balanced,0.8808966023880789,0.015805993236513525,16,10,0.04554073811742827,2000,232,0.00021609632841425725,4.5715546585143255e-07,0.7767487595394734,0.8786021624932815,0.8373804824197943,0.8331579415202707,0.8416567578279825,0.9503517585919895,COMPLETE
1255,0.8385476464948051,2026-06-01 05:33:23.794265,2026-06-01 05:34:12.785673,0 days 00:00:48.991408,balanced,0.6876811131434026,0.014113384625746307,16,10,0.019158259591981544,2000,248,0.00019092683342793624,3.019398198058719e-07,0.7883584313302019,0.8792645083090528,0.8385476464948051,0.8328935512419982,0.8442896778211879,0.9508489189787852,COMPLETE
1256,0.8389504089149978,2026-06-01 05:34:12.796890,2026-06-01 05:34:59.251660,0 days 00:00:46.454770,balanced,0.8876683179001591,0.014871100486055552,16,10,0.032956926757511926,2000,240,8.239565484039999e-05,5.809051207744203e-07,0.7815704559568237,0.8797901778018442,0.8389504089149978,0.8348192883752429,0.843128928146764,0.9506379987655217,COMPLETE
1257,0.8388844932420249,2026-06-01 05:34:59.262456,2026-06-01 05:35:48.520299,0 days 00:00:49.257843,balanced,0.6753202818189132,0.014140068573460682,16,10,0.01770904759092973,2000,248,0.00015844520288891146,2.27054198538287e-07,0.7660262302279766,0.8794852959953104,0.8388844932420249,0.8330044747042843,0.8448558971745653,0.9507543378887039,COMPLETE
1258,0.8303363465476453,2026-06-01 05:35:48.531456,2026-06-01 05:36:32.398152,0 days 00:00:43.866696,balanced,0.8791856511549798,0.015207340295669364,16,140,0.052412132924299776,2000,232,0.00020911755177031302,1.5402494888582176e-07,0.7760024539176734,0.8710640751641819,0.8303363465476453,0.8119273919980706,0.8496121397429364,0.9470037042273467,COMPLETE
1259,0.8394506302571338,2026-06-01 05:36:32.417962,2026-06-01 05:37:20.523753,0 days 00:00:48.105791,balanced,0.9016390294966568,0.015667359407789135,16,10,0.01748047705405786,2000,248,0.00013746885112878547,8.078095647303704e-07,0.7599047850209518,0.8803263651941995,0.8394506302571338,0.836455233554091,0.8424777758903798,0.9507433944919376,COMPLETE
1260,0.8379920007426565,2026-06-01 05:37:20.535005,2026-06-01 05:38:08.103353,0 days 00:00:47.568348,balanced,0.8931453231405139,0.014135176020612416,16,10,0.033527349871654795,2000,248,0.00010690142096228165,2.201206453282775e-07,0.7840660358579353,0.879001673562657,0.8379920007426565,0.8333652514077358,0.8426759526640621,0.9506615637038763,COMPLETE
1261,0.8402303325255703,2026-06-01 05:38:08.114752,2026-06-01 05:38:54.554579,0 days 00:00:46.439827,balanced,0.7008978509517703,0.016254775949859922,16,10,0.0005091613263501843,2000,240,0.00019824083086051068,1.0464633577708921e-07,0.7700638363963027,0.8808625360067454,0.8402303325255703,0.8369148750713213,0.8435819036294662,0.9514527074065585,COMPLETE
1262,0.8373407537171708,2026-06-01 05:38:54.565707,2026-06-01 05:39:39.725490,0 days 00:00:45.159783,balanced,0.9165276496674701,0.01782973673692593,16,10,0.034074899757131814,2000,232,0.0002063337798349091,1.343431707305838e-07,0.7726474829149363,0.87888602043815,0.8373407537171708,0.8352516808218842,0.8394485023498103,0.9504159784830106,COMPLETE
1263,0.83624351550543,2026-06-01 05:39:39.735706,2026-06-01 05:40:23.702528,0 days 00:00:43.966822,balanced,0.9070961209345947,0.017166020706182346,16,10,0.06252494985027635,2000,224,9.381092863649553e-05,1.9946618137719268e-07,0.7678238604532442,0.8778872623288865,0.83624351550543,0.8329364149421417,0.8395900571881548,0.9499618134560684,COMPLETE
1264,0.8352781947661355,2026-06-01 05:40:23.712727,2026-06-01 05:40:51.149856,0 days 00:00:27.437129,,0.6854210183686436,0.018346320159142535,16,10,0.00035470796487789265,1300,232,0.0002595349359014372,1.3510810888442237e-07,0.7782713541127995,0.8816615508503802,0.8352781947661355,0.8645430084394504,0.8079383953343525,0.9511714685653027,COMPLETE
1265,0.8383056884287874,2026-06-01 05:40:51.160844,2026-06-01 05:41:39.450868,0 days 00:00:48.290024,balanced,0.6650747505687974,0.016387896595057364,16,10,0.017322955743031436,2000,240,0.0001273011745058806,1.6851800048100243e-07,0.7686197200626247,0.8792960530546478,0.8383056884287874,0.834103386665837,0.8425627087933867,0.9506704704414085,COMPLETE
1266,0.8398060591495561,2026-06-01 05:41:39.461315,2026-06-01 05:42:26.754016,0 days 00:00:47.292701,balanced,0.6918627101857663,0.016231029941071333,16,10,0.0005122111797584014,2000,240,0.00017376348938290276,9.764184727431553e-08,0.7611486086012852,0.8805891966246332,0.8398060591495561,0.8368074128280997,0.8428458184700753,0.9512408374335483,COMPLETE
1267,0.8399107698962637,2026-06-01 05:42:26.765693,2026-06-01 05:43:11.110149,0 days 00:00:44.344456,balanced,0.6786113362432586,0.016245735668869905,16,10,0.0007408518140425393,2000,224,7.045995749785867e-05,1.0971164976630842e-07,0.7617531170679686,0.8803578963443505,0.8399107698962637,0.8347617339373272,0.8451390068512542,0.9513105489583746,COMPLETE
1268,0.8392632139692516,2026-06-01 05:43:11.121529,2026-06-01 05:43:54.969025,0 days 00:00:43.847496,balanced,0.6709912462160851,0.017269905314693506,16,10,0.0005775770292945769,2000,224,8.798622379944529e-05,9.24490071253334e-08,0.7691937975995902,0.8800530118850475,0.8392632139692516,0.8353371636591452,0.8432421720174396,0.9512697693231879,COMPLETE
1269,0.8372267398561819,2026-06-01 05:43:54.980326,2026-06-01 05:44:41.179323,0 days 00:00:46.198997,balanced,0.6774334230890693,0.018295206674122873,16,10,0.04733689390294875,2000,232,6.152641874038695e-05,2.834121552183937e-07,0.7638942179118186,0.8785180600831008,0.8372267398561819,0.833215628190144,0.8412887152482872,0.9500150003889942,COMPLETE
1270,0.8387892974247002,2026-06-01 05:44:41.204888,2026-06-01 05:45:26.000845,0 days 00:00:44.795957,balanced,0.6687966486887282,0.01740744250833219,16,10,0.0325822336047907,2000,224,5.709674044925215e-05,1.0755547723442493e-07,0.7633598319973441,0.8795483685750946,0.8387892974247002,0.8338471912408342,0.8438083913708171,0.9503980758281685,COMPLETE
1271,0.8386068684200768,2026-06-01 05:45:26.011281,2026-06-01 05:46:11.250189,0 days 00:00:45.238908,balanced,0.6922637527344138,0.01689719087618268,16,10,0.018618130184187977,2000,232,6.688624966582318e-05,1.6370673503411692e-07,0.7610442060423241,0.8795483659223251,0.8386068684200768,0.8345894793028087,0.842675952664062,0.9507527381413032,COMPLETE
1272,0.8371069196826201,2026-06-01 05:46:11.270004,2026-06-01 05:46:58.904361,0 days 00:00:47.634357,balanced,0.6582407528483286,0.01792922886669878,16,20,0.01929094731453081,2000,224,8.700225163447363e-05,3.6933371136538217e-07,0.7721505887381351,0.878055472454787,0.8371069196826201,0.8305731841717782,0.8437517694354794,0.9498459954925494,COMPLETE
1273,0.8375560897117659,2026-06-01 05:46:58.914481,2026-06-01 05:47:43.891842,0 days 00:00:44.977361,balanced,0.6954480901896554,0.01641792714402082,16,10,0.07103805236786072,2000,224,7.408942886520477e-05,9.124575385873146e-08,0.7614895813041535,0.8785706353222847,0.8375560897117659,0.8322285140013022,0.8429590623407508,0.9499453444411209,COMPLETE
1274,0.837910398322105,2026-06-01 05:47:43.903203,2026-06-01 05:48:30.818182,0 days 00:00:46.914979,balanced,0.6801334914253194,0.016768790045072254,16,10,0.03651040518303438,2000,232,0.00010734082877936382,2.3287950215106756e-07,0.7752022354405499,0.8790437219491798,0.837910398322105,0.8339861587268719,0.8418832455693336,0.9503312090879147,COMPLETE
1275,0.8392983291684625,2026-06-01 05:48:30.829696,2026-06-01 05:49:17.072639,0 days 00:00:46.242943,balanced,0.6649590838624305,0.016137167587426678,16,10,0.016991648411224625,2000,232,5.879715065391774e-05,1.2514307236073648e-07,0.7684478813643363,0.879842737124411,0.8392983291684625,0.8337427622976331,0.8449408300775721,0.9507549609578101,COMPLETE
1276,0.8397214364746063,2026-06-01 05:49:17.084068,2026-06-01 05:50:02.431790,0 days 00:00:45.347722,balanced,0.6831197053638144,0.01587221999331731,16,10,0.00048119380394846605,2000,232,0.00010525708141236177,1.6335645601804605e-07,0.7601385530973757,0.8802948164694504,0.8397214364746063,0.8350994940635604,0.8444029216918635,0.9513587884368118,COMPLETE
1277,0.8361152888206735,2026-06-01 05:50:02.442969,2026-06-01 05:50:51.376821,0 days 00:00:48.933852,balanced,0.6817499018612381,0.018238856186375354,16,20,0.048319539977820763,2000,232,8.92600750813889e-05,3.637217045544476e-07,0.7761617222973825,0.8774456952462758,0.8361152888206735,0.8304672344265341,0.8418549346016647,0.9494368325205058,COMPLETE
1278,0.8400649197800621,2026-06-01 05:50:51.387957,2026-06-01 05:51:35.097034,0 days 00:00:43.709077,balanced,0.7001461063659813,0.016661217275332808,16,10,0.0008528809703375492,2000,224,0.00011394051321961132,2.173033888835871e-07,0.7663253421998921,0.8805997032499269,0.8400649197800621,0.8357766476848555,0.8444029216918634,0.95130657653739,COMPLETE
1279,0.8380439380092394,2026-06-01 05:51:35.107754,2026-06-01 05:52:23.447275,0 days 00:00:48.339521,balanced,0.6977628332392593,0.018155719339442936,16,20,0.00044317385600643776,2000,232,0.0001342605170955692,6.510776109313342e-07,0.7676779316560688,0.8791173207184327,0.8380439380092394,0.8339434933195843,0.8421946662136911,0.9505380895516841,COMPLETE
1280,0.8375582719220936,2026-06-01 05:52:23.458219,2026-06-01 05:53:08.494400,0 days 00:00:45.036181,balanced,0.7102306223814686,0.016594552192296903,16,10,0.0331712810564515,2000,224,0.00011615393525009858,2.4927620021883027e-07,0.7816920757420927,0.8786652393838161,0.8375582719220936,0.8328451573815178,0.8423362210520354,0.9504981332118908,COMPLETE
1281,0.839373599013602,2026-06-01 05:53:08.505831,2026-06-01 05:53:51.604877,0 days 00:00:43.099046,balanced,0.6878202596046864,0.017441619934295643,16,10,2.8317160524378654e-05,2000,224,7.223455446231336e-05,2.0597219272303804e-07,0.7743281273923001,0.8802317372577425,0.839373599013602,0.8361093395476181,0.8426759526640621,0.9513910347895326,COMPLETE
1282,0.8375728302511671,2026-06-01 05:53:51.616402,2026-06-01 05:54:37.104409,0 days 00:00:45.488007,balanced,0.6902360492419353,0.017175613928677176,16,10,0.03238561165772353,2000,224,0.08262734151053824,2.9218187464321065e-07,0.7686300660683684,0.8786967788238721,0.8375728302511671,0.8330102667763626,0.8421946662136913,0.9501572486442281,COMPLETE
1283,0.8385210713777237,2026-06-01 05:54:37.115174,2026-06-01 05:55:22.588477,0 days 00:00:45.473303,balanced,0.6786189500671693,0.016291205514859165,16,10,0.018264665934732402,2000,232,0.00012692680608363354,4.240861459122901e-07,0.7838484460608505,0.8793486166879649,0.8385210713777237,0.833563623308779,0.8435535926617973,0.9506813355643978,COMPLETE
1284,0.8323174882552755,2026-06-01 05:55:22.599642,2026-06-01 05:56:10.562190,0 days 00:00:47.962548,,0.6953015922198044,0.01596947096678361,16,20,0.05899009893279436,2000,232,0.00010547574923901774,1.419223011275866e-07,0.7761528457756001,0.8794537462757727,0.8323174882552755,0.8608583963776768,0.8056168959855047,0.9493326629846583,COMPLETE
1285,0.836470256132837,2026-06-01 05:56:10.572642,2026-06-01 05:56:55.468964,0 days 00:00:44.896322,balanced,0.7057813949467139,0.018460593698240324,16,10,0.08808336873174906,2000,224,8.777482825049739e-05,2.3161442658973262e-07,0.7620428488471662,0.8779187984529804,0.836470256132837,0.8322162988105343,0.8407791178302474,0.9496801643361827,COMPLETE
1286,0.8326559386133988,2026-06-01 05:56:55.480821,2026-06-01 05:57:30.420252,0 days 00:00:34.939431,balanced,0.6615095761910738,0.0160197966706707,16,10,0.3619910704909242,2000,232,0.00012228682201553275,4.900500451645952e-07,0.7896236700533363,0.8737029385381255,0.8326559386133988,0.8196389353942761,0.8461015797519958,0.9474391214611942,COMPLETE
1287,0.8367042897809313,2026-06-01 05:57:30.431526,2026-06-01 05:58:16.773871,0 days 00:00:46.342345,balanced,0.7004557809369595,0.017699680913435187,16,20,0.0189927188697869,2000,224,0.00015436800869697082,1.088785582229632e-07,0.7704707893268685,0.8778872580181359,0.8367042897809313,0.8310717902080876,0.8424211539550422,0.9499630431607015,COMPLETE
