number,value,datetime_start,datetime_complete,duration,params_class_weight,params_colsample_bytree,params_learning_rate,params_max_depth,params_min_child_samples,params_min_split_gain,params_n_estimators,params_num_leaves,params_reg_alpha,params_reg_lambda,params_subsample,user_attrs_accuracy,user_attrs_f1,user_attrs_precision,user_attrs_recall,user_attrs_roc_auc,state
123,0.8341112194882045,2026-05-31 15:48:28.375877,2026-05-31 15:48:57.453824,0 days 00:00:29.077947,balanced,0.9189018436059001,0.03756402043415091,12,30,0.05402408689310476,700,224,3.186837722035333e-08,0.0001568433717355954,0.8879652690620874,0.8746176065062675,0.8341112194882045,0.8199098591839964,0.848819432648208,0.9485609968411856,COMPLETE
124,0.8344784892465981,2026-05-31 15:48:57.480933,2026-05-31 15:49:26.411935,0 days 00:00:28.931002,balanced,0.9201122156129823,0.036701807592771245,12,30,0.051870999909727836,700,224,3.15489947103191e-08,7.811789172645105e-05,0.8839265416362145,0.8749014707514635,0.8344784892465981,0.8203060313714303,0.8491591642602344,0.9487890143220156,COMPLETE
125,0.8346900710321844,2026-05-31 15:49:26.438495,2026-05-31 15:49:58.729492,0 days 00:00:32.290997,balanced,0.916976729758013,0.03388195239429074,12,30,0.055779380526668504,800,216,3.540520680904315e-08,0.00016910347507627296,0.9015952967051465,0.8750065976865019,0.8346900710321844,0.8201614372043581,0.8497536945812808,0.9486557162897059,COMPLETE
126,0.8358022393855197,2026-05-31 15:49:58.748185,2026-05-31 15:50:30.817659,0 days 00:00:32.069474,balanced,0.907168424675773,0.0339331550833534,12,30,0.048932046826085054,800,208,3.1809404754383173e-08,0.00012684914228849712,0.8993285246406368,0.8758161261189502,0.8358022393855197,0.8210742949358206,0.8510843100617179,0.9490896129114496,COMPLETE
127,0.8308499228958665,2026-05-31 15:50:30.849604,2026-05-31 15:51:02.420964,0 days 00:00:31.571360,,0.9182736463381216,0.03431004429308905,12,30,0.052453432209799755,800,200,1.306600796913005e-08,0.00014956036331336434,0.9003449617419332,0.8783288101789181,0.8308499228958665,0.8587886981317575,0.8046826340524319,0.9487565714376563,COMPLETE
128,0.8342624763392337,2026-05-31 15:51:02.443791,2026-05-31 15:51:38.613945,0 days 00:00:36.170154,balanced,0.9571340116469699,0.03697331896235158,12,30,0.0838941296163501,900,208,9.335136026592379e-08,7.400970881300768e-05,0.9309783996451244,0.8751222484898356,0.8342624763392337,0.8225814113657699,0.8462997565256781,0.9483212382477499,COMPLETE
129,0.836202909447547,2026-05-31 15:51:38.639236,2026-05-31 15:52:27.878880,0 days 00:00:49.239644,balanced,0.9089006949126256,0.036438479529002255,12,40,0.02687061998157913,1200,208,9.214810623581868e-08,8.208061166908981e-05,0.9343433004628691,0.8769305403370865,0.836202909447547,0.8267009545416054,0.8459317139459827,0.9489447493408497,COMPLETE
130,0.8305879468571864,2026-05-31 15:52:27.911537,2026-05-31 15:52:52.712720,0 days 00:00:24.801183,balanced,0.9070132785843735,0.03671747748198211,8,40,0.0581173078811043,1100,208,8.201364216735522e-08,0.00010702183597740486,0.8860879097941793,0.8704438026046476,0.8305879468571864,0.8073736569653018,0.8551894003737047,0.9470617661921047,COMPLETE
131,0.8353510824063587,2026-05-31 15:52:52.735490,2026-05-31 15:53:26.509566,0 days 00:00:33.774076,balanced,0.9208316869775177,0.03286928782649921,12,30,0.028379456169563756,900,184,3.083378161431446e-08,8.020140289434374e-05,0.9324707614687741,0.8754691899571624,0.8353510824063587,0.8205976497350745,0.8506596455466848,0.949259682466652,COMPLETE
132,0.835069185805169,2026-05-31 15:53:26.532782,2026-05-31 15:54:01.018707,0 days 00:00:34.485925,balanced,0.8881972952758894,0.0331265227754164,12,30,0.02778641184178094,900,192,2.876920568894207e-08,7.562353768638109e-05,0.9344117443835755,0.8753535401486173,0.835069185805169,0.820954306036152,0.8496970726459431,0.9492182135937542,COMPLETE
133,0.836412908231399,2026-05-31 15:54:01.039178,2026-05-31 15:54:46.595369,0 days 00:00:45.556191,balanced,0.9197950080774184,0.03308483599747174,12,30,0.028783691028961955,1200,184,1.065280771140972e-08,7.06900316099821e-05,0.9335347267547548,0.8769095124962671,0.836412908231399,0.8257427163467123,0.8473755732970952,0.9491723687960253,COMPLETE
134,0.8358866761361451,2026-05-31 15:54:46.628470,2026-05-31 15:55:32.472915,0 days 00:00:45.844445,balanced,0.8912986059422356,0.032789511134007375,12,30,0.03217587961495712,1200,184,4.6043529848061984e-08,7.67948863352874e-05,0.9341503548477433,0.8764048764814305,0.8358866761361451,0.8245310502136657,0.8475737500707775,0.9491455745362924,COMPLETE
135,0.8344311684436655,2026-05-31 15:55:32.500217,2026-05-31 15:56:06.029868,0 days 00:00:33.529651,balanced,0.8649828446064283,0.031044443090651023,12,40,0.029293935620768225,900,184,1.1879085422817718e-07,8.198095932461302e-05,0.9489312821671031,0.874354772091468,0.8344311684436655,0.8170503993639656,0.8525847913481682,0.9488262928625101,COMPLETE
136,0.8357134360258324,2026-05-31 15:56:06.046787,2026-05-31 15:56:51.786832,0 days 00:00:45.740045,balanced,0.8882160934010545,0.031030327066434785,12,40,0.03295727963456793,1200,184,1.2578676693179735e-07,8.273743259531042e-05,0.9500958805541118,0.8758476741805069,0.8357134360258324,0.8216162638127935,0.8503199139346583,0.948796326083393,COMPLETE
137,0.8219683123318293,2026-05-31 15:56:51.819194,2026-05-31 15:57:09.709617,0 days 00:00:17.890423,balanced,0.8875831044920872,0.031945360549063474,6,40,0.026450201279690028,1200,184,1.0505832133670606e-08,7.403564292380736e-05,0.9578644122002165,0.8627059623936296,0.8219683123318293,0.7927409024530326,0.8534624313459034,0.9435559851937732,COMPLETE
138,0.8354097799667531,2026-05-31 15:57:09.728872,2026-05-31 15:57:56.729438,0 days 00:00:47.000566,balanced,0.8939651638889347,0.03312791344191374,12,40,0.025701506486082965,1300,168,5.078152817673139e-08,9.39573789609537e-05,0.9715933074493095,0.8758476582638899,0.8354097799667531,0.8227777225362937,0.8484513900685124,0.9488007313544058,COMPLETE
139,0.8360526166495182,2026-05-31 15:57:56.752829,2026-05-31 15:58:44.159443,0 days 00:00:47.406614,balanced,0.8917363935079323,0.03342324118582603,-1,30,0.021885740645252692,1300,176,4.763999901345911e-08,0.00020260507188493056,0.9730549886141916,0.8771092663729738,0.8360526166495182,0.828478724065083,0.8437800804031482,0.9497595061047607,COMPLETE
140,0.8350297043182321,2026-05-31 15:58:44.177595,2026-05-31 15:59:30.944934,0 days 00:00:46.767339,balanced,0.8919309026806229,0.03420441564404829,-1,40,0.030259623314434637,1300,168,5.822491592045704e-08,0.0004314122312955473,0.9736232611317482,0.8760369058468993,0.8350297043182321,0.8254671045490599,0.8448275862068965,0.9489446930280169,COMPLETE
141,0.8356311932786448,2026-05-31 15:59:30.960540,2026-05-31 16:00:17.869923,0 days 00:00:46.909383,balanced,0.8912593721258077,0.033127413201773585,-1,40,0.024100018864643545,1300,168,5.656964167880984e-08,0.0004925581683157264,0.9733415854436418,0.8764259006746918,0.8356311932786448,0.8256376125399586,0.8458750920106449,0.9493326905742349,COMPLETE
142,0.8353506885760543,2026-05-31 16:00:17.894055,2026-05-31 16:01:06.315819,0 days 00:00:48.421764,balanced,0.8950714695505306,0.03339615803444476,-1,50,0.021622569094921155,1300,168,5.8672051773677244e-08,0.00023062020989559384,0.9714415570569099,0.8760263813154116,0.8353506885760543,0.8241635736310178,0.8468659758790555,0.949266828348927,COMPLETE
143,0.8363526594134819,2026-05-31 16:01:06.329220,2026-05-31 16:01:53.686139,0 days 00:00:47.356919,balanced,0.8928142986723179,0.03364546141767919,-1,40,0.020110162151827062,1300,168,5.4550307615976465e-08,0.00020035267597877124,0.9723511761266801,0.8770987607424688,0.8363526594134819,0.8272527310631089,0.8456769152369628,0.9495149056663451,COMPLETE
144,0.8366405786221947,2026-05-31 16:01:53.704219,2026-05-31 16:02:41.293795,0 days 00:00:47.589576,balanced,0.8879372554351371,0.030433944965924362,-1,40,0.019306552273735084,1300,168,5.216803224085658e-08,0.0004530002537149797,0.9705502964693744,0.8770356758936257,0.8366405786221947,0.8256757854155894,0.847913481682804,0.9495835063930512,COMPLETE
145,0.8347901412508419,2026-05-31 16:02:41.316457,2026-05-31 16:03:30.593802,0 days 00:00:49.277345,balanced,0.8861877825246012,0.027327788100737497,-1,50,0.024093321261156826,1300,168,1.6797011913174499e-07,0.0005787769108576542,0.9705671921650134,0.8753535414750019,0.8347901412508419,0.822000600478351,0.8479984145858106,0.9493496104793112,COMPLETE
146,0.8344694558701701,2026-05-31 16:03:30.613180,2026-05-31 16:04:17.932290,0 days 00:00:47.319110,balanced,0.8935279621653407,0.03033768729528397,-1,40,0.031422974219071746,1300,168,5.569925134378125e-08,0.0003829520185915352,0.9819630551465545,0.8754691869727966,0.8344694558701701,0.8239683242196122,0.8452522507219297,0.948987645552983,COMPLETE
147,0.835455732802871,2026-05-31 16:04:17.954846,2026-05-31 16:04:58.618698,0 days 00:00:40.663852,balanced,0.9006711298750162,0.03285477727586333,-1,40,0.01950859667747023,1200,152,8.053719938844862e-08,0.00043047652965445203,0.9723157482385731,0.8759107451023102,0.835455732802871,0.8229949692304372,0.8483098352301681,0.9494379551043899,COMPLETE
148,0.8356305406691815,2026-05-31 16:04:58.638124,2026-05-31 16:05:39.081543,0 days 00:00:40.443419,balanced,0.8766541561734325,0.031403090765293275,-1,50,0.014388275680411547,1200,144,2.336786711086068e-07,0.0002185789913781386,0.9647184224009704,0.8756689358755606,0.8356305406691815,0.8207960309388885,0.8510276881263802,0.9495129739768761,COMPLETE
149,0.8308610540710551,2026-05-31 16:05:39.101624,2026-05-31 16:06:19.625354,0 days 00:00:40.523730,,0.8993598790702547,0.03042106333338832,-1,50,0.016143711768656283,1200,144,2.414760546678521e-07,0.0013088712940793961,0.9988446596321594,0.8780870135528237,0.8308610540710551,0.8569537874454216,0.8063246701772266,0.9490699073494486,COMPLETE
150,0.8341075650795035,2026-05-31 16:06:19.646187,2026-05-31 16:07:07.197299,0 days 00:00:47.551112,balanced,0.8664445139463761,0.032016474913508494,-1,40,0.06997338868125688,1400,152,1.5229094104513237e-07,0.0008838976832052112,0.9658415761973609,0.874911970413237,0.8341075650795035,0.8217888843880723,0.8468093539437178,0.9484455682983878,COMPLETE
151,0.8349723537489622,2026-05-31 16:07:07.217631,2026-05-31 16:07:53.542634,0 days 00:00:46.325003,balanced,0.8743498022481422,0.03300171655904421,-1,50,0.016404300791752882,1200,176,8.289084623414371e-08,0.00024675666510718227,0.9844116998895448,0.8756373898035811,0.8349723537489622,0.8231006624527879,0.847205707491082,0.9492948922340223,COMPLETE
152,0.834656665707885,2026-05-31 16:07:53.567096,2026-05-31 16:08:47.310173,0 days 00:00:53.743077,balanced,0.88313274226839,0.028391573249820272,-1,40,0.04462672821718025,1300,192,1.0448646070434088e-07,0.00012055301053005024,0.949429517366058,0.8757320144240762,0.834656665707885,0.8249591486935827,0.8446010984655455,0.9489444592370312,COMPLETE
153,0.8366219598347607,2026-05-31 16:08:47.341169,2026-05-31 16:09:34.313461,0 days 00:00:46.972292,balanced,0.9034252329690702,0.032078217006888905,-1,40,0.020974025262783195,1200,184,4.66283673510986e-08,0.00023615214776285967,0.9413243197451002,0.8773826153713754,0.8366219598347607,0.828038690588647,0.8453938055602741,0.9495460596909866,COMPLETE
154,0.8374267224244849,2026-05-31 16:09:34.339474,2026-05-31 16:10:16.324453,0 days 00:00:41.984979,balanced,0.9081626393946657,0.02556861018404941,-1,40,0.0007075743399980912,1200,152,4.859625796425325e-08,0.0002317489961054445,0.9634715875783783,0.8770356709196828,0.8374267224244849,0.8226117118164308,0.8528112790895191,0.9506396219485481,COMPLETE
155,0.8357676916310863,2026-05-31 16:10:16.352484,2026-05-31 16:10:58.306458,0 days 00:00:41.953974,balanced,0.9069864562724389,0.025934337624275557,-1,40,0.01543524458683063,1200,152,5.0839049400418946e-08,0.0003870919420430469,0.9623867285477945,0.8758056138565214,0.8357676916310863,0.8211136633597764,0.8509710661910425,0.9498069508208545,COMPLETE
156,0.8366630704863777,2026-05-31 16:10:58.326037,2026-05-31 16:11:40.378690,0 days 00:00:42.052653,balanced,0.9048194565275653,0.026248374250934202,-1,40,0.002587390931755789,1200,152,1.3636838765790465e-07,0.00036739060717981477,0.9629318346154788,0.8765310213094025,0.8366630704863777,0.8223199917846085,0.85153728554442,0.9502037748763206,COMPLETE
157,0.8366518427846419,2026-05-31 16:11:40.396216,2026-05-31 16:12:22.870824,0 days 00:00:42.474608,balanced,0.9084704552209542,0.023058210750076413,-1,40,0.0019480445425817915,1200,152,1.5117340040428803e-07,0.0004172981441440579,0.9622110250360654,0.8761946020523901,0.8366518427846419,0.820195372530236,0.8538021629579299,0.9502429398196757,COMPLETE
158,0.8366685217145494,2026-05-31 16:12:22.895832,2026-05-31 16:13:05.083985,0 days 00:00:42.188153,balanced,0.9067086089153696,0.02251027937574126,-1,40,0.0003776112225091933,1200,152,3.303483032688542e-07,0.0020489420153330918,0.9625643192990281,0.8761420321187452,0.8366685217145494,0.8198130454488926,0.854255138440632,0.9503322913269016,COMPLETE
159,0.8351260331251232,2026-05-31 16:13:05.103006,2026-05-31 16:13:45.044542,0 days 00:00:39.941536,balanced,0.9059319574651259,0.022275264366335534,-1,50,0.00017447316159038644,1200,136,3.0577057264691895e-07,0.00227345615033483,0.9628411293902308,0.8746070839643566,0.8351260331251232,0.816021561902818,0.8551610894060359,0.9499694888876489,COMPLETE
160,0.8341871654071674,2026-05-31 16:13:45.065208,2026-05-31 16:14:24.736385,0 days 00:00:39.671177,balanced,0.9076728432630308,0.026403646152666282,-1,40,0.06075443624844033,1100,160,1.6840793553647195e-07,0.0006160464369410298,0.954544520296129,0.8745545150255004,0.8341871654071674,0.8192222991602601,0.8497253836136119,0.9488400075759525,COMPLETE
161,0.8341252130474134,2026-05-31 16:14:24.755183,2026-05-31 16:15:06.467920,0 days 00:00:41.712737,balanced,0.9026312737582672,0.02486541297689482,-1,40,0.04357640515524812,1200,152,1.2290543405838269e-07,0.0004337611617790542,0.9424742282898568,0.8744809358204227,0.8341252130474134,0.8189940030082831,0.8498386274842874,0.9492525935253373,COMPLETE
162,0.8355851583643887,2026-05-31 16:15:06.484478,2026-05-31 16:15:44.614821,0 days 00:00:38.130343,balanced,0.9103409019114639,0.020982914162590953,-1,40,9.244552627749383e-05,1100,144,4.103840677972355e-07,0.0013133181414475127,0.9809698235824845,0.874922479359704,0.8355851583643887,0.8162582634301018,0.8558688635977577,0.9500233057044434,COMPLETE
163,0.8360868766360326,2026-05-31 16:15:44.632800,2026-05-31 16:16:33.213124,0 days 00:00:48.580324,balanced,0.9118928118463764,0.019706003585464062,-1,50,0.0026992626000928435,1400,144,4.348044316135677e-07,0.0011255523665499975,0.980932027815741,0.8755638003190214,0.8360868766360326,0.8183780754661814,0.8545948700526584,0.949954494452197,COMPLETE
164,0.8326343360512061,2026-05-31 16:16:33.229478,2026-05-31 16:17:17.799386,0 days 00:00:44.569908,balanced,0.8803592905888068,0.02368876515588189,-1,60,0.04817942796373752,1200,152,2.0390846661562767e-07,0.0011567558846215823,0.960231420331073,0.8729985390302925,0.8326343360512061,0.8153198202422218,0.8507162674820226,0.9486401488737891,COMPLETE
165,0.8333222231891512,2026-05-31 16:17:17.817397,2026-05-31 16:18:02.825085,0 days 00:00:45.007688,balanced,0.9103007847186536,0.025548453571506542,-1,50,0.06507374871057561,1400,136,0.0007038203601508791,0.0008126808642219498,0.9904318210317822,0.8736293434164306,0.8333222231891512,0.8166621580127708,0.8506879565143537,0.9483728671188759,COMPLETE
166,0.8352071185750951,2026-05-31 16:18:02.847706,2026-05-31 16:18:46.589711,0 days 00:00:43.742005,balanced,0.8999643648929506,0.020397688011413822,-1,40,0.013814895404724858,1300,144,2.45178186979743e-07,0.0016944912636772157,0.9658547279379266,0.8749435135008511,0.8352071185750951,0.817814859663474,0.8533774984428968,0.9495649523680193,COMPLETE
167,0.8374916930310299,2026-05-31 16:18:46.609724,2026-05-31 16:19:43.725289,0 days 00:00:57.115565,balanced,0.8859132482544988,0.019018440517533913,-1,50,0.000564241017973293,1400,176,1.003499903176643e-07,0.00032218304534333686,0.9424731086611977,0.8769936222015641,0.8374916930310299,0.8220795210572654,0.8535190532812411,0.9504554372727236,COMPLETE
168,0.8353500551541774,2026-05-31 16:19:43.754228,2026-05-31 16:20:39.111993,0 days 00:00:55.357765,balanced,0.8874832467531928,0.019324182345197553,-1,40,0.043688330671949716,1400,176,9.532003934854373e-08,0.00030981471884020687,0.9453425611955832,0.8754481594635733,0.8353500551541774,0.8204344505829831,0.850829511352698,0.9493366807580288,COMPLETE
169,0.8344989460431154,2026-05-31 16:20:39.132600,2026-05-31 16:21:29.965107,0 days 00:00:50.832507,balanced,0.85904602806595,0.016694570264372773,-1,30,0.07290951941564193,1400,160,1.356627437567761e-07,0.0007908249638178464,0.954666180494519,0.8744494043386754,0.8344989460431154,0.8174092981255462,0.8523299926391484,0.9491550285208034,COMPLETE
170,0.8365461060510239,2026-05-31 16:21:29.983330,2026-05-31 16:22:33.632573,0 days 00:01:03.649243,balanced,0.9014605622888862,0.018262762959984562,-1,60,0.002384543577474265,1500,176,4.7347571548668835e-08,0.00036982605077627123,0.941247093045887,0.8763523072109779,0.8365461060510239,0.8216202826965368,0.8520468829624597,0.9500554608924495,COMPLETE
171,0.8219768607900496,2026-05-31 16:22:33.650305,2026-05-31 16:23:00.463877,0 days 00:00:26.813572,balanced,0.9085134010004712,0.018239296603874924,-1,50,0.9140584352073808,1500,176,4.2945513344432104e-08,0.0004409207156675794,0.9414962623097745,0.8637993603768132,0.8219768607900496,0.798679546019593,0.8466961100730424,0.9430414436582523,COMPLETE
172,0.8351823975889384,2026-05-31 16:23:00.485289,2026-05-31 16:23:49.778339,0 days 00:00:49.293050,balanced,0.8996352527948525,0.02183404729340409,-1,60,0.00040001641572498525,1300,160,4.8340560726185236e-08,0.00022523367401571643,0.9832350940947184,0.8749119793663342,0.8351823975889384,0.8177258376867881,0.8534341203782345,0.950097061798969,COMPLETE
173,0.8326545989785217,2026-05-31 16:23:49.801397,2026-05-31 16:24:25.676616,0 days 00:00:35.875219,balanced,0.8929491255625793,0.018688131373934533,-1,40,0.04701251625079234,1100,128,6.810336563846212e-08,0.004282366573865364,0.955682311432685,0.8724308201561898,0.8326545989785217,0.8118000908091796,0.8546231810203273,0.9485304538082712,COMPLETE
174,0.8374063736511026,2026-05-31 16:24:25.696713,2026-05-31 16:25:17.183339,0 days 00:00:51.486626,balanced,0.9129770985637617,0.023377560737810856,-1,50,0.0002611898262325843,1200,192,1.9149813382221486e-08,0.002187441088371576,0.9383106354004688,0.8772669576045219,0.8374063736511026,0.8241853807488013,0.8510843100617178,0.9502767302198413,COMPLETE
175,0.837374665011267,2026-05-31 16:25:17.206869,2026-05-31 16:26:08.560622,0 days 00:00:51.353753,balanced,0.9124868267343651,0.024094036357557344,-1,50,0.0016844705153894425,1200,192,1.7419055136967497e-08,0.0003207515937564955,0.9390451378379256,0.8772669698735808,0.837374665011267,0.8243116056955303,0.8508861332880358,0.9502534743741532,COMPLETE
176,0.838062042031931,2026-05-31 16:26:08.582819,2026-05-31 16:27:13.612777,0 days 00:01:05.029958,balanced,0.9131742563258198,0.023430634658627533,-1,50,0.0006733538328024466,1500,192,1.898275552429876e-08,0.0018782544954633496,0.9339767990665016,0.8782341955063085,0.838062042031931,0.827940150634498,0.8484513900685126,0.9503641434683425,COMPLETE
177,0.8374609131004568,2026-05-31 16:27:13.632271,2026-05-31 16:28:18.253516,0 days 00:01:04.621245,balanced,0.913213602453348,0.023705836378231634,-1,50,0.0025119171603339213,1500,192,1.538195456262916e-08,0.007036369873509574,0.937622187622377,0.87780313604378,0.8374609131004568,0.827460622294612,0.8477153049091218,0.9502149294837663,COMPLETE
178,0.8360133686390414,2026-05-31 16:28:18.278769,2026-05-31 16:29:25.706762,0 days 00:01:07.427993,balanced,0.928808721490599,0.023051835749302033,-1,60,0.012597025125571416,1500,192,1.7437158967405263e-08,0.006629949548096979,0.9378551553362015,0.8765415448461017,0.8360133686390414,0.8249168027968675,0.847432195232433,0.949431158974669,COMPLETE
179,0.8343096921371548,2026-05-31 16:29:25.726398,2026-05-31 16:30:31.735383,0 days 00:01:06.008985,,0.9288313237843134,0.02299974793662122,-1,60,0.00014241331380543377,1500,192,1.7473004912955564e-08,0.008718716323299227,0.9392894560591489,0.880242251178152,0.8343096921371548,0.8579837992989473,0.8119302417756639,0.9501222694156054,COMPLETE
180,0.8370457699144169,2026-05-31 16:30:31.757122,2026-05-31 16:31:38.999894,0 days 00:01:07.242772,balanced,0.912896228543961,0.02437539725129009,-1,70,0.0028759450093813277,1500,192,1.6558681153758262e-08,0.009053067947326156,0.9278559205989,0.8772774920838953,0.8370457699144169,0.8256646932372006,0.8487628107128701,0.9495775562858357,COMPLETE
181,0.836999443221815,2026-05-31 16:31:39.024994,2026-05-31 16:32:46.721556,0 days 00:01:07.696562,balanced,0.9125511384869679,0.023892749874748605,-1,70,0.002174682850763913,1500,192,1.3658756127705852e-08,0.008316907020850708,0.9290391377964555,0.8773195308541285,0.836999443221815,0.8261038973011221,0.8481965913594927,0.9497118545811513,COMPLETE
182,0.8374043340195184,2026-05-31 16:32:46.741100,2026-05-31 16:33:57.676238,0 days 00:01:10.935138,balanced,0.9126587829204192,0.024117018806265666,-1,50,0.00023869714335414969,1600,200,1.3479145942886255e-08,0.002463262535958389,0.9455867204569842,0.8779818680483987,0.8374043340195184,0.8288991689063957,0.8461015797519958,0.950394516825026,COMPLETE
183,0.8369389534201916,2026-05-31 16:33:57.695827,2026-05-31 16:35:12.015258,0 days 00:01:14.319431,balanced,0.9124313463729263,0.02112306349507191,-1,70,0.002900642402707189,1600,200,1.0580256200405517e-08,0.0026047342110321853,0.9292086682546751,0.8772038714292938,0.8369389534201916,0.8255874160004716,0.8486212558745257,0.9497118511870966,COMPLETE
