number,value,datetime_start,datetime_complete,duration,params_class_weight,params_colsample_bytree,params_learning_rate,params_max_depth,params_min_child_samples,params_min_split_gain,params_n_estimators,params_num_leaves,params_reg_alpha,params_reg_lambda,params_subsample,user_attrs_accuracy,user_attrs_f1,user_attrs_precision,user_attrs_recall,user_attrs_roc_auc,state
2691,0.8372157388830551,2026-06-01 19:25:01.743514,2026-06-01 19:25:30.118994,0 days 00:00:28.375480,balanced,0.6647109603775295,0.018960699657826638,16,10,0.018356401596843156,1700,144,9.690677844544336e-06,8.007885974099237e-07,0.8526594858863151,0.8771933747518861,0.8372157388830551,0.8244386454749949,0.8504048468376649,0.9503914969682695,COMPLETE
2692,0.8315363755835047,2026-06-01 19:25:30.131298,2026-06-01 19:25:51.962668,0 days 00:00:21.831370,balanced,0.6555998886287145,0.02389919167739861,8,10,0.0338881551847942,1600,232,0.049378276744912054,2.3612447241090222e-07,0.8907754486444125,0.8716843739198151,0.8315363755835047,0.8113666708120949,0.8527546571541814,0.9480470539818812,COMPLETE
2693,0.831818291006419,2026-06-01 19:25:51.986478,2026-06-01 19:26:04.260737,0 days 00:00:12.274259,balanced,0.680937510453159,0.020486262045461116,16,20,0.017524778267570852,500,224,2.1063619481996256e-05,2.402070089031241e-06,0.8766913088006643,0.8718315618420313,0.831818291006419,0.8112444504554482,0.8534907423135722,0.94787870972774,COMPLETE
2694,0.8375364259202364,2026-06-01 19:26:04.274098,2026-06-01 19:26:40.841432,0 days 00:00:36.567334,balanced,0.6704628717208695,0.01702075245711771,16,10,0.05331689331212199,1700,216,6.993262056634183e-07,1.1427319865844492e-07,0.8615631853741947,0.878129069897655,0.8375364259202364,0.8293461227025372,0.8459034029783138,0.9501623797638611,COMPLETE
2695,0.8387872585177097,2026-06-01 19:26:40.854168,2026-06-01 19:27:14.588265,0 days 00:00:33.734097,balanced,0.6600579951096371,0.021904954895369005,16,10,0.0347457667245041,1500,240,3.572638119446718e-05,5.505536710539746e-07,0.8689741417743176,0.8795483689066907,0.8387872585177097,0.8338377166635023,0.8438083913708171,0.9504421990251871,COMPLETE
2696,0.8375204611886771,2026-06-01 19:27:14.601747,2026-06-01 19:27:34.706719,0 days 00:00:20.104972,balanced,0.666676599002662,0.026751005882321304,16,10,0.01792372837492544,900,232,7.074848132338277e-05,4.778738559285623e-08,0.8842278164153097,0.8778452029996894,0.8375204611886771,0.827537840199254,0.8477719268444596,0.9503211611783721,COMPLETE
2697,0.8376181289801141,2026-06-01 19:27:34.720117,2026-06-01 19:28:17.540280,0 days 00:00:42.820163,balanced,0.6565612284347029,0.019381039787379088,16,20,0.018745682487507354,1800,224,2.3445397625795698e-06,1.4035665530911241e-06,0.8388576422311829,0.8783708738188656,0.8376181289801141,0.8306240476461696,0.8447426533038899,0.9501844554084737,COMPLETE
2698,0.839734970808251,2026-06-01 19:28:17.562911,2026-06-01 19:28:50.764462,0 days 00:00:33.201551,balanced,0.6731215152736937,0.020601603987244907,16,10,0.0008395903197793728,1600,208,1.5702037346094892e-05,1.6335956571849364e-07,0.875188872540318,0.8800109611773514,0.839734970808251,0.8331219038877137,0.8464696223316913,0.9513976014434907,COMPLETE
2699,0.8397601626559655,2026-06-01 19:28:50.776885,2026-06-01 19:29:33.009346,0 days 00:00:42.232461,balanced,0.6801625431283319,0.01814747124638939,16,10,0.0007367546452974467,1900,232,8.425156761378345e-06,3.1842303697611014e-07,0.9036923969699152,0.8803894361160026,0.8397601626559655,0.8355957964725732,0.8439782571768303,0.9516248620939218,COMPLETE
2700,0.8284188635598965,2026-06-01 19:29:33.022610,2026-06-01 19:30:09.166821,0 days 00:00:36.144211,balanced,0.6616422245632707,0.015441976208217039,16,150,0.07672064514950472,1700,240,3.986026435442047e-06,8.480640961040695e-08,0.8562890796107354,0.8690244694412043,0.8284188635598965,0.8066162044754104,0.8514523526414132,0.9463509177764639,COMPLETE
2701,0.8303270692564948,2026-06-01 19:30:09.179542,2026-06-01 19:30:29.278288,0 days 00:00:20.098746,balanced,0.6685162898880384,0.06587540450487984,16,20,0.24629408175302342,1700,216,2.813212262092822e-05,4.801893310973345e-07,0.8665048052020303,0.87253594344367,0.8303270692564948,0.8210306461476694,0.8398448558971746,0.9459708154565583,COMPLETE
2702,0.8384114878317229,2026-06-01 19:30:29.290643,2026-06-01 19:31:06.330608,0 days 00:00:37.039965,balanced,0.6577344143935357,0.023658960557133665,10,10,0.0003541744896290543,1800,224,1.5789182453702358e-05,1.103114120113226e-06,0.8482926473813881,0.8787283335173527,0.8384114878317229,0.8298352029524997,0.8471773965234132,0.950497151711681,COMPLETE
2703,0.8374564789953144,2026-06-01 19:31:06.343755,2026-06-01 19:31:38.704405,0 days 00:00:32.360650,balanced,0.6759135590125025,0.01956439023329827,16,10,0.04774433107904062,1600,208,9.514500389139445e-05,8.053770578309073e-07,0.9184065568035287,0.8781185513348987,0.8374564789953144,0.8295665855203972,0.8455070494309496,0.9502799075265775,COMPLETE
2704,0.8344917627579834,2026-06-01 19:31:38.717650,2026-06-01 19:32:13.397593,0 days 00:00:34.679943,,0.6859368488540999,0.021669540451038312,16,10,0.03309906597052843,1900,176,6.545218261022321e-06,2.447562878675488e-07,0.8919105009244649,0.8810517746366577,0.8344917627579834,0.8633751680969549,0.8074854198516506,0.9504971272132842,COMPLETE
2705,0.8370246910725468,2026-06-01 19:32:13.420634,2026-06-01 19:32:44.872948,0 days 00:00:31.452314,balanced,0.6662070827921657,0.022941260156803145,16,20,0.032578487120639946,1700,160,5.2809453986378434e-05,1.9703000783451063e-06,0.8604318181416543,0.8774562108246665,0.8370246910725468,0.8269087679428339,0.8474038842647641,0.9499640796065298,COMPLETE
2706,0.8380957500521756,2026-06-01 19:32:44.886463,2026-06-01 19:33:25.823294,0 days 00:00:40.936831,balanced,0.6606314216392166,0.02509673781875442,16,10,0.01642674166876373,1800,232,1.0796292866107741e-05,1.1384261119348733e-07,0.8789107425491598,0.8796429859004736,0.8380957500521756,0.8373484413679567,0.838853972028764,0.9507156735493371,COMPLETE
2707,0.8362875755467766,2026-06-01 19:33:25.836382,2026-06-01 19:34:03.424494,0 days 00:00:37.588112,balanced,0.6564303240222441,0.020702352088368625,16,10,0.05581138602489538,1700,224,2.1131651578122503e-05,1.7700617852041254e-07,0.833017445988174,0.8776559680173351,0.8362875755467766,0.83119004214431,0.8414585810543005,0.949904854021366,COMPLETE
2708,0.8384368432453709,2026-06-01 19:34:03.437116,2026-06-01 19:34:42.237321,0 days 00:00:38.800205,balanced,0.6736681202835423,0.016396708088025024,16,20,0.01817412766622093,1600,240,3.7307267628109094e-05,4.244877644722702e-07,0.8682338723583568,0.8786337062440879,0.8384368432453709,0.8290716736272193,0.8480267255534795,0.950377046699948,COMPLETE
2709,0.841148879223803,2026-06-01 19:34:42.250134,2026-06-01 19:35:18.602517,0 days 00:00:36.352383,balanced,0.6500527208635098,0.018643872587171765,16,10,9.5913965058895e-05,1700,216,3.4843844028423713e-06,6.66347465339231e-07,0.8854938314536402,0.8810097302292892,0.841148879223803,0.8341017378817263,0.848338146197837,0.9516767947468517,COMPLETE
2710,0.8365819072354905,2026-06-01 19:35:18.615139,2026-06-01 19:36:00.105856,0 days 00:00:41.490717,balanced,0.6545458551256055,0.018674287593531784,16,60,0.00012243767748856588,1700,208,1.5757093748851297e-06,7.275923918197539e-07,0.8919743094638439,0.8766361625030769,0.8365819072354905,0.8232944286843216,0.8503199139346583,0.9499151193580119,COMPLETE
2711,0.8367530123064469,2026-06-01 19:36:00.119000,2026-06-01 19:36:34.212533,0 days 00:00:34.093533,balanced,0.6500758890851047,0.019222009398445906,12,10,0.03287249798272198,1700,200,2.343605670973887e-06,9.305986766431119e-07,0.8979826753062108,0.8772249165131152,0.8367530123064469,0.8264845188679093,0.8472906403940886,0.949981133962314,COMPLETE
2712,0.8403759679371762,2026-06-01 19:36:34.226166,2026-06-01 19:37:08.367363,0 days 00:00:34.141197,balanced,0.654721414352433,0.018834677129073867,-1,10,0.0008346425590547374,1700,208,1.2167738763205861e-06,1.2682644238054176e-06,0.892728328608196,0.8804735371997986,0.8403759679371762,0.8336144576410032,0.8472623294264198,0.9518012168669814,COMPLETE
2713,0.8407592774541522,2026-06-01 19:37:08.379997,2026-06-01 19:37:44.095811,0 days 00:00:35.715814,balanced,0.6512171138546468,0.01851642342598975,16,10,0.00014477516143072755,1700,216,2.9103265101455094e-06,8.840654305167034e-07,0.8871058954999984,0.8808204935889541,0.8407592774541522,0.8344256026111717,0.847205707491082,0.9516494012889947,COMPLETE
2714,0.8359768512170348,2026-06-01 19:37:44.109344,2026-06-01 19:38:19.657616,0 days 00:00:35.548272,balanced,0.6521158971530651,0.017386266477739512,16,20,0.06171492513802823,1700,200,1.6744356077580372e-06,1.0860015841642593e-06,0.9006403022029349,0.8764258996799033,0.8359768512170348,0.824303604932583,0.8479984145858106,0.9495263226540551,COMPLETE
2715,0.8064562770586763,2026-06-01 19:38:19.670159,2026-06-01 19:38:31.002179,0 days 00:00:11.332020,balanced,0.6515337097222118,0.017793521979500498,4,10,0.0004714535965851588,1700,208,4.385575473529223e-06,1.4122361274194898e-06,0.9050539293525289,0.8495957791041339,0.8064562770586763,0.7722972958394051,0.8438083913708171,0.9345272055736594,COMPLETE
2716,0.8379914027835262,2026-06-01 19:38:31.015805,2026-06-01 19:39:06.089827,0 days 00:00:35.074022,balanced,0.6507547433296652,0.01859862600430643,16,10,0.03374388940976331,1700,208,1.614352424421728e-06,6.818498454706889e-07,0.8932675611264794,0.8784024099429595,0.8379914027835262,0.8293393100829641,0.8468376649113867,0.9506342819968391,COMPLETE
2717,0.8204519749949591,2026-06-01 19:39:06.102770,2026-06-01 19:39:21.817172,0 days 00:00:15.714402,balanced,0.6500571689631657,0.018133323849734102,6,20,0.01781373777095409,1700,208,1.5251418877737091e-06,1.684176771029653e-06,0.8986821317737735,0.8613812840259348,0.8204519749949591,0.7904489590423965,0.8528395900571882,0.9427366295219853,COMPLETE
2718,0.8402784680897781,2026-06-01 19:39:21.830740,2026-06-01 19:39:56.696048,0 days 00:00:34.865308,balanced,0.6505123929884834,0.018313157500415022,16,10,0.000214721793773717,1700,208,2.181541834991484e-06,8.80938058754771e-07,0.8873132902291971,0.8802527753780439,0.8402784680897781,0.8325216429960207,0.8481965913594927,0.951638824657958,COMPLETE
2719,0.8401381483325107,2026-06-01 19:39:56.708391,2026-06-01 19:40:30.527911,0 days 00:00:33.819520,balanced,0.6504746356173287,0.017692850798726706,16,10,0.0002360381005673676,1700,200,2.1472422568153085e-06,8.003644216079069e-07,0.9094203565282086,0.8799899323417434,0.8401381483325107,0.8313255759450509,0.8491591642602344,0.9514881215273716,COMPLETE
2720,0.8373315747307255,2026-06-01 19:40:30.540403,2026-06-01 19:41:05.693228,0 days 00:00:35.152825,balanced,0.6541257590493808,0.01843992099775231,16,10,0.0477191826476145,1700,208,2.2772979232482696e-06,6.289117501627413e-07,0.8891625255544723,0.8778767434345339,0.8373315747307255,0.8284769319795497,0.8463846894286847,0.95030116788011,COMPLETE
2721,0.82382722867616,2026-06-01 19:41:05.706448,2026-06-01 19:41:25.824567,0 days 00:00:20.118119,balanced,0.6500466275169677,0.017763383937889562,8,100,0.03307766157615725,1700,208,9.621313298059835e-07,2.277038514647658e-06,0.8960677073924835,0.8645247724720408,0.82382722867616,0.7966167603647478,0.8529811448955326,0.9447196312264968,COMPLETE
2722,0.8377525727722048,2026-06-01 19:41:25.837884,2026-06-01 19:42:02.930129,0 days 00:00:37.092245,balanced,0.6500878824433602,0.01921336647660979,16,20,0.01885171848810024,1700,208,1.0468033605412714e-06,1.0876697093338099e-06,0.8884805336208922,0.8782131713130471,0.8377525727722048,0.8290387925208846,0.8466677991053734,0.9503972231692761,COMPLETE
2723,0.8362056785761037,2026-06-01 19:42:02.943656,2026-06-01 19:42:45.632597,0 days 00:00:42.688941,balanced,0.6557198461337749,0.018079790758897003,16,70,0.00030992067133895425,1700,216,1.3969008127111008e-06,1.5998690980560605e-06,0.885825919096266,0.8761525463707511,0.8362056785761037,0.8216447321851525,0.8513107978030688,0.9496489814505304,COMPLETE
2724,0.834141317935703,2026-06-01 19:42:45.645848,2026-06-01 19:43:20.345928,0 days 00:00:34.700080,,0.6555070509763968,0.019571640922874316,16,10,0.03220105374363556,1700,208,1.4768370025901147e-06,5.837435572587297e-07,0.8988669484892757,0.8809151129039102,0.834141317935703,0.863894089457065,0.8063812921125644,0.9505574056920373,COMPLETE
2725,0.838593137369457,2026-06-01 19:43:20.358359,2026-06-01 19:43:55.846159,0 days 00:00:35.487800,balanced,0.6550393956985416,0.017433486989196688,16,10,0.018900905737938296,1700,208,2.670876642235688e-06,3.3913225714011784e-06,0.8844431593100672,0.8788229508427317,0.838593137369457,0.8297348785502451,0.8476586829737841,0.9507725725338606,COMPLETE
2726,0.836990987393465,2026-06-01 19:43:55.859700,2026-06-01 19:44:30.214573,0 days 00:00:34.354873,balanced,0.6502585661228525,0.018953344065547908,16,10,0.07020458395319046,1700,200,2.8338127361293677e-06,1.10486233702285e-06,0.8823779678593965,0.877624431230049,0.836990987393465,0.8281647684138461,0.8460166468489893,0.9497827753044646,COMPLETE
2727,0.8369099537586787,2026-06-01 19:44:30.227156,2026-06-01 19:45:07.496629,0 days 00:00:37.269473,balanced,0.6500316380044013,0.019954434734420223,16,20,0.0517998764138191,1700,216,1.0641366037865948e-06,5.542727458491483e-07,0.8938953224552686,0.8775298046199765,0.8369099537586787,0.8278700779549127,0.8461582016873336,0.9496717626010277,COMPLETE
2728,0.8290966253265489,2026-06-01 19:45:07.510032,2026-06-01 19:45:29.233174,0 days 00:00:21.723142,balanced,0.6573613806994255,0.018170990739741207,16,10,0.564256179701794,1700,208,2.3905268178001056e-06,1.6623323367308202e-06,0.8817966897136001,0.8699917172908768,0.8290966253265489,0.8099451488248781,0.8491874752279033,0.9460147176576063,COMPLETE
2729,0.8369389499378865,2026-06-01 19:45:29.245852,2026-06-01 19:46:08.292408,0 days 00:00:39.046556,balanced,0.6500657936885531,0.01933878163204514,16,30,0.02085436681832069,1700,216,1.452292570743168e-06,7.53777284189368e-07,0.9043624753639679,0.8774246597787441,0.8369389499378865,0.8270409296930179,0.8470924636204066,0.9498346653738579,COMPLETE
2730,0.8382389743763579,2026-06-01 19:46:08.325620,2026-06-01 19:46:44.561346,0 days 00:00:36.235726,balanced,0.6563537195237722,0.01838160236151999,16,10,0.03238824046922007,1700,216,1.865375210388556e-06,1.1965019636246077e-06,0.8857352072519463,0.8787388374898767,0.8382389743763579,0.8305847408470594,0.8460449578166581,0.9505650242469382,COMPLETE
2731,0.8395387139596999,2026-06-01 19:46:44.574570,2026-06-01 19:47:21.259057,0 days 00:00:36.684487,balanced,0.65679578448472,0.01724293531664142,16,10,0.018072350337931566,1700,216,3.02406132770039e-06,2.555334263071798e-06,0.8771365363815378,0.8795904288990801,0.8395387139596999,0.8310739772319155,0.8481965913594927,0.9508842911114073,COMPLETE
2732,0.8371917426170357,2026-06-01 19:47:21.272698,2026-06-01 19:47:52.990442,0 days 00:00:31.717744,balanced,0.6564439676465168,0.020164743158787666,10,20,0.0004783191119201253,1700,216,2.135188982765368e-06,5.6941087771391e-07,0.8916781773149921,0.8767728494371348,0.8371917426170357,0.8218423535713337,0.8531510107015459,0.9499788251586904,COMPLETE
2733,0.8404880971046248,2026-06-01 19:47:53.003164,2026-06-01 19:48:27.807164,0 days 00:00:34.804000,balanced,0.6574402529116468,0.019536239698038006,16,10,0.00023863760133007898,1700,208,3.6331928664998858e-06,1.0098454425866876e-06,0.8787411143331569,0.880673312961854,0.8404880971046248,0.8345463030760941,0.846526244267029,0.95156994747506,COMPLETE
2734,0.835380708196603,2026-06-01 19:48:27.829633,2026-06-01 19:49:03.871923,0 days 00:00:36.042290,balanced,0.6501553789578248,0.01883484134843511,16,20,0.04844877242479935,1700,200,9.365531371170106e-07,3.7833129240327905e-06,0.8828511683562071,0.8761315181983355,0.835380708196603,0.824722597646935,0.846328067493347,0.9496630648786506,COMPLETE
2735,0.8378533804595385,2026-06-01 19:49:03.885433,2026-06-01 19:49:39.431184,0 days 00:00:35.545751,balanced,0.6569738527407809,0.020445595880543458,16,10,0.01991606606439192,1700,216,2.69802677827512e-06,1.9035837129421876e-06,0.9080672145680978,0.8787178096490571,0.8378533804595385,0.8320173106927321,0.8437800804031482,0.9507415065926601,COMPLETE
2736,0.8366886953760665,2026-06-01 19:49:39.444630,2026-06-01 19:50:14.717548,0 days 00:00:35.272918,balanced,0.650311556567697,0.031148770741406616,16,10,0.03590080595059,1700,216,2.5528847304122497e-06,6.878740891491182e-07,0.8752094581679877,0.8786862745197518,0.8366886953760665,0.8365727818068459,0.8368155823566049,0.9497127251294906,COMPLETE
2737,0.836680211356884,2026-06-01 19:50:14.739808,2026-06-01 19:50:52.251739,0 days 00:00:37.511931,balanced,0.6594669865188493,0.017054186710652893,16,10,0.09001263947394474,1800,208,3.291213274621773e-06,5.031329900667938e-07,0.8964555160042482,0.8773195321805133,0.836680211356884,0.8273958956982082,0.8461865126550027,0.9495708501143886,COMPLETE
2738,0.8393222009055266,2026-06-01 19:50:52.265182,2026-06-01 19:51:29.535404,0 days 00:00:37.270222,balanced,0.6603751478492408,0.020927836234727874,16,20,8.877457196295821e-05,1700,216,1.616277605719007e-06,1.346455337494675e-06,0.8869970817126891,0.8797586390249806,0.8393222009055266,0.8330719672491366,0.8456769152369628,0.9512177293779036,COMPLETE
2739,0.838332119502957,2026-06-01 19:51:29.548257,2026-06-01 19:52:06.181827,0 days 00:00:36.633570,balanced,0.6606973367175928,0.01789126532832794,16,10,0.018399549915673212,1700,216,3.0153544410419614e-06,9.631010696766456e-07,0.8760551369960227,0.878833455478448,0.838332119502957,0.8308574617017719,0.8459600249136515,0.950845815461991,COMPLETE
2740,0.8357009153062709,2026-06-01 19:52:06.204005,2026-06-01 19:52:41.299031,0 days 00:00:35.095026,balanced,0.656473229144813,0.01897764954476878,-1,10,0.16533229437049213,1800,208,7.683820838947165e-07,6.635612745469467e-07,0.8905671493304534,0.876625649909052,0.8357009153062709,0.826696387384811,0.8449125191099031,0.9488506407910556,COMPLETE
2741,0.8295907450792638,2026-06-01 19:52:41.312519,2026-06-01 19:53:04.019447,0 days 00:00:22.706928,balanced,0.6599994836956758,0.019855941711699,16,20,0.4680715288226091,1700,216,2.862744637732046e-06,5.844237797911421e-06,0.8801864890633313,0.8703807107922845,0.8295907450792638,0.8105005048033362,0.8496121397429364,0.9461470668866131,COMPLETE
2742,0.8374237333573467,2026-06-01 19:53:04.032141,2026-06-01 19:53:39.196648,0 days 00:00:35.164507,balanced,0.9998492199410254,0.02121160138425221,12,10,0.054454329347300406,1700,216,1.8803493419428211e-06,2.2904656502237764e-06,0.8719973005980513,0.8784970355582432,0.8374237333573467,0.8322792131385439,0.8426476416963932,0.9497518043868222,COMPLETE
2743,0.8340557424816254,2026-06-01 19:53:39.219428,2026-06-01 19:54:17.113214,0 days 00:00:37.893786,,0.6560730594673337,0.01831313697033758,16,10,0.032657693367779385,1800,216,4.032315329990679e-06,4.3395920128574965e-07,0.9009183965801429,0.8808520181071814,0.8340557424816254,0.8638078332641657,0.8062963592095578,0.950577730309799,COMPLETE
2744,0.8369305521621078,2026-06-01 19:54:17.126533,2026-06-01 19:54:52.955547,0 days 00:00:35.829014,balanced,0.661528611650965,0.02025169420757394,16,20,0.018686586954262438,1700,200,3.4377506644719224e-06,1.4548840489655796e-06,0.8804292048655831,0.8775928888056272,0.8369305521621078,0.8281971240714977,0.8458750920106448,0.9501952173030519,COMPLETE
2745,0.8096596963601211,2026-06-01 19:54:52.969035,2026-06-01 19:55:04.690017,0 days 00:00:11.720982,balanced,0.6615483540595094,0.02217986125011869,4,10,0.01812731388353024,1800,208,1.9834101089921095e-06,8.493961590797727e-07,0.91684110983223,0.8521189913431476,0.8096596963601211,0.7755355801964141,0.8469509087820621,0.9366916436106504,COMPLETE
2746,0.8258771502953555,2026-06-01 19:55:04.703007,2026-06-01 19:55:22.931524,0 days 00:00:18.228517,balanced,0.6555149168628918,0.019186087205976327,16,10,0.815599675824646,1700,216,1.2975753264118496e-06,4.1369471314522077e-07,0.8726663068557402,0.867331833702826,0.8258771502953555,0.8055862616994945,0.8472340184587509,0.944853926877035,COMPLETE
2747,0.8370986051071473,2026-06-01 19:55:22.945021,2026-06-01 19:56:02.262587,0 days 00:00:39.317566,balanced,0.6623752559099353,0.017538784722898614,16,20,0.0433027044742011,1800,208,3.3656122029193103e-06,4.459265280784633e-06,0.8886945179823477,0.877603397420498,0.8370986051071473,0.827591122006635,0.8468376649113867,0.9498309781274518,COMPLETE
2748,0.8400354864480026,2026-06-01 19:56:02.275150,2026-06-01 19:56:38.044128,0 days 00:00:35.768978,balanced,0.6557947890173047,0.021297946422822955,16,10,0.0005338484259924494,1700,216,3.542136923956051e-06,5.219041755298432e-07,0.8739498432402465,0.8805681717681796,0.8400354864480026,0.8356996249438956,0.8444312326595322,0.9515273076104874,COMPLETE
2749,0.8369983621399854,2026-06-01 19:56:38.056696,2026-06-01 19:57:15.910043,0 days 00:00:37.853347,balanced,0.650364246886468,0.0200880629741547,16,10,0.07222492620706476,1800,216,2.418598024326372e-06,2.0594064781055104e-06,0.8852080913171281,0.8780449562132039,0.8369983621399854,0.8309401400113666,0.843157239114433,0.9497111641175442,COMPLETE
2750,0.838981055945257,2026-06-01 19:57:15.922771,2026-06-01 19:57:50.850082,0 days 00:00:34.927311,balanced,0.6502420880186142,0.022887656418852025,16,10,0.018050411567706048,1700,208,4.044913154266839e-06,9.909188465853731e-07,0.868740434366802,0.8797165823485532,0.838981055945257,0.8341967988549963,0.843836702338486,0.9507935537587021,COMPLETE
