number,value,datetime_start,datetime_complete,duration,params_class_weight,params_colsample_bytree,params_learning_rate,params_max_depth,params_min_child_samples,params_min_split_gain,params_n_estimators,params_num_leaves,params_reg_alpha,params_reg_lambda,params_subsample,user_attrs_accuracy,user_attrs_f1,user_attrs_precision,user_attrs_recall,user_attrs_roc_auc,state
429,0.8371856320937217,2026-05-31 20:22:01.573535,2026-05-31 20:22:40.825124,0 days 00:00:39.251589,balanced,0.8065774289725588,0.013870881715156071,-1,40,0.01555707243364398,1900,216,2.4435329312063606e-05,0.001545224703083934,0.9427336662073161,0.877245939711588,0.8371856320937217,0.8248938030129805,0.8498669384519563,0.9502191851992942,COMPLETE
430,0.8067742951455353,2026-05-31 20:22:40.844274,2026-05-31 20:22:51.542782,0 days 00:00:10.698508,balanced,0.8181597210814265,0.01501011615200431,4,30,0.0008342828660062332,1900,224,0.007532003315303088,0.0008429310882179775,0.9333790285853921,0.8497429640419843,0.8067742951455353,0.7721483955688533,0.8446860313685521,0.9340944262945271,COMPLETE
431,0.8281106703525539,2026-05-31 20:22:51.552935,2026-05-31 20:23:12.907302,0 days 00:00:21.354367,balanced,0.7966760450293267,0.015980871221277462,-1,40,0.4416392978785533,1900,216,0.04426691132233365,0.0026155071624270046,0.9386855049672164,0.8689088448339696,0.8281106703525539,0.8070429260918681,0.8503199139346583,0.9461010326559985,COMPLETE
432,0.8370631922901518,2026-05-31 20:23:12.916703,2026-05-31 20:23:52.246561,0 days 00:00:39.329858,balanced,0.8096165776561585,0.014644339496072254,-1,20,0.04226016547599215,2000,224,0.0038421584668452587,0.001408119090961943,0.9455918618891381,0.8777716237946119,0.8370631922901518,0.828852373235538,0.8454504274956118,0.9501744866132046,COMPLETE
433,0.8367938866908083,2026-05-31 20:23:52.256693,2026-05-31 20:24:30.876507,0 days 00:00:38.619814,balanced,0.802779090445372,0.013041527839544445,-1,30,0.020442296826238816,1900,216,3.859931803499529e-05,0.0007827666970898162,0.9570174989458824,0.876972601987457,0.8367938866908083,0.8246651850014871,0.8493007190985787,0.9503671217026383,COMPLETE
434,0.8347644361521777,2026-05-31 20:24:30.885329,2026-05-31 20:25:11.015050,0 days 00:00:40.129721,balanced,0.8173407475672828,0.015466081972269338,-1,40,0.05952310931865431,1900,224,0.0002889226153135442,0.0018954434082837153,0.9382097440117608,0.8756373980934856,0.8347644361521777,0.8238972358093896,0.8459317139459827,0.9491494567783677,COMPLETE
435,0.8249281209278635,2026-05-31 20:25:11.025306,2026-05-31 20:25:29.156915,0 days 00:00:18.131609,balanced,0.8342438401866303,0.013763873323302155,-1,30,0.8504524801280597,1900,232,7.842243797793798e-05,0.0012500623506761584,0.9472770636543291,0.866448717443799,0.8249281209278635,0.8037497543511852,0.8472623294264198,0.9443624150151306,COMPLETE
436,0.8319425574631536,2026-05-31 20:25:29.165774,2026-05-31 20:26:08.465617,0 days 00:00:39.299843,,0.7959929281519003,0.01059542195496978,-1,20,0.03441784543742005,2000,216,0.00010881970683841675,0.002538056906608498,0.9638244399436637,0.8794327210877227,0.8319425574631536,0.8623645631787471,0.8036068172810147,0.9502670052849815,COMPLETE
437,0.8380246515467707,2026-05-31 20:26:08.475825,2026-05-31 20:26:50.342357,0 days 00:00:41.866532,balanced,0.8239410975980956,0.011396014429762106,-1,40,0.00027894763264458894,1900,232,0.00019074832516471107,0.0009784347613365804,0.9553433220491685,0.8777295541859328,0.8380246515467707,0.8247734225989639,0.851735462318102,0.9509144500685278,COMPLETE
438,0.8378957097769244,2026-05-31 20:26:50.351650,2026-05-31 20:27:34.246220,0 days 00:00:43.894570,balanced,0.8251023739675009,0.011407361080401777,-1,40,0.0005522767734486801,1900,248,0.00018010130958693584,0.0007561741728128097,0.9595306284950994,0.8777821191456349,0.8378957097769244,0.8256067104081102,0.8505747126436782,0.950879851164608,COMPLETE
439,0.8369080997749466,2026-05-31 20:27:34.266420,2026-05-31 20:28:17.413965,0 days 00:00:43.147545,balanced,0.8115764881661212,0.012100273577297396,-1,40,0.020037668141823686,1900,240,0.0006616529705807778,0.0009579269043810732,0.9702015716276653,0.8769095111698824,0.8369080997749466,0.8237941439161801,0.8504614687730028,0.9500356733866795,COMPLETE
440,0.8205184522374939,2026-05-31 20:28:17.423272,2026-05-31 20:28:37.054755,0 days 00:00:19.631483,balanced,0.8299673217458085,0.011882645070203524,8,10,0.5948153598047141,2000,232,6.053199652376022e-05,0.0006201301083299757,0.9542670939067488,0.8620751666289923,0.8205184522374939,0.7939392169617471,0.8489609874865524,0.9425389800092621,COMPLETE
441,0.8359345594454591,2026-05-31 20:28:37.064683,2026-05-31 20:29:16.153689,0 days 00:00:39.089006,balanced,0.8448506325196843,0.010799303964553936,-1,30,0.03760440155103866,1900,224,0.00038498334139553433,0.0011718430752627948,0.9883553036318719,0.8759317795750534,0.8359345594454591,0.8212736793433475,0.8511409319970555,0.94982962004572,COMPLETE
442,0.8370226543890168,2026-05-31 20:29:16.163910,2026-05-31 20:30:01.966022,0 days 00:00:45.802112,balanced,0.8213117612521695,0.012584275135199297,-1,40,0.018538794241476766,2000,240,0.00037244520205717373,0.0016747222189399042,0.9525997676692386,0.8772144065718598,0.8370226543890168,0.8253227896900418,0.8490742313572278,0.9501111907512231,COMPLETE
443,0.8378901801659365,2026-05-31 20:30:01.976149,2026-05-31 20:30:43.447728,0 days 00:00:41.471579,balanced,0.7890836665458296,0.011594755474803792,-1,40,0.00016722875437883772,1900,232,8.587433689934318e-05,0.0035344511647493783,0.9659957088830303,0.8775718576488459,0.8378901801659365,0.8242700134899684,0.8519902610271218,0.9509438385156247,COMPLETE
444,0.835244560134746,2026-05-31 20:30:43.457598,2026-05-31 20:31:23.253169,0 days 00:00:39.795571,balanced,0.7087552460429395,0.013018289914112142,-1,30,0.049773135905223524,1900,224,5.9277313133074275e-05,0.0008529652711702131,0.9456237803590487,0.875732015750461,0.835244560134746,0.8226749039989851,0.8482249023271615,0.9496636955298271,COMPLETE
445,0.835282860566724,2026-05-31 20:31:23.263386,2026-05-31 20:32:06.209897,0 days 00:00:42.946511,balanced,0.8047784446176001,0.010138366102857526,-1,40,0.023580298848535332,2000,216,0.00012348350764680954,0.001641085682387178,0.958075862228804,0.8753535428013869,0.835282860566724,0.8201059237953113,0.851055999094049,0.9498352908680321,COMPLETE
446,0.8310036375466061,2026-05-31 20:32:06.219705,2026-05-31 20:32:53.893672,0 days 00:00:47.673967,balanced,0.8149136191140484,0.014733870328799116,-1,110,0.016466339404338975,1900,232,1.1518410143797437,0.002537926485055066,0.9808925798143822,0.8720313094184106,0.8310036375466061,0.8153710100641046,0.8472623294264198,0.9472640890582467,COMPLETE
447,0.8168774210192171,2026-05-31 20:32:53.912242,2026-05-31 20:33:08.570212,0 days 00:00:14.657970,balanced,0.8359198239817608,0.0159242683732281,6,170,0.0003285330466433092,1900,224,0.00017619034037378513,0.0011353194021972374,0.9538018905275109,0.8583218807470075,0.8168774210192171,0.7854516390686501,0.8509427552233736,0.9408304720691744,COMPLETE
448,0.8348811702463447,2026-05-31 20:33:08.580243,2026-05-31 20:33:53.192612,0 days 00:00:44.612369,balanced,0.825144368979266,0.013846689761467587,-1,40,0.06431326240141509,2000,232,0.07552517208413155,0.0005181273369074395,0.9462559110039627,0.8756373987566781,0.8348811702463447,0.8234548310583923,0.8466394881377045,0.9490428296735237,COMPLETE
449,0.8321546573426035,2026-05-31 20:33:53.202534,2026-05-31 20:34:21.265023,0 days 00:00:28.062489,balanced,0.8115962837022161,0.011158248423467123,10,40,0.00021351306802886024,1900,216,0.00039239738970444114,0.001869719751542529,0.9407532525356929,0.8716948944721485,0.8321546573426035,0.8092058747901846,0.8564633939188041,0.9481541117640336,COMPLETE
450,0.836956966270067,2026-05-31 20:34:21.275164,2026-05-31 20:35:04.203091,0 days 00:00:42.927927,balanced,0.7995640202037521,0.016550553226398063,-1,30,0.034658380723513856,1900,240,0.00011574197360698384,0.004572299907031214,0.8579037857131981,0.8778557225572343,0.836956966270067,0.8298423984629709,0.8442047449181813,0.9499002705864911,COMPLETE
451,0.8369032777184781,2026-05-31 20:35:04.213327,2026-05-31 20:35:44.643485,0 days 00:00:40.430158,balanced,0.8196784092579743,0.01569952897157978,-1,30,0.019144388562375103,2000,224,4.425017633880773e-06,0.0006723539009950867,0.9636284706357556,0.8775508331239884,0.8369032777184781,0.8280322169226145,0.8459883358813206,0.95035170554522,COMPLETE
452,0.838261713481755,2026-05-31 20:35:44.653826,2026-05-31 20:36:20.937750,0 days 00:00:36.283924,balanced,0.7297828298881012,0.014647366341575034,-1,40,7.177439925544796e-05,1800,216,0.005309387587494789,0.0011615559287263134,0.9717883503902055,0.8779818703695721,0.838261713481755,0.8254706918960291,0.8514806636090823,0.950900584678036,COMPLETE
453,0.8341079823240216,2026-05-31 20:36:20.948092,2026-05-31 20:36:56.375851,0 days 00:00:35.427759,balanced,0.7184357542887828,0.014432036579142646,14,40,0.04992103534977148,1800,216,0.016544176867580387,0.0012082186950843408,0.9750762605923428,0.8742601474709728,0.8341079823240216,0.8176828546407355,0.8512258649000622,0.948840470402855,COMPLETE
454,0.8317142203113486,2026-05-31 20:36:56.385783,2026-05-31 20:37:34.621288,0 days 00:00:38.235505,,0.7319850693026662,0.012961384161262352,-1,40,0.035947892472410294,1800,224,0.0018140323879207007,0.0006957019718101882,0.9712785742844201,0.8790226974243223,0.8317142203113486,0.8602492268576842,0.8050223656644584,0.9495265338624539,COMPLETE
455,0.8386371704889869,2026-05-31 20:37:34.631573,2026-05-31 20:38:10.905883,0 days 00:00:36.274310,balanced,0.7401798746159736,0.014557116685083882,-1,20,0.0001447954316997252,1900,216,0.027188011870563866,0.001057782784370495,0.9860767071808727,0.878528573008722,0.8386371704889869,0.8275905906266567,0.8500084932903006,0.9512234335013766,COMPLETE
456,0.8379579996900994,2026-05-31 20:38:10.916192,2026-05-31 20:38:47.341030,0 days 00:00:36.424838,balanced,0.7388608854817721,0.013953645272738733,-1,20,0.01839958206602708,1900,216,0.005173168413102896,0.0031249311879429204,0.9700801268557052,0.8780239383202701,0.8379579996900994,0.8269517672577863,0.8492724081309099,0.9506700261551702,COMPLETE
457,0.8352908911824933,2026-05-31 20:38:47.351050,2026-05-31 20:39:23.524669,0 days 00:00:36.173619,balanced,0.7257941023923518,0.01373107793263778,-1,20,0.0830987285355623,1900,216,0.0030853660130375025,0.003095766978255202,0.9880200891007768,0.8758686983737684,0.8352908911824933,0.8233705584111105,0.8475737500707775,0.9493899662920029,COMPLETE
458,0.8381734217959381,2026-05-31 20:39:23.534938,2026-05-31 20:40:00.017377,0 days 00:00:36.482439,balanced,0.7453860484049697,0.014301242071738822,-1,10,0.020906659623263376,1900,232,0.006242497093411421,0.0029482759930685195,0.9989549019391084,0.8784444689405603,0.8381734217959381,0.8288857061753557,0.847686993941453,0.9507315039730041,COMPLETE
459,0.836942836454142,2026-05-31 20:40:00.027457,2026-05-31 20:40:36.630485,0 days 00:00:36.603028,balanced,0.7420216165040567,0.014371723329764512,-1,10,0.06699048881501471,1900,232,0.005825505360495251,0.0036408831975714576,0.9971908907621772,0.8774982668379017,0.836942836454142,0.8275314459697615,0.8465828662023669,0.9501362643302733,COMPLETE
460,0.8375443731247668,2026-05-31 20:40:36.640609,2026-05-31 20:41:13.794469,0 days 00:00:37.153860,balanced,0.7344339940557555,0.01361255911589342,-1,10,0.033415706156747486,1900,232,0.0058020029696105695,0.0025701687638575456,0.9944052396219092,0.8779188080692699,0.8375443731247668,0.8279018627084271,0.847432195232433,0.9506089987129336,COMPLETE
461,0.8056073163058798,2026-05-31 20:41:13.804485,2026-05-31 20:41:25.166534,0 days 00:00:11.362049,balanced,0.7411794433384653,0.014785092055117627,4,10,0.023303541002347022,2000,224,0.011019408637347445,0.0019598374213618593,0.9811578742592287,0.8489229259998767,0.8056073163058798,0.7714185679181492,0.8429873733084197,0.9338241982614992,COMPLETE
462,0.8356386175233358,2026-05-31 20:41:25.175728,2026-05-31 20:42:05.376776,0 days 00:00:40.201048,balanced,0.7553235871480463,0.01251721732261819,-1,20,0.05022235196704796,1900,240,0.006140481323537645,0.004398582050602409,0.995218672780205,0.8761420483669586,0.8356386175233358,0.8237812904083892,0.8478568597474663,0.9498509942677041,COMPLETE
463,0.8368904149486243,2026-05-31 20:42:05.387041,2026-05-31 20:42:43.366063,0 days 00:00:37.979022,balanced,0.7460970851872217,0.013442231033810011,-1,20,0.020470044064630596,1900,224,0.002889604064685523,0.0014767147127154776,0.9926911731415542,0.8770567093715805,0.8368904149486243,0.824822953835966,0.8493290300662477,0.9504452956759794,COMPLETE
464,0.8379186163925482,2026-05-31 20:42:43.375677,2026-05-31 20:43:24.420646,0 days 00:00:41.044969,balanced,0.7345725346192546,0.013890239661209714,-1,10,0.035850222158339703,2000,248,0.04104045928795227,0.002584174003395909,0.98250454627059,0.8785390945558441,0.8379186163925482,0.8305439316305977,0.8454504274956118,0.950731629629001,COMPLETE
465,0.838387552385869,2026-05-31 20:43:24.430751,2026-05-31 20:43:58.894240,0 days 00:00:34.463489,balanced,0.7396134443002524,0.014794246806310304,-1,10,0.021473744131108613,1900,216,0.009070998575474125,0.0054383512189477975,0.9886854349649742,0.8785706356538809,0.838387552385869,0.828878913155746,0.8481399694241549,0.9507818890920041,COMPLETE
466,0.8367371988798794,2026-05-31 20:43:58.904080,2026-05-31 20:44:34.324569,0 days 00:00:35.420489,balanced,0.7489650257736394,0.015007870552933027,-1,10,0.04869657325720664,1900,224,0.021770440343800813,0.005795905791636636,0.9997423885826229,0.8772459526438395,0.8367371988798794,0.8266695432100669,0.8470641526527377,0.9502333910159938,COMPLETE
467,0.8395584897212954,2026-05-31 20:44:34.334654,2026-05-31 20:45:11.279395,0 days 00:00:36.944741,balanced,0.739205368799892,0.014224393564590468,-1,10,0.01803642068678053,1900,232,0.001998291595406425,0.006079282505064519,0.9894389163313116,0.8795378642709745,0.8395584897212954,0.8306204696753321,0.8487061887775323,0.9509422609351948,COMPLETE
468,0.8374232705933392,2026-05-31 20:45:11.289598,2026-05-31 20:45:50.582662,0 days 00:00:39.293064,balanced,0.7392212279475772,0.014830727551889125,-1,10,0.06064334777618523,2000,240,0.010430927564643326,0.006652722331230285,0.982324962949769,0.8781395868024305,0.8374232705933392,0.829860428575989,0.8451390068512542,0.9502954898774472,COMPLETE
469,0.828443544533512,2026-05-31 20:45:50.592713,2026-05-31 20:46:12.769868,0 days 00:00:22.177155,balanced,0.7217761357352945,0.0152601191238891,8,10,0.09673124411261261,1900,224,0.0018097408856439985,0.005570673613936338,0.988914737125657,0.8688457719225893,0.828443544533512,0.8055312412230394,0.8527263461865126,0.9460868515572624,COMPLETE
470,0.8382346671531714,2026-05-31 20:46:12.779953,2026-05-31 20:46:49.464850,0 days 00:00:36.684897,balanced,0.7315165570126493,0.014231056004981426,-1,10,0.031976805993364575,2000,216,0.00414355019761659,0.004569196883067255,0.990622988168792,0.8783813970239686,0.8382346671531714,0.8282242367466486,0.8485080120038503,0.9506635469905899,COMPLETE
471,0.8377277396962142,2026-05-31 20:46:49.474594,2026-05-31 20:47:25.865208,0 days 00:00:36.390614,balanced,0.7285871471513802,0.014415745106275192,-1,10,0.07211639143836425,2000,216,0.004035032285478057,0.004965160793487658,0.9894657906385514,0.8780765069275303,0.8377277396962142,0.8282313164523517,0.8474605062001018,0.9501396520598572,COMPLETE
472,0.8380627092413172,2026-05-31 20:47:25.874936,2026-05-31 20:48:02.943413,0 days 00:00:37.068477,balanced,0.7303660448470117,0.013048678264151849,-1,10,0.0366251848273526,2000,216,0.009787732541851866,0.006047503717483519,0.9995764177974004,0.8780344529038722,0.8380627092413172,0.8265987286377818,0.8498669384519563,0.9503256293832826,COMPLETE
473,0.8370653494409214,2026-05-31 20:48:02.952601,2026-05-31 20:48:40.182884,0 days 00:00:37.230283,balanced,0.7286803222489239,0.013350069276290821,-1,10,0.05436041994990468,2000,216,0.007675503982703712,0.007438609046767475,0.9990860664980082,0.877245960602148,0.8370653494409214,0.8254180506865288,0.8490742313572278,0.9500434018238385,COMPLETE
474,0.8337801923538853,2026-05-31 20:48:40.192826,2026-05-31 20:49:17.021650,0 days 00:00:36.828824,,0.732284290921324,0.013196399648138898,-1,10,0.03924766116924441,2000,216,0.0036069813791034513,0.005034928193711305,0.9908402319241444,0.8807153447685673,0.8337801923538853,0.864005185677888,0.8056168959855047,0.9505381917223835,COMPLETE
475,0.8172674959262306,2026-05-31 20:49:17.032024,2026-05-31 20:49:33.102552,0 days 00:00:16.070528,balanced,0.7439580540880206,0.01436605652421261,6,10,0.06670992504195321,2000,88,0.008992107907391857,0.004591480534286839,0.9951781692013425,0.8589737215954661,0.8172674959262306,0.7876620121463027,0.8492157861955721,0.941262514564681,COMPLETE
476,0.838138609984132,2026-05-31 20:49:33.111827,2026-05-31 20:50:11.196010,0 days 00:00:38.084183,balanced,0.7520131301037113,0.012600692125742241,-1,10,0.02913676353520246,2000,216,0.013444761950778056,0.006549648096675862,0.9839938059226364,0.8781711225949284,0.838138609984132,0.8271963879797525,0.8493856520015854,0.9507291979176341,COMPLETE
477,0.837605043294257,2026-05-31 20:50:11.206286,2026-05-31 20:50:50.469236,0 days 00:00:39.262950,balanced,0.7507844159939385,0.012459946731109624,-1,10,0.08421493614925588,2000,232,0.012966121412414525,0.0075252764677636395,0.9844477401131145,0.8778557315103316,0.837605043294257,0.8272350995266716,0.8482532132948304,0.9500430046190114,COMPLETE
478,0.8304351828446359,2026-05-31 20:50:50.478920,2026-05-31 20:51:10.994901,0 days 00:00:20.515981,balanced,0.7385981021532123,0.012577865681411055,-1,10,0.37640020912045935,2000,232,0.01769172364709222,0.00681238431959509,0.9998165796097035,0.8711271722820841,0.8304351828446359,0.8119621878041979,0.8497820055489497,0.9469418794239552,COMPLETE
479,0.8372234743341543,2026-05-31 20:51:11.004063,2026-05-31 20:51:49.551917,0 days 00:00:38.547854,balanced,0.725646331355265,0.01308193265242073,-1,10,0.04224895700713713,2000,224,0.024454527236013154,0.0040733258768398525,0.9865082275288823,0.8776664928804193,0.8372234743341543,0.827510961196061,0.8471773965234132,0.9504723285193233,COMPLETE
480,0.8381311321732242,2026-05-31 20:51:49.561500,2026-05-31 20:52:27.031061,0 days 00:00:37.469561,balanced,0.7148356100790486,0.013804636750628546,-1,10,0.03405017048291038,2000,216,0.005020572722125661,0.007805975319579331,0.9935742617083627,0.8782657478786158,0.8381311321732242,0.8278538357671277,0.8486778778098635,0.9505358057730323,COMPLETE
481,0.8369438033786766,2026-05-31 20:52:27.041445,2026-05-31 20:53:04.439084,0 days 00:00:37.397639,balanced,0.7211029799422163,0.012130502629514458,-1,10,0.0806565009913484,2000,216,0.0021767901189726256,0.012353384094469396,0.9813768944467897,0.8771933843681756,0.8369438033786766,0.8255202594852977,0.8487061887775323,0.9499978383394213,COMPLETE
482,0.8267749538825576,2026-05-31 20:53:04.449245,2026-05-31 20:53:22.843430,0 days 00:00:18.394185,balanced,0.7133673209961086,0.013939419083435333,-1,10,0.632121933024243,2000,216,0.009139416986091775,0.007890308672192784,0.9924669293033238,0.8680572627094594,0.8267749538825576,0.8067006005895293,0.8478851707151351,0.9454774205193225,COMPLETE
483,0.8370112263315637,2026-05-31 20:53:22.854203,2026-05-31 20:54:01.211506,0 days 00:00:38.357303,balanced,0.7048986627890649,0.013415858543052085,-1,10,0.06141760869817766,2000,224,0.005437335014109163,0.006099722122384224,0.9933086250395736,0.8774562177881865,0.8370112263315637,0.8269661366677606,0.8473189513617575,0.9502104988459245,COMPLETE
484,0.8363757954525223,2026-05-31 20:54:01.220542,2026-05-31 20:54:38.416532,0 days 00:00:37.195990,balanced,0.7143964619412317,0.014247987991174615,-1,10,0.0981765525668066,2000,232,0.0036325259091716613,0.010903508056837178,0.9902227544614678,0.8769831089443466,0.8363757954525223,0.826370859234947,0.8466394881377046,0.9496720163937474,COMPLETE
485,0.8366392803772557,2026-05-31 20:54:38.425951,2026-05-31 20:55:16.206477,0 days 00:00:37.780526,balanced,0.6974943602695418,0.012951645109696817,-1,10,0.04768822639329989,2000,216,0.012976374150849283,0.00387414455047413,0.9984596166450234,0.8769515777941955,0.8366392803772557,0.825138609712421,0.8484797010361814,0.9501798185865402,COMPLETE
486,0.8386431481242926,2026-05-31 20:55:16.216246,2026-05-31 20:55:55.794603,0 days 00:00:39.578357,balanced,0.7305409222209256,0.014596713824378845,-1,10,0.03324874053236338,2000,240,0.003963183339341541,0.008241171303349452,0.9850156783992036,0.8791488671220087,0.8386431481242926,0.8317136468866883,0.8457052262046316,0.9507589800125208,COMPLETE
487,0.8347419753160906,2026-05-31 20:55:55.804642,2026-05-31 20:56:28.035345,0 days 00:00:32.230703,balanced,0.7419335868361142,0.015405976485761518,10,20,0.03169034906643127,2000,248,0.004214763282635519,0.008097691839405797,0.9832746751418765,0.8745860634186534,0.8347419753160906,0.8173341343291787,0.8529245229601948,0.9489870299696683,COMPLETE
488,0.8373403594480245,2026-05-31 20:56:28.045572,2026-05-31 20:57:05.358606,0 days 00:00:37.313034,balanced,0.7344882782066398,0.01470088848408608,-1,10,0.07245767120894467,1900,240,0.0030170400025033824,0.013701302685610078,0.9785118236557893,0.8780554790867107,0.8373403594480245,0.829643150779931,0.8451956287865919,0.9500665637929032,COMPLETE
489,0.8375444217098255,2026-05-31 20:57:05.367915,2026-05-31 20:57:47.255514,0 days 00:00:41.887599,balanced,0.7501311297864524,0.014007454077990877,-1,20,0.03055073959124432,2000,240,0.0011302769501152152,0.0038425764843306644,0.9879554483823241,0.8780659943335053,0.8375444217098255,0.8288763877399684,0.8464130003963536,0.9503372922065042,COMPLETE
490,0.8365310886219491,2026-05-31 20:57:47.265866,2026-05-31 20:58:26.497803,0 days 00:00:39.231937,balanced,0.7225086620455018,0.015033172613639052,-1,20,0.05406869901622911,1900,240,0.005511046571460782,0.0054278814235791464,0.9777483929118308,0.8771618392909845,0.8365310886219491,0.8269453136563977,0.8463563784610159,0.9499198116002586,COMPLETE
