number,value,datetime_start,datetime_complete,duration,params_class_weight,params_colsample_bytree,params_learning_rate,params_max_depth,params_min_child_samples,params_min_split_gain,params_n_estimators,params_num_leaves,params_reg_alpha,params_reg_lambda,params_subsample,user_attrs_accuracy,user_attrs_f1,user_attrs_precision,user_attrs_recall,user_attrs_roc_auc,state
1654,0.8365654199816986,2026-06-01 09:52:19.532418,2026-06-01 09:52:56.789482,0 days 00:00:37.257064,balanced,0.6730174800286377,0.02137598295822852,16,20,0.04806083330928185,1800,208,2.7197291096795903e-05,6.867615299871852e-07,0.8748772332287423,0.8774877452907796,0.8365654199816986,0.8289675806250837,0.8443179887888568,0.9496452326953787,COMPLETE
1655,0.8393136902620411,2026-06-01 09:52:56.801257,2026-06-01 09:53:31.245064,0 days 00:00:34.443807,balanced,0.6626028608543356,0.031502457556618464,16,10,0.00032297964285688723,1700,216,1.2771910701760649e-05,3.824926187772293e-07,0.8483447387956917,0.8808625399858996,0.8393136902620411,0.8407775716830376,0.8378630881603533,0.9512756710920957,COMPLETE
1656,0.8382667298521905,2026-06-01 09:53:31.256932,2026-06-01 09:54:04.287682,0 days 00:00:33.030750,balanced,0.6827537854791043,0.017865725520303296,16,10,0.039042728324756894,1600,216,2.045176773440603e-05,1.0061873720142455e-06,0.8415592046251414,0.8785916542100072,0.8382667298521905,0.8295044343000845,0.8472340184587509,0.9504575641338143,COMPLETE
1657,0.8379211176163457,2026-06-01 09:54:04.299474,2026-06-01 09:54:42.014886,0 days 00:00:37.715412,balanced,0.6559332871852973,0.01671684404833695,16,20,0.01811799943024785,1700,216,1.0292231342690429e-05,5.822991407866055e-07,0.8657534311064808,0.8780659820644462,0.8379211176163457,0.8273980886015867,0.8487344997452012,0.9503658482366047,COMPLETE
1658,0.8408151248565495,2026-06-01 09:54:42.026717,2026-06-01 09:55:17.172864,0 days 00:00:35.146147,balanced,0.6688619493845089,0.01922666406186182,16,10,7.623884840356215e-05,1800,208,4.08438117142226e-06,1.1373638391202847e-06,0.8799398383617096,0.8809781868100791,0.8408151248565495,0.8352816006659017,0.8464413113640225,0.9518288794693381,COMPLETE
1659,0.8379962900525392,2026-06-01 09:55:17.184536,2026-06-01 09:55:52.709215,0 days 00:00:35.524679,balanced,0.6789401342340434,0.020984433744519117,12,10,0.032615568632193184,1700,224,2.378726496996205e-06,1.7383161858718653e-06,0.8828770732500454,0.8786126827140189,0.8379962900525392,0.8307419958511483,0.8453938055602741,0.9501675571333171,COMPLETE
1660,0.8365794400049776,2026-06-01 09:55:52.720341,2026-06-01 09:56:30.019460,0 days 00:00:37.299119,balanced,0.6872976849684713,0.02250897781024312,16,10,0.06056479848302861,1800,224,3.028407811116567e-06,4.507174630042411e-06,0.8846115515697575,0.8781185503401101,0.8365794400049776,0.833123243564086,0.8400713436385256,0.9498406113770078,COMPLETE
1661,0.8095294690932748,2026-06-01 09:56:30.030329,2026-06-01 09:56:41.270745,0 days 00:00:11.240416,balanced,0.672681584665249,0.020116613095973467,4,20,0.0196863905272114,1800,208,1.4356943128581905e-06,1.2335922202743894e-06,0.878509052807596,0.8520453942318756,0.8095294690932748,0.7755302810234525,0.8466677991053734,0.9360766650855162,COMPLETE
1662,0.8392194642108225,2026-06-01 09:56:41.282805,2026-06-01 09:57:12.612626,0 days 00:00:31.329821,balanced,0.6695045665565741,0.019340312292166432,16,10,0.017161079796424582,1500,224,1.6193725094932315e-06,1.5070186317656787e-06,0.8736785867101671,0.8794327230772999,0.8392194642108225,0.8312880632532131,0.8473189513617575,0.9508579773183833,COMPLETE
1663,0.8378051802926523,2026-06-01 09:57:12.624458,2026-06-01 09:57:44.713861,0 days 00:00:32.089403,balanced,0.678850643073796,0.020448998453695993,16,10,0.035551994328002545,1600,216,2.4423381435665916e-06,2.3040189404908314e-06,0.8923656871305528,0.8785811406211935,0.8378051802926523,0.83129623473954,0.8444312326595322,0.9504005116961943,COMPLETE
1664,0.8199868376037949,2026-06-01 09:57:44.724998,2026-06-01 09:57:59.998009,0 days 00:00:15.273011,balanced,0.6693079908813997,0.01888558918788456,6,10,0.07464382515154076,1700,224,4.16804360852418e-06,1.1000408900370077e-06,0.879891216593499,0.8612235772093659,0.8199868376037949,0.7910799662650488,0.8511126210293868,0.9425897308185709,COMPLETE
1665,0.8259242456613545,2026-06-01 09:58:00.009350,2026-06-01 09:58:36.846747,0 days 00:00:36.837397,balanced,0.685674750923261,0.019627377184357978,16,20,0.00021295674054199793,1800,224,5.892021895235101,3.913207915116227e-07,0.8717755229746247,0.867037458853182,0.8259242456613545,0.8037385165683671,0.8493856520015854,0.945268136449791,COMPLETE
1666,0.8382422152784329,2026-06-01 09:58:36.867611,2026-06-01 09:59:10.839461,0 days 00:00:33.971850,balanced,0.6756147246178522,0.018730684344628216,16,10,0.048102958721281765,1700,208,4.433517941504042e-06,6.41144987770367e-07,0.8831966776214297,0.8787388404742424,0.8382422152784329,0.8306035353705239,0.8460449578166581,0.9503320341887297,COMPLETE
1667,0.8386131437740317,2026-06-01 09:59:10.850250,2026-06-01 09:59:48.975306,0 days 00:00:38.125056,balanced,0.6640833279277041,0.021442521752282787,16,10,0.01831921876279808,1800,216,4.470804635840667e-06,3.250477507010265e-06,0.816771985888355,0.8795168201819417,0.8386131437740317,0.8343561695089118,0.8429307513730819,0.9507429034466185,COMPLETE
1668,0.8263542896613859,2026-06-01 09:59:48.996123,2026-06-01 10:00:10.789324,0 days 00:00:21.793201,,0.6704192648564842,0.024005798013324194,16,10,0.3932041985449237,1800,224,3.4634292973338216e-06,1.9229078928606855e-06,0.8754950962810174,0.8757530339749909,0.8263542896613859,0.8590049289602977,0.7961044108487628,0.9468202620406748,COMPLETE
1669,0.8273741479621953,2026-06-01 10:00:10.800831,2026-06-01 10:00:29.378106,0 days 00:00:18.577275,balanced,0.983825057252927,0.016703034111227106,8,30,0.03376336902378362,1700,64,5.839719945179343e-06,1.3673754430429162e-06,0.8273372730178838,0.8673423711665652,0.8273741479621953,0.8005784643321027,0.856038729403771,0.945865159705178,COMPLETE
1670,0.8247890203504888,2026-06-01 10:00:29.398937,2026-06-01 10:00:46.941487,0 days 00:00:17.542550,balanced,0.6560682796961342,0.018056114171084558,16,20,0.9232036717964949,1700,216,7.857019356893321e-07,3.3980064289393767e-07,0.8697109415517921,0.8663120494107238,0.8247890203504888,0.8034391318894186,0.8473189513617575,0.9438544695099652,COMPLETE
1671,0.8392979113422903,2026-06-01 10:00:46.953351,2026-06-01 10:01:26.280678,0 days 00:00:39.327327,balanced,0.6786361992687991,0.019408400127924982,16,10,0.022963072048635513,1800,224,3.370966224014032e-06,9.763660754398061e-07,0.8346457818692138,0.879937366718849,0.8392979113422903,0.8343991401745949,0.844261366853519,0.9507973015606166,COMPLETE
1672,0.8386322828321516,2026-06-01 10:01:26.301999,2026-06-01 10:01:58.967249,0 days 00:00:32.665250,balanced,0.6636750508690094,0.020636674398248792,16,10,0.017089019229777822,1700,200,6.828065662730003e-06,6.145272520202454e-07,0.8883645751362296,0.8791909138505503,0.8386322828321516,0.8320533878312264,0.8453371836249364,0.9508996461608018,COMPLETE
1673,0.838665358040437,2026-06-01 10:01:58.978835,2026-06-01 10:02:34.140960,0 days 00:00:35.162125,balanced,0.656416503015068,0.01738826595931493,16,20,0.00015174880839000885,1600,224,3.308490783958272e-05,3.25126798425531e-07,0.8263611491115052,0.8788124375855143,0.838665358040437,0.8293600652707802,0.8481965913594927,0.9508639335128196,COMPLETE
1674,0.8403882792210174,2026-06-01 10:02:34.151911,2026-06-01 10:03:10.773589,0 days 00:00:36.621678,balanced,0.6743588603856201,0.01672959723041736,16,10,0.00010780603642365114,1800,208,2.5138161795407512e-06,2.363909760366055e-06,0.8174626620903487,0.8803999540155667,0.8403882792210174,0.8330699389616699,0.8478568597474662,0.9514913938464774,COMPLETE
1675,0.8369077046827481,2026-06-01 10:03:10.784431,2026-06-01 10:03:47.739731,0 days 00:00:36.955300,balanced,0.6741247614753294,0.019086639572497673,16,10,0.05127894681668704,1800,208,2.9773723960333857e-06,4.7104494774986335e-06,0.818573200387987,0.8778767510612462,0.8369077046827481,0.8301877001407195,0.8437517694354794,0.950242854512282,COMPLETE
1676,0.8380304324751785,2026-06-01 10:03:47.750846,2026-06-01 10:04:23.908008,0 days 00:00:36.157162,balanced,0.6675659017946032,0.01830380696107464,16,10,0.034207055761629704,1800,200,1.8024435465937928e-06,8.210773871592075e-06,0.8165128083619908,0.8785916571943728,0.8380304324751785,0.8304518480473656,0.8457618481399694,0.9505403626591523,COMPLETE
1677,0.8260731647323003,2026-06-01 10:04:23.918931,2026-06-01 10:04:44.000215,0 days 00:00:20.081284,balanced,0.6749504017028649,0.017064082003282736,16,20,0.8086447259241947,1800,200,2.0492153875622904e-06,3.122949240645969e-06,0.8233750939408,0.8672792783594135,0.8260731647323003,0.8046297584329944,0.8487061887775323,0.9445975876274373,COMPLETE
1678,0.833689580678794,2026-06-01 10:04:44.020972,2026-06-01 10:05:15.273169,0 days 00:00:31.252197,balanced,0.6656857360753801,0.018101797002355206,10,10,0.15434395511966284,1800,208,1.4002124254373238e-06,5.071831252155858e-06,0.8165066635471063,0.8742811733222151,0.833689580678794,0.819392347179774,0.8485080120038503,0.948235075615809,COMPLETE
1679,0.8388180579978842,2026-06-01 10:05:15.284761,2026-06-01 10:05:52.863227,0 days 00:00:37.578466,balanced,0.6806620506638074,0.021682877099996088,16,10,0.02213096448478473,1800,208,5.157975772486954e-07,1.983883840356062e-06,0.8235392470638778,0.8796219587228465,0.8388180579978842,0.8342269877201418,0.8434686597587907,0.9506635927565252,COMPLETE
1680,0.838709419688414,2026-06-01 10:05:52.875895,2026-06-01 10:06:31.341117,0 days 00:00:38.465222,balanced,0.6723087261174596,0.0198941803741792,16,10,0.018380360526901375,1800,200,1.208272805236585e-06,3.170501178191151e-06,0.8340089567510982,0.8793065610063261,0.838709419688414,0.8325276470715588,0.8449974520129099,0.9507290385236233,COMPLETE
1681,0.8360439851015755,2026-06-01 10:06:31.354160,2026-06-01 10:07:14.361704,0 days 00:00:43.007544,balanced,0.6502684964591845,0.016871019707909437,16,20,0.052073692788272605,1800,208,9.364985350950503e-07,2.596726234419378e-06,0.8168343455612873,0.8767097536456174,0.8360439851015755,0.8258843271051429,0.8464696223316913,0.9496969020775916,COMPLETE
1682,0.8398416101522129,2026-06-01 10:07:14.373829,2026-06-01 10:07:50.133646,0 days 00:00:35.759817,balanced,0.6613454275189325,0.018809533238262514,16,10,0.0003766069966044095,1700,208,2.0314841515699254e-06,2.3333573694228344e-06,0.8325952639735431,0.8800635195051295,0.8398416101522129,0.8330301259636931,0.846781042976049,0.9513841553063546,COMPLETE
1683,0.8393182293385212,2026-06-01 10:07:50.148411,2026-06-01 10:08:30.084326,0 days 00:00:39.935915,balanced,0.6828720963481724,0.0177797144592321,16,10,0.018155741626114316,1800,208,2.7071162055280307e-06,1.6515900058853278e-06,0.8270854955044028,0.8796745329672419,0.8393182293385212,0.8325176184736071,0.8462431345903404,0.9507458333655542,COMPLETE
1684,0.8349146953912822,2026-06-01 10:08:30.096209,2026-06-01 10:09:06.561685,0 days 00:00:36.465476,balanced,0.6677409312510646,0.016674868518477663,16,10,0.20229921195293482,1800,208,3.1255667687846417e-06,3.842532469510933e-06,0.8669314453035516,0.8756899630531877,0.8349146953912822,0.8236502947956224,0.8464979332993602,0.948573729460783,COMPLETE
1685,0.8263305496540846,2026-06-01 10:09:06.572742,2026-06-01 10:09:26.273808,0 days 00:00:19.701066,balanced,0.6500333031233884,0.019740059159335136,16,20,0.7188920823945416,1700,216,4.0838565771846e-06,6.114013188840031e-06,0.8412225230060717,0.8675631263563964,0.8263305496540846,0.8053714852351126,0.8484230791008436,0.9449121026768212,COMPLETE
1686,0.8320947323875245,2026-06-01 10:09:26.285928,2026-06-01 10:10:11.902636,0 days 00:00:45.616708,balanced,0.6605178444250107,0.022851961409905447,16,10,0.08258876144209137,1800,200,5.112804907378197e-06,5.655176681990688,0.8770023211815153,0.873198299207327,0.8320947323875245,0.8185859882282678,0.846073268784327,0.947745434936361,COMPLETE
1687,0.8356084095936015,2026-06-01 10:10:11.914858,2026-06-01 10:10:53.932616,0 days 00:00:42.017758,,0.676549206160389,0.017710800570411103,12,10,0.0001225447978727494,1800,216,1.6720032355769516e-06,1.565670000997357e-06,0.8873475097365949,0.881735143982498,0.8356084095936015,0.8636001324751844,0.8093822546854651,0.9512252252655798,COMPLETE
1688,0.8312823301398696,2026-06-01 10:10:53.944936,2026-06-01 10:11:37.741619,0 days 00:00:43.796683,balanced,0.6692973778318771,0.02621442844542004,16,120,0.03594314468435756,1700,216,4.446042678092536e-06,1.0594373348834845e-06,0.8280398132300423,0.8723361955356946,0.8312823301398696,0.8162230344301759,0.8469225978143933,0.9471706621999395,COMPLETE
1689,0.8069578728935894,2026-06-01 10:11:37.753860,2026-06-01 10:11:47.303007,0 days 00:00:09.549147,balanced,0.6579929748842761,0.020702924518957493,4,20,0.0002458033222062399,1400,216,7.4214887302046385e-06,2.1264299312308825e-06,0.8398952185192563,0.8501004190981248,0.8069578728935894,0.7733115433671692,0.8436951475001416,0.9342478803705121,COMPLETE
1690,0.8369692332890689,2026-06-01 10:11:47.315447,2026-06-01 10:12:25.043337,0 days 00:00:37.727890,balanced,0.6796749132641858,0.01858928687943267,16,10,0.060171014349752035,1700,208,2.2007445957919915e-06,1.2184262001526396e-06,0.8152468014269835,0.8777821294251168,0.8369692332890689,0.8293224702910122,0.8447709642715587,0.9500921998499902,COMPLETE
1691,0.8192777955602191,2026-06-01 10:12:25.057576,2026-06-01 10:12:41.503896,0 days 00:00:16.446320,balanced,0.6654990391658868,0.016728971077978973,6,10,0.03350619059810531,1800,200,6.055471374403339e-06,7.74008176093454e-07,0.8599766063652976,0.8605822618871838,0.8192777955602191,0.7898803633691269,0.8509710661910423,0.9424526719907171,COMPLETE
1692,0.8392615289368196,2026-06-01 10:12:41.516369,2026-06-01 10:13:18.959282,0 days 00:00:37.442913,balanced,0.6733947286487832,0.017598920476595857,16,20,0.00023369658420256396,1600,216,2.7960741519169743e-06,2.636385972623185e-06,0.8226909192257056,0.8791804019197178,0.8392615289368196,0.8294128365992521,0.8493573410339165,0.9509559106623149,COMPLETE
1693,0.8390449909360879,2026-06-01 10:13:18.977071,2026-06-01 10:13:57.423624,0 days 00:00:38.446553,balanced,0.6845489596991469,0.01902123005564482,16,10,0.01761887103217682,1700,216,3.0737082646016316e-06,1.060670047811458e-06,0.8320685203175514,0.8795483649275365,0.8390449909360879,0.8327716836619204,0.845422116527943,0.9508420652218957,COMPLETE
1694,0.830555224520368,2026-06-01 10:13:57.435065,2026-06-01 10:14:42.328697,0 days 00:00:44.893632,balanced,0.656674336209225,0.016554858818878096,16,130,0.03613694919405674,1800,216,0.12061999410726391,1.3759191373716468e-06,0.8397795295372006,0.8711271603446211,0.830555224520368,0.8115240237446465,0.8505180907083404,0.9471826855899979,COMPLETE
1695,0.8286218554538923,2026-06-01 10:14:42.340903,2026-06-01 10:15:08.315531,0 days 00:00:25.974628,balanced,0.6630296033585069,0.019578216918066105,8,10,0.25452505392766067,1700,208,1.004480143591754e-06,5.796068999070269e-07,0.8460780647460898,0.8692137342672156,0.8286218554538923,0.8070531098430909,0.8513957307060754,0.9459376517524468,COMPLETE
1696,0.8353991212851922,2026-06-01 10:15:08.327121,2026-06-01 10:15:51.193167,0 days 00:00:42.866046,balanced,0.6708218012661958,0.03760692739764679,16,20,0.021968850525650365,1800,216,9.259963357926999e-06,1.9841877725977546e-06,0.8560079025836087,0.8780554631700935,0.8353991212851922,0.8375102504610079,0.8333050223656645,0.9489974939835202,COMPLETE
1697,0.8382110695791715,2026-06-01 10:15:51.205083,2026-06-01 10:16:32.881766,0 days 00:00:41.676683,balanced,0.6761934308371473,0.018233926090674032,16,10,0.04720445602901505,1800,224,6.443484329160867e-06,4.130711274862792e-06,0.8662977126553039,0.8789280810937319,0.8382110695791715,0.8319790053050148,0.8445444765302078,0.9503463214941731,COMPLETE
1698,0.8395690080730395,2026-06-01 10:16:32.893664,2026-06-01 10:17:10.853892,0 days 00:00:37.960228,balanced,0.6562913842886139,0.01734963335228196,16,10,0.019577323714059444,1800,208,3.0964861353408755e-05,7.348091621966328e-07,0.8799762042564773,0.8796745369463962,0.8395690080730395,0.8315136709201306,0.8478002378121284,0.9508835469860873,COMPLETE
1699,0.8392479320694921,2026-06-01 10:17:10.865724,2026-06-01 10:17:38.943137,0 days 00:00:28.077413,balanced,0.6867977593677764,0.020370190926016954,16,10,0.016841933868349993,1300,224,4.221191476141486e-06,4.843716471155727e-07,0.8345926630055731,0.8792855397974303,0.8392479320694921,0.8301705462599211,0.8485363229715192,0.9507253893492679,COMPLETE
1700,0.8365925390828902,2026-06-01 10:17:38.955303,2026-06-01 10:18:14.278298,0 days 00:00:35.322995,balanced,0.6673941020689985,0.016563084560973166,16,10,0.06527643183166269,1600,216,9.470176828041354e-06,8.846692615072824e-07,0.8240743439662775,0.8772144032558978,0.8365925390828902,0.8270370589631252,0.8463846894286847,0.9499415867080364,COMPLETE
1701,0.8360384764010503,2026-06-01 10:18:14.290971,2026-06-01 10:18:41.963916,0 days 00:00:27.672945,balanced,0.6614737209504039,0.01868985098023395,16,20,0.03509087296345459,1700,128,3.4261743406191975e-05,1.8061091196939782e-06,0.8412200956781228,0.8758897222354336,0.8360384764010503,0.8206326130772491,0.8520468829624597,0.9496533123208625,COMPLETE
1702,0.8393764949160881,2026-06-01 10:18:41.975242,2026-06-01 10:19:23.448841,0 days 00:00:41.473599,balanced,0.6793745456270296,0.017874554057811895,16,10,0.01777803455716191,1800,224,1.944499474215242e-06,1.2917867685527222e-06,0.8523256170908724,0.8799478783180854,0.8393764949160881,0.8341425335095485,0.8446860313685521,0.9509187151777468,COMPLETE
1703,0.8371717151005793,2026-06-01 10:19:23.460578,2026-06-01 10:19:56.209252,0 days 00:00:32.748674,balanced,0.6693737138157607,0.016460125608370728,16,20,0.017548503961208887,1500,208,1.8843242266600118e-05,2.9113604535567283e-06,0.8876489443788336,0.8772354340810832,0.8371717151005793,0.8248893939413778,0.8498386274842874,0.9502352215941139,COMPLETE
1704,0.8374488428842022,2026-06-01 10:19:56.230945,2026-06-01 10:20:35.220176,0 days 00:00:38.989231,balanced,0.656304522672453,0.017363730432290014,16,10,0.04508847713576427,1700,216,5.498536601009574e-06,4.645039166041626e-07,0.8295012478416574,0.8780870155424009,0.8374488428842022,0.8294179771010013,0.8456486042692939,0.9503118515758816,COMPLETE
1705,0.8404487661369497,2026-06-01 10:20:35.231000,2026-06-01 10:21:10.477935,0 days 00:00:35.246935,balanced,0.6637088268057256,0.01938502787226156,16,10,7.815915013650518e-05,1800,200,3.536425522909212e-05,8.565658969794221e-07,0.8141830892271249,0.8806312377160399,0.8404487661369497,0.8343923659766382,0.8466111771700356,0.9515852834276403,COMPLETE
1706,0.8397923860313709,2026-06-01 10:21:10.489794,2026-06-01 10:21:46.649073,0 days 00:00:36.159279,balanced,0.6553527108610188,0.02094123048746129,16,10,0.00028409522442405936,1800,208,3.2581923944742985e-05,1.005788946024487e-06,0.8132719873721933,0.8803053264107058,0.8397923860313709,0.8348818226927371,0.8447709642715587,0.9513811425058059,COMPLETE
1707,0.8312983792441803,2026-06-01 10:21:46.659927,2026-06-01 10:22:18.362789,0 days 00:00:31.702862,,0.6625965941615619,0.022339019432254636,10,20,0.03400152566171179,1800,200,3.3814982350229196e-05,1.282000494860241e-06,0.8204690336031242,0.8786757536358221,0.8312983792441803,0.8594551059207417,0.8049374327614518,0.949136484475544,COMPLETE
1708,0.8384697421074098,2026-06-01 10:22:18.373493,2026-06-01 10:22:54.066763,0 days 00:00:35.693270,balanced,0.6552198976210568,0.021652623753552216,16,10,0.01990030082908307,1800,200,1.906162395044824e-05,6.673591260206315e-07,0.8239472604356841,0.87924347814706,0.8384697421074098,0.8330718969513841,0.8439499462091614,0.9505817753700848,COMPLETE
1709,0.8357533911555276,2026-06-01 10:22:54.077765,2026-06-01 10:23:33.957333,0 days 00:00:39.879568,balanced,0.6617797020796969,0.0189015495430151,16,30,0.04978324704959526,1800,208,3.72539826797309e-05,8.707445414976688e-07,0.8133097681157645,0.8764889838655541,0.8357533911555276,0.8255909873531975,0.8461865126550027,0.9492316605153016,COMPLETE
1710,0.8388710255897793,2026-06-01 10:23:33.969122,2026-06-01 10:24:10.397211,0 days 00:00:36.428089,balanced,0.6659372808899008,0.019719386061331914,16,10,0.01703411324777382,1800,200,1.5002314179640042e-05,1.9072738949511016e-06,0.8193231018793856,0.8793381030991515,0.8388710255897793,0.832085789880745,0.8457901591076383,0.9507807213433742,COMPLETE
1711,0.8405865484105354,2026-06-01 10:24:10.408632,2026-06-01 10:24:46.382117,0 days 00:00:35.973485,balanced,0.6503915067361535,0.02054526523866163,16,10,0.0005929818572356523,1800,208,2.137633917444357e-05,1.4510828826672247e-06,0.8293887631634037,0.8809256258295314,0.8405865484105354,0.8358811197506703,0.8453654945926052,0.951473305190575,COMPLETE
1712,0.8363943107815855,2026-06-01 10:24:46.394046,2026-06-01 10:25:24.254306,0 days 00:00:37.860260,balanced,0.6542894169768515,0.020328412606983225,16,20,0.033734496632114495,1800,200,1.9348059700526696e-05,9.235548042682004e-07,0.812554349775063,0.8772985166087528,0.8363943107815855,0.8283872598729164,0.8445727874978767,0.9497874697395989,COMPLETE
1713,0.8293755188151407,2026-06-01 10:25:24.266056,2026-06-01 10:25:57.069993,0 days 00:00:32.803937,balanced,0.651413626225955,0.06596245720426279,16,10,0.08059632376081104,1800,208,2.408497655567857e-05,1.387590644493891e-06,0.8140352385877383,0.8739026801457732,0.8293755188151407,0.8335297103062106,0.8252647075477039,0.9463581386838412,COMPLETE
1714,0.8384256989278569,2026-06-01 10:25:57.081821,2026-06-01 10:26:33.084294,0 days 00:00:36.002473,balanced,0.6512465397579127,0.01978314555148889,16,10,0.018737201344035483,1800,200,2.5716048336197362e-05,6.672395686840285e-07,0.8218547538568558,0.8790437312338732,0.8384256989278569,0.831884928540572,0.8450823849159165,0.9506554112359229,COMPLETE
