number,value,datetime_start,datetime_complete,duration,params_class_weight,params_colsample_bytree,params_learning_rate,params_max_depth,params_min_child_samples,params_min_split_gain,params_n_estimators,params_num_leaves,params_reg_alpha,params_reg_lambda,params_subsample,user_attrs_accuracy,user_attrs_f1,user_attrs_precision,user_attrs_recall,user_attrs_roc_auc,state
2508,0.837884807971403,2026-06-01 17:40:32.125278,2026-06-01 17:41:12.516629,0 days 00:00:40.391351,balanced,0.6608916415868534,0.01879963160614588,16,20,0.018627341708863786,1700,232,9.170442234092299e-07,1.2629661451055913e-06,0.8616486174131404,0.8784970365530319,0.837884807971403,0.830410797160325,0.8455070494309496,0.9502914362659619,COMPLETE
2509,0.8373423401611966,2026-06-01 17:41:12.528957,2026-06-01 17:41:49.944683,0 days 00:00:37.415726,balanced,0.6749879054017528,0.019645261446986247,16,10,0.03377590094017616,1800,216,8.601843523302965e-05,2.3423478488049874e-06,0.9160837645414187,0.8783288181372266,0.8373423401611966,0.8314505817081376,0.8433271049204462,0.9504983017469594,COMPLETE
2510,0.8392932185094363,2026-06-01 17:41:49.957749,2026-06-01 17:42:24.994663,0 days 00:00:35.036914,balanced,0.6848757602364143,0.020954481816000264,16,10,0.017985610535458618,1600,224,3.0170951507204422e-05,0.0001258442359076844,0.8435256203717658,0.8798742868439486,0.8392932185094363,0.8339815546520786,0.8446860313685521,0.9509027641660754,COMPLETE
2511,0.8364680510218004,2026-06-01 17:42:25.017202,2026-06-01 17:43:05.216957,0 days 00:00:40.199755,balanced,0.6563440844406626,0.023466292300482597,16,10,0.048713550596909065,1800,232,0.06850383184654253,8.176789809547224e-07,0.8877205745915877,0.8780764986376255,0.8364680510218004,0.8332964870290028,0.8396749900911612,0.9498141622389035,COMPLETE
2512,0.8381861341004452,2026-06-01 17:43:05.230056,2026-06-01 17:43:48.396248,0 days 00:00:43.166192,balanced,0.6671232262960075,0.021447641446316015,12,10,0.0212614018716872,1900,224,1.9232901972356482e-05,5.755772555257814e-07,0.87832432806822,0.8790962968567676,0.8381861341004452,0.833229168832002,0.8432138610497706,0.9503375800689038,COMPLETE
2513,0.8358008929562165,2026-06-01 17:43:48.409054,2026-06-01 17:44:29.246449,0 days 00:00:40.837395,balanced,0.6747138719117359,0.018799250409095997,16,20,0.078488516175179,1700,240,2.660924880069209e-06,3.5212999515048043e-07,0.8650558842645276,0.8768464293054049,0.8358008929562165,0.8277329672909733,0.844034879112168,0.9491806366787398,COMPLETE
2514,0.8108310107212002,2026-06-01 17:44:29.259966,2026-06-01 17:44:41.543863,0 days 00:00:12.283897,balanced,0.650230674945469,0.020209354115614447,4,10,0.00045517709455323815,1900,208,7.986282169868816e-06,2.3289260537786647e-07,0.8576401512860626,0.85306520007773,0.8108310107212002,0.7768264319846883,0.8479701036181417,0.9367867581066713,COMPLETE
2515,0.8368834008461482,2026-06-01 17:44:41.556539,2026-06-01 17:45:18.292391,0 days 00:00:36.735852,balanced,0.6627431482657588,0.022045906907331735,16,20,0.03433723604534645,1600,232,4.890680514328031e-06,1.774543284735607e-06,0.8721741352230039,0.8779608514818498,0.8368834008461482,0.8308544780346693,0.8430156842760886,0.9497487871522523,COMPLETE
2516,0.8200621037027361,2026-06-01 17:45:18.313140,2026-06-01 17:45:34.440682,0 days 00:00:16.127542,balanced,0.6559939005907857,0.016347395341724122,6,10,0.00024690024822092145,1700,240,3.5914574413363854e-05,1.1245292472932929e-06,0.8828933488193507,0.8610658756983364,0.8200621037027361,0.7899967620256046,0.8525281694128305,0.9423580859755648,COMPLETE
2517,0.8358409571690752,2026-06-01 17:45:34.454111,2026-06-01 17:46:14.332338,0 days 00:00:39.878227,,0.6698866608082841,0.01953305015517496,16,10,0.019269606963320494,1800,224,1.2355106845544447e-05,5.003038418586123e-07,0.8499202746651423,0.8819138720079623,0.8358409571690752,0.8639390351345698,0.8095238095238096,0.9509301522705244,COMPLETE
2518,0.8373458535983761,2026-06-01 17:46:14.345343,2026-06-01 17:46:47.401301,0 days 00:00:33.055958,balanced,0.6803017491381642,0.02493188434002759,16,10,0.045692418742759464,1600,216,2.2485395182124596e-05,2.506380681264416e-07,0.8703672332469914,0.8786652523160677,0.8373458535983761,0.8337289235832591,0.8410056055715985,0.9500438257251521,COMPLETE
2519,0.8394694431093815,2026-06-01 17:46:47.414479,2026-06-01 17:47:27.657796,0 days 00:00:40.243317,balanced,0.6623669537669392,0.022715978198596703,16,20,0.00012899374322244555,1700,232,9.22440302262144e-06,3.5874189199596573e-06,0.8636636826410669,0.8801791713032517,0.8394694431093815,0.8353535073959656,0.8436385255648037,0.9509658985706465,COMPLETE
2520,0.8390897681114734,2026-06-01 17:47:27.671195,2026-06-01 17:48:03.793927,0 days 00:00:36.122732,balanced,0.6730002476607096,0.018445466050698796,16,10,0.017431224709155008,1700,216,3.166140692766403e-06,3.81041909048219e-07,0.8823839167565424,0.8794116919205185,0.8390897681114734,0.8316593534802005,0.8466677991053735,0.9509296162426835,COMPLETE
2521,0.8264148994138089,2026-06-01 17:48:03.806744,2026-06-01 17:48:27.232548,0 days 00:00:23.425804,balanced,0.6616150431096242,0.021008205887972888,8,10,0.06631975317385927,1800,240,2.582639689555694,7.39664823333667e-07,0.8543645896348073,0.8669954107982555,0.8264148994138089,0.8018484705540118,0.8525564803804994,0.9450992729386843,COMPLETE
2522,0.836395628500412,2026-06-01 17:48:27.245944,2026-06-01 17:48:50.800289,0 days 00:00:23.554345,balanced,0.6896756975564556,0.020078984346679637,16,10,0.035216962617632394,1600,128,4.539055354380872e-05,2.0420687230337434e-07,0.9314629371196994,0.8762787246899384,0.836395628500412,0.8217482056324893,0.8515939074797577,0.9497574182896961,COMPLETE
2523,0.8382216837733334,2026-06-01 17:48:50.813530,2026-06-01 17:49:26.534414,0 days 00:00:35.720884,balanced,0.6561927536608066,0.027514527033473807,16,20,0.00031950968459246545,1700,208,6.064279423420908e-06,1.0337734830581948e-06,0.9058187774551327,0.8793696498343234,0.8382216837733334,0.8349666433907922,0.8415152029896381,0.9509583361578993,COMPLETE
2524,0.838400961684331,2026-06-01 17:49:26.547737,2026-06-01 17:49:56.619201,0 days 00:00:30.071464,balanced,0.6664003194723601,0.01864598222264811,16,10,0.00010571640270579604,1300,232,1.4643039511782914e-05,2.4688661581201623e-06,0.6587032093882703,0.8786757639153041,0.838400961684331,0.8295165863228736,0.8474888171677707,0.9507310319113308,COMPLETE
2525,0.8375011840168914,2026-06-01 17:49:56.632562,2026-06-01 17:50:36.839890,0 days 00:00:40.207328,balanced,0.9922346875721626,0.021870672265959602,16,10,0.018738769274601132,1900,224,8.487803818746472e-05,5.759665544352471e-07,0.8743894940747252,0.8792750155975387,0.8375011840168914,0.8372652854465853,0.8377498442896778,0.9507053118755812,COMPLETE
2526,0.837303585336847,2026-06-01 17:50:36.852104,2026-06-01 17:51:14.281525,0 days 00:00:37.429421,balanced,0.6809419246455098,0.02374514484734378,16,10,0.048018307441512274,1800,216,2.3926117833670407e-05,1.5034381403677012e-06,0.8918912446495016,0.8786757609309382,0.837303585336847,0.8339797983090165,0.8406658739595719,0.9501103600443671,COMPLETE
2527,0.8380560835616148,2026-06-01 17:51:14.293669,2026-06-01 17:51:53.390585,0 days 00:00:39.096916,balanced,0.6724413254274653,0.02041207385925645,16,20,0.01901626230581199,1700,224,8.074001948797033e-06,2.502095098969655e-07,0.8645978756445136,0.8786967841294112,0.8380560835616148,0.8310512689345794,0.8451956287865919,0.9503129478389155,COMPLETE
2528,0.8379947987978397,2026-06-01 17:51:53.403838,2026-06-01 17:52:33.762249,0 days 00:00:40.358411,balanced,0.656069594597129,0.01637166226864973,16,10,0.03552132310853511,1800,224,4.781043556459921e-06,0.0002776920228944022,0.8777816404681278,0.8785601147699512,0.8379947987978397,0.8303804175601653,0.8457618481399695,0.9504607024855295,COMPLETE
2529,0.8369159534990464,2026-06-01 17:52:33.775190,2026-06-01 17:53:12.176927,0 days 00:00:38.401737,balanced,0.6663116067581686,0.019532236106685832,16,20,0.030568574963217424,1600,232,0.2667238711417144,3.7506840834440696e-07,0.8479230878739789,0.8776139189676201,0.8369159534990464,0.8284020589099456,0.845620293301625,0.949624014250292,COMPLETE
2530,0.8391373376707575,2026-06-01 17:53:12.190211,2026-06-01 17:53:50.471146,0 days 00:00:38.280935,balanced,0.6500362935221681,0.022626639962715658,16,10,0.019685955181047207,1700,232,1.797168811959381e-05,1.7301986694908481e-07,0.8573014489985196,0.8801686537352841,0.8391373376707575,0.8366727610657364,0.8416284468603137,0.9506999948346331,COMPLETE
2531,0.8378993910861189,2026-06-01 17:53:50.484625,2026-06-01 17:54:30.544190,0 days 00:00:40.059565,balanced,0.6775165653184745,0.017886233770773176,16,10,0.05572858059518689,1900,208,6.168508522064597e-05,7.082252167396202e-07,0.8713511705540357,0.8784970421901671,0.8378993910861189,0.8303268730540942,0.845620293301625,0.9501311403577817,COMPLETE
2532,0.8374523788865291,2026-06-01 17:54:30.557452,2026-06-01 17:55:06.955882,0 days 00:00:36.398430,balanced,0.6609121739076698,0.02118057980589933,10,10,0.01942199280206107,1800,240,3.093209590264833e-05,1.7460379005454036e-06,0.8412319505433739,0.8777085276714981,0.8374523788865291,0.8268810325368361,0.8483098352301681,0.9500194699926179,COMPLETE
2533,0.8381613840313409,2026-06-01 17:55:06.969293,2026-06-01 17:55:41.332894,0 days 00:00:34.363601,balanced,0.6690234118385893,0.019357498975859904,16,10,0.01766801725308615,1600,216,1.1521196003059612e-05,4.260510466407645e-07,0.8850075840189131,0.8787598693098504,0.8381613840313409,0.831046119196862,0.845422116527943,0.9507853773687339,COMPLETE
2534,0.8298177004583369,2026-06-01 17:55:41.346146,2026-06-01 17:56:17.795254,0 days 00:00:36.449108,balanced,0.6945740941745893,0.021585438017974582,16,160,0.04614330589673185,1700,232,3.9392758649829134e-05,1.0925009467210298e-06,0.8987297581942043,0.8705489265553202,0.8298177004583369,0.810683318063961,0.8498952494196251,0.9469268087393576,COMPLETE
2535,0.8378525817629251,2026-06-01 17:56:17.808084,2026-06-01 17:56:57.261366,0 days 00:00:39.453282,balanced,0.6575781068069655,0.020567986597443456,16,20,0.019225375489047503,1700,224,2.0616308458067958e-06,3.4085177906748e-07,0.8638536843251167,0.8784339427510915,0.8378525817629251,0.8301050910772344,0.8457618481399694,0.9501595827606621,COMPLETE
2536,0.8333468941943739,2026-06-01 17:56:57.273612,2026-06-01 17:57:20.435255,0 days 00:00:23.161643,,0.6829074859304495,0.023569843710872333,16,10,0.03495809566923961,1100,216,1.628348068750253e-05,2.155783933963458e-07,0.8742088774429296,0.8803473744656323,0.8333468941943739,0.8630971942069628,0.8055885850178358,0.9501102572654229,COMPLETE
2537,0.8399691637786906,2026-06-01 17:57:20.447314,2026-06-01 17:58:02.601009,0 days 00:00:42.153695,balanced,0.6661739380004879,0.01714958597624197,16,10,0.00024391604825267486,1900,224,6.802590744701954e-06,3.539291358844947e-06,0.8561329717607499,0.8804209881567138,0.8399691637786906,0.8349656488176528,0.8450540739482476,0.9516390668378021,COMPLETE
2538,0.8254097669230251,2026-06-01 17:58:02.613581,2026-06-01 17:58:20.560293,0 days 00:00:17.946712,balanced,0.8194752841635478,0.01857807523662025,16,20,0.8778396821972237,1800,240,3.440995657440395e-06,7.677410784515976e-07,0.879327953465668,0.8668272006723551,0.8254097669230251,0.8042854333835665,0.847686993941453,0.9445646717803337,COMPLETE
2539,0.8364682640147193,2026-06-01 17:58:20.582663,2026-06-01 17:58:55.047672,0 days 00:00:34.465009,balanced,0.6733502485982503,0.025227090697209062,12,10,0.06408998856958685,1600,232,1.1404246482859408e-05,5.1751179373883e-07,0.8654415924701883,0.8776769978477318,0.8364682640147193,0.830606906503359,0.8424211539550422,0.9494330270828,COMPLETE
2540,0.8265750096268415,2026-06-01 17:58:55.060320,2026-06-01 17:59:13.608578,0 days 00:00:18.548258,balanced,0.6617040041090162,0.01964949028911459,16,10,0.7640859587268327,1800,224,2.5039544089295897e-05,1.4734623825637754e-07,0.8897582302765075,0.8679626490316386,0.8265750096268415,0.806837229717655,0.8473189513617575,0.9450189264108647,COMPLETE
2541,0.8389738282299285,2026-06-01 17:59:13.621749,2026-06-01 17:59:53.171229,0 days 00:00:39.549480,balanced,0.6567618822036743,0.022477798630321216,16,10,0.018077488260599347,1700,240,9.170044457487107e-06,1.967024162885185e-06,0.8692023927939545,0.8800109578613894,0.8389738282299285,0.8362628961699201,0.8417133797633203,0.9506312010681901,COMPLETE
2542,0.8349690326216271,2026-06-01 17:59:53.183681,2026-06-01 18:00:23.324826,0 days 00:00:30.141145,balanced,0.8047176252307178,0.020737908135754997,16,20,0.08928840190112405,1400,216,5.595407442328971e-05,6.277824455997091e-05,0.8454932547940366,0.8760158776744836,0.8349690326216271,0.825562774291812,0.8446010984655455,0.9492703547794482,COMPLETE
2543,0.820288787656549,2026-06-01 18:00:23.337144,2026-06-01 18:00:38.914107,0 days 00:00:15.576963,balanced,0.9398378708287612,0.018138198193453366,6,10,0.018009214239446156,1700,208,5.43123630148236e-06,2.705649368040549,0.8797722430247179,0.8611920301425977,0.820288787656549,0.7899543192109814,0.8530660777985392,0.9423359487646604,COMPLETE
2544,0.8090261440441342,2026-06-01 18:00:38.926625,2026-06-01 18:00:49.249499,0 days 00:00:10.322874,balanced,0.7832502198276212,0.02163716778995401,4,10,0.03671204398996759,1600,232,1.7869965803666433e-05,2.67812611984114e-07,0.8556132957280138,0.8515302449598217,0.8090261440441342,0.7744733655357519,0.8468376649113867,0.9359410513319854,COMPLETE
2545,0.8392681610942937,2026-06-01 18:00:49.262810,2026-06-01 18:01:29.545300,0 days 00:00:40.282490,balanced,0.6759069131252725,0.016444293334116546,16,10,0.018015869511367275,1800,224,2.916301949603629e-05,9.061842047079987e-07,0.860211631443066,0.879674531309261,0.8392681610942937,0.8327554403380613,0.8459034029783138,0.9509534301736494,COMPLETE
2546,0.8394628031310777,2026-06-01 18:01:29.558425,2026-06-01 18:02:13.821897,0 days 00:00:44.263472,balanced,0.6553791023384418,0.019490746909856818,16,20,0.0002564242172992542,1900,224,3.77489649726361e-06,1.403148270577796e-06,0.8851958455613191,0.8799163392096258,0.8394628031310777,0.8335671420035317,0.8454504274956118,0.9510647713487757,COMPLETE
2547,0.8369620068845559,2026-06-01 18:02:13.833904,2026-06-01 18:02:52.290773,0 days 00:00:38.456869,balanced,0.7943727924326562,0.023254304988532728,16,10,0.049374170610291035,1700,240,1.2078908905182792e-05,1.6743239385992205e-07,0.870503224026135,0.8787178179389619,0.8369620068845559,0.8356460741113149,0.8382877526753864,0.9501472953838185,COMPLETE
2548,0.8371559259598378,2026-06-01 18:02:52.311874,2026-06-01 18:03:27.515294,0 days 00:00:35.203420,balanced,0.6684541300075133,0.02072290279034681,16,20,0.033891147052948226,1600,216,4.409880754586625e-05,5.743100477477331e-07,0.875779199038111,0.877824176816851,0.8371559259598378,0.8288516310548069,0.8456486042692939,0.9499168643991943,COMPLETE
2549,0.8326872975872148,2026-06-01 18:03:27.528505,2026-06-01 18:03:51.914989,0 days 00:00:24.386484,balanced,0.6872847370592817,0.018716914562078045,8,10,0.033866892399913084,1800,232,8.100338665788125e-06,3.15872697746847e-07,0.8644232216175038,0.8724203161836658,0.8326872975872148,0.8116346395638314,0.8548779797293472,0.9478624376108026,COMPLETE
2550,0.8361310204199764,2026-06-01 18:03:51.928253,2026-06-01 18:04:28.728870,0 days 00:00:36.800617,balanced,0.6626485378435132,0.017436195687549325,16,10,0.1387762177192651,1700,232,8.927942581857224e-05,2.4847067958276108e-06,0.9060346634866395,0.8768569455469879,0.8361310204199764,0.8265095677230619,0.8459883358813204,0.9489165906509792,COMPLETE
2551,0.8348702116614346,2026-06-01 18:04:28.741886,2026-06-01 18:05:11.630849,0 days 00:00:42.888963,balanced,0.6504751052156804,0.04330507601916593,16,10,0.018232249549286744,1900,224,1.7651179851389774e-05,1.992440206073698e-07,0.8499436660743228,0.8782026534134832,0.8348702116614346,0.8407094317871701,0.8291149991506709,0.9491915721706067,COMPLETE
2552,0.836431933843191,2026-06-01 18:05:11.643952,2026-06-01 18:05:48.534687,0 days 00:00:36.890735,balanced,0.6715646459714473,0.019991855844734036,16,20,0.06891632294827574,1700,216,1.4835840698219254e-06,4.6473509875028847e-07,0.8934787552366044,0.8771828671318039,0.836431933843191,0.8274841693802456,0.8455919823339562,0.9493740187362443,COMPLETE
2553,0.8341568861267739,2026-06-01 18:05:48.547515,2026-06-01 18:06:38.436814,0 days 00:00:49.889299,balanced,0.6793255732005998,0.024236442927969448,16,120,0.0003155504913373179,1900,240,2.794073801179048e-05,1.2644751266790668e-06,0.8704635334682201,0.8749329979224602,0.8341568861267739,0.8217316314054365,0.846979219749731,0.9483488479653222,COMPLETE
2554,0.8379155165314582,2026-06-01 18:06:38.449118,2026-06-01 18:07:14.201749,0 days 00:00:35.752631,balanced,0.6501265192723759,0.02224806403041805,16,10,0.019567918647890665,1600,224,5.8867261673007505e-06,3.9240750873130195e-06,0.8410929481128215,0.8789701294802547,0.8379155165314582,0.8334697205002691,0.8424211539550422,0.9506569618653082,COMPLETE
2555,0.8297507332362343,2026-06-01 18:07:14.215157,2026-06-01 18:07:33.518899,0 days 00:00:19.303742,,0.6620739226394882,0.02100208981375539,16,10,0.0001654327294392781,1700,72,1.503468568320689e-05,8.322643771578594e-07,0.8831910458938901,0.8781080211662756,0.8297507332362343,0.8619635462727976,0.7998697695487231,0.9492114597077087,COMPLETE
2556,0.8355252353671756,2026-06-01 18:07:33.531945,2026-06-01 18:07:51.628896,0 days 00:00:18.096951,balanced,0.6678369421791489,0.0957290946493482,16,10,0.0004735490184092331,1800,64,1.010516490631179e-05,3.117117753563652e-07,0.8631966612725012,0.877487737332471,0.8355252353671756,0.8331291758832619,0.8379480210633599,0.9493084405623824,COMPLETE
2557,0.8363287318436113,2026-06-01 18:07:51.641163,2026-06-01 18:08:26.165238,0 days 00:00:34.524075,balanced,0.675534484152909,0.018497745019277347,16,20,0.04178358515092685,1600,208,4.910890486281423e-05,1.5110127282020914e-07,0.8585946420407692,0.8768359200273418,0.8363287318436113,0.8256138875762021,0.8473472623294264,0.9498423453970258,COMPLETE
2558,0.8254483599563441,2026-06-01 18:08:26.178199,2026-06-01 18:09:03.219200,0 days 00:00:37.041001,balanced,0.656140548648323,0.1417253009904484,16,10,0.018275990162886644,1700,232,3.038964095975547e-06,5.983140721222083e-07,0.8780812760661072,0.8718420542086887,0.8254483599563441,0.8351140671655148,0.8160070211199818,0.9443908278445307,COMPLETE
2559,0.8379441995039106,2026-06-01 18:09:03.232270,2026-06-01 18:09:39.045391,0 days 00:00:35.813121,balanced,0.685195860223731,0.019934546869227847,10,10,0.00021451258838749008,1800,216,2.236337517101431e-05,2.798757520009512e-07,0.9178589275237516,0.8779608601033507,0.8379441995039106,0.8266031200124565,0.8496121397429365,0.9504508557075506,COMPLETE
2560,0.8369929901448199,2026-06-01 18:09:39.058809,2026-06-01 18:10:18.455988,0 days 00:00:39.397179,balanced,0.6621098011603181,0.016359477053797172,16,20,0.045982094475492154,1700,224,3.555725554704203e-05,1.075693835465373e-06,0.8696761977897938,0.8774877519227035,0.8369929901448199,0.8272461290321146,0.846979219749731,0.9499058379790694,COMPLETE
2561,0.8373401807832496,2026-06-01 18:10:18.468504,2026-06-01 18:10:58.546109,0 days 00:00:40.077605,balanced,0.6694161786033829,0.02249226102104603,16,10,0.030758250399997737,1800,232,5.056005979897596e-06,2.2558588593240242e-06,0.8987977920037508,0.8787493527366711,0.8373401807832496,0.8343330772738754,0.8403827642828832,0.9503665251983929,COMPLETE
2562,0.8392423186836856,2026-06-01 18:10:58.559095,2026-06-01 18:11:32.262527,0 days 00:00:33.703432,balanced,0.7496539811658485,0.017495063858084314,16,10,0.0003509146496507658,1600,216,6.767471509671901e-05,1.9473426591395605e-07,0.8510681297079516,0.8794642684860872,0.8392423186836856,0.831423465402816,0.8472340184587509,0.9514784830814752,COMPLETE
2563,0.8280313491648671,2026-06-01 18:11:32.275403,2026-06-01 18:11:49.952366,0 days 00:00:17.676963,balanced,0.6612635440971398,0.021379662084732298,16,20,0.06121882516184779,1700,48,8.616420749240065e-06,4.4433544798744266e-07,0.8859265301851957,0.8681834211328753,0.8280313491648671,0.8031383934173842,0.8545382481173206,0.9463710638380508,COMPLETE
2564,0.8385931280732154,2026-06-01 18:11:49.965356,2026-06-01 18:12:34.680254,0 days 00:00:44.714898,balanced,0.6813922501027809,0.01921671270257954,16,10,0.03340284150555496,1900,240,1.4762307589122416e-05,1.2351878472103292e-07,0.8738943752709047,0.8796324776171991,0.8385931280732154,0.8352323057834564,0.841996489440009,0.9504528136800996,COMPLETE
2565,0.8311568635646674,2026-06-01 18:12:34.693495,2026-06-01 18:12:58.368138,0 days 00:00:23.674643,balanced,0.6725715900741394,0.0204079239522967,16,70,0.02004660878102816,1700,80,9.69388908827285e-05,1.645126358976564e-06,0.8586248765848123,0.8709168859155808,0.8311568635646674,0.8081239712797154,0.8555574429534002,0.9479540063240753,COMPLETE
2566,0.8391355481807601,2026-06-01 18:12:58.380288,2026-06-01 18:13:38.339976,0 days 00:00:39.959688,balanced,0.6559079093772342,0.01835150741270165,16,10,0.018162250798075222,1800,224,6.489812828790413e-07,6.993785614916703e-07,0.8671073761178416,0.8797270949425782,0.8391355481807601,0.8336429725199039,0.844714342336221,0.9509431070180615,COMPLETE
2567,0.8359961466998227,2026-06-01 18:13:38.353394,2026-06-01 18:14:15.008993,0 days 00:00:36.655599,balanced,0.6502183744168091,0.0234049440212816,16,20,0.05026456248612281,1600,232,1.9561256252960417e-06,3.2888338336839327e-07,0.8804566063435365,0.8772879963880156,0.8359961466998227,0.8298968458644289,0.8421946662136911,0.9495736533197583,COMPLETE
2568,0.840017524165041,2026-06-01 18:14:15.021551,2026-06-01 18:14:52.138087,0 days 00:00:37.116536,balanced,0.6675673036183555,0.0216811339485694,16,10,0.0001557444563240058,1800,216,2.3474231916476938e-05,2.2396227756144695e-07,0.8896654842843136,0.8808204929257616,0.840017524165041,0.8375283833810157,0.8425343978257177,0.9517233151581824,COMPLETE
