number,value,datetime_start,datetime_complete,duration,params_class_weight,params_colsample_bytree,params_learning_rate,params_max_depth,params_min_child_samples,params_min_split_gain,params_n_estimators,params_num_leaves,params_reg_alpha,params_reg_lambda,params_subsample,user_attrs_accuracy,user_attrs_f1,user_attrs_precision,user_attrs_recall,user_attrs_roc_auc,state
1410,0.8379655765267766,2026-06-01 07:20:42.169551,2026-06-01 07:21:10.799603,0 days 00:00:28.630052,balanced,0.6776876726552586,0.015515879237092068,16,10,0.016978726657782037,1400,216,6.23043670333216e-05,5.532074805559401e-07,0.7918388358356381,0.8778977772440849,0.8379655765267766,0.8261130327557132,0.850178359096314,0.9504222636964492,COMPLETE
1411,0.8378406478150553,2026-06-01 07:21:10.810944,2026-06-01 07:21:52.419627,0 days 00:00:41.608683,balanced,0.6590333472887784,0.018462418129925686,16,10,0.0381682312123506,1900,224,2.795809391818442e-05,1.7796919177426983e-07,0.7869340933162748,0.8787388418006271,0.8378406478150553,0.832218865974626,0.8435535926617971,0.9501534508518041,COMPLETE
1412,0.8370836408650885,2026-06-01 07:21:52.432356,2026-06-01 07:22:34.024374,0 days 00:00:41.592018,balanced,0.670161702805946,0.01480778024216026,16,20,0.01827090872398653,1900,208,0.0001238909113777797,3.073803826828754e-07,0.7675830100057326,0.8772774837939906,0.8370836408650885,0.8255183224291835,0.8489892984542212,0.9500910379429314,COMPLETE
1413,0.8386980051685872,2026-06-01 07:22:34.035092,2026-06-01 07:23:15.484696,0 days 00:00:41.449604,balanced,0.6817376905628537,0.016657197949991338,16,10,0.018055562396308313,1900,224,9.550621948854048e-05,1.798518494444218e-07,0.8145215686399356,0.8792329692005931,0.8386980051685872,0.8320646737673805,0.8454504274956118,0.9509402841972127,COMPLETE
1414,0.8368617276464939,2026-06-01 07:23:15.496495,2026-06-01 07:23:56.129732,0 days 00:00:40.633237,balanced,0.6607962522870678,0.015657972785862364,16,10,0.06561196988052627,1900,216,0.00018515262917956585,8.02922084173485e-07,0.7747385437720362,0.8775823682532938,0.8368617276464939,0.8284071645482266,0.8455070494309496,0.9499361060637539,COMPLETE
1415,0.8374382639416401,2026-06-01 07:23:56.141110,2026-06-01 07:24:42.903091,0 days 00:00:46.761981,balanced,0.666049252331704,0.014645294840298936,16,20,0.0002378425449221347,1900,224,0.21472767925064937,3.99970652876514e-07,0.7783610406463417,0.87772955617551,0.8374382639416401,0.8270679896206988,0.8480833474888172,0.9501580670606234,COMPLETE
1416,0.8373339297680742,2026-06-01 07:24:42.914382,2026-06-01 07:25:23.143930,0 days 00:00:40.229548,balanced,0.6759544482773007,0.017402282763617778,16,10,0.04637678645633323,1900,216,5.369710870072083e-05,2.360629063301324e-07,0.8024567300727603,0.8782342044594057,0.8373339297680742,0.8308609720640489,0.8439216352414926,0.9503479836124087,COMPLETE
1417,0.8377849321829786,2026-06-01 07:25:23.154969,2026-06-01 07:26:03.198423,0 days 00:00:40.043454,balanced,0.680946324434629,0.016444827875729595,16,10,0.034811967598026836,1900,208,0.00013398652997754126,1.5598815928016523e-07,0.7688067311145158,0.8783918966857421,0.8377849321829786,0.8301083651899273,0.845620293301625,0.9504172592206137,COMPLETE
1418,0.8386967210196373,2026-06-01 07:26:03.209499,2026-06-01 07:26:45.805635,0 days 00:00:42.596136,balanced,0.7128392019786534,0.014743935614604405,16,10,0.01832540670222934,1900,224,3.42423101381616e-05,2.946826471918373e-07,0.7830970802428725,0.8791173223764138,0.8386967210196373,0.8312972247449043,0.8462431345903404,0.9508067549269059,COMPLETE
1419,0.8348442779272158,2026-06-01 07:26:45.817420,2026-06-01 07:27:29.386431,0 days 00:00:43.569011,,0.6864223620539495,0.01538871424354325,16,10,0.02020301249919615,1900,232,8.969375851527917e-05,5.331401725499074e-07,0.7921649390625175,0.8813040931414703,0.8348442779272158,0.863750879152403,0.807825151463677,0.950804561066121,COMPLETE
1420,0.8388486877801972,2026-06-01 07:27:29.397650,2026-06-01 07:28:12.126344,0 days 00:00:42.728694,balanced,0.6698777305893054,0.01797754590438038,16,20,0.00038667334957798947,1900,216,1.721769810238868e-05,1.28672514047868e-07,0.7660343436680649,0.8793696448603806,0.8388486877801972,0.8323599157270422,0.8454504274956118,0.9506632956243637,COMPLETE
1421,0.8382381711600361,2026-06-01 07:28:12.137997,2026-06-01 07:28:54.254285,0 days 00:00:42.116288,balanced,0.6941662261207511,0.016073070396442877,16,10,0.04996646747014216,1900,224,0.00018006629520507574,2.165512375462295e-06,0.7756415636945722,0.8788965456328303,0.8382381711600361,0.8316521327823109,0.8449408300775719,0.9502990993048166,COMPLETE
1422,0.8386413616589588,2026-06-01 07:28:54.265064,2026-06-01 07:29:39.806517,0 days 00:00:45.541453,balanced,0.6627561587119429,0.016941007125949228,16,20,0.0007748833430047868,1900,232,6.987251116801983e-05,2.1564358380890454e-07,0.7866269666876812,0.8792119393701965,0.8386413616589588,0.8321453314158057,0.8452522507219297,0.950656890937715,COMPLETE
1423,0.8383081857412678,2026-06-01 07:29:39.817053,2026-06-01 07:30:09.673573,0 days 00:00:29.856520,balanced,0.6992859534118698,0.01459252023771273,16,10,0.00040771722104221615,1500,200,0.00020261136143375345,1.2470724513585584e-06,0.7959920674852667,0.8779713670602405,0.8383081857412678,0.8252319414972143,0.8518203952211086,0.9510167675068674,COMPLETE
1424,0.8348238798649419,2026-06-01 07:30:09.684901,2026-06-01 07:31:01.357677,0 days 00:00:51.672776,balanced,0.6881621049971418,0.015525148690062182,16,90,0.0003270704947837835,2000,216,0.00011032197088163852,3.921988523105065e-07,0.8051002423448861,0.8750696768982097,0.8348238798649419,0.820052368233192,0.8501500481286449,0.9489455263321168,COMPLETE
1425,0.8374261430540201,2026-06-01 07:31:01.368350,2026-06-01 07:31:46.942752,0 days 00:00:45.574402,balanced,0.7080519411587407,0.016196297976925473,16,10,0.0346660363698758,2000,224,4.5462401107759616e-05,1.2194662960647734e-07,0.7726567411236513,0.8784339503778039,0.8374261430540201,0.8318373282167223,0.8431006171790951,0.9503993892172121,COMPLETE
1426,0.8379073260415364,2026-06-01 07:31:46.954600,2026-06-01 07:32:30.732844,0 days 00:00:43.778244,balanced,0.6755576218351556,0.015517647598556636,16,10,0.0322722956762177,1900,232,0.00011920218263209749,6.318360294529434e-07,0.7811938860102289,0.8785706273639762,0.8379073260415364,0.8308124842303614,0.8451390068512542,0.9504578733260377,COMPLETE
1427,0.8322536469074451,2026-06-01 07:32:30.744513,2026-06-01 07:33:06.464263,0 days 00:00:35.719750,balanced,0.6823339489567752,0.01773071731141508,16,20,0.3480977986562509,2000,208,0.00021280306375196892,7.225308944995967e-08,0.7656619976201617,0.8734190795984684,0.8322536469074451,0.819364694573227,0.8455636713662873,0.9468152141301877,COMPLETE
1428,0.8407702949224846,2026-06-01 07:33:06.475589,2026-06-01 07:33:49.449034,0 days 00:00:42.973445,balanced,0.6719950107345312,0.014736466262740886,16,10,0.00037946825557941103,1900,232,8.194610604014225e-05,1.6684467299792486e-07,0.8352624971920999,0.8807153527268757,0.8407702949224846,0.8336533385855972,0.8480267255534795,0.9514820238034286,COMPLETE
1429,0.829563633463362,2026-06-01 07:33:49.459445,2026-06-01 07:34:30.882452,0 days 00:00:41.423007,balanced,0.6632448537987192,0.014866741001382813,16,130,0.0828503374815411,1900,232,6.749704241579816e-05,3.061998761528749e-07,0.8050418988194078,0.8702230036441194,0.829563633463362,0.8096584279614878,0.8504897797406715,0.9465184090972008,COMPLETE
1430,0.8381370896689387,2026-06-01 07:34:30.893934,2026-06-01 07:35:13.338040,0 days 00:00:42.444106,balanced,0.6706079241962223,0.01469658800379936,16,10,0.018919133629293865,1900,224,3.850342345261654e-05,2.2046158020429936e-07,0.7983256962121277,0.8786547364060807,0.8381370896689387,0.8304400168144966,0.8459883358813204,0.9507696569003711,COMPLETE
1431,0.8359171952729495,2026-06-01 07:35:13.349240,2026-06-01 07:35:58.596085,0 days 00:00:45.246845,balanced,0.6748833052221713,0.014524728457754377,16,20,0.05753955886745498,1900,232,2.2575797850886534e-05,4.0042618623169197e-07,0.8333004140262109,0.8766782128791769,0.8359171952729495,0.8261734964672364,0.8459034029783137,0.9496753526495884,COMPLETE
1432,0.8384981520763692,2026-06-01 07:35:58.606633,2026-06-01 07:36:40.885804,0 days 00:00:42.279171,balanced,0.6686938382913986,0.016074064278292385,16,10,0.033898777632591956,1900,224,8.491180465819367e-05,1.5961557823346737e-07,0.7886408903151144,0.8790016835105429,0.8384981520763692,0.8313135258879153,0.8458184700753072,0.9504571834336176,COMPLETE
1433,0.8407481451396643,2026-06-01 07:36:40.896762,2026-06-01 07:37:23.617380,0 days 00:00:42.720618,balanced,0.6573471128367034,0.016989338689329822,16,10,6.483997008648661e-05,1900,232,5.033122561744188e-05,2.519798060413586e-07,0.7932942045923846,0.8810517772894272,0.8407481451396643,0.8360547421766121,0.8455070494309496,0.9515716394125325,COMPLETE
1434,0.8389743623322646,2026-06-01 07:37:23.627931,2026-06-01 07:38:04.819311,0 days 00:00:41.191380,balanced,0.6546200333723564,0.018486043231582,16,10,0.018248057903251808,1900,224,2.574254267399552e-05,8.816795697203806e-07,0.8454814129409912,0.8796745283248951,0.8389743623322646,0.8339355134414426,0.8440915010475057,0.9508463911012724,COMPLETE
1435,0.8388524089899668,2026-06-01 07:38:04.830610,2026-06-01 07:38:47.352988,0 days 00:00:42.522378,balanced,0.6638316606635376,0.018911331362392023,16,20,0.00015845083353828774,1900,224,4.398099991609336e-05,5.971347055586269e-07,0.8421173851103114,0.8795694023846455,0.8388524089899668,0.833728588895104,0.8440631900798369,0.9509561356496099,COMPLETE
1436,0.8382861069363079,2026-06-01 07:38:47.364535,2026-06-01 07:39:30.341018,0 days 00:00:42.976483,balanced,0.6579784184669378,0.01742474047395887,16,10,0.03404345612596074,1900,232,3.619119587639721e-05,3.0992289050287744e-07,0.8285371979951868,0.8790963021623067,0.8382861069363079,0.8328197648718318,0.843836702338486,0.9504611432391742,COMPLETE
1437,0.8384027539592723,2026-06-01 07:39:30.352522,2026-06-01 07:40:10.771886,0 days 00:00:40.419364,balanced,0.6583344461145904,0.01969101166069438,16,10,0.019330450719423613,1900,216,5.937196806081323e-05,4.4853678616134364e-07,0.8250039247913745,0.8792960547126287,0.8384027539592723,0.8337183406568096,0.8431572391144329,0.9507045082419171,COMPLETE
1438,0.8378910997331473,2026-06-01 07:40:10.782513,2026-06-01 07:40:53.982732,0 days 00:00:43.200219,balanced,0.6644792791453777,0.016986364007905375,16,10,0.04962901301911069,1900,232,5.2579390263303776e-05,3.134835566647796e-07,0.836937224406677,0.8787493527366711,0.8378910997331473,0.8320719040574444,0.8438083913708171,0.9502920751608303,COMPLETE
1439,0.8338558584969372,2026-06-01 07:40:53.994153,2026-06-01 07:41:38.571440,0 days 00:00:44.577287,,0.6596119756572912,0.017889288420857043,16,20,0.018021954367117586,1900,224,1.4254933425411547e-05,2.479639323273682e-07,0.8288440562697854,0.8804104543405326,0.8338558584969372,0.8613144215279291,0.8081082611403657,0.9501415632545829,COMPLETE
1440,0.8379947407658719,2026-06-01 07:41:38.582417,2026-06-01 07:42:19.514241,0 days 00:00:40.931824,balanced,0.6539021008276955,0.017024040280162706,16,10,0.03390798128379084,1900,216,3.189644789373399e-05,6.36428180242797e-07,0.8189255912219436,0.8787178146230001,0.8379947407658719,0.831445974985611,0.8446577204008833,0.9504774298763752,COMPLETE
1441,0.8370214996080764,2026-06-01 07:42:19.524854,2026-06-01 07:43:01.396896,0 days 00:00:41.872042,balanced,0.6699759320184592,0.01670575993838291,16,10,0.07713278141491632,1900,232,6.722443318843378e-05,1.7115272974754712e-07,0.854114264673497,0.8779923886007324,0.8370214996080764,0.8304900575933805,0.8436668365324728,0.9497681983332673,COMPLETE
1442,0.8395888864339366,2026-06-01 07:43:01.407247,2026-06-01 07:43:46.400226,0 days 00:00:44.992979,balanced,0.6780141149702046,0.018316050814945327,16,20,0.0001562891229095295,1900,232,2.2160123310212638e-05,9.762351189195644e-07,0.8118356309829797,0.8800635294530154,0.8395888864339366,0.8340667465714411,0.845195628786592,0.9509155479112872,COMPLETE
1443,0.8387170767638983,2026-06-01 07:43:46.411450,2026-06-01 07:44:29.175549,0 days 00:00:42.764099,balanced,0.6706387530489992,0.016248800592308568,16,10,0.01931199895310588,1900,224,8.259253900139661e-05,4.4929429810311006e-07,0.810549146647515,0.8792434857737724,0.8387170767638983,0.8320781120014106,0.8454787384632807,0.9508496502231448,COMPLETE
1444,0.8376331111114577,2026-06-01 07:44:29.186235,2026-06-01 07:45:10.568677,0 days 00:00:41.382442,balanced,0.654752205975001,0.017362715858124676,16,10,0.04911289593187077,1900,224,4.6404933444732186e-05,1.3130532062618546e-07,0.8511204850508567,0.8784970289263195,0.8376331111114577,0.8314204215999021,0.8439499462091614,0.950285586459744,COMPLETE
1445,0.832365335341627,2026-06-01 07:45:10.578943,2026-06-01 07:45:26.505202,0 days 00:00:15.926259,balanced,0.6855082935906737,0.016356707101255634,16,20,0.01830383998241163,700,216,0.00010653340511851518,2.6601249278163033e-07,0.8375368736780764,0.8723887704432823,0.832365335341627,0.8126146844236563,0.8531226997338769,0.9483019382406663,COMPLETE
1446,0.8406833083348658,2026-06-01 07:45:26.516533,2026-06-01 07:46:08.581117,0 days 00:00:42.064584,balanced,0.6645348356390312,0.015786477426153467,16,10,0.00034540272278284445,1900,232,6.868326763036505e-05,2.2544232522576766e-07,0.83356673440825,0.8808099733682168,0.8406833083348658,0.8346635731010891,0.8468093539437178,0.951499721044836,COMPLETE
1447,0.8374420578962022,2026-06-01 07:46:08.592757,2026-06-01 07:46:49.548622,0 days 00:00:40.955865,balanced,0.651827749428471,0.01872767178374068,16,10,0.03683120927501362,1900,224,3.1821859100433946e-05,5.032239767418493e-07,0.8361291807265534,0.8784129308268893,0.8374420578962022,0.8316231488284179,0.843355415888115,0.9502640804279096,COMPLETE
1448,0.8405303904267761,2026-06-01 07:46:49.560188,2026-06-01 07:47:27.749477,0 days 00:00:38.189289,balanced,0.6501531981868897,0.017338282135369087,16,10,9.484385892924527e-05,1800,224,4.629618013517275e-05,3.2205432485155485e-07,0.8279566425482331,0.880652271857187,0.8405303904267761,0.8342237321927221,0.8469509087820621,0.9516240608790545,COMPLETE
1449,0.837318809251712,2026-06-01 07:47:27.761348,2026-06-01 07:48:06.148148,0 days 00:00:38.386800,balanced,0.6539860739716623,0.01819542429332888,16,10,0.06670214176415651,1800,224,4.5893908278523935e-05,3.825168495656798e-07,0.8326113349074905,0.8782131723078358,0.837318809251712,0.8307778184892115,0.8439782571768303,0.9500059499406127,COMPLETE
1450,0.8378808463288908,2026-06-01 07:48:06.159078,2026-06-01 07:48:47.093796,0 days 00:00:40.934718,balanced,0.6509515921942238,0.017433793304199797,16,20,0.01819066594208972,1800,224,1.951736165877826e-05,3.482863919516634e-07,0.8447631679414033,0.8783708748136542,0.8378808463288908,0.8295887258894635,0.8463563784610159,0.9502840626168529,COMPLETE
1451,0.8381662315216561,2026-06-01 07:48:47.105284,2026-06-01 07:49:24.902543,0 days 00:00:37.797259,balanced,0.661045346845568,0.019076045821337217,16,10,0.033433462882984856,1800,216,3.12519847434196e-05,6.940782284054871e-07,0.8276307833720411,0.8790226937767641,0.8381662315216561,0.8328013093813372,0.843610214597135,0.950420359240233,COMPLETE
1452,0.8374557032569555,2026-06-01 07:49:24.914209,2026-06-01 07:50:10.452849,0 days 00:00:45.538640,balanced,0.6633884293837731,0.019861204818118566,16,20,0.01735013722944678,1900,232,4.272738199292321e-05,2.665077803993553e-07,0.8127193416785489,0.8785180577619275,0.8374557032569555,0.8322867772626273,0.842704263631731,0.9500902374794085,COMPLETE
1453,0.8376779163511704,2026-06-01 07:50:10.463405,2026-06-01 07:50:48.012306,0 days 00:00:37.548901,balanced,0.6590669721241222,0.016915538962161122,16,10,0.051714130985835015,1800,216,5.4326185903660096e-05,1.3756248016017177e-06,0.8405814198299303,0.8782236789331294,0.8376779163511704,0.8294095176627104,0.8461298907196647,0.9502039544277787,COMPLETE
1454,0.840382397623166,2026-06-01 07:50:48.022961,2026-06-01 07:51:29.092975,0 days 00:00:41.070014,balanced,0.6518337131914274,0.017386865554754556,16,10,0.0002544468970235809,1900,224,6.0536439130912925e-05,4.965530115642895e-07,0.8375364141884826,0.8808099783421595,0.840382397623166,0.8359150010865135,0.8449125191099031,0.9515827614351703,COMPLETE
1455,0.8384627581433275,2026-06-01 07:51:29.104773,2026-06-01 07:52:07.520371,0 days 00:00:38.415598,balanced,0.6543385999427127,0.01934145649982006,16,10,0.018177908130703576,1800,224,2.3235166803636354e-05,8.477108425267759e-07,0.8345366159271522,0.8793170742635433,0.8384627581433275,0.8336166548909419,0.8433837268557841,0.950819856490226,COMPLETE
1456,0.8372247486446583,2026-06-01 07:52:07.531596,2026-06-01 07:52:51.000845,0 days 00:00:43.469249,balanced,0.654214391800726,0.01835919652680344,16,20,0.03400150454614004,1900,224,3.2903906066859365e-05,6.304607919951692e-07,0.8430127175978332,0.8779398252990113,0.8372247486446583,0.8293451348323311,0.8452805616895985,0.9499461760251036,COMPLETE
1457,0.8407798895242727,2026-06-01 07:52:51.021722,2026-06-01 07:53:31.542704,0 days 00:00:40.520982,balanced,0.6578358779530813,0.01802106678603212,16,10,0.0002128127424968872,1900,224,6.0783333164060404e-05,9.590687882711985e-07,0.8394228180969316,0.881104339927956,0.8407798895242727,0.8362800221523745,0.8453371836249364,0.9515715556359766,COMPLETE
1458,0.8350506741750091,2026-06-01 07:53:31.554244,2026-06-01 07:54:08.743538,0 days 00:00:37.189294,,0.6512434284037318,0.017942396794052937,16,10,0.017560542647837456,1800,216,1.6961215739299163e-05,2.2418999762974576e-06,0.8364932920568893,0.8814828165245882,0.8350506741750091,0.8641929480789141,0.8078251514636771,0.9508797474119736,COMPLETE
1459,0.8377660290170446,2026-06-01 07:54:08.754959,2026-06-01 07:54:47.457748,0 days 00:00:38.702789,balanced,0.6558034746914297,0.020143518021599163,16,10,0.04741110998366408,1800,224,5.2655015645512666e-05,1.6692175728764727e-06,0.8256782873176375,0.8787493514102863,0.8377660290170446,0.8325974446763326,0.8430156842760885,0.9502249594214088,COMPLETE
1460,0.8372918306814962,2026-06-01 07:54:47.469001,2026-06-01 07:55:28.040582,0 days 00:00:40.571581,balanced,0.6611511250358358,0.01861017833038112,16,20,0.032265791001923366,1800,224,3.8550414382981686e-05,1.218064030585755e-06,0.8443746022670573,0.8780659830592348,0.8372918306814962,0.8298994363937662,0.8448275862068967,0.9499444393873889,COMPLETE
1461,0.8296605168029161,2026-06-01 07:55:28.052419,2026-06-01 07:55:50.304397,0 days 00:00:22.251978,balanced,0.6600011616506966,0.01871691223085501,16,10,0.5546466816403828,1800,216,2.4857072469559656e-05,1.0596905348435688e-06,0.8486180810251944,0.870643541891122,0.8296605168029161,0.8118280326481133,0.8483098352301681,0.9464233956979907,COMPLETE
1462,0.8395160686311532,2026-06-01 07:55:50.315199,2026-06-01 07:56:29.347200,0 days 00:00:39.032001,balanced,0.6643797204754972,0.019831904514084748,16,10,0.000189536414588988,1800,232,6.727039338062591e-05,1.8412946738843957e-06,0.8311153697237861,0.8803263552463138,0.8395160686311532,0.8361965907619325,0.8428741294377442,0.9515336033208671,COMPLETE
1463,0.8386696970706966,2026-06-01 07:56:29.358098,2026-06-01 07:57:08.020167,0 days 00:00:38.662069,balanced,0.6541640921602137,0.017648176779255315,16,10,0.018393045884482186,1800,224,5.268756957156861e-05,7.874153808010927e-07,0.8196961805115639,0.8792434857737724,0.8386696970706966,0.8322622011162375,0.8451956287865919,0.9507533921261967,COMPLETE
1464,0.8368668175638266,2026-06-01 07:57:08.031514,2026-06-01 07:57:51.079824,0 days 00:00:43.048310,balanced,0.6646144533437203,0.017562543621250024,16,20,0.05709948287063065,1800,208,7.395922959743106e-05,8.356911662736075e-07,0.8538096612724587,0.8774877446275872,0.8368668175638266,0.8277668602538721,0.8461865126550024,0.9495770508583643,COMPLETE
1465,0.8313416943946503,2026-06-01 07:57:51.092070,2026-06-01 07:58:20.931402,0 days 00:00:29.839332,balanced,0.6505608426899658,0.018052794473252292,16,10,0.42246179977673465,1800,216,4.0145816638140374e-05,1.2928064480762573e-06,0.8240429640124715,0.872315172668818,0.8313416943946503,0.8158816818258371,0.8474038842647641,0.9471405644774803,COMPLETE
1466,0.8381856641853377,2026-06-01 07:58:20.943941,2026-06-01 07:59:08.429306,0 days 00:00:47.485365,balanced,0.6588862520503143,0.018914986279225877,16,10,0.017437814250900546,1800,232,7.420253833033963e-05,5.139779943739821e-07,0.8304101802657378,0.8791593770632641,0.8381856641853377,0.8336738807771106,0.8427608855670687,0.9507945163377655,COMPLETE
1467,0.8382689203661386,2026-06-01 07:59:08.441730,2026-06-01 07:59:52.325592,0 days 00:00:43.883862,balanced,0.6670325582930001,0.017260739950355968,16,10,0.03873081973114016,1800,232,2.872298889831618e-05,6.471721822221358e-07,0.8332704540108605,0.8790332156554825,0.8382689203661386,0.8324541212879512,0.8441764339505125,0.9504598078864072,COMPLETE
1468,0.8378599517182314,2026-06-01 07:59:52.338002,2026-06-01 08:00:40.852236,0 days 00:00:48.514234,balanced,0.6505918775851763,0.017052872120643544,16,20,0.018036563394654776,1900,224,5.247758418582002e-05,9.566147723832651e-07,0.840622983268207,0.8783813850865059,0.8378599517182314,0.8297387597616109,0.8461582016873338,0.950296339908951,COMPLETE
1469,0.8390486291929887,2026-06-01 08:00:40.864016,2026-06-01 08:01:39.716462,0 days 00:00:58.852446,balanced,0.6606595712477266,0.017978754319170776,16,10,0.018575660415471103,1900,216,1.3381118240585422e-05,5.243330063229348e-07,0.8392524058091722,0.8795693977422988,0.8390486291929887,0.8328932377395185,0.8453088726572674,0.9508921546058083,COMPLETE
1470,0.8368497543404887,2026-06-01 08:01:39.728534,2026-06-01 08:02:29.927849,0 days 00:00:50.199315,balanced,0.6505232387142159,0.019147294851260262,16,10,0.06720954696676906,1900,224,8.217634753271355e-05,4.800901889898255e-07,0.8271649357365357,0.8780764966480482,0.8368497543404887,0.8317490897093304,0.8420248004076779,0.9498279246835489,COMPLETE
