number,value,datetime_start,datetime_complete,duration,params_class_weight,params_colsample_bytree,params_learning_rate,params_max_depth,params_min_child_samples,params_min_split_gain,params_n_estimators,params_num_leaves,params_reg_alpha,params_reg_lambda,params_subsample,user_attrs_accuracy,user_attrs_f1,user_attrs_precision,user_attrs_recall,user_attrs_roc_auc,state
306,0.8352980722032014,2026-05-31 19:07:37.293805,2026-05-31 19:09:49.196346,0 days 00:02:11.902541,balanced,0.924364956549692,0.018920336198500226,-1,50,0.04412913352754534,1800,208,7.36966652340143e-08,0.0006493232773042294,0.9409682048151761,0.8762787127524755,0.8352980722032014,0.8259893037331961,0.8448275862068965,0.9488023073001649,COMPLETE
307,0.8352523911474529,2026-05-31 19:09:49.222370,2026-05-31 19:11:36.158007,0 days 00:01:46.935637,balanced,0.9330165614048971,0.01589217678769393,-1,50,0.021306874256256502,1400,216,2.3165526393445628e-08,0.0013040381951852991,0.9497476926042875,0.8754271273120035,0.8352523911474529,0.8206723608401765,0.8503765358699961,0.9496967425741895,COMPLETE
308,0.8353902209645233,2026-05-31 19:11:36.183066,2026-05-31 19:13:28.502466,0 days 00:01:52.319400,balanced,0.9200559653156282,0.019303436859530124,-1,50,0.03474043184070744,1700,208,4.129264535374949e-08,0.001980075351488033,0.9341853708325057,0.8761840924427308,0.8353902209645233,0.8250082490749273,0.8460449578166581,0.9492007326156969,COMPLETE
309,0.838039873885115,2026-05-31 19:13:28.525704,2026-05-31 19:15:05.595814,0 days 00:01:37.070110,balanced,0.9292792226828186,0.019948609870952684,-1,40,0.0017498779094622184,1700,184,2.0830291162554462e-08,0.001120254919861684,0.9422165365775523,0.8780975228308868,0.838039873885115,0.8271154374467419,0.8492724081309099,0.9505699394239838,COMPLETE
310,0.8314772045715025,2026-05-31 19:15:05.615880,2026-05-31 19:16:42.564827,0 days 00:01:36.948947,,0.8077063367370975,0.018178209059068768,-1,40,0.055013914451287824,1800,176,3.065918499073497e-08,0.0009177528256569703,0.9442352937218896,0.8787283179323317,0.8314772045715025,0.8590689103282197,0.8056168959855047,0.9491294219950436,COMPLETE
311,0.8375644152432021,2026-05-31 19:16:42.585949,2026-05-31 19:18:28.953877,0 days 00:01:46.367928,balanced,0.9052477330314936,0.017168817647822084,-1,40,0.0008718888102700604,1700,184,5.665280534622675e-08,0.0006145735578398367,0.9586967529670438,0.8773931239862462,0.8375644152432021,0.8243851885853554,0.8511975539323934,0.950643813623294,COMPLETE
312,0.8367012039022895,2026-05-31 19:18:28.975910,2026-05-31 19:20:06.785636,0 days 00:01:37.809726,balanced,0.905092902138805,0.016934783238676445,-1,40,0.019452520293892453,1700,184,0.00025639658609641277,0.0005897845776062904,0.9504797334466594,0.8767833593783902,0.8367012039022895,0.8237885117437956,0.8500368042579695,0.9500418824325707,COMPLETE
313,0.8258464278570677,2026-05-31 19:20:06.800394,2026-05-31 19:20:54.127091,0 days 00:00:47.326697,balanced,0.8976913796540145,0.016058178061531304,8,40,0.0008877586270772113,1700,64,5.997929543180496e-08,0.0007801975633929442,0.9620897972572288,0.8659651092697818,0.8258464278570677,0.7979767391547224,0.8557556197270823,0.945678051210039,COMPLETE
314,0.8357675502805878,2026-05-31 19:20:54.147722,2026-05-31 19:22:17.285521,0 days 00:01:23.137799,balanced,0.910645339614897,0.015002609882644563,-1,40,0.036446481942462944,1600,184,9.520186930149799e-08,0.0014544928978272014,0.96102382723112,0.8757425316604478,0.8357675502805878,0.8207093941562369,0.8513957307060754,0.94947554514744,COMPLETE
315,0.8363835194170273,2026-05-31 19:22:17.305539,2026-05-31 19:23:29.715299,0 days 00:01:12.409760,balanced,0.9171703843865191,0.01832869191543543,-1,40,0.018924851748311065,1700,176,5.0838136031039455e-08,0.0011139979809633772,0.9666887083080761,0.8765310421999626,0.8363835194170273,0.8234165523831253,0.8497820055489497,0.9498028199452712,COMPLETE
316,0.8196886560342653,2026-05-31 19:23:29.738163,2026-05-31 19:23:55.903068,0 days 00:00:26.164905,balanced,0.9051027382776937,0.01737154884767576,6,50,0.0006130441285948989,1700,208,3.507857939403496e-08,0.0005455718751023753,0.9526803906488945,0.8605612317251911,0.8196886560342653,0.7885042877344673,0.8534624313459034,0.9423910789108497,COMPLETE
317,0.8353224463214634,2026-05-31 19:23:55.918333,2026-05-31 19:25:06.437073,0 days 00:01:10.518740,balanced,0.9205965017247959,0.01970714616362732,-1,40,0.05328528124779885,1600,192,2.294549374952645e-08,0.0018766460325430297,0.9439436572627353,0.8759107490814645,0.8353224463214634,0.8235167955905135,0.8474888171677707,0.9491806941407166,COMPLETE
318,0.8356369812911001,2026-05-31 19:25:06.463161,2026-05-31 19:26:26.430357,0 days 00:01:19.967196,balanced,0.9105033711834918,0.01688078775779381,-1,50,0.01979281549888043,1700,200,7.224508159857762e-08,0.0009248425188463589,0.8294827371554041,0.8761525470339434,0.8356369812911001,0.8238597641895349,0.8477719268444597,0.949437126561274,COMPLETE
319,0.8373039869142684,2026-05-31 19:26:26.450007,2026-05-31 19:27:35.510468,0 days 00:01:09.060461,balanced,0.9270277302344844,0.015547998577060917,-1,50,0.0005155725081637575,1600,184,4.379915279496609e-08,0.000358110813860219,0.9585047302876363,0.8768464316265782,0.8373039869142684,0.821874297064774,0.8533491874752279,0.9504105070443517,COMPLETE
320,0.8364846098375391,2026-05-31 19:27:35.528631,2026-05-31 19:28:58.176644,0 days 00:01:22.648013,balanced,0.8999792233835341,0.01859076511075691,-1,40,0.034725042038492145,1800,208,2.216637289476454e-08,0.0029067454136156895,0.939436015218205,0.8772249194974809,0.8364846098375391,0.8275284393234749,0.8456486042692939,0.9494874283518309,COMPLETE
321,0.8359900372018565,2026-05-31 19:28:58.194762,2026-05-31 19:30:16.447949,0 days 00:01:18.253187,balanced,0.9139655612147038,0.012351887007181461,-1,50,0.019323794905606234,1700,200,3.0983555138652274e-08,0.001345802711482398,0.9472467701568383,0.8757951025888812,0.8359900372018565,0.8202020640108904,0.852414925542155,0.9496691475442813,COMPLETE
322,0.833863263483856,2026-05-31 19:30:16.469673,2026-05-31 19:31:30.473878,0 days 00:01:14.004205,balanced,0.9255218693527263,0.019697912734508723,-1,50,0.07405174006285206,1700,192,1.997429298365085e-08,0.0005804043630278257,0.9563856250349764,0.8747963308841739,0.833863263483856,0.8219804732917476,0.8461015797519961,0.9483603442865159,COMPLETE
323,0.8309848827144485,2026-05-31 19:31:30.492975,2026-05-31 19:32:18.414749,0 days 00:00:47.921774,balanced,0.9310435591300508,0.014359563075427708,10,40,0.037380415055277144,1500,184,5.596622456231785e-08,0.0023960244450129333,0.934103289653071,0.8708853643817193,0.8309848827144485,0.8085585423622091,0.8547081139233339,0.9475793159391168,COMPLETE
324,0.8364238440671814,2026-05-31 19:32:18.436798,2026-05-31 19:33:40.302967,0 days 00:01:21.866169,balanced,0.7496574275050255,0.017734821174617516,-1,50,0.018253901631398395,1700,216,3.0263206724762044e-08,0.00028049694866640697,0.9407427599485476,0.8766992463571315,0.8364238440671814,0.8243154395534352,0.8489043655512146,0.9497179586859973,COMPLETE
325,0.8210708262765793,2026-05-31 19:33:40.323528,2026-05-31 19:34:06.449693,0 days 00:00:26.126165,balanced,0.9192667976607578,0.02015028984096381,-1,50,0.9983762257766597,1800,176,0.014405211424717207,0.0008946387007453295,0.9498574333775424,0.8630529018713794,0.8210708262765793,0.7974929397047213,0.8461015797519958,0.9425838892871523,COMPLETE
326,0.8355601249829983,2026-05-31 19:34:06.469260,2026-05-31 19:35:24.868032,0 days 00:01:18.398772,balanced,0.9053295304096199,0.016699001504256406,-1,40,0.0479893203187952,1800,192,1.663143928000444e-08,0.0015990607994737002,0.9326563451756938,0.8760999903641462,0.8355601249829983,0.8238152672170629,0.8476586829737839,0.949455228696903,COMPLETE
327,0.8335547814027743,2026-05-31 19:35:24.885439,2026-05-31 19:36:26.839892,0 days 00:01:01.954453,balanced,0.9658699499274566,0.02097362421558185,-1,80,0.0196272334877634,1600,128,4.000299319762101e-08,0.0031998683947784858,0.9438035636367386,0.8735662545884333,0.8335547814027743,0.8154223550337895,0.8525281694128305,0.9488841892437003,COMPLETE
328,0.8376472526886781,2026-05-31 19:36:26.868296,2026-05-31 19:37:43.742727,0 days 00:01:16.874431,balanced,0.7735932478831813,0.018964365055118986,16,50,0.0020975907675708696,1700,200,1.4583937811948042e-08,0.0005530622565437633,0.9299504301746854,0.8776033950993245,0.8376472526886781,0.8254184291430321,0.8502632919993206,0.9499429528049853,COMPLETE
329,0.8380601816356462,2026-05-31 19:37:43.765266,2026-05-31 19:39:02.938058,0 days 00:01:19.172792,balanced,0.7734574043201922,0.01864426126130075,16,40,0.00031771252980502835,1600,208,1.3586514423421072e-08,0.0003191323899532683,0.9366476505649494,0.8779398259622037,0.8380601816356462,0.8260082637126769,0.8504897797406715,0.950492229927253,COMPLETE
330,0.8337946770463067,2026-05-31 19:39:02.967065,2026-05-31 19:40:10.476173,0 days 00:01:07.509108,,0.9115513729704081,0.018606573118446507,16,40,0.00018432961909659994,1500,200,4.4542124135406654e-05,0.0005041729514323104,0.9532084879830328,0.8801581378252972,0.8337946770463067,0.8596511839214233,0.8094671875884717,0.9502956255016718,COMPLETE
331,0.835128406884265,2026-05-31 19:40:10.490344,2026-05-31 19:41:24.041330,0 days 00:01:13.550986,balanced,0.7823574278984147,0.019141758030681903,16,40,0.03431163507847549,1600,216,1.2527491896500462e-08,0.00037593901685332396,0.9656180518656489,0.8755848324705914,0.835128406884265,0.8221761720698945,0.8485080120038503,0.9492891561986946,COMPLETE
332,0.8352838404851344,2026-05-31 19:41:24.061954,2026-05-31 19:42:37.468243,0 days 00:01:13.406289,balanced,0.7726435958113447,0.01820114624444652,16,40,0.05381993491733,1600,200,1.1994223741023984e-08,0.000255673165469119,0.9377915558739839,0.8757109872464491,0.8352838404851344,0.8223714788784946,0.8486212558745257,0.9490954850829679,COMPLETE
333,0.828169571682162,2026-05-31 19:42:37.487706,2026-05-31 19:43:17.149596,0 days 00:00:39.661890,balanced,0.7837239214621372,0.019737956024942802,16,50,0.3626331331689589,1500,200,1.6144935741999676e-08,0.0006196534822439819,0.9417060963737107,0.8688457629694922,0.828169571682162,0.8064729444559259,0.8510843100617179,0.9458490869246453,COMPLETE
334,0.8342119369863035,2026-05-31 19:43:17.169649,2026-05-31 19:44:08.457796,0 days 00:00:51.288147,balanced,0.8183444648027461,0.017489752732794465,16,50,0.019648639336558922,1100,208,1.0336724609080491e-08,0.0008703705849444793,0.9474592573235934,0.8741129592171603,0.8342119369863035,0.816381676285039,0.8528679010248571,0.9490702409472109,COMPLETE
335,0.8347334703181136,2026-05-31 19:44:08.483410,2026-05-31 19:45:20.262306,0 days 00:01:11.778896,balanced,0.8288328477199194,0.02028287176134913,16,40,0.08420685947184076,1700,192,2.1637401887274536e-08,0.00015602738139533146,0.9366123522511874,0.8754166183655365,0.8347334703181136,0.8226011344829397,0.8472340184587509,0.9484846839326669,COMPLETE
336,0.8350155935386897,2026-05-31 19:45:20.284361,2026-05-31 19:46:19.712077,0 days 00:00:59.427716,balanced,0.8974240786785617,0.01906644350667666,16,50,0.0335042706607224,1400,184,9.537426574954946e-08,0.00033810856748703924,0.9305003309528209,0.8751853233907929,0.8350155935386897,0.8200579633989987,0.8505464016760094,0.9491686215754175,COMPLETE
337,0.835406258377231,2026-05-31 19:46:19.738786,2026-05-31 19:47:23.337446,0 days 00:01:03.598660,balanced,0.7277221633058233,0.01789717541683498,16,40,0.018175908025228556,1600,168,0.0005120583653000214,0.0012911256323835931,0.9549489121192501,0.8754166180339404,0.835406258377231,0.820053941419196,0.8513674197384066,0.9496123378752946,COMPLETE
338,0.8371119793924008,2026-05-31 19:47:23.361807,2026-05-31 19:48:39.685881,0 days 00:01:16.324074,balanced,0.769853182142766,0.020215800420699464,16,50,0.0007159017257319766,1700,200,1.0046260364089298e-08,0.0004888044042108377,0.9446512813054633,0.8772564486580549,0.8371119793924008,0.8252585641124099,0.8493290300662477,0.9501269333759383,COMPLETE
339,0.828817443065645,2026-05-31 19:48:39.704466,2026-05-31 19:49:17.764101,0 days 00:00:38.059635,balanced,0.7944448822850859,0.021083865673776084,8,50,0.05461020656473612,1700,208,3.287801612551837e-08,0.0007095337112828055,0.9372615868798247,0.8687721860855878,0.828817443065645,0.803816102902795,0.8554441990827247,0.9465687808463642,COMPLETE
340,0.836852100332602,2026-05-31 19:49:17.786381,2026-05-31 19:50:37.258329,0 days 00:01:19.471948,balanced,0.9166722969456952,0.016932193899102114,-1,40,0.018793556461458995,1600,192,1.730272857451726e-08,0.0019329277719407633,0.8174120872263728,0.8770146390997091,0.836852100332602,0.824692806079125,0.8493856520015854,0.9496663198923952,COMPLETE
341,0.8244994283335,2026-05-31 19:50:37.286974,2026-05-31 19:51:40.561593,0 days 00:01:03.274619,balanced,0.7668884905624943,0.11690314434513159,16,50,0.03501955358705033,1700,184,5.6697333162831164e-08,0.0002634507499268576,0.9262073881738369,0.8700968392519722,0.8244994283335,0.8273239486342439,0.8216975256214258,0.943872568146139,COMPLETE
342,0.808240255985635,2026-05-31 19:51:40.579627,2026-05-31 19:51:59.321233,0 days 00:00:18.741606,balanced,0.7775101579857929,0.01923007887311125,4,50,0.0006382396246218426,1700,176,2.702035594411712e-08,0.0011239244949086727,0.9618102084068455,0.8509309783557583,0.808240255985635,0.7737598971603551,0.8459600249136515,0.9350247564898418,COMPLETE
343,0.8354814109464384,2026-05-31 19:51:59.413656,2026-05-31 19:53:11.663977,0 days 00:01:12.250321,balanced,0.7440227824206372,0.01638508252655952,-1,40,0.01985873700314409,1500,192,1.645245938879231e-08,0.0025448737696909963,0.7711715261812881,0.8756584166496119,0.8354814109464384,0.8212675167021005,0.8502066700639829,0.9494520258146034,COMPLETE
344,0.8383210996350691,2026-05-31 19:53:11.689278,2026-05-31 19:54:33.872907,0 days 00:01:22.183629,balanced,0.7162355897779135,0.021356701875371833,-1,50,0.0004751923944311759,1800,200,4.0965863876260445e-08,0.00017665157313193636,0.9515867939796233,0.8785811333260773,0.8383210996350691,0.8292057763455469,0.8476586829737841,0.9505853001563144,COMPLETE
345,0.8344205219724666,2026-05-31 19:54:33.898503,2026-05-31 19:55:53.756534,0 days 00:01:19.858031,balanced,0.7626642566792269,0.01850708260452077,-1,50,0.03464976731271073,1800,200,7.455139840031709e-08,0.00017641932106543927,0.9560668373066757,0.8751222401999308,0.8344205219724666,0.8219199618360102,0.8473189513617575,0.9491856493923524,COMPLETE
346,0.8315734674013218,2026-05-31 19:55:53.788953,2026-05-31 19:57:12.375592,0 days 00:01:18.586639,balanced,0.7405008272407804,0.021193738548133605,16,90,0.06480165251484214,1800,208,4.657621457797819e-08,0.0003156093607431766,0.9479257118331921,0.8725780011148861,0.8315734674013218,0.8166465671752858,0.8470641526527377,0.947464968772147,COMPLETE
347,0.8347956814374724,2026-05-31 19:57:12.394561,2026-05-31 19:58:41.439121,0 days 00:01:29.044560,balanced,0.9044302575943854,0.01027495229978017,-1,50,0.019712913426929202,1900,200,3.9229995251126525e-08,0.0005005113450180109,0.9516402169095126,0.8747753050329315,0.8347956814374724,0.8183262035310435,0.8519619500594531,0.9496438794691281,COMPLETE
348,0.8186612333547293,2026-05-31 19:58:41.453417,2026-05-31 19:59:07.735015,0 days 00:00:26.281598,balanced,0.7087485042079925,0.019674872762268935,6,130,0.04579520188705708,1800,96,2.8476108533105783e-08,0.00014698802688262628,0.9649991792862429,0.8596991323643092,0.8186612333547293,0.7871536948677926,0.8528112790895191,0.9415690837478431,COMPLETE
349,0.8388400406650277,2026-05-31 19:59:07.756714,2026-05-31 20:00:35.894434,0 days 00:01:28.137720,balanced,0.8405414887505347,0.01754978238798655,-1,40,0.0003464440959364684,1900,216,6.521839739198598e-08,0.0008293860565137388,0.9425412836185993,0.8790647504531917,0.8388400406650277,0.8303560920157408,0.8475171281354398,0.9507810683423296,COMPLETE
350,0.8357712970903215,2026-05-31 20:00:35.923695,2026-05-31 20:02:03.698644,0 days 00:01:27.774949,,0.6963244480630943,0.01753534192491856,-1,30,0.0003804343970634812,1900,216,6.087385354209748e-08,0.0007556589065174873,0.9440690020979338,0.8815879527443197,0.8357712970903215,0.8617142880486425,0.8113640224222864,0.9510965191672502,COMPLETE
351,0.8371460477965798,2026-05-31 20:02:03.714430,2026-05-31 20:03:31.512779,0 days 00:01:27.798349,balanced,0.7602445113470375,0.016110751695525786,-1,40,0.020689018399172792,1900,216,1.0158401195642605e-07,0.0011246205271735364,0.9582378022447495,0.8774246700582259,0.8371460477965798,0.826208663649668,0.8483947681331748,0.9499000784124072,COMPLETE
352,0.8341610778653873,2026-05-31 20:03:31.542485,2026-05-31 20:04:37.285994,0 days 00:01:05.743509,balanced,0.8403591376268063,0.017995769323329573,10,40,0.03630248899167193,2000,208,0.11906728368895199,0.0016226102776991601,0.8461539828445219,0.8740919244128209,0.8341610778653873,0.8164235790392059,0.8526980352188437,0.9486333839650113,COMPLETE
353,0.8367026251283466,2026-05-31 20:04:37.301732,2026-05-31 20:06:02.674438,0 days 00:01:25.372706,balanced,0.6878691759053047,0.0189023938335329,-1,40,0.01764521330185237,1900,208,8.876943545149995e-08,0.0008101318009863464,0.9511764365713692,0.8772774804780287,0.8367026251283466,0.8270069832991326,0.8466394881377045,0.9498914321376898,COMPLETE
354,0.8345811246407239,2026-05-31 20:06:02.690886,2026-05-31 20:07:30.883098,0 days 00:01:28.192212,balanced,0.659236362712411,0.017267906611247535,-1,40,0.04776285891395332,2000,200,5.3589335442576596e-08,0.0013834548879571545,0.9389510238532129,0.8753745620207053,0.8345811246407239,0.8229287644069959,0.8465828662023668,0.949040741514963,COMPLETE
355,0.8392849417398637,2026-05-31 20:07:30.899661,2026-05-31 20:08:59.546305,0 days 00:01:28.646644,balanced,0.8011246099446275,0.020536602744479524,-1,50,0.00011787899490194976,1800,224,3.7851856660366064e-08,0.002004431008547112,0.9669107946200596,0.8794432343449401,0.8392849417398637,0.8310886809219173,0.8476586829737839,0.9506004346662604,COMPLETE
356,0.837236148534157,2026-05-31 20:08:59.570856,2026-05-31 20:10:21.689471,0 days 00:01:22.118615,balanced,0.8490350541039697,0.02028129729503494,-1,30,0.020137385617338997,1800,208,4.1902226370790386e-08,0.002088257702013368,0.9631178473102712,0.8779713667286444,0.837236148534157,0.829491438784641,0.8451390068512542,0.9500240728908927,COMPLETE
357,0.826436860934936,2026-05-31 20:10:21.714436,2026-05-31 20:10:59.283688,0 days 00:00:37.569252,balanced,0.7582564148373714,0.01857391614493281,-1,50,0.49940529152025553,1800,224,8.572589434338529e-08,0.0010914210866339196,0.9582040041513851,0.8674685193104992,0.826436860934936,0.8044841490572009,0.8496404507106053,0.9452864437398789,COMPLETE
358,0.8247060318134395,2026-05-31 20:10:59.301805,2026-05-31 20:11:32.372097,0 days 00:00:33.070292,balanced,0.7991056133353616,0.019503067996566356,-1,50,0.6869161150271715,1900,224,1.3087966926864972e-07,0.0005025074273052319,0.9486428969218772,0.8661228107808115,0.8247060318134395,0.8026447317713635,0.8480267255534795,0.9443747034517521,COMPLETE
359,0.803332312551912,2026-05-31 20:11:32.392694,2026-05-31 20:11:47.150151,0 days 00:00:14.757457,balanced,0.7521725531710672,0.017814992662666264,4,40,0.03494990456246142,1400,216,6.298179063707932e-08,0.002162679928018857,0.9743189037109014,0.847251304506874,0.803332312551912,0.7696872506745883,0.8400713436385256,0.9323236348349812,COMPLETE
360,0.838490281845548,2026-05-31 20:11:47.168724,2026-05-31 20:13:19.903635,0 days 00:01:32.734911,balanced,0.8054492632542243,0.02080336178601292,-1,40,6.89964595243064e-06,1900,224,3.479293772090391e-08,0.00147486622322587,0.955306737851648,0.8792014337396915,0.838490281845548,0.8327110288374581,0.8443746107241945,0.950824517813407,COMPLETE
361,0.8346985984253247,2026-05-31 20:13:19.910134,2026-05-31 20:14:45.088992,0 days 00:01:25.178858,balanced,0.8101325455646038,0.016885244182525596,16,40,0.07392292382136624,1900,224,4.129767309636449e-08,0.0006837867522141618,0.9744372683123416,0.8752378979667844,0.8346985984253247,0.8216090822838837,0.8482249023271615,0.9486814017778742,COMPLETE
362,0.8363241291378684,2026-05-31 20:14:45.096584,2026-05-31 20:16:18.172406,0 days 00:01:33.075822,balanced,0.7823009878538871,0.01528020087645791,-1,40,0.017534360408559244,1900,224,6.814709484955736e-08,0.001285817168814285,0.9771062991018399,0.8766782278010053,0.8363241291378684,0.8245835197592383,0.8484230791008436,0.950061244866575,COMPLETE
363,0.8308164274969436,2026-05-31 20:16:18.191554,2026-05-31 20:16:59.786650,0 days 00:00:41.595096,balanced,0.8273875211123263,0.02103599977380484,-1,30,0.2997483073220041,1800,216,3.317172200523844e-08,0.000891195479128249,0.9675812962274678,0.871337433778873,0.8308164274969436,0.8118658541317867,0.8506879565143537,0.9471983183963797,COMPLETE
364,0.8383742862265202,2026-05-31 20:16:59.804664,2026-05-31 20:19:45.445013,0 days 00:02:45.640349,balanced,0.801195746835454,0.01945922510613619,-1,40,0.000529743849056017,1900,216,4.9062887229971365e-08,0.0004206259313640495,0.9681475607244596,0.8788334631051603,0.8383742862265202,0.8306977728517118,0.8462148236226713,0.9507959072726164,COMPLETE
365,0.8350038699870024,2026-05-31 20:19:45.462103,2026-05-31 20:21:21.825784,0 days 00:01:36.363681,balanced,0.7872437955944724,0.019385558815551505,-1,40,0.037284899063261934,1900,224,8.533145476420842e-08,0.00022460741246888951,0.9792214198207778,0.8760263978952211,0.8350038699870024,0.8255267311272734,0.844714342336221,0.9490810141479412,COMPLETE
366,0.8295631184218459,2026-05-31 20:21:21.848193,2026-05-31 20:23:05.453302,0 days 00:01:43.605109,balanced,0.8107107785142529,0.09375219563427137,-1,40,0.0002256735359248824,1900,216,1.12799550048758e-07,0.0003977538307526615,0.9666091088580476,0.8746596542295978,0.8295631184218459,0.8379240452869556,0.821386104977068,0.9469431667941685,COMPLETE
