number,value,datetime_start,datetime_complete,duration,params_class_weight,params_colsample_bytree,params_learning_rate,params_max_depth,params_min_child_samples,params_min_split_gain,params_n_estimators,params_num_leaves,params_reg_alpha,params_reg_lambda,params_subsample,user_attrs_accuracy,user_attrs_f1,user_attrs_precision,user_attrs_recall,user_attrs_roc_auc,state
1532,0.8408147066233619,2026-06-01 08:42:47.477694,2026-06-01 08:43:23.207739,0 days 00:00:35.730045,balanced,0.654937444789231,0.020053788727155294,16,10,0.0005272712635359118,1700,216,1.397501277935858e-05,1.5819096964403537e-06,0.8676109612393975,0.8810097308924817,0.8408147066233619,0.835502586391335,0.8462148236226715,0.9514883220454884,COMPLETE
1533,0.8383129787710013,2026-06-01 08:43:23.219284,2026-06-01 08:43:57.858135,0 days 00:00:34.638851,balanced,0.6533020434283237,0.02298221084717663,16,10,0.018887108663025603,1600,216,1.1628041530680704e-05,3.4665558192174976e-06,0.8768264959955278,0.8791173213816251,0.8383129787710013,0.8328422133805797,0.8438650133061548,0.9507265044035326,COMPLETE
1534,0.8382548919126815,2026-06-01 08:43:57.870377,2026-06-01 08:44:39.896689,0 days 00:00:42.026312,balanced,0.6558406077707705,0.019974370821485538,16,10,0.03535037621993268,1700,216,1.3352877794595483e-05,2.0245457894412527e-06,0.8644074297507053,0.8789280734670194,0.8382548919126815,0.831793030803757,0.8448275862068965,0.9505530418799323,COMPLETE
1535,0.840003777302964,2026-06-01 08:44:39.909062,2026-06-01 08:45:15.035758,0 days 00:00:35.126696,balanced,0.651732827313291,0.022313237101905116,16,10,9.75028606099369e-05,1600,208,1.2188908064544939e-05,1.1637134631919557e-06,0.8671083612590442,0.8804314967715845,0.840003777302964,0.8348882600493978,0.845195628786592,0.9516040171248529,COMPLETE
1536,0.8346846477794023,2026-06-01 08:45:15.056596,2026-06-01 08:45:52.451705,0 days 00:00:37.395109,,0.6612873340349508,0.020163157988642415,16,10,0.047360690163101765,1700,216,5.156345371968295e-06,1.8931400307076605e-06,0.8750150844081309,0.881293572920733,0.8346846477794023,0.8643797646624276,0.8069758224336107,0.9502938133329462,COMPLETE
1537,0.8307532972181016,2026-06-01 08:45:52.463618,2026-06-01 08:46:16.029802,0 days 00:00:23.566184,balanced,0.6593530076954658,0.019201738087024543,16,10,0.46422033895304776,1700,216,1.3766246878695064e-05,1.5734847479575605e-06,0.8574163775594302,0.8715476966020467,0.8307532972181016,0.8133498694612159,0.8489326765188835,0.9467216497336272,COMPLETE
1538,0.8391074218850445,2026-06-01 08:46:16.041244,2026-06-01 08:46:52.057257,0 days 00:00:36.016013,balanced,0.6509826389509213,0.019726280116273653,16,10,0.01860861525312584,1700,216,9.352801214277881e-06,2.6954267105461293e-06,0.8708515301548566,0.8796114491131872,0.8391074218850445,0.8329456824675598,0.8453654945926052,0.950851902146098,COMPLETE
1539,0.8406904502915035,2026-06-01 08:46:52.078405,2026-06-01 08:47:26.259118,0 days 00:00:34.180713,balanced,0.6631607196227516,0.019769992688011735,16,10,9.74235770255272e-05,1600,224,7.56240331515468e-06,8.753447240359495e-07,0.8838464143719377,0.8808204836410685,0.8406904502915035,0.8347038015904639,0.846781042976049,0.951629845169809,COMPLETE
1540,0.8377560076407643,2026-06-01 08:47:26.280807,2026-06-01 08:47:59.688055,0 days 00:00:33.407248,balanced,0.6649011285669117,0.022169619499722317,16,10,0.034620034380488704,1600,216,5.40034976948585e-06,5.697840582031633e-06,0.8719818965019291,0.878675760599342,0.8377560076407643,0.8321365603960221,0.8434686597587905,0.9504828731425117,COMPLETE
1541,0.8386924347699592,2026-06-01 08:47:59.699998,2026-06-01 08:48:33.351029,0 days 00:00:33.651031,balanced,0.6642257193943117,0.02117303407926031,16,10,0.019967877981628215,1600,216,3.654709345275756e-06,1.2792699691655149e-06,0.8785455680944221,0.8792539917358736,0.8386924347699592,0.8322207529017053,0.8452805616895985,0.9507963607208644,COMPLETE
1542,0.8376809738762554,2026-06-01 08:48:33.363246,2026-06-01 08:49:09.150783,0 days 00:00:35.787537,balanced,0.6632112337355182,0.020918720752364086,16,10,0.03285688951170671,1700,208,8.280712268038446e-06,2.9463555169304914e-06,0.863437559255003,0.8784865249537955,0.8376809738762554,0.8311590042183655,0.8443179887888568,0.950517209709924,COMPLETE
1543,0.839673213738772,2026-06-01 08:49:09.161847,2026-06-01 08:49:44.287637,0 days 00:00:35.125790,balanced,0.6698565928313873,0.020957229130491084,16,10,0.00028464536624290204,1600,224,6.300802086930151e-06,1.4395844740317165e-06,0.8587694916137141,0.8801896835656806,0.839673213738772,0.834601438733765,0.8448275862068965,0.9514191491705469,COMPLETE
1544,0.8370333852681732,2026-06-01 08:49:44.303344,2026-06-01 08:50:24.042795,0 days 00:00:39.739451,balanced,0.6582065379991945,0.020688731874503145,16,10,0.06355094657465829,1700,224,1.5436448844314058e-05,8.183988514561784e-07,0.8798904277627402,0.8780764986376255,0.8370333852681732,0.8310106638094817,0.843157239114433,0.9497924257262594,COMPLETE
1545,0.8382097432002089,2026-06-01 08:50:24.053823,2026-06-01 08:51:06.522744,0 days 00:00:42.468921,balanced,0.6680668294313004,0.019965455297340368,16,20,0.021478010418662284,1700,216,3.1398758806011625e-06,1.8731809813132955e-06,0.8847913819165745,0.8786757645784964,0.8382097432002089,0.8302874936239721,0.8462997565256781,0.9502465231403455,COMPLETE
1546,0.8369566151291794,2026-06-01 08:51:06.593246,2026-06-01 08:51:48.870511,0 days 00:00:42.277265,balanced,0.6574722616017595,0.02052017840350831,12,10,0.04105183979150564,1700,224,5.309145469691777e-06,1.0236416388045497e-06,0.8841106426238704,0.8777295651286071,0.8369566151291794,0.8289966566638768,0.8450823849159165,0.9499528451251997,COMPLETE
1547,0.8321447299002268,2026-06-01 08:51:48.926948,2026-06-01 08:52:31.496347,0 days 00:00:42.569399,balanced,0.6502129590518105,0.021617982157869097,16,140,0.00030778274502494597,1600,216,8.274480728544877e-06,8.853952497130436e-07,0.8467156006208657,0.8725359523967672,0.8321447299002268,0.8143096958033137,0.8508012003850292,0.9481468548554165,COMPLETE
1548,0.8392480812209616,2026-06-01 08:52:31.549386,2026-06-01 08:53:14.419862,0 days 00:00:42.870476,balanced,0.6634950653456433,0.019013093373687926,16,10,0.019066004707109507,1700,224,9.003336591489044e-07,1.3544390454713016e-06,0.8532800627877234,0.8797376154949118,0.8392480812209616,0.8332603045075736,0.8453371836249363,0.9507875918067871,COMPLETE
1549,0.8070880731321958,2026-06-01 08:53:14.431623,2026-06-01 08:53:26.099375,0 days 00:00:11.667752,balanced,0.669968234872527,0.01867565411618654,4,10,0.05441475917894667,1700,208,1.6066022801406425e-05,8.454042401543491e-07,0.8670295543525217,0.8500899108148502,0.8070880731321958,0.7729319808822012,0.8444312326595323,0.9348630888081907,COMPLETE
1550,0.8387362654070829,2026-06-01 08:53:26.110398,2026-06-01 08:54:11.869811,0 days 00:00:45.759413,balanced,0.6587911248167083,0.019610070240246365,16,20,0.00023746205734914878,1700,224,1.9758251867604512e-06,2.5879172914559925e-06,0.843517121655745,0.8792750202398855,0.8387362654070829,0.8321946764331892,0.8453938055602741,0.9508774637673709,COMPLETE
1551,0.8400016905744793,2026-06-01 08:54:11.883690,2026-06-01 08:54:51.437319,0 days 00:00:39.553629,balanced,0.6728633962624121,0.01807473966214808,16,10,0.0003111404475510799,1700,216,9.732247008119134e-06,1.304308079592049e-06,0.8910391834426898,0.8800950649139168,0.8400016905744793,0.8325823484816469,0.8475737500707773,0.9516405340203736,COMPLETE
1552,0.8370504784695242,2026-06-01 08:54:51.448470,2026-06-01 08:55:17.843999,0 days 00:00:26.395529,balanced,0.6620692209498958,0.0232777804711654,16,10,0.033191733731747254,1600,136,3.591829563787174e-06,7.769212063505176e-07,0.8622841317148815,0.8771197763142293,0.8370504784695242,0.8246054263911006,0.8498952494196251,0.9502793763314127,COMPLETE
1553,0.8311511933484494,2026-06-01 08:55:17.858129,2026-06-01 08:55:43.193328,0 days 00:00:25.335199,balanced,0.6673156415447684,0.02031366606604353,8,20,0.019136688196512344,1700,208,1.576127679438296e-05,1.9539864099063117e-06,0.8271273773369373,0.8708958700122241,0.8311511933484494,0.8080400612141704,0.8556423758564068,0.9476288935720231,COMPLETE
1554,0.8368016500219974,2026-06-01 08:55:43.205786,2026-06-01 08:56:21.297160,0 days 00:00:38.091374,balanced,0.656789335100489,0.01839168809815104,16,10,0.09229394347030552,1600,200,7.507684670866339e-06,7.566099652022414e-07,0.8363086221311433,0.8772564466684778,0.8368016500219974,0.826507309135379,0.8473755732970952,0.9496095200215988,COMPLETE
1555,0.8268072545092133,2026-06-01 08:56:21.311802,2026-06-01 08:57:08.611994,0 days 00:00:47.300192,,0.6753575080413383,0.018880452255026103,16,110,0.04707302489510404,1700,232,1.2783518339544083e-06,1.1770524960633358e-06,0.8511030151635403,0.8754166133915938,0.8268072545092133,0.8545791173651812,0.8008040314817961,0.9472715318606705,COMPLETE
1556,0.8391721377010241,2026-06-01 08:57:08.624211,2026-06-01 08:57:45.361616,0 days 00:00:36.737405,balanced,0.6642596159762509,0.019540847043598153,16,10,0.01880915411920691,1500,224,6.57736725875772e-06,3.3840053955922707e-06,0.8450894868654047,0.8795799166366512,0.8391721377010241,0.8324815620686131,0.8459883358813204,0.9507859987125206,COMPLETE
1557,0.8353151011162141,2026-06-01 08:57:45.373680,2026-06-01 08:58:22.572170,0 days 00:00:37.198490,balanced,0.6567612226004449,0.018058211596529882,16,10,0.1861324646578827,1700,232,4.526224527825078e-06,7.182447833437881e-07,0.8554434352525742,0.8761945990680244,0.8353151011162141,0.8253710954498396,0.8455070494309496,0.9486324073924024,COMPLETE
1558,0.8374360906220303,2026-06-01 08:58:22.584488,2026-06-01 08:59:03.743298,0 days 00:00:41.158810,balanced,0.6717697931938246,0.019858768561474362,16,20,0.01910622232594631,1700,224,1.0505275101319299e-05,1.6929599901888588e-06,0.8296910227727706,0.8782762541723131,0.8374360906220303,0.8307343574229077,0.844261366853519,0.9501166966036996,COMPLETE
1559,0.838108574482631,2026-06-01 08:59:03.755140,2026-06-01 08:59:40.452323,0 days 00:00:36.697183,balanced,0.6648770976194206,0.021256569611987165,16,10,0.034110873282015695,1600,216,1.563821620829911e-05,1.082650522019932e-06,0.8430002250458472,0.8788544833192674,0.838108574482631,0.8318942607451145,0.8444312326595323,0.9504968097701708,COMPLETE
1560,0.8275551804671238,2026-06-01 08:59:40.464323,2026-06-01 09:00:15.868686,0 days 00:00:35.404363,balanced,0.6501927871361779,0.01813796682637935,16,180,0.06356689717976025,1700,232,2.2980463780783533e-06,7.010385545655725e-07,0.8348562589256288,0.8683306017599751,0.8275551804671238,0.805586951869311,0.8507728894173603,0.9458792603494358,COMPLETE
1561,0.8405883190747775,2026-06-01 09:00:15.881092,2026-06-01 09:01:00.329304,0 days 00:00:44.448212,balanced,0.6728494770327653,0.018891434839283475,16,10,0.00018202499169233072,1800,224,8.064991137469755e-06,2.326504325877879e-06,0.8710244172308662,0.8809571636116064,0.8405883190747775,0.8360718911556165,0.8451673178189231,0.9516050429538732,COMPLETE
1562,0.833466606489203,2026-06-01 09:01:00.341195,2026-06-01 09:02:00.075812,0 days 00:00:59.734617,balanced,0.6746065908290402,0.022157169868501893,16,90,0.019414335265310497,1800,232,5.061226597444657e-06,6.487918149070272e-06,0.8876456947929341,0.8743652717532416,0.833466606489203,0.820731744206537,0.8466111771700358,0.9482524347025723,COMPLETE
1563,0.8365884374481464,2026-06-01 09:02:00.096998,2026-06-01 09:02:43.652349,0 days 00:00:43.555351,balanced,0.9756272824826944,0.01785811903178343,16,20,0.03550673241294031,1700,232,6.172878928821632e-06,3.145487324178141e-06,0.8633644562693891,0.8776244166398165,0.8365884374481464,0.8297809701876068,0.8435252816941284,0.9498616498119054,COMPLETE
1564,0.8389154608779078,2026-06-01 09:02:43.664623,2026-06-01 09:03:26.539812,0 days 00:00:42.875189,balanced,0.679617074725408,0.02110033813892083,16,10,0.017272967019822047,1800,224,3.846152626654193e-06,4.780496710206062e-06,0.8855509580319768,0.8798953117004024,0.8389154608779078,0.8357105941879827,0.8421663552460222,0.9508952331285593,COMPLETE
1565,0.8367485228278078,2026-06-01 09:03:26.561880,2026-06-01 09:04:04.851962,0 days 00:00:38.290082,balanced,0.6766319717324987,0.020015828952320413,10,10,0.04818761522555877,1800,224,1.4426403459560845e-06,4.944346107593572e-06,0.8716321823479439,0.877025160315235,0.8367485228278078,0.8251830428856834,0.8486495668421948,0.9495597820516353,COMPLETE
1566,0.8404443751893483,2026-06-01 09:04:04.864297,2026-06-01 09:04:44.962575,0 days 00:00:40.098278,balanced,0.6704065079828727,0.019017096983912782,16,10,9.975784026260713e-05,1700,232,9.55144770442945e-06,2.5452200289139215e-06,0.8817402499852414,0.8807679216657321,0.8404443751893483,0.8353715565767317,0.8455919823339562,0.9516808741860352,COMPLETE
1567,0.8361347957156836,2026-06-01 09:04:44.974995,2026-06-01 09:05:08.248384,0 days 00:00:23.273389,balanced,0.6696925491589669,0.020575606027210536,16,20,0.00019375259225351156,1700,96,7.840923748595168e-06,4.529739713893596e-06,0.8761568748919779,0.8754691902887585,0.8361347957156836,0.8176217890777625,0.8555291319857313,0.9500680691150132,COMPLETE
1568,0.8389641022982092,2026-06-01 09:05:08.260196,2026-06-01 09:05:44.746428,0 days 00:00:36.486232,balanced,0.6770728227608399,0.019324907725329094,16,10,0.03223632570453418,1600,224,1.034074399316923e-05,9.051885310997968e-06,0.8791931713557294,0.8794222078305055,0.8389641022982092,0.8322549729197942,0.8457901591076383,0.9505911142181307,COMPLETE
1569,0.8401954715922972,2026-06-01 09:05:44.758601,2026-06-01 09:06:23.939842,0 days 00:00:39.181241,balanced,0.6703087594121676,0.01943480879766797,16,10,0.00029985723171734795,1700,232,2.540047517663032e-06,3.039028839990928e-06,0.8943099310939806,0.8805997002655611,0.8401954715922972,0.8352494750667544,0.8452239397542609,0.9515781042495494,COMPLETE
1570,0.8355893257589281,2026-06-01 09:06:23.965892,2026-06-01 09:07:09.660013,0 days 00:00:45.694121,balanced,0.6706339122690747,0.02205518142241592,16,20,0.08202525056994604,1700,224,2.5903235152425283e-06,2.801969887433572e-06,0.8976818622948167,0.8768043829084594,0.8355893257589281,0.8283011058352979,0.8430156842760885,0.9489214961660218,COMPLETE
1571,0.8394597319576063,2026-06-01 09:07:09.672964,2026-06-01 09:07:54.072137,0 days 00:00:44.399173,balanced,0.6691486811164916,0.020398861923488776,16,10,0.017936503603998195,1700,224,2.13771607360772e-06,6.781537911563761e-06,0.8799976546659102,0.880000444604172,0.8394597319576063,0.8341681357861054,0.8448275862068967,0.9509845325340575,COMPLETE
1572,0.8377789448870647,2026-06-01 09:07:54.096051,2026-06-01 09:08:30.961113,0 days 00:00:36.865062,balanced,0.6788751086196632,0.02158341594100555,16,10,0.04765808800487029,1600,232,2.609213990929203e-06,4.2353477012708854e-06,0.89469220931195,0.8787493553894407,0.8377789448870647,0.832537143191897,0.8431006171790951,0.9502374129913478,COMPLETE
1573,0.8372517010216853,2026-06-01 09:08:30.973013,2026-06-01 09:08:56.085225,0 days 00:00:25.112212,balanced,0.676534547772775,0.01973679879249838,16,10,0.01905235875482787,1700,128,4.911241490653836e-06,2.8580569155437946e-06,0.8891860306933255,0.8770461851716888,0.8372517010216853,0.8233441850412427,0.8516505294150954,0.9503145446775741,COMPLETE
1574,0.8318674609308566,2026-06-01 09:08:56.095998,2026-06-01 09:09:24.409638,0 days 00:00:28.313640,balanced,0.6666358999906363,0.019439156934791646,12,20,0.27165032531505173,1700,232,1.6310373921643363e-06,4.347931804799602e-06,0.9032234941219615,0.8723992817109224,0.8318674609308566,0.8144642935916964,0.8500368042579695,0.9470951491311634,COMPLETE
1575,0.8345281020460442,2026-06-01 09:09:24.421110,2026-06-01 09:10:01.156532,0 days 00:00:36.735422,,0.6792090566174913,0.019089313082208948,16,10,0.03499421574910001,1600,224,3.264742419662988e-06,2.3357938775982084e-06,0.881281067005283,0.8811463966043833,0.8345281020460442,0.8639433895480777,0.8070607553366175,0.9504617373864805,COMPLETE
1576,0.8094858284378518,2026-06-01 09:10:01.169412,2026-06-01 09:10:12.986627,0 days 00:00:11.817215,balanced,0.6718612449272529,0.020733057523074423,4,10,0.00021784943879908208,1800,224,3.804390361070027e-06,2.8306262569375693e-06,0.8729994587561817,0.8519192407824026,0.8094858284378518,0.7750467603827907,0.8471490855557443,0.9365087679889772,COMPLETE
1577,0.8375855821706774,2026-06-01 09:10:12.998851,2026-06-01 09:10:58.803286,0 days 00:00:45.804435,balanced,0.6642877888096868,0.023316003798277446,16,20,0.018305792555370074,1700,232,6.438654636732739e-06,5.453524934110751e-06,0.8696844442583633,0.8786652436945667,0.8375855821706774,0.8327633542525233,0.84247777589038,0.9500881888291682,COMPLETE
1578,0.820171850972613,2026-06-01 09:10:58.815174,2026-06-01 09:11:15.262348,0 days 00:00:16.447174,balanced,0.6622371099719424,0.018902313495206612,6,10,0.03433310152305982,1700,224,9.378667785679551e-07,2.084349530323464e-06,0.8940206350489671,0.8614128224712022,0.820171850972613,0.7914947691473685,0.8510276881263801,0.9428567752713558,COMPLETE
1579,0.8375931315377332,2026-06-01 09:11:15.274749,2026-06-01 09:11:58.144275,0 days 00:00:42.869526,balanced,0.6724869939796435,0.018525106608024526,16,10,0.059358896402444405,1700,232,9.196821457719585e-06,2.9073179484423125e-06,0.8605143015718605,0.8784760113649819,0.8375931315377332,0.8314243505720992,0.8438650133061548,0.9501682678557101,COMPLETE
1580,0.8395122011473513,2026-06-01 09:11:58.155784,2026-06-01 09:12:34.801287,0 days 00:00:36.645503,balanced,0.6804073803262564,0.020248865428520665,16,10,0.018569555709737028,1600,224,1.7671883737860103e-05,2.165235929631757e-06,0.89117212361065,0.879916346836338,0.8395122011473513,0.8333755343101886,0.8457618481399694,0.9509375414023986,COMPLETE
1581,0.8381027812263179,2026-06-01 09:12:34.813267,2026-06-01 09:13:19.178805,0 days 00:00:44.365538,balanced,0.6668031973039893,0.02131366690254206,16,20,0.018569524702466294,1700,232,6.003723998607974e-06,3.490949639528723e-06,0.8844012088021114,0.8788650005556392,0.8381027812263179,0.8319909051198536,0.8443179887888569,0.9503236874911961,COMPLETE
1582,0.8301823744288797,2026-06-01 09:13:19.190968,2026-06-01 09:13:41.870473,0 days 00:00:22.679505,balanced,0.6616607036953978,0.018619122707222952,8,10,0.034652321201647955,1600,232,3.463213405659986e-06,1.6942628531653602e-06,0.8720411732074883,0.8704122605118222,0.8301823744288797,0.8086079403340127,0.8529528339278637,0.947328342594281,COMPLETE
1583,0.8373757833029454,2026-06-01 09:13:41.892621,2026-06-01 09:14:21.369986,0 days 00:00:39.477365,balanced,0.6714843385110769,0.01963519141605298,16,10,0.05994668693320767,1700,216,1.4193451033196629e-05,1.2697332656508995e-05,0.8800007619800208,0.8781921504357477,0.8373757833029454,0.8304179186821089,0.8444595436272012,0.9499549714507358,COMPLETE
1584,0.8385025720655097,2026-06-01 09:14:21.383437,2026-06-01 09:15:06.253750,0 days 00:00:44.870313,balanced,0.6782921967305167,0.018112205708210885,16,10,0.019205483924338025,1700,224,7.029857440561906e-06,3.7452149463373876e-06,0.8994754081266123,0.8790752643736014,0.8385025720655097,0.8317878656858849,0.8453371836249364,0.9508946595809693,COMPLETE
1585,0.8379450173468482,2026-06-01 09:15:06.265964,2026-06-01 09:15:51.231167,0 days 00:00:44.965203,balanced,0.6605437741257919,0.01795451985028823,16,20,0.017674784955577536,1700,232,1.880790335825759e-06,1.8026402133428027e-06,0.8672730938906353,0.8784024062954013,0.8379450173468482,0.8295276939160664,0.8465545552346979,0.9504250535922013,COMPLETE
1586,0.8370903949113915,2026-06-01 09:15:51.242950,2026-06-01 09:16:26.660841,0 days 00:00:35.417891,balanced,0.6683148637818391,0.019401324906647588,16,10,0.04684885853693131,1700,224,1.0334103031622482e-05,2.2232952683543238e-06,0.8875467739608719,0.8780870148792085,0.8370903949113915,0.8308499015199112,0.8434403487911218,0.9502768769920814,COMPLETE
1587,0.8378137079170612,2026-06-01 09:16:26.671805,2026-06-01 09:17:04.369278,0 days 00:00:37.697473,balanced,0.674080351079587,0.027712113171970375,16,10,0.017772668682249977,1700,216,6.4290696735233e-07,5.915665907926837e-06,0.821664346975163,0.8794957953254879,0.8378137079170612,0.8375213226499761,0.8381178868693732,0.9506509058526929,COMPLETE
1588,0.8373929609005785,2026-06-01 09:17:04.380090,2026-06-01 09:17:40.522897,0 days 00:00:36.142807,balanced,0.6812835412571059,0.02057609895178777,16,20,0.045905390208101866,1600,224,4.625686931744333e-06,8.407034096255397e-06,0.8734326288248906,0.8779818813122464,0.8373929609005785,0.8289246019511524,0.8460449578166581,0.949721661897417,COMPLETE
1589,0.8392334962993115,2026-06-01 09:17:40.534986,2026-06-01 09:18:16.083160,0 days 00:00:35.548174,balanced,0.6579544619598923,0.019352833212668785,16,10,0.01796977603377613,1700,216,9.599359447494978e-06,1.6851232282574984e-06,0.8625895305145407,0.8796009398351242,0.8392334962993115,0.8323822716059827,0.8462148236226715,0.9508457634090797,COMPLETE
1590,0.8399788412986912,2026-06-01 09:18:16.094059,2026-06-01 09:18:53.518743,0 days 00:00:37.424684,balanced,0.6647097419100888,0.017933768601381586,16,10,0.000688307271391514,1700,224,2.745451439983571e-06,1.5715891916252469e-06,0.8236336863859062,0.8801896872132388,0.8399788412986912,0.8333291586121332,0.8467527320083801,0.9514634899771778,COMPLETE
1591,0.8403803598337611,2026-06-01 09:18:53.529626,2026-06-01 09:19:28.167058,0 days 00:00:34.637432,balanced,0.6707921016599651,0.018039096285591163,16,10,0.0005292292662248945,1600,232,1.3383689991755235e-05,1.3793066507467837e-06,0.8348377558936313,0.8804314911344493,0.8403803598337611,0.8333224890861691,0.8475737500707775,0.9514663629666266,COMPLETE
1592,0.8374454401599275,2026-06-01 09:19:28.178635,2026-06-01 09:20:04.552891,0 days 00:00:36.374256,balanced,0.6822828499308154,0.017864904060415566,16,20,0.03510815837613997,1600,232,1.6392043254341113e-05,1.2637111104759687e-06,0.8368660278044948,0.877960853471427,0.8374454401599275,0.8285693283356993,0.846526244267029,0.9499675512610425,COMPLETE
