number,value,datetime_start,datetime_complete,duration,params_class_weight,params_colsample_bytree,params_learning_rate,params_max_depth,params_min_child_samples,params_min_split_gain,params_n_estimators,params_num_leaves,params_reg_alpha,params_reg_lambda,params_subsample,user_attrs_accuracy,user_attrs_f1,user_attrs_precision,user_attrs_recall,user_attrs_roc_auc,state
800,0.8323824097969538,2026-06-01 00:31:18.771082,2026-06-01 00:31:55.345078,0 days 00:00:36.573996,balanced,0.7799282280397606,0.049218734839561226,14,20,0.018508850889925033,1900,248,3.55746822381855e-05,0.03350769674231174,0.9828867861881101,0.8759422769156537,0.8323824097969538,0.8353096157749985,0.8294830417303665,0.9477504060498904,COMPLETE
801,0.8395255509379794,2026-06-01 00:31:55.354577,2026-06-01 00:32:44.436692,0 days 00:00:49.082115,balanced,0.8668584646431579,0.011638965183571812,14,10,0.0005523993952805339,2000,256,0.0014184887230831438,0.0135413974890917,0.700375640014312,0.8796745266669143,0.8395255509379794,0.8316654254173503,0.8475454391031084,0.9509491145685826,COMPLETE
802,0.8363508329110294,2026-06-01 00:32:44.447402,2026-06-01 00:33:33.847796,0 days 00:00:49.400394,balanced,0.8799524884725483,0.01399975489059375,14,20,0.03353697511136801,2000,256,0.0021527357429722317,0.007641424085260659,0.6928756383810121,0.8772354228068125,0.8363508329110294,0.8281324215427853,0.8447426533038899,0.9495459400726102,COMPLETE
803,0.8249494773637824,2026-06-01 00:33:33.857823,2026-06-01 00:33:56.402393,0 days 00:00:22.544570,balanced,0.8754030491554171,0.013210676819716334,8,10,0.44912831300084344,1900,256,0.001371357200015182,0.010969776465172195,0.666897261067425,0.8661753813776488,0.8249494773637824,0.8021578012404218,0.8491025423248967,0.9445741001223634,COMPLETE
804,0.8383396118977422,2026-06-01 00:33:56.412418,2026-06-01 00:34:44.473856,0 days 00:00:48.061438,balanced,0.8962067303013193,0.011882447550490904,14,10,0.015902710450072906,2000,256,0.0017571287729600223,0.0110504890691649,0.7478058151251938,0.8788860323756129,0.8383396118977422,0.8311601234999056,0.8456486042692939,0.9505464056172063,COMPLETE
805,0.8245081773598072,2026-06-01 00:34:44.484630,2026-06-01 00:34:52.636497,0 days 00:00:08.151867,,0.8879122818001567,0.0563453138563028,14,10,0.3091917649140769,900,256,0.0010619526275613776,0.007308947969548639,0.9790715115654851,0.8743968009138153,0.8245081773598072,0.8568240904205209,0.7945473076269747,0.9466769036830428,COMPLETE
806,0.8344476604967647,2026-06-01 00:34:52.647010,2026-06-01 00:35:38.169864,0 days 00:00:45.522854,balanced,0.8679950297644559,0.012629011734374071,14,20,0.08900651243504829,1900,256,0.0011963942789783933,0.83388677922807,0.7586693310420879,0.8752063548791705,0.8344476604967647,0.822367693035578,0.8468942868467244,0.9487353922021481,COMPLETE
807,0.8370300883273964,2026-06-01 00:35:38.180190,2026-06-01 00:36:25.839550,0 days 00:00:47.659360,balanced,0.8662521480082771,0.011635866323352007,14,10,0.05496287818405227,2000,248,0.002111614257762091,0.015397863265179645,0.684035174573996,0.8778136642228259,0.8370300883273964,0.8292768823262774,0.8449408300775721,0.9498582512425973,COMPLETE
808,0.8347863804457596,2026-06-01 00:36:25.849798,2026-06-01 00:37:00.728571,0 days 00:00:34.878773,balanced,0.8785912363792089,0.01245858656848719,10,10,0.038791502838154995,2000,256,0.0008617879179759183,0.16587227583718914,0.963419664934957,0.8745965816498137,0.8347863804457596,0.8172369824896233,0.8531226997338769,0.9489871206034607,COMPLETE
809,0.8191806398234136,2026-06-01 00:37:00.738904,2026-06-01 00:37:17.468420,0 days 00:00:16.729516,balanced,0.8709462026027074,0.013071907295729686,6,20,0.01737588060548898,2000,248,0.0025277044889968183,0.012947977068679038,0.8226012269512311,0.8603089115623974,0.8191806398234136,0.7887484409375851,0.8520751939301285,0.9420457080304386,COMPLETE
810,0.8113980341631422,2026-06-01 00:37:17.478394,2026-06-01 00:37:30.521685,0 days 00:00:13.043291,balanced,0.8890168387969996,0.011746282306344731,14,10,0.00046829392645287486,1900,16,0.0015074576363109146,0.05024294304029994,0.6892485414321722,0.8540534518932964,0.8113980341631422,0.7800417790309776,0.8453938055602741,0.9372639171559003,COMPLETE
811,0.8376856332719802,2026-06-01 00:37:30.531122,2026-06-01 00:38:18.565301,0 days 00:00:48.034179,balanced,0.8752094700546507,0.013863053911486043,14,10,0.03540827337662819,2000,256,0.0007013497374902662,0.08337924555963154,0.7416513212261457,0.8786126840404037,0.8376856332719802,0.8319906024565674,0.8434686597587905,0.9502546958101513,COMPLETE
812,0.8393317669190097,2026-06-01 00:38:18.575710,2026-06-01 00:39:03.234875,0 days 00:00:44.659165,balanced,0.8643886494468408,0.012073947824313785,14,10,0.00021741511913279336,1900,256,0.002950004623128539,9.235818893173166e-08,0.7674984292236842,0.8794852903581752,0.8393317669190097,0.83117850625537,0.8476586829737841,0.9510586385838141,COMPLETE
813,0.8380032983497027,2026-06-01 00:39:03.245228,2026-06-01 00:39:48.619824,0 days 00:00:45.374596,balanced,0.8543493271015464,0.013142424744919839,14,20,0.018704416431025786,1900,256,0.002360362974602251,0.008429332523820365,0.7940144210882262,0.8783498363617565,0.8380032983497027,0.8289268684054075,0.8472906403940886,0.9501751152933405,COMPLETE
814,0.8389656662090766,2026-06-01 00:39:48.629507,2026-06-01 00:40:33.509114,0 days 00:00:44.879607,balanced,0.863389754713283,0.01226071795776705,14,10,0.0005394683313853361,1900,256,0.001668212420507372,0.015895153143365988,0.7619067796537613,0.8792329688689969,0.8389656662090766,0.8309782039900343,0.8471207745880754,0.9510352338419824,COMPLETE
815,0.8369153231003502,2026-06-01 00:40:33.519398,2026-06-01 00:41:18.403028,0 days 00:00:44.883630,balanced,0.8495220337873777,0.014167957523575627,14,10,0.060962502795429516,1900,256,0.0041245452058717305,0.007026336723745705,0.7354996032195139,0.8779713634126823,0.8369153231003502,0.8307735746547232,0.843157239114433,0.9498646684772577,COMPLETE
816,0.8263057056437213,2026-06-01 00:41:18.413914,2026-06-01 00:41:41.029866,0 days 00:00:22.615952,balanced,0.8622380477830376,0.013351543783848039,14,20,0.8806917808457458,1900,256,0.0013138206090085591,1.5404927889007658e-06,0.7715638423583218,0.8675421164217711,0.8263057056437213,0.8053516228662582,0.8483947681331747,0.9446259627861854,COMPLETE
817,0.8379603548210642,2026-06-01 00:41:41.040169,2026-06-01 00:42:26.932723,0 days 00:00:45.892554,balanced,0.8565536676865024,0.012605141023597324,16,10,0.03131726414453682,1900,256,0.0027227767338119367,2.977737332723855e-08,0.7433669839554341,0.8786442264648252,0.8379603548210642,0.8310722214547518,0.8449691410452408,0.950539672345415,COMPLETE
818,0.8397022895321843,2026-06-01 00:42:26.942993,2026-06-01 00:43:10.335939,0 days 00:00:43.392946,balanced,0.8439918473849963,0.012034420523991021,14,10,0.0001710591696975788,1900,248,0.0031383643735625627,2.705129329308603e-07,0.7670149084804552,0.8796955558341185,0.8397022895321843,0.8310904896070183,0.8485080120038503,0.9510748968158845,COMPLETE
819,0.8380935587563134,2026-06-01 00:43:10.346644,2026-06-01 00:43:49.945155,0 days 00:00:39.598511,balanced,0.8403565198233645,0.011689765094386911,14,10,0.019023498471686072,1800,240,0.003999816328084626,7.010925034822373e-08,0.8044065888720487,0.8781711235897168,0.8380935587563134,0.8274112887581988,0.8490742313572278,0.9505646449813719,COMPLETE
820,0.8377806951141311,2026-06-01 00:43:49.955274,2026-06-01 00:44:28.659736,0 days 00:00:38.704462,balanced,0.8345924316510664,0.012214304899584465,14,10,0.04207150671072337,1800,232,0.0034266745296029203,0.011053809670723053,0.7929309035492312,0.8780134220786872,0.8377806951141311,0.8276015090527197,0.8482249023271615,0.9501182145139432,COMPLETE
821,0.8031193510468739,2026-06-01 00:44:28.669442,2026-06-01 00:44:39.820490,0 days 00:00:11.151048,balanced,0.8299163298208747,0.01173444450026344,4,20,0.02201315889492775,1900,248,0.002525955249831006,0.020265669399479908,0.7426079871302871,0.847051558920072,0.8031193510468739,0.7693232293378535,0.8400430326708567,0.9321140937977787,COMPLETE
822,0.8361910508299739,2026-06-01 00:44:39.830585,2026-06-01 00:45:20.727123,0 days 00:00:40.896538,balanced,0.8461073744854544,0.011343037763059737,12,10,0.05476179788307776,1900,248,0.002902629079781217,2.8350371231989256e-07,0.7796254262224521,0.8765836025173178,0.8361910508299739,0.8245009620410463,0.8482249023271615,0.9496631463611943,COMPLETE
823,0.8384503350656379,2026-06-01 00:45:20.736890,2026-06-01 00:46:04.319421,0 days 00:00:43.582531,balanced,0.8424650174822149,0.012112807237998336,14,20,0.00023931481636017753,1900,240,0.003386586766022102,8.342913440900568e-08,0.7556482319964167,0.8784444652930022,0.8384503350656379,0.8277745466328374,0.8494139629692543,0.9505672758708648,COMPLETE
824,0.8355232529083337,2026-06-01 00:46:04.332342,2026-06-01 00:46:44.300444,0 days 00:00:39.968102,,0.8445889306484768,0.012600870326177915,14,10,0.00022250422294156595,1800,248,0.001704558298277518,2.5464666946621006e-08,0.7845050255160674,0.8816825697381026,0.8355232529083337,0.8635829313692569,0.8092406998471207,0.9511985683112782,COMPLETE
825,0.8313101108678379,2026-06-01 00:46:44.310680,2026-06-01 00:47:22.867891,0 days 00:00:38.557211,balanced,0.8509063954149589,0.011402332132275803,14,90,0.03207463069325622,1900,232,0.0028333621183725816,3.5091972199816077e-08,0.7334706354735275,0.8715897363670684,0.8313101108678379,0.811575349517568,0.8520468829624596,0.9476209810052163,COMPLETE
826,0.8315338073462043,2026-06-01 00:47:22.878503,2026-06-01 00:47:52.281603,0 days 00:00:29.403100,balanced,0.8376857685232891,0.013350129094774394,14,10,0.5632355672523637,1900,248,0.001974439094379072,1.5778352795344036e-07,0.7666354268411648,0.8723992837004997,0.8315338073462043,0.8157023073844402,0.8479984145858106,0.9466690201647802,COMPLETE
827,0.8382568798953686,2026-06-01 00:47:52.296713,2026-06-01 00:48:36.153293,0 days 00:00:43.856580,balanced,0.8545667386308696,0.01192472058861509,14,20,0.00017866438427502275,1900,240,0.0016278469508043336,1.3755360576269137e-08,0.7536190848417907,0.8782131723078358,0.8382568798953686,0.8270259918962187,0.8498103165166185,0.9506446938514524,COMPLETE
828,0.8359702292740537,2026-06-01 00:48:36.163727,2026-06-01 00:49:18.707712,0 days 00:00:42.543985,balanced,0.8474119853832018,0.012828915405597916,14,10,0.08069215296641019,1900,240,0.0010059364885069073,2.307490564260282e-07,0.7506627707031766,0.8768990075289546,0.8359702292740537,0.8274474277606139,0.8446860313685521,0.9497026429520806,COMPLETE
829,0.8221024896553547,2026-06-01 00:49:18.718114,2026-06-01 00:49:39.990756,0 days 00:00:21.272642,balanced,0.8283351239540441,0.011079093363688248,8,10,0.03434138496910217,1800,248,0.0031503257014488407,2.855280769770954,0.773338062765409,0.8631159837358567,0.8221024896553547,0.794528757019371,0.8516788403827643,0.9435885095140688,COMPLETE
830,0.8381704862558791,2026-06-01 00:49:40.001618,2026-06-01 00:50:24.844348,0 days 00:00:44.842730,balanced,0.8582855758094309,0.012088949495340725,14,10,0.021447218283337906,1900,256,0.0011811269091229388,3.049728281010376e-07,0.764889767942767,0.8786021767519178,0.8381704862558791,0.8299593789987968,0.8465545552346979,0.9505209656549045,COMPLETE
831,0.8369832795772502,2026-06-01 00:50:24.853936,2026-06-01 00:51:09.902516,0 days 00:00:45.048580,balanced,0.6899691057562422,0.013747250274363632,14,20,0.019205026902250014,1900,248,0.0006226849125007908,6.560488877168156e-08,0.6799825006196037,0.8774667201027295,0.8369832795772502,0.8271547984309731,0.8470641526527376,0.9496858112731172,COMPLETE
832,0.8164665100304843,2026-06-01 00:51:09.913584,2026-06-01 00:51:26.041940,0 days 00:00:16.128356,balanced,0.8409675840541361,0.011515592036026184,6,10,0.04108560686859327,1900,232,3.7107449874725433e-07,0.020886419541235438,0.7692457178038694,0.8582903449545097,0.8164665100304843,0.7865337355046936,0.8487911216805389,0.9406010601955851,COMPLETE
833,0.8395229227565532,2026-06-01 00:51:26.052165,2026-06-01 00:52:11.143995,0 days 00:00:45.091830,balanced,0.849790703929263,0.012568819220719365,14,10,0.00013003735715361945,1900,256,0.0018009911404454281,3.465256956875146e-05,0.7363067952873512,0.8797691489662361,0.8395229227565532,0.8323134414915052,0.8468659758790555,0.951012699589198,COMPLETE
834,0.8386746513951726,2026-06-01 00:52:11.154519,2026-06-01 00:52:53.153549,0 days 00:00:41.999030,balanced,0.8449337604920216,0.01418984636949408,14,10,0.018242262095956988,1800,256,0.003045328315315668,6.8420045065292e-07,0.7321233663707458,0.8792645099670336,0.8386746513951726,0.8323753120457744,0.8450823849159165,0.9503218008565115,COMPLETE
835,0.8334308575368644,2026-06-01 00:52:53.164753,2026-06-01 00:53:22.839483,0 days 00:00:29.674730,balanced,0.8508932566333061,0.013140350478131084,10,20,0.05431277320718658,1800,256,0.00443857622832055,1.6099916351454684e-08,0.7503675733143944,0.8733139460315064,0.8334308575368644,0.8143658206680858,0.8534341203782345,0.9485016221526404,COMPLETE
836,0.8388629945091246,2026-06-01 00:53:22.850444,2026-06-01 00:54:07.468616,0 days 00:00:44.618172,balanced,0.8378398752711751,0.012614950753482236,14,10,0.01768328158173476,1900,256,0.0015870547570768347,1.1776018013241926e-07,0.7997941221129355,0.8792434834525991,0.8388629945091246,0.8314539680776045,0.8464130003963536,0.9507645098358211,COMPLETE
837,0.8379869139333067,2026-06-01 00:54:07.478299,2026-06-01 00:54:52.326537,0 days 00:00:44.848238,balanced,0.8310095472706205,0.01345777185279596,14,10,0.03410252070003437,1900,256,0.002098869067709907,1.4241016629381448e-07,0.7360369909210864,0.8787073060081293,0.8379869139333067,0.8314008068129732,0.8446860313685521,0.9502715452779359,COMPLETE
838,0.8251135548509629,2026-06-01 00:54:52.337285,2026-06-01 00:55:14.473933,0 days 00:00:22.136648,balanced,0.8661117220714092,0.012462064198150108,14,20,0.9385645059502725,1800,256,0.0019498369859391996,4.182600480343299e-08,0.7747286995444339,0.8666589852409156,0.8251135548509629,0.8043418808624421,0.8470075307174,0.9443387297907556,COMPLETE
839,0.8377607691476984,2026-06-01 00:55:14.484619,2026-06-01 00:55:59.771147,0 days 00:00:45.286528,balanced,0.8492731276752983,0.012702968518188173,14,10,0.018492296844207695,1900,256,1.0211598185426224e-06,1.1259281279005454e-05,0.7281942130122925,0.8784234381153753,0.8377607691476984,0.8304108686773399,0.8452522507219298,0.950436426936525,COMPLETE
840,0.8377574905946513,2026-06-01 00:55:59.781473,2026-06-01 00:56:42.825173,0 days 00:00:43.043700,balanced,0.8609013574826754,0.014031527444008974,14,10,0.049725210887992484,1900,248,3.70883240410734e-06,3.222167559235588e-05,0.7774743480833408,0.8786126780716722,0.8377574905946513,0.8316931611580095,0.8439216352414926,0.9502567539529272,COMPLETE
841,0.8386078164698981,2026-06-01 00:56:42.844454,2026-06-01 00:57:29.465421,0 days 00:00:46.620967,balanced,0.853826232176472,0.0119659779857917,14,20,0.0001936275460480512,1900,256,0.005522773903499807,0.007775461546507914,0.7387945753903101,0.8786337062440879,0.8386078164698981,0.828406666214768,0.8490742313572278,0.9504580032943357,COMPLETE
842,0.8354116632976522,2026-06-01 00:57:29.476179,2026-06-01 00:58:12.316063,0 days 00:00:42.839884,balanced,0.8652098185678896,0.028927091280636946,14,10,0.020000620792413253,1900,248,0.003015586583254372,0.011868809389878285,0.7830430670907444,0.8781921434722277,0.8354116632976522,0.8384249605707587,0.8324273823679293,0.949493577576526,COMPLETE
843,0.8309135369481946,2026-06-01 00:58:12.326369,2026-06-01 00:58:51.596201,0 days 00:00:39.269832,,0.8388687826289424,0.010826890955610976,14,10,0.07291743272006387,1800,256,0.0011412050701519124,1.9125809266785844e-05,0.9929113617423367,0.8787178113070381,0.8309135369481946,0.8614563759071011,0.8024743785742596,0.949409183368301,COMPLETE
844,0.8365875979844751,2026-06-01 00:58:51.606249,2026-06-01 00:59:34.398477,0 days 00:00:42.792228,balanced,0.8453529593404223,0.013283120025973386,14,20,0.03338946747454802,1900,248,0.0017147246405516355,6.22739117299269e-07,0.900104944500796,0.8770251669471589,0.8365875979844751,0.8258160313357208,0.8476586829737841,0.9500528569034036,COMPLETE
845,0.8379175662762729,2026-06-01 00:59:34.409002,2026-06-01 01:00:17.752836,0 days 00:00:43.343834,balanced,0.8575599736370951,0.011374837855532659,14,10,0.018034523294178702,1900,240,0.0011681947869129413,2.015952821544101e-06,0.7258884003318619,0.8782026563978489,0.8379175662762729,0.8283023860700632,0.8477719268444596,0.95035578337774,COMPLETE
846,0.8372137953750545,2026-06-01 01:00:17.763569,2026-06-01 01:00:56.769117,0 days 00:00:39.005548,balanced,0.8674674926762126,0.012247124512824697,12,10,0.0488621793344242,1800,256,0.0008882353657205292,1.281832792781913e-07,0.808368402960606,0.8773195457759572,0.8372137953750545,0.8252945248667486,0.8494988958722609,0.9499557398603021,COMPLETE
847,0.8383212842922267,2026-06-01 01:00:56.779621,2026-06-01 01:01:41.172246,0 days 00:00:44.392625,balanced,0.8495505357631641,0.012820187555685387,16,20,0.018753282590742746,1900,248,0.0028941144426612494,9.082640846181482e-08,0.8535393357075344,0.8784970375478206,0.8383212842922267,0.8286290465583993,0.8482532132948304,0.9504687092740948,COMPLETE
848,0.8380855204080112,2026-06-01 01:01:41.183060,2026-06-01 01:02:27.220418,0 days 00:00:46.037358,balanced,0.8607005371161812,0.011737908815856395,14,10,0.016075633926389936,1900,256,0.0047780769756046795,1.1066242784998383e-06,0.7310091047010043,0.8784865176586792,0.8380855204080112,0.8295232204531642,0.8468376649113867,0.9504030027232054,COMPLETE
849,0.8010819808260896,2026-06-01 01:02:27.230267,2026-06-01 01:02:38.508954,0 days 00:00:11.278687,balanced,0.8538063954727416,0.010771171974916633,4,10,0.036660436434327634,1900,240,0.0018547304716754625,1.7281095120137026e-07,0.7558912087235673,0.8457794368905782,0.8010819808260896,0.768773517761153,0.8362493630032274,0.9313181063504478,COMPLETE
850,0.838596897847648,2026-06-01 01:02:38.519043,2026-06-01 01:03:23.212248,0 days 00:00:44.693205,balanced,0.8316711846851376,0.014270469367666003,14,10,0.017019181112363224,2000,248,0.0008749150221075183,4.658484675203546e-05,0.8643633133908049,0.8792434817946182,0.838596897847648,0.8325201979095165,0.8447709642715587,0.9509190448132605,COMPLETE
851,0.8396028758628665,2026-06-01 01:03:23.222390,2026-06-01 01:04:11.391682,0 days 00:00:48.169292,balanced,0.8688960364727595,0.013322019709111595,14,10,0.00037896068441747177,2000,256,0.002294987622052306,5.619329142710092e-08,0.7454134595960035,0.8800109628353323,0.8396028758628665,0.8336519169414135,0.8456486042692939,0.9510945997450809,COMPLETE
852,0.8363619995309747,2026-06-01 01:04:11.401589,2026-06-01 01:04:56.767552,0 days 00:00:45.365963,balanced,0.8714322501587383,0.013207321124825824,14,20,0.06610348329180059,1900,256,0.002566519378417141,7.198571687527507e-08,0.745804060213258,0.8771618373014073,0.8363619995309747,0.8276109415161508,0.8453088726572675,0.949392397987478,COMPLETE
853,0.8376302176789379,2026-06-01 01:04:56.777362,2026-06-01 01:05:43.401238,0 days 00:00:46.623876,balanced,0.8821061584218167,0.01421962214225715,14,10,0.03810060080700501,2000,248,0.0038731876995381186,4.859960848381934e-08,0.7589960836796618,0.8785601101276046,0.8376302176789379,0.8318492294881387,0.8434969707264593,0.9502778715906092,COMPLETE
854,0.8391039861715198,2026-06-01 01:05:43.411928,2026-06-01 01:06:27.579873,0 days 00:00:44.167945,balanced,0.872018698780362,0.013844962323768134,14,10,0.0005873537525229126,2000,232,0.0020085265368215556,6.610498948600114e-06,0.7460698228156071,0.8795799149786704,0.8391039861715198,0.8327528881362106,0.8455636713662873,0.9509231924728322,COMPLETE
855,0.7931101826287089,2026-06-01 01:06:27.599596,2026-06-01 01:06:32.266049,0 days 00:00:04.666453,balanced,0.8678601186747114,0.013111595561941452,8,10,0.00043685059731854133,300,256,0.005864017987794669,5.229535114390319e-08,0.751956900561494,0.8421943737351492,0.7931101826287089,0.7728061016192607,0.8145348508012004,0.9274475153072691,COMPLETE
856,0.8391201541799603,2026-06-01 01:06:32.276973,2026-06-01 01:07:16.632591,0 days 00:00:44.355618,balanced,0.8807225278290598,0.013677962316372144,14,20,0.00029642274844848674,1900,248,0.0014015838687958728,4.014425972309946e-08,0.7653474953226165,0.8792119383754079,0.8391201541799603,0.8301971448116557,0.8482532132948304,0.950554796794988,COMPLETE
857,0.8318752650497578,2026-06-01 01:07:16.642710,2026-06-01 01:07:48.839753,0 days 00:00:32.197043,balanced,0.8654316696644464,0.012573749022673535,14,10,0.50537806559953,1800,240,0.0030015940856073326,2.2437939427557002e-07,0.7417089573661173,0.8728618736499869,0.8318752650497578,0.8173105106100488,0.846979219749731,0.9470650119149218,COMPLETE
858,0.8380302900989968,2026-06-01 01:07:48.850501,2026-06-01 01:08:36.466962,0 days 00:00:47.616461,balanced,0.8724334802069905,0.014490237590555254,14,10,0.03424072565479741,2000,256,0.0011850986702676813,7.982708591929181e-08,0.7479041116870612,0.8790016768786191,0.8380302900989968,0.8332211746989899,0.8429024404054131,0.950307603184517,COMPLETE
859,0.8321228391657031,2026-06-01 01:08:36.477877,2026-06-01 01:09:18.571317,0 days 00:00:42.093440,balanced,0.8637758213193675,0.013456109837192141,14,20,0.33936931442481,2000,248,0.001966168904916702,5.141401977745862e-08,0.7374236353839467,0.8735452380218843,0.8321228391657031,0.82065828827281,0.8439216352414926,0.9472017550066668,COMPLETE
860,0.8183355403468071,2026-06-01 01:09:18.581750,2026-06-01 01:09:34.787278,0 days 00:00:16.205528,balanced,0.8876185409209859,0.012670212567061055,6,10,0.05041365679674016,1900,96,0.0032739661705667128,3.895884707745257e-07,0.7584172617825792,0.8596570826514016,0.8183355403468071,0.7879377488400546,0.8511975539323934,0.9414373266243361,COMPLETE
