number,value,datetime_start,datetime_complete,duration,params_class_weight,params_colsample_bytree,params_learning_rate,params_max_depth,params_min_child_samples,params_min_split_gain,params_n_estimators,params_num_leaves,params_reg_alpha,params_reg_lambda,params_subsample,user_attrs_accuracy,user_attrs_f1,user_attrs_precision,user_attrs_recall,user_attrs_roc_auc,state
2020,0.8407577848982634,2026-06-01 13:18:06.340833,2026-06-01 13:18:41.850721,0 days 00:00:35.509888,balanced,0.6748510440769299,0.02150519425997227,16,10,1.123563028599837e-05,1700,216,1.664173866144095e-05,2.3544603269086348e-07,0.8675893231663322,0.8812620474077172,0.8407577848982634,0.8374904819385067,0.8440631900798369,0.9515812188964716,COMPLETE
2021,0.8362304335802943,2026-06-01 13:18:41.863471,2026-06-01 13:19:13.335573,0 days 00:00:31.472102,balanced,0.6877036592942902,0.025680216004272016,10,30,0.0174678585137251,1700,216,1.2304726755981815e-05,1.277836580882591e-07,0.8681478912352236,0.8762471756335931,0.8362304335802943,0.8221666315286308,0.8508012003850292,0.9491953435865935,COMPLETE
2022,0.8331358140271691,2026-06-01 13:19:13.348606,2026-06-01 13:19:40.146085,0 days 00:00:26.797479,balanced,0.6847304850628332,0.023933669364584655,16,10,0.05003401690559932,1700,104,0.8358703430297336,1.9282126887839127e-07,0.874310146421054,0.8732298336734399,0.8331358140271691,0.814904660638058,0.8522167487684729,0.9484548654960374,COMPLETE
2023,0.8392702538968626,2026-06-01 13:19:40.168401,2026-06-01 13:20:18.054193,0 days 00:00:37.885792,balanced,0.6894936906508865,0.022660396750031057,16,10,0.018367442675218792,1700,216,1.5292524385291447e-05,2.3237722983335008e-07,0.8673159254216845,0.8801266020327994,0.8392702538968626,0.8358179551609886,0.8427608855670687,0.9508396738854286,COMPLETE
2024,0.822237520334317,2026-06-01 13:20:18.067697,2026-06-01 13:20:34.879898,0 days 00:00:16.812201,balanced,0.6800546029850898,0.022760470737269344,16,70,0.8281706785025412,1700,216,8.640138243945324e-06,1.288629787700518e-07,0.8867551036339342,0.8637783199353385,0.822237520334317,0.7977131583147012,0.848338146197837,0.9426673321351312,COMPLETE
2025,0.8368833443826872,2026-06-01 13:20:34.892624,2026-06-01 13:21:14.874228,0 days 00:00:39.981604,balanced,0.6763395081559407,0.021903120778732597,16,20,0.03733969919384695,1700,216,7.919919161522816e-06,2.0820953536536058e-07,0.865250268439224,0.877876748740073,0.8368833443826872,0.8302736003455385,0.843610214597135,0.9499130563479251,COMPLETE
2026,0.8409441716230558,2026-06-01 13:21:14.886930,2026-06-01 13:21:51.771949,0 days 00:00:36.885019,balanced,0.6768237455457715,0.02167021284129391,16,10,0.0006438862429544947,1700,216,1.5446186209810765e-05,1.2495882408854273e-07,0.8744274189660187,0.881241018572109,0.8409441716230558,0.8365573324642955,0.8453938055602741,0.9516216974294806,COMPLETE
2027,0.8382202122934451,2026-06-01 13:21:51.784000,2026-06-01 13:22:33.468996,0 days 00:00:41.684996,balanced,0.6867433169604247,0.02294243760034805,16,20,0.018872934904009334,1700,216,1.7504899605720894e-05,1.0493332653688462e-07,0.8653809868970576,0.8790016785365999,0.8382202122934451,0.832447903552969,0.8440915010475057,0.9502293718865976,COMPLETE
2028,0.8336207324459984,2026-06-01 13:22:33.484537,2026-06-01 13:23:11.105028,0 days 00:00:37.620491,,0.6852954581900588,0.024721734024142426,16,10,0.04997858790824182,1700,216,1.7596563213805765e-05,1.0665439607656509e-07,0.8784415675061307,0.8803894328000408,0.8336207324459984,0.8622026705254191,0.8068908895306043,0.9499529996511153,COMPLETE
2029,0.8382597894094167,2026-06-01 13:23:11.118070,2026-06-01 13:23:49.360480,0 days 00:00:38.242410,balanced,0.68960876773937,0.022727836791214456,16,10,0.031606550844402934,1700,216,1.605060899486499e-05,1.1474673067496003e-07,0.8668431411492451,0.8792645039983024,0.8382597894094167,0.8340686826391298,0.8425060868580488,0.9505821154665507,COMPLETE
2030,0.8400157155905315,2026-06-01 13:23:49.373073,2026-06-01 13:24:28.052228,0 days 00:00:38.679155,balanced,0.67975983424169,0.02187490052999793,16,10,0.00015523890092916464,1700,216,2.186862998789931e-05,1.1456727493013049e-07,0.8824560989955954,0.8805681644730634,0.8400157155905315,0.8357690448249261,0.8443179887888568,0.9516566807229015,COMPLETE
2031,0.8387834109917981,2026-06-01 13:24:28.064998,2026-06-01 13:25:06.557460,0 days 00:00:38.492462,balanced,0.6827462390212454,0.024581969808667975,16,10,0.017505700073060373,1700,216,1.3123628071443134e-05,1.6132193890187566e-07,0.8734980557042367,0.8798637752447123,0.8387834109917981,0.8360261121933514,0.841571824924976,0.9507974225266093,COMPLETE
2032,0.8379564890057485,2026-06-01 13:25:06.570079,2026-06-01 13:25:47.601824,0 days 00:00:41.031745,balanced,0.6898466439896805,0.023453389362911966,12,20,0.0003859399793802592,1700,216,1.2792723642356179e-05,1.8796536916713394e-07,0.8696969374428661,0.8786336953014136,0.8379564890057485,0.8310277081555668,0.8450257629805787,0.9504860368869964,COMPLETE
2033,0.8124854166538875,2026-06-01 13:25:47.614793,2026-06-01 13:25:58.908105,0 days 00:00:11.293312,balanced,0.6764913916030112,0.02760643839242108,4,10,0.0003016008593429904,1700,208,2.1828801141480326e-05,9.8223286163432e-08,0.8630556525575994,0.8542111487619796,0.8124854166538875,0.7777287113234529,0.8505180907083404,0.9383096427510953,COMPLETE
2034,0.8175217076574918,2026-06-01 13:25:58.921176,2026-06-01 13:26:14.328229,0 days 00:00:15.407053,balanced,0.6795538902693615,0.02141722108679445,6,10,0.5393077165525817,1700,216,1.0639861250226756e-05,2.0984909406339503e-07,0.8908454478496431,0.8593942465786212,0.8175217076574918,0.7890530600009722,0.8481399694241549,0.940920187608699,COMPLETE
2035,0.8361766860939369,2026-06-01 13:26:14.340939,2026-06-01 13:26:55.051212,0 days 00:00:40.710273,balanced,0.6765834583629093,0.021635210262890964,16,20,0.06370439216266045,1700,216,1.9303682433077894e-05,1.398998640080184e-07,0.8788836352830144,0.87724593606403,0.8361766860939369,0.8288864686158918,0.8436102145971348,0.9493474302597389,COMPLETE
2036,0.8374644017160193,2026-06-01 13:26:55.063957,2026-06-01 13:27:34.081519,0 days 00:00:39.017562,balanced,0.6762323553686586,0.02368894841957291,16,10,0.03526442340227575,1700,216,0.09440021370837202,2.6542889101080403e-07,0.8639844680570323,0.8786442251384404,0.8374644017160193,0.833102647248584,0.8418832455693336,0.9500644928807674,COMPLETE
2037,0.8328607597592645,2026-06-01 13:27:34.094660,2026-06-01 13:27:57.741646,0 days 00:00:23.646986,balanced,0.6740235674158972,0.021554917492730488,8,10,0.0336657635020582,1700,216,1.1354621406857864e-05,9.394952095875496e-08,0.8713938713910708,0.8725990412247645,0.8328607597592645,0.8120954240291898,0.8547364248910028,0.948052424788945,COMPLETE
2038,0.8397024373261885,2026-06-01 13:27:57.755206,2026-06-01 13:28:35.552650,0 days 00:00:37.797444,balanced,0.6877330432588254,0.020968296812515778,16,10,0.01761627994857372,1700,216,2.2333040566055368e-05,1.454087039333083e-07,0.8783790455568453,0.8801581434624324,0.8397024373261885,0.8342671306553354,0.8452239397542609,0.9508471615911279,COMPLETE
2039,0.8369100012653871,2026-06-01 13:28:35.569447,2026-06-01 13:29:15.034473,0 days 00:00:39.465026,balanced,0.6730521689219636,0.022461024896554677,16,20,0.04661822480229749,1700,216,1.3993786861329757e-05,2.4019188474480945e-07,0.8844661216671944,0.8778136599120755,0.8369100012653871,0.829752508301331,0.8442047449181812,0.949632696837177,COMPLETE
2040,0.8387656637605643,2026-06-01 13:29:15.047076,2026-06-01 13:29:52.783206,0 days 00:00:37.736130,balanced,0.6804531616132014,0.021476821329887593,16,10,0.018473661913176537,1700,216,9.313542735837211e-06,8.339011430329231e-08,0.8691476857257403,0.8794642618541634,0.8387656637605643,0.8333528418814482,0.844261366853519,0.9508632033918776,COMPLETE
2041,0.836992488620127,2026-06-01 13:29:52.795055,2026-06-01 13:30:31.690333,0 days 00:00:38.895278,balanced,0.6902164924255866,0.02448678525820396,16,20,0.018154779632995464,1700,216,2.125719760537938e-05,2.7458896250459994e-07,0.8661094619751835,0.8782762528459284,0.836992488620127,0.8325336859978737,0.8415152029896382,0.9501701180820907,COMPLETE
2042,0.8359744850792096,2026-06-01 13:30:31.702818,2026-06-01 13:31:07.748693,0 days 00:00:36.045875,balanced,0.6815255918438017,0.025657823003871663,16,10,0.07563311172920313,1700,208,1.1576171925051787e-05,1.608714213597177e-07,0.8610642613172389,0.8775613453864173,0.8359744850792096,0.8318135689658996,0.8401845875092011,0.9496157551204562,COMPLETE
2043,0.8374961858732574,2026-06-01 13:31:07.764908,2026-06-01 13:31:45.316138,0 days 00:00:37.551230,balanced,0.6759249174301184,0.02052522914284769,16,10,0.052846276262572454,1700,216,1.79255941457665e-05,3.1594118769676435e-07,0.8880041139565048,0.8784024145853061,0.8374961858732574,0.8313472634581555,0.8437517694354794,0.9502238497196966,COMPLETE
2044,0.8373056844448453,2026-06-01 13:31:45.328178,2026-06-01 13:32:21.980862,0 days 00:00:36.652684,balanced,0.672928624690979,0.022815518725999313,16,10,0.019542170237541942,1700,208,8.24497078618968e-06,1.930855468598352e-07,0.873430309897472,0.8784549821977777,0.8373056844448453,0.8324563042249702,0.84222297718136,0.9507953202952564,COMPLETE
2045,0.8393141829593124,2026-06-01 13:32:21.993575,2026-06-01 13:33:00.981370,0 days 00:00:38.987795,balanced,0.6729218183586939,0.020137589576338065,16,20,0.0004635777066763975,1700,216,1.5086542541596028e-05,1.2308224559873784e-07,0.8725473554855363,0.879685042576901,0.8393141829593124,0.832630444301334,0.8461298907196647,0.9509950440672424,COMPLETE
2046,0.8379324897803097,2026-06-01 13:33:00.993764,2026-06-01 13:33:40.208188,0 days 00:00:39.214424,balanced,0.6832045147545049,0.021291469958546274,16,10,0.03451960939562404,1700,224,2.4111685061932756e-05,2.2082896075820551e-07,0.8614080469950878,0.8790121914622211,0.8379324897803097,0.8336995410218221,0.84222297718136,0.950570850875081,COMPLETE
2047,0.8391016571628876,2026-06-01 13:33:40.224310,2026-06-01 13:34:02.473411,0 days 00:00:22.249101,balanced,0.6734299003558648,0.020082264782063337,16,10,0.00039353889355119216,1000,216,9.608654947324344e-06,3.172548138163817e-07,0.8773944177329853,0.8785180700309865,0.8391016571628876,0.825679566485351,0.8529811448955326,0.951004777629555,COMPLETE
2048,0.8347111934124523,2026-06-01 13:34:02.488918,2026-06-01 13:34:37.609589,0 days 00:00:35.120671,,0.6726631725537854,0.022156288357508734,16,10,0.032805511421067815,1600,216,7.007185141771556e-06,1.6041900743508168e-07,0.8817085068217327,0.8811884522860223,0.8347111934124523,0.863424976941872,0.8078534624313459,0.9504997064703988,COMPLETE
2049,0.8372748482102254,2026-06-01 13:34:37.622445,2026-06-01 13:35:19.290798,0 days 00:00:41.668353,balanced,0.6818030657347144,0.020257143070565684,16,20,0.02041232330658902,1700,224,1.408035253886784e-05,7.858938100654538e-08,0.863241208055848,0.8780870052629189,0.8372748482102254,0.8301127730729894,0.8445727874978767,0.9502103525698296,COMPLETE
2050,0.8374373475137039,2026-06-01 13:35:19.303681,2026-06-01 13:35:55.302598,0 days 00:00:35.998917,balanced,0.6713225568128156,0.021000166837050558,16,10,0.05212513382435954,1700,208,2.5572181006050313e-05,3.4542319771603616e-07,0.8956035424100988,0.8782657382623263,0.8374373475137039,0.8306548474767901,0.8443462997565256,0.9500711771324614,COMPLETE
2051,0.8373283993229442,2026-06-01 13:35:55.314811,2026-06-01 13:36:30.058459,0 days 00:00:34.743648,balanced,0.6702893965751655,0.023849898372026335,10,10,0.01921541371054569,1700,216,1.0545616650851572e-05,1.2543046364309665e-07,0.8682795088079553,0.8777716125203412,0.8373283993229442,0.8277930036616766,0.8470924636204066,0.9498879472257964,COMPLETE
2052,0.8337074192521401,2026-06-01 13:36:30.071378,2026-06-01 13:36:58.010384,0 days 00:00:27.939006,balanced,0.690692116157751,0.019820872096939203,16,10,0.2853909299763713,1600,224,7.712300548196678e-06,2.213951698657691e-07,0.8874337831590343,0.8743863095419466,0.8337074192521401,0.8199763233252537,0.847913481682804,0.9478714574963708,COMPLETE
2053,0.8347454112051452,2026-06-01 13:36:58.027247,2026-06-01 13:37:20.215015,0 days 00:00:22.187768,balanced,0.6782024041920949,0.034756686632113586,16,20,0.09265007160307934,1600,96,2.6578376619733486e-05,2.993462669800942e-07,0.8618364780494387,0.875101222306997,0.8347454112051452,0.8205631970671954,0.8494422739369232,0.9485999186927215,COMPLETE
2054,0.8403117601956339,2026-06-01 13:37:20.227020,2026-06-01 13:37:55.823435,0 days 00:00:35.596415,balanced,0.6697763463534354,0.021299051091601677,16,10,0.0007020685891052167,1700,208,1.6240800414092855e-05,9.073049566617328e-08,0.8736123699687334,0.8806838189239552,0.8403117601956339,0.8353684198021102,0.8453371836249363,0.9515902617055572,COMPLETE
2055,0.838628173644957,2026-06-01 13:37:55.841695,2026-06-01 13:38:32.229607,0 days 00:00:36.387912,balanced,0.683138472255017,0.032351011836102235,16,10,0.0004400365781836656,1700,224,5.664337420154613e-06,1.7835410808359665e-07,0.880431714087989,0.8804945680249837,0.838628173644957,0.8410846737319672,0.8361927410678898,0.9509974772339781,COMPLETE
2056,0.8400239847270045,2026-06-01 13:38:32.241097,2026-06-01 13:39:08.753456,0 days 00:00:36.512359,balanced,0.6698287296337556,0.022467168659539714,16,10,0.00011383552567735238,1700,216,1.0675166198955902e-05,2.97126678663344e-07,0.863275293392624,0.8806943351655382,0.8400239847270045,0.8366224901178523,0.8434686597587905,0.9515993054244087,COMPLETE
2057,0.8193356807461557,2026-06-01 13:39:08.765469,2026-06-01 13:39:16.153746,0 days 00:00:07.388277,balanced,0.6802179462370159,0.019924955120637997,12,20,0.03289739843867355,300,224,6.557146179538178e-06,1.3039439682910923e-07,0.8679627071801397,0.8616546290451822,0.8193356807461557,0.7954435191316235,0.8447426533038899,0.9419184262781898,COMPLETE
2058,0.8372897047642409,2026-06-01 13:39:16.165518,2026-06-01 13:39:53.493052,0 days 00:00:37.327534,balanced,0.6678294534064058,0.021200107679054333,16,10,0.06025171607268055,1700,216,1.780555003557182e-05,2.0748092364763227e-07,0.8754429880176215,0.8782657359411531,0.8372897047642409,0.8312376888887978,0.8434403487911216,0.9500812331373228,COMPLETE
2059,0.8380147759602741,2026-06-01 13:39:53.505078,2026-06-01 13:40:23.304560,0 days 00:00:29.799482,balanced,0.6752568384001587,0.019566302596568205,16,10,0.033832225938542265,1400,208,1.1613112327880936e-05,4.046123722261402e-07,0.8607971142187943,0.8782447081003335,0.8380147759602741,0.8281937435484843,0.8480833474888172,0.9505602559384112,COMPLETE
2060,0.8368982773390791,2026-06-01 13:40:23.317115,2026-06-01 13:41:00.086564,0 days 00:00:36.769449,balanced,0.9543122091568952,0.0224426698776517,16,20,0.018487076673478837,1600,224,2.567352333440581e-05,3.418176357050167e-07,0.8824173085329353,0.8782236762803598,0.8368982773390791,0.832537273507241,0.841317026215956,0.9501409914929586,COMPLETE
2061,0.8084773239065868,2026-06-01 13:41:00.098187,2026-06-01 13:41:11.460183,0 days 00:00:11.361996,balanced,0.6883096673029991,0.019787407843465277,4,10,0.04934314947404962,1700,216,6.839023848526964e-06,8.882709001423406e-08,0.8700924875446693,0.8511727922248545,0.8084773239065868,0.7742640016775258,0.8458750920106449,0.935436404481884,COMPLETE
2062,0.8239971457577058,2026-06-01 13:41:11.472792,2026-06-01 13:41:27.452481,0 days 00:00:15.979689,balanced,0.6695967980060734,0.023930383438203376,6,10,0.019555549506417764,1700,224,4.672456027993058e-06,1.4290611164486384e-07,0.8918421767537991,0.864493236679543,0.8239971457577058,0.7959043662199564,0.8541702055376253,0.9444995050425834,COMPLETE
2063,0.8393560966187782,2026-06-01 13:41:27.465078,2026-06-01 13:42:02.218431,0 days 00:00:34.753353,balanced,0.6680255635520703,0.020908461141332216,16,10,0.01755122425916619,1700,208,1.6222577521161266e-05,2.2367648452384293e-07,0.8596923078565398,0.8798742851859677,0.8393560966187782,0.8337551132746931,0.8450540739482476,0.9509316731418895,COMPLETE
2064,0.8371186963246307,2026-06-01 13:42:02.230589,2026-06-01 13:42:38.036757,0 days 00:00:35.806168,balanced,0.6779600459911078,0.01958183173513915,16,20,0.04058777985560493,1600,224,8.909393753029111e-06,3.944830946110644e-07,0.8751758066431056,0.8776664832641297,0.8371186963246307,0.8279265849441272,0.846526244267029,0.9499261077883258,COMPLETE
2065,0.8388994800230484,2026-06-01 13:42:38.049584,2026-06-01 13:43:14.318149,0 days 00:00:36.268565,balanced,0.668040257868106,0.020727639822539844,16,30,8.870231770503232e-05,1600,216,2.8885924032954802e-05,2.823884709964307e-07,0.8683878446158486,0.879127837291612,0.8388994800230484,0.8305528965027573,0.847432195232433,0.9506397973680762,COMPLETE
2066,0.8267626132899578,2026-06-01 13:43:14.329622,2026-06-01 13:43:32.397815,0 days 00:00:18.068193,,0.676965835303609,0.02223944777986565,8,10,9.416183762688185e-05,1300,224,1.1203906679790133e-05,7.97460334892082e-08,0.8854862163487978,0.8760579174395055,0.8267626132899578,0.8595289292492851,0.7964158314931206,0.9477776958364973,COMPLETE
2067,0.8359581644580762,2026-06-01 13:43:32.409464,2026-06-01 13:44:10.644118,0 days 00:00:38.234654,balanced,0.684927236448045,0.019500279761560078,16,10,0.01811251786644116,1700,216,0.4522463845487645,1.7031033774244997e-07,0.900069877161549,0.8769095231073453,0.8359581644580762,0.8275590575469015,0.8445444765302078,0.9499904546888751,COMPLETE
2068,0.8223449473809114,2026-06-01 13:44:10.655649,2026-06-01 13:44:33.735559,0 days 00:00:23.079910,balanced,0.6678316541449147,0.02099280970148117,16,150,0.4587416472692888,1700,208,6.4396989344322215e-06,4.280849272959109e-07,0.8591036036888503,0.8639149899579907,0.8223449473809114,0.7981123728288102,0.8481116584564861,0.943140813365995,COMPLETE
2069,0.8340006469310158,2026-06-01 13:44:33.748100,2026-06-01 13:45:06.628660,0 days 00:00:32.880560,balanced,0.672446947652334,0.023087256979660936,16,20,0.14300005831875306,1600,216,3.71324586453141e-06,1.1358656456331318e-07,0.8713836015912737,0.8752589208336611,0.8340006469310158,0.824429182681825,0.8438083913708171,0.9481706109044424,COMPLETE
2070,0.8331699112143905,2026-06-01 13:45:06.640961,2026-06-01 13:45:41.250431,0 days 00:00:34.609470,balanced,0.6655979477012135,0.0389637285934459,16,10,0.0658994026883782,1700,224,1.9761047881864685e-05,1.9803418798226398e-07,0.8790666317098011,0.8764258957007489,0.8331699112143905,0.8354289437205406,0.8309269010814789,0.9483704526581387,COMPLETE
2071,0.8406621759662466,2026-06-01 13:45:41.262781,2026-06-01 13:46:17.667500,0 days 00:00:36.404719,balanced,0.6787253238812563,0.019150622686951287,16,10,1.5346293140858167e-05,1700,224,1.357038239434977e-05,3.4258524700696427e-07,0.8658291435810446,0.8809466516807737,0.8406621759662466,0.8356973546207341,0.8457052262046316,0.9516632476308474,COMPLETE
2072,0.8369197642388864,2026-06-01 13:46:17.680176,2026-06-01 13:46:54.070713,0 days 00:00:36.390537,balanced,0.6925524288863166,0.019607427219895897,16,20,0.03652416650458312,1600,224,7.71121536643378e-06,3.006894418103555e-07,0.8642039353994018,0.8776559550850838,0.8369197642388864,0.8286483783527164,0.8453654945926052,0.9499514826057408,COMPLETE
2073,0.8390943558460876,2026-06-01 13:46:54.082560,2026-06-01 13:47:30.875590,0 days 00:00:36.793030,balanced,0.6896875014031018,0.019355183522252527,16,10,0.01842874967474811,1700,224,5.100843724020957e-06,2.612871776003796e-07,0.8674138014445929,0.8797691506242171,0.8390943558460876,0.8340864432840984,0.8441764339505125,0.9509008972502748,COMPLETE
2074,0.8381049698722562,2026-06-01 13:47:30.887262,2026-06-01 13:48:07.764013,0 days 00:00:36.876751,balanced,0.6838694034405488,0.01944917420676633,16,10,0.03347182644494468,1700,224,1.0113728837137318e-05,4.470686482220212e-07,0.8632901187375006,0.8789491046238008,0.8381049698722562,0.8325403668596366,0.8437517694354794,0.9505895943483917,COMPLETE
2075,0.8254884878627268,2026-06-01 13:48:07.786711,2026-06-01 13:48:23.771819,0 days 00:00:15.985108,balanced,0.684423154219772,0.018674931702965077,16,10,0.044721543619253915,1600,48,5.392611291891918e-06,3.24763577666899e-07,0.874014846580891,0.8661122965288056,0.8254884878627268,0.7999759587358571,0.8526980352188437,0.9456918200459209,COMPLETE
2076,0.8376519096042951,2026-06-01 13:48:23.784286,2026-06-01 13:49:02.733584,0 days 00:00:38.949298,balanced,0.6897103687712695,0.01903198066591952,16,20,0.017379595736696903,1700,224,3.270708507971278e-06,2.0605946893732503e-07,0.8574287790617102,0.8783183081959712,0.8376519096042951,0.830149906772426,0.8453088726572674,0.9503565767029581,COMPLETE
2077,0.8172944388858842,2026-06-01 13:49:02.746317,2026-06-01 13:49:10.616086,0 days 00:00:07.869769,balanced,0.6805649645954859,0.01902218403685396,10,10,0.01926587418499041,400,224,8.250405234211485e-06,1.4169785126662225e-07,0.8689580448681613,0.8598252970880527,0.8172944388858842,0.7920346005277757,0.844261366853519,0.9410980493658337,COMPLETE
2078,0.835627293803897,2026-06-01 13:49:10.628652,2026-06-01 13:49:48.614881,0 days 00:00:37.986229,balanced,0.6787696811705425,0.020442049836148776,16,20,0.06916558589514793,1700,224,1.2393294247201059e-05,3.182048875287731e-07,0.8794132413271655,0.8767307828128216,0.835627293803897,0.827668725104997,0.8437517694354794,0.9493650295265149,COMPLETE
2079,0.8391538021048381,2026-06-01 13:49:48.626725,2026-06-01 13:50:23.388336,0 days 00:00:34.761611,balanced,0.6777012814502363,0.01902654200938587,16,10,0.017568338285731035,1600,224,5.615021961590671e-06,2.1482812366205447e-07,0.8599185352143428,0.8795273400710827,0.8391538021048381,0.8321975645801073,0.8462431345903404,0.9508776638388002,COMPLETE
2080,0.8379754809430321,2026-06-01 13:50:23.400974,2026-06-01 13:50:59.942212,0 days 00:00:36.541238,balanced,0.6772618341878647,0.02027029578425733,16,10,0.036185329765183946,1700,224,1.1828113644433114e-05,4.5508634882909233e-07,0.8709713455527669,0.8788965506067731,0.8379754809430321,0.832730774457624,0.8432987939527773,0.950422823092571,COMPLETE
