number,value,datetime_start,datetime_complete,duration,params_class_weight,params_colsample_bytree,params_learning_rate,params_max_depth,params_min_child_samples,params_min_split_gain,params_n_estimators,params_num_leaves,params_reg_alpha,params_reg_lambda,params_subsample,user_attrs_accuracy,user_attrs_f1,user_attrs_precision,user_attrs_recall,user_attrs_roc_auc,state
1349,0.837378622225434,2026-06-01 06:40:08.434911,2026-06-01 06:40:51.346105,0 days 00:00:42.911194,balanced,0.691441437239274,0.01584741819123963,16,10,0.060851936406966046,2000,216,7.921850969360419e-05,4.478372918815233e-07,0.8147536980346731,0.8782341941799238,0.837378622225434,0.8306786462090275,0.8442047449181812,0.9501863287755153,COMPLETE
1350,0.8369563981600135,2026-06-01 06:40:51.356747,2026-06-01 06:41:35.496536,0 days 00:00:44.139789,balanced,0.6599491022725532,0.015111413301697381,16,20,0.0333250337834758,2000,208,4.467821193393491e-05,1.0049431972689048e-06,0.8112415156405909,0.8775298119150928,0.8369563981600135,0.8276934361580773,0.8464413113640225,0.949958500432321,COMPLETE
1351,0.8384485767915703,2026-06-01 06:41:35.507973,2026-06-01 06:42:18.549240,0 days 00:00:43.041267,balanced,0.6968752301875437,0.01679831375415477,16,10,0.01825793869284912,2000,216,9.109748514707693e-05,4.014427446740103e-07,0.8035737273857898,0.8792014314185183,0.8384485767915703,0.8328641297101727,0.8441198120151747,0.950873741992411,COMPLETE
1352,0.8373615510811067,2026-06-01 06:42:18.560566,2026-06-01 06:43:02.913357,0 days 00:00:44.352791,balanced,0.681180041926949,0.01816143075032069,16,10,0.04400910912632165,2000,224,5.6066152345125354e-05,1.2854032032926836e-06,0.7885346710657276,0.8785495922280405,0.8373615510811067,0.8328750314982191,0.8419115565370024,0.950202314504022,COMPLETE
1353,0.8389596220685824,2026-06-01 06:43:02.924753,2026-06-01 06:43:47.375758,0 days 00:00:44.451005,balanced,0.6910608942678165,0.015021732701181772,16,20,0.000677699091271221,2000,216,0.0001077977455947806,6.839936567429288e-07,0.7856780116267411,0.8791068048084458,0.8389596220685824,0.8301511289728204,0.8479701036181417,0.9509047974095902,COMPLETE
1354,0.8384949990172147,2026-06-01 06:43:47.386999,2026-06-01 06:44:29.605650,0 days 00:00:42.218651,balanced,0.671326638420181,0.016128898499726596,16,10,0.01806136820856226,2000,208,3.069742352437573e-05,1.9975595010273906e-06,0.7797108167410141,0.8789596188758066,0.8384949990172147,0.8310369105430396,0.8461015797519961,0.9506751373998493,COMPLETE
1355,0.8395755569543502,2026-06-01 06:44:29.617163,2026-06-01 06:45:09.012259,0 days 00:00:39.395096,balanced,0.7054434013846763,0.017272750611998414,16,10,0.000550229587654041,1900,216,6.04573204643399e-05,4.604497248841646e-07,0.7934408693221383,0.8800950688930712,0.8395755569543502,0.8343468859275762,0.8448842081422342,0.9513710661315556,COMPLETE
1356,0.8312826622506394,2026-06-01 06:45:09.031613,2026-06-01 06:45:32.977457,0 days 00:00:23.945844,balanced,0.6515513473010123,0.015789161116090515,16,110,0.00016490787020970223,1100,224,9.466967443315435e-05,3.2675470725043224e-07,0.8061047944359443,0.8711061271982626,0.8312826622506394,0.8087933270007793,0.8550761565030293,0.9478859807404344,COMPLETE
1357,0.8373921325593333,2026-06-01 06:45:32.989159,2026-06-01 06:46:16.228847,0 days 00:00:43.239688,balanced,0.6856667947626472,0.016457855166632323,16,10,0.04681871760004294,2000,216,0.00011035283456253581,2.9981677105835097e-07,0.7798909345760513,0.878339329736463,0.8373921325593333,0.8313314569031913,0.8435535926617973,0.9501629037350611,COMPLETE
1358,0.8393787729304969,2026-06-01 06:46:16.240096,2026-06-01 06:47:04.214362,0 days 00:00:47.974266,balanced,0.6801884252410659,0.015371686678117853,16,20,0.0004835752045574725,2000,224,7.103479321527361e-05,7.750155802432022e-07,0.7879222669710731,0.8795378626129935,0.8393787729304969,0.8313516121038708,0.8475737500707773,0.9508720685284713,COMPLETE
1359,0.8384494447620661,2026-06-01 06:47:04.225831,2026-06-01 06:47:45.428043,0 days 00:00:41.202212,balanced,0.6668885466601496,0.014811334528802612,16,10,0.03266836958704978,1900,224,4.410840459188033e-05,4.912545240719781e-07,0.8255107046609865,0.8788439790151473,0.8384494447620661,0.8304577637039335,0.8466111771700356,0.9505705226575932,COMPLETE
1360,0.8403252897729306,2026-06-01 06:47:45.439170,2026-06-01 06:48:28.379647,0 days 00:00:42.940477,balanced,0.6986316752797083,0.01697841240934292,16,10,0.00023707700547764599,2000,224,0.00011172147838227944,3.116525309253439e-07,0.8367271992674659,0.8807468958144898,0.8403252897729306,0.8357248280208586,0.8449974520129099,0.9515965837580241,COMPLETE
1361,0.8391446666145909,2026-06-01 06:48:28.391237,2026-06-01 06:49:08.513860,0 days 00:00:40.122623,balanced,0.7008338077164218,0.018473103492394786,16,10,0.018433468858998,2000,208,7.095024504010831e-05,3.521796898210132e-07,0.8311302420777581,0.8798006831007529,0.8391446666145909,0.8341039930685424,0.844261366853519,0.9507938814853184,COMPLETE
1362,0.8366537919073882,2026-06-01 06:49:08.525065,2026-06-01 06:49:52.093460,0 days 00:00:43.568395,balanced,0.7138363577958596,0.017940036232640205,16,10,0.10160403822208774,2000,224,0.00011555018519680782,5.790239732388797e-07,0.797359044089883,0.8779818690431874,0.8366537919073882,0.8319127780305212,0.8414585810543005,0.9495627958028557,COMPLETE
1363,0.8365737634638536,2026-06-01 06:49:52.105215,2026-06-01 06:50:35.983415,0 days 00:00:43.878200,balanced,0.6953764585499912,0.017519896940052515,16,20,0.030883434205584273,1900,224,5.265827683032771e-05,2.9872899126135733e-07,0.7829498504317264,0.877519294678721,0.8365737634638536,0.8291490429783218,0.8441481229828436,0.9497174723834182,COMPLETE
1364,0.8308564453798667,2026-06-01 06:50:36.003385,2026-06-01 06:50:56.493948,0 days 00:00:20.490563,,0.7059056419073939,0.01953925473754982,16,10,0.06951532207036785,1000,216,2.7830193426078332e-05,2.432050820974567e-07,0.7782236825589715,0.8789701238431192,0.8308564453798667,0.8636562208763879,0.8004642998697694,0.9494391847433169,COMPLETE
1365,0.8392370859437701,2026-06-01 06:50:56.505264,2026-06-01 06:51:40.650409,0 days 00:00:44.145145,balanced,0.687290127836648,0.01664965302868221,16,10,0.018501972867819752,2000,224,9.135091888725037e-05,1.3845549224866539e-06,0.8069305087390367,0.8798637646336341,0.8392370859437701,0.8341497170336613,0.8444029216918634,0.9509421476092107,COMPLETE
1366,0.8367096405355934,2026-06-01 06:51:40.661691,2026-06-01 06:52:25.271071,0 days 00:00:44.609380,balanced,0.697037669562627,0.017180861824535185,16,20,0.05124017323822183,2000,216,0.00012913327174690438,4.3365596400096774e-07,0.8409189890098894,0.8775823642741395,0.8367096405355934,0.8290059792015626,0.8445727874978767,0.9497576322429993,COMPLETE
1367,0.8314187358871382,2026-06-01 06:52:25.282633,2026-06-01 06:52:51.562729,0 days 00:00:26.280096,balanced,0.6779804768173829,0.01917757406716323,16,10,0.4877456025214023,1900,224,3.9653640906164526e-05,7.942454631501383e-07,0.7884608072659993,0.8724413324186187,0.8314187358871382,0.8163736206549981,0.8470358416850688,0.9467877789509549,COMPLETE
1368,0.8282288909465664,2026-06-01 06:52:51.574038,2026-06-01 06:53:17.006313,0 days 00:00:25.432275,balanced,0.7113009977045147,0.016364841161338888,16,10,0.6259460718543597,2000,208,7.760554054523981e-05,2.1075985807609895e-07,0.7772338120128919,0.8695396482253193,0.8282288909465664,0.8103305576167665,0.8469509087820623,0.9460633450646944,COMPLETE
1369,0.8390279272566867,2026-06-01 06:53:17.016840,2026-06-01 06:54:01.173411,0 days 00:00:44.156571,balanced,0.6887252326282263,0.015911012783600083,16,20,0.00011347170703783419,2000,216,0.0001278173808165654,3.274996845978546e-07,0.8163093014540072,0.879306561006326,0.8390279272566867,0.8312414941073175,0.846979219749731,0.9510081678997269,COMPLETE
1370,0.837835008031638,2026-06-01 06:54:01.193415,2026-06-01 06:54:44.999686,0 days 00:00:43.806271,balanced,0.701170229774829,0.017726700407747063,16,10,0.033109988220034116,2000,224,8.4772967774132e-05,1.9212316731588964e-07,0.7981397579396846,0.8790226944399566,0.837835008031638,0.8341712782228089,0.8415435139573071,0.9504839337241419,COMPLETE
1371,0.8380833050141038,2026-06-01 06:54:45.011005,2026-06-01 06:55:28.006438,0 days 00:00:42.995433,balanced,0.6584710117861141,0.015011220451480756,16,10,0.019806448431243115,1900,224,5.277489029583069e-05,5.591389593945468e-07,0.7770185025554524,0.8786547357428883,0.8380833050141038,0.8306642837051701,0.8456486042692939,0.9506154213983492,COMPLETE
1372,0.8395277669486663,2026-06-01 06:55:28.017084,2026-06-01 06:56:11.282379,0 days 00:00:43.265295,balanced,0.6704472661522662,0.016862782195286637,16,10,0.01823518174255251,2000,216,2.548029766308319e-05,3.352202847634006e-07,0.787909845786851,0.8799899286941852,0.8395277669486663,0.8338091318163144,0.8453371836249364,0.9507317667364589,COMPLETE
1373,0.8388414865335783,2026-06-01 06:56:11.301930,2026-06-01 06:56:54.797283,0 days 00:00:43.495353,balanced,0.6958570874743975,0.015852258310111216,16,20,0.00010329275087802659,2000,208,0.00012694197013523806,1.9503188904763908e-07,0.7837411592094522,0.879106810113985,0.8388414865335783,0.8306294426145465,0.8472340184587509,0.9509114246121441,COMPLETE
1374,0.8365942697321218,2026-06-01 06:56:54.808666,2026-06-01 06:57:36.089258,0 days 00:00:41.280592,balanced,0.6842783626245156,0.01840086409991029,16,10,0.04841504693403165,1900,224,6.151397337635839e-05,8.547071930188747e-07,0.794780086586116,0.877897777575681,0.8365942697321218,0.8316055346343415,0.8416567578279825,0.9502168462746988,COMPLETE
1375,0.8380148451534764,2026-06-01 06:57:36.100976,2026-06-01 06:58:19.347117,0 days 00:00:43.246141,balanced,0.6927117627294551,0.015028592305401415,16,10,0.033309558177977684,2000,216,0.00011005465986887307,4.812948938578228e-07,0.7752266358189552,0.8787072983814169,0.8380148451534764,0.831294377404471,0.8448558971745653,0.9503934349214109,COMPLETE
1376,0.8285424968000118,2026-06-01 06:58:19.358466,2026-06-01 06:58:46.574532,0 days 00:00:27.216066,balanced,0.6757202614345431,0.016664979224252297,16,20,0.5854270343289172,2000,224,6.797981614257478e-05,2.3211783222385052e-07,0.7729251960489606,0.8696973411148482,0.8285424968000118,0.8101762286990105,0.8477719268444596,0.9457525528825452,COMPLETE
1377,0.8376385922644732,2026-06-01 06:58:46.586168,2026-06-01 06:59:26.335381,0 days 00:00:39.749213,balanced,0.703720634784081,0.01565110905080217,16,10,0.06504407687551816,1900,216,0.00012271912800702924,1.4382284600585347e-07,0.8480867535349093,0.8782342034646172,0.8376385922644732,0.8296271403807779,0.8458184700753072,0.9500667885394661,COMPLETE
1378,0.8343853357702556,2026-06-01 06:59:26.347032,2026-06-01 07:00:04.109392,0 days 00:00:37.762360,balanced,0.6654346761717683,0.017329162157342738,16,10,0.2380810961537836,2000,224,4.6111768580931855e-05,3.1129161491334965e-07,0.8327231267953101,0.8754902068553075,0.8343853357702556,0.8244217729968369,0.8446010984655455,0.9482486125066049,COMPLETE
1379,0.8372813210771041,2026-06-01 07:00:04.119925,2026-06-01 07:00:48.678898,0 days 00:00:44.558973,balanced,0.6803748943015536,0.016014953640486555,16,20,0.01986587821479942,2000,208,0.00015055322875908697,7.950023916328474e-08,0.800718972706018,0.8778872606709055,0.8372813210771041,0.8287682170742956,0.8459883358813206,0.9502116037026317,COMPLETE
1380,0.8383018339824165,2026-06-01 07:00:48.690609,2026-06-01 07:01:30.752146,0 days 00:00:42.061537,balanced,0.687198849030271,0.01532534977727466,16,10,0.018193937543709526,1900,224,8.524502576746402e-05,1.6794230856893836e-07,0.7822603681017511,0.8788544839824599,0.8383018339824165,0.8311202674733774,0.845620293301625,0.9509048485341357,COMPLETE
1381,0.839763525736755,2026-06-01 07:01:30.763121,2026-06-01 07:02:13.023946,0 days 00:00:42.260825,balanced,0.6940318932982296,0.016693061901040897,16,10,0.0005941163847896779,2000,216,4.0536433823013414e-05,5.603778763887953e-07,0.7896674982952824,0.8802212329536222,0.839763525736755,0.8344416893955336,0.8451673178189231,0.9513118032744305,COMPLETE
1382,0.8210530978078504,2026-06-01 07:02:13.035359,2026-06-01 07:02:24.504228,0 days 00:00:11.468869,,0.7093619784944408,0.014933359927779043,16,10,0.04309603387344769,500,216,0.0001571988570998676,3.2294942730040078e-06,0.7792355283881114,0.8728828776158807,0.8210530978078504,0.8602238494903234,0.7853179321669215,0.9459600462511791,COMPLETE
1383,0.8383757610598721,2026-06-01 07:02:24.515584,2026-06-01 07:03:09.825762,0 days 00:00:45.310178,balanced,0.6570047706104366,0.017850019959074852,16,10,0.017977921143254538,2000,224,2.032258122317221e-05,1.0251834215436412e-07,0.7721912128280956,0.8792539917358736,0.8383757610598721,0.8335248110607698,0.8432987939527772,0.9504388283549584,COMPLETE
1384,0.8364324776817248,2026-06-01 07:03:09.837431,2026-06-01 07:03:54.130647,0 days 00:00:44.293216,balanced,0.6706261734815524,0.015967682187821804,16,20,0.03834913459493519,1900,224,6.843680243863941e-05,1.5623439970594887e-06,0.7929385518958629,0.8771933793942327,0.8364324776817248,0.8275341232766555,0.8455353603986184,0.9498076616423056,COMPLETE
1385,0.8387714180151223,2026-06-01 07:03:54.141582,2026-06-01 07:04:35.713727,0 days 00:00:41.572145,balanced,0.6808107496077428,0.01479079255839896,16,10,0.01771754996504911,2000,208,0.00011517118131344634,2.1535048009450034e-07,0.8102784127526521,0.8790121888094516,0.8387714180151223,0.8302643507558783,0.8474605062001018,0.9508888188982784,COMPLETE
1386,0.8386506198712325,2026-06-01 07:04:35.725158,2026-06-01 07:05:20.523095,0 days 00:00:44.797937,balanced,0.6979989168526206,0.01673592503175151,16,20,0.0004974920047751368,2000,216,9.445163996841956e-05,3.383961886594547e-07,0.7846736570277818,0.8791383452432903,0.8386506198712325,0.8316130394230713,0.8458184700753071,0.9507570242658548,COMPLETE
1387,0.8367142245935254,2026-06-01 07:05:20.534484,2026-06-01 07:06:05.494915,0 days 00:00:44.960431,balanced,0.6753645915601266,0.015790280047156408,16,10,0.07507273371963087,2000,224,0.00016690554798235824,1.0357717518832229e-07,0.7727066357827235,0.8777821237879815,0.8367142245935254,0.83032397068721,0.8432138610497707,0.9497784731776994,COMPLETE
1388,0.8378329879639218,2026-06-01 07:06:05.505593,2026-06-01 07:06:46.180444,0 days 00:00:40.674851,balanced,0.6895748229913236,0.014818751926721985,16,10,0.05165689616645237,1900,216,3.8773990050311695e-05,9.265808359744085e-07,0.7989491157549657,0.8783813890656601,0.8378329879639218,0.8298476349854842,0.8459883358813204,0.9504668815459233,COMPLETE
1389,0.8375056465058001,2026-06-01 07:06:46.192229,2026-06-01 07:07:30.897625,0 days 00:00:44.705396,balanced,0.662913766022604,0.017211228732656694,16,10,0.03023898421705885,2000,224,6.37014703611486e-05,1.7116907506651201e-07,0.7791622978594795,0.8785601151015475,0.8375056465058001,0.8323586764503353,0.8427325745993998,0.9503672454783861,COMPLETE
1390,0.8357385958434413,2026-06-01 07:07:30.908025,2026-06-01 07:08:18.604226,0 days 00:00:47.696201,balanced,0.702739347157239,0.015706685597246774,16,20,0.0004625441371140283,2000,208,0.6568580424997283,4.218004074206201e-07,0.7701090988354208,0.8764258933795755,0.8357385958434413,0.8252322503393498,0.846526244267029,0.9493139737344132,COMPLETE
1391,0.8276069071239666,2026-06-01 07:08:18.615916,2026-06-01 07:08:28.146233,0 days 00:00:09.530317,balanced,0.6846080204147225,0.018369281887779906,16,10,0.020175447745055496,400,224,9.4456524806861e-05,2.620474476886768e-07,0.7866406440292709,0.8686460130719397,0.8276069071239666,0.8072880326132044,0.8490176094218901,0.9461369487723869,COMPLETE
1392,0.8383630708199861,2026-06-01 07:08:28.157512,2026-06-01 07:09:09.089219,0 days 00:00:40.931707,balanced,0.6747627969499528,0.016429927004243467,16,10,0.03453632248502419,1900,216,0.0001346294567842184,1.280021218559426e-07,0.7935423693208449,0.8789701324646203,0.8383630708199861,0.8316554958801907,0.8451956287865919,0.95044330265386,COMPLETE
1393,0.8386022079488962,2026-06-01 07:09:09.100853,2026-06-01 07:09:56.252088,0 days 00:00:47.151235,balanced,0.691797172450417,0.01483413909932541,16,20,0.0005281460624801072,2000,224,2.828683039323849e-05,8.592308815841489e-08,0.779110904489462,0.8789596225233649,0.8386022079488962,0.8306204801271874,0.8467527320083801,0.9508422090740628,COMPLETE
1394,0.8341008955974075,2026-06-01 07:09:56.263496,2026-06-01 07:10:35.946538,0 days 00:00:39.683042,balanced,0.7159557614010088,0.01552496153147896,16,10,0.29253537615264225,2000,216,0.00016841489704537012,7.33298310244209e-07,0.7668168410274085,0.875164289581242,0.8341008955974075,0.8234403761118189,0.8450540739482476,0.9480121274605228,COMPLETE
1395,0.8391489881761208,2026-06-01 07:10:35.957519,2026-06-01 07:11:17.913652,0 days 00:00:41.956133,balanced,0.6667692820893757,0.014735707846717589,16,10,0.018369664653876107,1900,224,5.619855479125762e-05,1.4493784221989834e-07,0.8075149983862565,0.8794011866216098,0.8391489881761208,0.8313668377141212,0.8470924636204066,0.9507988982639436,COMPLETE
1396,0.8359335675897528,2026-06-01 07:11:17.924973,2026-06-01 07:12:02.667269,0 days 00:00:44.742296,balanced,0.7049738876929402,0.01736599456700795,16,20,0.057695058382166015,2000,208,9.065856814203407e-05,2.8405204442391803e-07,0.7725345886022967,0.8771092690257434,0.8359335675897528,0.8289498109981496,0.8430439952437574,0.949466864103294,COMPLETE
1397,0.8375654467140509,2026-06-01 07:12:02.678773,2026-06-01 07:12:45.692314,0 days 00:00:43.013541,balanced,0.6824864884333252,0.019274559012990057,16,10,0.036734498209861875,2000,216,0.00016845286645189453,7.771330837623715e-08,0.7866193624687472,0.8787703795827021,0.8375654467140509,0.8335921417150477,0.8416001358926448,0.9502120994956079,COMPLETE
1398,0.8396956057731612,2026-06-01 07:12:45.703727,2026-06-01 07:13:29.971558,0 days 00:00:44.267831,balanced,0.6955546990995672,0.01642937549032987,16,10,0.017125350113200388,2000,224,7.817386749730751e-05,4.0816395215119783e-07,0.7775445052984534,0.8801581414728553,0.8396956057731612,0.8342750606069117,0.8451956287865919,0.9507788280579783,COMPLETE
1399,0.8384950302613916,2026-06-01 07:13:29.982273,2026-06-01 07:14:11.585143,0 days 00:00:41.602870,balanced,0.6880977436726875,0.015450179984818438,16,10,0.018490405053998606,2000,208,4.794859643753173e-05,2.1232563196029044e-07,0.8009511596496985,0.8789175698260916,0.8384950302613916,0.8307626085606685,0.8463846894286847,0.9508749887920315,COMPLETE
1400,0.8365254994780332,2026-06-01 07:14:11.596666,2026-06-01 07:14:56.178640,0 days 00:00:44.581974,balanced,0.6757631521457832,0.014733698285267235,16,20,0.0486127472073653,1900,224,0.00013403180335623457,6.023434535375071e-07,0.7678968353677225,0.8771302945453896,0.8365254994780332,0.8267415407006279,0.8465545552346979,0.9496066585731193,COMPLETE
1401,0.8396925531562398,2026-06-01 07:14:56.198861,2026-06-01 07:15:44.769277,0 days 00:00:48.570416,balanced,0.6562750745324621,0.016311297406288866,16,10,0.0006828496615472794,2000,232,0.00010209270823310804,1.1415269406080205e-07,0.8216329032019926,0.8803263539199291,0.8396925531562398,0.8354325616757204,0.8440065681444991,0.9515693527877808,COMPLETE
1402,0.8250481466429109,2026-06-01 07:15:44.781053,2026-06-01 07:16:25.915442,0 days 00:00:41.134389,,0.6503256369612623,0.017340418915896803,16,160,0.0328419463618173,2000,216,3.3601300608303934e-05,7.273638726037002e-08,0.7836545979975823,0.8743442415912487,0.8250481466429109,0.8541434100985675,0.7978880018119018,0.9464911750763984,COMPLETE
1403,0.8265415240552065,2026-06-01 07:16:25.926652,2026-06-01 07:16:47.511764,0 days 00:00:21.585112,balanced,0.6699662056212483,0.01577723094011522,16,10,0.836655319717245,1900,224,0.0001627805215672802,1.4043077447998307e-07,0.7956583419181915,0.8678680237479508,0.8265415240552065,0.8064089387337683,0.8477153049091218,0.9448605845851762,COMPLETE
1404,0.8374265537641028,2026-06-01 07:16:47.523042,2026-06-01 07:17:33.775859,0 days 00:00:46.252817,balanced,0.70034678070013,0.014887816651495373,16,20,0.02084758180625246,2000,216,6.543410333871569e-05,2.474565884927101e-07,0.7751318812938258,0.8779398206566645,0.8374265537641028,0.8285321965601707,0.846526244267029,0.9500447306530305,COMPLETE
1405,0.8362247277808534,2026-06-01 07:17:33.788265,2026-06-01 07:18:18.344101,0 days 00:00:44.555836,balanced,0.6856492260887076,0.01787933413454748,16,10,0.09266487568734294,2000,232,0.00011253016487920424,4.381684950361043e-07,0.7890056088896661,0.8776559653645656,0.8362247277808534,0.8314523075147235,0.8410622275069363,0.9495536637503531,COMPLETE
1406,0.840110310144123,2026-06-01 07:18:18.355356,2026-06-01 07:18:59.731618,0 days 00:00:41.376262,balanced,0.6786227321472957,0.01650742427095362,16,10,0.00021073727948552675,1900,224,0.0001821216278506531,1.7666013471697155e-07,0.7673793104713258,0.8804525146645181,0.840110310144123,0.8345750261847344,0.8457335371723006,0.9513630667848115,COMPLETE
1407,0.8357782855416541,2026-06-01 07:18:59.751015,2026-06-01 07:19:19.112885,0 days 00:00:19.361870,balanced,0.6670346113337265,0.019165552735894157,16,10,0.03291147424761632,900,224,4.689797253146356e-05,1.1416822610605043e-06,0.779305515930191,0.8759212510644113,0.8357782855416541,0.821819641192044,0.8502349810316517,0.9495915660997531,COMPLETE
1408,0.8384497389321641,2026-06-01 07:19:19.124067,2026-06-01 07:20:02.510565,0 days 00:00:43.386498,balanced,0.6799143775905551,0.01690584192484782,16,20,0.0002860722208361734,1900,224,8.139785775058571e-05,3.179818392897678e-07,0.7717894086980526,0.8790016702466952,0.8384497389321641,0.8314979338627538,0.8455353603986184,0.9508252663106055,COMPLETE
1409,0.8355387654800049,2026-06-01 07:20:02.522053,2026-06-01 07:20:42.158439,0 days 00:00:39.636386,balanced,0.6738550759114375,0.030157434326470164,16,10,0.05834858264323605,1900,216,0.00020132571777906627,2.103284534602136e-07,0.7812081147525134,0.8779187881734986,0.8355387654800049,0.835997265041604,0.8350886133288036,0.9492487853365983,COMPLETE
