number,value,datetime_start,datetime_complete,duration,params_class_weight,params_colsample_bytree,params_learning_rate,params_max_depth,params_min_child_samples,params_min_split_gain,params_n_estimators,params_num_leaves,params_reg_alpha,params_reg_lambda,params_subsample,user_attrs_accuracy,user_attrs_f1,user_attrs_precision,user_attrs_recall,user_attrs_roc_auc,state
1776,0.8376221577976009,2026-06-01 11:03:26.074963,2026-06-01 11:04:05.109220,0 days 00:00:39.034257,balanced,0.6606439182016994,0.018580418240616816,16,10,0.037926652223738345,1800,216,1.70420165557862e-05,7.238303306577611e-07,0.8238728191402355,0.8784970256103577,0.8376221577976009,0.8314555660382106,0.8438933242738237,0.9504103888555463,COMPLETE
1777,0.8096794648883777,2026-06-01 11:04:05.130107,2026-06-01 11:04:16.650479,0 days 00:00:11.520372,balanced,0.6640715023784483,0.01958208863552749,4,10,0.017081531863702287,1800,216,4.509488140174412e-06,6.402500024854435e-07,0.8411978729368773,0.8521925838120729,0.8096794648883777,0.7758305680540268,0.8466394881377045,0.9359779836679483,COMPLETE
1778,0.8384122345650944,2026-06-01 11:04:16.662255,2026-06-01 11:04:52.503529,0 days 00:00:35.841274,balanced,0.6562888073161536,0.017729004308483096,16,30,0.0002250896370342927,1700,192,2.0667707065068886e-05,3.202397714485555e-07,0.8327110973464644,0.8783183002376626,0.8384122345650944,0.827088650446604,0.8500651152256383,0.9504308427667288,COMPLETE
1779,0.8227825204385845,2026-06-01 11:04:52.514458,2026-06-01 11:05:08.738229,0 days 00:00:16.223771,balanced,0.6503963148101076,0.0212319034062943,6,10,0.0348183376804654,1800,208,6.836460532138737e-06,4.063990494603693e-07,0.881280835395833,0.8634944672960091,0.8227825204385845,0.7943953284393342,0.8532925655398902,0.9439992737674511,COMPLETE
1780,0.8360864449868824,2026-06-01 11:05:08.805660,2026-06-01 11:05:45.068205,0 days 00:00:36.262545,balanced,0.6666248167710216,0.024368306302917645,16,20,0.07294921796931586,1700,216,3.206816216541128e-06,8.433413527424238e-07,0.8539989484737259,0.877298509976829,0.8360864449868824,0.8296100045213232,0.842675952664062,0.9490508660182876,COMPLETE
1781,0.8390438028610746,2026-06-01 11:05:45.079934,2026-06-01 11:06:21.806838,0 days 00:00:36.726904,balanced,0.6727631413923048,0.017762840921443108,16,10,0.01930841161819553,1800,208,1.02069669146889e-05,5.864035742108456e-07,0.8737529168488984,0.8793275944842808,0.8390438028610746,0.8312984672260405,0.8469509087820621,0.9509558435619948,COMPLETE
1782,0.82802707668564,2026-06-01 11:06:21.819119,2026-06-01 11:07:03.554296,0 days 00:00:41.735177,,0.663167092046815,0.018589207423306733,16,10,0.05011828033670546,1800,200,1.314676670353065,2.879026943425718e-07,0.8393606649588068,0.8764364033208311,0.82802707668564,0.8568927384464663,0.8010588301908159,0.9476390337158217,COMPLETE
1783,0.8316475077552384,2026-06-01 11:07:03.566608,2026-06-01 11:07:25.968012,0 days 00:00:22.401404,balanced,0.6582145369241758,0.019443820778419222,8,20,0.0004905399244128161,1700,216,5.804322173498259e-06,8.337952764215963e-07,0.8252133308585218,0.8712217942498097,0.8316475077552384,0.8082237707337199,0.856491704886473,0.9477501183026548,COMPLETE
1784,0.8387822531650514,2026-06-01 11:07:25.979029,2026-06-01 11:07:56.809786,0 days 00:00:30.830757,balanced,0.6501794788733165,0.02007537409009063,16,10,0.019208391947940436,1500,216,1.5262074044796682e-05,4.144364397573262e-07,0.8637465695158197,0.8791804019197178,0.8387822531650514,0.8313549115157887,0.8463563784610159,0.9507132871648434,COMPLETE
1785,0.8376803308046776,2026-06-01 11:07:56.829761,2026-06-01 11:08:32.716500,0 days 00:00:35.886739,balanced,0.6703184975352211,0.021862593568809475,16,10,0.03659816550669722,1800,200,2.385925360936402e-05,9.026065665497262e-07,0.8469852092023137,0.8785811442687517,0.8376803308046776,0.8317885140541813,0.8436668365324728,0.9503432236203352,COMPLETE
1786,0.8251658559117061,2026-06-01 11:08:32.737818,2026-06-01 11:08:50.581443,0 days 00:00:17.843625,balanced,0.6625779677497607,0.017916647118731498,16,10,0.8951020650601498,1800,208,9.837964122208939e-06,5.266868945697089e-07,0.8900861430936633,0.8666905230229904,0.8251658559117061,0.80430713688409,0.8471490855557442,0.9443662271282052,COMPLETE
1787,0.8377378314938739,2026-06-01 11:08:50.592658,2026-06-01 11:09:17.133834,0 days 00:00:26.541176,balanced,0.6751711336857492,0.01850148643468779,16,20,0.0002644058309576521,1800,120,2.863178796606632e-06,2.618478525056022e-07,0.8321964889671096,0.8770461845084965,0.8377378314938739,0.8214666812890706,0.854679802955665,0.9504158497983332,COMPLETE
1788,0.836883980238623,2026-06-01 11:09:17.144815,2026-06-01 11:09:53.443610,0 days 00:00:36.298795,balanced,0.6583534827131579,0.017616191331699678,16,10,0.06210980913814051,1700,216,5.167740003890581e-06,1.2555058660576738e-06,0.819559942302474,0.8776559580694495,0.836883980238623,0.8287985329081614,0.8451390068512543,0.9499518322919474,COMPLETE
1789,0.8405869183450346,2026-06-01 11:09:53.455810,2026-06-01 11:10:30.051508,0 days 00:00:36.595698,balanced,0.6660164716837106,0.020566850243741247,16,10,0.0002743005269460991,1800,216,1.2084202214193193e-05,4.418479526004983e-07,0.8568337450650041,0.8809571632800101,0.8405869183450346,0.8361064337384804,0.8451390068512542,0.951574646122582,COMPLETE
1790,0.8384824856472967,2026-06-01 11:10:30.062643,2026-06-01 11:11:07.684238,0 days 00:00:37.621595,balanced,0.6571142803999621,0.021937638627332876,16,10,0.03316747159615644,1800,216,1.3491346582616519e-05,5.05733212712441e-07,0.8678163985376206,0.8794011803212823,0.8384824856472967,0.8340979776953353,0.8429307513730819,0.9504720638492516,COMPLETE
1791,0.8379317863783391,2026-06-01 11:11:07.696158,2026-06-01 11:11:47.070746,0 days 00:00:39.374588,balanced,0.650009975993153,0.02102961759995821,16,20,0.01877067870082324,1800,208,9.524234265226113e-06,3.662287239845036e-07,0.8584988366364362,0.8786862788305023,0.8379317863783391,0.8314956987764072,0.8444878545948701,0.9502738046343012,COMPLETE
1792,0.832387615844208,2026-06-01 11:11:47.081766,2026-06-01 11:12:11.216992,0 days 00:00:24.135226,balanced,0.6644113185819308,0.02309087287203131,16,10,0.3809545113257735,1800,216,1.7991343415567895e-05,6.415090975776317e-07,0.8555373814794097,0.8731247017644588,0.832387615844208,0.8170344298517271,0.848338146197837,0.9472648992491938,COMPLETE
1793,0.8374204052815429,2026-06-01 11:12:11.228866,2026-06-01 11:12:45.274061,0 days 00:00:34.045195,balanced,0.6563923518460879,0.023850061712081268,10,10,0.01789253127808711,1800,200,7.845953441755526e-06,4.2192307022358856e-07,0.8494321195678027,0.877834698363973,0.8374204052815429,0.8278343783668252,0.8472340184587509,0.9499361721714273,COMPLETE
1794,0.8329548701098352,2026-06-01 11:12:45.286264,2026-06-01 11:13:28.008477,0 days 00:00:42.722213,balanced,0.6671825306629425,0.020840349124780593,16,70,0.04571928420181151,1800,208,1.2231840260892168e-05,7.295600879958535e-07,0.8539132429001665,0.8739552580377267,0.8329548701098352,0.8200847641432408,0.8462431345903404,0.948095339748909,COMPLETE
1795,0.8388974134077701,2026-06-01 11:13:28.019906,2026-06-01 11:13:55.329439,0 days 00:00:27.309533,balanced,0.6626999666539517,0.022559393496439824,16,10,0.01720810437925391,1700,144,1.9393090793542805e-05,1.1171771600937397e-06,0.8618160398892477,0.8787073013657828,0.8388974134077701,0.8277349182698316,0.8503765358699961,0.9507282232283387,COMPLETE
1796,0.8364268323871817,2026-06-01 11:13:55.341867,2026-06-01 11:14:34.754732,0 days 00:00:39.412865,balanced,0.6565969432958346,0.021467520202023877,16,20,0.03439406783627372,1800,216,6.5189664112997395e-06,5.7172886815032e-07,0.8665727475153069,0.8775298069411498,0.8364268323871817,0.829789666672022,0.8431855500821017,0.9497804196821115,COMPLETE
1797,0.8392185331482129,2026-06-01 11:14:34.766727,2026-06-01 11:15:18.466850,0 days 00:00:43.700123,balanced,0.650137237118029,0.02036346741404903,16,10,0.016704239069400446,1800,224,1.3375751115307399e-05,3.6329924202920234e-07,0.860552332107291,0.8799373687084261,0.8392185331482129,0.8347542741766082,0.8437517694354794,0.9509005181751283,COMPLETE
1798,0.8309507870688565,2026-06-01 11:15:18.487770,2026-06-01 11:16:00.103779,0 days 00:00:41.616009,balanced,0.6672013600933777,0.02021891709268809,16,110,0.058780417676863886,1800,216,3.950195286928836e-06,8.854889089184758e-07,0.8471594499322461,0.8719682355122416,0.8309507870688565,0.8151895193608363,0.8473472623294264,0.9472170245357284,COMPLETE
1799,0.8393673759153067,2026-06-01 11:16:00.115900,2026-06-01 11:16:34.460782,0 days 00:00:34.344882,balanced,0.6619544684481399,0.01975931249046865,16,10,0.01716012723690965,1700,208,7.695508618352701e-06,1.7978504806897202e-06,0.8740946189874635,0.8797165913016504,0.8393673759153067,0.8326179734465718,0.8462431345903404,0.9508618858300695,COMPLETE
1800,0.8366370661241659,2026-06-01 11:16:34.472235,2026-06-01 11:17:02.774233,0 days 00:00:28.301998,balanced,0.6711194141294774,0.021772812672572323,16,20,0.03498342108388555,1300,224,2.293204328885073e-05,6.313330394883274e-07,0.8534527522913032,0.8771618329906569,0.8366370661241659,0.8265299240829102,0.8470075307174,0.9498711954970419,COMPLETE
1801,0.8345112320366193,2026-06-01 11:17:02.786159,2026-06-01 11:17:41.464986,0 days 00:00:38.678827,,0.6571310123042992,0.019458120131678188,12,10,0.016614430852148962,1800,224,1.1472754795344383e-05,2.705717082030721e-07,0.8380346848738612,0.8810097239289617,0.8345112320366193,0.862968832466807,0.8078817733990148,0.950470626048565,COMPLETE
1802,0.8377454628765282,2026-06-01 11:17:41.477210,2026-06-01 11:18:12.430862,0 days 00:00:30.953652,balanced,0.6671433112062222,0.02074918997263866,16,10,0.04813734888921806,1700,176,4.749406120272853e-06,1.0888372039528359e-06,0.8458825722284666,0.8780975208413097,0.8377454628765282,0.8282909251637816,0.847432195232433,0.9502253565432124,COMPLETE
1803,0.8067183099497367,2026-06-01 11:18:12.442860,2026-06-01 11:18:23.878633,0 days 00:00:11.435773,balanced,0.6565387167824184,0.019316785605976074,4,20,0.3021751229323508,1700,232,1.7751362263763092e-05,3.8035812938648397e-07,0.8686869581927027,0.8499006629002447,0.8067183099497367,0.7730353752623457,0.8434969707264596,0.9342558841303968,COMPLETE
1804,0.8370781261892309,2026-06-01 11:18:23.900058,2026-06-01 11:19:01.050791,0 days 00:00:37.150733,balanced,0.6746207727723369,0.018885528893537052,16,10,0.07691461477038003,1800,216,8.273963130272478e-06,6.311925361126712e-07,0.8810072054946124,0.8779713673918367,0.8370781261892309,0.8301351450675151,0.8441481229828436,0.9498867924788493,COMPLETE
1805,0.8393551907728783,2026-06-01 11:19:01.063213,2026-06-01 11:19:40.594673,0 days 00:00:39.531460,balanced,0.6631440463122377,0.022323648095871982,16,10,0.01597509626996962,1800,232,6.089528875825586e-06,1.673526593900438e-06,0.8585250218960546,0.8802948148114694,0.8393551907728783,0.8366312579797555,0.8421097333106845,0.9508581968613369,COMPLETE
1806,0.8232275695529384,2026-06-01 11:19:40.606582,2026-06-01 11:19:57.125959,0 days 00:00:16.519377,balanced,0.6703332736991402,0.020399720185255408,6,10,0.0007636153689134752,1800,168,2.678666055315714e-05,8.847119986560398e-07,0.8413041324737005,0.863799355071274,0.8232275695529384,0.7946151200979781,0.8540003397316119,0.9443858382224773,COMPLETE
1807,0.8339280563082214,2026-06-01 11:19:57.138448,2026-06-01 11:20:35.330326,0 days 00:00:38.191878,balanced,0.6569977911073622,0.0339118962220063,16,20,0.034170990357929094,1800,208,2.871369737396039e-06,4.235167588751413e-07,0.8280938925340748,0.8765415445145056,0.8339280563082214,0.8331782493837535,0.8346922597814393,0.9487564816644571,COMPLETE
1808,0.8382915611752283,2026-06-01 11:20:35.342669,2026-06-01 11:21:11.720257,0 days 00:00:36.377588,balanced,0.6502736524138365,0.019135841882926715,16,10,0.0323777017686521,1700,224,1.3202289544656853e-05,2.7171992834223086e-07,0.8496414385664831,0.8789911549999007,0.8382915611752283,0.8320861725023826,0.8446010984655455,0.9504835510578933,COMPLETE
1809,0.8385163393965875,2026-06-01 11:21:11.732393,2026-06-01 11:21:49.794440,0 days 00:00:38.062047,balanced,0.6656521188392276,0.020925512748771562,16,10,0.020472608793767794,1800,216,1.1170602156678196e-05,1.0126781399851466e-06,0.8388696128250599,0.8794747777641502,0.8385163393965875,0.8344645881418679,0.8426193307287244,0.9508293495455632,COMPLETE
1810,0.8317204500576155,2026-06-01 11:21:49.805564,2026-06-01 11:22:12.456337,0 days 00:00:22.650773,balanced,0.6755430191189223,0.018791675168010506,8,10,0.016776409196042896,1700,232,1.932258272863848e-05,2.265924979084012e-06,0.8726513186385438,0.8715792469847768,0.8317204500576155,0.8100786701955235,0.8545665590849896,0.9478156485795516,COMPLETE
1811,0.836881306840486,2026-06-01 11:22:12.467576,2026-06-01 11:22:51.065066,0 days 00:00:38.597490,balanced,0.6621735367829341,0.019985385172575806,16,20,0.06092562215863325,1800,208,6.143699507553471e-06,5.250265351625966e-07,0.8579683186608028,0.877571855990865,0.836881306840486,0.8282469425100362,0.8457052262046316,0.9494882615432613,COMPLETE
1812,0.8399078865336992,2026-06-01 11:22:51.077083,2026-06-01 11:23:24.832030,0 days 00:00:33.754947,balanced,0.6686581632252014,0.01837771949897876,16,10,0.0001545331382966939,1600,224,2.6414112086869545e-05,1.456857713264522e-06,0.8658176383230954,0.8801055788343266,0.8399078865336992,0.8330558293953009,0.8468942868467244,0.9515489650907409,COMPLETE
1813,0.8358064553168466,2026-06-01 11:23:24.844407,2026-06-01 11:24:02.085744,0 days 00:00:37.241337,balanced,0.6568055814495132,0.02144679232281302,16,20,0.045314857252188215,1700,216,3.6382005226710938e-06,3.3309615525408884e-06,0.8352775429592596,0.87690952443373,0.8358064553168466,0.8281267842795378,0.8436385255648039,0.9495818919690325,COMPLETE
1814,0.8393349514103243,2026-06-01 11:24:02.098123,2026-06-01 11:24:38.550855,0 days 00:00:36.452732,balanced,0.676264136273387,0.01973613593183818,16,10,0.01594641557167479,1800,200,8.217164840933708e-06,7.550325083269163e-07,0.8252387837024651,0.8797691519506019,0.8393349514103243,0.8330991092584213,0.8456769152369628,0.9508740998151275,COMPLETE
1815,0.8403086459062671,2026-06-01 11:24:38.562083,2026-06-01 11:25:17.668513,0 days 00:00:39.106430,balanced,0.6626791468740176,0.017846293696442684,16,10,0.0004707488552922046,1800,232,1.352219275722131e-05,2.7295228826741344e-07,0.8822431580398725,0.8807048417908317,0.8403086459062671,0.8354961383648524,0.8451956287865919,0.951610589695353,COMPLETE
1816,0.8384490562704658,2026-06-01 11:25:17.679824,2026-06-01 11:25:54.608631,0 days 00:00:36.928807,balanced,0.6706922886692737,0.018959002386356887,16,10,0.035207054498379284,1700,224,5.359683725760956e-06,4.3019413810576217e-07,0.846288929053222,0.8790962895616513,0.8384490562704658,0.8321486497631749,0.8448558971745653,0.9505391726160589,COMPLETE
1817,0.8365880578658293,2026-06-01 11:25:54.619736,2026-06-01 11:26:31.832753,0 days 00:00:37.213017,balanced,0.650321356120206,0.025445849462422076,16,20,0.018937988555767383,1700,216,1.7607502828149194e-05,1.1305972546545828e-06,0.8172688838323501,0.8779713587703357,0.8365880578658293,0.8321227956547673,0.841118849442274,0.949793023402596,COMPLETE
1818,0.8382483347551591,2026-06-01 11:26:31.844842,2026-06-01 11:27:09.483240,0 days 00:00:37.638398,balanced,0.6614997834886802,0.0233207629895834,16,10,0.016486307026214796,1800,208,9.243523216285652e-06,2.32785247652188e-06,0.8325091576623459,0.8794011876163984,0.8382483347551591,0.8350541230994005,0.8414868920219692,0.9507252579857487,COMPLETE
1819,0.8395432140959423,2026-06-01 11:27:09.495178,2026-06-01 11:27:48.927437,0 days 00:00:39.432259,balanced,0.6578127523430023,0.020161684385433767,16,10,0.0005180705403896791,1800,232,2.3666346982248777e-06,6.426070992541345e-07,0.8527396344437946,0.8804104676043801,0.8395432140959423,0.8366456222354423,0.84247777589038,0.9515688316013932,COMPLETE
1820,0.8290798375180639,2026-06-01 11:27:48.947617,2026-06-01 11:28:23.683640,0 days 00:00:34.736023,balanced,0.6780824301549109,0.017541642156197534,16,150,0.046973459559622455,1700,192,2.9372889126077003e-05,1.3086379588251294e-06,0.876237223773546,0.8698129869442389,0.8290798375180639,0.8089383188509558,0.8502632919993206,0.94688965926103,COMPLETE
1821,0.8352016000690812,2026-06-01 11:28:23.694822,2026-06-01 11:29:02.156947,0 days 00:00:38.462125,,0.6686482619761169,0.018924450126818194,16,10,0.034421109802906004,1800,224,3.5727836241876993e-06,3.0392097252868156e-07,0.8894450599214744,0.8815879507547426,0.8352016000690812,0.8643110471343941,0.8079950172696903,0.9505860649909561,COMPLETE
1822,0.8346537845667313,2026-06-01 11:29:02.169277,2026-06-01 11:29:33.251281,0 days 00:00:31.082004,balanced,0.6555928409442507,0.018341321711515635,10,20,0.06435552128579775,1800,216,9.040424649969456e-06,9.631358155995179e-06,0.8976839044174103,0.8747227437207877,0.8346537845667313,0.8185464292271405,0.8514240416737443,0.9486498793410026,COMPLETE
1823,0.838539962513364,2026-06-01 11:29:33.263448,2026-06-01 11:30:12.137008,0 days 00:00:38.873560,balanced,0.6500434497910391,0.02125060595043221,16,10,0.017389855007903923,1800,224,1.5956297369643e-05,4.451942268175886e-07,0.8396161795054833,0.8795063195253795,0.838539962513364,0.8345669216098788,0.8425627087933866,0.9507220033675946,COMPLETE
1824,0.8379208070480869,2026-06-01 11:30:12.149416,2026-06-01 11:30:41.773968,0 days 00:00:29.624552,balanced,0.6641831598507522,0.01758453015952718,16,10,0.03543287764010734,1600,184,5.313457257728879e-06,8.132831516939295e-07,0.8592840899053312,0.8779187974581918,0.8379208070480869,0.826428865002399,0.8497536945812808,0.9503209583556247,COMPLETE
1825,0.8335047635934045,2026-06-01 11:30:41.785494,2026-06-01 11:31:14.463937,0 days 00:00:32.678443,balanced,0.674535577904369,0.01981789275963731,16,20,0.2330551498386835,1700,200,3.0531024846328225e-05,1.7006196871029052e-06,0.8122772857973699,0.8745124629914196,0.8335047635934045,0.8215246103684114,0.8458467810429761,0.9476570588693473,COMPLETE
1826,0.8379040971572391,2026-06-01 11:31:14.475870,2026-06-01 11:31:49.839128,0 days 00:00:35.363258,balanced,0.6567430833237036,0.018686640735370453,16,10,0.01706932354786496,1600,232,1.0723642096327685e-05,6.350845429754514e-07,0.8265822381788668,0.8786862755145405,0.8379040971572391,0.8316026035927946,0.8443179887888568,0.950738525176393,COMPLETE
1827,0.8404744674592578,2026-06-01 11:31:49.851485,2026-06-01 11:32:26.973324,0 days 00:00:37.121839,balanced,0.6684871619830073,0.022107414434442325,16,10,9.0206024409873e-05,1800,224,2.3197242349567072e-05,4.7473014115154665e-06,0.8650704996093674,0.8811989688592016,0.8404744674592578,0.8382465548530664,0.8427325745993998,0.951575469086951,COMPLETE
1828,0.8285323433526243,2026-06-01 11:32:26.985298,2026-06-01 11:32:47.815659,0 days 00:00:20.830361,balanced,0.6631926401288284,0.024378980192582698,16,30,0.4845477407752397,1800,216,3.595502532938097e-05,3.7703150085364556e-06,0.8668057072758355,0.8694450262575936,0.8285323433526243,0.8087181986754276,0.8493573410339166,0.9457770299433107,COMPLETE
1829,0.8358760982004463,2026-06-01 11:32:47.827647,2026-06-01 11:33:24.140567,0 days 00:00:36.312920,balanced,0.6561452168202391,0.021691869950393204,12,10,0.09023810399523594,1800,216,3.796885950795315e-05,1.1194450637952476e-05,0.871558750991484,0.8768884869766209,0.8358760982004463,0.8277145273309822,0.8442047449181813,0.9491276272231831,COMPLETE
1830,0.8370006450814279,2026-06-01 11:33:24.152411,2026-06-01 11:34:02.311821,0 days 00:00:38.159410,balanced,0.6672486243522332,0.020301385805238336,16,20,0.03443242546460327,1800,208,2.7716338649427958e-05,3.1087661741565322e-06,0.8637299798446001,0.8778346847685293,0.8370006450814279,0.8295167830996865,0.8446294094332144,0.9498969659848115,COMPLETE
1831,0.8387541546122383,2026-06-01 11:34:02.324373,2026-06-01 11:34:40.529030,0 days 00:00:38.204657,balanced,0.6565544705294438,0.02245491615819681,16,10,0.01526355426563468,1800,224,2.4770465539362402e-05,4.141575302058095e-06,0.8790130404812169,0.8797165783693989,0.8387541546122383,0.8351287108516869,0.842421153955042,0.9507602973432885,COMPLETE
1832,0.8110672337590078,2026-06-01 11:34:40.541419,2026-06-01 11:34:52.015193,0 days 00:00:11.473774,balanced,0.6627268753371353,0.023706858366962413,4,10,0.0006623951482315416,1800,216,2.0984454709789703e-05,6.8255890189910295e-06,0.8723700652178936,0.8530967332174585,0.8110672337590078,0.7763102701086861,0.8491025423248967,0.9376341180789217,COMPLETE
1833,0.8359438873159557,2026-06-01 11:34:52.027129,2026-06-01 11:35:31.331061,0 days 00:00:39.303932,balanced,0.6777928702283935,0.022039404355460975,16,20,0.054848887334025334,1800,216,4.190267244801626e-05,2.3623129037297283e-06,0.8577487983390857,0.8772459417011652,0.8359438873159557,0.8298251885701274,0.8421663552460222,0.9493975083446972,COMPLETE
1834,0.8408289903428972,2026-06-01 11:35:31.342677,2026-06-01 11:36:07.348766,0 days 00:00:36.006089,balanced,0.6504389990895874,0.021603998939046277,16,10,0.0002892840912536972,1800,208,1.9898840984176448e-05,2.7045486683982957e-06,0.8664635983210566,0.8812305046516994,0.8408289903428972,0.8369661160487203,0.8447426533038899,0.9515649109369299,COMPLETE
1835,0.8268597662316054,2026-06-01 11:36:07.369735,2026-06-01 11:36:23.976697,0 days 00:00:16.606962,balanced,0.6686687410623199,0.027078768334831874,6,10,0.0007724578482391656,1800,200,1.7316659201834562e-05,6.38039183215412e-06,0.865716703672345,0.8668797716007886,0.8268597662316054,0.7996909334230188,0.8559537965007644,0.9458327856579679,COMPLETE
1836,0.8379444808801483,2026-06-01 11:36:23.988749,2026-06-01 11:36:59.641862,0 days 00:00:35.653113,balanced,0.6501402206353176,0.021634482221325572,16,10,0.0324974609871078,1800,200,1.8868175622931572e-05,4.128160884814292e-06,0.8716918581754616,0.8788229495163469,0.8379444808801483,0.8323739656061715,0.843610214597135,0.9503669098317623,COMPLETE
