number,value,datetime_start,datetime_complete,duration,params_class_weight,params_colsample_bytree,params_learning_rate,params_max_depth,params_min_child_samples,params_min_split_gain,params_n_estimators,params_num_leaves,params_reg_alpha,params_reg_lambda,params_subsample,user_attrs_accuracy,user_attrs_f1,user_attrs_precision,user_attrs_recall,user_attrs_roc_auc,state
2630,0.8195782200689073,2026-06-01 18:49:54.658653,2026-06-01 18:50:08.164626,0 days 00:00:13.505973,balanced,0.6820311208664066,0.018911611443698302,6,10,0.000459577003361356,1400,232,2.8172825068861496e-05,4.6235513791753816e-06,0.8350720135172585,0.8606979080481708,0.8195782200689073,0.7895607941889291,0.8519902610271219,0.9421279268846922,COMPLETE
2631,0.8390688537605936,2026-06-01 18:50:08.186729,2026-06-01 18:50:49.508720,0 days 00:00:41.321991,balanced,0.6559451474771437,0.022489272653388306,16,20,6.618259125190339e-05,1800,224,0.00010535599685281974,1.4702997330633408e-06,0.860671893933673,0.8799163418623953,0.8390688537605936,0.8351969218691568,0.8429873733084197,0.9510847395351937,COMPLETE
2632,0.8310856962255787,2026-06-01 18:50:49.522295,2026-06-01 18:51:24.834434,0 days 00:00:35.312139,balanced,0.668328940985088,0.02441424711218364,16,170,0.017324366699949786,1700,216,1.0662997535524397e-05,5.879372164368017e-07,0.8859242216522417,0.8715476962704504,0.8310856962255787,0.8121193041672319,0.8509710661910423,0.9471251240575514,COMPLETE
2633,0.8379251587696565,2026-06-01 18:51:24.847563,2026-06-01 18:52:00.318746,0 days 00:00:35.471183,balanced,0.6911781877595975,0.021728127085045467,16,10,0.03378432623983899,1600,232,3.751619656470021e-05,2.2322712609905743e-07,0.8755469734998915,0.8789911546683045,0.8379251587696565,0.8335713471587188,0.8423362210520354,0.9503687232481197,COMPLETE
2634,0.8321845364067474,2026-06-01 18:52:00.331484,2026-06-01 18:52:25.902442,0 days 00:00:25.570958,balanced,0.6751053864223331,0.019956256781196717,8,10,0.06182476417565992,1900,224,1.6662563017512634e-05,7.0922211205182e-08,0.8570875078969122,0.8722100463969721,0.8321845364067474,0.8121867747085069,0.8532076326368835,0.9477770296163021,COMPLETE
2635,0.8377402515637691,2026-06-01 18:52:25.915679,2026-06-01 18:53:07.997878,0 days 00:00:42.082199,balanced,0.6625567069865789,0.01599050966132404,16,20,0.01791538728859848,1700,240,7.607497974044884e-06,2.7380561403699935e-06,0.8678118196804732,0.8781395868024305,0.8377402515637691,0.8286085878306432,0.8470924636204066,0.9502904155652242,COMPLETE
2636,0.8393372473681225,2026-06-01 18:53:08.010771,2026-06-01 18:53:48.539772,0 days 00:00:40.529001,balanced,0.6555167384333065,0.018365765412626186,16,10,0.018248746591744417,1800,232,7.628742948031226e-05,1.387899661662944e-07,0.9001057015363618,0.8798006910590616,0.8393372473681225,0.8332993800741609,0.8454787384632807,0.9509761082483137,COMPLETE
2637,0.8366871765844945,2026-06-01 18:53:48.553133,2026-06-01 18:54:24.064052,0 days 00:00:35.510919,balanced,0.6774065318676329,0.020832835204223004,16,10,0.08247674063032952,1700,216,5.43056196412046e-05,8.558015872062445e-07,0.8820392493436093,0.8777505903166571,0.8366871765844945,0.8302141261462674,0.8432704829851084,0.9496505707890733,COMPLETE
2638,0.8366867189648864,2026-06-01 18:54:24.077531,2026-06-01 18:55:05.700227,0 days 00:00:41.622696,balanced,0.6501594017456914,0.019537904456494573,16,20,0.05126340655396216,1800,224,1.2656956405502782e-05,3.73400826191689e-07,0.8727190069879651,0.8774667267346533,0.8366867189648864,0.8283249138231451,0.8452239397542609,0.9496288027823999,COMPLETE
2639,0.8395886363867056,2026-06-01 18:55:05.722560,2026-06-01 18:55:41.769138,0 days 00:00:36.046578,balanced,0.6503144863729308,0.01705583422145516,16,10,0.018057697452352164,1600,232,3.514342786517245e-06,2.512170262168276e-07,0.8915367528141966,0.8796324759592181,0.8395886363867056,0.8311447946131688,0.8482249023271615,0.95093640730712,COMPLETE
2640,0.8396609815344248,2026-06-01 18:55:41.782095,2026-06-01 18:56:23.694836,0 days 00:00:41.912741,balanced,0.6673273086870447,0.022673702961807752,16,10,0.0005438858453379013,1900,224,2.2218073786783734e-05,1.259384828684813e-07,0.8483435009482232,0.8808099773473711,0.8396609815344248,0.8389544734397685,0.8403827642828832,0.9513416890412799,COMPLETE
2641,0.8401089587411112,2026-06-01 18:56:23.708069,2026-06-01 18:56:57.919173,0 days 00:00:34.211104,balanced,0.6621723165400709,0.025215488187063102,16,10,0.00046271029935034743,1700,208,5.616728874391407e-06,1.3456942084466748e-06,0.8628316372633466,0.8808730575538676,0.8401089587411112,0.8375241135563702,0.8427325745993999,0.9513620526779158,COMPLETE
2642,0.8368111450357523,2026-06-01 18:56:57.931273,2026-06-01 18:57:38.654288,0 days 00:00:40.723015,balanced,0.6877399729750486,0.021197091297027404,16,20,0.03284730963270656,1800,216,3.616667832813529e-05,5.146926430544319e-07,0.8550388877136352,0.8778977699489685,0.8368111450357523,0.830711650616835,0.8430156842760885,0.949838770563845,COMPLETE
2643,0.8375428058582366,2026-06-01 18:57:38.667392,2026-06-01 18:58:07.580844,0 days 00:00:28.913452,balanced,0.6718295141508643,0.019126537297629975,16,10,0.03273825492415182,1300,240,8.570954211774795e-06,2.0146243079448364e-06,0.9349326290945394,0.8779923968906371,0.8375428058582366,0.8284121491650218,0.8468942868467244,0.9503737983850183,COMPLETE
2644,0.8339905249722727,2026-06-01 18:58:07.594320,2026-06-01 18:58:42.682734,0 days 00:00:35.088414,balanced,0.6635604306367903,0.05033699216923562,16,10,0.01740200623539942,1700,224,1.6528726823933608e-05,8.271975064711232e-07,0.9147059434820365,0.8775403049449425,0.8339905249722727,0.8397466660582374,0.8283222920559424,0.9492243505262068,COMPLETE
2645,0.835434025024751,2026-06-01 18:58:42.695170,2026-06-01 18:59:13.345490,0 days 00:00:30.650320,balanced,0.6801387975507147,0.017829693771361683,10,10,0.0456785693851946,1600,240,1.5607129169870005e-06,1.889431482647228e-07,0.8382190713433545,0.8755638036349832,0.835434025024751,0.82086082852206,0.8505464016760094,0.9492605430526074,COMPLETE
2646,0.837373107371376,2026-06-01 18:59:13.358646,2026-06-01 18:59:47.896913,0 days 00:00:34.538267,balanced,0.6502554340933181,0.021856046367087666,16,20,0.018559124641795616,1500,232,2.3764686004560426e-06,6.818407212318967e-08,0.8710443242191356,0.8780659807380614,0.837373107371376,0.8295686699977317,0.8453371836249364,0.950176240949519,COMPLETE
2647,0.8406535714852823,2026-06-01 18:59:47.909280,2026-06-01 19:00:22.663886,0 days 00:00:34.754606,balanced,0.6705766368599553,0.02013345267610927,16,10,3.024078800631239e-06,1700,216,2.888130697255605e-05,3.7097111059123773e-07,0.9223304608367068,0.8808940837367061,0.8406535714852823,0.8353529340522358,0.8460449578166581,0.9517231152664115,COMPLETE
2648,0.8340231045391643,2026-06-01 19:00:22.676908,2026-06-01 19:01:01.313445,0 days 00:00:38.636537,,0.6618290869841765,0.023542969414556948,16,10,0.050028644163897726,1800,224,1.2447280027877008e-05,1.0330694707085372e-07,0.8819022258768219,0.880652257930147,0.8340231045391643,0.8624100380463492,0.8074571088839817,0.9499261719752717,COMPLETE
2649,0.836806603243409,2026-06-01 19:01:01.326581,2026-06-01 19:01:38.933526,0 days 00:00:37.606945,balanced,0.6566917905493853,0.018833589612070652,16,20,0.03204976696698377,1600,232,6.825198231856721e-06,6.427516461201288e-07,0.8642879803338069,0.8774667290558268,0.836806603243409,0.8278616269967521,0.8459600249136515,0.9500000754541302,COMPLETE
2650,0.8388420671187654,2026-06-01 19:01:38.946772,2026-06-01 19:02:18.898550,0 days 00:00:39.951778,balanced,0.6758297745231916,0.01648712883597234,16,10,0.020343973751393102,1800,224,5.5752814574394845e-05,2.7111833510715497e-07,0.8761307475675941,0.8793065676382499,0.8388420671187654,0.8319648856193381,0.8458467810429761,0.9508011069418808,COMPLETE
2651,0.8385651898723574,2026-06-01 19:02:18.911970,2026-06-01 19:03:00.632788,0 days 00:00:41.720818,balanced,0.650063699419782,0.020271882797115236,16,10,0.017683999749841778,1900,216,1.8835682709262195e-05,1.2651761447337919e-06,0.8424322052119184,0.8794852873738095,0.8385651898723574,0.8343176770362394,0.8428741294377442,0.9507983055145663,COMPLETE
2652,0.8369822976145488,2026-06-01 19:03:00.646364,2026-06-01 19:03:34.124882,0 days 00:00:33.478518,balanced,0.9675804770691981,0.021794522967315037,16,10,0.06723537358791622,1700,208,4.344732379482976e-06,1.8050891103887533e-07,0.8893039756945466,0.8783288244375543,0.8369822976145488,0.8329251144794436,0.8410905384746051,0.9498159556595841,COMPLETE
2653,0.8357400389764424,2026-06-01 19:03:34.138288,2026-06-01 19:03:59.909692,0 days 00:00:25.771404,balanced,0.7198343702408945,0.022903843459648923,12,20,0.03448509758570407,1200,240,9.259138341174686e-06,2.8826242623478276e-06,0.8681853274698899,0.8761630626123343,0.8357400389764424,0.8235185651565868,0.848338146197837,0.949599020873728,COMPLETE
2654,0.8294764863151198,2026-06-01 19:03:59.923109,2026-06-01 19:04:39.135611,0 days 00:00:39.212502,balanced,0.7782305201566985,0.08659745331613454,16,10,0.017648677529486012,1700,232,4.322190239718523e-05,4.884632642850358e-07,0.8586005649349187,0.8747016993001586,0.8294764863151198,0.8385261085840771,0.8206217088500085,0.9463147431855473,COMPLETE
2655,0.8405059024183282,2026-06-01 19:04:39.148249,2026-06-01 19:05:13.262209,0 days 00:00:34.113960,balanced,0.667319925011468,0.02076079709443271,16,10,0.00046521656023578947,1600,224,0.00010224321291757218,9.270706275070952e-07,0.8825730327987882,0.880778430612199,0.8405059024183282,0.8351714743740227,0.8459317139459827,0.9515874915720185,COMPLETE
2656,0.8378800186262314,2026-06-01 19:05:13.275250,2026-06-01 19:05:52.243251,0 days 00:00:38.968001,balanced,0.6597378113492841,0.018523125337813112,16,10,0.048070667160290854,1800,216,2.521431169041527e-05,1.2308958762031707e-07,0.8508932714230428,0.8786126727661331,0.8378800186262314,0.8311930653468375,0.8446860313685521,0.9502772478120626,COMPLETE
2657,0.8381665965133976,2026-06-01 19:05:52.256631,2026-06-01 19:06:37.017393,0 days 00:00:44.760762,balanced,0.9461609296481573,0.01747930707414389,16,20,0.018787495008120856,1900,232,1.4285013675000378e-05,3.5921168875294964e-07,0.8730961577140524,0.8791173203868365,0.8381665965133976,0.833440988820378,0.8429590623407508,0.9502556486559467,COMPLETE
2658,0.834944801544213,2026-06-01 19:06:37.030535,2026-06-01 19:07:00.772424,0 days 00:00:23.741889,balanced,0.6814306118847144,0.019475783391713127,-1,10,0.034417987940769765,1700,104,5.744635701519416e-06,1.9233113234610087e-06,0.8631420274654958,0.8747542728813616,0.834944801544213,0.8176101855411572,0.8530377668308703,0.9495562426201438,COMPLETE
2659,0.804110164798792,2026-06-01 19:07:00.785369,2026-06-01 19:07:11.722246,0 days 00:00:10.936877,balanced,0.670548241292298,0.015871960494561244,4,90,0.4305733624818308,1700,224,3.1711511971738464e-06,4.737908212717712e-06,0.8956553021174442,0.84778748924646,0.804110164798792,0.7701221646460946,0.8412604042806183,0.9324227008889827,COMPLETE
2660,0.8390561035583772,2026-06-01 19:07:11.735180,2026-06-01 19:07:50.644217,0 days 00:00:38.909037,balanced,0.6603627739790632,0.02121510787333813,16,20,0.0006183304953495535,1800,208,1.0660500087261994e-05,2.2057897944800434e-07,0.8756153648183708,0.8796009398351242,0.8390561035583772,0.8331066412397611,0.8451106958835853,0.9509536968586607,COMPLETE
2661,0.8376614699825667,2026-06-01 19:07:50.656363,2026-06-01 19:08:27.526049,0 days 00:00:36.869686,balanced,0.6500483017951799,0.024161466589799518,16,10,0.018435819655784724,1600,240,3.629901069702408e-05,6.477653802777703e-07,0.8335841177621929,0.8790962971883637,0.8376614699825667,0.8353889241218081,0.8399580997678502,0.9504445724268118,COMPLETE
2662,0.8298049506567868,2026-06-01 19:08:27.539252,2026-06-01 19:08:47.931317,0 days 00:00:20.392065,balanced,0.6664679632585863,0.020033176452776764,8,10,0.06385314840735679,1500,224,2.1435075505458623e-05,7.870709142918795e-08,0.8551098910634597,0.8700022454699227,0.8298049506567868,0.8075462572728781,0.8533491874752279,0.9468375174909651,COMPLETE
2663,0.8228031836789561,2026-06-01 19:08:47.944829,2026-06-01 19:09:03.704940,0 days 00:00:15.760111,balanced,0.68656684525159,0.02234104114285328,6,10,0.04528483063661873,1700,232,7.323220046039559e-05,1.4615166359205808e-07,0.8678316659588088,0.8635890912533118,0.8228031836789561,0.7948282677217406,0.852839590057188,0.9438143038339692,COMPLETE
2664,0.8266121960277416,2026-06-01 19:09:03.717410,2026-06-01 19:09:46.758770,0 days 00:00:43.041360,balanced,0.6760663337119005,0.10286614370777063,16,20,0.01795553943131482,1900,224,8.082676392761989e-06,1.2081677225786664e-06,0.904101118965475,0.8723992641363244,0.8266121960277416,0.8343029507364252,0.8190646056282204,0.9451056509044737,COMPLETE
2665,0.8379677905723332,2026-06-01 19:09:46.770991,2026-06-01 19:10:25.178274,0 days 00:00:38.407283,balanced,0.696837856557403,0.018137198971507628,16,10,0.033792324565508146,1800,216,1.4073511537039714e-05,2.967347712505804e-07,0.887147760613161,0.8786757549622068,0.8379677905723332,0.8312573573968166,0.8447992752392276,0.9505475220541496,COMPLETE
2666,0.838288931709973,2026-06-01 19:10:25.190847,2026-06-01 19:11:03.764140,0 days 00:00:38.573293,balanced,0.6575582218741787,0.019362642307774146,16,10,0.01742133458241168,1700,232,3.005661091557191e-05,5.032360437915104e-07,0.8604184922857961,0.8790857835995501,0.838288931709973,0.8327502752529313,0.8439216352414926,0.9508775943427734,COMPLETE
2667,0.8314980764058585,2026-06-01 19:11:03.776605,2026-06-01 19:11:42.365595,0 days 00:00:38.588990,,0.6668815799128689,0.020871720136181236,16,20,0.11455631179295382,1800,216,4.518444462164451e-06,1.8886898817490376e-07,0.879881734076154,0.8788229422212307,0.8314980764058585,0.8596843459507917,0.805107298567465,0.9484029832033386,COMPLETE
2668,0.839106796325308,2026-06-01 19:11:42.379124,2026-06-01 19:12:19.624876,0 days 00:00:37.245752,balanced,0.6739700763601798,0.01710563684360458,16,10,0.016874258084291768,1600,240,1.723090679648334e-05,8.780316866930165e-07,0.845854229908571,0.8794537515813118,0.839106796325308,0.8318935926571983,0.8464696223316913,0.9508167020699497,COMPLETE
2669,0.835765832520139,2026-06-01 19:12:19.638122,2026-06-01 19:12:57.510874,0 days 00:00:37.872752,balanced,0.6617665266434349,0.022080275026713714,16,10,0.08933723919825509,1700,240,6.887745281970195e-06,1.0154758300650598e-07,0.8701741549585134,0.8773510779208968,0.835765832520139,0.8312323499196369,0.8403544533152143,0.949436605074292,COMPLETE
2670,0.836033221975994,2026-06-01 19:12:57.523914,2026-06-01 19:13:39.216321,0 days 00:00:41.692407,balanced,0.9316871276790768,0.023199798204459863,16,10,0.036536351366055306,1800,232,1.0874820351202701e-06,0.6018459596269811,0.8785609258075225,0.877687496846313,0.836033221975994,0.8324317412791343,0.8396749900911612,0.9497773300426302,COMPLETE
2671,0.82594512397646,2026-06-01 19:13:39.229458,2026-06-01 19:13:57.403567,0 days 00:00:18.174109,balanced,0.6561841021738242,0.018931478705696995,16,20,0.017659810179619578,1900,40,4.311456587742014e-05,1.7704540115162233e-06,0.8661847420663591,0.8663120510687049,0.82594512397646,0.7995620988017191,0.8541418945699565,0.9458081681777509,COMPLETE
2672,0.8370557304107616,2026-06-01 19:13:57.416148,2026-06-01 19:14:34.565066,0 days 00:00:37.148918,balanced,0.6836665997145857,0.020491961245601285,16,10,0.060862862803172414,1700,224,9.046536848347736e-06,3.0720985194624443e-07,0.852528062040084,0.8781606083429224,0.8370557304107616,0.8314931727426643,0.8427042636317309,0.9499804253162907,COMPLETE
2673,0.8373563131300793,2026-06-01 19:14:34.578520,2026-06-01 19:15:14.615347,0 days 00:00:40.036827,balanced,0.6705180281075037,0.016064974917428986,10,10,0.00028191615657306067,1600,216,2.777530202249824e-06,5.7642421231082294e-08,0.8898991688758933,0.876709765251484,0.8373563131300793,0.8207928003360762,0.8546231810203273,0.949982255411022,COMPLETE
2674,0.8405520750418881,2026-06-01 19:15:14.637565,2026-06-01 19:15:47.415072,0 days 00:00:32.777507,balanced,0.6500010480415339,0.017912657952267933,16,10,6.682328814073358e-05,1600,208,6.069414380877312e-05,4.5703289150775307e-07,0.8740963203951493,0.8803053403377459,0.8405520750418881,0.8317533932609199,0.8495555178075986,0.9515307327267687,COMPLETE
2675,0.8349439788439493,2026-06-01 19:15:47.428300,2026-06-01 19:16:22.458083,0 days 00:00:35.029783,balanced,0.6649351508390204,0.02557828163982157,16,30,0.03727108075271863,1500,232,2.145497587083082e-05,3.256777490723969e-06,0.8831991014151602,0.8763417866586445,0.8349439788439493,0.8277963809874582,0.84222297718136,0.9491554130749265,COMPLETE
2676,0.8373497209915293,2026-06-01 19:16:22.471539,2026-06-01 19:17:01.448973,0 days 00:00:38.977434,balanced,0.6757997029810705,0.021548935960480443,16,20,0.019365730242262624,1700,224,1.2294330316032696e-05,1.6008543152542073e-07,0.8603278518773368,0.878370869176519,0.8373497209915293,0.8317288728965003,0.8430723062114263,0.9502239770632427,COMPLETE
2677,0.8379892259351222,2026-06-01 19:17:01.461276,2026-06-01 19:17:41.717722,0 days 00:00:40.256446,balanced,0.6615751847755326,0.019712135368440183,16,10,0.0446219576715557,1800,224,0.00010212872351435006,1.1415130705330215e-06,0.8399456390458324,0.8788755128180679,0.8379892259351222,0.8325086668917772,0.8435535926617973,0.9502771685696549,COMPLETE
2678,0.8392439219096488,2026-06-01 19:17:41.731105,2026-06-01 19:18:03.480380,0 days 00:00:21.749275,balanced,0.6562511027222705,0.024241677072209863,16,10,0.0006423278059106937,1000,216,5.4705978310772605e-06,7.31333305021458e-07,0.8709228872669087,0.8789911732376913,0.8392439219096488,0.8282574387128907,0.8505464016760094,0.9511437577239099,COMPLETE
2679,0.8372830101853416,2026-06-01 19:18:03.493612,2026-06-01 19:18:49.787079,0 days 00:00:46.293467,balanced,0.6707638776328033,0.02083141932054094,16,20,0.018720664223532163,1900,232,1.403346088760897e-07,2.709272097124362e-07,0.8656049483134666,0.8784234483948571,0.8372830101853416,0.8323575289883989,0.8422795991166979,0.9501179911200563,COMPLETE
2680,0.8385548676147123,2026-06-01 19:18:49.800355,2026-06-01 19:19:27.539294,0 days 00:00:37.738939,balanced,0.6806897561076896,0.017028936516700934,16,10,0.034902606911238476,1700,224,2.891821371237649e-05,1.1402146673670693e-07,0.8567568161661805,0.8789911652793826,0.8385548676147123,0.831011445758297,0.8462431345903402,0.9506323802385634,COMPLETE
2681,0.8401658593942166,2026-06-01 19:19:27.551808,2026-06-01 19:20:02.825113,0 days 00:00:35.273305,balanced,0.6628833621903504,0.022680078845509943,12,10,0.0007487940841282136,1600,232,1.7441314597637461e-06,1.6606077769135958e-06,0.8799348237687586,0.8804525196384612,0.8401658593942166,0.8343573750121239,0.846073268784327,0.9509264220462738,COMPLETE
2682,0.8365684030212844,2026-06-01 19:20:02.838630,2026-06-01 19:20:47.628890,0 days 00:00:44.790260,balanced,0.656572267627242,0.018940607196973085,16,20,0.05353972668914499,1800,240,1.6735706214170515e-05,4.1472933946665654e-07,0.8465431922747066,0.8776033861462275,0.8365684030212844,0.8297101912406127,0.8435535926617973,0.9495222348173901,COMPLETE
2683,0.8390251878282179,2026-06-01 19:20:47.642533,2026-06-01 19:21:22.613139,0 days 00:00:34.970606,balanced,0.668484028494637,0.020164418404992543,-1,10,0.02991647883304525,1700,208,3.836847633349517e-06,2.201560389408456e-07,0.8979270276600868,0.8796114534239378,0.8390251878282179,0.8332837396718767,0.8448558971745653,0.9507906728285788,COMPLETE
2684,0.836221362811257,2026-06-01 19:21:22.626548,2026-06-01 19:21:59.961724,0 days 00:00:37.335176,balanced,0.6500293521180293,0.021609375783560317,16,10,0.07359065206307655,1800,216,1.0804909094280934e-05,2.7344325227786126e-06,0.927320455898386,0.877487751591107,0.836221362811257,0.8303410974821753,0.8421946662136913,0.9495796531058427,COMPLETE
2685,0.8398845172448263,2026-06-01 19:21:59.974867,2026-06-01 19:22:36.279184,0 days 00:00:36.304317,balanced,0.6763096212128372,0.018484480113010807,16,10,0.0006698378212112138,1700,224,3.9261327820356787e-05,6.2026979036398e-07,0.9125721434394466,0.8802107173752315,0.8398845172448263,0.8338548222391218,0.8460166468489893,0.9515824627470142,COMPLETE
2686,0.8164568526967004,2026-06-01 19:22:36.292441,2026-06-01 19:22:53.684435,0 days 00:00:17.391994,,0.6868905824875081,0.016016282250973016,6,20,8.689881049164051e-05,1900,232,7.038777464071529e-06,1.180614427740882e-06,0.8739694542431158,0.8691190993672385,0.8164568526967004,0.8518661174199377,0.7839023837834778,0.9428876715370379,COMPLETE
2687,0.8059859565202139,2026-06-01 19:22:53.697818,2026-06-01 19:23:04.168859,0 days 00:00:10.471041,balanced,0.6664145575286848,0.01779729031362806,4,10,0.017588656382373606,1600,240,2.3702222389411232e-05,6.998947699688563e-08,0.86230659814752,0.849343454962186,0.8059859565202139,0.7723845493308376,0.8426759526640621,0.9340599630421261,COMPLETE
2688,0.8384445681239491,2026-06-01 19:23:04.182186,2026-06-01 19:23:42.118441,0 days 00:00:37.936255,balanced,0.6597927797842772,0.01983959480658164,16,10,0.03225000120533949,1800,216,1.3188350726524452e-05,1.5091814961260637e-07,0.883888284398536,0.8792434841157913,0.8384445681239491,0.8331919000706881,0.8437800804031482,0.9505015426522796,COMPLETE
2689,0.838301974358084,2026-06-01 19:23:42.131080,2026-06-01 19:24:17.205070,0 days 00:00:35.073990,balanced,0.674496941703003,0.02263034770650531,16,10,0.01727717597891365,1700,200,5.389255468318048e-05,4.953554195770717e-06,0.8299385683150351,0.8790857792887996,0.838301974358084,0.8326902909307842,0.8440065681444993,0.9506624364158135,COMPLETE
2690,0.8367517496189776,2026-06-01 19:24:17.218113,2026-06-01 19:25:01.730072,0 days 00:00:44.511959,balanced,0.6936119042122395,0.021325892121447233,16,20,0.05014460991985651,1900,224,5.2237199567945834e-06,3.580202411870083e-07,0.8683743401448257,0.8780659837224271,0.8367517496189776,0.8320824595064248,0.8414868920219694,0.9495720362553807,COMPLETE
