number,value,datetime_start,datetime_complete,duration,params_class_weight,params_colsample_bytree,params_learning_rate,params_max_depth,params_min_child_samples,params_min_split_gain,params_n_estimators,params_num_leaves,params_reg_alpha,params_reg_lambda,params_subsample,user_attrs_accuracy,user_attrs_f1,user_attrs_precision,user_attrs_recall,user_attrs_roc_auc,state
184,0.843527927152954,2026-06-03 08:47:13.403513,2026-06-03 08:47:55.004604,0 days 00:00:41.601091,balanced,0.868624540250567,0.014844859078770565,-1,10,3.897159502258183e-05,1800,192,4.980090705229382e-06,3.162885294357798e-05,0.9994487044910126,0.8825551763874703,0.843527927152954,0.8347892731170115,0.8524715474774928,0.9529314674444186,COMPLETE
185,0.8305718143873791,2026-06-03 08:47:55.013900,2026-06-03 08:48:17.224490,0 days 00:00:22.210590,balanced,0.8741830907172626,0.016773773323243153,8,10,0.021104126362424314,1700,208,5.946325509935696e-06,1.5441612015296342e-05,0.978148467562527,0.8701494320657542,0.8305718143873791,0.8056999464405751,0.8570579242398506,0.9478078543264773,COMPLETE
186,0.8441070342585134,2026-06-03 08:48:17.233749,2026-06-03 08:49:00.090632,0 days 00:00:42.856883,balanced,0.8899332129396886,0.015288362061727019,-1,10,0.018138702582226492,1800,200,1.6214366882856585e-05,4.533933558178574e-06,0.9859873088594984,0.8833857396242583,0.8441070342585134,0.8381425972710437,0.8501783590963138,0.9534801651877872,COMPLETE
187,0.8444873732977514,2026-06-03 08:49:00.108850,2026-06-03 08:49:42.676404,0 days 00:00:42.567554,balanced,0.8886187811630469,0.015069330448606795,-1,10,0.016717573090391655,1800,200,1.3942551065323801e-05,4.0788052118320855e-06,0.985852384665154,0.8835854971485232,0.8444873732977514,0.8379270670129544,0.8511692429647245,0.9534905731263313,COMPLETE
188,0.8409277918738752,2026-06-03 08:49:42.684475,2026-06-03 08:50:21.573466,0 days 00:00:38.888991,balanced,0.8902383063104293,0.016442299226467446,12,10,0.019792927914461165,1800,184,1.8047362367534357e-05,4.282807805543153e-06,0.9923518275790656,0.880315839336327,0.8409277918738752,0.8302704893145642,0.8518770171564465,0.9520850910971008,COMPLETE
189,0.8431251909207523,2026-06-03 08:50:21.582456,2026-06-03 08:51:03.300065,0 days 00:00:41.717609,balanced,0.8854969176098446,0.017507452057626747,14,10,0.03716815035109221,1800,200,1.1731025773573071e-05,1.1380764796210055e-05,0.9747951773247994,0.8827549349065239,0.8431251909207523,0.8379028945242414,0.8484230791008436,0.9530993289618549,COMPLETE
190,0.8444023386522765,2026-06-03 08:51:03.318312,2026-06-03 08:51:43.727506,0 days 00:00:40.409194,balanced,0.8705274018484869,0.015089419606781482,-1,10,0.0013174759624230417,1800,184,1.0490398734176607e-06,2.8592453966943807e-06,0.9866591318832495,0.8833857449297972,0.8444023386522765,0.8368837137006621,0.8520751939301285,0.9534871961540189,COMPLETE
191,0.8439655669046896,2026-06-03 08:51:43.735721,2026-06-03 08:52:27.240047,0 days 00:00:43.504326,balanced,0.8724627750602053,0.01495261254018047,-1,10,0.0018499674082430306,1800,200,1.1723266950842151e-06,2.660613177732319e-06,0.9874437555112886,0.883133421782638,0.8439655669046896,0.8369831144790324,0.8510843100617179,0.9536500428372886,COMPLETE
192,0.8437015000713388,2026-06-03 08:52:27.248598,2026-06-03 08:53:11.839534,0 days 00:00:44.590936,balanced,0.8927611828965936,0.015969608300792873,-1,10,0.00027808196101294577,1800,208,2.581656365514061e-06,3.137396672739947e-06,0.9886777351563821,0.8833121458289481,0.8437015000713388,0.8393835865239692,0.8480833474888172,0.9538171016200657,COMPLETE
193,0.8436194304432528,2026-06-03 08:53:11.848608,2026-06-03 08:53:52.573550,0 days 00:00:40.724942,balanced,0.8707466524066129,0.014784983235092353,-1,10,1.592660337388594e-05,1800,184,1.104507979149916e-06,4.752824241099773e-06,0.994379812310724,0.8826708298435735,0.8436194304432528,0.8352208857888455,0.8522167487684729,0.953305242135106,COMPLETE
194,0.8430373093784342,2026-06-03 08:53:52.583219,2026-06-03 08:54:29.688804,0 days 00:00:37.105585,balanced,0.8680674326247798,0.014473629526619633,-1,10,0.033540928367394425,1700,176,3.7640883602617275e-06,2.5599263933765726e-05,0.9742960783654481,0.8820400347421287,0.8430373093784342,0.8332834171377889,0.8530377668308704,0.9531925611549475,COMPLETE
195,0.8338933664852594,2026-06-03 08:54:29.697635,2026-06-03 08:54:49.326236,0 days 00:00:19.628601,balanced,0.8962393277036657,0.015677204826968615,-1,10,0.8914506025698886,1800,200,5.293932349098524e-06,1.689650635861012e-05,0.9831147743940961,0.8731982965545574,0.8338933664852594,0.8119300454171313,0.8570862352075194,0.9491351370344941,COMPLETE
196,0.819514470927417,2026-06-03 08:54:49.334966,2026-06-03 08:55:05.250866,0 days 00:00:15.915900,balanced,0.8860067314432142,0.016443808601110797,6,10,0.019203800562120267,1700,200,1.811919390075894e-06,2.8517586395562304e-06,0.9874893671981742,0.8605402247749314,0.819514470927417,0.7889038491209788,0.8526131023158373,0.9421148302660051,COMPLETE
197,0.8365967990388135,2026-06-03 08:55:05.260228,2026-06-03 08:55:29.710451,0 days 00:00:24.450223,balanced,0.8831850439443546,0.015091050020602344,-1,10,0.6178963480464338,1800,208,1.1860630015178995e-05,4.1510068825007414e-05,0.9717175706575388,0.8758056115353482,0.8365967990388135,0.8179490000734194,0.8561236623067776,0.9506631212986068,COMPLETE
198,0.8371335141582747,2026-06-03 08:55:29.719538,2026-06-03 08:56:02.662219,0 days 00:00:32.942681,balanced,0.8731655364668014,0.014309548624951875,10,10,0.033954816477622635,1800,200,2.6598412927415183e-06,1.1449305911847103e-05,0.9778780309051487,0.8763943642190016,0.8371335141582747,0.8196249053166024,0.8554158881150556,0.9507134553516412,COMPLETE
199,0.8441936937698765,2026-06-03 08:56:02.670942,2026-06-03 08:56:43.748779,0 days 00:00:41.077837,balanced,0.8581801241131934,0.01764683933732627,-1,10,0.01604004196516875,1800,192,9.24336812914664e-06,4.380176480550366e-06,0.9930290712428563,0.8836801191162488,0.8441936937698765,0.8398766593515687,0.848564633939188,0.9535044768899678,COMPLETE
200,0.8424076530552588,2026-06-03 08:56:43.758053,2026-06-03 08:57:23.326225,0 days 00:00:39.568172,balanced,0.8633300451913002,0.015043534979437074,-1,20,0.044487006078048626,1700,192,1.7762857147610614e-05,2.4584682976107615e-06,0.9984892026086667,0.8815984805917695,0.8424076530552588,0.832894657775578,0.8521601268331352,0.9525977111176563,COMPLETE
201,0.8401700417337864,2026-06-03 08:57:23.335612,2026-06-03 08:58:12.720226,0 days 00:00:49.384614,balanced,0.8926136046964684,0.017645028605579795,-1,90,0.0014048382194160674,1800,192,8.127299257998141e-06,4.815479850812481e-06,0.989301147952465,0.8799268504772658,0.8401700417337864,0.8307313071758777,0.8498386274842874,0.9519454281157218,COMPLETE
202,0.843919084013769,2026-06-03 08:58:12.728336,2026-06-03 08:58:55.358607,0 days 00:00:42.630271,balanced,0.8570021186976627,0.016209262983475463,-1,10,0.01922485813852442,1800,200,4.111327185502063e-06,2.227903958930528e-05,0.9800027104181671,0.883364713773016,0.843919084013769,0.8388126560816668,0.8491025423248967,0.9537217455337027,COMPLETE
203,0.8448828513519807,2026-06-03 08:58:55.368179,2026-06-03 08:59:39.495338,0 days 00:00:44.127159,balanced,0.8568263672701668,0.016078729532737795,-1,10,0.0005376797001195553,1800,208,3.6386913500145386e-06,2.5573602292471963e-05,0.9692473495534328,0.8842057842982897,0.8448828513519807,0.8406333131291378,0.8491874752279033,0.9541227797182058,COMPLETE
204,0.8440216847786449,2026-06-03 08:59:39.517768,2026-06-03 09:00:23.362511,0 days 00:00:43.844743,balanced,0.85476543044552,0.01636611595493882,-1,10,0.02066319655833999,1800,208,3.999731228426679e-06,6.7300165444904454e-06,0.9695026531309174,0.8837221754610801,0.8440216847786449,0.8409319196507538,0.8471490855557443,0.9539508170941811,COMPLETE
205,0.8437236836274528,2026-06-03 09:00:23.371961,2026-06-03 09:01:04.038399,0 days 00:00:40.666438,balanced,0.8507299913974238,0.016441028195090215,-1,10,0.04287932053000514,1700,208,3.988293017802187e-06,1.0656696255824025e-05,0.9677672019956849,0.8833121464921406,0.8437236836274528,0.8392839384612397,0.8482249023271615,0.9537586211453145,COMPLETE
206,0.8442475972289717,2026-06-03 09:01:04.047746,2026-06-03 09:01:47.207900,0 days 00:00:43.160154,balanced,0.8581787387815422,0.018228902167450364,-1,10,0.026040753008225944,1800,208,2.0616601479027665e-06,4.0750652670535745e-06,0.9719196116940826,0.8841216779089547,0.8442475972289717,0.842808528534217,0.8457052262046316,0.9539126065625215,COMPLETE
207,0.8436464098933913,2026-06-03 09:01:47.216903,2026-06-03 09:02:30.360297,0 days 00:00:43.143394,balanced,0.8566794376597602,0.018488915749049335,-1,10,0.03687475255777728,1800,208,1.8855887766710978e-06,3.802319462875125e-06,0.9713516512502209,0.8837537099271932,0.8436464098933913,0.842792514894077,0.844516165562539,0.9537243376073543,COMPLETE
208,0.8434651061640038,2026-06-03 09:02:30.369600,2026-06-03 09:03:09.350999,0 days 00:00:38.981399,balanced,0.8587883170550829,0.017713334524144374,-1,20,0.06478340407930815,1700,192,2.6825325582577457e-06,5.258526114100125e-06,0.9739639636253034,0.882965214309507,0.8434651061640038,0.837939202757823,0.8490742313572278,0.9531818459164727,COMPLETE
209,0.8438274275303727,2026-06-03 09:03:09.369211,2026-06-03 09:03:53.105568,0 days 00:00:43.736357,balanced,0.8590236584154248,0.016318569513002222,-1,10,0.024065478774500812,1800,208,2.897027357275024e-06,2.112766540755583e-06,0.9678857057284751,0.8834698460135932,0.8438274275303727,0.839957174930992,0.8477436158767907,0.9538974317852142,COMPLETE
210,0.8374862565530293,2026-06-03 09:03:53.114841,2026-06-03 09:04:34.152033,0 days 00:00:41.037192,,0.8648490361981915,0.01603014549156785,-1,20,0.051863532414379285,1800,184,1.6542162017282361e-06,7.548677459548803e-06,0.9932813313034132,0.8829651964033127,0.8374862565530293,0.8646060340806699,0.8120434856463395,0.9526314778399673,COMPLETE
211,0.8437755930836478,2026-06-03 09:04:34.160559,2026-06-03 09:05:19.595553,0 days 00:00:45.434994,balanced,0.873526443754127,0.014559865886952935,-1,10,0.017116575637115758,1800,216,4.547588794418818e-06,1.9446025211254593e-05,0.9784894907262909,0.8832175294983577,0.8437755930836478,0.8383938564306725,0.8492440971632411,0.9538038254655988,COMPLETE
212,0.8432394945198564,2026-06-03 09:05:19.613607,2026-06-03 09:06:03.328345,0 days 00:00:43.714738,balanced,0.84293995097612,0.015800318552867145,-1,10,0.024160369746585846,1800,208,5.15301676586316e-06,1.4338192640278762e-05,0.9679387766458342,0.8830808538385703,0.8432394945198564,0.8397082228301104,0.8468093539437178,0.9538422690852174,COMPLETE
213,0.8439218988898048,2026-06-03 09:06:03.337802,2026-06-03 09:06:44.859274,0 days 00:00:41.521472,balanced,0.8554534820618769,0.016957024955210887,-1,10,0.019376688497736813,1800,200,3.893901147736453e-06,3.0959362520003816e-05,0.9746292644546459,0.8835118970528854,0.8439218988898048,0.8398434433922755,0.8480550365211483,0.9538107090614654,COMPLETE
214,0.8431999083490744,2026-06-03 09:06:44.868479,2026-06-03 09:07:24.688520,0 days 00:00:39.820041,balanced,0.8509695661492607,0.018081300578656898,-1,10,0.03710076822349811,1700,200,2.034047585086038e-06,0.00012617754782536574,0.9762206525963788,0.8830388064468361,0.8431999083490744,0.8396163592695961,0.8468376649113867,0.9536373358209055,COMPLETE
215,0.8437795574973493,2026-06-03 09:07:24.697777,2026-06-03 09:08:07.304391,0 days 00:00:42.606614,balanced,0.8619805425431051,0.01705347382031958,-1,10,0.020148681702309715,1800,200,3.477116871094198e-06,3.6948292066887046e-05,0.9644394980261626,0.883490870870047,0.8437795574973493,0.8403103164176308,0.8472906403940886,0.9538630878703355,COMPLETE
216,0.809564902075437,2026-06-03 09:08:07.314050,2026-06-03 09:08:19.729974,0 days 00:00:12.415924,balanced,0.8357885202533986,0.016777759622279433,4,60,0.046199644765650194,1900,208,9.631056270136498e-07,3.7546176694069765e-06,0.9899785606092698,0.852182081829126,0.809564902075437,0.7760659153434363,0.8461015797519958,0.935630410441152,COMPLETE
217,0.8422287596531111,2026-06-03 09:08:19.746969,2026-06-03 09:09:00.501609,0 days 00:00:40.754640,balanced,0.8560873631635685,0.015400661073128336,-1,20,0.07473744396424459,1800,184,1.3655182656821929e-06,9.46912244361568e-06,0.9738182405330383,0.8816089911962174,0.8422287596531111,0.833700518264199,0.8509427552233735,0.95299422492839,COMPLETE
218,0.8396596642289097,2026-06-03 09:09:00.511188,2026-06-03 09:09:45.914672,0 days 00:00:45.403484,balanced,0.8684500962883801,0.019157001896260368,-1,70,0.024009855597480187,1700,200,1.3085115566358022e-05,2.5822634830387166e-05,0.9990833059543901,0.8797271009113095,0.8396596642289097,0.8314634048871924,0.8480267255534795,0.9517424804891476,COMPLETE
219,0.8443880837296907,2026-06-03 09:09:45.923850,2026-06-03 09:10:27.535804,0 days 00:00:41.611954,balanced,0.8776350263691278,0.016046534647207095,-1,10,0.00030113788733955474,1800,192,3.2040062155061292e-06,5.3492404940627907e-05,0.9678197893353714,0.8837326767808347,0.8443880837296907,0.8394132796482013,0.8494422739369232,0.9540125379806016,COMPLETE
220,0.8436146171637815,2026-06-03 09:10:27.545324,2026-06-03 09:11:10.529332,0 days 00:00:42.984008,balanced,0.873404273255473,0.016698141152776076,-1,10,0.050536796582337395,1900,192,2.356340820751269e-06,3.752557340125529e-05,0.9672829325408121,0.8833436902429469,0.8436146171637815,0.8399825302508065,0.8472906403940886,0.9536657554870535,COMPLETE
221,0.8150647924973934,2026-06-03 09:11:10.537626,2026-06-03 09:11:24.563322,0 days 00:00:14.025696,balanced,0.879160305884354,0.015753852885509016,-1,10,0.0010416793269657735,1800,16,3.4506959028924144e-06,5.747414615155814e-05,0.977865130747684,0.8570182265725741,0.8150647924973934,0.7842244736263878,0.8484513900685124,0.9399656299319883,COMPLETE
222,0.8447058637593626,2026-06-03 09:11:24.572034,2026-06-03 09:12:06.915681,0 days 00:00:42.343647,balanced,0.8474126788264059,0.014962071830406657,-1,10,0.0162351832040423,1800,192,6.802423602562566e-06,2.2316926351338757e-05,0.9713490342670713,0.8836906273995234,0.8447058637593626,0.8377268548632163,0.8518203952211086,0.9537463090094588,COMPLETE
223,0.8433787174181636,2026-06-03 09:12:06.924937,2026-06-03 09:12:48.998306,0 days 00:00:42.073369,balanced,0.8622335789032147,0.014324925876825587,-1,10,0.023872451968074797,1800,192,6.463813554037837e-06,2.298147264546009e-05,0.9622064591297427,0.8826708401230553,0.8433787174181636,0.8362352728698262,0.8506596455466848,0.9536301552753152,COMPLETE
224,0.8417100950416393,2026-06-03 09:12:49.007872,2026-06-03 09:13:15.915350,0 days 00:00:26.907478,balanced,0.8453322991756028,0.014767381308880811,-1,10,0.036195679059706665,1100,192,9.326414534494254e-06,1.2694756092060261e-08,0.9710967584866212,0.8803263598886604,0.8417100950416393,0.8271534236773096,0.8568031255308307,0.9525317226373001,COMPLETE
225,0.8433226691318815,2026-06-03 09:13:15.923671,2026-06-03 09:13:59.615149,0 days 00:00:43.691478,balanced,0.8531344684649376,0.013980061701167562,-1,20,0.019608633975022095,1800,200,1.9945931156582133e-06,6.149051938989468e-06,0.9587747534183849,0.8825236518692431,0.8433226691318815,0.8354380626845131,0.8513674197384066,0.9533237181616565,COMPLETE
226,0.8436973362197033,2026-06-03 09:13:59.624750,2026-06-03 09:14:45.033054,0 days 00:00:45.408304,balanced,0.8669030847519138,0.017863793236725465,-1,10,0.05535038053879438,1900,208,2.05753525160671e-05,2.713916932903813e-06,0.9745958778654408,0.8836801280693459,0.8436973362197033,0.8420471771930621,0.8453654945926052,0.9536832613868204,COMPLETE
227,0.8440192774783565,2026-06-03 09:14:45.042101,2026-06-03 09:15:31.938993,0 days 00:00:46.896892,balanced,0.8490062149081078,0.016046041156930205,-1,10,0.02140649602911994,1800,200,4.697362124186322e-06,3.05753229961431e-05,0.9889530249974215,0.8834488284522556,0.8440192774783565,0.8389818228580621,0.8491308532925655,0.9534481140864332,COMPLETE
228,0.831228673852074,2026-06-03 09:15:31.948520,2026-06-03 09:15:56.606542,0 days 00:00:24.658022,balanced,0.8412609958165818,0.01704898708420438,8,10,0.00023661666172776485,1800,200,6.097160144201816e-06,5.065806636180444e-05,0.9928210386780386,0.8708328030695753,0.831228673852074,0.8073842650825078,0.8565483268218107,0.948166493082779,COMPLETE
229,0.8426459211654039,2026-06-03 09:15:56.625913,2026-06-03 09:16:38.487426,0 days 00:00:41.861513,balanced,0.8493309438137262,0.01610269003779784,-1,20,0.019012463269980497,1800,192,7.18274992744115e-07,3.488258838339323e-05,0.9884483346763077,0.8820505473361537,0.8426459211654039,0.8350155310027323,0.8504331578053339,0.953120851003101,COMPLETE
230,0.8421806975976764,2026-06-03 09:16:38.497028,2026-06-03 09:17:14.369108,0 days 00:00:35.872080,balanced,0.8584680863083424,0.019803965728416483,12,10,0.041596983067208215,1700,184,4.19712997554376e-06,8.786043738043972e-05,0.9822177070315842,0.881672075381868,0.8421806975976764,0.8343430584194658,0.850178359096314,0.95252176154461,COMPLETE
231,0.8438866262610394,2026-06-03 09:17:14.378528,2026-06-03 09:17:58.715114,0 days 00:00:44.336586,balanced,0.8768018898856499,0.015005273334200011,-1,10,0.01896734709191692,1800,208,8.561526278452907e-06,2.4248224083141266e-05,0.9670159351400613,0.8833436869269851,0.8438866262610394,0.8387998288294792,0.849045920389559,0.9538041763816926,COMPLETE
232,0.8437140775659694,2026-06-03 09:17:58.723382,2026-06-03 09:18:37.796065,0 days 00:00:39.072683,balanced,0.8474116965324824,0.015892345310621874,-1,10,0.0354522233765101,1800,176,1.4028465015242845e-06,1.1169932435144583e-05,0.9774788728148589,0.8828390495857636,0.8437140775659694,0.8359936700725833,0.8515939074797577,0.9533756247207856,COMPLETE
233,0.835807039126525,2026-06-03 09:18:37.805578,2026-06-03 09:18:59.967286,0 days 00:00:22.161708,balanced,0.8343673404168442,0.014930675028716731,-1,10,0.702116776167356,1800,200,2.887981665154426e-06,1.9732896705312925e-05,0.9881823449929458,0.8748909574942462,0.835807039126525,0.8152369271680469,0.8574542777872148,0.9499356979626897,COMPLETE
234,0.8440508942138726,2026-06-03 09:18:59.976704,2026-06-03 09:19:44.629293,0 days 00:00:44.652589,balanced,0.8890006072528718,0.014102921911692766,-1,10,0.016845579637849085,1900,192,4.829637375760875e-06,4.456788173942628e-06,0.9723545913230782,0.8831965076262698,0.8440508942138726,0.8370675034717148,0.8511692429647244,0.9536464539445709,COMPLETE
235,0.8430963397441866,2026-06-03 09:19:44.638085,2026-06-03 09:20:28.579564,0 days 00:00:43.941479,balanced,0.8864778378117802,0.016647937301405912,-1,20,0.01460216305695096,1900,192,5.2100365135365825e-06,4.257137548418938e-06,0.9781335719519236,0.8826287811254546,0.8430963397441866,0.8371336010405979,0.8491591642602344,0.953265376288286,COMPLETE
236,0.8440767071576741,2026-06-03 09:20:28.589038,2026-06-03 09:21:13.498826,0 days 00:00:44.909788,balanced,0.8919818070818565,0.01394783106275098,-1,10,0.014379513630783257,1900,192,8.148372515259232e-06,6.084189874433777e-06,0.9705584221886048,0.8832070162411405,0.8440767071576741,0.8370371762970642,0.8512541758677311,0.9537004696014825,COMPLETE
237,0.8417754295237927,2026-06-03 09:21:13.507531,2026-06-03 09:21:56.605681,0 days 00:00:43.098150,balanced,0.8969633954867188,0.014308855142491955,14,10,0.0650367624878645,1900,184,1.3981347922219078e-05,6.127967390455767e-06,0.9672980469401239,0.8812410155877434,0.8417754295237927,0.8330581534619137,0.8506879565143537,0.9526765229727662,COMPLETE
238,0.8434176621929802,2026-06-03 09:21:56.614882,2026-06-03 09:22:41.917749,0 days 00:00:45.302867,balanced,0.8639673640482131,0.013570588762725946,-1,20,0.01862746168203212,1900,192,7.8387268130317e-06,2.6327748582411635e-06,0.973903564438386,0.8824185136599342,0.8434176621929802,0.8342999450660118,0.8527546571541814,0.9532653744720326,COMPLETE
239,0.8418130580626392,2026-06-03 09:22:41.927080,2026-06-03 09:23:18.072177,0 days 00:00:36.145097,balanced,0.7193155387604493,0.05026464842555026,-1,10,0.04818172227295053,1900,200,2.217191713421956e-06,3.894589571179689e-06,0.9620949033768308,0.8837011443042987,0.8418130580626392,0.8505027103956949,0.8333050223656645,0.9530011963103094,COMPLETE
240,0.8189682707394178,2026-06-03 09:23:18.081483,2026-06-03 09:23:34.141206,0 days 00:00:16.059723,balanced,0.8717887915423405,0.01569018734104831,6,10,0.03633442809710054,1700,176,3.80492011203523e-06,1.9964364891506492e-06,0.9704749892010731,0.8600881401243529,0.8189682707394178,0.7882059029450397,0.8522450597361418,0.9420804577244338,COMPLETE
241,0.8441253557540443,2026-06-03 09:23:34.150479,2026-06-03 09:24:18.277690,0 days 00:00:44.127211,balanced,0.8923937496767204,0.015161040937334284,-1,10,0.001757564554584822,1800,200,5.50754564366306e-06,1.1708679044466661e-05,0.9839149868751538,0.8833016408616355,0.8441253557540443,0.8374857142065283,0.8508861332880358,0.9536641550725437,COMPLETE
242,0.8426014634123195,2026-06-03 09:24:18.287898,2026-06-03 09:25:00.963839,0 days 00:00:42.675941,balanced,0.8910067155722717,0.013724194577201435,-1,10,0.01705413699847925,1800,192,9.559445222918516e-06,7.746195925976174e-06,0.9935280815735885,0.8818192493770444,0.8426014634123195,0.8335966988705269,0.8518203952211086,0.9530217631258028,COMPLETE
243,0.8441125113423419,2026-06-03 09:25:00.972386,2026-06-03 09:25:44.155459,0 days 00:00:43.183073,balanced,0.8801130068528503,0.015540613904424018,-1,10,0.01578314369191664,1800,200,4.626070133925497e-06,1.1980825482317928e-05,0.9870396723469557,0.8833752303461951,0.8441125113423419,0.8380714176632904,0.8502632919993204,0.9534265402683556,COMPLETE
244,0.844478736832829,2026-06-03 09:25:44.164913,2026-06-03 09:26:31.010079,0 days 00:00:46.845166,balanced,0.8828512930618895,0.015156392314224186,-1,10,0.0012003954915576487,1900,208,2.720110526720248e-06,1.1451608872403436e-05,0.9849278586620906,0.8838588458153285,0.844478736832829,0.8399213350373707,0.8491025423248967,0.9538624220562065,COMPLETE
