number,value,datetime_start,datetime_complete,duration,params_class_weight,params_colsample_bytree,params_learning_rate,params_max_depth,params_min_child_samples,params_min_split_gain,params_n_estimators,params_num_leaves,params_reg_alpha,params_reg_lambda,params_subsample,user_attrs_accuracy,user_attrs_f1,user_attrs_precision,user_attrs_recall,user_attrs_roc_auc,state
550,0.8331384858183636,2026-06-03 13:11:47.764188,2026-06-03 13:12:33.217048,0 days 00:00:45.452860,,0.8141207110105984,0.014714352415190687,16,170,0.0006329714760828255,1900,248,3.856128580064532e-08,5.8446441706862525e-08,0.8781008630848388,0.8798111930420083,0.8331384858183636,0.8599384407751464,0.8079950172696903,0.9502759216962754,COMPLETE
551,0.8431234059662946,2026-06-03 13:12:33.234992,2026-06-03 13:13:28.486954,0 days 00:00:55.251962,balanced,0.8030931892536292,0.015736096332645614,16,10,0.0344537512581802,1900,248,1.6321855384285477e-08,4.339319294963265e-07,0.9086745968086627,0.8833752263670408,0.8431234059662946,0.842335290248014,0.8439216352414926,0.9539005495617281,COMPLETE
552,0.8449721276666103,2026-06-03 13:13:28.496926,2026-06-03 13:14:22.590737,0 days 00:00:54.093811,balanced,0.7882187300526716,0.014872535002611901,16,10,0.03290414553365617,1900,240,2.6331738580119276e-08,1.5304629263931747e-07,0.8946120248570192,0.8845106750579204,0.8449721276666103,0.8424585192537867,0.8475171281354396,0.9538684966956451,COMPLETE
553,0.8444748198882109,2026-06-03 13:14:22.600633,2026-06-03 13:15:20.185244,0 days 00:00:57.584611,balanced,0.7897507319761098,0.014777117176122987,16,10,0.03413031287815057,1900,240,2.671372833772022e-08,1.5376586763957536e-07,0.8927702974928968,0.8841216842092824,0.8444748198882109,0.8418339917941392,0.8471490855557443,0.9539345158385851,COMPLETE
554,0.8405599525689428,2026-06-03 13:15:20.194865,2026-06-03 13:15:53.835406,0 days 00:00:33.640541,balanced,0.7963278535791117,0.014848894013567576,16,10,0.5118403846040604,1900,256,1.054606643120725e-08,9.816353735617785e-08,0.8849740940298965,0.8794642671597024,0.8405599525689428,0.8260600647844285,0.8555857539210691,0.9517759438757719,COMPLETE
555,0.844785379446631,2026-06-03 13:15:53.845512,2026-06-03 13:16:48.870940,0 days 00:00:55.025428,balanced,0.7845218438675824,0.015472019134301181,16,10,0.00024239781907207315,1900,240,4.9313449001972376e-08,2.1242121203690668e-07,0.8984288020457706,0.8845316985879895,0.844785379446631,0.843434687700619,0.8461582016873336,0.9542087325869968,COMPLETE
556,0.8439845755271483,2026-06-03 13:16:48.880822,2026-06-03 13:17:42.012910,0 days 00:00:53.132088,balanced,0.8085644366667298,0.014711934564535668,16,10,0.03600410839334229,1900,232,2.0650021357599724e-08,1.3557597111952834e-07,0.8707266705059848,0.8837011426463178,0.8439845755271483,0.8409408344895045,0.8470641526527376,0.9537693496673958,COMPLETE
557,0.8431074872790782,2026-06-03 13:17:42.022832,2026-06-03 13:18:39.297652,0 days 00:00:57.274820,balanced,0.7893443876999334,0.016275024632440658,16,20,0.019233752254442925,1900,248,4.0085343698345927e-08,5.7514173786425484e-08,0.9085758282183709,0.8832280384448246,0.8431074872790782,0.841348098794429,0.8448842081422342,0.9535223248022243,COMPLETE
558,0.8445177971183857,2026-06-03 13:18:39.307820,2026-06-03 13:19:33.144407,0 days 00:00:53.836587,balanced,0.7812868407896582,0.014260803895944169,16,10,0.0004234715814955218,1900,232,7.524524957276842e-08,5.078434249769139e-07,0.8895037923291721,0.8840480844452409,0.8445177971183857,0.8411106702499099,0.8479701036181416,0.9540542928159809,COMPLETE
559,0.8426001994765663,2026-06-03 13:19:33.153732,2026-06-03 13:20:19.786301,0 days 00:00:46.632569,balanced,0.8008798749431316,0.01755652615824932,16,10,0.2129236375871953,1900,240,2.759905516396491e-08,7.252074419789745e-08,0.8992011900154712,0.8825026223704425,0.8426001994765663,0.8383650655072379,0.8468942868467244,0.9529983292821567,COMPLETE
560,0.8443472298463196,2026-06-03 13:20:19.796232,2026-06-03 13:21:15.151183,0 days 00:00:55.354951,balanced,0.8220914691742691,0.015326622370328547,16,10,0.03701034288039766,1900,248,1.7491793654495323e-08,2.8687858794711116e-07,0.9032062478073363,0.8841847607682207,0.8443472298463196,0.8428348430094975,0.8458750920106449,0.9539261217598295,COMPLETE
561,0.8367123936383015,2026-06-03 13:21:15.159914,2026-06-03 13:22:05.533705,0 days 00:00:50.373791,balanced,0.7935597527846777,0.01426651920792685,16,140,0.019239921590496867,1900,240,1.0021178016061374e-08,4.336863784876234e-08,0.8786097874209307,0.8762051259206856,0.8367123936383015,0.8200736533791598,0.8540569616669499,0.9506840467119632,COMPLETE
562,0.8429953665308308,2026-06-03 13:22:05.552752,2026-06-03 13:23:00.503940,0 days 00:00:54.951188,balanced,0.8082445682695075,0.016681015627543153,16,20,0.02167680042589231,1900,232,5.773832146901328e-08,1.012460203707645e-07,0.8665990974530045,0.8831754771326809,0.8429953665308308,0.841464341790363,0.8445444765302077,0.9533720725696059,COMPLETE
563,0.843933261129756,2026-06-03 13:23:00.514021,2026-06-03 13:23:54.333975,0 days 00:00:53.819954,balanced,0.7839087656711011,0.015663102918351848,16,10,0.03507160260178653,1900,240,3.2696240599763186e-08,1.6496575680088613e-07,0.8949005135541911,0.8838903792866529,0.843933261129756,0.8425175436996848,0.8453654945926052,0.9538121538681893,COMPLETE
564,0.8439664330481419,2026-06-03 13:23:54.343505,2026-06-03 13:24:52.242279,0 days 00:00:57.898774,balanced,0.816719542265066,0.014762136687192335,16,10,0.018216040337958213,1900,248,7.573126982205806e-08,8.785951344672778e-07,0.8860534779790515,0.8838693544301992,0.8439664330481419,0.8422195437884755,0.8457335371723005,0.9540239139049942,COMPLETE
565,0.8436915731473221,2026-06-03 13:24:52.251701,2026-06-03 13:25:51.351848,0 days 00:00:59.100147,balanced,0.7994623887625191,0.014139770562114245,16,20,0.0012839498181865783,1900,256,1.7474547513895915e-08,7.699119115237901e-08,0.9054392457761361,0.8834277916583391,0.8436915731473221,0.8402550010169728,0.8471773965234132,0.9536217637766286,COMPLETE
566,0.8443422954434298,2026-06-03 13:25:51.370719,2026-06-03 13:26:44.179240,0 days 00:00:52.808521,balanced,0.8309705678162856,0.01614437736141741,16,10,0.00015158978740237934,1900,232,5.1115809353361414e-08,1.3649422969902808e-08,0.9103761383984866,0.8841952730306494,0.8443422954434298,0.84293841590025,0.8457618481399694,0.9541141710193227,COMPLETE
567,0.8448388242035278,2026-06-03 13:26:44.189054,2026-06-03 13:27:39.123964,0 days 00:00:54.934910,balanced,0.7785763777657552,0.015280725015140913,16,10,0.041308992505089515,1900,240,2.992138082674504e-08,5.432149277417646e-07,0.8464033834787685,0.8845842642108838,0.8448388242035278,0.8435595926324243,0.8461298907196647,0.9539299283411921,COMPLETE
568,0.8441844342408772,2026-06-03 13:27:39.134478,2026-06-03 13:28:31.523705,0 days 00:00:52.389227,balanced,0.7884574629570336,0.017086025466517912,16,10,0.01910469402598028,1900,232,4.100468394992503e-08,3.04730447549524e-08,0.8931905757208399,0.884195276015015,0.8441844342408772,0.8436460257813131,0.8447426533038899,0.9540009032720352,COMPLETE
569,0.8400020517655044,2026-06-03 13:28:31.532492,2026-06-03 13:29:28.418368,0 days 00:00:56.885876,,0.8053666986959308,0.014120206802787754,16,20,0.03516901423916666,1900,248,2.3318964566956127e-08,3.193577465676048e-07,0.9016743005243438,0.8848471002836643,0.8400020517655044,0.8677836124964097,0.8139686314478229,0.9533843920482248,COMPLETE
570,0.8443554213809649,2026-06-03 13:29:28.427218,2026-06-03 13:30:23.050335,0 days 00:00:54.623117,balanced,0.7946110439169921,0.015244807973102547,16,10,0.018438176087114105,1900,240,8.120515426825743e-08,2.0981243615622506e-07,0.8821227657071583,0.884184757783855,0.8443554213809649,0.8428043850551888,0.8459317139459827,0.9539773771172385,COMPLETE
571,0.8441480930026252,2026-06-03 13:30:23.060196,2026-06-03 13:31:17.997022,0 days 00:00:54.936826,balanced,0.7767997737391931,0.016160655251221696,16,10,0.04296920921823849,1900,248,4.681645345497896e-08,1.2761692714436784e-07,0.9094469515825355,0.884132194482134,0.8441480930026252,0.8433462857377405,0.8449691410452408,0.9538755462836402,COMPLETE
572,0.844207370828156,2026-06-03 13:31:18.008342,2026-06-03 13:32:12.789032,0 days 00:00:54.780690,balanced,0.8165459021435154,0.01448781256739875,16,10,0.018349265238869008,1900,240,1.6107257091819916e-08,5.2373068255229215e-08,0.8768362924294825,0.8839534681146505,0.844207370828156,0.8417720770842226,0.8466677991053734,0.9539284611688114,COMPLETE
573,0.8430737654551775,2026-06-03 13:32:12.798869,2026-06-03 13:33:12.155227,0 days 00:00:59.356358,balanced,0.7833912854522547,0.0174184512534755,16,20,0.01940038741497155,1900,256,2.7968651002716436e-08,7.944677181175908e-08,0.8887592439549553,0.883490877833567,0.8430737654551775,0.8434009732586899,0.8427608855670686,0.9533512076987876,COMPLETE
574,0.8321010556818497,2026-06-03 13:33:12.166025,2026-06-03 13:33:36.387487,0 days 00:00:24.221462,balanced,0.7995952860385821,0.01547382511627739,16,60,0.8404702420478057,1900,232,7.246100717666709e-08,1.9872481606770032e-07,0.8959964151761304,0.8716948802135124,0.8321010556818497,0.8093743398532988,0.8561519732744466,0.9483591428859599,COMPLETE
575,0.8440817512344586,2026-06-03 13:33:36.397485,2026-06-03 13:34:28.852929,0 days 00:00:52.455444,balanced,0.7896796118619566,0.014777777252115841,16,10,0.03786220433229072,1900,232,3.612830380248955e-08,1.1330928857388353e-07,0.9052922565147378,0.883848339190035,0.8440817512344586,0.8415786349017802,0.8466111771700356,0.9538126421681051,COMPLETE
576,0.8389350674644539,2026-06-03 13:34:28.862688,2026-06-03 13:34:57.627335,0 days 00:00:28.764647,balanced,0.7754200217191919,0.01663313428296845,16,10,0.5886304260398989,1900,248,1.7246884023809145e-08,6.767513029639395e-07,0.8884054742887373,0.878013416441552,0.8389350674644539,0.8230118592010344,0.8555008210180625,0.9513783222712261,COMPLETE
577,0.8433638303681822,2026-06-03 13:34:57.636043,2026-06-03 13:35:54.280399,0 days 00:00:56.644356,balanced,0.7809157251557935,0.014043939050021305,16,20,0.013549775352887952,1900,240,5.446050810138745e-08,3.953149343510193e-08,0.8710927237702247,0.8831018836689669,0.8433638303681822,0.8393419256012166,0.847432195232433,0.9533353688701561,COMPLETE
578,0.8440698785001057,2026-06-03 13:35:54.290252,2026-06-03 13:36:49.190306,0 days 00:00:54.900054,balanced,0.808755971569092,0.016162728678705024,16,10,0.0010031825309882027,1900,240,8.385047434967442e-08,2.717770951059731e-07,0.8985021224568609,0.884079620900931,0.8440698785001057,0.8433042861040847,0.8448558971745653,0.954063381374112,COMPLETE
579,0.8446589710665408,2026-06-03 13:36:49.199906,2026-06-03 13:37:43.014253,0 days 00:00:53.814347,balanced,0.8008521339538797,0.01535975721956816,16,10,0.0007708559762473468,1900,232,2.1443370539495157e-08,6.699250048586311e-08,0.8810987228183698,0.8843634868041081,0.8446589710665408,0.8427598481829564,0.8465828662023668,0.9542258431701672,COMPLETE
580,0.8439525765556043,2026-06-03 13:37:43.023940,2026-06-03 13:38:39.156776,0 days 00:00:56.132836,balanced,0.7925761273045688,0.01830635355255176,16,10,0.04734105048244809,1900,256,3.3543345137199596e-08,1.5441863631658392e-07,0.910260736728555,0.8844265676737969,0.8439525765556043,0.8463568664749408,0.841571824924976,0.9538152810956199,COMPLETE
581,0.8436415512627228,2026-06-03 13:38:39.166131,2026-06-03 13:39:38.343267,0 days 00:00:59.177136,balanced,0.8127339291353134,0.014641209263092519,16,20,0.01991956263065838,1900,248,1.0060464902511083e-08,3.5663470186612247e-07,0.830720183014523,0.8834908828075098,0.8436415512627228,0.8409295450591405,0.8463846894286847,0.9532757735141711,COMPLETE
582,0.8454332635247407,2026-06-03 13:39:38.353666,2026-06-03 13:40:33.501647,0 days 00:00:55.147981,balanced,0.7747854143173734,0.013958806206854916,16,10,0.0006782617147901983,1900,240,5.542949437528655e-08,9.867081979925455e-08,0.8928117670697936,0.884720935891517,0.8454332635247407,0.841950542254203,0.8489609874865524,0.9542359561854011,COMPLETE
583,0.8417766969227056,2026-06-03 13:40:33.511459,2026-06-03 13:41:30.499157,0 days 00:00:56.987698,balanced,0.7768670012470283,0.04043703008646682,16,10,0.00031723784725109984,1900,240,5.911946277254859e-08,9.307714275319896e-08,0.8943871386553384,0.8839429455727398,0.8417766969227056,0.8524783572877839,0.831351565596512,0.9534107495900354,COMPLETE
584,0.8433279721515655,2026-06-03 13:41:30.508833,2026-06-03 13:42:27.713964,0 days 00:00:57.205131,balanced,0.7856356087185578,0.014055213579095211,16,20,0.0359545137733118,1900,248,4.4745882810038616e-08,2.4848831520504647e-08,0.883021504097671,0.8830387998149122,0.8433279721515655,0.8390542949730985,0.8476586829737841,0.9534581453689128,COMPLETE
585,0.8442074387542586,2026-06-03 13:42:27.722663,2026-06-03 13:43:18.715700,0 days 00:00:50.993037,balanced,0.7731855563931026,0.013898371898418917,16,10,0.044522328013555004,1800,240,2.332368002954702e-08,5.0082717426734363e-08,0.8658695137000562,0.8836696078486086,0.8442074387542586,0.8397420749415588,0.8487344997452012,0.953733859024279,COMPLETE
586,0.8441399285999802,2026-06-03 13:43:18.725776,2026-06-03 13:44:13.691168,0 days 00:00:54.965392,balanced,0.7831132507706027,0.015880956277619887,16,10,0.02092941626403198,1900,240,1.478062772427651e-08,1.293865502260153e-07,0.8729607554399381,0.8841216769141661,0.8441399285999802,0.8432995330848727,0.8449974520129099,0.9539067282149865,COMPLETE
587,0.8437496510096946,2026-06-03 13:44:13.700078,2026-06-03 13:45:09.283444,0 days 00:00:55.583366,balanced,0.820173227304148,0.017183800649555585,16,10,0.0213220966102689,1900,248,8.584371698786205e-08,7.823578805209897e-08,0.8917030590165179,0.8840165423524154,0.8437496510096946,0.8442397820153561,0.8432704829851083,0.9538378878527302,COMPLETE
588,0.8405951587275666,2026-06-03 13:45:09.292653,2026-06-03 13:46:04.101456,0 days 00:00:54.808803,,0.7936626030764766,0.015146102328312741,16,20,0.0003689081706884413,1900,232,3.253862402205292e-08,1.7125279507718178e-07,0.9017463724717135,0.8850573680807808,0.8405951587275666,0.8666346142358163,0.8160919540229884,0.9536657418107786,COMPLETE
589,0.8390259094658846,2026-06-03 13:46:04.111221,2026-06-03 13:46:38.315469,0 days 00:00:34.204248,balanced,0.8037307235052259,0.013836326040999034,16,10,0.5353410455032389,1900,240,5.0438287397429494e-08,1.035508443205894e-07,0.8854672248804827,0.8782867684243191,0.8390259094658846,0.8244474533404219,0.8541418945699565,0.9516264007841816,COMPLETE
590,0.8431087110923893,2026-06-03 13:46:38.324424,2026-06-03 13:47:33.051056,0 days 00:00:54.726632,balanced,0.7715075395364737,0.01628724326386657,16,20,0.04579862759969393,1800,256,2.4303942779449825e-08,6.601379391385616e-08,0.8966152582495935,0.883196513263405,0.8431087110923893,0.8411240376763173,0.8451106958835853,0.9533628347725477,COMPLETE
591,0.8381527244621673,2026-06-03 13:47:33.060132,2026-06-03 13:48:26.943300,0 days 00:00:53.883168,balanced,0.7881873153678984,0.015485315384214673,16,80,0.23935547850423816,1900,248,8.782639804121892e-08,3.2753285954246404e-08,0.8772968651547475,0.8780239303619616,0.8381527244621673,0.8261756451782502,0.8504897797406716,0.9507441158033455,COMPLETE
592,0.8442074565342729,2026-06-03 13:48:26.953372,2026-06-03 13:49:21.086646,0 days 00:00:54.133274,balanced,0.7773246383180644,0.017824791696313257,16,10,0.02919396573967062,1900,240,1.671801888969291e-08,2.2307439603744892e-07,0.8884735493772579,0.8844370802678219,0.8442074565342729,0.8453052864182237,0.843128928146764,0.9539227483161907,COMPLETE
593,0.8292877226673837,2026-06-03 13:49:21.096670,2026-06-03 13:49:30.961701,0 days 00:00:09.865031,balanced,0.7982784662402809,0.014697113678669597,16,10,0.019480964931330273,300,232,3.862538714541805e-08,5.010517944225062e-08,0.9029098416770824,0.8695816913063029,0.8292877226673837,0.8068649572266011,0.8530094558632014,0.9469869401897809,COMPLETE
594,0.8440058098837105,2026-06-03 13:49:30.970816,2026-06-03 13:50:20.703310,0 days 00:00:49.732494,balanced,0.8048431916050466,0.013943860980359614,16,10,0.049303804162872424,1800,232,6.362202573551395e-08,1.2327881585472696e-07,0.893863408699288,0.8834488208255432,0.8440058098837105,0.8390390634532062,0.849045920389559,0.953641348999838,COMPLETE
595,0.8440367837954413,2026-06-03 13:50:20.713348,2026-06-03 13:51:18.297138,0 days 00:00:57.583790,balanced,0.8092806218537208,0.016337266737301893,16,10,0.0010303017779775708,1900,248,2.6279597806536724e-08,8.81092804762997e-08,0.859142086826229,0.884058597370862,0.8440367837954413,0.8432881187949667,0.8447992752392276,0.9540216155512766,COMPLETE
596,0.8443350855330309,2026-06-03 13:51:18.307164,2026-06-03 13:52:14.597803,0 days 00:00:56.290639,balanced,0.7801087566307461,0.015152482753367067,16,20,7.726189454919624e-05,1900,240,1.0259686151292197e-08,2.1098584221668941e-07,0.9026286468098398,0.8839114051378952,0.8443350855330309,0.840912870805883,0.8478002378121284,0.9536576884266138,COMPLETE
597,0.8429870481995417,2026-06-03 13:52:14.617135,2026-06-03 13:53:04.593761,0 days 00:00:49.976626,balanced,0.825410433218952,0.027975206647178785,16,10,0.028104911141794905,1800,240,4.000003922977853e-08,3.779475108323547e-08,0.9114074656427564,0.8842688631784014,0.8429870481995417,0.8494947072360146,0.8365890946152539,0.9536336047054892,COMPLETE
598,0.8431088607384293,2026-06-03 13:53:04.604009,2026-06-03 13:54:00.089306,0 days 00:00:55.485297,balanced,0.7703320113732436,0.022881903195614478,16,10,0.01998540731806291,1900,248,5.4054714066789486e-08,2.0964253122470693e-08,0.8823887467656018,0.8841742461846186,0.8431088607384293,0.8482639399413093,0.8380329539663666,0.9537072110894577,COMPLETE
599,0.8442818602192536,2026-06-03 13:54:00.098586,2026-06-03 13:54:53.246338,0 days 00:00:53.147752,balanced,0.7885465000115568,0.014017212302627216,16,10,0.05005972761992169,1900,232,1.8349400011814637e-08,6.595767119820805e-08,0.8744296687885518,0.8838483318949187,0.8442818602192536,0.8406927125180843,0.847913481682804,0.9538309564578165,COMPLETE
600,0.8372122942165642,2026-06-03 13:54:53.255581,2026-06-03 13:55:39.059859,0 days 00:00:45.804278,balanced,0.8145215881444133,0.01679420376636544,16,150,0.0009055944104018462,1800,240,8.472450186264603e-08,3.3625754914589944e-07,0.8877137144260845,0.8768043852296327,0.8372122942165642,0.8219509198176076,0.8530660777985392,0.9506445269121442,COMPLETE
601,0.844014991934317,2026-06-03 13:55:39.068663,2026-06-03 13:56:36.241996,0 days 00:00:57.173333,balanced,0.797883907203077,0.015548533762840119,16,20,0.0309868411037786,1900,248,2.6732248973053378e-08,1.6511544099096967e-07,0.8990220769783818,0.8838693600673344,0.844014991934317,0.8420053999218832,0.8460449578166581,0.9533320049310966,COMPLETE
602,0.8454683322861335,2026-06-03 13:56:36.250910,2026-06-03 13:57:32.794816,0 days 00:00:56.543906,balanced,0.7824527108041522,0.014617952261449787,16,10,0.018654051314660053,1900,256,1.5452353420653666e-08,5.147829698734177e-08,0.9119025638274705,0.8850048037842712,0.8454683322861335,0.8438670032616443,0.8470924636204066,0.954001874558724,COMPLETE
603,0.8414000278997275,2026-06-03 13:57:32.804197,2026-06-03 13:58:04.608418,0 days 00:00:31.804221,balanced,0.7823090588481252,0.013919004752900869,16,20,0.051374709544142055,1100,256,1.4801165379111729e-08,1.1317542858910464e-07,0.9120098095040818,0.8802948274121246,0.8414000278997275,0.8282256266092506,0.8550195345676915,0.9525322445337695,COMPLETE
604,0.8443661249677442,2026-06-03 13:58:04.618589,2026-06-03 13:58:57.360236,0 days 00:00:52.741647,balanced,0.7710715451063112,0.014635042436429208,16,10,0.03381273035874236,1900,232,1.3350673753122791e-08,4.1528082808505514e-08,0.9062303214555165,0.8839219263534212,0.8443661249677442,0.8408615938368884,0.847913481682804,0.9538633227709132,COMPLETE
605,0.8410045539218588,2026-06-03 13:58:57.369201,2026-06-03 13:59:23.812145,0 days 00:00:26.442944,balanced,0.7912081929130155,0.013852097291387326,16,10,0.020278285440843626,900,256,2.2334232334375306e-08,3.8735020394838333e-07,0.9127070415463596,0.8797586310666722,0.8410045539218588,0.8262442308284434,0.8563218390804598,0.9524141533819678,COMPLETE
606,0.8433972715138601,2026-06-03 13:59:23.822034,2026-06-03 14:00:01.503248,0 days 00:00:37.681214,balanced,0.7766057604989549,0.014782601202490744,16,10,0.052716925902903854,1300,256,1.0061877842836096e-08,9.826632201955553e-07,0.9028374041024307,0.8825446793784663,0.8433972715138601,0.8352874495691149,0.8516788403827643,0.9534174962533991,COMPLETE
607,0.8362179107235034,2026-06-03 14:00:01.512915,2026-06-03 14:00:51.032374,0 days 00:00:49.519459,balanced,0.7852507286256715,0.07557088320802476,16,20,0.03293909384393103,1800,240,2.706602728405982e-08,2.466916414985836e-07,0.8946869156602802,0.8798322377942336,0.8362179107235034,0.8466149668328984,0.8260857256101014,0.9499687488864911,COMPLETE
608,0.7726961937208764,2026-06-03 14:00:51.042449,2026-06-03 14:00:55.223809,0 days 00:00:04.181360,,0.7764414118864227,0.013574891880663806,4,10,0.00017163231885786428,400,240,1.6206934245704564e-08,1.5067839743463246e-08,0.90668916626633,0.8401547948714629,0.7726961937208764,0.8186887689883847,0.7316120264990658,0.9188214007990249,COMPLETE
609,0.8440705179995671,2026-06-03 14:00:55.233676,2026-06-03 14:01:50.355866,0 days 00:00:55.122190,balanced,0.7663271523506358,0.014688721098898601,16,10,0.02181677013993006,1900,248,3.485361030815077e-08,1.3324175431463502e-07,0.9145959813721095,0.8838903872449615,0.8440705179995671,0.8419183399515838,0.8462431345903404,0.9539534424814651,COMPLETE
610,0.844610209084497,2026-06-03 14:01:50.364966,2026-06-03 14:02:45.066422,0 days 00:00:54.701456,balanced,0.7939890430785945,0.015729522422432626,16,20,0.00013559434535561883,1900,232,8.249616019018061e-08,9.004960160701999e-08,0.8955169757468859,0.8841216815565128,0.844610209084497,0.8412367622424193,0.8480267255534795,0.9536659819970627,COMPLETE
