number,value,datetime_start,datetime_complete,duration,params_class_weight,params_colsample_bytree,params_learning_rate,params_max_depth,params_min_child_samples,params_min_split_gain,params_n_estimators,params_num_leaves,params_reg_alpha,params_reg_lambda,params_subsample,user_attrs_accuracy,user_attrs_f1,user_attrs_precision,user_attrs_recall,user_attrs_roc_auc,state
611,0.8315224506754518,2026-06-03 14:02:45.076155,2026-06-03 14:03:12.406167,0 days 00:00:27.330012,balanced,0.7834814642496836,0.013638468046641686,8,10,0.01846837913506337,2000,240,5.497986627850377e-08,5.537423680271119e-08,0.9004679500041464,0.8711271679713336,0.8315224506754518,0.8080623191297859,0.8564067719834664,0.9485595512952324,COMPLETE
612,0.8403745266088364,2026-06-03 14:03:12.416060,2026-06-03 14:04:12.004728,0 days 00:00:59.588668,balanced,0.7666204798828576,0.015055383673323213,16,70,0.03910745868431788,1900,232,2.0893974143443567e-08,2.643985125206736e-08,0.8525104909235014,0.8801896862184501,0.8403745266088364,0.8317075287027681,0.849244097163241,0.9517540328510853,COMPLETE
613,0.8410641992403405,2026-06-03 14:04:12.014614,2026-06-03 14:04:51.623795,0 days 00:00:39.609181,balanced,0.7897243183168433,0.014494169289137835,16,10,0.35451272519456767,1800,240,3.332288651735367e-08,1.4473648269060296e-07,0.8918738255805153,0.8804209768824434,0.8410641992403405,0.8304303300956392,0.8519902610271219,0.9524511906464693,COMPLETE
614,0.8444222222605083,2026-06-03 14:04:51.634178,2026-06-03 14:05:50.191607,0 days 00:00:58.557429,balanced,0.7737183077709576,0.01574525481387002,14,10,0.018848888098259037,2000,248,9.468928329733543e-08,4.670169350788661e-08,0.9179725144147381,0.8843319473640522,0.8444222222605083,0.8435790927509004,0.8452805616895986,0.9539112915595455,COMPLETE
615,0.8443480869749864,2026-06-03 14:05:50.200645,2026-06-03 14:06:43.216809,0 days 00:00:53.016164,balanced,0.8008030650781818,0.013720471648673002,16,10,0.04185722860790303,1900,232,1.522134187644033e-08,4.4514449262954254e-07,0.9072361220126598,0.8837747397575897,0.8443480869749864,0.8398774241687708,0.8488760545835458,0.9537598122617976,COMPLETE
616,0.8435245065564403,2026-06-03 14:06:43.226609,2026-06-03 14:07:34.083929,0 days 00:00:50.857320,balanced,0.7688838319322729,0.015257279257752394,12,20,4.279424023605335e-05,1900,256,5.095217599010031e-08,8.123364639684818e-08,0.8643840002207698,0.8826708328279392,0.8435245065564403,0.8356276456994068,0.8515939074797577,0.9530048596888694,COMPLETE
617,0.8201158059961053,2026-06-03 14:07:34.093738,2026-06-03 14:07:51.422353,0 days 00:00:17.328615,balanced,0.7804383223763031,0.014365732847123005,6,10,0.06471615255726304,1800,240,2.3553351876272497e-08,2.0602318427460882e-07,0.8996718785375759,0.8610343395742422,0.8201158059961053,0.7896529735355163,0.8530377668308703,0.942584661644465,COMPLETE
618,0.8434511192109767,2026-06-03 14:07:51.432217,2026-06-03 14:08:53.241394,0 days 00:01:01.809177,balanced,0.7971610262131621,0.01597781077447407,16,20,0.019681421841924777,2000,248,3.923964894146771e-08,2.8291528430513974e-07,0.890356969385523,0.883574985880883,0.8434511192109767,0.8423471223114406,0.8445727874978767,0.953422342311551,COMPLETE
619,0.8446529759515761,2026-06-03 14:08:53.251345,2026-06-03 14:09:47.721595,0 days 00:00:54.470250,balanced,0.786915974505884,0.013426387371427543,16,10,0.033203516281005596,1900,240,1.0053122039348935e-07,8.131861020015368e-07,0.9109614069476109,0.8840480894191837,0.8446529759515761,0.8405099864103861,0.8488477436158769,0.9537790659980351,COMPLETE
620,0.8442907169535857,2026-06-03 14:09:47.730573,2026-06-03 14:10:41.395246,0 days 00:00:53.664673,balanced,0.8065059131035944,0.014844791675194962,16,10,0.018635142579336565,1900,232,6.200524265705777e-08,1.4413180810662006e-07,0.8811527905280505,0.8839534624775153,0.8442907169535857,0.8414058950489224,0.847205707491082,0.9539303635022646,COMPLETE
621,0.8405508901966963,2026-06-03 14:10:41.403809,2026-06-03 14:11:21.370168,0 days 00:00:39.966359,balanced,0.7761657731146608,0.014153415711239832,10,10,0.05855067684507648,2000,248,1.3915328115812985e-08,9.921044674909379e-08,0.8771503894444084,0.8796955631292347,0.8405508901966963,0.8276344976969706,0.8538870958609365,0.9520455655110833,COMPLETE
622,0.836815671640282,2026-06-03 14:11:21.379284,2026-06-03 14:12:09.078929,0 days 00:00:47.699645,balanced,0.7673485929154393,0.016047299267455826,16,160,0.020391757166535913,1900,256,3.5296235696255503e-08,3.0328263189761975e-08,0.9046775467654959,0.8762366653607413,0.836815671640282,0.819844371481787,0.8545099371496517,0.9504507284153864,COMPLETE
623,0.8438120773711685,2026-06-03 14:12:09.088747,2026-06-03 14:13:00.916022,0 days 00:00:51.827275,balanced,0.7946142869465493,0.01519367610592829,16,10,0.04449372954533047,1800,248,2.2505260273023493e-08,5.832447188772615e-08,0.9216031962278449,0.883669603206262,0.8438120773711685,0.84146135754384,0.8461865126550024,0.9537591037786143,COMPLETE
624,0.84328373548717,2026-06-03 14:13:00.924970,2026-06-03 14:13:57.507512,0 days 00:00:56.582542,balanced,0.7863025802999194,0.017247113509869422,16,20,0.01620338322013009,1900,240,1.0019537331728682e-08,4.6316188776413885e-07,0.8697649075899723,0.8835119076639635,0.84328373548717,0.8426315762507809,0.8439499462091615,0.9533288102175899,COMPLETE
625,0.8233740639995216,2026-06-03 14:13:57.517329,2026-06-03 14:14:11.254831,0 days 00:00:13.737502,balanced,0.7732279139119329,0.048963986341507525,4,10,0.00042468821390999795,2000,232,6.871822318851701e-08,9.776059958630603e-08,0.8980164732727425,0.863441888409267,0.8233740639995216,0.7922170459859835,0.8571145461751882,0.9440930347755372,COMPLETE
626,0.8430327675986108,2026-06-03 14:14:11.263639,2026-06-03 14:15:12.329967,0 days 00:01:01.066328,balanced,0.804857251169757,0.013558964191386944,16,20,0.03800876534788003,1900,240,2.892168044475049e-08,1.801199776215056e-07,0.8940213697992041,0.8827549402120628,0.8430327675986108,0.8383018268124688,0.8478285487797974,0.9532622125153668,COMPLETE
627,0.844195312052574,2026-06-03 14:15:12.338757,2026-06-03 14:15:52.895341,0 days 00:00:40.556584,balanced,0.781254484180276,0.025943094623481322,16,10,0.0004989632693228434,1500,232,1.8613254792865906e-08,4.192091286455932e-08,0.9108420149591397,0.8845947841000251,0.844195312052574,0.8465007984572007,0.8419115565370024,0.9540828554330107,COMPLETE
628,0.8444636295310902,2026-06-03 14:15:52.904826,2026-06-03 14:16:49.412811,0 days 00:00:56.507985,balanced,0.8126168302983967,0.014517992701721034,16,10,3.4700553965182675e-05,1900,248,1.0335520267194542e-07,7.527780226939865e-08,0.8876477682177454,0.8841532110486829,0.8444636295310902,0.8420851242226829,0.8468659758790555,0.9541757752789183,COMPLETE
629,0.8352233603748463,2026-06-03 14:16:49.422640,2026-06-03 14:17:04.559689,0 days 00:00:15.137049,balanced,0.7662339164264953,0.015542013533642231,16,10,0.03589574992435817,500,240,4.2622965891345346e-08,6.177600169807698e-07,0.9193351026875531,0.8745545219890204,0.8352233603748463,0.815327702454194,0.8561236623067776,0.9501732196141263,COMPLETE
630,0.8404650441625292,2026-06-03 14:17:04.568562,2026-06-03 14:17:32.952537,0 days 00:00:28.383975,balanced,0.7971851242907827,0.016456373616220953,12,20,0.020146458443921055,1200,240,6.204907594699063e-08,2.5445168718571323e-07,0.9030780093156142,0.8793486130404068,0.8404650441625292,0.8256690290684597,0.8558122416624201,0.9518752392550609,COMPLETE
631,0.831236693795745,2026-06-03 14:17:32.962530,2026-06-03 14:17:58.059582,0 days 00:00:25.097052,balanced,0.7053232961428845,0.014411141079001889,8,10,0.06285725530431813,1800,256,1.6326451774983456e-08,5.666310477420059e-08,0.8870002956237897,0.8707907420823974,0.831236693795745,0.8070867649622303,0.8568880584338373,0.9482558247461221,COMPLETE
632,0.84342214344183,2026-06-03 14:17:58.069770,2026-06-03 14:18:56.530945,0 days 00:00:58.461175,balanced,0.790356149417678,0.013483758044719537,16,20,0.022294917669606215,2000,232,2.97612565553185e-08,1.1991648958633553e-07,0.9136907346278424,0.8829967487756201,0.84342214344183,0.8383578083062667,0.8485646339391879,0.9534287761665041,COMPLETE
633,0.8354988073269162,2026-06-03 14:18:56.541424,2026-06-03 14:19:58.671594,0 days 00:01:02.130170,,0.7780916448723493,0.015295206076840121,14,10,0.05175916400920115,1900,248,1.9088411578432458,1.4307436075611178e-07,0.8773218988175444,0.8814302591915985,0.8354988073269162,0.8617439849217104,0.8108261140365777,0.951251864434196,COMPLETE
634,0.8444679280580879,2026-06-03 14:19:58.680945,2026-06-03 14:20:47.716132,0 days 00:00:49.035187,balanced,0.7659262176125506,0.016874064115658498,16,10,0.017092362487379633,1800,232,3.826246662223592e-08,2.899257478035085e-08,0.8971254096795017,0.8842373263911151,0.8444679280580879,0.8426884887860543,0.846271445558009,0.9538906177068255,COMPLETE
635,0.8439038248428422,2026-06-03 14:20:47.726365,2026-06-03 14:21:41.687494,0 days 00:00:53.961129,balanced,0.7717580991291348,0.015974682003918498,16,10,0.03397924446574667,1900,240,0.01052154596161512,3.562371596626174e-07,0.9010017962547067,0.8839850062283214,0.8439038248428422,0.8433310797907619,0.8444878545948701,0.9538339423431669,COMPLETE
636,0.8222105456467484,2026-06-03 14:21:41.697360,2026-06-03 14:22:00.822907,0 days 00:00:19.125547,balanced,0.8045121519259164,0.014508799846806981,6,20,0.017749115708436028,2000,248,0.03860172247927254,7.955764078803151e-08,0.8897171016353338,0.862642888819057,0.8222105456467484,0.7916257818079734,0.8552743332767113,0.9435750226667677,COMPLETE
637,0.8428050567715873,2026-06-03 14:22:00.832225,2026-06-03 14:23:00.602013,0 days 00:00:59.769788,balanced,0.7806077904471347,0.013715497103622822,16,10,0.03657227341570556,1900,240,5.92673966378704e-08,9.404113641806638e-07,0.6505144105775855,0.8828075074929381,0.8428050567715873,0.8396672809362343,0.8459883358813204,0.9529847514039407,COMPLETE
638,0.8409066237700707,2026-06-03 14:23:00.612316,2026-06-03 14:23:38.562723,0 days 00:00:37.950407,balanced,0.7912019031555537,0.015208404646502537,10,10,0.01503766640936068,1900,248,1.0592258157778717e-07,1.7681759555520953e-07,0.9057191114889247,0.8797796645446269,0.8409066237700707,0.8267608272498358,0.8555574429534002,0.9520749449862338,COMPLETE
639,0.8441415683092339,2026-06-03 14:23:38.572713,2026-06-03 14:24:39.549933,0 days 00:01:00.977220,balanced,0.7640603176944909,0.018216988279559244,16,10,0.052885950701285794,2000,240,2.101769025104495e-08,5.833531455142964e-08,0.8830033674271317,0.8845422158243611,0.8441415683092339,0.8463655813768951,0.8419398675046713,0.9538147595982333,COMPLETE
640,0.840610391463124,2026-06-03 14:24:39.558943,2026-06-03 14:25:21.835002,0 days 00:00:42.276059,balanced,0.7996139776158138,0.01615941335342312,16,20,0.3226541496324883,1900,232,1.5189416705205077e-08,4.015437233466673e-08,0.8717155165741567,0.8802107090853267,0.840610391463124,0.8308578693480507,0.8506030236113471,0.9521430160097738,COMPLETE
641,0.835521055045711,2026-06-03 14:25:21.853724,2026-06-03 14:26:03.766683,0 days 00:00:41.912959,balanced,0.8134245200252833,0.014202898080652976,16,180,0.0011560809197126768,1800,256,2.625703388708897e-08,2.9833166884709744e-07,0.9219961452621428,0.8748594047903427,0.835521055045711,0.8160995773004563,0.8558971745654267,0.9501482687845048,COMPLETE
642,0.8452134694679017,2026-06-03 14:26:03.776924,2026-06-03 14:27:06.935565,0 days 00:01:03.158641,balanced,0.7846729614056958,0.015002751835166795,16,10,0.00025407305816599975,1900,240,4.680540932976223e-08,1.1012810981185808e-07,0.893722732990048,0.8848050479179873,0.8452134694679017,0.8435282593131727,0.8469225978143933,0.954156887625908,COMPLETE
643,0.8453038084742118,2026-06-03 14:27:06.944818,2026-06-03 14:28:22.750818,0 days 00:01:15.806000,balanced,0.7861823436203038,0.013259805051108709,16,10,2.1628968625292703e-05,2000,248,7.577718875590709e-08,1.1198693001649094e-07,0.8908501608188137,0.8846999120298519,0.8453038084742118,0.8423585829004572,0.8482815242624993,0.9541878630615216,COMPLETE
644,0.8084297262300709,2026-06-03 14:28:22.761158,2026-06-03 14:28:45.911219,0 days 00:00:23.150061,balanced,0.7945911916365507,0.013422002945735506,4,10,0.014800336660678556,2000,256,9.343806097154063e-08,1.015129681069317e-07,0.8635965873100977,0.8515828152250627,0.8084297262300709,0.7763509758122167,0.8432987939527773,0.9352281404681801,COMPLETE
645,0.8440494209267969,2026-06-03 14:28:45.920382,2026-06-03 14:29:48.285251,0 days 00:01:02.364869,balanced,0.7722930587221979,0.01300801101197701,16,20,0.00013090286444303252,2000,248,1.2253244078351734e-07,1.3635719068746256e-06,0.8839614793451206,0.8835329305308403,0.8440494209267969,0.8394658170370989,0.8487061887775323,0.9537114431642598,COMPLETE
646,0.8452559706236981,2026-06-03 14:29:48.294891,2026-06-03 14:30:51.834279,0 days 00:01:03.539388,balanced,0.7844303595355322,0.014634956930619007,16,10,0.00018939051058515082,2000,248,6.045280654484556e-08,2.308958122357941e-07,0.878767406093629,0.884889150328168,0.8452559706236981,0.843953835828616,0.8465828662023668,0.9543095890555543,COMPLETE
647,0.8423507827085897,2026-06-03 14:30:51.844289,2026-06-03 14:32:05.283704,0 days 00:01:13.439415,balanced,0.7834939724010291,0.013694416725038686,16,40,0.01786994750689942,2000,256,7.672907276942062e-08,9.722006403062053e-08,0.8758862358852771,0.8822187617728047,0.8423507827085897,0.8374636293923435,0.8473189513617575,0.9526600801934361,COMPLETE
648,0.840378915863349,2026-06-03 14:32:05.293234,2026-06-03 14:33:14.002389,0 days 00:01:08.709155,,0.7834184511679476,0.013370028154886663,16,10,0.03178997158087172,2000,248,1.1983860948832035e-07,5.421003130236439e-07,0.8194573238112607,0.88510993503006,0.840378915863349,0.8681069251590241,0.814393295962856,0.953829009258573,COMPLETE
649,0.8281707285936846,2026-06-03 14:33:14.012162,2026-06-03 14:33:39.184476,0 days 00:00:25.172314,balanced,0.7736890444709696,0.014217950446595745,8,110,0.02199978963466275,2000,248,6.747832616054336e-08,1.9172341353739052e-07,0.8880920891774311,0.8678259657451387,0.8281707285936846,0.8006117250988103,0.8577090764962346,0.9467708786681991,COMPLETE
650,0.8438951291945876,2026-06-03 14:33:39.194421,2026-06-03 14:34:32.993364,0 days 00:00:53.798943,balanced,0.7857127777296816,0.013138396953518936,12,10,0.051677022710411004,2000,256,5.388907359906123e-08,1.2175078988927826e-07,0.9093352953758855,0.8830598246713661,0.8438951291945876,0.8367607000036613,0.8511692429647245,0.9530840668607179,COMPLETE
651,0.8414273085126637,2026-06-03 14:34:33.013172,2026-06-03 14:34:58.301681,0 days 00:00:25.288509,balanced,0.7645967206418659,0.05406467162181904,16,20,0.0005369983353190166,2000,72,9.380914753167953e-08,7.230974137906005e-08,0.8386361894329482,0.8819349015067628,0.8414273085126637,0.8393816507007564,0.8434969707264593,0.9522488197572235,COMPLETE
652,0.8442528538147362,2026-06-03 14:34:58.311849,2026-06-03 14:35:57.903049,0 days 00:00:59.591200,balanced,0.7921396863161237,0.014248625474568104,16,10,0.03500282638603458,2000,248,5.335441469559011e-08,2.2953521481966696e-07,0.8927229043120288,0.884132196471711,0.8442528538147362,0.8428698553571734,0.8456486042692939,0.9538135893255483,COMPLETE
653,0.8435963298095013,2026-06-03 14:35:58.189197,2026-06-03 14:36:58.013550,0 days 00:00:59.824353,balanced,0.7777439737247449,0.013632074532056684,14,20,0.01647356515489487,2000,248,1.3353698475644712e-07,1.0763082944874025e-07,0.9097080938302556,0.8831123952682033,0.8435963298095013,0.8384270055719836,0.8488477436158769,0.9532479975701519,COMPLETE
654,0.8450503461634128,2026-06-03 14:36:58.023857,2026-06-03 14:37:54.901346,0 days 00:00:56.877489,balanced,0.7705865701302942,0.014838344849426777,16,10,0.018906848462468068,2000,232,6.916828787126023e-08,7.191697503753721e-08,0.8721787485054577,0.8847419673798947,0.8450503461634128,0.8437877277534452,0.846328067493347,0.9539770996793747,COMPLETE
655,0.8223689911813336,2026-06-03 14:37:54.920551,2026-06-03 14:38:13.847041,0 days 00:00:18.926490,balanced,0.7660329543492095,0.014133241147351677,6,10,0.06939572852589213,2000,232,1.1413696305015012e-07,1.8554385098452617e-08,0.7946518820838633,0.8629582792404613,0.8223689911813336,0.7927959999420588,0.854255138440632,0.9436294205221105,COMPLETE
656,0.8394557883124959,2026-06-03 14:38:13.856942,2026-06-03 14:38:52.813400,0 days 00:00:38.956458,balanced,0.7708679012689448,0.013043865614517381,10,10,0.04791544653945784,2000,232,8.15459012275268e-08,3.574720597066618e-08,0.9152823170296296,0.8785601038272769,0.8394557883124959,0.824513679867939,0.8549629126323538,0.951658149522114,COMPLETE
657,0.843629980852369,2026-06-03 14:38:52.832271,2026-06-03 14:39:30.857627,0 days 00:00:38.025356,balanced,0.7638501753218876,0.014814048241217695,16,10,0.03224912345855954,1400,232,7.308519116071594e-08,6.983798722827358e-08,0.8935298626271718,0.882702378899919,0.843629980852369,0.835388733039114,0.8520468829624597,0.9535324231337134,COMPLETE
658,0.8442536324738592,2026-06-03 14:39:30.866629,2026-06-03 14:40:30.408234,0 days 00:00:59.541605,balanced,0.7743340918282847,0.013524792427604179,16,20,0.0002927256466679004,2000,232,6.281327015334287e-08,5.775713489661921e-08,0.8697881875610745,0.8836696114961667,0.8442536324738592,0.8395613300767645,0.8490176094218901,0.9536078683704229,COMPLETE
659,0.8440111974639941,2026-06-03 14:40:30.417024,2026-06-03 14:41:28.017137,0 days 00:00:57.600113,balanced,0.7683861279402536,0.014538831619080745,16,10,0.019582631649964405,2000,240,1.2017189524638326e-07,4.4271195371236934e-07,0.89985519855373,0.8838798789616872,0.8440111974639941,0.8421100768334085,0.8459317139459827,0.9539931024604663,COMPLETE
660,0.8403583662039534,2026-06-03 14:41:28.026842,2026-06-03 14:42:31.635021,0 days 00:01:03.608179,balanced,0.7782898522584816,0.013955656800581638,16,70,0.04963345631290356,2000,232,5.076600124386936e-08,8.245949180592809e-07,0.8812230377928904,0.8801160874491973,0.8403583662039534,0.8312655108223387,0.8496687616782742,0.9518586739245252,COMPLETE
