number,value,datetime_start,datetime_complete,duration,params_class_weight,params_colsample_bytree,params_learning_rate,params_max_depth,params_min_child_samples,params_min_split_gain,params_n_estimators,params_num_leaves,params_reg_alpha,params_reg_lambda,params_subsample,user_attrs_accuracy,user_attrs_f1,user_attrs_precision,user_attrs_recall,user_attrs_roc_auc,state
306,0.8401111784363328,2026-06-03 10:05:33.495945,2026-06-03 10:06:25.074483,0 days 00:00:51.578538,,0.8605199957445,0.016857296789811713,-1,10,0.055889838830431915,1800,208,3.314000530905704e-07,1.9467911696420305e-05,0.9741049962601638,0.8850153034460448,0.8401111784363328,0.868591387297193,0.8134590340297833,0.9537148526137704,COMPLETE
307,0.823777907415444,2026-06-03 10:06:25.083137,2026-06-03 10:06:42.665360,0 days 00:00:17.582223,balanced,0.6589765677990468,0.020158692868828078,6,20,0.0011472874506799902,1800,200,2.7255238161298235e-06,1.4976951036745795e-05,0.9894249135257062,0.8639991106059619,0.823777907415444,0.7939014992520991,0.8560104184361021,0.9443423812122669,COMPLETE
308,0.8383411204096077,2026-06-03 10:06:42.675055,2026-06-03 10:07:13.999648,0 days 00:00:31.324593,balanced,0.6723442355381196,0.015143680929953846,10,10,0.02845709135203886,1700,200,5.119510416386078e-07,0.00029108496143088493,0.9827317251807757,0.8773300550540202,0.8383411204096077,0.8209304080193194,0.8565200158541418,0.9511992569262064,COMPLETE
309,0.8425040152656829,2026-06-03 10:07:14.008138,2026-06-03 10:07:55.841078,0 days 00:00:41.832940,balanced,0.7289860470016734,0.035197314580912326,-1,10,0.05198660229760259,1800,216,9.840503856203285e-07,2.7704708691143263e-05,0.9508709708184352,0.8840270539516518,0.8425040152656829,0.8498631111603471,0.8352867901024857,0.9535067825779678,COMPLETE
310,0.8435730093631926,2026-06-03 10:07:55.859217,2026-06-03 10:08:29.615799,0 days 00:00:33.756582,balanced,0.6976123506377588,0.019269200614520948,-1,10,0.023159438722981616,1700,160,2.3911391211927447e-06,1.1511143653952302e-05,0.9640404844390874,0.8827969942357208,0.8435730093631926,0.8362892015751093,0.8509993771587112,0.953751179751866,COMPLETE
311,0.842930972289012,2026-06-03 10:08:29.624593,2026-06-03 10:09:15.431351,0 days 00:00:45.806758,balanced,0.8804390513121421,0.016248175196289502,-1,10,0.0733921402794003,1800,224,1.5760877018633762e-06,1.0642010576686665e-06,0.9736373669074648,0.8830282888788683,0.842930972289012,0.840692273471134,0.8451956287865919,0.9535891067367882,COMPLETE
312,0.8399537160917588,2026-06-03 10:09:15.440745,2026-06-03 10:09:48.828780,0 days 00:00:33.388035,balanced,0.8043753700171579,0.017798820795913925,-1,20,0.019961774316925304,1200,208,3.3143556563306605e-06,4.091147678444401,0.984719631811898,0.8789175767896116,0.8399537160917588,0.8249007095622526,0.8555857539210691,0.9521815167525052,COMPLETE
313,0.844189778394901,2026-06-03 10:09:48.837714,2026-06-03 10:10:32.321506,0 days 00:00:43.483792,balanced,0.7665977825427224,0.01586272659803546,-1,10,0.0010909326826685044,1800,208,1.7774057907982523e-05,1.0393687656393872e-05,0.9948118501406701,0.8836801154686906,0.844189778394901,0.8398803359387879,0.848564633939188,0.953888484043301,COMPLETE
314,0.8433284646962383,2026-06-03 10:10:32.331216,2026-06-03 10:11:17.441472,0 days 00:00:45.110256,balanced,0.8733753475967915,0.0168662036649561,-1,10,0.0019230422943651848,1800,216,1.0721087855733143e-06,1.8952582959324315e-05,0.9950782905309388,0.8831544569185735,0.8433284646962383,0.8398930025120485,0.8468093539437178,0.953614068062531,COMPLETE
315,0.8430505970920154,2026-06-03 10:11:17.449871,2026-06-03 10:11:57.502015,0 days 00:00:40.052144,balanced,0.6561586752940123,0.04334262041571577,-1,10,0.0008656599323948696,1800,208,5.8484609504914375e-06,1.0855575559357266e-05,0.9934649170687282,0.8848050562078921,0.8430505970920154,0.8532404265184862,0.8331068455919824,0.9538169659425351,COMPLETE
316,0.8396002666801966,2026-06-03 10:11:57.510711,2026-06-03 10:12:47.808266,0 days 00:00:50.297555,balanced,0.7056705820295325,0.01603762833660311,-1,100,0.03692621522082037,1700,216,2.143026844635697e-06,0.00012975587531600458,0.9781239616460586,0.8792855421186037,0.8396002666801966,0.8287570823998899,0.8507445784496914,0.9518531518615282,COMPLETE
317,0.8439431101110917,2026-06-03 10:12:47.817508,2026-06-03 10:13:32.510471,0 days 00:00:44.692963,balanced,0.8581656319531106,0.01866218425142339,-1,10,0.041870713826410604,1800,224,1.0902341256275948e-05,3.283824214430875e-05,0.9594954361539035,0.8841006547104819,0.8439431101110917,0.8439997847746299,0.8438933242738237,0.9538883046023744,COMPLETE
318,0.844372160601974,2026-06-03 10:13:32.519581,2026-06-03 10:14:19.422179,0 days 00:00:46.902598,balanced,0.7882548328212948,0.014904525020648568,-1,20,0.001019427141029633,1900,208,3.7876068012088266e-06,1.323572342663103e-05,0.9683264839977933,0.883669612159359,0.844372160601974,0.8390496525897934,0.8497820055489497,0.9538105499451733,COMPLETE
319,0.8078294293663738,2026-06-03 10:14:19.430960,2026-06-03 10:14:31.813272,0 days 00:00:12.382312,balanced,0.9080388968657477,0.014603291502960304,4,20,0.00052730586139691,1900,208,5.683566765752944e-07,7.967778246417975e-06,0.9681896659123718,0.8509204810151582,0.8078294293663738,0.7748112378175517,0.8438083913708171,0.934778222619641,COMPLETE
320,0.8330565567676566,2026-06-03 10:14:31.822462,2026-06-03 10:15:30.672130,0 days 00:00:58.849668,balanced,0.6821652598745488,0.014649238096049011,-1,20,0.00017832121764196213,1900,208,7.778624749613935,2.0834768419804696e-05,0.9508643229720539,0.8727672483662993,0.8330565567676566,0.8123837415272194,0.8548213577940095,0.9484692812665916,COMPLETE
321,0.843490066869784,2026-06-03 10:15:30.680788,2026-06-03 10:16:22.132283,0 days 00:00:51.451495,balanced,0.7837938028454856,0.01208278542953543,-1,20,0.03104418679485907,1900,224,3.054187378771311e-06,4.548099708419094e-05,0.961323623832858,0.8826708437706136,0.843490066869784,0.8357656447502987,0.8513674197384066,0.9535024550493825,COMPLETE
322,0.8448068040596123,2026-06-03 10:16:22.141516,2026-06-03 10:17:09.489347,0 days 00:00:47.347831,balanced,0.754895371422469,0.01316767271240969,-1,10,0.022503668695508842,1900,216,2.408569795626396e-07,1.7238559817574167e-05,0.971316956829683,0.8839429535310482,0.8448068040596123,0.8390802228939421,0.850631334579016,0.9540809033036721,COMPLETE
323,0.8329481460263962,2026-06-03 10:17:09.499446,2026-06-03 10:17:31.742334,0 days 00:00:22.242888,balanced,0.7447528518912621,0.013208813910435008,-1,20,0.9945541474332851,1900,216,1.831277322166681e-07,1.5702330868366037e-05,0.9675574615640281,0.8725569825587599,0.8329481460263962,0.8114851297745928,0.8555857539210691,0.9487549378860369,COMPLETE
324,0.8447523040759859,2026-06-03 10:17:31.751653,2026-06-03 10:18:20.901961,0 days 00:00:49.150308,balanced,0.7361392334521732,0.01329571442410027,-1,10,0.056281511832058526,1900,224,2.817346417843996e-07,5.72100286391458e-05,0.9553260427483565,0.884027067878692,0.8447523040759859,0.8399327122254249,0.8496404507106052,0.9540340900992765,COMPLETE
325,0.8435176405131254,2026-06-03 10:18:20.910397,2026-06-03 10:19:10.706298,0 days 00:00:49.795901,balanced,0.7470791108656438,0.012099074181126457,-1,10,0.08981503795603978,1900,224,3.9131920646066005e-07,5.603928924148758e-05,0.9591271970144344,0.8828916175298313,0.8435176405131254,0.8371977568374648,0.8499518713549629,0.9537208101677956,COMPLETE
326,0.8243245149594493,2026-06-03 10:19:10.715955,2026-06-03 10:19:33.537298,0 days 00:00:22.821343,balanced,0.7662455735075899,0.012974852638305475,8,170,0.059148774291787054,1900,216,3.4509935880772785e-07,7.000108452964137e-05,0.9542509614631097,0.8644721992224341,0.8243245149594493,0.7947183354792299,0.8562369061774531,0.9446462570900619,COMPLETE
327,0.8409684490042714,2026-06-03 10:19:33.545969,2026-06-03 10:20:23.179408,0 days 00:00:49.633439,,0.7958466108806165,0.01268270299419814,-1,10,0.04949238199972143,1900,224,2.3403398763991557e-07,0.00011829669012522748,0.9482480487736361,0.8855514911699963,0.8409684490042714,0.8688393527005179,0.8148462714455579,0.954025232083385,COMPLETE
328,0.8433355608592522,2026-06-03 10:20:23.188561,2026-06-03 10:21:11.583473,0 days 00:00:48.394912,balanced,0.7675104837462252,0.013911146650625508,-1,20,0.07527532080664491,1900,216,1.7439693908903212e-07,3.0293826360189674e-05,0.9671331357787851,0.8828390509121484,0.8433355608592522,0.8376004844043653,0.8491591642602344,0.9533050540669405,COMPLETE
329,0.844387769599817,2026-06-03 10:21:11.592948,2026-06-03 10:21:59.100904,0 days 00:00:47.507956,balanced,0.7617138489499107,0.013415164442602368,-1,10,0.0298388395458805,1900,216,2.1361352311291723e-07,2.3022411193058736e-05,0.9575466191753917,0.8837221718135221,0.844387769599817,0.8393228361651602,0.8495272068399298,0.9540927014355579,COMPLETE
330,0.8404931613533785,2026-06-03 10:21:59.109163,2026-06-03 10:22:44.542639,0 days 00:00:45.433476,balanced,0.7587298051351383,0.012158011709265192,12,20,0.045610772020071834,1900,224,2.3125974122902191e-07,0.0008054398504959618,0.9488218215456904,0.8795483672487098,0.8404931613533785,0.826882772959622,0.8545665590849895,0.9522455763200096,COMPLETE
331,0.8440917032245016,2026-06-03 10:22:44.551884,2026-06-03 10:23:35.071778,0 days 00:00:50.519894,balanced,0.7362470897471337,0.01152465967687393,-1,10,0.027982893299815587,1900,224,5.013545636484781e-07,3.913072015435185e-05,0.9607596113471903,0.8831754801170465,0.8440917032245016,0.836739619819697,0.8515939074797577,0.9539678565204998,COMPLETE
332,0.8411524342633374,2026-06-03 10:23:35.081141,2026-06-03 10:24:01.130745,0 days 00:00:26.049604,balanced,0.7726435958113448,0.08034642299443662,-1,10,0.06773633289500001,1900,216,3.692182318334231e-07,6.87822508604555e-05,0.9546273013437145,0.8828180187605783,0.8411524342633374,0.846907903720428,0.8354849668761678,0.9525036431336092,COMPLETE
333,0.8371154811661802,2026-06-03 10:24:01.139154,2026-06-03 10:24:29.388189,0 days 00:00:28.249035,balanced,0.7662460281823587,0.013474608292083738,14,10,0.5617912552191613,2000,216,6.352603447047593e-07,2.630210460012438e-05,0.9733454771548312,0.8761946093475063,0.8371154811661802,0.8184265276776651,0.856689881660155,0.9503774448847366,COMPLETE
334,0.8436566203083188,2026-06-03 10:24:29.406430,2026-06-03 10:25:18.426310,0 days 00:00:49.019880,balanced,0.7610975384526717,0.017466102892768492,-1,20,0.036142148995677935,1900,224,2.4251193777949e-07,2.5050283414412502e-05,0.9577562489147596,0.8837326870603165,0.8436566203083188,0.8425830657155119,0.8447426533038899,0.9536705310596675,COMPLETE
335,0.8441741962702088,2026-06-03 10:25:18.436037,2026-06-03 10:26:08.293179,0 days 00:00:49.857142,balanced,0.7863476340464142,0.014315165817284438,-1,10,0.022487319576876875,1900,232,1.6286372890463353e-07,4.33225791548397e-05,0.9754050968106488,0.8837852467144796,0.8441741962702088,0.8407046694384749,0.847686993941453,0.9540770983333203,COMPLETE
336,0.7922314453496018,2026-06-03 10:26:08.302804,2026-06-03 10:26:14.131778,0 days 00:00:05.828974,balanced,0.6523827821811071,0.012967946769676632,6,10,0.0515451415801551,400,216,2.5880148679390016e-07,8.286314645724882e-06,0.9662461131605403,0.8421312865651327,0.7922314453496018,0.774762444427743,0.8105146933922202,0.9273360871236597,COMPLETE
337,0.8440100155360195,2026-06-03 10:26:14.141117,2026-06-03 10:27:01.903542,0 days 00:00:47.762425,balanced,0.7539333333824794,0.016360587778076672,-1,10,0.023567156172736102,2000,208,1.044104805095996e-06,1.6396402546714756e-05,0.9466402943614459,0.8839534684462467,0.8440100155360195,0.8426453188307385,0.8453938055602741,0.9542327978879661,COMPLETE
338,0.8435650609905223,2026-06-03 10:27:01.912258,2026-06-03 10:27:48.663503,0 days 00:00:46.751245,balanced,0.7772659393761716,0.014803147104837551,-1,10,0.09164997845223236,1900,216,7.744760640698336e-07,2.381602345381437e-05,0.9738281627516919,0.8832700977740217,0.8435650609905223,0.8396652113962221,0.8475171281354396,0.9537222955478203,COMPLETE
339,0.8444891505027443,2026-06-03 10:27:48.671908,2026-06-03 10:28:39.518682,0 days 00:00:50.846774,balanced,0.7742416767739874,0.013944883890324559,-1,20,0.0007144747664389021,1900,224,3.9233809489032136e-07,8.568724540633561e-06,0.9591051983189491,0.8837326873919128,0.8444891505027443,0.8389730539786148,0.8500934261933072,0.9540609191737621,COMPLETE
340,0.8372234949025176,2026-06-03 10:28:39.528483,2026-06-03 10:29:14.057611,0 days 00:00:34.529128,balanced,0.7619472956022836,0.013715293974932407,10,30,0.044194522595630704,1900,232,2.7175360857558006e-07,1.1876716480757584e-05,0.9630237950314269,0.8762576842484636,0.8372234949025176,0.8183942201283099,0.856944680369175,0.9505787268621922,COMPLETE
341,0.8355812232129312,2026-06-03 10:29:14.066614,2026-06-03 10:29:54.992865,0 days 00:00:40.926251,balanced,0.7719877919314309,0.11690314434513165,-1,20,0.021429921368329965,1900,224,4.76031636273819e-07,1.8581567934182824e-05,0.9524555691663484,0.8794116849569985,0.8355812232129312,0.8463193149458595,0.8251231527093595,0.9497955699120629,COMPLETE
342,0.8425304324424313,2026-06-03 10:29:55.002203,2026-06-03 10:30:47.144220,0 days 00:00:52.142017,balanced,0.7786227638525838,0.01248408956182769,-1,20,7.392792848381208e-05,1800,224,0.552653344272652,9.09921744332256e-06,0.9422717447103937,0.8817561844239726,0.8425304324424313,0.8334764396251294,0.8517920842534398,0.9533862177012381,COMPLETE
343,0.8428444924017023,2026-06-03 10:30:47.153196,2026-06-03 10:31:44.549710,0 days 00:00:57.396514,balanced,0.7692267524502714,0.013885112452151344,-1,20,0.057980159828638356,2000,232,3.148151832216249e-07,3.56973104201532e-05,0.8854361998668014,0.8827444359079427,0.8428444924017023,0.8390384853836391,0.8466961100730422,0.9535703825742287,COMPLETE
344,0.8437049241448361,2026-06-03 10:31:44.558593,2026-06-03 10:32:35.168512,0 days 00:00:50.609919,balanced,0.7342245830777121,0.012745753849642646,-1,20,0.03248282481575751,1900,224,3.759945365772757e-07,6.984891445708059e-06,0.9578642400186491,0.8829862408239416,0.8437049241448361,0.8370660487715599,0.8504614687730027,0.9536620905353246,COMPLETE
345,0.8402891201044116,2026-06-03 10:32:35.178101,2026-06-03 10:33:20.586999,0 days 00:00:45.408898,balanced,0.6822824289364323,0.014256300903833634,-1,60,0.019152231562915276,1800,184,1.3943759192175312e-07,1.304052781400391e-05,0.9631172045304842,0.8796850392609392,0.8402891201044116,0.8286210541155459,0.8523016816714796,0.9525461025954662,COMPLETE
346,0.8424293927671046,2026-06-03 10:33:20.595847,2026-06-03 10:33:57.216799,0 days 00:00:36.620952,balanced,0.8201288047732821,0.027099409980836483,-1,20,0.0681540529512299,1800,176,1.542096326335731e-07,5.925630538369068e-05,0.9705085964302599,0.8830177733004776,0.8424293927671046,0.8427838445066174,0.8420814223430156,0.9528197293604993,COMPLETE
347,0.841338223821673,2026-06-03 10:33:57.228031,2026-06-03 10:34:56.548144,0 days 00:00:59.320113,balanced,0.7885622351801026,0.01796565092202936,-1,10,0.04296064114826468,1900,216,2.1572075433949958e-07,7.453021156949704,0.9508748266398926,0.880778434259757,0.841338223821673,0.8317151054053887,0.8511975539323934,0.9522481733127819,COMPLETE
348,0.841481450370897,2026-06-03 10:34:56.556870,2026-06-03 10:35:44.594771,0 days 00:00:48.037901,,0.7565122235335621,0.013258982582256822,-1,10,0.01636334151486736,1800,232,6.157925553895505e-07,2.1950091237067836e-05,0.957058719045077,0.8860035678622662,0.841481450370897,0.87003974995786,0.8147613385425515,0.9542081500856328,COMPLETE
349,0.8429234964175554,2026-06-03 10:35:44.604808,2026-06-03 10:36:35.115397,0 days 00:00:50.510589,balanced,0.8126068117503823,0.016978866387480744,-1,20,0.034814389292497874,2000,216,3.9094801963948775e-07,8.959322270601147e-06,0.9691050294691308,0.8831859953638409,0.8429234964175554,0.8418526660463366,0.8440065681444993,0.9534420329042494,COMPLETE
350,0.8430294215115272,2026-06-03 10:36:35.124582,2026-06-03 10:37:24.697825,0 days 00:00:49.573243,balanced,0.7622701947072499,0.01167538235187836,-1,30,0.00038036131828507,1800,224,7.706694710510535e-07,8.814995557022157e-05,0.9766932409236773,0.8819769605043636,0.8430294215115272,0.8328904073502423,0.8534341203782345,0.9533885901890349,COMPLETE
351,0.8441939432864493,2026-06-03 10:37:24.707448,2026-06-03 10:38:07.642909,0 days 00:00:42.935461,balanced,0.7430174103160638,0.015860972652267335,-1,10,0.01904912647489863,1900,192,1.2284168327321819e-06,5.6414814405356566e-06,0.9631040302424622,0.8836590879594675,0.8441939432864493,0.8397182886801247,0.8487344997452012,0.9539925812621776,COMPLETE
352,0.8077731795423855,2026-06-03 10:38:07.651759,2026-06-03 10:38:20.747970,0 days 00:00:13.096211,balanced,0.7196927955469444,0.014914710282333323,4,10,0.0792279917242959,1900,184,8.938996043880877e-07,2.793920777251656e-06,0.9611640309706049,0.851025605629023,0.8077731795423855,0.7754710737245315,0.8429024404054131,0.934794192341943,COMPLETE
353,0.8411508080136142,2026-06-03 10:38:20.757223,2026-06-03 10:38:47.130661,0 days 00:00:26.373438,balanced,0.7478763231477221,0.019040577549898286,-1,20,0.06003319138997839,1400,136,1.051772389366203e-06,5.849452441990714e-06,0.9552848134237358,0.8799794184213336,0.8411508080136142,0.8271032979140029,0.8556989977917445,0.9525304351241299,COMPLETE
354,0.8334617202703397,2026-06-03 10:38:47.148198,2026-06-03 10:39:38.612120,0 days 00:00:51.463922,balanced,0.6680263958183413,0.06236989525858448,-1,120,0.032429137897080795,1900,192,1.5078542589145214e-06,0.00024181437682217115,0.9457618194942188,0.8768884846554476,0.8334617202703397,0.837404714813973,0.829567974633373,0.9486041836942597,COMPLETE
355,0.8440862337047248,2026-06-03 10:39:38.621313,2026-06-03 10:40:25.763279,0 days 00:00:47.141966,balanced,0.739330782794779,0.013566345473098379,-1,10,0.02251809656013327,2000,192,5.065674109645127e-07,4.1544599854345955e-06,0.9647660589526774,0.8832175391146473,0.8440862337047248,0.8370476936541644,0.8512541758677311,0.9540063316113431,COMPLETE
356,0.8440293783468814,2026-06-03 10:40:25.772173,2026-06-03 10:41:07.775934,0 days 00:00:42.003761,balanced,0.7443839406535284,0.01597374325899074,-1,10,0.053147710252999636,1900,184,1.6964310186899238e-06,3.179041070491175e-05,0.97206905176819,0.883364722726113,0.8440293783468814,0.8383450590411939,0.8498103165166185,0.953750728598628,COMPLETE
357,0.8435761283305022,2026-06-03 10:41:07.785710,2026-06-03 10:41:53.031471,0 days 00:00:45.245761,balanced,0.7259362501616256,0.01428525182219525,-1,20,0.023214035886397158,1900,192,2.0187626204666508e-07,1.5818512607118746e-05,0.963279021862647,0.8827444352447502,0.8435761283305022,0.8359087002736562,0.8513957307060754,0.9536519300566293,COMPLETE
358,0.8395586606710497,2026-06-03 10:41:53.040967,2026-06-03 10:42:20.936074,0 days 00:00:27.895107,balanced,0.7380028623817954,0.0554381714029173,8,10,0.045933397821638355,2000,192,2.1468588441187493e-06,6.559386604260233e-06,0.9545599099687522,0.8802527568086571,0.8395586606710497,0.8354793008457205,0.8436951475001416,0.9509351172537178,COMPLETE
359,0.8444440844279439,2026-06-03 10:42:20.945610,2026-06-03 10:43:04.803142,0 days 00:00:43.857532,balanced,0.7521725531710672,0.017385292332213108,-1,10,0.018492213038798132,1900,200,1.0945469557157844e-06,3.0282712491245457e-06,0.9700543118810105,0.8840480900823761,0.8444440844279439,0.8414355285729421,0.8474888171677707,0.9541497854517987,COMPLETE
360,0.8452621256876363,2026-06-03 10:43:04.812573,2026-06-03 10:43:49.946529,0 days 00:00:45.133956,balanced,0.7458242655116573,0.016771850292889356,-1,10,6.898312153063679e-06,1900,200,1.2131232687286552e-06,2.6942146277040053e-06,0.9699061797794205,0.8846788911525524,0.8452621256876363,0.842402602708634,0.8481682803918238,0.954428370700894,COMPLETE
361,0.8373847663935098,2026-06-03 10:43:49.962580,2026-06-03 10:44:15.481569,0 days 00:00:25.518989,balanced,0.7532282212104588,0.016531129484456526,-1,20,0.4794999353266675,2000,208,6.756108178281252e-07,2.201542150886303e-06,0.9731944304369605,0.8764258996799033,0.8373847663935098,0.818860475892191,0.8567748145631618,0.9509697825602758,COMPLETE
362,0.8439709818278169,2026-06-03 10:44:15.491350,2026-06-03 10:44:59.931156,0 days 00:00:44.439806,balanced,0.6756535590422775,0.020241760212745697,12,10,0.0014135567476696725,1900,200,9.941865324073043e-07,4.152819618503471e-05,0.9694292569340202,0.8835539577084672,0.8439709818278169,0.8399417269054412,0.8480550365211483,0.9534255373154616,COMPLETE
363,0.8252276396778088,2026-06-03 10:44:59.940345,2026-06-03 10:45:16.612733,0 days 00:00:16.672388,balanced,0.7523914244175756,0.021740582195366707,-1,10,0.041816418481332066,1900,24,3.1944458571733586e-07,2.486739349957486e-06,0.9772313411652712,0.8655130242876071,0.8252276396778088,0.7974830196951667,0.8549912236000227,0.9451456923552906,COMPLETE
364,0.8423102917215868,2026-06-03 10:45:16.621908,2026-06-03 10:46:06.019795,0 days 00:00:49.397887,balanced,0.7487345030420094,0.01241724378194233,14,20,0.021869131450155666,1900,216,1.483366910787269e-06,2.3479835913082195e-05,0.9667448077303283,0.8813461524706674,0.8423102917215868,0.8315670902799717,0.8533491874752279,0.9529894002584278,COMPLETE
365,0.8416266077161628,2026-06-03 10:46:06.028192,2026-06-03 10:47:02.149677,0 days 00:00:56.121485,balanced,0.7999638198524485,0.018417178823698338,-1,80,0.001084870901210218,1900,208,5.109126893974716e-07,1.7948703070067844e-06,0.9561594620910391,0.8816300137314977,0.8416266077161628,0.8363817060802541,0.8469509087820621,0.9524491968192721,COMPLETE
366,0.8176325553718433,2026-06-03 10:47:02.159487,2026-06-03 10:47:20.131577,0 days 00:00:17.972090,,0.7791209293229228,0.01717869350663696,6,10,0.10161804318091153,2000,232,2.44567713190967e-06,2.893215297279057e-06,0.9702866762350537,0.8694029659336079,0.8176325553718433,0.8491551458271732,0.7884321386104977,0.9436997253199317,COMPLETE
