number,value,datetime_start,datetime_complete,duration,params_class_weight,params_colsample_bytree,params_learning_rate,params_max_depth,params_min_child_samples,params_min_split_gain,params_n_estimators,params_num_leaves,params_reg_alpha,params_reg_lambda,params_subsample,user_attrs_accuracy,user_attrs_f1,user_attrs_precision,user_attrs_recall,user_attrs_roc_auc,state
245,0.8441888473835393,2026-06-03 09:26:31.019471,2026-06-03 09:27:18.025301,0 days 00:00:47.005830,balanced,0.880807207034425,0.01511905872435524,-1,10,0.0002649786618957699,1900,208,1.5078802272709448e-06,5.335338601797128e-06,0.9871556920382194,0.8837326883867013,0.8441888473835393,0.840296342095483,0.8481399694241549,0.9538806164997081,COMPLETE
246,0.842072451218051,2026-06-03 09:27:18.034836,2026-06-03 09:28:02.213058,0 days 00:00:44.178222,balanced,0.8844160417503706,0.030500407570840448,-1,10,0.002293542107849369,1900,208,2.2135279223687256e-06,9.322117951914339e-06,0.9951451469955179,0.8836696058590315,0.842072451218051,0.8491297524628479,0.8351452352641413,0.9533882696516777,COMPLETE
247,0.842522785697115,2026-06-03 09:28:02.222285,2026-06-03 09:28:51.392790,0 days 00:00:49.170505,balanced,0.9006951866094829,0.014044828555250294,-1,20,0.03856735030586428,1900,216,7.080882801344737e-06,6.151800870489783e-06,0.9860613503819297,0.8821346570414504,0.842522785697115,0.836114391240319,0.849045920389559,0.9531230399502529,COMPLETE
248,0.8396673119545124,2026-06-03 09:28:51.402430,2026-06-03 09:29:27.266343,0 days 00:00:35.863913,balanced,0.8921600676826752,0.015290480623850673,10,10,0.001116317334135513,1900,216,1.5455651331137184e-05,1.2771774445902263e-05,0.9809049841992498,0.8785601134435664,0.8396673119545124,0.8236797486897203,0.8562935281127908,0.9513984429115375,COMPLETE
249,0.8413552000655553,2026-06-03 09:29:27.284567,2026-06-03 09:30:14.027587,0 days 00:00:46.743020,,0.8785191888108238,0.014492953681798955,-1,10,0.0002953157100444541,1900,208,3.5457429080676097e-05,4.432537944345673e-06,0.9657971628200697,0.8857617569775358,0.8413552000655553,0.868669309899403,0.8157239114432931,0.9540588942945907,COMPLETE
250,0.8417251897224096,2026-06-03 09:30:14.046363,2026-06-03 09:31:01.071200,0 days 00:00:47.024837,balanced,0.8895955291124791,0.012992589793800503,-1,20,0.031985285659603124,1900,208,2.721964265996767e-06,1.2233994243895379e-05,0.9999220382354848,0.8810412620426327,0.8417251897224096,0.8319047567563277,0.8517920842534398,0.952499304424939,COMPLETE
251,0.8430282117586007,2026-06-03 09:31:01.079736,2026-06-03 09:31:44.951849,0 days 00:00:43.872113,balanced,0.8841941302393169,0.01570933029461476,-1,10,0.05413350203192188,1900,192,1.4384221558552721e-06,4.994492244392387e-06,0.9903337065283717,0.8826813440955795,0.8430282117586007,0.8378027007012475,0.848338146197837,0.9532387533113766,COMPLETE
252,0.8426538574606646,2026-06-03 09:31:44.960248,2026-06-03 09:32:30.088649,0 days 00:00:45.128401,balanced,0.8953754639896502,0.013711880814553922,-1,10,0.02335402168115769,1800,208,1.1432289057832654e-05,7.725536400169883e-06,0.9561692193341756,0.8822082455312216,0.8426538574606646,0.836070338827931,0.8493573410339166,0.9535637745649103,COMPLETE
253,0.8388124407524847,2026-06-03 09:32:30.097952,2026-06-03 09:32:50.231523,0 days 00:00:20.133571,balanced,0.879248235900692,0.014914242300967415,-1,10,0.0345936586888649,800,184,6.146612235461601e-06,1.2824381963114466e-05,0.9719425393090788,0.8774141514954694,0.8388124407524847,0.8196313362083858,0.8589264481059962,0.9513744674535357,COMPLETE
254,0.8340046008125004,2026-06-03 09:32:50.241140,2026-06-03 09:33:20.772054,0 days 00:00:30.530914,balanced,0.9050631339143089,0.013162718992879152,-1,130,0.01851472715065348,1900,80,7.864045966932761e-07,5.95810557205052e-06,0.9837037209636,0.8729670015798138,0.8340046008125004,0.8101218600363317,0.8593511126210295,0.9494222148110297,COMPLETE
255,0.8431694160325328,2026-06-03 09:33:20.781627,2026-06-03 09:34:04.737438,0 days 00:00:43.955811,balanced,0.8795487933532636,0.014375761232307988,-1,20,0.0004292085280950056,1800,200,3.09559571000359e-06,9.633151844830001e-06,0.9786952151980705,0.882313377771799,0.8431694160325328,0.8346237150198931,0.8519053281241153,0.9535108326613494,COMPLETE
256,0.8403566005783025,2026-06-03 09:34:04.745774,2026-06-03 09:34:34.317610,0 days 00:00:29.571836,balanced,0.8969386923186123,0.015523881674011916,-1,10,0.0678478115031572,1700,120,1.8154073570181268e-06,1.8208081613810873e-05,0.964206720358104,0.8792224503062406,0.8403566005783025,0.8252746453079706,0.8560104184361021,0.9521916758024137,COMPLETE
257,0.8079680715955145,2026-06-03 09:34:34.325839,2026-06-03 09:34:47.137157,0 days 00:00:12.811318,balanced,0.8870673120080369,0.016529727133660417,4,10,0.049435787098071775,1900,216,4.6044845762507434e-06,3.497964397837986e-06,0.9901928728076864,0.8509940741472758,0.8079680715955145,0.7747823656139277,0.8441481229828436,0.9351984840422248,COMPLETE
258,0.8444705309641961,2026-06-03 09:34:47.146276,2026-06-03 09:35:28.099251,0 days 00:00:40.952975,balanced,0.8760383822842202,0.017560706678568648,-1,10,0.00011901477227121635,1800,192,7.646170866192762e-06,6.867739073673712e-06,0.9723385087250881,0.883837807363431,0.8444705309641961,0.8397941885595762,0.8492157861955721,0.9540524439913777,COMPLETE
259,0.8439917070110176,2026-06-03 09:35:28.108957,2026-06-03 09:36:10.833715,0 days 00:00:42.724758,balanced,0.8731601457447777,0.018395052027519607,-1,20,0.0006717644103948294,1800,192,2.45582648369117e-05,6.612790947010535e-06,0.9732409938126871,0.8834908738544126,0.8439917070110176,0.83939807830782,0.8486495668421946,0.953698197295885,COMPLETE
260,0.8433199935946035,2026-06-03 09:36:10.843063,2026-06-03 09:36:52.173570,0 days 00:00:41.330507,balanced,0.8705679539833648,0.018392463149329925,-1,20,0.019199464792273194,1800,184,2.369592857568503e-05,6.678679980017541e-06,0.9716289467324217,0.8828180200869631,0.8433199935946035,0.8375187040602167,0.8492157861955721,0.9534222269255167,COMPLETE
261,0.8437609652144551,2026-06-03 09:36:52.183112,2026-06-03 09:37:31.267048,0 days 00:00:39.083936,balanced,0.8739081325321736,0.017127586322461166,-1,20,0.03546885339063734,1700,192,1.1948417696655836e-05,3.746736722595576e-06,0.9708591185698913,0.8830282895420608,0.8437609652144551,0.8371276318724994,0.8505180907083404,0.9532566622994453,COMPLETE
262,0.8382086224399287,2026-06-03 09:37:31.276621,2026-06-03 09:38:24.032153,0 days 00:00:52.755532,balanced,0.8909564898344254,0.01942315343339692,-1,180,0.01731294173023273,1800,184,7.035551879113913e-06,5.316990469517577e-06,0.9625955165549827,0.8783498592418937,0.8382086224399287,0.8281128609261147,0.848564633939188,0.9506250522293226,COMPLETE
263,0.8428055293383504,2026-06-03 09:38:24.041295,2026-06-03 09:39:02.899228,0 days 00:00:38.857933,balanced,0.8771746121254494,0.018115106822484104,-1,20,0.048093046180349555,1700,192,1.8982143718116196e-05,9.069346021069545e-06,0.9771752419944665,0.8824710789512324,0.8428055293383504,0.8372681697040864,0.8484230791008436,0.9530241056962314,COMPLETE
264,0.8442709682003895,2026-06-03 09:39:02.908340,2026-06-03 09:39:46.316675,0 days 00:00:43.408335,balanced,0.8639300206600115,0.017811841315238792,-1,10,0.01889290849541238,1800,208,8.195734875438107e-06,4.6661749508639205e-06,0.9863393012646559,0.884016543347204,0.8442709682003895,0.8419405799407054,0.8466394881377046,0.9538747672798568,COMPLETE
265,0.8310595392157677,2026-06-03 09:39:46.335065,2026-06-03 09:40:09.608440,0 days 00:00:23.273375,balanced,0.865711961818802,0.01738346320096655,8,10,0.03438401976883799,1800,144,8.915195129932022e-06,2.170489512888349e-06,0.9865291291107227,0.8707592129218235,0.8310595392157677,0.8075412120315199,0.8560104184361021,0.9480445024833118,COMPLETE
266,0.8374709803503896,2026-06-03 09:40:09.627269,2026-06-03 09:40:28.143258,0 days 00:00:18.515989,,0.8844475788548528,0.08685919519923774,-1,10,0.07202340767740627,1800,208,4.943284429738234e-06,3.1980298947814497e-06,0.9862649757600405,0.8829231476851938,0.8374709803503896,0.8643020885685856,0.8122699733876905,0.9521866046935411,COMPLETE
267,0.8432379549620707,2026-06-03 09:40:28.152934,2026-06-03 09:41:12.964223,0 days 00:00:44.811289,balanced,0.9015872455505717,0.01614252275097058,-1,10,0.021372165951300624,1800,216,7.386097168916849e-06,1.0347570672712574e-05,0.9921820035318003,0.8830913717381342,0.8432379549620707,0.839827679061631,0.8466961100730422,0.953407614183336,COMPLETE
268,0.8422302620876007,2026-06-03 09:41:12.973768,2026-06-03 09:41:53.790067,0 days 00:00:40.816299,balanced,0.8631065521411755,0.01752054275388201,-1,10,0.05311496585337285,1700,208,3.0712565000289786e-06,4.499783048035446e-06,0.9945235917191971,0.8822082425468558,0.8422302620876007,0.8378850124567006,0.8466394881377045,0.9531718681733445,COMPLETE
269,0.8439835327446191,2026-06-03 09:41:53.799238,2026-06-03 09:42:39.502343,0 days 00:00:45.703105,balanced,0.8945445251135973,0.014120220686622595,-1,10,0.016351194015385834,1900,200,5.283532049172167e-06,1.3628672128177873e-05,0.9811610227888554,0.8832490616432973,0.8439835327446191,0.8377010543224882,0.8503765358699961,0.9535903454128688,COMPLETE
270,0.843378860453222,2026-06-03 09:42:39.511931,2026-06-03 09:43:24.565482,0 days 00:00:45.053551,balanced,0.8683050294551973,0.016084335949282956,-1,10,0.03462878994171836,1800,224,1.2797873812056014e-05,2.1644202391159273e-06,0.9999262073262072,0.8831439403453943,0.843378860453222,0.839572308955382,0.8472340184587509,0.9530801386977777,COMPLETE
271,0.8441642678175224,2026-06-03 09:43:24.574944,2026-06-03 09:44:09.709579,0 days 00:00:45.134635,balanced,0.8831633396630851,0.013370003255686722,-1,10,0.01584581222278423,1800,208,3.665041632242576e-06,1.4104168348125726e-06,0.9669686664687784,0.8832070205518909,0.8441642678175224,0.8366592093837356,0.8518203952211086,0.9536648278145323,COMPLETE
272,0.8408268653708083,2026-06-03 09:44:09.718817,2026-06-03 09:44:49.831973,0 days 00:00:40.113156,balanced,0.8847395122611195,0.012883599935814291,12,10,0.01321434426358145,1700,216,2.1745852142382177e-06,1.498212945346868e-06,0.9537647922468013,0.8798637706023656,0.8408268653708083,0.8276397137402612,0.854453315214314,0.9521346216727548,COMPLETE
273,0.834732719151431,2026-06-03 09:44:49.843942,2026-06-03 09:45:19.106764,0 days 00:00:29.262822,balanced,0.889513188456805,0.013304258824457424,14,110,0.001643443183753193,1300,208,3.2322488133748795e-06,3.057497745983426e-06,0.9667502833673864,0.8737765266963002,0.834732719151431,0.8123509274675982,0.8583885397202877,0.9498687617127262,COMPLETE
274,0.8200958376213485,2026-06-03 09:45:19.115910,2026-06-03 09:45:37.274250,0 days 00:00:18.158340,balanced,0.8782430118448117,0.01379694703456453,6,10,0.0005491509678004319,1900,216,7.279318652986564e-06,1.1468369519177203e-06,0.9615820290779139,0.8610658866410104,0.8200958376213485,0.789860560203605,0.8527546571541816,0.9422973187174977,COMPLETE
275,0.84175570241013,2026-06-03 09:45:37.283611,2026-06-03 09:46:21.612767,0 days 00:00:44.329156,balanced,0.897427144873515,0.01468503890023718,-1,20,0.05236904499156786,1800,208,1.1030143985201437e-05,4.329652730986966e-06,0.9755105463085517,0.8814723128836603,0.84175570241013,0.8347444698992952,0.8489043655512146,0.953155502256037,COMPLETE
276,0.8338885598655565,2026-06-03 09:46:21.622549,2026-06-03 09:46:39.292512,0 days 00:00:17.669963,balanced,0.882281549641672,0.020661335589179788,-1,10,0.8243304444746069,1900,168,3.863196269853628e-06,6.891188542392196e-06,0.9711800848989717,0.8731562458468612,0.8338885598655565,0.8116938886916184,0.8573410339165393,0.9492082069923232,COMPLETE
277,0.8406575058944293,2026-06-03 09:46:39.300769,2026-06-03 09:47:21.645937,0 days 00:00:42.345168,balanced,0.905317603022229,0.03849502618911831,-1,10,0.03325129900212661,1800,224,1.8997847788672917e-06,1.6539810478543555e-06,0.979891363600522,0.8829441761892056,0.8406575058944293,0.850034813756348,0.8314931204348565,0.9532003798101402,COMPLETE
278,0.8292984185006237,2026-06-03 09:47:21.655150,2026-06-03 09:47:31.311158,0 days 00:00:09.656008,balanced,0.8889190893599745,0.014945684672706131,-1,10,0.07981221697661499,300,200,2.7494335978432163e-06,9.231015772484481e-06,0.959036321521713,0.8694134818435949,0.8292984185006237,0.8058435742293412,0.8541702055376253,0.9469414750864535,COMPLETE
279,0.8360854712004161,2026-06-03 09:47:31.320602,2026-06-03 09:48:04.569626,0 days 00:00:33.249024,balanced,0.876661852279795,0.012968794256225458,10,20,0.000285102196074193,1800,216,8.402877118303075e-06,2.7582816849436315e-06,0.9667588013843085,0.8751432696987312,0.8360854712004161,0.815740280906776,0.8574825887548837,0.9505394189955346,COMPLETE
280,0.8428665542673528,2026-06-03 09:48:04.578813,2026-06-03 09:48:44.894807,0 days 00:00:40.315994,balanced,0.8691882367498512,0.01344011128514683,-1,10,0.03415695628352382,1700,192,5.055811080343813e-06,6.779515621044391e-06,0.9832242441237957,0.881892835545642,0.8428665542673528,0.8329752113415917,0.8530094558632014,0.9532384227308212,COMPLETE
281,0.8425289482910984,2026-06-03 09:48:44.903151,2026-06-03 09:49:28.184726,0 days 00:00:43.281575,balanced,0.8630395988886949,0.01422630909696739,-1,20,0.06198403551570078,1800,200,1.3805715617919712e-06,4.74440618391731e-06,0.9762563745200956,0.8818087394357889,0.8425289482910984,0.8338311202723178,0.8514240416737445,0.9531046665466479,COMPLETE
282,0.8445980607615771,2026-06-03 09:49:28.193529,2026-06-03 09:50:15.009914,0 days 00:00:46.816385,balanced,0.8945927674337453,0.015614322159347632,-1,10,0.018768348847366667,1900,208,5.133872209399592e-07,1.3813657320939825e-05,0.9563781497255713,0.8841427077393513,0.8445980607615771,0.8414457642516272,0.8478002378121284,0.9539099080625245,COMPLETE
283,0.8406997074384391,2026-06-03 09:50:15.019152,2026-06-03 09:51:13.087355,0 days 00:00:58.068203,balanced,0.9002520970682198,0.015184093280661837,-1,80,0.03731193524753057,1900,216,3.3586607373347214e-07,1.917309373141249e-05,0.9540169846567155,0.8805891999405953,0.8406997074384391,0.8330766820186072,0.8484797010361814,0.9520992529678245,COMPLETE
284,0.8385598522065375,2026-06-03 09:51:13.096644,2026-06-03 09:51:42.048180,0 days 00:00:28.951536,balanced,0.893534126353792,0.013967522691942935,-1,10,0.5189474762120077,1900,184,5.843417035015306e-07,1.3232721394942148e-05,0.963051160261409,0.8773931299549776,0.8385598522065375,0.8204622816946238,0.8574825887548837,0.9512531550922795,COMPLETE
285,0.8442075916265049,2026-06-03 09:51:42.057757,2026-06-03 09:52:28.929691,0 days 00:00:46.871934,balanced,0.9072277641418068,0.01542369459565728,-1,10,0.018417623865749477,1900,208,4.580061618341823e-07,1.1607918453353723e-05,0.9854157093158166,0.8837431973331681,0.8442075916265049,0.8402760750806383,0.8481965913594927,0.9535423941710427,COMPLETE
286,0.8429056109940404,2026-06-03 09:52:28.939308,2026-06-03 09:53:16.239910,0 days 00:00:47.300602,balanced,0.9017501211915373,0.015504820329469217,-1,20,0.018013901647795167,1900,208,5.013849068907733e-07,1.0390559120074652e-05,0.9865586659695769,0.8826077569321932,0.8429056109940404,0.8377995629489291,0.8480833474888172,0.9531124483976608,COMPLETE
287,0.8428943229378639,2026-06-03 09:53:16.248994,2026-06-03 09:54:01.274527,0 days 00:00:45.025533,balanced,0.9043481140633501,0.017225362718691354,-1,10,0.050992727932672725,1900,200,8.631427111742938e-07,3.387257471945385e-06,0.993123484694606,0.8828811099097491,0.8428943229378639,0.8398116614141147,0.8460166468489893,0.9530773170562178,COMPLETE
288,0.8085635357634953,2026-06-03 09:54:01.283814,2026-06-03 09:54:14.039231,0 days 00:00:12.755417,balanced,0.9129285942841475,0.015368405246838027,4,10,0.015946673531644518,1900,192,1.013487178395246e-06,1.966142524925469e-06,0.9562707796737684,0.8514881925941445,0.8085635357634953,0.7754962228856059,0.8446010984655455,0.935201283690985,COMPLETE
289,0.8378802900244825,2026-06-03 09:54:14.048435,2026-06-03 09:54:54.534091,0 days 00:00:40.485656,,0.9103320546388691,0.01910150574891066,-1,20,0.038857158282619875,1900,176,6.718165392624403e-07,5.034918235970108e-06,0.987508682899546,0.8832070039720813,0.8378802900244825,0.8646655539147088,0.8127229488703924,0.9527797659975654,COMPLETE
290,0.8432863866835735,2026-06-03 09:54:54.543233,2026-06-03 09:55:40.145070,0 days 00:00:45.601837,balanced,0.8838762492743717,0.016554215729094286,-1,10,0.018403085279554445,1900,208,5.116566829494163e-07,9.693780235790456e-06,0.9802191527461324,0.8832175288351655,0.8432863866835735,0.8404999341201802,0.8461015797519961,0.9536598307364764,COMPLETE
291,0.8435630290265381,2026-06-03 09:55:40.153726,2026-06-03 09:56:26.018558,0 days 00:00:45.864832,balanced,0.8767528507363163,0.014741086914053625,-1,10,0.002346540965288208,1900,200,4.0617301757177924e-07,2.5319016547011356e-05,0.9947051368977851,0.8829546904412116,0.8435630290265381,0.8374493446538338,0.8497820055489497,0.9534590180079459,COMPLETE
292,0.8433827830910632,2026-06-03 09:56:26.036233,2026-06-03 09:57:09.170283,0 days 00:00:43.134050,balanced,0.8888617865033043,0.012561345427173347,-1,10,0.0645699020672795,1800,192,4.759510322462581e-05,1.4576742638176051e-05,0.9681611782961043,0.8823239013084981,0.8433827830910632,0.8337977103052872,0.8532076326368836,0.9532268201079243,COMPLETE
293,0.8383549406474867,2026-06-03 09:57:09.179610,2026-06-03 09:58:00.541369,0 days 00:00:51.361759,balanced,0.8955404876429953,0.01587254157129336,-1,150,0.036547157413328264,1800,184,1.3837478692142346e-06,4.2145767176465344e-05,0.977993228571961,0.8780239356675006,0.8383549406474867,0.8253705825556334,0.8517637732857709,0.9509140115459683,COMPLETE
294,0.8437577596389928,2026-06-03 09:58:00.551158,2026-06-03 09:58:47.332906,0 days 00:00:46.781748,balanced,0.879200511345422,0.013617140463926328,-1,10,0.018988790755254017,1900,208,2.121418520764725e-06,7.904659267193896e-06,0.9845815137494786,0.883080862128475,0.8437577596389928,0.8375030478250167,0.850121737160976,0.9535778142961958,COMPLETE
295,0.8432413481668307,2026-06-03 09:58:47.343808,2026-06-03 09:59:28.941924,0 days 00:00:41.598116,balanced,0.8886158189095498,0.014645817559276218,-1,20,0.0020919352798110594,1700,200,2.7385596880203335e-07,3.3358299537749848e-06,0.9633899180669809,0.8824500587371253,0.8432413481668307,0.8352784586068558,0.8513674197384066,0.9534745069264567,COMPLETE
296,0.8444825440309808,2026-06-03 09:59:28.951249,2026-06-03 10:00:12.117275,0 days 00:00:43.166026,balanced,0.6752390265558096,0.01740471689000859,-1,10,0.04689656140972832,1900,192,1.194889717560041e-05,0.00026013790600144863,0.97394492492714,0.8839955314230017,0.8444825440309808,0.8409013974668914,0.8481116584564861,0.9538377952618656,COMPLETE
297,0.8332397993649024,2026-06-03 10:00:12.126940,2026-06-03 10:00:35.908378,0 days 00:00:23.781438,balanced,0.7513003676159442,0.018254321609569468,8,10,0.05214400723005613,1800,208,1.751334259981903e-05,5.194796108304281e-05,0.9786709775359879,0.8727041747917266,0.8332397993649024,0.8113098395387307,0.8564067719834663,0.9487359097141609,COMPLETE
298,0.8430016681365373,2026-06-03 10:00:35.930242,2026-06-03 10:01:17.695381,0 days 00:00:41.765139,balanced,0.8717799131217976,0.017409558553955984,-1,10,0.034831178022681895,1800,200,1.4116858155253157e-05,0.00045827153451728374,0.9996232271525486,0.8828075021873992,0.8430016681365373,0.8387975777650531,0.8472623294264198,0.9530295876482932,COMPLETE
299,0.8424332284762134,2026-06-03 10:01:17.705031,2026-06-03 10:01:44.950790,0 days 00:00:27.245759,balanced,0.7142401025448119,0.016567759405330916,-1,20,0.07722523817856494,1000,224,9.468818959692999e-06,0.00017554496258616315,0.9546907235866976,0.8811884595811385,0.8424332284762134,0.8299865495854327,0.8552743332767113,0.9528527518576483,COMPLETE
300,0.8435659963948687,2026-06-03 10:01:44.960163,2026-06-03 10:02:27.158322,0 days 00:00:42.198159,balanced,0.6800742790677207,0.017452432278727014,12,10,0.0009523018197521344,1900,192,3.333249548832696e-05,0.0003061566140207917,0.9865252542836558,0.88266032321828,0.8435659963948687,0.8353758734056574,0.8519336390917841,0.9531165644842415,COMPLETE
301,0.8442599326736112,2026-06-03 10:02:27.166796,2026-06-03 10:03:07.033088,0 days 00:00:39.866292,balanced,0.6613000180969697,0.01562313046475761,-1,10,0.04679511679399247,1700,200,1.030462098824276e-06,1.8861551992535432e-05,0.9699715335240316,0.883417289343796,0.8442599326736112,0.837728238752724,0.8509144442557046,0.9539713488113589,COMPLETE
302,0.8430441522770514,2026-06-03 10:03:07.042289,2026-06-03 10:03:46.584954,0 days 00:00:39.542665,balanced,0.6603576547744234,0.015650029576210357,-1,20,0.08919798088370821,1600,208,1.3469202782314745e-06,2.667344631654665e-05,0.9931919540344801,0.8822608230915788,0.8430441522770514,0.8347839491751134,0.851480663609082,0.9529871512790647,COMPLETE
303,0.8437036228506066,2026-06-03 10:03:46.594408,2026-06-03 10:04:23.713494,0 days 00:00:37.119086,balanced,0.6691361157767622,0.01656663446568439,-1,10,0.06037409550594455,1600,200,8.727461549144184e-07,1.81090494754732e-05,0.9803464045641126,0.8828811128941149,0.8437036228506066,0.8363333183949894,0.8512258649000622,0.9536353026906305,COMPLETE
304,0.843450862231408,2026-06-03 10:04:23.723149,2026-06-03 10:05:06.286186,0 days 00:00:42.563037,balanced,0.6618472869779474,0.018236620624345546,14,20,0.039111350759911415,1700,216,7.389010498761924e-07,8.214764603661751e-05,0.959514342025013,0.8829231665861766,0.843450862231408,0.837724230130843,0.84927240813091,0.9531631505346088,COMPLETE
305,0.8391688171006958,2026-06-03 10:05:06.294792,2026-06-03 10:05:33.486436,0 days 00:00:27.191644,balanced,0.8670236934353236,0.015586377734630489,-1,10,0.0352204297614446,1700,104,1.7765465243221718e-06,3.813902012981321e-05,0.967645422693651,0.8780344456087561,0.8391688171006958,0.8222259281305515,0.8568314364984996,0.9517252637206491,COMPLETE
