number,value,datetime_start,datetime_complete,duration,params_class_weight,params_colsample_bytree,params_learning_rate,params_max_depth,params_min_child_samples,params_min_split_gain,params_n_estimators,params_num_leaves,params_reg_alpha,params_reg_lambda,params_subsample,user_attrs_accuracy,user_attrs_f1,user_attrs_precision,user_attrs_recall,user_attrs_roc_auc,state
367,0.8442897429178773,2026-06-03 10:47:20.141416,2026-06-03 10:48:05.030081,0 days 00:00:44.888665,balanced,0.7569884452501662,0.015014541733160117,-1,10,0.038091768970710184,1900,200,1.1666518259997034e-07,1.9387388922667105e-05,0.9790485541297672,0.883532933846802,0.8442897429178773,0.8384104368967321,0.8502632919993206,0.9538443499121323,COMPLETE
368,0.8440157513315593,2026-06-03 10:48:05.039557,2026-06-03 10:48:49.873310,0 days 00:00:44.833753,balanced,0.7583470081106936,0.01460944473215697,-1,10,0.06923035471247584,1900,200,1.2005040571671206e-07,1.86936016764919e-05,0.961351764875302,0.8833962608397842,0.8440157513315593,0.8386138805690923,0.8494988958722609,0.9538234075141064,COMPLETE
369,0.8436900542084985,2026-06-03 10:48:49.882633,2026-06-03 10:49:35.493702,0 days 00:00:45.611069,balanced,0.8269129894173319,0.013168420580049394,-1,10,0.04133913463927727,1900,200,8.679846536803944e-08,6.006982637646255e-05,0.9763672971823312,0.8828916195194084,0.8436900542084985,0.8364697241743938,0.8510559990940489,0.9536318196779424,COMPLETE
370,0.8439897766075865,2026-06-03 10:49:35.503518,2026-06-03 10:50:23.048474,0 days 00:00:47.544956,balanced,0.7520630665879834,0.013816936775477906,-1,20,0.08172441717997321,1800,224,1.8334680337406357e-07,2.9617519608785606e-05,0.9463247198429269,0.8833331842808457,0.8439897766075865,0.8382859861058733,0.8497820055489497,0.9533512003475438,COMPLETE
371,0.8399497268831927,2026-06-03 10:50:23.058095,2026-06-03 10:51:00.983423,0 days 00:00:37.925328,balanced,0.6506786861582609,0.014688252338135447,10,10,0.05528274295418789,2000,200,2.0062873440491245e-06,0.00011646599405788867,0.968338655451815,0.8790016728994647,0.8399497268831927,0.825441473344652,0.8549912236000227,0.95164722552803,COMPLETE
372,0.8363692510416169,2026-06-03 10:51:01.001932,2026-06-03 10:51:18.215896,0 days 00:00:17.213964,balanced,0.7561206778982456,0.01281942460678289,-1,10,0.03332354587090396,600,208,1.454819598697162e-07,1.5891901847655952e-05,0.9781064173578619,0.8752273810620089,0.8363692510416169,0.81520679407135,0.8586716493969764,0.9505780209658835,COMPLETE
373,0.8389292791864299,2026-06-03 10:51:18.224180,2026-06-03 10:51:44.392596,0 days 00:00:26.168416,balanced,0.7605779416913472,0.015444572071356903,-1,70,0.01676516887316612,900,216,1.3046837806057776e-06,4.450774375807424e-05,0.9634847110553041,0.8776559643697771,0.8389292791864299,0.8207272209827079,0.8579638752052544,0.9517486223659483,COMPLETE
374,0.8445874888503343,2026-06-03 10:51:44.402203,2026-06-03 10:52:26.450485,0 days 00:00:42.048282,balanced,0.7727313554474177,0.01696994206435429,-1,10,0.03684114251569123,1800,200,1.2153037374389457e-07,3.4652156797072324e-06,0.9527761018068149,0.8840691112912716,0.8445874888503343,0.8409413197773031,0.8482815242624993,0.9538823145038773,COMPLETE
375,0.8433970335179133,2026-06-03 10:52:26.459187,2026-06-03 10:53:11.366883,0 days 00:00:44.907696,balanced,0.7714203788340778,0.01665607538660302,-1,20,0.06763305892803675,1900,200,2.683360816535193e-07,1.6285886121467262e-06,0.9370176560597381,0.8830808574861283,0.8433970335179133,0.8390498138070482,0.8478002378121284,0.9533289889159379,COMPLETE
376,0.8325709524217636,2026-06-03 10:53:11.376870,2026-06-03 10:53:33.661493,0 days 00:00:22.284623,balanced,0.7803387856861524,0.014013003717869578,-1,30,0.9033112961923202,1800,200,8.132890935492968e-08,2.7044787822997595e-05,0.9428636189911836,0.8720313100816028,0.8325709524217636,0.8096821148452239,0.8568031255308307,0.9488268499918426,COMPLETE
377,0.8441489325659205,2026-06-03 10:53:33.670290,2026-06-03 10:54:22.831462,0 days 00:00:49.161172,balanced,0.7666049449685303,0.017110495296527285,-1,10,0.0467712100331237,1900,232,1.2784638521062614e-07,3.2084152648982005e-06,0.9532870802640876,0.8842478509226028,0.8441489325659205,0.8441877975816946,0.8441198120151747,0.9539857079830236,COMPLETE
378,0.8443691699046125,2026-06-03 10:54:22.840689,2026-06-03 10:55:07.158402,0 days 00:00:44.317713,balanced,0.7443254998100026,0.011822860385837984,-1,10,0.018575929303301823,1800,200,6.101412340345724e-08,1.3634783896951112e-05,0.9499779935690494,0.8830913700801534,0.8443691699046125,0.8349702265919611,0.8540003397316119,0.9538017004813364,COMPLETE
379,0.8428765475633214,2026-06-03 10:55:07.166526,2026-06-03 10:55:50.802462,0 days 00:00:43.635936,balanced,0.7360707264996875,0.016099780167020995,-1,20,0.035998551184382235,1800,200,4.46274491938504e-08,8.816177888150079e-06,0.940755454712404,0.8824080063714485,0.8428765475633214,0.8365313807729184,0.8493290300662477,0.9536192237800466,COMPLETE
380,0.8407604971965585,2026-06-03 10:55:50.812655,2026-06-03 10:56:25.964180,0 days 00:00:35.151525,balanced,0.7466545397938325,0.011428306897957093,-1,10,0.0008720385866321859,1900,128,1.1805547831706364e-07,1.4881385811947637e-05,0.9500487041600716,0.8793381047571324,0.8407604971965585,0.8244339323009485,0.8577656984315724,0.9526006470380813,COMPLETE
381,0.8442592154603622,2026-06-03 10:56:25.972606,2026-06-03 10:57:11.624037,0 days 00:00:45.651431,balanced,0.7304253374562524,0.011877691472834996,-1,10,0.017715719348343702,1900,192,5.8469664040507424e-08,5.273648748388764e-06,0.9495758741515699,0.8829757206032044,0.8442592154603622,0.8346181082588404,0.8541418945699565,0.9537669929768554,COMPLETE
382,0.835963456025485,2026-06-03 10:57:11.642109,2026-06-03 10:57:35.626297,0 days 00:00:23.984188,balanced,0.7602064246759244,0.011116935650496686,-1,10,0.0004804583322071468,1300,112,1.0376199784954234e-07,9.119325164002873e-06,0.9569622633914142,0.874712219520896,0.835963456025485,0.8135276856857104,0.8596908442330559,0.9504637239685829,COMPLETE
383,0.8072853659729028,2026-06-03 10:57:35.644586,2026-06-03 10:57:47.417527,0 days 00:00:11.772941,balanced,0.7442655199901139,0.015013686423686341,4,20,0.6889082638052473,1800,192,1.868922307565248e-07,0.001241079401669363,0.9579711228972344,0.8505525024223184,0.8072853659729028,0.774542847056496,0.8429307513730819,0.9341676607058075,COMPLETE
384,0.8370716013251132,2026-06-03 10:57:47.427007,2026-06-03 10:58:09.678824,0 days 00:00:22.251817,balanced,0.7920747083458601,0.012316954912081018,-1,20,0.0555785543227541,800,200,9.890723873855388e-08,1.4075786191836432e-05,0.9489097754815302,0.8759528011155453,0.8370716013251132,0.8170803713999906,0.8580771190759299,0.9511151658253357,COMPLETE
385,0.8436819021228791,2026-06-03 10:58:09.687082,2026-06-03 10:58:57.370650,0 days 00:00:47.683568,balanced,0.7507790334281506,0.017332837015255967,-1,10,0.09293581754738278,2000,200,6.756971035466848e-08,3.593759057961065e-06,0.9603458381983082,0.8837116572299198,0.8436819021228791,0.8423307675845749,0.8450540739482476,0.9537833401741255,COMPLETE
386,0.8440306715989516,2026-06-03 10:58:57.379654,2026-06-03 10:59:41.673294,0 days 00:00:44.293640,balanced,0.6895253039133082,0.015741139877096452,-1,10,0.03339266586548122,1800,184,1.614599904399447e-07,2.261707961019237e-05,0.9339485833552336,0.8831965023207307,0.8440306715989516,0.8371375148222789,0.851055999094049,0.9539153352908861,COMPLETE
387,0.8389200620244122,2026-06-03 10:59:41.682951,2026-06-03 11:00:08.464264,0 days 00:00:26.781313,balanced,0.7406984734726627,0.013115227308071829,-1,10,0.018362112177346894,1100,160,6.587769060491278e-08,1.2364628867591173e-06,0.9444548346804477,0.8776349395133233,0.8389200620244122,0.8206515090244411,0.8580488081082612,0.9519158321089097,COMPLETE
388,0.8416876938174763,2026-06-03 11:00:08.474430,2026-06-03 11:00:57.212129,0 days 00:00:48.737699,,0.7654108843902869,0.01455010324809105,-1,20,0.0006852609312935388,1900,208,2.4299738575635435e-07,7.437470723531479e-06,0.8991385117173645,0.8859510019077756,0.8416876938174763,0.8686189522178441,0.8164033746673461,0.9539573683952898,COMPLETE
389,0.8426989656432209,2026-06-03 11:00:57.221736,2026-06-03 11:01:50.304330,0 days 00:00:53.082594,balanced,0.7724559093730562,0.011906503363821777,-1,10,0.047206965302828974,1800,192,3.3515452487918026e-07,2.167680362699553e-06,0.6706638002986981,0.8819243885811417,0.8426989656432209,0.8339185163445512,0.8516788403827643,0.9531425656269917,COMPLETE
390,0.8327803426714459,2026-06-03 11:01:50.313384,2026-06-03 11:02:20.935750,0 days 00:00:30.622366,balanced,0.705290229823652,0.0167089784167035,8,10,0.07056618510482539,1900,208,2.7490327604146595e-08,3.944316120978752e-05,0.9789370736584627,0.8722310762273687,0.8327803426714459,0.8101341703184968,0.856746503595493,0.9487006205469236,COMPLETE
391,0.8434100377998269,2026-06-03 11:02:20.945250,2026-06-03 11:03:01.452673,0 days 00:00:40.507423,balanced,0.7601299955393347,0.015242803025373657,-1,20,0.030837023508252088,1700,200,6.273515320450005e-07,8.136100082023842e-05,0.9711249305303467,0.8825972479857264,0.8434100377998269,0.8355848359749437,0.8513957307060754,0.9534325103770911,COMPLETE
392,0.8446289124783478,2026-06-03 11:03:01.462675,2026-06-03 11:03:45.801189,0 days 00:00:44.338514,balanced,0.7545167511676415,0.017925302070937135,-1,10,0.0002702335391922859,1900,200,1.3507210403507123e-07,1.2278830559326777e-05,0.9551298633782858,0.8844265660158159,0.8446289124783478,0.8433450489985427,0.8459317139459827,0.9545055602225245,COMPLETE
393,0.843415247943159,2026-06-03 11:03:45.810649,2026-06-03 11:04:31.688955,0 days 00:00:45.878306,balanced,0.7492402898114663,0.01932880489846303,12,10,0.017334716159314194,2000,184,1.1243648709635768e-07,5.364849429882198e-06,0.9531349686449022,0.8830177779428242,0.843415247943159,0.8385355730690955,0.8483664571655058,0.9533516167605717,COMPLETE
394,0.8411871389140261,2026-06-03 11:04:31.699561,2026-06-03 11:04:58.364567,0 days 00:00:26.665006,balanced,0.7373150357123837,0.024182740839347138,-1,10,0.016119302203648402,1900,80,1.9012678832302778e-07,1.1419448505641113e-05,0.9409104799763173,0.8800319790702851,0.8411871389140261,0.8273129369731717,0.8555574429534,0.9523315216731492,COMPLETE
395,0.8433142523355516,2026-06-03 11:04:58.373507,2026-06-03 11:05:49.979612,0 days 00:00:51.606105,balanced,0.7531557602909126,0.01801692510303164,-1,10,0.0009426195928626344,1900,192,7.769149132915294e-08,2.21458085504823,0.9565114759614277,0.8824500560843558,0.8433142523355516,0.8349636899150564,0.8518487061887775,0.9536672856703694,COMPLETE
396,0.8363796061887663,2026-06-03 11:05:49.989162,2026-06-03 11:06:16.612289,0 days 00:00:26.623127,balanced,0.7603548576697474,0.018753169458081042,14,30,0.42018946873264934,1900,216,2.722456395904162e-07,3.347043477352606e-06,0.9509147522295662,0.8757635614908444,0.8363796061887663,0.8185185107810078,0.8550478455353604,0.9503645751137825,COMPLETE
397,0.8412948965299547,2026-06-03 11:06:16.621062,2026-06-03 11:07:16.738157,0 days 00:01:00.117095,balanced,0.7756305725448878,0.017473594467496915,-1,90,0.0005069229569315359,2000,208,1.4866630575698883e-07,6.6990165973376075e-06,0.9612025452672387,0.8812620580187952,0.8412948965299547,0.8352369326534443,0.8474605062001018,0.9523963119940699,COMPLETE
398,0.8428512718576658,2026-06-03 11:07:16.747791,2026-06-03 11:07:58.616528,0 days 00:00:41.868737,balanced,0.7702024654798902,0.019979441273621456,-1,20,0.03203998761542952,1800,200,5.8383211258978655e-08,1.2342891887971156e-05,0.9603138677265598,0.8830808667708218,0.8428512718576658,0.8414324112754872,0.8442896778211879,0.9536019813350025,COMPLETE
399,0.843379438578722,2026-06-03 11:07:58.626242,2026-06-03 11:08:44.817911,0 days 00:00:46.191669,balanced,0.7423276345037887,0.012885956270234382,-1,20,0.018809564196207714,1900,192,1.2454114561876215e-07,8.927289355233241e-06,0.9482522771111326,0.8823659523477905,0.843379438578722,0.8341140656431847,0.8528679010248571,0.9535135250029322,COMPLETE
400,0.8447974657180657,2026-06-03 11:08:44.827505,2026-06-03 11:09:28.801895,0 days 00:00:43.974390,balanced,0.758898644272329,0.016415487126546925,-1,10,0.0006273319330907617,1800,208,2.709010829523208e-07,4.294178532363265e-06,0.9654630478937644,0.8841847544678932,0.8447974657180657,0.8408618900564434,0.8487911216805392,0.9543527865042708,COMPLETE
401,0.8355968330928688,2026-06-03 11:09:28.820179,2026-06-03 11:09:47.015416,0 days 00:00:18.195237,balanced,0.7857659157853133,0.07110757061365797,6,10,0.03366580251705019,1900,192,2.296070422009725e-07,3.123400059237044e-05,0.9659350719148457,0.8754796995668217,0.8355968330928688,0.8197452906531056,0.8521035048977974,0.9488571512407886,COMPLETE
402,0.8442486713178133,2026-06-03 11:09:47.033689,2026-06-03 11:10:33.776216,0 days 00:00:46.742527,balanced,0.7568071929281862,0.01643750850656715,-1,10,0.016677078262406417,1900,216,3.8911792241479877e-07,1.8930824356168666e-06,0.9642757822346953,0.8840691175915995,0.8442486713178133,0.8424454224718679,0.846073268784327,0.9542223293228626,COMPLETE
403,0.8452541314462153,2026-06-03 11:10:33.785439,2026-06-03 11:11:23.289846,0 days 00:00:49.504407,balanced,0.7568868998990103,0.013722247061852653,-1,10,0.0014287688146096128,2000,208,2.5508914835937053e-07,1.7669101672577336e-05,0.9551022699002227,0.8843845116605618,0.8452541314462153,0.8402972703660776,0.8502916029669895,0.9543516225848383,COMPLETE
404,0.8423787456597872,2026-06-03 11:11:23.298870,2026-06-03 11:12:19.129870,0 days 00:00:55.831000,balanced,0.7648595488363257,0.012315445976447239,-1,50,0.0023765046692819885,2000,208,2.750846002261815e-07,0.0005045556402893005,0.9537057251970831,0.881493342714057,0.8423787456597872,0.8322922401931289,0.8527263461865126,0.9531513924205148,COMPLETE
405,0.8445620036469582,2026-06-03 11:12:19.139171,2026-06-03 11:13:13.386068,0 days 00:00:54.246897,balanced,0.7425585904697878,0.013583423077755258,-1,20,0.001987350673849571,2000,224,4.007919610733312e-07,3.732150343664751e-06,0.9428729819610119,0.8839114197281277,0.8445620036469582,0.8399545232422948,0.849244097163241,0.9540765957404754,COMPLETE
406,0.8402031208939791,2026-06-03 11:13:13.395329,2026-06-03 11:13:52.568829,0 days 00:00:39.173500,balanced,0.74654531100324,0.013473781879525524,10,10,0.0008195664382496424,2000,224,4.234568170360026e-07,7.404860761391871e-06,0.9389097077166576,0.8790857749780492,0.8402031208939791,0.8249768533001142,0.8560104184361021,0.9519347973619604,COMPLETE
407,0.8451867651942647,2026-06-03 11:13:52.578197,2026-06-03 11:14:46.670352,0 days 00:00:54.092155,balanced,0.7257597513942132,0.014021326614559118,-1,20,0.0006463172060920223,2000,224,6.245841617050861e-07,1.253024182303802e-05,0.943870202651307,0.8844475918670582,0.8451867651942647,0.8410408078930672,0.8493856520015854,0.9542063750646542,COMPLETE
408,0.8408615145501663,2026-06-03 11:14:46.678754,2026-06-03 11:15:45.622690,0 days 00:00:58.943936,,0.7354484341752696,0.014184241943690595,-1,20,0.016371476742339037,2000,224,6.370746790603325e-07,4.453311010603508e-06,0.9447282140446075,0.8854043055689534,0.8408615145501663,0.8681841409494795,0.8152426249929222,0.9539343079045876,COMPLETE
409,0.8423393080160723,2026-06-03 11:15:45.631371,2026-06-03 11:16:41.398956,0 days 00:00:55.767585,balanced,0.7125640139112845,0.013746222112991448,-1,30,0.01912950021368032,2000,224,4.205275423276693e-07,2.3528993866358465e-06,0.9567069636269026,0.8821241437842332,0.8423393080160723,0.8368228518330385,0.8479417926504728,0.9534444794768103,COMPLETE
410,0.8438400058707094,2026-06-03 11:16:41.408246,2026-06-03 11:17:37.015238,0 days 00:00:55.606992,balanced,0.7304427564614404,0.014322253118935813,-1,20,0.03222997229303081,2000,232,6.208494935020111e-07,1.0268979867128074e-05,0.935538494106713,0.8835224265583163,0.8438400058707094,0.8402919275001209,0.847432195232433,0.9537297695548675,COMPLETE
411,0.8440994827376084,2026-06-03 11:17:37.024751,2026-06-03 11:18:32.417530,0 days 00:00:55.392779,balanced,0.7288188876093649,0.013180744732521473,-1,20,0.0038726210028942275,2000,232,3.972934706614116e-07,0.00016149436655466735,0.9604525009876501,0.8835749835597095,0.8440994827376084,0.8395298705140365,0.8487344997452014,0.9540366484784571,COMPLETE
412,0.8448171676796968,2026-06-03 11:18:32.426932,2026-06-03 11:19:25.330359,0 days 00:00:52.903427,balanced,0.7521657373610202,0.014303283539267807,-1,20,0.0013542717714400037,2000,216,8.559350284429731e-07,2.2616604549993872e-05,0.9440073392783574,0.8841742475110034,0.8448171676796968,0.8406974832749956,0.8489892984542212,0.9540616124672924,COMPLETE
413,0.8082725990681238,2026-06-03 11:19:25.339354,2026-06-03 11:19:38.694233,0 days 00:00:13.354879,balanced,0.7489445050476462,0.01366464644383973,4,20,2.581350486952419e-05,2000,224,7.161566261377828e-07,4.375658509702828e-05,0.9402279472023731,0.8512884470073425,0.8082725990681238,0.7753644021061422,0.8441198120151747,0.9350223997573622,COMPLETE
414,0.8445121927864824,2026-06-03 11:19:38.703738,2026-06-03 11:20:30.117146,0 days 00:00:51.413408,balanced,0.7561637104431286,0.012631293171438244,-1,10,0.03688571118604485,2000,216,3.3355212366471365e-07,5.984512741168268e-05,0.9341195726469734,0.8837852457196909,0.8445121927864824,0.8392321130801245,0.8498669384519563,0.9541403737310596,COMPLETE
415,0.8440382103358511,2026-06-03 11:20:30.125801,2026-06-03 11:21:23.207431,0 days 00:00:53.081630,balanced,0.7524854196803097,0.012435529993057897,-1,20,0.051525330545027774,2000,216,1.0070669031800535e-06,9.272436101541082e-05,0.9375551638636044,0.8831859913846866,0.8440382103358511,0.8370363621078382,0.8511692429647245,0.953537906036732,COMPLETE
416,0.8433381094144808,2026-06-03 11:21:23.216669,2026-06-03 11:22:18.252010,0 days 00:00:55.035341,balanced,0.7404331242367878,0.016346611033654708,-1,30,0.03313664551159182,2000,224,4.940548755132585e-07,4.88013479383509e-05,0.9314422280775972,0.8832490802126841,0.8433381094144808,0.8404931928919339,0.8462148236226715,0.9533759431869755,COMPLETE
417,0.8453894905706134,2026-06-03 11:22:18.261790,2026-06-03 11:23:09.535811,0 days 00:00:51.274021,balanced,0.7524123798869643,0.012652712410652488,-1,10,0.018222552347533526,2000,216,7.911162316397152e-07,3.179708830033471e-05,0.9458926008178532,0.8844265766268941,0.8453894905706134,0.8400045026588066,0.8508578223203669,0.9541996114972927,COMPLETE
418,0.8447127912598152,2026-06-03 11:23:09.550266,2026-06-03 11:24:01.302383,0 days 00:00:51.752117,balanced,0.7559426372117295,0.012961235938530744,-1,10,0.06190007481481016,2000,216,6.549056321308493e-07,3.333511728772928e-05,0.9175743543222197,0.8840480880927989,0.8447127912598152,0.8402371484900071,0.8492440971632411,0.9539840667671656,COMPLETE
419,0.8447910225188909,2026-06-03 11:24:01.311204,2026-06-03 11:24:54.308320,0 days 00:00:52.997116,balanced,0.7528324062791245,0.012629947989321762,-1,10,0.05803131201937951,2000,216,8.535937280115836e-07,5.395710875777734e-05,0.9157877775211174,0.8840270635679414,0.8447910225188909,0.839757282169074,0.8498952494196251,0.9540585664639992,COMPLETE
420,0.8288143442501069,2026-06-03 11:24:54.317339,2026-06-03 11:25:20.840131,0 days 00:00:26.522792,balanced,0.7528785713983662,0.01127395191059728,8,10,0.0984361905071501,2000,216,9.391544772472522e-07,6.137172666915508e-05,0.9108119142127866,0.8686355001463184,0.8288143442501069,0.80300552283982,0.8563501500481286,0.9470869123667708,COMPLETE
421,0.8438812933621439,2026-06-03 11:25:20.849416,2026-06-03 11:26:12.727932,0 days 00:00:51.878516,balanced,0.7231634597195182,0.012684155439040631,-1,10,0.12158485048515438,2000,216,6.940661177817251e-07,6.556596861954514e-05,0.9245905228677579,0.8833857455929897,0.8438812933621439,0.8391197549304916,0.8487061887775323,0.9538334860263703,COMPLETE
422,0.8432743550063829,2026-06-03 11:26:12.737112,2026-06-03 11:27:08.062736,0 days 00:00:55.325624,balanced,0.7545066383276858,0.011908799478469057,-1,20,0.0653039068112365,2000,216,5.733304138259891e-07,8.721531345758759e-05,0.9046674923579333,0.8826182781477193,0.8432743550063829,0.8363297617563091,0.8503482249023272,0.9535422136426162,COMPLETE
423,0.8435226732175752,2026-06-03 11:27:08.081302,2026-06-03 11:28:03.032483,0 days 00:00:54.951181,balanced,0.7456166938021345,0.01277923970031107,-1,20,0.06841562178218491,2000,224,3.57189087890931e-07,0.0001233236145709578,0.9248444022938219,0.8829652109935452,0.8435226732175752,0.8377027859219724,0.8494422739369232,0.953553893030544,COMPLETE
424,0.8422614565978369,2026-06-03 11:28:03.042504,2026-06-03 11:28:50.953578,0 days 00:00:47.911074,balanced,0.7365441994929709,0.012464876050857044,12,10,0.07286671531216447,2000,216,6.222064044681586e-07,3.323199971352157e-05,0.9295921840714767,0.8813461528022636,0.8422614565978369,0.8317652808738697,0.8530377668308703,0.9527529893035949,COMPLETE
425,0.84409224519869,2026-06-03 11:28:50.972824,2026-06-03 11:29:42.619763,0 days 00:00:51.646939,balanced,0.7546106242316356,0.012383022246534965,-1,10,0.05489332676226109,2000,216,8.475716710356401e-07,0.00019472259588110331,0.9153548183092944,0.8834278026010133,0.84409224519869,0.8385168736729084,0.8497536945812808,0.9540849884845849,COMPLETE
426,0.8439744042074389,2026-06-03 11:29:42.629433,2026-06-03 11:30:51.323177,0 days 00:01:08.693744,balanced,0.7408572009374444,0.011554809863329617,-1,10,0.05532315959789551,2000,224,4.2307974126593575e-07,3.647514486370917e-05,0.9147795381730758,0.8832490755703374,0.8439744042074389,0.8377696644809968,0.8502916029669895,0.9540814037453905,COMPLETE
427,0.8418944825547365,2026-06-03 11:30:51.332700,2026-06-03 11:31:49.746384,0 days 00:00:58.413684,balanced,0.7497807753018209,0.010511400332233996,-1,30,0.0827106182726795,2000,224,7.394977656940465e-07,5.49006466572413e-05,0.9217243251367496,0.8811989754911255,0.8418944825547365,0.8322889917963678,0.851735462318102,0.9529763751762914,COMPLETE
