number,value,datetime_start,datetime_complete,duration,params_class_weight,params_colsample_bytree,params_learning_rate,params_max_depth,params_min_child_samples,params_min_split_gain,params_n_estimators,params_num_leaves,params_reg_alpha,params_reg_lambda,params_subsample,user_attrs_accuracy,user_attrs_f1,user_attrs_precision,user_attrs_recall,user_attrs_roc_auc,state
61,0.8413439631419676,2026-06-03 07:12:04.778042,2026-06-03 07:12:49.592202,0 days 00:00:44.814160,balanced,0.8852751993021117,0.014965561466939534,16,10,0.31454177866780275,1800,216,0.014649533911619987,0.047309960345851804,0.8179689020444578,0.8810517759630425,0.8413439631419676,0.8335734868232652,0.8492724081309099,0.9526915501007066,COMPLETE
62,0.8418472230440286,2026-06-03 07:12:49.609798,2026-06-03 07:13:32.998281,0 days 00:00:43.388483,balanced,0.8636151881005556,0.022102535474357338,16,20,0.19514555589077248,1700,224,0.001551500913690257,0.0012406028509366184,0.8399498759714108,0.8822503058552073,0.8418472230440286,0.8398226680448854,0.8438933242738237,0.9522656651295657,COMPLETE
63,0.8410603028082719,2026-06-03 07:13:33.007497,2026-06-03 07:14:20.412119,0 days 00:00:47.404622,balanced,0.8687355187671958,0.022024250641328784,16,20,0.15379133245732451,1700,256,0.001829767058852365,0.0012523462148182228,0.8670289710043737,0.882019013533233,0.8410603028082719,0.8415496806090785,0.8405809410565652,0.9524983449386234,COMPLETE
64,0.8413931993189662,2026-06-03 07:14:20.421165,2026-06-03 07:15:00.213719,0 days 00:00:39.792554,balanced,0.7808020594534046,0.01656254587292974,12,10,0.21082322750398436,1600,232,0.0006048069476198806,0.006695087263976822,0.8368005365601082,0.8810097209445958,0.8413931993189662,0.8330738928735117,0.8498952494196251,0.9524922264347353,COMPLETE
65,0.8408203078981792,2026-06-03 07:15:00.223310,2026-06-03 07:15:34.695457,0 days 00:00:34.472147,balanced,0.842420630454015,0.028193257519702277,14,20,0.2535886252599147,1800,208,0.01563750530905087,2.038825437857244e-05,0.8770095705935577,0.8809045870460377,0.8408203078981792,0.8347359654500494,0.8470075307174,0.9516775778464339,COMPLETE
66,0.8269428019478329,2026-06-03 07:15:34.704798,2026-06-03 07:15:51.450372,0 days 00:00:16.745574,balanced,0.8580958042728892,0.022918783743472403,16,30,0.9689189083729141,1700,48,5.0923154310053254e-05,0.0021141908314199695,0.8536949100457796,0.8669954131194287,0.8269428019478329,0.800041467356296,0.8557273087594134,0.9460657225215683,COMPLETE
67,0.8203486403448735,2026-06-03 07:15:51.459144,2026-06-03 07:16:06.823782,0 days 00:00:15.364638,balanced,0.6991049167683027,0.01845039426153189,6,10,0.11283143136469162,1500,248,1.6418343108826559,0.0004877002144052199,0.9148787141871604,0.8612340884770061,0.8203486403448735,0.7899867523263097,0.8531510107015459,0.9425552806117877,COMPLETE
68,0.8321075705469226,2026-06-03 07:16:06.831968,2026-06-03 07:16:21.602859,0 days 00:00:14.770891,balanced,0.9135381715801436,0.01438736677343552,16,30,0.18044947834783517,500,240,0.0045505158923044185,0.01389225127388092,0.9021566955945486,0.8716318033229778,0.8321075705469226,0.8089791586462004,0.8566049487571484,0.9483839650074937,COMPLETE
69,0.8347249968548006,2026-06-03 07:16:21.611698,2026-06-03 07:16:53.469527,0 days 00:00:31.857829,,0.8902862824965061,0.0210963802022398,10,20,0.23205532205778806,1900,240,0.04006392379517936,0.2427551254569519,0.9335554326098102,0.8810622799355664,0.8347249968548006,0.8624117405314639,0.8087877243644188,0.9508652790778963,COMPLETE
70,0.8399307983411792,2026-06-03 07:16:53.478495,2026-06-03 07:17:22.359093,0 days 00:00:28.880598,balanced,0.8962255760760207,0.042972343939695054,16,10,0.28425294798455014,1800,192,2.689328235067204e-05,0.07893131142873544,0.8039554037013786,0.880883555226064,0.8399307983411792,0.838311142366142,0.841571824924976,0.9515329793122066,COMPLETE
71,0.8415747863649746,2026-06-03 07:17:22.367543,2026-06-03 07:18:00.973550,0 days 00:00:38.606007,balanced,0.8647824908834693,0.017140268026081002,16,10,0.3795418350837198,1800,216,0.0012550254298486381,0.031451877795211164,0.8179844531220274,0.881083314739906,0.8415747863649746,0.832827455875884,0.8505180907083404,0.9524476140132835,COMPLETE
72,0.8416252003917682,2026-06-03 07:18:00.982354,2026-06-03 07:18:57.570967,0 days 00:00:56.588613,balanced,0.8795059267167568,0.013467529435338401,16,20,0.20826741214493105,2000,216,0.0006061899597538734,0.009470817700702416,0.786127346504877,0.8815038529869086,0.8416252003917682,0.8355239532903126,0.8478285487797973,0.9523506688450016,COMPLETE
73,0.8418971029021716,2026-06-03 07:18:57.580046,2026-06-03 07:19:38.235429,0 days 00:00:40.655383,balanced,0.8470336416155533,0.015619568019441487,16,10,0.26679969298995626,1600,224,8.956912971222991e-05,0.023339688092962295,0.8443327268116745,0.8816825922866435,0.8418971029021716,0.8356164168866297,0.8482815242624993,0.9528446230119559,COMPLETE
74,0.840954477541282,2026-06-03 07:19:38.244533,2026-06-03 07:20:20.447165,0 days 00:00:42.202632,balanced,0.8350275878988723,0.011924575081000357,16,10,0.3242439688868988,1600,224,8.316281080995437e-05,0.003534197799312307,0.8401062504083887,0.8803684122543375,0.840954477541282,0.8305016964444287,0.8516788403827643,0.9526334249529805,COMPLETE
75,0.804891214319348,2026-06-03 07:20:20.456365,2026-06-03 07:20:30.218111,0 days 00:00:09.761746,balanced,0.8500586797940413,0.015437485974518,4,20,0.2779188922615724,1400,232,1.2845461962300078e-05,0.0008905039954744736,0.8608166800682258,0.8487442125646446,0.804891214319348,0.772483752837657,0.8401562765415322,0.9330740150564841,COMPLETE
76,0.8403161652234868,2026-06-03 07:20:30.236586,2026-06-03 07:21:19.067830,0 days 00:00:48.831244,balanced,0.822700713989184,0.02383347868006284,16,30,0.13177644689763873,1700,256,0.0001876495501636021,0.0207108239772272,0.8780550449204871,0.8814197459343812,0.8403161652234868,0.8404609960261373,0.8401845875092011,0.9517881125871916,COMPLETE
77,0.8406129815455974,2026-06-03 07:21:19.076319,2026-06-03 07:21:52.741778,0 days 00:00:33.665459,balanced,0.8450604763611053,0.019667668748966652,-1,10,0.4406275409800997,1500,208,0.0024200489472611672,0.1632760450645014,0.7450503033490717,0.8802422548257103,0.8406129815455974,0.8310853170526936,0.8503765358699961,0.9521433499009332,COMPLETE
78,0.8402458415831634,2026-06-03 07:21:52.750332,2026-06-03 07:22:24.874519,0 days 00:00:32.124187,balanced,0.8137258525666834,0.02610357068259453,16,40,0.18544062835147884,1200,224,7.491608896963044e-05,0.007065620486632769,0.8240589224397178,0.8805786797198579,0.8402458415831634,0.8348942994693824,0.8456769152369628,0.9514095182759345,COMPLETE
79,0.8332823950245795,2026-06-03 07:22:24.883638,2026-06-03 07:22:48.014561,0 days 00:00:23.130923,balanced,0.7948121734297344,0.01727825921497905,8,10,0.2514051023987933,1700,240,0.000147964115209459,0.05678007332248049,0.6731092893426005,0.8726305793384358,0.8332823950245795,0.8107274939108461,0.8571428571428571,0.9486045151042656,COMPLETE
80,0.8343467713632009,2026-06-03 07:22:48.023041,2026-06-03 07:23:25.643899,0 days 00:00:37.620858,,0.7577655658546246,0.010920470849717109,16,20,0.309209735960938,1900,136,4.309384887207849e-06,0.015822325738572073,0.8847212950633851,0.881051757725252,0.8343467713632009,0.8640286570659853,0.8066644017892531,0.951347017178648,COMPLETE
81,0.8406838965150111,2026-06-03 07:23:25.652134,2026-06-03 07:24:03.080135,0 days 00:00:37.428001,balanced,0.8609755681173829,0.014015257082448733,16,10,0.3716071082931409,1800,160,0.0010639247956375365,0.03038360003507725,0.8418111149371175,0.879842737124411,0.8406838965150111,0.8280749645326867,0.8536889190872544,0.9522310221408459,COMPLETE
82,0.8392908215674265,2026-06-03 07:24:03.089440,2026-06-03 07:24:41.738554,0 days 00:00:38.649114,balanced,0.8667941509242955,0.015635059898311703,16,20,0.4066714953179062,1600,200,0.0004772329531285563,0.07439737219424053,0.7819911384178453,0.8790016669307333,0.8392908215674265,0.8280987676842,0.8508012003850292,0.951672585750425,COMPLETE
83,0.839609843436986,2026-06-03 07:24:41.746732,2026-06-03 07:25:14.038001,0 days 00:00:32.291269,balanced,0.8759023599000715,0.01844433949256293,16,10,0.46271310558710954,1800,232,0.0037248874492821853,0.1224393845471423,0.8491336066950553,0.8791278369600158,0.839609843436986,0.8276472382395864,0.8519336390917842,0.9519112103110814,COMPLETE
84,0.8387749799498393,2026-06-03 07:25:14.046957,2026-06-03 07:25:57.246913,0 days 00:00:43.199956,balanced,0.8965030693360239,0.014728115650918024,16,30,0.5263561481150123,1900,224,0.005901129439051713,0.0019515216878699326,0.7157069061985857,0.8783708754768466,0.8387749799498393,0.8260018354855072,0.8519619500594531,0.9510233314267537,COMPLETE
85,0.8351445233685636,2026-06-03 07:25:57.255147,2026-06-03 07:26:19.888065,0 days 00:00:22.632918,balanced,0.8295635318448423,0.012526871069488292,12,20,0.22253458263938436,1000,248,0.0010137777719312216,0.010763046781088746,0.7685946883331259,0.8743968204779907,0.8351445233685636,0.8146448523653604,0.8567181926278241,0.9496874439200308,COMPLETE
86,0.8406787754497146,2026-06-03 07:26:19.897264,2026-06-03 07:27:10.540383,0 days 00:00:50.643119,balanced,0.8406606569950749,0.015937581523583398,16,10,0.33056928142562486,1700,256,0.0018698240687054259,0.8002302744218845,0.7025701484706783,0.8807048427856204,0.8406787754497146,0.8339640685674059,0.8475171281354398,0.9518762334011287,COMPLETE
87,0.8357589589055071,2026-06-03 07:27:10.548791,2026-06-03 07:27:43.269737,0 days 00:00:32.720946,balanced,0.8511862752737586,0.02046119549090297,14,130,0.26106786392333314,1500,184,0.00010761104087036597,0.2640745420741233,0.8014336950005663,0.8752904543049854,0.8357589589055071,0.8179019288202628,0.8544250042466451,0.9495545794688542,COMPLETE
88,0.8226981595645463,2026-06-03 07:27:43.278835,2026-06-03 07:27:58.960900,0 days 00:00:15.682065,balanced,0.8741304329751133,0.01759987935202951,6,10,0.15969530770237098,1600,208,0.009873279832613567,0.005474011801498249,0.7512692790329512,0.8631370135662534,0.8226981595645463,0.7927217886796462,0.8550478455353604,0.94367532785551,COMPLETE
89,0.8410682680097139,2026-06-03 07:27:58.969976,2026-06-03 07:28:46.401869,0 days 00:00:47.431893,balanced,0.9160208955166728,0.013472397873533375,16,20,0.27362066563506404,1700,240,0.0004598697089556608,0.024683264255670467,0.8334854792945832,0.8808099753577938,0.8410682680097139,0.8330568476412016,0.849244097163241,0.9522392642570785,COMPLETE
90,0.8310171662570581,2026-06-03 07:28:46.411221,2026-06-03 07:29:07.778163,0 days 00:00:21.366942,balanced,0.8533467553153904,0.01917242581036215,10,50,0.359051017742094,1900,232,0.00018487664944162493,0.04201512344061751,0.9928694508031244,0.870401742280662,0.8310171662570581,0.8055949826430616,0.858105430043599,0.9477017167599882,COMPLETE
91,0.841080876198017,2026-06-03 07:29:07.787076,2026-06-03 07:29:51.180153,0 days 00:00:43.393077,balanced,0.8583638960745688,0.02151972152228179,16,10,0.34547156888134906,2000,248,0.0002517027850306238,0.015004914704131646,0.759427172052126,0.8815248785065547,0.841080876198017,0.8379644885336978,0.8442330558858502,0.9522606966194087,COMPLETE
92,0.8419855061788929,2026-06-03 07:29:51.189432,2026-06-03 07:30:51.359053,0 days 00:01:00.169621,balanced,0.8832277676376745,0.01659691473213568,16,20,0.07522792689547844,1900,248,3.685994315268524e-05,0.003290521568894844,0.7882091581664749,0.8825972433433797,0.8419855061788929,0.841711524263881,0.8422795991166977,0.9526791095178414,COMPLETE
93,0.8421621163214784,2026-06-03 07:30:51.368190,2026-06-03 07:31:38.009247,0 days 00:00:46.641057,balanced,0.8819760164473949,0.01504017373133377,16,20,0.0725121881884746,1800,224,3.04213876858029e-05,0.0001921616904560871,0.9794270829904751,0.8818718219634588,0.8421621163214784,0.8358106022411865,0.8486212558745257,0.952688838563323,COMPLETE
94,0.840902443386784,2026-06-03 07:31:38.017736,2026-06-03 07:32:28.776691,0 days 00:00:50.758955,balanced,0.8893543818155772,0.016304108019856628,16,30,0.07426248019630022,1800,224,1.5975957842365386e-05,0.00020236257132130148,0.9807071604064409,0.8810097255869426,0.840902443386784,0.8351108466485403,0.846781042976049,0.9522690175901548,COMPLETE
95,0.8432404030065269,2026-06-03 07:32:28.786007,2026-06-03 07:33:27.867079,0 days 00:00:59.081072,balanced,0.9252811822173896,0.014750207056126528,-1,20,0.036460098571239274,1900,248,2.3094304543585723e-06,8.259220430778983e-05,0.9519198978003911,0.8832911163301477,0.8432404030065269,0.8412176694708915,0.8452805616895985,0.9534372017087168,COMPLETE
96,0.8417195995680257,2026-06-03 07:33:27.875928,2026-06-03 07:34:29.272770,0 days 00:01:01.396842,balanced,0.9337358468208476,0.014517552165071026,-1,40,0.031939772237126685,1900,256,2.4733817290038396e-06,5.6767087754829594e-05,0.9648605214063813,0.881777205301272,0.8417195995680257,0.8370383875628696,0.8464696223316913,0.9528174163352944,COMPLETE
97,0.8400875174048354,2026-06-03 07:34:29.282072,2026-06-03 07:35:37.235652,0 days 00:01:07.953580,balanced,0.9508754095419971,0.012778888534157509,-1,70,0.07284971526226382,2000,248,2.7891654200726167e-08,8.793067660916794e-05,0.9769808033226922,0.8800950702194559,0.8400875174048354,0.8322209968659511,0.8481116584564861,0.9518865500425485,COMPLETE
98,0.837023249620734,2026-06-03 07:35:37.245071,2026-06-03 07:36:29.920573,0 days 00:00:52.675502,,0.9280481064097844,0.01801693768705089,-1,30,0.050570959260898,1900,240,2.5483846232096515e-05,0.0006554660882455984,0.9980843402399834,0.8823343950015402,0.837023249620734,0.8617922323833355,0.8136572108034653,0.9520592691033771,COMPLETE
99,0.8432723772268303,2026-06-03 07:36:29.929327,2026-06-03 07:37:21.033393,0 days 00:00:51.104066,balanced,0.886610604444088,0.018854198457809366,-1,20,0.012468431099766128,1800,248,2.0386048838721243e-07,1.8324603471180087e-05,0.9488475081962301,0.8837642192052563,0.8432723772268303,0.8445049920251967,0.8420531113753468,0.953684567791491,COMPLETE
100,0.8418502825590419,2026-06-03 07:37:21.050961,2026-06-03 07:38:20.647562,0 days 00:00:59.596601,balanced,0.9043477393532663,0.016096742404401922,-1,30,0.119969438089421,2000,256,5.306261457814756e-07,1.3474999896259075e-05,0.9421748191947744,0.8822187584568427,0.8418502825590419,0.8395794917855585,0.8441481229828436,0.952666063095049,COMPLETE
101,0.843226039879879,2026-06-03 07:38:20.655514,2026-06-03 07:39:20.228801,0 days 00:00:59.573287,balanced,0.9048310322072369,0.016205635180410197,-1,20,0.08027120527444241,2000,256,2.1879517447203568e-07,9.054343577069252e-06,0.9420160961942781,0.8836170336042133,0.843226039879879,0.8436492361353221,0.8428175075024065,0.9533722509938695,COMPLETE
102,0.8443461717502562,2026-06-03 07:39:20.237570,2026-06-03 07:40:15.796597,0 days 00:00:55.559027,balanced,0.91544509848704,0.013706526528728905,-1,20,0.0017570614089568674,1900,248,2.2659445555344413e-07,3.611069464588226e-06,0.9486178151012057,0.8839114081222611,0.8443461717502562,0.8408527682017294,0.8478851707151351,0.9538875509845902,COMPLETE
103,0.8429086661679128,2026-06-03 07:40:15.809397,2026-06-03 07:41:15.150274,0 days 00:00:59.340877,balanced,0.9164478088768465,0.011896572567864574,-1,20,0.0233392158429995,2000,248,2.5812916601081914e-07,1.4733828504248745e-06,0.9598744185709668,0.8826077622377323,0.8429086661679128,0.8378093303345485,0.8480833474888172,0.9534382376528413,COMPLETE
104,0.8431256294989953,2026-06-03 07:41:15.158756,2026-06-03 07:42:16.729612,0 days 00:01:01.570856,balanced,0.9201787743519286,0.011685320318095535,-1,20,0.0125803862361925,2000,256,1.316401631564542e-07,1.3472192898537e-06,0.9517572094736566,0.8828285379865272,0.8431256294989953,0.8384314067768046,0.847885170715135,0.9536145106185326,COMPLETE
105,0.8430062775191726,2026-06-03 07:42:16.737705,2026-06-03 07:43:18.066339,0 days 00:01:01.328634,balanced,0.9466378282190613,0.011963307274026062,-1,30,0.0027780307734030577,2000,248,1.6773603390699007e-07,1.2195052054974263e-06,0.9545473001477027,0.8825236515376469,0.8430062775191726,0.8367918609470973,0.8493290300662476,0.9534061421340235,COMPLETE
106,0.8435486360902497,2026-06-03 07:43:18.075802,2026-06-03 07:44:17.610406,0 days 00:00:59.534604,balanced,0.9622996911791185,0.011916933865751482,-1,20,0.0016140538125323026,2000,248,2.4211935999086227e-07,1.1552134181105877e-06,0.9466960401456134,0.8831754807802388,0.8435486360902497,0.839081058321447,0.8480833474888172,0.9538013745947049,COMPLETE
107,0.8421650461729344,2026-06-03 07:44:17.619847,2026-06-03 07:45:24.545512,0 days 00:01:06.925665,balanced,0.9644669468358165,0.010734070456134717,-1,40,0.0037082943147191266,2000,256,2.2439413646896096e-07,1.2501516721261562e-06,0.9508075142214387,0.8816825780280073,0.8421650461729344,0.8344762859827135,0.8500084932903006,0.9529822337672433,COMPLETE
108,0.8427388847341155,2026-06-03 07:45:24.553938,2026-06-03 07:46:29.354151,0 days 00:01:04.800213,balanced,0.9775941714010848,0.010722225223638785,-1,30,0.0057645166261345235,2000,256,2.362082409161163e-07,1.8376608499506985e-06,0.9499968210724987,0.882197742553486,0.8427388847341155,0.8356281803015825,0.8499801823226317,0.9531872304476302,COMPLETE
109,0.8416838718112136,2026-06-03 07:46:29.362651,2026-06-03 07:47:31.327199,0 days 00:01:01.964548,balanced,0.9928866013529473,0.011556360128305649,-1,30,0.021939057383577206,2000,248,2.769770165383645e-07,1.5481191991267243e-06,0.9642214901401058,0.8814197532294973,0.8416838718112136,0.8346806694871846,0.8488194326482078,0.9529938270100605,COMPLETE
110,0.8413991732611198,2026-06-03 07:47:31.336672,2026-06-03 07:48:36.435559,0 days 00:01:05.098887,balanced,0.9480038557430703,0.01047406832221133,-1,50,0.006227223176161294,2000,240,7.735969564426916e-08,3.04491558810331e-07,0.9275401426289902,0.8808835674951229,0.8413991732611198,0.832190386922889,0.850829511352698,0.9528638653116269,COMPLETE
111,0.8429117532606977,2026-06-03 07:48:36.444903,2026-06-03 07:49:41.957002,0 days 00:01:05.512099,balanced,0.9687429368878404,0.012123165208466898,-1,40,0.0027190391695743805,2000,256,2.7844106808012583e-07,1.6941671684523109e-06,0.9501938601703275,0.882544678715274,0.8429117532606977,0.8373563785915693,0.848564633939188,0.9531175214142907,COMPLETE
112,0.8424808968147021,2026-06-03 07:49:41.965050,2026-06-03 07:50:45.410383,0 days 00:01:03.445333,balanced,0.9871626627577217,0.012225355253264717,-1,30,0.04141530170617462,2000,256,7.943534807140422e-07,3.5036284939003403e-06,0.9532683476074104,0.8822923608736537,0.8424808968147021,0.8374045197763903,0.8476303720061152,0.9529266455773701,COMPLETE
113,0.8418897263203581,2026-06-03 07:50:45.419070,2026-06-03 07:51:50.759271,0 days 00:01:05.340201,balanced,0.98203448862154,0.011967556881417383,-1,40,0.039544431483055385,2000,256,8.246770962557837e-07,3.320949308586043e-06,0.954372814872796,0.8817141260895641,0.8418897263203581,0.8358873228568836,0.8479984145858106,0.9527117314024259,COMPLETE
114,0.842103234333503,2026-06-03 07:51:50.768365,2026-06-03 07:52:53.315673,0 days 00:01:02.547308,balanced,0.9581127983497293,0.01132594744222525,-1,30,0.04115538944551267,2000,248,3.3627191592935496e-07,1.015202889157535e-06,0.9465312817135864,0.8817982361264572,0.842103234333503,0.8355600017277522,0.8487628107128701,0.9529981777584821,COMPLETE
115,0.8423373911355768,2026-06-03 07:52:53.325056,2026-06-03 07:53:59.391993,0 days 00:01:06.066937,balanced,0.9871968273130993,0.010089020667644373,-1,30,0.005180337409858023,2000,256,3.551582395815948e-08,6.678505765390126e-06,0.9302468570720123,0.8817666953600166,0.8423373911355768,0.8343558474031276,0.8504897797406715,0.9531930193212069,COMPLETE
116,0.8411070568949942,2026-06-03 07:53:59.401109,2026-06-03 07:54:56.756476,0 days 00:00:57.355367,balanced,0.976410425953322,0.012362786164485422,-1,40,0.09553670314152354,1900,240,1.818017532840196e-07,5.981950346461823e-07,0.9709612991802162,0.8807784316069874,0.8411070568949942,0.8326696831004107,0.8497253836136119,0.9524682674996789,COMPLETE
117,0.8424780736576616,2026-06-03 07:54:56.765151,2026-06-03 07:56:00.265473,0 days 00:01:03.500322,balanced,0.97282681183048,0.013062546839922664,-1,30,0.022287095011528674,2000,256,1.3548309311855795e-07,3.105459305807807e-06,0.9395694620647773,0.8824185166443,0.8424780736576616,0.8383130011702763,0.8466961100730424,0.9531827816544528,COMPLETE
118,0.8415085592907477,2026-06-03 07:56:00.274486,2026-06-03 07:57:00.705936,0 days 00:01:00.431450,balanced,0.9409778494899272,0.011907687839276749,-1,40,0.048213324527701606,1900,248,1.3486787758341482e-06,9.680107515966235e-06,0.9227313269003758,0.8812305136047964,0.8415085592907477,0.8341157410437142,0.849045920389559,0.9529123963412695,COMPLETE
119,0.8435798408715559,2026-06-03 07:57:00.714970,2026-06-03 07:57:59.940799,0 days 00:00:59.225829,balanced,0.9571661346722902,0.013689067696432862,-1,20,2.9465542485127352e-05,2000,248,6.906891452319638e-08,1.8372513255174796e-06,0.9480982208444709,0.883459339719896,0.8435798408715559,0.840951469131464,0.8462431345903404,0.9538426187882424,COMPLETE
120,0.8398403437971979,2026-06-03 07:57:59.949383,2026-06-03 07:58:55.525791,0 days 00:00:55.576408,,0.9573331291049846,0.013906388049548827,-1,20,0.004295061745106574,1900,240,1.6950290712170214e-08,1.9538499675728208e-06,0.9081367996017494,0.8844581031346985,0.8398403437971979,0.8654230727461752,0.815752222410962,0.9538101224742085,COMPLETE
121,0.8432106475471777,2026-06-03 07:58:55.534206,2026-06-03 07:59:54.817185,0 days 00:00:59.282979,balanced,0.9276452890655656,0.01090338304575549,-1,20,0.05833104122045352,2000,248,9.08492833792057e-08,6.431049218261974e-07,0.9556622558859763,0.8826392937194796,0.8432106475471777,0.8367251233731152,0.8498103165166185,0.9533480255656465,COMPLETE
122,0.843147010596342,2026-06-03 07:59:54.834700,2026-06-03 08:00:54.908455,0 days 00:01:00.073755,balanced,0.927150960956496,0.010961119241274103,-1,20,0.09512809506948133,2000,248,8.72200332110185e-08,2.9658323809456246e-07,0.9596765997758754,0.8825341684424224,0.843147010596342,0.8362679358620554,0.8501500481286451,0.9531097346639691,COMPLETE
