number,value,datetime_start,datetime_complete,duration,params_class_weight,params_colsample_bytree,params_learning_rate,params_max_depth,params_min_child_samples,params_min_split_gain,params_n_estimators,params_num_leaves,params_reg_alpha,params_reg_lambda,params_subsample,user_attrs_accuracy,user_attrs_f1,user_attrs_precision,user_attrs_recall,user_attrs_roc_auc,state
428,0.8388783661109956,2026-06-03 11:31:49.756361,2026-06-03 11:32:42.140094,0 days 00:00:52.383733,,0.7645651780151755,0.012968429199237227,14,20,0.049242534707449354,2000,216,1.2245470965333163e-06,2.914896610260465e-05,0.9405629484090304,0.8840480804660865,0.8388783661109956,0.8666690274821948,0.812836192741068,0.9530285184330101,COMPLETE
429,0.8447668255332389,2026-06-03 11:32:42.149723,2026-06-03 11:33:34.084409,0 days 00:00:51.934686,balanced,0.7571673818271597,0.013186425445608562,-1,10,0.04064118934261458,2000,216,4.535416463297795e-07,2.2580166347766332e-05,0.9304870759429736,0.8841111679676993,0.8447668255332389,0.8404583898904686,0.8491308532925655,0.9541588655125354,COMPLETE
430,0.8382713225019254,2026-06-03 11:33:34.093703,2026-06-03 11:34:07.883540,0 days 00:00:33.789837,balanced,0.7588807041684829,0.012070173027630351,-1,10,0.5748652962186824,2000,216,5.328757008595227e-07,2.185306023477686e-05,0.9213643501048485,0.8773615951572684,0.8382713225019254,0.8214213899162103,0.855840552630089,0.9514372232201693,COMPLETE
431,0.8199874032850704,2026-06-03 11:34:07.893365,2026-06-03 11:34:26.988378,0 days 00:00:19.095013,balanced,0.7420258162882168,0.013067934488590829,6,20,0.1019695251344035,2000,224,3.851292269432133e-07,2.6552503960042845e-05,0.9304582088115168,0.8608976672304167,0.8199874032850704,0.7893209463759671,0.8531510107015459,0.942319011649718,COMPLETE
432,0.8443559128805823,2026-06-03 11:34:26.997293,2026-06-03 11:35:21.945725,0 days 00:00:54.948432,balanced,0.7653538767247996,0.013286233726506303,-1,10,0.08719648040331848,2000,232,3.0139755328493453e-07,4.844166158534923e-05,0.9250983598187883,0.8839744949606813,0.8443559128805823,0.8412863389663965,0.8474605062001018,0.9540215778212254,COMPLETE
433,0.8372942924847694,2026-06-03 11:35:21.955252,2026-06-03 11:36:05.141895,0 days 00:00:43.186643,balanced,0.7331394430685294,0.011516108945113953,10,20,0.04849163282383921,2000,216,2.947098233067235e-07,3.5134402685207105e-05,0.932727566041873,0.8762471766283816,0.8372942924847694,0.8180693284544288,0.8574542777872148,0.9506477403618655,COMPLETE
434,0.8389579120613258,2026-06-03 11:36:05.151961,2026-06-03 11:37:14.762471,0 days 00:01:09.610510,balanced,0.7576958364000276,0.01246018237843599,-1,150,0.04126374535518616,2000,224,4.899339159836613e-07,6.909853781827958e-05,0.9280428590053106,0.8786547437011968,0.8389579120613258,0.8271336046348355,0.8511409319970556,0.9509766099588296,COMPLETE
435,0.8440035703084748,2026-06-03 11:37:14.772204,2026-06-03 11:38:15.935597,0 days 00:01:01.163393,balanced,0.745404836624291,0.013627821454591578,-1,10,0.06611754325857105,2000,216,3.213638092138626e-07,1.896348190829616e-05,0.9341721547871567,0.8835854998012925,0.8440035703084748,0.8400299406075252,0.8480267255534795,0.9539957872995813,COMPLETE
436,0.843782824718525,2026-06-03 11:38:15.945725,2026-06-03 11:39:10.071972,0 days 00:00:54.126247,balanced,0.7706558538913721,0.012809427796487782,-1,10,0.03691516444314364,2000,224,6.677432396802552e-07,2.4628376770350943e-05,0.9393146488594701,0.8833647213997282,0.843782824718525,0.8393984101554589,0.8482249023271615,0.9541588772000962,COMPLETE
437,0.8431990254166127,2026-06-03 11:39:10.081842,2026-06-03 11:40:04.734253,0 days 00:00:54.652411,balanced,0.7512651998490046,0.012057770540568813,-1,10,0.14504940618854512,2000,216,2.404886959188466e-07,3.7733646146358606e-05,0.9461087411147511,0.882597248980515,0.8431990254166127,0.8364828755950388,0.8500368042579695,0.9536198679859916,COMPLETE
438,0.8392337413152765,2026-06-03 11:40:04.744392,2026-06-03 11:41:11.446485,0 days 00:01:06.702093,balanced,0.7617830476102958,0.013916468816958006,-1,110,0.07667051789048296,2000,208,8.322681314563471e-07,0.0001077280625637026,0.9353073786639716,0.8789491175560523,0.8392337413152765,0.827989381577941,0.8508012003850292,0.9515433634340011,COMPLETE
439,0.8443708313271302,2026-06-03 11:41:11.455167,2026-06-03 11:42:07.213716,0 days 00:00:55.758549,balanced,0.7557948588546476,0.01308802697747153,-1,20,0.035159026923723496,2000,232,4.4300729454174345e-07,1.606891467889798e-05,0.9412483999948082,0.8836696098381857,0.8443708313271302,0.8390374452251322,0.8497820055489497,0.953683948251629,COMPLETE
440,0.8351484628557807,2026-06-03 11:42:07.223060,2026-06-03 11:42:32.784084,0 days 00:00:25.561024,balanced,0.7253066422784362,0.013974045070338238,-1,10,0.7993788823732088,2000,208,3.0529070902595423e-07,2.605503721714083e-05,0.9441940515662185,0.8744599079796034,0.8351484628557807,0.8150315878012181,0.8562935281127908,0.9500693724967046,COMPLETE
441,0.8423642199666977,2026-06-03 11:42:32.793944,2026-06-03 11:43:27.899659,0 days 00:00:55.105715,balanced,0.7454957155428598,0.011327728554020236,-1,30,0.05664517602723248,2000,216,1.4530441236506623e-06,5.3577395608827136e-05,0.9339918500517463,0.8815669365093669,0.8423642199666977,0.832853832886709,0.8521035048977974,0.9532194174799323,COMPLETE
442,0.8384495889775408,2026-06-03 11:43:27.909454,2026-06-03 11:43:59.402806,0 days 00:00:31.493352,balanced,0.7748428076110402,0.013189717908006732,-1,10,0.024915754595691734,2000,96,7.706306531455919e-07,1.4040303407992921e-05,0.921090954308183,0.877298507987252,0.8384495889775408,0.8203057650605201,0.857425966819546,0.9518710836888795,COMPLETE
443,0.8315750898982395,2026-06-03 11:43:59.411608,2026-06-03 11:44:24.018370,0 days 00:00:24.606762,balanced,0.7383130870761704,0.012315015848630494,-1,10,0.034460039036383,2000,56,2.237967677747123e-07,9.920058282534645e-06,0.9287221061962072,0.8710220247880819,0.8315750898982395,0.8072504704568582,0.8574259668195459,0.9487721557029823,COMPLETE
444,0.8438589567524394,2026-06-03 11:44:24.026602,2026-06-03 11:45:20.227972,0 days 00:00:56.201370,balanced,0.7621540474878605,0.014140887129596432,-1,20,0.019789208332875088,2000,232,4.93219661595142e-07,2.0123295881839595e-05,0.9176170948316341,0.8836485833237511,0.8438589567524394,0.8411121274314421,0.8466394881377046,0.9539268179892534,COMPLETE
445,0.8075496485901336,2026-06-03 11:45:20.237691,2026-06-03 11:45:33.545854,0 days 00:00:13.308163,balanced,0.6909744894407148,0.013483004071536688,4,10,0.39024487102484695,2000,216,9.731669481472254e-07,3.547599251200163e-05,0.94567995975613,0.8509730463064562,0.8075496485901336,0.7758482971012359,0.8419681784723402,0.9344494128667491,COMPLETE
446,0.8431830552013846,2026-06-03 11:45:33.555429,2026-06-03 11:46:27.504914,0 days 00:00:53.949485,balanced,0.7495512341441739,0.012868895453269878,16,10,0.056300086716472145,2000,224,3.8391857164709385e-07,7.806173291498646e-05,0.9072858244800457,0.882744427618038,0.8431830552013846,0.8375759376046483,0.8488760545835458,0.9537280946738997,COMPLETE
447,0.8409298189766456,2026-06-03 11:46:27.513649,2026-06-03 11:47:18.889492,0 days 00:00:51.375843,,0.7313004076020548,0.012008851957442918,-1,20,0.0001836953644242371,2000,208,1.9300603330956573e-07,1.4740180320243559e-05,0.9465424189363534,0.885467382459488,0.8409298189766456,0.8683473650784265,0.8152143140252534,0.9539771761603446,COMPLETE
448,0.8445190774596009,2026-06-03 11:47:18.898894,2026-06-03 11:48:11.710592,0 days 00:00:52.811698,balanced,0.7560277836620124,0.010975994448780925,-1,10,0.02238478238479751,2000,216,5.960221012386432e-07,6.617809688711371e-06,0.9484397158277473,0.8834488287838518,0.8445190774596009,0.8368445505020953,0.8523583036068173,0.9539778785071343,COMPLETE
449,0.8436611221609486,2026-06-03 11:48:11.719464,2026-06-03 11:49:04.241821,0 days 00:00:52.522357,balanced,0.7592759336029381,0.010446620895438415,-1,10,0.08122758201041833,2000,216,5.437300268409061e-07,2.9010848354972756e-05,0.9393514544888458,0.882702380889496,0.8436611221609486,0.8352579588016114,0.8522450597361418,0.9537342013018738,COMPLETE
450,0.842893338401824,2026-06-03 11:49:04.259996,2026-06-03 11:50:01.648750,0 days 00:00:57.388754,balanced,0.7475090203231757,0.01081065367853071,-1,20,0.042040448162175476,2000,224,0.19555516951653554,9.801662665653624e-06,0.9487650087156295,0.8820505536364812,0.842893338401824,0.8339695103151344,0.8520185719947908,0.9534544224231443,COMPLETE
451,0.838348306213477,2026-06-03 11:50:01.658423,2026-06-03 11:51:08.876280,0 days 00:01:07.217857,balanced,0.7668571969255304,0.011025907809750036,-1,130,0.05852918485141893,2000,208,8.493373712586991e-07,1.911448546185709e-05,0.8121985551747496,0.877887261665694,0.838348306213477,0.8245063690357936,0.8526697242511748,0.950915496285608,COMPLETE
452,0.8442759596851733,2026-06-03 11:51:08.885809,2026-06-03 11:52:03.756516,0 days 00:00:54.870707,balanced,0.7533119426898869,0.011526043398236213,-1,10,0.02609028052050738,2000,224,1.552897320938446e-06,6.946188870964865e-06,0.9457119070486955,0.8834172939861427,0.8442759596851733,0.8376736821558924,0.8509993771587112,0.9540652824970621,COMPLETE
453,0.8272433896806666,2026-06-03 11:52:03.765453,2026-06-03 11:52:30.359298,0 days 00:00:26.593845,balanced,0.7405681827580126,0.010067852714894736,8,10,0.041014919895180094,2000,216,2.6771948302108693e-07,0.002001788806300639,0.9309598217200519,0.8672582445498627,0.8272433896806666,0.8005064121808624,0.855840552630089,0.9462111715535846,COMPLETE
454,0.8432383591307476,2026-06-03 11:52:30.367777,2026-06-03 11:53:21.043510,0 days 00:00:50.675733,balanced,0.760308028772137,0.014144372796775686,-1,20,0.1053678111710694,2000,208,5.355790273782656e-07,5.071586726755622e-05,0.937647737133578,0.8828390532333218,0.8432383591307476,0.8380159256430081,0.848536322971519,0.9533255475506529,COMPLETE
455,0.8444829425093531,2026-06-03 11:53:21.061306,2026-06-03 11:54:13.265004,0 days 00:00:52.203698,balanced,0.7719209174066293,0.011846502228381213,-1,10,0.020907752407678063,2000,216,1.2251470527062507e-06,1.2971712493115286e-05,0.9491106106359636,0.8835749891968449,0.8444829425093531,0.8378914212768033,0.8511975539323934,0.9541324545361324,COMPLETE
456,0.8436924073991611,2026-06-03 11:54:13.274448,2026-06-03 11:55:05.527573,0 days 00:00:52.253125,balanced,0.7741279773006073,0.010774689761874104,-1,10,0.07148236472452857,2000,216,7.800612042651975e-07,2.7325892145275756e-05,0.9511307418831105,0.8827234083987193,0.8436924073991611,0.8352694881318309,0.8523016816714795,0.9537365216516692,COMPLETE
457,0.8438759612333748,2026-06-03 11:55:05.546627,2026-06-03 11:56:01.178943,0 days 00:00:55.632316,balanced,0.7704970114329405,0.011719989813011587,-1,20,0.026488647482801643,2000,224,1.2174938467960334e-06,0.00016891461308627466,0.9449182974833977,0.8830493210304383,0.8438759612333748,0.8367743194005596,0.8511126210293868,0.9536798112199829,COMPLETE
458,0.8414433036607806,2026-06-03 11:56:01.187649,2026-06-03 11:56:49.279208,0 days 00:00:48.091559,balanced,0.7797480929986864,0.010800855681092762,12,10,0.04823913201162696,2000,224,3.703030938572562e-07,1.5517007029998654e-05,0.9524951104697302,0.8804525216280381,0.8414433036607806,0.8290753716723467,0.8541985165052942,0.9523836430230134,COMPLETE
459,0.8389527307637774,2026-06-03 11:56:49.289269,2026-06-03 11:57:26.439455,0 days 00:00:37.150186,balanced,0.7669062850223336,0.011979535730851297,14,10,0.44372802436537906,2000,232,6.048668919864398e-07,4.112975115165932e-05,0.9409975743761128,0.8781290679080779,0.8389527307637774,0.8237053672295084,0.8547930468263405,0.9514462075520406,COMPLETE
460,0.843383095814652,2026-06-03 11:57:26.448994,2026-06-03 11:58:20.400650,0 days 00:00:53.951656,balanced,0.7556173408971295,0.011170816679717331,-1,20,0.08592053663941698,2000,216,1.0848220006805803e-06,5.6611514428159036e-06,0.9518737071766256,0.8824710912202915,0.843383095814652,0.8348237568972839,0.8521318158654663,0.9533518270554279,COMPLETE
461,0.843299398220084,2026-06-03 11:58:20.410550,2026-06-03 11:58:59.427260,0 days 00:00:39.016710,balanced,0.7496860160369447,0.012177288149454388,-1,10,0.01995163115060091,1500,216,3.205279740459536e-07,0.0003611386844227988,0.9320574285783744,0.8821661988026798,0.843299398220084,0.8330738190456444,0.8538021629579299,0.9537250756014121,COMPLETE
462,0.8422707300480609,2026-06-03 11:58:59.446142,2026-06-03 11:59:45.594836,0 days 00:00:46.148694,balanced,0.713733997414167,0.03299717574821558,-1,10,0.06356626756316057,2000,224,1.9520579510785014e-07,1.1583497100018137e-05,0.9433878860645303,0.8839009068025065,0.8422707300480609,0.8499659950790391,0.8347205707491082,0.9534387294997463,COMPLETE
463,0.819703791193926,2026-06-03 11:59:45.603975,2026-06-03 12:00:04.303248,0 days 00:00:18.699273,balanced,0.7661432923510629,0.012425456854890996,6,10,0.041468854397806704,2000,216,7.74808012978307e-07,2.26893784871704e-05,0.9138085439352477,0.8607715114597704,0.819703791193926,0.7895448706818077,0.8522733707038107,0.9422860212654971,COMPLETE
464,0.84440124676133,2026-06-03 12:00:04.321340,2026-06-03 12:00:58.786619,0 days 00:00:54.465279,balanced,0.7556659509229062,0.01276925891242357,-1,20,0.021231174879039215,2000,224,4.874142966608858e-07,6.398671240387188e-05,0.9356542583871986,0.8837011496098378,0.84440124676133,0.8391297472532112,0.8497536945812808,0.9537583949089624,COMPLETE
465,0.8444463233248429,2026-06-03 12:00:58.795182,2026-06-03 12:01:49.611833,0 days 00:00:50.816651,balanced,0.7438764851242757,0.01145441683346052,-1,10,0.020824232785844096,2000,208,1.5579821626627214e-06,8.303241724040136e-06,0.9524375149950457,0.8834172880174113,0.8444463233248429,0.8369176162316423,0.8521318158654663,0.9539922594593011,COMPLETE
466,0.8441653087074755,2026-06-03 12:01:49.620433,2026-06-03 12:02:41.376422,0 days 00:00:51.755989,balanced,0.778010205887952,0.013375892782636416,-1,10,0.05825808081800618,2000,216,3.1000202552663615e-07,0.00010928437056572854,0.9249066503420534,0.8836906366842165,0.8441653087074755,0.8400751707731019,0.8483098352301681,0.9540368810385581,COMPLETE
467,0.8313355825125438,2026-06-03 12:02:41.386138,2026-06-03 12:03:17.272515,0 days 00:00:35.886377,,0.7621086477307185,0.012072016514326035,10,50,0.039935571956745866,2000,224,7.743348552136143e-07,1.954638377837962e-05,0.8535393357075344,0.8788334478517358,0.8313355825125438,0.8604944716221512,0.8041164146990544,0.9500596219078187,COMPLETE
468,0.8438556839909381,2026-06-03 12:03:17.282205,2026-06-03 12:04:14.055905,0 days 00:00:56.773700,balanced,0.7384638724202257,0.01266876263207412,-1,20,0.019184386784599765,2000,232,1.603480951726606e-07,4.774447879000565e-06,0.9463696947695511,0.8833016418564242,0.8438556839909381,0.8386656404393141,0.8491308532925655,0.9538351409683887,COMPLETE
469,0.8430582005607814,2026-06-03 12:04:14.074188,2026-06-03 12:05:08.253026,0 days 00:00:54.178838,balanced,0.7732306908823824,0.013623012057808356,-1,30,0.03617241698218907,2000,216,4.3890716202797647e-07,3.4884714191647235e-05,0.9560535395451204,0.8825657029085353,0.8430582005607814,0.8368662021799489,0.8493573410339166,0.9532599000874318,COMPLETE
470,0.8444400685614758,2026-06-03 12:05:08.262495,2026-06-03 12:05:58.631100,0 days 00:00:50.368605,balanced,0.7500015741569505,0.012810926062050742,-1,10,0.01811768037816531,2000,208,1.3802281839498344e-06,1.316234523679809e-05,0.9402761864782405,0.8836380680769566,0.8444400685614758,0.8385191136410236,0.8504614687730027,0.9540413356850656,COMPLETE
471,0.8427467776655733,2026-06-03 12:05:58.649192,2026-06-03 12:06:50.568930,0 days 00:00:51.919738,balanced,0.7578451646509694,0.011411379939834822,-1,20,0.1184551464868408,2000,208,5.558579264889939e-07,7.822065758572894e-06,0.949637206418084,0.8819559306739669,0.8427467776655733,0.8339269921893488,0.8517637732857709,0.9532149449942912,COMPLETE
472,0.8443527356707478,2026-06-03 12:06:50.578231,2026-06-03 12:07:27.663376,0 days 00:00:37.085145,balanced,0.7681335611584121,0.014323965007530108,-1,10,0.07255617916739851,1400,224,3.3805331621653884e-07,0.000643928139463012,0.9278598642202917,0.8831965066314811,0.8443527356707478,0.8357720083577874,0.8531226997338769,0.953768422850194,COMPLETE
473,0.8438733065344132,2026-06-03 12:07:27.682367,2026-06-03 12:08:18.562731,0 days 00:00:50.880364,balanced,0.7310646361273255,0.013589375580078914,-1,10,0.0509250635053603,2000,216,1.1207198491288956e-06,2.8375508723139313e-05,0.9542357264655094,0.8835013977227081,0.8438733065344132,0.8399961062223223,0.8478002378121285,0.9539420649503375,COMPLETE
474,0.8441690032450454,2026-06-03 12:08:18.572317,2026-06-03 12:09:16.341362,0 days 00:00:57.769045,balanced,0.7437909394913627,0.010142019924998401,-1,10,0.027204491214008218,2000,232,2.2348897482653402e-07,4.9183093013316924e-05,0.8653676936917514,0.8832280487243064,0.8441690032450454,0.8367883793373427,0.8517071513504332,0.954126640557981,COMPLETE
475,0.8050000550607385,2026-06-03 12:09:16.350923,2026-06-03 12:09:29.552482,0 days 00:00:13.201559,balanced,0.7548784606851958,0.011741929859997231,4,10,0.013760712538507013,1900,216,7.507260071143032e-05,1.536460537241656e-05,0.9407549260452414,0.8489965294114762,0.8050000550607385,0.773377089206602,0.8393352584791348,0.9331913040060454,COMPLETE
476,0.8329021723631764,2026-06-03 12:09:29.562135,2026-06-03 12:09:42.373757,0 days 00:00:12.811622,balanced,0.7225862843969117,0.045609770624444504,16,20,0.9478940742950784,1900,208,8.247898160526748e-07,5.7910664161328695e-06,0.8922606824853795,0.872493901689071,0.8329021723631764,0.8112727591917251,0.8557273087594134,0.9487364006392919,COMPLETE
477,0.842571170741064,2026-06-03 12:09:42.383623,2026-06-03 12:10:21.452881,0 days 00:00:39.069258,balanced,0.7624582674843194,0.013016578316833723,-1,10,0.046664920087158175,2000,144,1.5465536519479776e-07,3.7294155401355247e-06,0.9566690628505359,0.8812725603333383,0.842571170741064,0.8299829879558209,0.8555574429534002,0.9530609234472829,COMPLETE
478,0.8445970163210087,2026-06-03 12:10:21.462788,2026-06-03 12:11:12.975146,0 days 00:00:51.512358,balanced,0.7491508963998267,0.014413629276759486,-1,20,0.0003768543254433533,1900,224,5.610044890175928e-07,2.002546558319788e-05,0.9170176644453858,0.8839955184907503,0.8445970163210087,0.8403734932573056,0.8488760545835458,0.9541859101650179,COMPLETE
479,0.8442543718055505,2026-06-03 12:11:12.984038,2026-06-03 12:12:09.217762,0 days 00:00:56.233724,balanced,0.7334490570476785,0.0145847081585378,-1,30,0.000522551313879242,2000,224,6.23961339600134e-07,2.4070409688653653e-05,0.9273190053173891,0.8837852550043843,0.8442543718055505,0.840362020892627,0.8481965913594927,0.9537520023233524,COMPLETE
480,0.8441744298830237,2026-06-03 12:12:09.226712,2026-06-03 12:13:00.488193,0 days 00:00:51.261481,balanced,0.7473901494097953,0.013769181766185122,-1,20,0.01718770184954129,1900,224,4.53876143276027e-07,1.2405578486459677e-05,0.9346269716795047,0.8835855041120432,0.8441744298830237,0.8392867163540011,0.8491308532925655,0.953824173764921,COMPLETE
481,0.8442548893739109,2026-06-03 12:13:00.497043,2026-06-03 12:13:58.159190,0 days 00:00:57.662147,balanced,0.8384601589277204,0.012527012289281252,-1,20,0.0003448497630340146,2000,232,2.5488902674101596e-07,1.585936290620212e-05,0.915766452455336,0.8835960123953176,0.8442548893739109,0.8390118099989784,0.8495838287752675,0.9540808214058686,COMPLETE
482,0.8443780145301284,2026-06-03 12:13:58.169221,2026-06-03 12:14:49.650268,0 days 00:00:51.481047,balanced,0.7343473613440794,0.014321872844773782,-1,20,0.00026991560561109287,1900,224,8.908779788182555e-07,9.511502430281254e-06,0.9181202909931273,0.8838168000815753,0.8443780145301284,0.8400534829836342,0.8487628107128703,0.9541398975144378,COMPLETE
483,0.8312004047018071,2026-06-03 12:14:49.659205,2026-06-03 12:15:21.568119,0 days 00:00:31.908914,balanced,0.7495852157304147,0.013916305353141223,8,30,0.03083190967972686,2000,216,1.6654058211820445e-06,2.0644227912672856e-05,0.9043371125022683,0.8706961244254221,0.8312004047018071,0.8066678066350838,0.8572844119812015,0.9480923435685821,COMPLETE
484,0.8439511015133875,2026-06-03 12:15:21.577672,2026-06-03 12:16:14.145175,0 days 00:00:52.567503,balanced,0.7194791143818117,0.013200238107877078,-1,20,0.021683122618819564,2000,216,3.5613592067675575e-07,4.0174166106421144e-05,0.9462398836949204,0.8832490808758765,0.8439511015133875,0.8378509949549597,0.8501500481286449,0.9538035261439705,COMPLETE
485,0.8398472524002455,2026-06-03 12:16:14.154942,2026-06-03 12:17:18.766731,0 days 00:01:04.611789,balanced,0.7416525101527739,0.012015232116024397,-1,100,0.01772454564367318,1900,232,5.860073776597809e-07,2.725752296292857e-05,0.9168727462663419,0.8794432373293057,0.8398472524002455,0.8288033988808318,0.8511975539323934,0.9519394484042042,COMPLETE
486,0.8441241604129409,2026-06-03 12:17:18.776247,2026-06-03 12:18:10.764479,0 days 00:00:51.988232,balanced,0.7559708604442072,0.013227254048266756,-1,20,0.036493295598076375,1900,224,9.226555926938985e-07,8.521723559610184e-06,0.9070305324390215,0.8834698566246714,0.8441241604129409,0.8386865869269972,0.8496404507106052,0.9536830865673415,COMPLETE
487,0.8394679981111817,2026-06-03 12:18:10.773362,2026-06-03 12:18:30.573931,0 days 00:00:19.800569,balanced,0.740193020837993,0.014849766990526451,-1,20,0.015920514532542476,700,208,4.507057943588234e-07,1.7460294925750646e-05,0.9250237059100376,0.8778767527192272,0.8394679981111817,0.8200642132139819,0.8598323990714002,0.9517043524834187,COMPLETE
488,0.8390985203995488,2026-06-03 12:18:30.583655,2026-06-03 12:19:20.318278,0 days 00:00:49.734623,,0.7258677689404349,0.03645887772108601,12,10,0.0350737463599376,2000,216,1.2443524272019521e-06,6.098703684944269e-06,0.9360274954917795,0.884090140458476,0.8390985203995488,0.8659435941495414,0.8138836985448163,0.9527591873368021,COMPLETE
