number,value,datetime_start,datetime_complete,duration,params_class_weight,params_colsample_bytree,params_learning_rate,params_max_depth,params_min_child_samples,params_min_split_gain,params_n_estimators,params_num_leaves,params_reg_alpha,params_reg_lambda,params_subsample,user_attrs_accuracy,user_attrs_f1,user_attrs_precision,user_attrs_recall,user_attrs_roc_auc,state
489,0.843300321030679,2026-06-03 12:19:20.327489,2026-06-03 12:20:15.185323,0 days 00:00:54.857834,balanced,0.7626929731675784,0.012441278975401135,-1,20,0.017388794301089344,2000,224,2.2313605240516757e-07,1.3930534330747492e-05,0.9492822050714556,0.8826708371386897,0.843300321030679,0.8365701944021819,0.8501500481286451,0.953788828648123,COMPLETE
490,0.8423894937461648,2026-06-03 12:20:15.195265,2026-06-03 12:21:03.450650,0 days 00:00:48.255385,balanced,0.7493849581507688,0.010924689989133426,14,10,0.06093167336958644,1900,208,1.8900920231597539e-06,3.65523887612249e-05,0.9094574367285417,0.8813251305985793,0.8423894937461648,0.8311081813420526,0.8540003397316119,0.9529563520121144,COMPLETE
491,0.844688707264473,2026-06-03 12:21:03.460400,2026-06-03 12:21:54.909874,0 days 00:00:51.449474,balanced,0.7707306636683182,0.01447759633296934,-1,10,0.00024551286079531895,2000,216,6.149771285901493e-07,4.0918662154837554e-06,0.9424632574637198,0.8842268164498597,0.844688707264473,0.8416475323133916,0.8477719268444596,0.9544374313243136,COMPLETE
492,0.845296683575603,2026-06-03 12:21:54.919571,2026-06-03 12:22:46.627801,0 days 00:00:51.708230,balanced,0.7578870618526912,0.014326965721496132,-1,10,0.000866037304916535,1900,232,2.9923951843213935e-07,3.944810232730699e-06,0.9225893215787214,0.8847524766579576,0.845296683575603,0.842767797518118,0.8478568597474663,0.9546071110215855,COMPLETE
493,0.8445954616322032,2026-06-03 12:22:46.637473,2026-06-03 12:23:41.567493,0 days 00:00:54.930020,balanced,0.7586062020536553,0.01446230293434208,-1,20,0.002671466753748867,1900,240,3.1012017201571756e-07,1.14729192425805e-06,0.9186403822645599,0.8841742498321766,0.8445954616322032,0.841682256416466,0.8475454391031084,0.954122979333826,COMPLETE
494,0.845048176340438,2026-06-03 12:23:41.576469,2026-06-03 12:24:35.294164,0 days 00:00:53.717695,balanced,0.7581127330702653,0.014329168874784508,-1,10,0.013921609440370715,1900,240,1.4727300905837286e-07,6.99067272354451e-07,0.9192888069915308,0.8846368338129325,0.845048176340438,0.8430233848977711,0.8470924636204066,0.9544199290911178,COMPLETE
495,0.8449274686113585,2026-06-03 12:24:35.303871,2026-06-03 12:25:27.349044,0 days 00:00:52.045173,balanced,0.7584518379707103,0.01459332327177267,-1,10,0.0021414103662056186,1900,232,1.678668343174725e-07,5.804224551529249e-07,0.909594431893478,0.8845947860896022,0.8449274686113585,0.8432684661069931,0.8466111771700358,0.9546074117616673,COMPLETE
496,0.8216025149427536,2026-06-03 12:25:27.358859,2026-06-03 12:25:45.396591,0 days 00:00:18.037732,balanced,0.7602898161097172,0.0145869988661157,6,30,0.0006729631772273738,1900,240,1.2009550353571164e-07,7.450911852777113e-07,0.9115366393669734,0.862222348250881,0.8216025149427536,0.7913011141211611,0.8543400713436385,0.943237553120735,COMPLETE
497,0.8334190720814697,2026-06-03 12:25:45.406541,2026-06-03 12:26:12.240384,0 days 00:00:26.833843,balanced,0.750475416105384,0.014596698500325987,10,10,0.6586728311296821,1900,232,1.5305575962984503e-07,6.940437850760142e-07,0.919619244632006,0.8727987937750866,0.8334190720814697,0.8112370012731832,0.8568597474661684,0.9488805397612673,COMPLETE
498,0.8445732699359608,2026-06-03 12:26:12.249480,2026-06-03 12:27:07.609368,0 days 00:00:55.359888,balanced,0.763844966725436,0.01434027183636207,-1,20,0.0031199435640921792,1900,240,1.0224676820604575e-07,5.424677705166727e-07,0.9144112843793334,0.8841637286166507,0.8445732699359608,0.841694297854608,0.8474888171677707,0.9540330036530328,COMPLETE
499,0.8452411925681923,2026-06-03 12:27:07.619208,2026-06-03 12:27:59.453270,0 days 00:00:51.834062,balanced,0.7645127543911225,0.015208587847046083,-1,10,0.00029879303725089193,1900,232,9.550087989354408e-08,1.838857153152136e-06,0.9120141517024764,0.884857614204074,0.8452411925681923,0.8437773979403366,0.8467244210407112,0.9546929503008551,COMPLETE
500,0.8452463589247582,2026-06-03 12:27:59.463262,2026-06-03 12:28:52.642362,0 days 00:00:53.179100,balanced,0.765290310833879,0.015369503792176102,-1,10,0.001449707553806019,1900,240,8.261885500031069e-08,4.6108819093339156e-07,0.904169443456443,0.8849732693181583,0.8452463589247582,0.8446050766455223,0.8459034029783138,0.9547640887262826,COMPLETE
501,0.8450404561509584,2026-06-03 12:28:52.652389,2026-06-03 12:29:46.301208,0 days 00:00:53.648819,balanced,0.7677886938148468,0.015210645101168582,-1,10,0.0005737811329417958,1900,240,8.06423492512641e-08,4.0187561028170506e-07,0.8950707312005954,0.8849206944105705,0.8450404561509584,0.8451625501574375,0.8449408300775721,0.9545958937907423,COMPLETE
502,0.8451364539572525,2026-06-03 12:29:46.311069,2026-06-03 12:30:40.173779,0 days 00:00:53.862710,balanced,0.7679586703014885,0.015458572335817287,-1,10,0.0020091018353953845,1900,240,4.394923191505185e-08,2.4546064448145833e-07,0.8965348567918644,0.8849942964957854,0.8451364539572525,0.8452594803749265,0.8450257629805787,0.9546179915051206,COMPLETE
503,0.8452127594662051,2026-06-03 12:30:40.183566,2026-06-03 12:31:34.365268,0 days 00:00:54.181702,balanced,0.7692806740532064,0.015584689935395425,-1,10,0.00033808418831372095,1900,240,4.8687646926924796e-08,1.5063050216040452e-07,0.9030141100360214,0.8850048074318293,0.8452127594662051,0.8449879698035735,0.8454504274956118,0.9546758941406476,COMPLETE
504,0.8455604187797588,2026-06-03 12:31:34.374309,2026-06-03 12:32:27.983670,0 days 00:00:53.609361,balanced,0.7785512288089242,0.015238079197056732,-1,10,0.0015881558163975988,1900,240,4.329602979194856e-08,1.0025163507097259e-07,0.9001162242292475,0.8852676381990707,0.8455604187797588,0.8453751365975588,0.8457618481399694,0.9546373651593315,COMPLETE
505,0.8441606562388723,2026-06-03 12:32:27.998171,2026-06-03 12:33:21.296716,0 days 00:00:53.298545,balanced,0.7817577746809051,0.015264174197604828,-1,10,0.018099085572492835,1900,240,4.558979614888412e-08,1.0462269481692417e-07,0.8987644698036081,0.8841742504953691,0.8441606562388723,0.8435948492152465,0.8447426533038899,0.9543942548666992,COMPLETE
506,0.8446187328987542,2026-06-03 12:33:21.306326,2026-06-03 12:34:14.243445,0 days 00:00:52.937119,balanced,0.7692697390474873,0.015333128456728165,-1,10,0.01675828895127396,1900,240,1.8942660976375365e-08,2.159487754193709e-07,0.9024909251336689,0.8845632469811425,0.8446187328987542,0.8443887874680667,0.8448558971745653,0.9543784498430706,COMPLETE
507,0.8449580610749398,2026-06-03 12:34:14.252969,2026-06-03 12:35:09.133281,0 days 00:00:54.880312,balanced,0.7784313596728727,0.015425966185527858,16,10,0.002050677101696312,1900,240,3.473917479405106e-08,5.439743326398131e-08,0.9008849764003707,0.8846683752425655,0.8449580610749398,0.8436601157350584,0.846271445558009,0.9541224402976148,COMPLETE
508,0.8444345798624419,2026-06-03 12:35:09.142708,2026-06-03 12:36:03.959887,0 days 00:00:54.817179,balanced,0.7799396854142256,0.015486428119529652,16,10,0.0017052829502671937,1900,240,1.3152316769354842e-08,4.8146771242258574e-08,0.8890523232746477,0.8842898877032589,0.8444345798624419,0.8432088928987717,0.8456769152369628,0.9540930909472131,COMPLETE
509,0.8414138834510894,2026-06-03 12:36:03.969596,2026-06-03 12:36:58.538399,0 days 00:00:54.568803,,0.7765198875609173,0.015710664717180644,16,10,0.020304833760659727,1900,240,6.152533330927701e-08,3.917714220561742e-08,0.8768995097056245,0.8859089475525215,0.8414138834510894,0.8695993913473138,0.8150161372515713,0.9540312065672772,COMPLETE
510,0.8447195294260202,2026-06-03 12:36:58.546988,2026-06-03 12:37:53.467077,0 days 00:00:54.920089,balanced,0.7854382118739,0.015103166985483273,16,10,0.03151890445342652,1900,248,3.104970421320724e-08,2.1077985839774742e-08,0.8991545364857164,0.8845737595751674,0.8447195294260202,0.8440324273219725,0.845422116527943,0.9538752609445829,COMPLETE
511,0.8436421529996783,2026-06-03 12:37:53.476648,2026-06-03 12:38:27.285397,0 days 00:00:33.808749,balanced,0.7872469371994146,0.015149791956400946,16,10,0.0009339629153295788,1200,248,2.321659211432437e-08,1.930669915543634e-08,0.8956997450052174,0.8824605610516686,0.8436421529996783,0.8336494821570443,0.8538870958609365,0.9535769682287222,COMPLETE
512,0.8441372224847264,2026-06-03 12:38:27.295249,2026-06-03 12:39:22.655178,0 days 00:00:55.359929,balanced,0.7824799267898913,0.015758154732534,16,10,0.035865196232664626,1900,248,2.91665611701556e-08,1.4750051977361504e-07,0.8961861141679994,0.8841111686308917,0.8441372224847264,0.8432372153334082,0.8450540739482476,0.9539334241077756,COMPLETE
513,0.8436725813705177,2026-06-03 12:39:22.664194,2026-06-03 12:40:15.387430,0 days 00:00:52.723236,balanced,0.7874778341357932,0.014979168103239621,16,10,0.18538092126171563,1900,240,2.3252472330392173e-08,3.902829510459879e-07,0.8852984482376666,0.8834908828075098,0.8436725813705177,0.8408008548520468,0.8465828662023668,0.9532132816416787,COMPLETE
514,0.8356846469163909,2026-06-03 12:40:15.406333,2026-06-03 12:40:23.842312,0 days 00:00:08.435979,balanced,0.7957667156583585,0.1080040229444198,16,10,0.6281311169066897,1000,240,3.5705187094813604e-08,2.5438481895343303e-07,0.8918683353919191,0.8753745437829149,0.8356846469163909,0.8186880893936174,0.8534058094105657,0.9495326967530905,COMPLETE
515,0.8436877399807189,2026-06-03 12:40:23.852238,2026-06-03 12:41:19.174635,0 days 00:00:55.322397,balanced,0.7670686540450399,0.01598950572253047,16,10,0.03285614855341884,1900,248,3.800677885539538e-08,2.5477878658868124e-08,0.900116730344878,0.8838483342160921,0.8436877399807189,0.8432944410424866,0.8440915010475059,0.953850817598385,COMPLETE
516,0.8454786687170478,2026-06-03 12:41:19.184034,2026-06-03 12:42:14.005458,0 days 00:00:54.821424,balanced,0.7812234111747601,0.013999726034196096,16,10,0.0002781295819117033,1900,240,3.949497743090541e-08,9.003899764097354e-08,0.9052000134064763,0.884699910371871,0.8454786687170478,0.8415893004333724,0.8494139629692543,0.9541089240665404,COMPLETE
517,0.8457638513243976,2026-06-03 12:42:14.024327,2026-06-03 12:43:08.736282,0 days 00:00:54.711955,balanced,0.7960451523278428,0.014839095842342522,16,10,0.0005452294413275365,1900,240,3.5777418356618855e-08,6.976485197070142e-08,0.9033910785111278,0.8851204456345078,0.8457638513243976,0.8433829998352153,0.8481682803918238,0.9542315328499154,COMPLETE
518,0.8450283235083123,2026-06-03 12:43:08.749674,2026-06-03 12:44:03.723903,0 days 00:00:54.974229,balanced,0.8008671202638165,0.014060719964239252,16,10,8.32172111383759e-05,1900,240,4.5589709469667146e-08,7.610602048584241e-08,0.9063055190704181,0.8843845060234266,0.8450283235083123,0.8412859341364268,0.8488194326482078,0.9541137978708374,COMPLETE
519,0.8441296554568499,2026-06-03 12:44:03.733425,2026-06-03 12:44:58.121616,0 days 00:00:54.388191,balanced,0.8100360177087242,0.014052731084003798,16,10,0.015741747747831623,1900,240,4.1353399832830876e-08,8.481033244710756e-08,0.9057131443918769,0.8837326807599889,0.8441296554568499,0.8405276407574404,0.8477719268444597,0.9539659275859832,COMPLETE
520,0.8452499051150412,2026-06-03 12:44:58.131418,2026-06-03 12:45:53.128490,0 days 00:00:54.997072,balanced,0.8084228058293412,0.01469541011763116,16,10,0.002574706038459047,1900,240,1.2377141448220333e-08,9.697851927574738e-08,0.8804175101452524,0.8847840187507829,0.8452499051150412,0.8432072252798646,0.8473189513617575,0.9541442072196388,COMPLETE
521,0.8450513387486783,2026-06-03 12:45:53.137557,2026-06-03 12:46:48.455004,0 days 00:00:55.317447,balanced,0.8039206749572577,0.015964831068702928,16,10,0.00017771522700998752,1900,240,1.4754715862298195e-08,7.428733645149474e-08,0.8831968324565529,0.8847314511383115,0.8450513387486783,0.8437064306460068,0.8464130003963536,0.9542422075089608,COMPLETE
522,0.844830765225837,2026-06-03 12:46:48.464866,2026-06-03 12:47:43.972599,0 days 00:00:55.507733,balanced,0.8029349932557439,0.016255352993718403,16,10,3.264614227042526e-05,1900,240,1.2696867817773367e-08,7.770650813525034e-08,0.8851393371803712,0.8846473384486488,0.844830765225837,0.8440565737945019,0.845620293301625,0.9542587405862122,COMPLETE
523,0.8443717494653082,2026-06-03 12:47:43.981561,2026-06-03 12:48:38.788936,0 days 00:00:54.807375,balanced,0.8005879210631843,0.015979957505116462,16,10,0.014182564915313525,1900,240,1.3000999333282361e-08,8.317565862579396e-08,0.8804931209742098,0.8842688648363825,0.8443717494653082,0.8433325058973283,0.845422116527943,0.9540810967866044,COMPLETE
524,0.8454660541725115,2026-06-03 12:48:38.798688,2026-06-03 12:49:35.708816,0 days 00:00:56.910128,balanced,0.8057947971213224,0.016202436096419883,16,10,0.0005283948153373842,1900,248,1.1924461000065287e-08,6.12754943199696e-08,0.8723049423898414,0.8851204409921611,0.8454660541725115,0.8447004008718301,0.8462431345903402,0.9542241886850275,COMPLETE
525,0.8391012746938767,2026-06-03 12:49:35.718714,2026-06-03 12:50:35.892715,0 days 00:01:00.174001,balanced,0.804716838643615,0.016054205353890957,16,90,0.002082793748005931,1900,256,1.2427144499692227e-08,1.2214965666554353e-07,0.8729007752990549,0.8791593760684754,0.8391012746938767,0.8299495958944476,0.8484797010361814,0.9515599718924651,COMPLETE
526,0.8446694326434766,2026-06-03 12:50:35.902817,2026-06-03 12:51:32.501275,0 days 00:00:56.598458,balanced,0.8163485919044162,0.01540308987472893,16,10,0.0022949903237386615,1900,248,2.180994134130026e-08,6.859778923482189e-08,0.8827203339048537,0.8844791356178646,0.8446694326434766,0.8435624575966432,0.8457901591076383,0.9541392364735503,COMPLETE
527,0.8444973051385998,2026-06-03 12:51:32.511256,2026-06-03 12:52:27.205463,0 days 00:00:54.694207,balanced,0.8048885492186074,0.01639320647525105,16,10,0.001731401242337515,1900,240,1.1598158247333349e-08,4.076803850911938e-08,0.8900800698152337,0.8844055378434003,0.8444973051385998,0.8437851541232136,0.8452239397542608,0.9541663795540506,COMPLETE
528,0.8426309138736375,2026-06-03 12:52:27.215010,2026-06-03 12:53:24.384019,0 days 00:00:57.169009,balanced,0.8173661657666286,0.029700894360974023,16,10,0.000926201875894777,1900,248,1.7172886851405878e-08,5.5531195391908806e-08,0.8922979302909475,0.8841847674001446,0.8426309138736375,0.8504690201116537,0.8349470584904591,0.9537470491381805,COMPLETE
529,0.8419155187068946,2026-06-03 12:53:24.393930,2026-06-03 12:54:19.229105,0 days 00:00:54.835175,,0.7989382905255857,0.015068030267465067,16,10,0.0007463766506041591,1900,240,1.6588553902415442e-08,1.2537301312944978e-07,0.8874268078119484,0.8861717796461477,0.8419155187068946,0.8693265838634948,0.8162051978936641,0.9542068367132653,COMPLETE
530,0.8443384216281021,2026-06-03 12:54:19.248199,2026-06-03 12:55:13.539210,0 days 00:00:54.291011,balanced,0.8110327140722506,0.015827578324216808,16,10,0.019370987302285127,1900,240,1.0400818716761998e-08,1.5731697130821587e-07,0.9008805657069784,0.8842057799875391,0.8443384216281021,0.8430141893252715,0.8456769152369629,0.9540191004392041,COMPLETE
531,0.8442322694886575,2026-06-03 12:55:13.548539,2026-06-03 12:56:10.809503,0 days 00:00:57.260964,balanced,0.7982390555653922,0.014776856962528792,16,10,0.025270305799090512,1900,256,2.0780833761728784e-08,7.836353309907751e-08,0.8734701740006057,0.8841216805617242,0.8442322694886575,0.8428842702855587,0.8455919823339562,0.9539381539396817,COMPLETE
532,0.8449866689473294,2026-06-03 12:56:10.819933,2026-06-03 12:57:05.962893,0 days 00:00:55.142960,balanced,0.8070050455901118,0.016422417051347764,16,10,0.0010390550890251556,1900,240,3.127789054471504e-08,2.2699273048524307e-07,0.8803490447225554,0.8847629955523102,0.8449866689473294,0.8442250006086972,0.8457618481399695,0.9542352057567142,COMPLETE
533,0.8438274042484103,2026-06-03 12:57:05.971912,2026-06-03 12:58:01.830287,0 days 00:00:55.858375,balanced,0.7949420683886961,0.016618318023608268,16,10,0.017319256448323866,1900,248,3.154523412157049e-08,2.1702684588153058e-07,0.894383628715553,0.8840060387114876,0.8438274042484103,0.8438291781428623,0.843836702338486,0.9540147914041056,COMPLETE
534,0.8440014252226881,2026-06-03 12:58:01.840090,2026-06-03 12:58:56.419854,0 days 00:00:54.579764,balanced,0.8124485055332078,0.01635706395483259,16,10,0.01733525445492984,1900,240,3.339416280787931e-08,3.884141736224271e-08,0.8797021638125764,0.8840165370468765,0.8440014252226881,0.8431355924167653,0.8448842081422342,0.9539731065972434,COMPLETE
535,0.844988607058883,2026-06-03 12:58:56.429424,2026-06-03 12:59:53.662899,0 days 00:00:57.233475,balanced,0.7917858232823005,0.015761775827942734,16,10,0.00010460932998544508,1900,248,2.0548251325468152e-08,1.0848469775499502e-07,0.8599200234941101,0.8847524879322282,0.844988607058883,0.8441497452112392,0.8458467810429761,0.954162313234422,COMPLETE
536,0.8447667017161574,2026-06-03 12:59:53.671663,2026-06-03 13:00:53.054943,0 days 00:00:59.383280,balanced,0.8041549401983809,0.016056180968678852,16,10,2.3152106739058047e-05,1900,256,2.3672674134598616e-08,3.134644606922545e-07,0.8606020006387155,0.8847524776527461,0.8447667017161574,0.8451126888562932,0.8444312326595323,0.9541961638870067,COMPLETE
537,0.8327011941143452,2026-06-03 13:00:53.064598,2026-06-03 13:01:58.856816,0 days 00:01:05.792218,balanced,0.7919310731313268,0.14136136468691193,16,10,0.0005419761222604919,1900,248,1.6550795060731244e-08,1.1451040326708015e-07,0.8672881345954624,0.878023933014731,0.8327011941143452,0.8485717419336868,0.8174225695034257,0.9469040877703714,COMPLETE
538,0.8454495490222471,2026-06-03 13:01:58.875314,2026-06-03 13:02:54.420457,0 days 00:00:55.545143,balanced,0.8096148294488152,0.015474377217253265,16,10,0.00015415351180714343,1900,240,4.0382587296869096e-08,5.916863548837642e-08,0.8846860913157419,0.8850363402399614,0.8454495490222471,0.8441614782349234,0.84675273200838,0.9541454021215624,COMPLETE
539,0.8449515843529251,2026-06-03 13:02:54.430527,2026-06-03 13:03:51.386747,0 days 00:00:56.956220,balanced,0.8234293186556888,0.016771242051199224,16,10,0.0005221011646806957,1900,248,4.504029367587349e-08,6.755216801020833e-08,0.8840970797124875,0.8849101768426028,0.8449515843529251,0.8454577904342656,0.8444595436272011,0.9541425842783423,COMPLETE
540,0.8446723603806925,2026-06-03 13:03:51.395555,2026-06-03 13:04:47.896933,0 days 00:00:56.501378,balanced,0.8242726069245278,0.01683836345947957,16,10,0.021182328645519066,1900,248,3.543237689173349e-08,1.6857733403918968e-07,0.8778487041879264,0.884678887173398,0.8446723603806925,0.845009497192979,0.8443462997565256,0.9538925656768686,COMPLETE
541,0.8442936427480286,2026-06-03 13:04:47.906527,2026-06-03 13:05:43.242060,0 days 00:00:55.335533,balanced,0.8234411498192055,0.015415901050828096,16,10,0.020442415975287002,1900,248,5.145842987922698e-08,5.527386642558097e-08,0.9062318917339385,0.884163732595805,0.8442936427480286,0.8429275130655768,0.8456769152369628,0.9539844682441717,COMPLETE
542,0.8443270828216353,2026-06-03 13:05:43.251049,2026-06-03 13:06:38.284543,0 days 00:00:55.033494,balanced,0.8093659730617541,0.015534083529343719,16,10,0.021582373870877684,1900,240,5.868987932103922e-08,3.508069859951702e-08,0.8717117387901269,0.8841637262954775,0.8443270828216353,0.8427679777301602,0.8459034029783138,0.9539269405433096,COMPLETE
543,0.8444025582164004,2026-06-03 13:06:38.293557,2026-06-03 13:07:35.726750,0 days 00:00:57.433193,balanced,0.7927036709602513,0.016962639516159186,16,10,0.0001354937038926707,1900,256,2.865631894607766e-08,1.0628132820125754e-07,0.8877338716960531,0.8846158069669016,0.8444025582164004,0.8457551047677122,0.8430723062114263,0.9541695634179272,COMPLETE
544,0.8442014637320202,2026-06-03 13:07:35.736582,2026-06-03 13:08:31.460632,0 days 00:00:55.724050,balanced,0.8179880202369848,0.01513834719843724,16,10,0.02147451682790585,1900,248,4.5751315633044e-08,1.7906001636713176e-07,0.8969282008353283,0.8841532219913573,0.8442014637320202,0.8432473024606244,0.8451673178189231,0.9538951407870164,COMPLETE
545,0.8444866130167462,2026-06-03 13:08:31.470683,2026-06-03 13:09:25.460332,0 days 00:00:53.989649,balanced,0.810812598906361,0.01574359469775769,16,10,0.030099623370200255,1900,240,1.9698287765840072e-08,6.0364440881949e-08,0.9039790818730579,0.8843004079239964,0.8444866130167462,0.8430619554245173,0.8459317139459827,0.9538439404235435,COMPLETE
546,0.8389783882078605,2026-06-03 13:09:25.469407,2026-06-03 13:09:43.449467,0 days 00:00:17.980060,balanced,0.8054055387360786,0.016773693967798955,16,10,0.019432662213247853,600,240,4.396898512317534e-08,3.7629406521881245e-07,0.8826828114559548,0.8777505753948285,0.8389783882078605,0.8211362940275492,0.857624143593228,0.9513634456917023,COMPLETE
547,0.8301533850336692,2026-06-03 13:09:43.458073,2026-06-03 13:10:09.429552,0 days 00:00:25.971479,balanced,0.7928948567797636,0.014957625828175803,16,120,0.7339409444711964,1900,248,2.6612054749235034e-08,9.930558513060042e-08,0.8920223950563168,0.8698445306950453,0.8301533850336692,0.8053740750525248,0.8565200158541418,0.9475391874308219,COMPLETE
548,0.843862535901264,2026-06-03 13:10:09.439271,2026-06-03 13:11:04.092770,0 days 00:00:54.653499,balanced,0.8273678893893117,0.01583768019743981,16,10,0.018859689879544193,1900,240,6.936977577989535e-08,2.5998354473383665e-07,0.9000901310727891,0.8837852506936338,0.843862535901264,0.8420724778599823,0.8456769152369628,0.9539434925045788,COMPLETE
549,0.8424433056075252,2026-06-03 13:11:04.102422,2026-06-03 13:11:47.753907,0 days 00:00:43.651485,balanced,0.7969930308034657,0.016733433391077863,16,10,0.2984195241904229,1900,240,6.998118156873185e-08,2.919514436513268e-08,0.8582756003423815,0.882050547999346,0.8424433056075252,0.8358679176660057,0.8491308532925655,0.9527983049044941,COMPLETE
