number,value,datetime_start,datetime_complete,duration,params_class_weight,params_colsample_bytree,params_learning_rate,params_max_depth,params_min_child_samples,params_min_split_gain,params_n_estimators,params_num_leaves,params_reg_alpha,params_reg_lambda,params_subsample,user_attrs_accuracy,user_attrs_f1,user_attrs_precision,user_attrs_recall,user_attrs_roc_auc,state
0,0.8236342502837429,2026-06-03 06:42:14.095865,2026-06-03 06:42:23.591405,0 days 00:00:09.495540,,0.7243186887373967,0.13125830316209655,10,180,0.3042422429595377,900,192,4.329370014459266e-07,4.4734294104626844e-07,0.9413549242801476,0.8730510850890116,0.8236342502837429,0.8507064553424071,0.7982560443915974,0.9457529827435872,COMPLETE
1,0.8135388630545234,2026-06-03 06:42:23.606373,2026-06-03 06:42:32.015488,0 days 00:00:08.409115,,0.6727680575448478,0.05243180891902853,8,110,0.8083973481164611,800,48,3.4671276804481113,4.905556676028774,0.7096834432905521,0.8669533372104222,0.8135388630545234,0.8482563649084386,0.78158088443463,0.9408873656124207,COMPLETE
2,0.8091496478182417,2026-06-03 06:42:32.024989,2026-06-03 06:42:42.224729,0 days 00:00:10.199740,,0.9212964881763901,0.03293513898890987,6,40,0.5978999788110851,1500,40,2.854239907497756,1.1309571585271483,0.9893546197175955,0.8634208592420629,0.8091496478182417,0.8409912981514712,0.7796840496008154,0.9391063625416881,COMPLETE
3,0.7951543682368452,2026-06-03 06:42:42.233217,2026-06-03 06:42:48.995239,0 days 00:00:06.762022,balanced,0.9202856692538302,0.011302939920362371,6,20,0.8154614284548342,600,96,6.143857495033091e-07,1.1212412169964432e-08,0.9954104278101811,0.8432877660811974,0.7951543682368452,0.772619600927421,0.8190646056282204,0.9289737184950733,COMPLETE
4,0.8021364254691927,2026-06-03 06:42:49.004089,2026-06-03 06:43:00.027692,0 days 00:00:11.023603,balanced,0.8152752238066823,0.012220339394068061,4,120,0.7607850486168974,1600,104,1.1921975182604538e-07,0.02625445968759339,0.9605244599017143,0.8468412941073211,0.8021364254691927,0.770926098637684,0.8359945642942076,0.9316837919860427,COMPLETE
5,0.8332507900034214,2026-06-03 06:43:00.036572,2026-06-03 06:43:20.260652,0 days 00:00:20.224080,,0.7300793579220679,0.0411890249732573,14,80,0.16122128725400442,1100,120,4.929685216887945e-08,4.052873758065144e-06,0.914442898490067,0.8798322175668659,0.8332507900034214,0.8595852415317902,0.80850461468773,0.9500714240931009,COMPLETE
6,0.826250094025073,2026-06-03 06:43:20.273700,2026-06-03 06:43:31.218799,0 days 00:00:10.945099,,0.9512557041397203,0.1059051751308571,10,80,0.417411003148779,1400,208,1.1549659339590204e-08,0.00039511700681839584,0.9363051680728727,0.8749014508556922,0.826250094025073,0.8531858331154067,0.8009738972878093,0.9473206445422012,COMPLETE
7,0.8272931853066822,2026-06-03 06:43:31.226402,2026-06-03 06:43:44.051810,0 days 00:00:12.825408,,0.8633475168929639,0.12851323643357537,8,60,0.27864646423661144,900,96,0.0003342806277473177,2.906088000706637e-08,0.6629104315740865,0.8749645406784782,0.8272931853066822,0.8493202124303844,0.8064096030802332,0.9454336742148964,COMPLETE
8,0.8146008288768544,2026-06-03 06:43:44.060181,2026-06-03 06:43:49.859750,0 days 00:00:05.799569,balanced,0.9423558734562333,0.03763926317321749,6,100,0.040775141554763916,500,256,7.709400093120135e-06,4.771628167351996e-07,0.681601419519043,0.8562192123921316,0.8146008288768544,0.7815621908067313,0.8505747126436782,0.9395768459497861,COMPLETE
9,0.8133326181047912,2026-06-03 06:43:49.868351,2026-06-03 06:43:55.274962,0 days 00:00:05.406611,,0.7402795697003045,0.040019178531852884,10,170,0.5552008115994623,300,72,0.008706756810730947,0.2264643274129281,0.9570687736833434,0.8670689840346016,0.8133326181047912,0.8498803460395985,0.7798539154068287,0.9419375849457943,COMPLETE
10,0.8324002949764151,2026-06-03 06:43:55.282628,2026-06-03 06:44:40.317976,0 days 00:00:45.035348,balanced,0.7943739172642003,0.06912418901831752,14,140,0.01231116956493733,2000,144,3.4046778781905594e-05,9.877266996068136e-05,0.847724438118725,0.8756794481379894,0.8324002949764151,0.8334974016585202,0.8313232546288433,0.9475434167481058,COMPLETE
11,0.8320613267299993,2026-06-03 06:44:40.327000,2026-06-03 06:45:26.427620,0 days 00:00:46.100620,balanced,0.7891247007616718,0.06956809991431485,14,140,0.060584474245018206,2000,152,4.077156737293254e-05,3.078561519283311e-05,0.8484593945871591,0.8754481551528229,0.8320613267299993,0.8332731425769583,0.8308702791461412,0.9468837483253377,COMPLETE
12,0.8359527011811764,2026-06-03 06:45:26.435951,2026-06-03 06:46:10.263942,0 days 00:00:43.827991,balanced,0.7484595837469814,0.0210290366456854,14,140,0.16948461867166473,2000,152,0.008865465164105253,8.773472263092467e-05,0.8436080175311668,0.8759422964798289,0.8359527011811764,0.8213110419245307,0.8511409319970556,0.9494418615311546,COMPLETE
13,0.837149097457285,2026-06-03 06:46:10.277677,2026-06-03 06:46:41.448203,0 days 00:00:31.170526,balanced,0.6518524878057238,0.02044809930631533,-1,70,0.22416044165045793,1200,184,0.016464305550870063,0.004474461545404621,0.7854103314720862,0.8770882435060973,0.837149097457285,0.8240205509554931,0.8507162674820226,0.9508294624985476,COMPLETE
14,0.835245955694349,2026-06-03 06:46:41.461892,2026-06-03 06:47:25.437818,0 days 00:00:43.975926,balanced,0.6643072448601668,0.021810525671846576,-1,140,0.23706384032195627,1700,176,0.023176228702249443,0.0030432638409728413,0.7730325803466243,0.8758897262145878,0.835245955694349,0.82368590997905,0.8471490855557442,0.949190122211299,COMPLETE
15,0.8342055285712006,2026-06-03 06:47:25.446205,2026-06-03 06:47:50.213708,0 days 00:00:24.767503,balanced,0.6937143282975767,0.019184166223860457,12,60,0.4296348092921777,1200,240,0.047342714130116946,0.0024932601733005967,0.778435787316942,0.8739657656578088,0.8342055285712006,0.8154744007020457,0.8538304739255987,0.9495825173926545,COMPLETE
16,0.8422489213923704,2026-06-03 06:47:50.222078,2026-06-03 06:48:29.022301,0 days 00:00:38.800223,balanced,0.8609581403272494,0.020552593609001846,16,10,0.16564451188420484,1800,168,0.0007348438132280875,0.02134337176723522,0.7969989135096134,0.8824080103506026,0.8422489213923704,0.8392274955028068,0.8453088726572674,0.9528665391572996,COMPLETE
17,0.8418351628686546,2026-06-03 06:48:29.035984,2026-06-03 06:49:14.088583,0 days 00:00:45.052599,balanced,0.8679259263193981,0.015177443637766286,16,10,0.33400923052396275,1800,216,0.00095388434841874,0.03386803065352351,0.7828111967634739,0.8815564202677839,0.8418351628686546,0.8350044784861969,0.8487911216805392,0.9526661973906138,COMPLETE
18,0.8354474358154382,2026-06-03 06:49:14.097372,2026-06-03 06:49:42.425591,0 days 00:00:28.328219,balanced,0.9980917107971317,0.014271979551487474,16,10,0.9813130867582937,1800,216,0.000691665351836873,0.07804226417066372,0.7267429187312262,0.8749224830072619,0.8354474358154382,0.816757805921537,0.8550195345676915,0.9500302321134617,COMPLETE
19,0.8384399951084861,2026-06-03 06:49:42.434156,2026-06-03 06:50:12.168696,0 days 00:00:29.734540,balanced,0.8583631386863435,0.02905073237239674,16,30,0.39235142768537573,1800,224,0.422369534394058,0.44433437741251003,0.8101008738781028,0.8780239356675006,0.8384399951084861,0.8250599547524398,0.8522733707038107,0.9505044288466586,COMPLETE
20,0.8300367794346614,2026-06-03 06:50:12.177103,2026-06-03 06:50:37.130470,0 days 00:00:24.953367,balanced,0.8813669902127683,0.014644993103131783,16,40,0.6680838764928432,1400,168,0.0013463230480902214,6.997066436309707,0.8914747025740546,0.8699812056916404,0.8300367794346614,0.8065872437188797,0.854906290697016,0.9476924873011906,COMPLETE
21,0.8377328423662963,2026-06-03 06:50:37.139084,2026-06-03 06:51:07.576469,0 days 00:00:30.437385,balanced,0.8658002691132418,0.028967064468488457,16,30,0.38988614322625287,1800,224,0.28762928045987896,0.3245003403087778,0.8094305158890436,0.8777821234563854,0.8377328423662963,0.8262741518189193,0.8495272068399298,0.9505777265441697,COMPLETE
22,0.8405432311055118,2026-06-03 06:51:07.585584,2026-06-03 06:51:42.388737,0 days 00:00:34.803153,balanced,0.8357327436799629,0.027114846308982945,16,10,0.35865816027464575,1800,256,0.23812606560793018,0.01860493000544343,0.751638152511461,0.8807889442010125,0.8405432311055118,0.8351007526566484,0.846073268784327,0.9517054087257386,COMPLETE
23,0.8418980564730271,2026-06-03 06:51:42.397446,2026-06-03 06:52:25.510366,0 days 00:00:43.112920,balanced,0.8355865245627715,0.01725273889501578,16,10,0.337374069823408,1600,248,9.106219977206883e-05,0.020325707746824535,0.7294446708175429,0.8819559353163138,0.8418980564730271,0.8375268883688013,0.846328067493347,0.9525504622628134,COMPLETE
24,0.8403410452916381,2026-06-03 06:52:25.518605,2026-06-03 06:53:09.036284,0 days 00:00:43.517679,balanced,0.8163817100410975,0.01603159348211898,16,40,0.13507253418523332,1600,208,5.221137057718069e-05,0.0007542282732712749,0.7371837979938161,0.8801686613619965,0.8403410452916381,0.8316901152589328,0.8491874752279033,0.9515902670657352,COMPLETE
25,0.8418415048473022,2026-06-03 06:53:09.054735,2026-06-03 06:53:47.153078,0 days 00:00:38.098343,balanced,0.896339341989144,0.01669581305212925,16,10,0.31579016392308745,1400,232,0.0023981184689196773,0.0242086221138045,0.6901596718234567,0.8816195064430118,0.8418415048473022,0.8354288996045196,0.8483664571655058,0.9523120759713483,COMPLETE
26,0.7999475463649833,2026-06-03 06:53:47.162052,2026-06-03 06:53:57.127434,0 days 00:00:09.965382,balanced,0.893833018222405,0.01031371021073332,4,50,0.48358047972258955,1400,16,6.7368340969836226e-06,0.006656597621391171,0.6967144370358476,0.8454955736401707,0.7999475463649833,0.770403421656041,0.8318611630145517,0.9300968585422179,COMPLETE
27,0.8405711700303166,2026-06-03 06:53:57.136100,2026-06-03 06:54:28.024151,0 days 00:00:30.888051,balanced,0.7743855249826933,0.024311532570700213,12,20,0.10809115777312503,1300,232,0.003445207862722618,0.10323327364245087,0.661287237336008,0.8805681638098711,0.8405711700303166,0.83348453028355,0.8478002378121284,0.9515665518763518,COMPLETE
28,0.839407228945814,2026-06-03 06:54:28.032596,2026-06-03 06:55:09.431434,0 days 00:00:41.398838,balanced,0.9028031008394044,0.0170874313853574,16,20,0.23939486641188756,1600,192,0.00011474740102521151,1.1249873782878734,0.7465969628353852,0.8793170726055624,0.839407228945814,0.8297540243952889,0.8493007190985788,0.95156610757978,COMPLETE
29,0.8361156659398067,2026-06-03 06:55:09.449222,2026-06-03 06:55:38.179104,0 days 00:00:28.729882,balanced,0.9666329943091111,0.012778650846855241,16,30,0.2977622163388462,1100,200,4.58836154091207e-06,0.001188307760211927,0.7031554755865068,0.8757635701123454,0.8361156659398067,0.8195518473272613,0.8533774984428968,0.9506795253519608,COMPLETE
30,0.8358476574791629,2026-06-03 06:55:38.188079,2026-06-03 06:55:58.680108,0 days 00:00:20.492029,balanced,0.8397062205103712,0.023441012371157786,16,50,0.49138979846434794,1000,240,8.944197504218338e-07,0.009136895588432621,0.8756330712702679,0.875290455299774,0.8358476574791629,0.8175522222541883,0.8549912236000227,0.9503359461767101,COMPLETE
31,0.8418992196365247,2026-06-03 06:55:58.688918,2026-06-03 06:56:44.691919,0 days 00:00:46.003001,balanced,0.8480502941565572,0.018539447297045937,16,10,0.33853256195022435,1900,256,0.0005442455722027498,0.039109465529732934,0.7614118236933922,0.8819454127744031,0.8418992196365247,0.8374426800454042,0.8464130003963536,0.9524570209335579,COMPLETE
32,0.8415249887174766,2026-06-03 06:56:44.700320,2026-06-03 06:57:36.630838,0 days 00:00:51.930518,balanced,0.8426458554753544,0.01807179698054365,16,10,0.3024831042409113,1900,256,0.00016687654118717,0.052754487805132824,0.7273627807106244,0.8820295248008733,0.8415249887174766,0.8396329024054269,0.8434403487911218,0.9523091321785918,COMPLETE
33,0.82542904433235,2026-06-03 06:57:36.639082,2026-06-03 06:57:56.988242,0 days 00:00:20.349160,balanced,0.8891391953870071,0.013387718756421807,8,20,0.18983298919502054,1500,240,0.002515030905513891,1.0169666030377522,0.7568199880035287,0.8655761084732578,0.82542904433235,0.7971620607032598,0.8557839306947512,0.9456273936665077,COMPLETE
34,0.8369307739501632,2026-06-03 06:57:56.997495,2026-06-03 06:58:36.734235,0 days 00:00:39.736740,,0.9208979277376802,0.017062264109162048,16,30,0.09599253322334197,1700,168,0.00036475786752789913,0.01356265803371157,0.6844211393848239,0.88251313562766,0.8369307739501632,0.8636090011521179,0.811873619840326,0.9516623416354232,COMPLETE
35,0.8000083096137289,2026-06-03 06:58:36.742957,2026-06-03 06:58:47.154153,0 days 00:00:10.411196,balanced,0.809874598024352,0.010039344243328705,4,10,0.550406554412457,1500,248,2.166445588676587e-05,0.17472138266073473,0.7199425945609955,0.8457058354685558,0.8000083096137289,0.7712275549874489,0.8310401449521545,0.930415196147171,COMPLETE
36,0.8354633899802427,2026-06-03 06:58:47.163347,2026-06-03 06:59:19.874012,0 days 00:00:32.710665,balanced,0.7762055346913579,0.012226273127154078,16,50,0.4596894043462893,1700,120,0.056414199274484295,0.001573264427611282,0.8111649251501621,0.874670170802777,0.8354633899802427,0.8151430681739984,0.8568314364984996,0.9499254072251501,COMPLETE
37,0.8270354525666859,2026-06-03 06:59:19.893330,2026-06-03 06:59:38.353111,0 days 00:00:18.459781,,0.9081321194683851,0.04707669494993076,6,40,0.33873584484885844,1900,232,0.0030982954728672536,0.0003072060069208085,0.7628985482094167,0.8754796856397816,0.8270354525666859,0.8541066594904717,0.8016533605118622,0.946793843851068,COMPLETE
38,0.8247245550231974,2026-06-03 06:59:38.363168,2026-06-03 06:59:59.003487,0 days 00:00:20.640319,balanced,0.848523492392216,0.03108984587864612,10,20,0.2683791600359044,1600,192,8.24817146096094,1.5359412249828939,0.7984422064408416,0.8650924787454883,0.8247245550231974,0.7968094988983426,0.854679802955665,0.9440424479670774,COMPLETE
39,0.8240231340404146,2026-06-03 06:59:59.022239,2026-06-03 07:00:15.782536,0 days 00:00:16.760297,,0.9393603842736453,0.02557092292742296,8,80,0.6422089922261308,1300,128,1.6151695834625125e-06,0.04897884987050568,0.677845316568051,0.8735872681706165,0.8240231340404146,0.8529672576082962,0.7970103618141668,0.9463378204842537,COMPLETE
40,0.8344346188737045,2026-06-03 07:00:15.791550,2026-06-03 07:00:41.486656,0 days 00:00:25.695106,balanced,0.8823629935740588,0.033010878545893796,-1,100,0.20014607404515153,1500,80,0.00012835701859684466,3.398121549788069,0.708153119930807,0.8743127021511928,0.8344346188737045,0.8167691972418561,0.852896211992526,0.948726691095052,COMPLETE
41,0.8415432142589258,2026-06-03 07:00:41.505228,2026-06-03 07:01:28.259850,0 days 00:00:46.754622,balanced,0.8732554458759302,0.013989989062128673,16,10,0.33827012525568456,1900,216,0.0007815575825908055,0.022146435401881378,0.8300417766067494,0.8809886931037765,0.8415432142589258,0.8323093747584233,0.8509993771587113,0.9525922198024045,COMPLETE
42,0.839317355680579,2026-06-03 07:01:28.268958,2026-06-03 07:02:06.345117,0 days 00:00:38.076159,balanced,0.8290945799735279,0.015730627384144723,16,20,0.43845735753857834,1700,208,0.0012013425943561298,0.041367458646587606,0.7907106678145802,0.8790016616251943,0.839317355680579,0.8279866110420698,0.8509710661910423,0.9516172219309084,COMPLETE
43,0.8417460385171861,2026-06-03 07:02:06.354161,2026-06-03 07:02:50.181754,0 days 00:00:43.827593,balanced,0.8497787678677508,0.019140690875601853,16,10,0.3488023611615819,1900,248,0.00028359110927934564,0.009365817454961688,0.7624352619225779,0.8818718232898434,0.8417460385171861,0.8375839792169684,0.8459600249136517,0.9524382260419486,COMPLETE
44,0.8391494682633845,2026-06-03 07:02:50.191087,2026-06-03 07:03:37.573635,0 days 00:00:47.382548,balanced,0.8006763839858898,0.011535769656142704,16,30,0.2660443339320683,1700,224,0.007175413212508813,0.5013485276607268,0.7391319983640565,0.8787283275486212,0.8391494682633845,0.8268625199586407,0.8518203952211086,0.9514592963645296,COMPLETE
45,0.8197713753583343,2026-06-03 07:03:37.582434,2026-06-03 07:03:56.252938,0 days 00:00:18.670504,,0.8691753837006725,0.022508114751284267,6,120,0.39310971004027107,2000,256,7.682798360528223e-05,0.10074533902689364,0.6514929770088929,0.8707591751198577,0.8197713753583343,0.8501573926009004,0.7915180340864051,0.9439060268686995,COMPLETE
46,0.8227018596404116,2026-06-03 07:03:56.262086,2026-06-03 07:04:09.144291,0 days 00:00:12.882205,balanced,0.8197121270494522,0.01532370318244262,12,180,0.1386251230514531,700,232,0.00036092328306610015,6.039415234856997e-06,0.8295178076707893,0.863315731312236,0.8227018596404116,0.7936909924344433,0.8539437177962744,0.9438587693509851,COMPLETE
47,0.8358727857013862,2026-06-03 07:04:09.152307,2026-06-03 07:04:28.122456,0 days 00:00:18.970149,balanced,0.9087264754664643,0.06301074074425807,10,20,0.5467331497599348,1600,200,1.5010805504522352e-05,0.0004127231912881374,0.7700091916662622,0.8762787110944945,0.8358727857013862,0.8237578781600572,0.8483664571655058,0.9490675037578681,COMPLETE
48,0.838906174645329,2026-06-03 07:04:28.131521,2026-06-03 07:05:01.796048,0 days 00:00:33.664527,balanced,0.9348414427662626,0.018337716856918353,16,40,0.30854426169914684,1400,176,0.0018508781995163605,0.005000558322876323,0.7192938365513621,0.8787388427954156,0.838906174645329,0.8279150114999873,0.8502066700639827,0.9509821488577668,COMPLETE
49,0.8412243659402998,2026-06-03 07:05:01.804233,2026-06-03 07:05:28.905272,0 days 00:00:27.101039,balanced,0.9658337337077193,0.03557456001340376,14,10,0.05765451779695069,1300,152,0.008370189412713256,0.16933304543526456,0.79514591338055,0.8816720657655784,0.8412243659402998,0.8383907530602354,0.8440915010475057,0.952356417920139,COMPLETE
50,0.807323428794064,2026-06-03 07:05:28.914216,2026-06-03 07:05:40.612875,0 days 00:00:11.698659,,0.8577224865723787,0.020778681086894343,4,60,0.21941851138924004,1800,216,1.1194784080356729e-07,1.394137332704572e-07,0.689759142342553,0.8623484954000263,0.807323428794064,0.8406463030300069,0.776598154124908,0.9378603092468621,COMPLETE
51,0.841823059944748,2026-06-03 07:05:40.622157,2026-06-03 07:06:23.483683,0 days 00:00:42.861526,balanced,0.8530495951274023,0.019793047578601137,16,10,0.34485930510621216,1900,248,0.0002589352257928769,0.01345768982176771,0.7598666296094343,0.8819454124428067,0.841823059944748,0.8377594467158894,0.8459317139459827,0.9522801424385824,COMPLETE
52,0.8369374848338498,2026-06-03 07:06:23.492235,2026-06-03 07:06:43.862669,0 days 00:00:20.370434,balanced,0.825701702212544,0.09769890379996944,16,20,0.4103524753294884,2000,248,0.0007156935751179176,0.0331716914803565,0.776167104087312,0.8783919019912813,0.8369374848338498,0.8335237277991784,0.8403827642828832,0.9493661005866284,COMPLETE
53,0.8382884388225768,2026-06-03 07:06:43.872119,2026-06-03 07:07:29.417776,0 days 00:00:45.545657,balanced,0.8778919279757526,0.019969151518425782,16,30,0.3656340599881526,1900,240,0.0002580501016061928,0.002800805772782081,0.7327834795365148,0.878938599324892,0.8382884388225768,0.8317502829058019,0.8449408300775719,0.9509821191027396,COMPLETE
54,0.8421252917267325,2026-06-03 07:07:29.426759,2026-06-03 07:08:12.865474,0 days 00:00:43.438715,balanced,0.8537210085724213,0.01662995510136102,16,10,0.271128677466917,1800,224,0.00439249270132527,0.017961533113022003,0.861628153228152,0.8818928557730096,0.8421252917267325,0.8361226807752139,0.8482249023271615,0.9528787895101832,COMPLETE
55,0.8434377619541076,2026-06-03 07:08:12.874299,2026-06-03 07:08:57.735897,0 days 00:00:44.861598,balanced,0.897131843401168,0.016687818007088448,-1,10,0.24699438562405773,1800,224,0.07953004250322225,0.023436933841699904,0.8707066903159589,0.882944189121457,0.8434377619541076,0.8379109507319161,0.849045920389559,0.9531507945022343,COMPLETE
56,0.8356583690008778,2026-06-03 07:08:57.748986,2026-06-03 07:09:44.045270,0 days 00:00:46.296284,balanced,0.895764125063259,0.016655930056237982,-1,160,0.24667298907977817,1700,232,0.10553995020607909,0.1089053884837713,0.8935995163740016,0.8756794614018371,0.8356583690008778,0.8207361513092089,0.8511409319970556,0.949796611910983,COMPLETE
57,0.8356573584122452,2026-06-03 07:09:44.055072,2026-06-03 07:10:12.708046,0 days 00:00:28.652974,balanced,0.9260556076186243,0.013105297797841043,-1,20,0.17212465368924365,1500,104,0.9440785460568835,0.00014143088780157838,0.8544452158632019,0.8747858113266288,0.8356573584122452,0.8151283952406828,0.8572561010135327,0.9503173150980961,COMPLETE
58,0.8407718034064442,2026-06-03 07:10:12.716458,2026-06-03 07:11:01.927636,0 days 00:00:49.211178,balanced,0.8068876576647592,0.01113815861048369,-1,40,0.02159711165047859,1800,200,0.02719086690684348,0.004440241556799091,0.8677591688639232,0.8800319850390165,0.8407718034064442,0.828997156042082,0.8528962119925257,0.9526677522586126,COMPLETE
59,0.8410648427738421,2026-06-03 07:11:01.935842,2026-06-03 07:11:39.590691,0 days 00:00:37.654849,balanced,0.8334498355588253,0.025543026580982914,-1,30,0.09707444182513897,1600,184,0.004933453447891054,0.4726335356525799,0.9192636448910124,0.8814197462659773,0.8410648427738421,0.8372912206279292,0.8448842081422344,0.9522396703395689,COMPLETE
60,0.8299609392606283,2026-06-03 07:11:39.599606,2026-06-03 07:12:04.768889,0 days 00:00:25.169283,balanced,0.9050347988256185,0.017998406985333615,8,90,0.2887181065251745,2000,224,0.12365111931970149,0.02228900511872246,0.895625603181573,0.8696237479827303,0.8299609392606283,0.8047656845069399,0.8568031255308307,0.9474821274270951,COMPLETE
