number,value,datetime_start,datetime_complete,duration,params_bagging_fraction,params_feature_fraction,params_learning_rate,params_max_depth,params_min_child_samples,params_min_split_gain,params_n_estimators,params_num_leaves,params_reg_alpha,params_reg_lambda,user_attrs_accuracy,user_attrs_f1,user_attrs_precision,user_attrs_recall,user_attrs_roc_auc,state
2206,0.8372510690488265,2026-06-02 16:52:02.310993,2026-06-02 16:52:37.190518,0 days 00:00:34.879525,0.9421005230269398,0.7233858567445455,0.015879294624235343,-1,20,0.014738697303653521,1300,231,6.782839611295057e-06,1.307240911485122e-07,0.8781391876653024,0.8372510690488265,0.8312520679380389,0.8433667492179384,0.9506212047626912,COMPLETE
2207,0.8373573077946821,2026-06-02 16:52:37.202407,2026-06-02 16:53:12.990317,0 days 00:00:35.787910,0.940653123105396,0.7047511359731462,0.016796205381201544,-1,10,0.013564842830137277,1360,239,9.385163860178207e-06,1.1784924375773218e-07,0.8786972683921626,0.8373573077946821,0.8346276997166732,0.8401371935600214,0.9509075734678613,COMPLETE
2208,0.8382487381195866,2026-06-02 16:53:13.002564,2026-06-02 16:53:50.592848,0 days 00:00:37.590284,0.941207432535643,0.7037862055303701,0.015003080038804297,-1,10,0.01761615984369726,1340,255,1.6288931328433905e-05,7.207204891036343e-08,0.8792448169279675,0.8382487381195866,0.8346979655223,0.8418653175368069,0.9510297178198179,COMPLETE
2209,0.8319007292985304,2026-06-02 16:53:50.605040,2026-06-02 16:54:26.551347,0 days 00:00:35.946307,0.9492615400460316,0.7190466607838533,0.07416396844919027,-1,10,0.01151385246095054,1320,255,1.1411402583412651e-05,1.0899508467126066e-07,0.8772546715489519,0.8319007292985304,0.8472207849854122,0.817161955758703,0.9493139268377216,COMPLETE
2210,0.8368866460316339,2026-06-02 16:54:26.563319,2026-06-02 16:55:01.844169,0 days 00:00:35.280850,0.9457168019048134,0.7066996447200813,0.015037644491384998,-1,10,0.022520704520956118,1260,255,1.1036640662704676e-05,6.292927366900729e-08,0.878033895690867,0.8368866460316339,0.832003171417873,0.8418653295748016,0.9507791825367224,COMPLETE
2211,0.838051057140838,2026-06-02 16:55:01.855570,2026-06-02 16:55:38.175952,0 days 00:00:36.320382,0.9492631030866949,0.7015375636541902,0.015058983795238092,-1,10,0.020145529359850096,1300,255,1.2029899032610948e-05,4.2077787948535496e-08,0.8790026327470722,0.838051057140838,0.8338506248997216,0.8423185961937604,0.9508777582900504,COMPLETE
2212,0.8383714945220668,2026-06-02 16:55:38.187569,2026-06-02 16:56:14.922515,0 days 00:00:36.734946,0.9494896217727923,0.7221563511571596,0.015420971819706869,-1,10,0.00976900134080401,1300,255,7.684272147375303e-06,3.826829997921228e-08,0.8793711702909018,0.8383714945220668,0.8350675265483675,0.8417236664517596,0.95097388718191,COMPLETE
2213,0.8373376515798645,2026-06-02 16:56:14.933527,2026-06-02 16:56:50.351463,0 days 00:00:35.417936,0.9496914570911905,0.7145536551136674,0.015309465074656785,-1,10,0.01530099834097291,1280,255,4.241850243319505e-06,4.568128732806714e-08,0.8785288028961832,0.8373376515798645,0.8335259344935668,0.8412137706975685,0.9507938402940828,COMPLETE
2214,0.8372306537328583,2026-06-02 16:56:50.363568,2026-06-02 16:57:27.586949,0 days 00:00:37.223381,0.9484042400663267,0.7137467519807608,0.015440278906379258,-1,20,0.026539111802945436,1300,255,4.224442870882028e-06,3.556069463545414e-08,0.8783076611442461,0.8372306537328583,0.8324844098341228,0.8420636146102792,0.9507300517855471,COMPLETE
2215,0.8372646573598649,2026-06-02 16:57:27.598689,2026-06-02 16:58:02.818885,0 days 00:00:35.220196,0.9463854673214827,0.7367856159375419,0.015020342763620978,-1,10,0.02124628880431961,1240,255,2.9348541465855293e-06,4.486153052856681e-08,0.8783181946657953,0.8372646573598649,0.8323934159041443,0.8422336199883258,0.9506913548859474,COMPLETE
2216,0.8362986904058333,2026-06-02 16:58:02.840569,2026-06-02 16:58:41.947464,0 days 00:00:39.106895,0.9461843656515658,0.7258607166579575,0.015465508695761163,-1,40,0.0227448706954496,1280,255,5.820875799971352e-06,5.7457978130786477e-08,0.877433688860774,0.8362986904058333,0.8303703438625715,0.842346916780374,0.9502745518596328,COMPLETE
2217,0.8375209322068794,2026-06-02 16:58:41.958505,2026-06-02 16:59:17.794822,0 days 00:00:35.836317,0.9492663123923858,0.7193503998815883,0.015269789507383058,-1,10,0.016060511092422465,1280,255,5.6820649366566395e-06,3.465376062043602e-08,0.8786762089994049,0.8375209322068794,0.8337795616643002,0.8413270458212261,0.9509303761208964,COMPLETE
2218,0.8371574633963034,2026-06-02 16:59:17.807044,2026-06-02 16:59:53.017356,0 days 00:00:35.210312,0.944465472549545,0.7124273021937695,0.015464130619667575,-1,10,0.016299691007693694,1260,255,1.489298606247989e-05,3.740132832944666e-08,0.8783287281873448,0.8371574633963034,0.8328953941140855,0.8414970536068714,0.9507807045286718,COMPLETE
2219,0.83728342343622,2026-06-02 16:59:53.029447,2026-06-02 17:00:28.721993,0 days 00:00:35.692546,0.9423441663628876,0.7045375762412338,0.015516865916093513,-1,10,0.015483268195157614,1280,255,6.988263330842244e-06,3.207628429406934e-08,0.8784866718035977,0.83728342343622,0.8334552559546885,0.8411854308501633,0.9507722369496131,COMPLETE
2220,0.8377345332992562,2026-06-02 17:00:28.733705,2026-06-02 17:01:04.999171,0 days 00:00:36.265466,0.9492798603701922,0.7092050619467983,0.015057155789740501,-1,10,0.020224414390312643,1300,255,1.1607875320717024e-05,6.70104284556829e-08,0.8786762169823694,0.8377345332992562,0.832903107352863,0.8426585852814625,0.9509252180955224,COMPLETE
2221,0.8373882765486207,2026-06-02 17:01:05.011286,2026-06-02 17:01:40.188649,0 days 00:00:35.177363,0.9413870580863283,0.7159603142219946,0.015051516962533507,-1,10,0.015879292184263764,1240,255,6.0842365532562335e-06,6.818200631795963e-08,0.8783287258589801,0.8373882765486207,0.8319642845750486,0.8429135042673704,0.9507539460376582,COMPLETE
2222,0.8369843871655552,2026-06-02 17:01:40.200410,2026-06-02 17:02:16.615449,0 days 00:00:36.415039,0.9429773694796452,0.7226163186889026,0.015588611869643533,-1,20,0.017617800612312086,1260,255,7.674579519776547e-06,4.8733642528786175e-08,0.8780549597403539,0.8369843871655552,0.8317498169667544,0.8423186130469532,0.9506886048811397,COMPLETE
2223,0.8371718220439096,2026-06-02 17:02:16.626667,2026-06-02 17:02:52.244939,0 days 00:00:35.618272,0.9426543902825467,0.7132662602320643,0.015715881540425945,-1,10,0.012983984140060089,1280,255,7.970233860942928e-06,6.823233780376443e-08,0.8784340228227684,0.8371718220439096,0.8335676469738801,0.8408454730612475,0.9508612893423501,COMPLETE
2224,0.8373502325593686,2026-06-02 17:02:52.256967,2026-06-02 17:03:29.879474,0 days 00:00:37.622507,0.9401360331230683,0.7270220159114772,0.015049388493167486,-1,10,0.01801445608526083,1320,255,5.197481308185215e-06,5.838380265472697e-08,0.8786551462804121,0.8373502325593686,0.8343376869249269,0.8404205053605119,0.9508829533978954,COMPLETE
2225,0.8363149029094986,2026-06-02 17:03:29.891304,2026-06-02 17:04:05.911926,0 days 00:00:36.020622,0.9451413687212616,0.7186630291116042,0.01584342033435485,-1,20,0.01061503201211564,1260,255,9.72876757204832e-06,5.529807737115176e-08,0.8776653578144136,0.8363149029094986,0.8318309361883406,0.840873810501054,0.9507597432608265,COMPLETE
2226,0.8376171451462509,2026-06-02 17:04:05.924173,2026-06-02 17:04:40.976917,0 days 00:00:35.052744,0.9398796916445109,0.7090301241890821,0.015805530714522235,-1,10,0.01847525851347903,1260,255,5.607980054365037e-06,3.640894065775692e-08,0.8787077965917357,0.8376171451462509,0.8336131773228254,0.84169533623475,0.9509457696421947,COMPLETE
2227,0.8370193920522566,2026-06-02 17:04:40.988903,2026-06-02 17:05:17.504310,0 days 00:00:36.515407,0.9462061406813275,0.7138137014967023,0.015565391853219665,-1,10,0.017029842010756878,1300,255,2.4466804786073704e-06,7.835672578737548e-08,0.8783076761123044,0.8370193920522566,0.833316878760566,0.8407888174424265,0.9509974197248984,COMPLETE
2228,0.8371900713563578,2026-06-02 17:05:17.516628,2026-06-02 17:05:53.410918,0 days 00:00:35.894290,0.9383591042693159,0.7049295415144126,0.015048040154101022,-1,10,0.013955923163652607,1280,255,1.9648324435167264e-06,2.503983549646674e-08,0.8783392607110234,0.8371900713563578,0.8328400591496526,0.8416103576217164,0.9508192714220433,COMPLETE
2229,0.8372634721034858,2026-06-02 17:05:53.422922,2026-06-02 17:06:26.982700,0 days 00:00:33.559778,0.9486936805722831,0.7068595030903468,0.015910235097063803,-1,10,0.020035274834248808,1200,255,8.306429803997314e-06,3.1178210552026496e-08,0.8783392660329997,0.8372634721034858,0.8325435718098125,0.8420636218330761,0.9508104892637315,COMPLETE
2230,0.837682839545884,2026-06-02 17:06:26.994951,2026-06-02 17:07:01.994791,0 days 00:00:34.999840,0.9498315614346479,0.7060064786292978,0.015450059360951006,-1,10,0.016113798600644165,1260,255,8.185564747830132e-06,2.7617491829077688e-08,0.8788130938881474,0.837682839545884,0.8340784078554003,0.8413553808534334,0.95087081878694,COMPLETE
2231,0.8373358780005686,2026-06-02 17:07:02.007578,2026-06-02 17:07:38.591753,0 days 00:00:36.584175,0.9404709777287263,0.7114611784944634,0.015912718517384954,-1,10,0.014655470338134302,1300,255,9.186224682166936e-06,8.010391465290307e-08,0.8786972663964215,0.8373358780005686,0.8346674491430912,0.8400522101317899,0.9509570527687968,COMPLETE
2232,0.8383730448264369,2026-06-02 17:07:38.604090,2026-06-02 17:08:15.090113,0 days 00:00:36.486023,0.9392347173084418,0.7105645336427471,0.015507712693782372,-1,10,0.017873734095743724,1300,255,1.416890866500214e-05,7.37506661078541e-08,0.8793817078039335,0.8383730448264369,0.8351077978657754,0.8416953723487346,0.9509410811754826,COMPLETE
2233,0.837173839321906,2026-06-02 17:08:15.101967,2026-06-02 17:08:50.397146,0 days 00:00:35.295179,0.9453485862667445,0.7024464314295357,0.015386228916747903,-1,10,0.02750454140170971,1260,255,4.451412682800329e-06,7.782546283930855e-08,0.8783076624747402,0.837173839321906,0.832704991076073,0.8417236664517596,0.9508461325855929,COMPLETE
2234,0.8376777717294998,2026-06-02 17:08:50.418483,2026-06-02 17:09:27.288048,0 days 00:00:36.869565,0.941215058295443,0.7088289749069867,0.015458395800425871,-1,10,0.02651323582509922,1300,255,5.554597106048135e-06,4.844266419852486e-08,0.8789183928476768,0.8376777717294998,0.8348079234716977,0.8405904770321727,0.9509068159163027,COMPLETE
2235,0.8373409450602534,2026-06-02 17:09:27.299167,2026-06-02 17:10:02.336527,0 days 00:00:35.037360,0.9494241136337022,0.7078737611434205,0.015001730551205406,-1,20,0.031114787629938093,1220,255,3.006296619893544e-06,2.3935526641148806e-08,0.8782234292278153,0.8373409450602534,0.8314514002497173,0.8433384551149135,0.9503891950345239,COMPLETE
2236,0.8370384017177076,2026-06-02 17:10:02.348255,2026-06-02 17:10:36.897265,0 days 00:00:34.549010,0.9396054689966261,0.7185144659107973,0.015011626784527405,-1,10,0.03024701755356518,1240,255,9.455228466898976e-06,7.427522336122845e-08,0.8782234315561799,0.8370384017177076,0.832686838479649,0.8414687065366692,0.9507224017012094,COMPLETE
2237,0.8373567822272872,2026-06-02 17:10:36.909426,2026-06-02 17:11:13.268188,0 days 00:00:36.358762,0.9497798769394967,0.7165209870790201,0.015005350973147842,-1,10,0.019466785965137234,1300,255,1.393964604903002e-05,3.5989283548445e-08,0.8784550855417613,0.8373567822272872,0.8329531462645771,0.841837006580589,0.9508902224158456,COMPLETE
2238,0.8377091964486305,2026-06-02 17:11:13.288961,2026-06-02 17:11:48.207530,0 days 00:00:34.918569,0.9495106277342946,0.7192722081061891,0.01582532710467336,-1,10,0.012441144608364324,1240,255,8.661859123511546e-06,5.833702844281432e-08,0.8787815156092753,0.8377091964486305,0.8337382046742231,0.8417520496359462,0.9509552355863317,COMPLETE
2239,0.8375136453858802,2026-06-02 17:11:48.219331,2026-06-02 17:12:23.503860,0 days 00:00:35.284529,0.9407296148561739,0.7043052859386126,0.01502375175229759,-1,10,0.012901525024756964,1260,255,1.2768547097771666e-05,9.847615990001833e-08,0.8785393254411565,0.8375136453858802,0.8328794584418336,0.8422335935047371,0.950745006265378,COMPLETE
2240,0.8366396890118347,2026-06-02 17:12:23.516322,2026-06-02 17:12:59.209044,0 days 00:00:35.692722,0.9364524253370845,0.7202032843531321,0.015016778654091468,-1,10,0.026851855805681765,1280,255,6.5051362061785774e-06,6.225219872560995e-08,0.8779286027185608,0.8366396890118347,0.8323092065837959,0.841043772542319,0.9507270766871828,COMPLETE
2241,0.8382644193602165,2026-06-02 17:12:59.221568,2026-06-02 17:13:35.117821,0 days 00:00:35.896253,0.9498308378259589,0.7052431799872009,0.01584930662582255,-1,10,0.013136706222712824,1280,255,3.8894304566334e-06,9.779091913421446e-08,0.8791605737023372,0.8382644193602165,0.8340526984525906,0.8425451849626588,0.9509489610271938,COMPLETE
2242,0.8377897906731424,2026-06-02 17:13:35.129939,2026-06-02 17:14:09.754168,0 days 00:00:34.624229,0.9498531900193657,0.7181694826231396,0.01603643608676027,-1,10,0.01347385081042001,1240,255,2.8542147852308926e-06,1.1162264108875442e-07,0.8788130988775001,0.8377897906731424,0.833617937316021,0.8420352819856709,0.9510296032273068,COMPLETE
2243,0.8367156192113901,2026-06-02 17:14:09.766077,2026-06-02 17:14:45.816011,0 days 00:00:36.049934,0.9494235494670948,0.7023103789947162,0.016112139304289192,-1,20,0.012556370466165518,1260,255,2.0760835465437576e-06,9.804143488720246e-08,0.8778970074758892,0.8367156192113901,0.8317978847483866,0.8417236808973533,0.950621997960877,COMPLETE
2244,0.8377562137858674,2026-06-02 17:14:45.828088,2026-06-02 17:15:24.294038,0 days 00:00:38.465950,0.9441985597661984,0.7134126212705558,0.016131090933917912,-1,10,0.012966013662243148,1240,255,1.0055173421256255e-05,2.0634539528044562e-08,0.8788973334549192,0.8377562137858674,0.834330157913282,0.8412420840613852,0.9508737998854188,COMPLETE
2245,0.8335050515482184,2026-06-02 17:15:24.306427,2026-06-02 17:15:57.347318,0 days 00:00:33.040891,0.94434984710373,0.7118760112023717,0.04906060853416054,-1,10,0.012281177706189948,1260,255,1.0166893650977363e-05,4.6357563383110084e-08,0.8779601703534804,0.8335050515482184,0.8454809050249198,0.8218930153257205,0.950417572948865,COMPLETE
2246,0.8385756796505351,2026-06-02 17:15:57.359574,2026-06-02 17:16:32.082237,0 days 00:00:34.722663,0.9499214147095324,0.7100858941333152,0.016054950476355963,-1,10,0.012476217009788702,1260,255,3.8012594041171074e-06,8.663048150216565e-08,0.8794764665894431,0.8385756796505351,0.8349290214614141,0.842290258753954,0.9509886591955165,COMPLETE
2247,0.8373543638575885,2026-06-02 17:16:32.094232,2026-06-02 17:17:08.508789,0 days 00:00:36.414557,0.9466076442864266,0.7299024596079572,0.01596284260842407,-1,20,0.01865529929305694,1280,255,2.668159705745098e-06,8.11249993258086e-08,0.8785814425635543,0.8373543638575885,0.8338161916998356,0.8409588131900771,0.9506803375704962,COMPLETE
2248,0.8359000804733467,2026-06-02 17:17:08.521029,2026-06-02 17:17:48.858816,0 days 00:00:40.337787,0.9467480444672403,0.7146564662941204,0.015932696453189624,-1,70,0.01243007500275195,1220,255,5.121500790129212e-06,9.384186640729576e-08,0.8768545427539327,0.8359000804733467,0.828122983724132,0.8438483267931147,0.9498530115999567,COMPLETE
2249,0.8376791661401707,2026-06-02 17:17:48.880645,2026-06-02 17:18:21.839001,0 days 00:00:32.958356,0.948734477854476,0.7243661763695158,0.01581134230749534,-1,10,0.01765740143315564,1180,255,4.984016820509052e-06,7.098292788826047e-08,0.8785709107051226,0.8376791661401707,0.8324075833182271,0.8430551529448188,0.9508775497332729,COMPLETE
2250,0.8370263278032003,2026-06-02 17:18:21.851724,2026-06-02 17:18:56.777643,0 days 00:00:34.925919,0.9460617781785122,0.7124419425249728,0.016206733728073273,-1,10,0.02222094117430874,1260,255,3.904936612597727e-06,4.828820616364808e-08,0.878370847638107,0.8370263278032003,0.8337176235303737,0.8403922281106796,0.9508708439004122,COMPLETE
2251,0.8375867080245892,2026-06-02 17:18:56.788724,2026-06-02 17:19:31.041910,0 days 00:00:34.253186,0.9486017222395364,0.7164558590982864,0.015763878268472153,-1,10,0.020077208716630657,1220,255,1.6433857908977888e-06,9.130732441991139e-08,0.878591968102139,0.8375867080245892,0.8329439624641332,0.8423185745253696,0.9508617204662183,COMPLETE
2252,0.8375288761907344,2026-06-02 17:19:31.054162,2026-06-02 17:20:05.596131,0 days 00:00:34.541969,0.9480705957987168,0.711216813420318,0.016334063462631308,-1,10,0.01581904650970077,1240,255,3.460425652686295e-06,9.583693041864443e-08,0.8787709804246084,0.8375288761907344,0.834401208005112,0.8407038267913983,0.9508760774825119,COMPLETE
2253,0.8355551033270475,2026-06-02 17:20:05.607735,2026-06-02 17:20:44.738712,0 days 00:00:39.130977,0.949151611363881,0.7272463954888176,0.015626975778716197,-1,50,0.018040432504775224,1260,255,3.009192676191421e-06,3.652908053297708e-08,0.8767597889577757,0.8355551033270475,0.8288481851426314,0.8424035772143929,0.9501957365999631,COMPLETE
2254,0.8372013408455254,2026-06-02 17:20:44.749976,2026-06-02 17:21:18.787535,0 days 00:00:34.037559,0.9468473463974103,0.7090117804726955,0.016345981780930594,-1,10,0.014691020490241053,1220,255,1.7121596409803166e-06,1.0109367661494336e-07,0.878370854623201,0.8372013408455254,0.8330091136632701,0.8414687330202577,0.9507515125292253,COMPLETE
2255,0.8368835862726343,2026-06-02 17:21:18.799746,2026-06-02 17:21:54.809179,0 days 00:00:36.009433,0.9469242418693711,0.7208738622594668,0.01575849513010519,-1,10,0.013709785006493103,1280,255,5.391657843688493e-06,5.3778177182266787e-08,0.8782655420261073,0.8368835862726343,0.8335964177368073,0.8402221962490445,0.9509640664257133,COMPLETE
2256,0.8378459774647743,2026-06-02 17:21:54.821464,2026-06-02 17:22:28.821486,0 days 00:00:34.000022,0.9487002351365982,0.7150810906596718,0.01614415799612132,-1,10,0.015882546543661974,1240,255,2.9977634406531957e-06,8.232196273607433e-08,0.8789289240408614,0.8378459774647743,0.8341816212741123,0.8415820298123061,0.9509443839046107,COMPLETE
2257,0.8369874066430576,2026-06-02 17:22:28.832656,2026-06-02 17:23:04.694793,0 days 00:00:35.862137,0.9491667454307183,0.729658398758127,0.01647936442346722,-1,20,0.01776429210114918,1260,255,1.2601009608047572e-06,1.1062358035645372e-07,0.8782444856269613,0.8369874066430576,0.8330324512320035,0.8410154375101117,0.9507080499901067,COMPLETE
2258,0.8379491152529864,2026-06-02 17:23:04.707158,2026-06-02 17:23:40.654281,0 days 00:00:35.947123,0.949068172434257,0.72275962038771,0.015599977125046368,-1,10,0.013970573477862857,1280,255,3.4310510100806155e-06,5.550870789865051e-08,0.8789921008886404,0.8379491152529864,0.8341871045939708,0.8417803196629817,0.9508880270453384,COMPLETE
2259,0.837031181262386,2026-06-02 17:23:40.675387,2026-06-02 17:24:16.771324,0 days 00:00:36.095937,0.94344872092864,0.710617362580872,0.015582675299423683,-1,10,0.012486399698395361,1280,255,4.139647048377948e-06,6.883961875068927e-08,0.878255016820146,0.837031181262386,0.8329246020292295,0.841213741806381,0.9509949221090895,COMPLETE
2260,0.8377462595420102,2026-06-02 17:24:16.785766,2026-06-02 17:24:54.000842,0 days 00:00:37.215076,0.9424499620105337,0.7089416717200432,0.016469917220423427,-1,10,0.013560640694538351,1340,255,3.3802520142527524e-06,2.8140530576072983e-08,0.8790552780690429,0.8377462595420102,0.8354550430145293,0.840080569239987,0.9510320258105178,COMPLETE
2261,0.8370453631217138,2026-06-02 17:24:54.013268,2026-06-02 17:25:29.955226,0 days 00:00:35.941958,0.9437683327501519,0.7206638909205356,0.015858849502661292,-1,10,0.012997234984568671,1280,255,3.87898899698896e-06,1.1330012856440316e-07,0.8783919010436413,0.8370453631217138,0.833794644666838,0.8403638810404774,0.9509594053694368,COMPLETE
2262,0.8377230618384609,2026-06-02 17:25:29.967037,2026-06-02 17:26:03.198387,0 days 00:00:33.231350,0.9490681335471909,0.7118483819320118,0.01635909255680601,-1,10,0.014051677699342655,1200,255,5.73041080942715e-06,4.3397880753168115e-08,0.8788657435342239,0.8377230618384609,0.8342420358469548,0.8412704215011916,0.9509085611139798,COMPLETE
2263,0.8354029820416041,2026-06-02 17:26:03.210309,2026-06-02 17:26:42.065780,0 days 00:00:38.855471,0.7220088242603886,0.724028955141788,0.015530181183428655,-1,20,0.017554795049155955,1260,255,4.640082152029431e-06,1.1428964368180142e-07,0.8770651539779323,0.8354029820416041,0.8314862032298104,0.8394006705153485,0.9502219792270088,COMPLETE
2264,0.8374689412014926,2026-06-02 17:26:42.077845,2026-06-02 17:27:17.763842,0 days 00:00:35.685997,0.9432499427927191,0.7089440755188959,0.01634918466663614,-1,10,0.011607257873441804,1280,255,1.0324493707785751e-06,6.449423563552731e-08,0.8788130968817591,0.8374689412014926,0.8349371723627669,0.8400522414305764,0.9509661367332566,COMPLETE
2265,0.8376372698719011,2026-06-02 17:27:17.775939,2026-06-02 17:27:51.962262,0 days 00:00:34.186323,0.943557177888326,0.7165189126613569,0.015522376607046884,-1,10,0.019046737828095458,1220,255,1.6761559662847855e-06,1.1188980653114672e-07,0.8786551486087767,0.8376372698719011,0.833173652030332,0.8421769354783172,0.9507697035355069,COMPLETE
2266,0.8374104236361423,2026-06-02 17:27:51.974366,2026-06-02 17:28:26.084695,0 days 00:00:34.110329,0.9427555513699194,0.7065171110279643,0.016018393180729014,-1,10,0.01123426343165583,1220,255,2.8196534800540247e-06,3.4827965856320884e-05,0.8785393274368976,0.8374104236361423,0.8332975538973336,0.8416103624369144,0.9508327322085934,COMPLETE
2267,0.8377979914817656,2026-06-02 17:28:26.105556,2026-06-02 17:29:00.357008,0 days 00:00:34.251452,0.9488322152923141,0.7045927773316362,0.016615380771834963,-1,10,0.011354695307906072,1240,255,4.557952936876949e-06,8.347319283386819e-08,0.8789183968391591,0.8377979914817656,0.8343217714239852,0.8413554049294231,0.9509716488248063,COMPLETE
2268,0.8377896702301223,2026-06-02 17:29:00.368176,2026-06-02 17:29:36.159650,0 days 00:00:35.791474,0.9405664681836681,0.7104561423142973,0.015814317947268168,-1,10,0.014332485641056377,1280,255,1.789248045298584e-06,1.3541389662729494e-07,0.878939452573058,0.8377896702301223,0.83447441309472,0.8411570741495652,0.9509972726757985,COMPLETE
