number,value,datetime_start,datetime_complete,duration,params_bagging_fraction,params_feature_fraction,params_learning_rate,params_max_depth,params_min_child_samples,params_min_split_gain,params_n_estimators,params_num_leaves,params_reg_alpha,params_reg_lambda,user_attrs_accuracy,user_attrs_f1,user_attrs_precision,user_attrs_recall,user_attrs_roc_auc,state
1891,0.8369737722255955,2026-06-02 13:43:07.787265,2026-06-02 13:43:45.359890,0 days 00:00:37.572625,0.9256278628699426,0.7063604210217079,0.016616267665103115,-1,10,0.011789526325107453,1360,255,4.867948335875021e-05,7.744473692086869e-07,0.8785814465550364,0.8369737722255955,0.8353755097890178,0.8386074749986617,0.9510480707282332,COMPLETE
1892,0.8367305774194979,2026-06-02 13:43:45.371734,2026-06-02 13:44:25.566595,0 days 00:00:40.194861,0.9312158280653314,0.7481123684000797,0.015017174225900095,16,20,0.0046397676476745905,1400,247,0.00010581836780405716,1.5261012847362712e-06,0.8779285857547614,0.8367305774194979,0.8319673028291437,0.8415819961059205,0.9505583854848657,COMPLETE
1893,0.8372726902922839,2026-06-02 13:44:25.586615,2026-06-02 13:45:01.496219,0 days 00:00:35.909604,0.9369191144792776,0.6675702707335088,0.015003714560671573,16,10,0.059648090825285834,1340,239,3.08717870658586e-05,1.745263865561656e-07,0.8781918409702376,0.8372726902922839,0.831510257801774,0.8431401363730503,0.9504454341095521,COMPLETE
1894,0.837565789541134,2026-06-02 13:45:01.507879,2026-06-02 13:45:39.841397,0 days 00:00:38.333518,0.9213026180793706,0.677449566537737,0.01555961151451048,16,10,0.002331451065958074,1380,255,6.703634586671393e-05,4.370921393859102e-07,0.8787499137141334,0.837565789541134,0.8341255310295231,0.8410721003517295,0.9509072581710493,COMPLETE
1895,0.83414562819723,2026-06-02 13:45:39.853158,2026-06-02 13:46:15.923327,0 days 00:00:36.070169,0.9442216767314031,0.660234060476635,0.04168537884903025,16,10,0.017552319303416743,1400,239,0.00014928016585829894,0.00042441071161918227,0.8782023588584815,0.83414562819723,0.8445016354685144,0.8240743986986677,0.950494365495676,COMPLETE
1896,0.8368214932926069,2026-06-02 13:46:15.935157,2026-06-02 13:46:52.540420,0 days 00:00:36.605263,0.9282378514751976,0.6942298328708179,0.017111838847798194,16,10,0.007408619842814608,1360,247,1.5216924939332266e-05,0.0009864517887974709,0.8783392454103417,0.8368214932926069,0.8343480377720174,0.8393439354457616,0.9507388679445065,COMPLETE
1897,0.8364260774915598,2026-06-02 13:46:52.552149,2026-06-02 13:47:27.157527,0 days 00:00:34.605378,0.9390834062398181,0.670733952680768,0.016360964136035792,16,10,0.0026917984795240125,1320,231,4.067692017446492e-05,1.0185881580239233e-06,0.8776442901060678,0.8364260774915598,0.8312586423308684,0.8416953097511616,0.9506198576837145,COMPLETE
1898,0.8364138436940985,2026-06-02 13:47:27.169329,2026-06-02 13:48:06.668045,0 days 00:00:39.498716,0.9447912173129763,0.6881735838606197,0.01587808873691569,16,20,0.010027070081844818,1380,247,8.611591589584086e-05,3.12258156685634e-07,0.8776442821231036,0.8364138436940985,0.8313146341466308,0.8416103239153311,0.9505786893847464,COMPLETE
1899,0.8377989470353099,2026-06-02 13:48:06.689694,2026-06-02 13:48:42.268681,0 days 00:00:35.578987,0.9499240772691878,0.6551312869079676,0.018375384232259453,16,10,4.942504062674723e-05,1360,239,2.1781039724050953e-05,6.03981230773703e-07,0.8791289777944185,0.8377989470353099,0.8357606223962145,0.8398822456829259,0.9509652911871633,COMPLETE
1900,0.8367237123966506,2026-06-02 13:48:42.289189,2026-06-02 13:49:23.233612,0 days 00:00:40.944423,0.9210343945792091,0.6641212157098516,0.016709303576542434,16,10,0.005076493300319259,1400,255,9.104344628591557e-06,0.34828938085968264,0.8781918299936615,0.8367237123966506,0.8337640031040593,0.8397405849674827,0.9507286108709758,COMPLETE
1901,0.8374750943501829,2026-06-02 13:49:23.244970,2026-06-02 13:50:00.193250,0 days 00:00:36.948280,0.9325034853600108,0.6798376730330589,0.015480869285352873,16,10,0.0026576295169520856,1340,247,5.8326213145046965e-05,0.0002631409948990737,0.8785603851665377,0.8374750943501829,0.8331861035577929,0.8418369945425943,0.9507332191997456,COMPLETE
1902,0.837342849518036,2026-06-02 13:50:00.214181,2026-06-02 13:50:38.713892,0 days 00:00:38.499711,0.9281481730925466,0.6730232867110896,0.01758661549870628,16,10,0.006900740588679982,1380,255,3.432155443702111e-05,4.263143777835764e-07,0.8789499764485252,0.837342849518036,0.8364178291977589,0.8382957583455939,0.9509248794383428,COMPLETE
1903,0.837111615410929,2026-06-02 13:50:38.726091,2026-06-02 13:51:16.223692,0 days 00:00:37.497601,0.9367399287983021,0.6972996126513143,0.016177633584216627,16,20,0.002669223009016518,1360,239,0.00014555767154835053,0.0017088288513210095,0.8781602430665778,0.837111615410929,0.8319732647515572,0.8423468951119832,0.9506833337618,COMPLETE
1904,0.834935655190583,2026-06-02 13:51:16.234812,2026-06-02 13:51:52.002653,0 days 00:00:35.767841,0.921885483038568,0.6660435036451836,0.017037752841039897,10,10,0.005015540710819806,1400,247,9.030717004870506e-05,0.05346818796477244,0.8758647679254984,0.834935655190583,0.8254128713213674,0.8446982357109976,0.9495619512227845,COMPLETE
1905,0.8375266824303345,2026-06-02 13:51:52.014574,2026-06-02 13:52:27.436745,0 days 00:00:35.422171,0.9408059862616671,0.682990099269012,0.015492310592998704,16,10,0.012991260305491085,1300,239,5.194206409667078e-05,2.4531254918418356e-07,0.878412967421493,0.8375266824303345,0.831969179023419,0.8431967919918714,0.95053349580945,COMPLETE
1906,0.8280318271186138,2026-06-02 13:52:27.448884,2026-06-02 13:52:52.414245,0 days 00:00:24.965361,0.9324258547471573,0.6560253715056958,0.015950430520129982,8,10,0.009596412852408736,1340,223,2.6091836491781425e-05,1.212040464472505e-06,0.8686097663741025,0.8280318271186138,0.8062116866402743,0.8511006817776149,0.9459768174555631,COMPLETE
1907,0.8376280870062472,2026-06-02 13:52:52.425314,2026-06-02 13:53:28.715080,0 days 00:00:36.289766,0.9271562080187836,0.6755415934010756,0.016362184120308945,16,10,4.385388154965787e-05,1380,231,1.348471355499977e-05,1.2473027439259122e-07,0.8787709777636202,0.8376280870062472,0.8340214942765508,0.8412986963434248,0.950743409501079,COMPLETE
1908,0.8344220721828343,2026-06-02 13:53:28.725696,2026-06-02 13:54:14.220705,0 days 00:00:45.495009,0.9358884283641487,0.6619576634595241,0.01730279333607561,16,90,0.005034388028205756,1400,255,0.00014430579567107396,0.0008254416367569354,0.8758121116269516,0.8344220721828343,0.8270772634429405,0.8419219707480289,0.9494698570065728,COMPLETE
1909,0.836602373317613,2026-06-02 13:54:14.232274,2026-06-02 13:54:51.814937,0 days 00:00:37.582663,0.9450003655243092,0.6911660432951336,0.015004863811001462,14,10,0.0027485190360270226,1360,247,6.026648644637923e-05,6.719938570521092e-07,0.8776969404173917,0.836602373317613,0.8308886699032022,0.8424319194693971,0.9505762038264208,COMPLETE
1910,0.8373599751009936,2026-06-02 13:54:51.835110,2026-06-02 13:55:28.485975,0 days 00:00:36.650865,0.9193029287415149,0.6676671375458135,0.01666716503961827,16,10,0.008536364827500214,1320,247,3.943308881666782e-06,0.12755062250800522,0.8785498443272711,0.8373599751009936,0.8336055920083973,0.8411853995513766,0.9506770879804302,COMPLETE
1911,0.8373394767120308,2026-06-02 13:55:28.497533,2026-06-02 13:56:07.472076,0 days 00:00:38.974543,0.9402029105028684,0.7019626927120375,0.015504974627158509,16,10,3.649719479524196e-05,1380,255,0.0001066868314087242,1.850448253585752e-06,0.8785709100398754,0.8373394767120308,0.8338155135577461,0.8409304396362863,0.9509515203950717,COMPLETE
1912,0.8365410119367686,2026-06-02 13:56:07.482789,2026-06-02 13:56:44.642605,0 days 00:00:37.159816,0.8962581872501216,0.6817516586347853,0.0161298798793979,16,20,4.356106984995927e-05,1340,239,3.978643321333717e-05,1.8251008977011372e-07,0.8778443531730836,0.8365410119367686,0.8321446830945592,0.8410153965809292,0.9505574759019662,COMPLETE
1913,0.8369215228908583,2026-06-02 13:56:44.654364,2026-06-02 13:57:20.844510,0 days 00:00:36.190146,0.9304037829771125,0.6723115194876836,0.018117898968165118,16,10,0.006378183037278832,1400,231,2.1288223416112528e-05,0.003868813465500976,0.8784340211596507,0.8369215228908583,0.8346115584275124,0.8392873352017167,0.9507700082428782,COMPLETE
1914,0.8368364363343157,2026-06-02 13:57:20.856283,2026-06-02 13:57:59.060081,0 days 00:00:38.203798,0.9261779024668673,0.6588615357657047,0.01687499233867311,16,10,0.004222302585379641,1360,255,7.073417169683078e-05,3.260746214067365e-07,0.8784761382820486,0.8368364363343157,0.8352399674409753,0.8384657540932444,0.9508714958835377,COMPLETE
1915,0.8371443954313712,2026-06-02 13:57:59.072060,2026-06-02 13:58:36.015959,0 days 00:00:36.943899,0.9358944167933911,0.6882425018119608,0.01581605198731852,16,10,0.06304409022759613,1380,239,0.00017676868313800775,7.842549797730674e-07,0.8783497912389611,0.8371443954313712,0.8331138580287787,0.8412420696157915,0.9507306702983263,COMPLETE
1916,0.8295415500239981,2026-06-02 13:58:36.027633,2026-06-02 13:59:15.840179,0 days 00:00:39.812546,0.916786040708767,0.6550047809200262,0.08655344066956963,12,10,0.0027620247158762013,1400,247,3.4552115941681485e-05,4.278224496163951e-07,0.875433020271538,0.8295415500239981,0.8441232632752608,0.8154905307375199,0.9478919047235301,COMPLETE
1917,0.8365045638610947,2026-06-02 13:59:15.851719,2026-06-02 13:59:53.080426,0 days 00:00:37.228707,0.9499734080820774,0.7242437078790027,0.01633010521322718,16,20,0.007498318644919805,1360,239,0.0001058864307579191,5.873404422439653e-07,0.8778022343875681,0.8365045638610947,0.832017261406017,0.8410721051669275,0.950572152721361,COMPLETE
1918,0.8381106880845443,2026-06-02 13:59:53.100209,2026-06-02 14:00:29.720127,0 days 00:00:36.619918,0.9401353665967201,0.6785947811596814,0.017587198180321666,-1,10,0.010392643452153405,1340,247,1.6201304957381002e-05,0.0020016901890853593,0.8794132867480527,0.8381106880845443,0.8364130578317802,0.8398539226887133,0.9510012147788426,COMPLETE
1919,0.8370664101098134,2026-06-02 14:00:29.730897,2026-06-02 14:01:08.813232,0 days 00:00:39.082335,0.9224376270896294,0.6670639130476768,0.015461993845306473,16,10,0.015424050560092405,1380,255,4.8306007396761116e-05,0.0005664991244706436,0.8784656074214875,0.8370664101098134,0.8342166822438507,0.8399672122579647,0.9507507753411847,COMPLETE
1920,0.8373979828423552,2026-06-02 14:01:08.834587,2026-06-02 14:01:47.630661,0 days 00:00:38.796074,0.9325555322829109,0.674012623866533,0.01500115386289096,16,10,0.002692477346816984,1400,247,7.90476909750856e-05,9.667974379205149e-07,0.8785709077115108,0.8373979828423552,0.8335671121351838,0.8412987204194144,0.950726775466654,COMPLETE
1921,0.8376772020712568,2026-06-02 14:01:47.642084,2026-06-02 14:02:24.664559,0 days 00:00:37.022475,0.9445079581180791,0.6612046454621757,0.016677211835071707,16,10,0.0051525727995782745,1320,255,2.6202559138387067e-05,0.006344786491112107,0.8788130952186415,0.8376772020712568,0.8340996441772992,0.8413270747124136,0.9508100713426805,COMPLETE
1922,0.8374981590719962,2026-06-02 14:02:24.676284,2026-06-02 14:03:01.628464,0 days 00:00:36.952180,0.9281631466853192,0.7321886839904725,0.018860179252832433,16,20,0.002745254124406506,1360,239,8.743126462356557e-06,9.939705894949317e-08,0.8789078559998925,0.8374981590719962,0.8354941410646929,0.8395422878940103,0.9507199463295022,COMPLETE
1923,0.8372198496250184,2026-06-02 14:03:01.640528,2026-06-02 14:03:35.591115,0 days 00:00:33.950587,0.9364028549802008,0.6836151284295031,0.015907974253891077,16,10,0.005632952064716158,1280,231,0.00014975970696976652,0.03800511808090335,0.8780549537531304,0.8372198496250184,0.8307919849009768,0.8437917169186742,0.9506265129222568,COMPLETE
1924,0.8355913248948877,2026-06-02 14:03:35.602565,2026-06-02 14:04:03.412875,0 days 00:00:27.810310,0.9246112334616384,0.6692787739791026,0.017253993078762745,16,10,0.00010085027843157387,1400,151,5.319219198640414e-05,3.042464898723157e-07,0.8762543761712855,0.8355913248948877,0.8253592335011181,0.8461147393386739,0.9500153266995935,COMPLETE
1925,0.8355325225730436,2026-06-02 14:04:03.424406,2026-06-02 14:04:34.857196,0 days 00:00:31.432790,0.9129798044263906,0.6503697051264967,0.01547608035131291,16,10,0.007500373640800733,1380,175,0.00010572172265345072,2.0389256527269818e-07,0.8762543748407915,0.8355325225730436,0.8256170175789829,0.8457181018549477,0.9499119302048077,COMPLETE
1926,0.8380631263412256,2026-06-02 14:04:34.869100,2026-06-02 14:05:11.428281,0 days 00:00:36.559181,0.9415495975711907,0.6635949635615453,0.016279004785051364,16,10,0.012091316186057145,1320,247,7.715114803192786e-08,0.00030831145840707003,0.8791500478311288,0.8380631263412256,0.8347940719642774,0.8413836725488594,0.9507891791076822,COMPLETE
1927,0.8373983348508455,2026-06-02 14:05:11.440048,2026-06-02 14:05:47.626445,0 days 00:00:36.186397,0.9309007796878142,0.6871590952065093,0.01789331585876067,16,10,0.002889705821094863,1340,247,3.395874909406596e-05,4.889381966922329e-07,0.8788762684075618,0.8373983348508455,0.8356699385046902,0.839174014333679,0.9508692727844869,COMPLETE
1928,0.8294729621425603,2026-06-02 14:05:47.637956,2026-06-02 14:06:30.149620,0 days 00:00:42.511664,0.6917742836129339,0.6774342715060998,0.07028102095914997,16,10,0.006911159145170181,1360,255,6.910121776060382e-05,1.3381703616650489e-06,0.8752750936190843,0.8294729621425603,0.8432650541494399,0.8161704583533459,0.9471686348163516,COMPLETE
1929,0.8360011068118635,2026-06-02 14:06:30.162013,2026-06-02 14:06:56.804267,0 days 00:00:26.642254,0.9194874049112935,0.6916206208402743,0.01678259538602689,16,10,7.431585567391989e-05,980,239,0.00020717880974460627,8.829281830100606e-07,0.8767598015974695,0.8360011068118635,0.8270760660917623,0.8451514999223574,0.9503234687167627,COMPLETE
1930,0.8341998544826086,2026-06-02 14:06:56.815681,2026-06-02 14:07:31.587284,0 days 00:00:34.771603,0.9343544275227743,0.6589851639903264,0.01586077721635079,10,20,0.004754871487602804,1400,247,1.3545991679217901e-05,0.018743273120936276,0.8748644495968093,0.8341998544826086,0.8218089423199864,0.8469929086531961,0.9490941562174463,COMPLETE
1931,0.8370790774962474,2026-06-02 14:07:31.599015,2026-06-02 14:08:05.925663,0 days 00:00:34.326648,0.9050766799855957,0.6975805407609043,0.015479849919954674,16,10,0.009666223050386896,1300,231,1.9052490761667605e-05,0.00018100818968718935,0.8780760148090057,0.8370790774962474,0.8315213376213867,0.8427435133349178,0.950581623253251,COMPLETE
1932,0.8371441260930405,2026-06-02 14:08:05.937098,2026-06-02 14:08:42.594998,0 days 00:00:36.657900,0.9417360150761102,0.6715724616187982,0.016400475297112804,16,10,0.002655281164965895,1380,239,4.0284205932610106e-05,0.00314529321823558,0.8784234876381015,0.8371441260930405,0.8336135082062551,0.8407321233020223,0.9508837242520133,COMPLETE
1933,0.8291433851287117,2026-06-02 14:08:42.615798,2026-06-02 14:09:08.055643,0 days 00:00:25.439845,0.9267090768603806,0.681120013176728,0.01711242008891116,8,10,0.004623061963768339,1360,255,0.00011368301413829985,1.9634279834578648e-05,0.8697048508060187,0.8291433851287117,0.8087514875449852,0.8506190367896674,0.9466385304717271,COMPLETE
1934,0.8369887607709255,2026-06-02 14:09:08.066441,2026-06-02 14:09:46.884059,0 days 00:00:38.817618,0.9149174108241113,0.7166472690469293,0.01596709008061463,16,10,4.1631814796039106e-05,1400,255,6.679154261123342e-05,0.0009220565222787554,0.8784866611596452,0.8369887607709255,0.8347061486505388,0.8393156341199397,0.9509903390224635,COMPLETE
1935,0.835892106847577,2026-06-02 14:09:46.896216,2026-06-02 14:10:22.134370,0 days 00:00:35.238154,0.9355293047080294,0.6656714595728005,0.028052044430177052,16,10,0.008030776075241528,1340,247,0.0001697955831278189,4.126505355779921e-05,0.8786340809004312,0.835892106847577,0.8402435740520211,0.8316384221842563,0.9507774119511624,COMPLETE
1936,0.836957946501816,2026-06-02 14:10:22.146017,2026-06-02 14:10:58.205220,0 days 00:00:36.059203,0.9454786261290639,0.6760607083141194,0.01769531965221113,16,10,0.0028238245555156334,1380,239,2.5248251526299462e-05,4.355234750579088e-07,0.8785077305311084,0.836957946501816,0.8349572202595404,0.8390040089556327,0.950775649560396,COMPLETE
1937,0.837123243517708,2026-06-02 14:10:58.217089,2026-06-02 14:11:38.857649,0 days 00:00:40.640560,0.9234266634834419,0.6613913005185319,0.015006681387729407,16,20,0.005423633620104767,1400,247,9.064937704751417e-05,0.009412876035715351,0.8781497118733932,0.837123243517708,0.8318476341130587,0.8424885365666347,0.9506272790974742,COMPLETE
1938,0.8368059520016038,2026-06-02 14:11:38.878371,2026-06-02 14:12:15.545129,0 days 00:00:36.666758,0.9313931670147324,0.6502352100903563,0.01655650255651594,14,10,0.032064910085049046,1360,239,4.6295680984328894e-05,0.0014675870722957451,0.8781391906589141,0.8368059520016038,0.8330600463199144,0.8406188289175729,0.9505935487824538,COMPLETE
1939,0.8379082232812638,2026-06-02 14:12:15.565573,2026-06-02 14:12:53.640119,0 days 00:00:38.074546,0.9086250640646427,0.6554426535688646,0.015468030723756424,16,10,1.79503787467004e-07,1340,255,6.2510308472957565e-06,2.930015279463309e-07,0.8789499737875373,0.8379082232812638,0.8340720559444028,0.8418086161736057,0.950955955064055,COMPLETE
1940,0.8357961741449337,2026-06-02 14:12:53.652093,2026-06-02 14:13:29.745123,0 days 00:00:36.093030,0.9384416261419826,0.6865443632043058,0.017066228049471364,12,10,0.01113551642723801,1380,231,0.00013121339005968177,1.88128824454382e-06,0.8771915223089249,0.8357961741449337,0.830747380642582,0.8409304444514843,0.9501977735902827,COMPLETE
1941,0.8379234176605429,2026-06-02 14:13:29.756906,2026-06-02 14:14:08.325518,0 days 00:00:38.568612,0.9188366047423739,0.6691957707002132,0.016134002845150864,16,10,0.0071449701524439885,1400,247,5.64948268677135e-05,0.07704100717689226,0.8790131582856571,0.8379234176605429,0.8344337760212769,0.8414686969062735,0.9508029846477575,COMPLETE
1942,0.8370252902639476,2026-06-02 14:14:08.337681,2026-06-02 14:14:43.631753,0 days 00:00:35.294072,0.9290017880046114,0.6945572219356944,0.018334313697546137,16,10,0.0031776823225266263,1320,239,3.5975153215945214e-05,1.7582662418856612e-07,0.8785919710957509,0.8370252902639476,0.8352459230545488,0.8388623915769707,0.950759770588467,COMPLETE
1943,0.8374942131720032,2026-06-02 14:14:43.643093,2026-06-02 14:15:22.515936,0 days 00:00:38.872843,0.9452548586710324,0.6737428806975552,0.015932433451350973,16,10,0.0027558354191315943,1360,223,8.479740634751649e-05,5.765193286645915e-07,0.8784234922948309,0.8374942131720032,0.832185935469214,0.8429134898217767,0.9506371961151423,COMPLETE
1944,0.8378907784909622,2026-06-02 14:15:22.527637,2026-06-02 14:16:02.782704,0 days 00:00:40.255067,0.9370399343675203,0.6819303302826433,0.016663940524872474,16,20,2.2367044131281533e-05,1400,255,1.1816168953259864e-05,2.673746884695065e-06,0.8790552760733018,0.8378907784909622,0.8348731345324678,0.8409587530001031,0.9508013557567198,COMPLETE
1945,0.836321848709114,2026-06-02 14:16:02.794356,2026-06-02 14:16:43.312273,0 days 00:00:40.517917,0.7330815568784201,0.7073540853007827,0.015001939226024764,16,10,0.005222845299099783,1380,247,1.8497483197033105e-05,3.417830960000269e-07,0.8778443681411416,0.836321848709114,0.8330381665115977,0.8396556304304387,0.9504223251083713,COMPLETE
1946,0.8377628499473149,2026-06-02 14:16:43.323904,2026-06-02 14:17:18.230584,0 days 00:00:34.906680,0.9242010058160243,0.6647437009029492,0.017335407133939294,16,10,0.013201437506557005,1340,231,0.0001961653543105084,8.009286198391307e-07,0.8789078573303865,0.8377628499473149,0.8343868452185461,0.8412137466215789,0.950615332477874,COMPLETE
1947,0.8381556598461449,2026-06-02 14:17:18.241898,2026-06-02 14:17:56.221378,0 days 00:00:37.979480,0.9306982416936233,0.6551881753594903,0.015684251425139847,-1,10,0.009309331484463912,1360,247,3.27696852639943e-05,0.20352372222561768,0.8790973958566877,0.8381556598461449,0.8340635481507578,0.8423185745253697,0.9508940256162867,COMPLETE
1948,0.837389228997517,2026-06-02 14:17:56.232060,2026-06-02 14:18:30.380138,0 days 00:00:34.148078,0.9404617718633747,0.6904700488223454,0.016404818009277858,16,10,3.460376035524949e-05,1300,239,6.706431601887e-05,0.00039428439322893786,0.8784761479281306,0.837389228997517,0.8329623300916773,0.8418936573842122,0.9508932976123462,COMPLETE
1949,0.8376635081501611,2026-06-02 14:18:30.392019,2026-06-02 14:19:10.166326,0 days 00:00:39.774307,0.9157142958724257,0.6703663806130075,0.015624204474719986,16,10,0.005057230024579996,1400,255,0.00011341223696547974,4.843591367463112e-07,0.8790026227683666,0.8376635081501611,0.8354326810286924,0.839938891671351,0.9508200246566281,COMPLETE
1950,0.8366496486696859,2026-06-02 14:19:10.178216,2026-06-02 14:19:49.041734,0 days 00:00:38.863518,0.9327032021689864,0.7014429837166295,0.016915638271835707,16,20,1.28103122449914e-05,1360,255,2.390236054917306e-05,0.00011877109559524254,0.8780970652209285,0.8366496486696859,0.8334204440993381,0.839938896486549,0.9507941432876889,COMPLETE
1951,0.8366165361716743,2026-06-02 14:19:49.053731,2026-06-02 14:20:28.303899,0 days 00:00:39.250168,0.8257273210817764,0.6775152912797014,0.016216747123907697,16,10,0.00667078924291941,1380,247,4.850554945243938e-05,1.3958756594860596e-06,0.8781497288371926,0.8366165361716743,0.8338926675877087,0.8394006873685411,0.9507264344364946,COMPLETE
1952,0.8368198077787193,2026-06-02 14:20:28.315704,2026-06-02 14:21:06.039713,0 days 00:00:37.724009,0.8972076702382312,0.6626443075494508,0.01760123917664536,16,10,0.0028346614487375407,1400,239,0.00016141305493621864,2.0546502759420292e-07,0.8783813675220923,0.8368198077787193,0.8346686607647228,0.8390039945100387,0.9508334817672625,COMPLETE
1953,0.832984020347454,2026-06-02 14:21:06.051385,2026-06-02 14:21:42.757932,0 days 00:00:36.706547,0.9098667339258251,0.6855503297604583,0.06280105533617,16,10,0.009558364819958809,1340,247,8.606435596829142e-05,0.0006065670833244779,0.8778338213146517,0.832984020347454,0.8467899842791224,0.8196550028175409,0.9493902728900395,COMPLETE
