number,value,datetime_start,datetime_complete,duration,params_bagging_fraction,params_feature_fraction,params_learning_rate,params_max_depth,params_min_child_samples,params_min_split_gain,params_n_estimators,params_num_leaves,params_reg_alpha,params_reg_lambda,user_attrs_accuracy,user_attrs_f1,user_attrs_precision,user_attrs_recall,user_attrs_roc_auc,state
2143,0.8348623613861182,2026-06-02 16:15:20.117960,2026-06-02 16:16:03.503967,0 days 00:00:43.386007,0.9281259634427198,0.688743389255224,0.01629903100651104,16,50,0.034454853492275714,1380,255,0.00010481398815273463,1.6435252999654123e-07,0.8764017693021899,0.8348623613861182,0.8292322727490248,0.8405904529561831,0.949899413948987,COMPLETE
2144,0.8372824876593069,2026-06-02 16:16:03.515886,2026-06-02 16:16:40.081025,0 days 00:00:36.565139,0.939199962198948,0.6706487704025679,0.01719019884344016,16,20,0.011222821511631597,1300,247,6.43172047219121e-05,4.574124261299214e-07,0.8782866077387119,0.8372824876593069,0.832140359987872,0.8425168956748318,0.9505760756593604,COMPLETE
2145,0.8359586046268177,2026-06-02 16:16:40.102824,2026-06-02 16:17:05.420360,0 days 00:00:25.317536,0.9310304893182593,0.7075271386068805,0.015510707267638695,16,10,0.00012609130105644184,900,239,8.980024919836638e-06,0.034168494008152195,0.8763386170685513,0.8359586046268177,0.8244779907059058,0.8477861763978519,0.9497743953144818,COMPLETE
2146,0.8375069659290689,2026-06-02 16:17:05.432358,2026-06-02 16:17:43.800396,0 days 00:00:38.368038,0.9227724184737746,0.6804756556986695,0.01609796855364158,16,10,0.006787212890238219,1400,247,0.00041738128476814297,0.0016598677145762157,0.8787920341627662,0.8375069659290689,0.8346240027621229,0.8404488452079172,0.950760477979535,COMPLETE
2147,0.837111198347065,2026-06-02 16:17:43.812649,2026-06-02 16:18:21.414634,0 days 00:00:37.601985,0.9431888309285481,0.6640499633769278,0.016690007092163714,16,10,4.09872674349362e-05,1340,255,2.636170341021673e-05,7.37816918173597e-07,0.8784656057583698,0.837111198347065,0.834035220956386,0.8402505529496427,0.9509991021043361,COMPLETE
2148,0.83571959539614,2026-06-02 16:18:21.427262,2026-06-02 16:19:00.629379,0 days 00:00:39.202117,0.670673406853682,0.6736294075605217,0.01873761678418683,16,10,0.00453495887976371,1360,239,0.00025384001546766526,3.103459831368313e-07,0.8778864696302341,0.83571959539614,0.8357794118642795,0.835689472277083,0.9501931240450894,COMPLETE
2149,0.8366207875351631,2026-06-02 16:19:00.651547,2026-06-02 16:19:41.563139,0 days 00:00:40.911592,0.914181228202437,0.6573921715799405,0.015512705478966144,16,20,0.008856130107836094,1380,255,0.00014693116395924274,0.012759924812103814,0.8779180615466706,0.8366207875351631,0.8323308293128687,0.8409871241462948,0.9506907421765832,COMPLETE
2150,0.8357214709247666,2026-06-02 16:19:41.575120,2026-06-02 16:20:17.021620,0 days 00:00:35.446500,0.9028147557363996,0.6623303587510077,0.017594094863548435,10,10,3.469032892755488e-05,1400,231,3.71061932016823e-05,0.002548309911403576,0.8766334372579591,0.8357214709247666,0.8273417816462644,0.844301622303261,0.9497185229049134,COMPLETE
2151,0.8372569494467376,2026-06-02 16:20:17.033874,2026-06-02 16:20:53.824170,0 days 00:00:36.790296,0.9347869428645232,0.6818965407474354,0.016118754412378578,16,10,0.003103172039889261,1340,247,6.113293094892117e-05,2.269790683741854e-07,0.8785182677115163,0.8372569494467376,0.8337806368595572,0.8407888054044318,0.9508157076387387,COMPLETE
2152,0.8378357411168199,2026-06-02 16:20:53.836007,2026-06-02 16:21:31.791332,0 days 00:00:37.955325,0.9278291590127669,0.6682923035540796,0.01676131647789912,16,10,0.006945811932908575,1380,247,0.00010006137765217981,0.0010596686615244098,0.8790658026097571,0.8378357411168199,0.8351871115644958,0.8405337949297632,0.9509743390991297,COMPLETE
2153,0.837514382421182,2026-06-02 16:21:31.803077,2026-06-02 16:22:09.992901,0 days 00:00:38.189824,0.9177809147594933,0.6908480421495207,0.015011203239084819,16,10,0.002769201596854507,1360,255,2.055521357524088e-05,1.1938553672110328e-07,0.8786235527008581,0.837514382421182,0.8334622611759478,0.8416386565399394,0.9508223197915484,COMPLETE
2154,0.833809852905531,2026-06-02 16:22:10.014582,2026-06-02 16:22:32.126668,0 days 00:00:22.112086,0.7057195740428068,0.6760928656479737,0.015882130476596285,16,10,0.010230032855591742,740,239,4.414755453642412e-05,1.0447045525010451e-06,0.8746749143967433,0.833809852905531,0.8220782640425611,0.8459164494879983,0.9489351387662869,COMPLETE
2155,0.8372829287112081,2026-06-02 16:22:32.138536,2026-06-02 16:23:11.114234,0 days 00:00:38.975698,0.922889609976685,0.654590116472527,0.017039250209986756,16,10,0.00511906139519596,1400,255,0.00021250118475598127,5.166571965196779e-07,0.8787920404826131,0.8372829287112081,0.8355725916731211,0.8390323704714285,0.950951789350264,COMPLETE
2156,0.8359862744249241,2026-06-02 16:23:11.125813,2026-06-02 16:23:50.874117,0 days 00:00:39.748304,0.659045579963157,0.6967676124254386,0.016237402086686573,16,10,0.0025318962728590848,1360,239,7.955282463062068e-05,1.671398638737338e-06,0.8776969474024853,0.8359862744249241,0.833388643810198,0.8386357594712909,0.9502747496897034,COMPLETE
2157,0.8363475167677935,2026-06-02 16:23:50.884988,2026-06-02 16:24:25.657442,0 days 00:00:34.772454,0.9450924709939217,0.6635937579711202,0.01795375342371654,16,20,0.012886801252981219,1300,231,0.00015024335295751607,8.343070380558655e-07,0.8776548206340057,0.8363475167677935,0.8316448754730524,0.8411287391173579,0.9504790174022236,COMPLETE
2158,0.8353678205456588,2026-06-02 16:24:25.669608,2026-06-02 16:25:02.171639,0 days 00:00:36.502031,0.9391135196930599,0.6848757536917863,0.03348884829724527,14,10,0.007312846136179817,1400,247,1.5077803704610171e-05,3.4193031180980443e-07,0.878655144949918,0.8353678205456588,0.842577611150845,0.8283238879133058,0.9505648006848229,COMPLETE
2159,0.8372168503944208,2026-06-02 16:25:02.183650,2026-06-02 16:25:38.871587,0 days 00:00:36.687937,0.9318891985427591,0.6726757936335285,0.015407201614898842,16,10,0.06527334511032745,1320,247,4.928458860899656e-05,0.005978665195017165,0.8783181940005483,0.8372168503944208,0.8325967890674532,0.8419219755632268,0.9505922934135093,COMPLETE
2160,0.8288672104191307,2026-06-02 16:25:38.882719,2026-06-02 16:26:04.399262,0 days 00:00:25.516543,0.9271087136521614,0.6596508797530138,0.016516818891636083,8,10,0.004742561992800076,1380,255,9.809977264641214e-05,0.09657201398810387,0.8694205521637137,0.8288672104191307,0.8080485604488844,0.8508173675695255,0.9464436890830287,COMPLETE
2161,0.8359034995299756,2026-06-02 16:26:04.411141,2026-06-02 16:26:35.246884,0 days 00:00:30.835743,0.9098491359659394,0.6776947753117682,0.01581815118149533,16,10,0.0029520114999830264,1340,183,0.0006457468859239689,2.51449979015198e-06,0.8765807919359881,0.8359034995299756,0.8262887889240126,0.8457747550661696,0.950148123512264,COMPLETE
2162,0.8339738896946121,2026-06-02 16:26:35.259037,2026-06-02 16:27:04.975584,0 days 00:00:29.716547,0.9361748873177725,0.668924528814809,0.015004115083644803,16,10,0.04336189335849042,1400,159,3.045662946942768e-05,0.04777206289701555,0.8747696791694765,0.8339738896946121,0.8220537871725865,0.8462847086027359,0.949402420310051,COMPLETE
2163,0.8359328189340606,2026-06-02 16:27:04.987064,2026-06-02 16:27:42.597283,0 days 00:00:37.610219,0.9199968439382264,0.6878577127620161,0.017242216839137264,12,20,0.007977876197713826,1360,239,0.00031914617812758454,2.3905893942830024e-07,0.8771915149912076,0.8359328189340606,0.8302162197099668,0.8417519798155763,0.9500232699452372,COMPLETE
2164,0.8372224313243581,2026-06-02 16:27:42.618312,2026-06-02 16:28:20.554621,0 days 00:00:37.936309,0.9454379478565708,0.6570579291018854,0.016580602318805274,16,10,0.0024638797614189322,1380,247,6.160302872806927e-05,6.012216758061501e-07,0.8785393191213098,0.8372224313243581,0.834082482983716,0.8404205101757097,0.9509685142340863,COMPLETE
2165,0.8379786200856286,2026-06-02 16:28:20.565760,2026-06-02 16:28:57.773376,0 days 00:00:37.207616,0.9335317748503454,0.6790083131604234,0.015819554624697273,16,10,0.015525921470410422,1380,239,0.00016441833299855736,4.245082706169165e-07,0.8789920932382995,0.8379786200856286,0.8340744589025304,0.8419502696662517,0.9507677469388994,COMPLETE
2166,0.8381437029379307,2026-06-02 16:28:57.785319,2026-06-02 16:29:35.047625,0 days 00:00:37.262306,0.9411247387710385,0.7026129815412717,0.015487772404932341,-1,10,0.005039729247457666,1340,255,9.09430517430062e-05,0.0035986819450639002,0.8792237535437278,0.8381437029379307,0.8349659627371663,0.8413837231084377,0.9510798803202335,COMPLETE
2167,0.8339150497974481,2026-06-02 16:29:35.059832,2026-06-02 16:30:10.303101,0 days 00:00:35.243269,0.9271845793627368,0.7150906589447967,0.042798460287703094,16,10,0.010703950777838114,1400,231,2.2037720182032387e-05,0.022072839733366652,0.8780549464354129,0.8339150497974481,0.8444554293509373,0.8236778334429103,0.9503660484348543,COMPLETE
2168,0.8348132486907037,2026-06-02 16:30:10.324029,2026-06-02 16:30:37.077667,0 days 00:00:26.753638,0.9138556119858593,0.8502752990738474,0.01766482339191753,16,10,0.0025242111431887683,1320,143,4.5076919614276344e-05,8.853993276135762e-08,0.8756647101804592,0.8348132486907037,0.8245840319210389,0.8453215004852058,0.9495907465428849,COMPLETE
2169,0.8368961750185114,2026-06-02 16:30:37.088491,2026-06-02 16:31:14.510312,0 days 00:00:37.421821,0.8970863971129822,0.6655015622970711,0.016302183080292677,16,10,0.007117536184198998,1360,247,0.00011157207455261493,1.6175634782831172e-07,0.8783497895758435,0.8368961750185114,0.8341345120068072,0.8397122812340618,0.9507889359289295,COMPLETE
2170,0.8376894167241805,2026-06-02 16:31:14.521937,2026-06-02 16:31:55.874958,0 days 00:00:41.353021,0.9234605586554478,0.6547393241217058,0.017171193563641732,16,20,0.002680392900584784,1400,255,1.1764504593001646e-05,0.0016889779322183862,0.8790763284809655,0.8376894167241805,0.8358536321730655,0.8395706012578269,0.9507659370627523,COMPLETE
2171,0.838070134847691,2026-06-02 16:31:55.886803,2026-06-02 16:32:33.122813,0 days 00:00:37.236010,0.9318639136329814,0.6719736058694924,0.01589991784207599,16,10,0.005150445385664335,1360,247,0.00019383555160665543,1.1905130624030344e-06,0.8791711105501215,0.838070134847691,0.8349190351393694,0.8412703685340143,0.9508214353274472,COMPLETE
2172,0.8344241238113032,2026-06-02 16:32:33.134615,2026-06-02 16:33:16.717854,0 days 00:00:43.583239,0.9387498672617722,0.6842070710911257,0.01664280595417229,16,80,0.01903709241991636,1380,239,3.3405480836285335e-05,7.677575743297327e-07,0.8755699184652213,0.8344241238113032,0.8254939786492027,0.843565034253416,0.949472885012076,COMPLETE
2173,0.836959676577512,2026-06-02 16:33:16.738600,2026-06-02 16:33:53.230678,0 days 00:00:36.492078,0.9064108662544736,0.6629395133204163,0.018273229452310132,16,10,0.008834393357493349,1280,255,6.581808304686627e-05,0.0010262784418966038,0.8785814352458369,0.836959676577512,0.8354811702621382,0.8384940674570611,0.9508521685246799,COMPLETE
2174,0.8265348685579591,2026-06-02 16:33:53.242631,2026-06-02 16:34:12.086877,0 days 00:00:18.844246,0.9174627037071995,0.6897923499956033,0.015547567704876369,16,10,0.09801189674182119,1340,63,0.0001275861766412345,3.6304443987725086e-07,0.8673567346670743,0.8265348685579591,0.8041385923070196,0.8502508258269094,0.9451519136231498,COMPLETE
2175,0.8349619768268085,2026-06-02 16:34:12.099051,2026-06-02 16:34:57.257305,0 days 00:00:45.158254,0.9440084679779158,0.675276248817324,0.017040304738710155,16,100,3.856386814802149e-05,1400,247,0.0003112814326911021,5.125789635309503e-07,0.8759700485907344,0.8349619768268085,0.826005323933599,0.8441316265556105,0.9494801026727568,COMPLETE
2176,0.8369934211350246,2026-06-02 16:34:57.269411,2026-06-02 16:35:32.942855,0 days 00:00:35.673444,0.9305703786400548,0.6679840853633175,0.01622925721654537,16,10,0.0050102161108666835,1360,231,8.32983898195385e-05,2.448304203823493e-07,0.8780865336951202,0.8369934211350246,0.8319435079507818,0.8421486052613076,0.950736752271335,COMPLETE
2177,0.8350646149678363,2026-06-02 16:35:32.954704,2026-06-02 16:36:08.580317,0 days 00:00:35.625613,0.7679792864084011,0.6962751813612122,0.015420527858867827,10,10,0.012368011802769176,1400,239,2.010293087812822e-05,0.005256447875473699,0.8758331823289089,0.8350646149678363,0.8246930527332804,0.8457180994473487,0.9491425483723352,COMPLETE
2178,0.8306591762127723,2026-06-02 16:36:08.592719,2026-06-02 16:36:46.800054,0 days 00:00:38.207335,0.9368578516951894,0.6603448457802458,0.08956935768339974,16,10,3.316675324255974e-05,1320,255,7.156716141703416e-06,9.106905702996658e-07,0.8764544179503959,0.8306591762127723,0.8467187284332399,0.8152356358276016,0.9486836106568012,COMPLETE
2179,0.8368901423531203,2026-06-02 16:36:46.811225,2026-06-02 16:37:26.116036,0 days 00:00:39.304811,0.9250595847023495,0.6793452531026423,0.016639073066680336,16,20,0.0026905088719646622,1380,247,4.486584690730279e-05,1.3561125860539026e-06,0.8782234229079684,0.8368901423531203,0.8333045290253084,0.8405338214133519,0.9505889087590781,COMPLETE
2180,0.8368037347716277,2026-06-02 16:37:26.127752,2026-06-02 16:38:04.105432,0 days 00:00:37.977680,0.9454953510385427,0.6546754692480753,0.01596349052518043,16,10,0.008438753966615926,1360,247,0.00021290183728302044,0.0658483234344783,0.878076002834559,0.8368037347716277,0.8326362013920131,0.8410437460587303,0.9506737560777149,COMPLETE
2181,0.8376057866596937,2026-06-02 16:38:04.117266,2026-06-02 16:38:41.486001,0 days 00:00:37.368735,0.9333525194890601,0.6688742758935314,0.015008961543262778,16,10,0.00012141365644521295,1400,239,6.491857844911058e-05,0.002149833847968073,0.8785709123682403,0.8376057866596937,0.8327307724375482,0.8425735512936529,0.9507240845877076,COMPLETE
2182,0.8291547722568416,2026-06-02 16:38:41.498094,2026-06-02 16:39:05.542119,0 days 00:00:24.044025,0.9214869794177216,0.6821259607407608,0.01896290317360849,8,20,0.005093177976922235,1340,255,2.7350676554402634e-05,1.5398454716906712e-07,0.8696837977331079,0.8291547722568416,0.8085891564589437,0.8508173507163326,0.9467843201451925,COMPLETE
2183,0.8360678819179914,2026-06-02 16:39:05.553342,2026-06-02 16:39:43.875628,0 days 00:00:38.322286,0.9495699966481004,0.6736670068447563,0.017527827144107035,16,40,1.1318962266262992e-05,1380,223,0.00012533746536107812,0.13293366909434132,0.8771915023515139,0.8360678819179914,0.8296847329790072,0.8425735127720694,0.9501453582894698,COMPLETE
2184,0.8377592672392374,2026-06-02 16:39:43.887610,2026-06-02 16:40:22.745587,0 days 00:00:38.857977,0.9385405581544991,0.6500401254146506,0.015929211037919666,16,10,0.0069421239349756955,1380,255,3.912202186394005e-05,3.6809374177932614e-07,0.8789710398327651,0.8377592672392374,0.834832480199036,0.8407321208944233,0.9509326415648802,COMPLETE
2185,0.8369163189973197,2026-06-02 16:40:22.758337,2026-06-02 16:40:59.142929,0 days 00:00:36.384592,0.9267522472748277,0.6627750721625962,0.016881844742527904,14,10,0.0029930703261218223,1340,239,8.419279242154162e-05,6.449888375852471e-07,0.8781075904268897,0.8369163189973197,0.832415795869991,0.8414969813789025,0.9506303504982238,COMPLETE
2186,0.8377493641215917,2026-06-02 16:40:59.155355,2026-06-02 16:41:37.489603,0 days 00:00:38.334248,0.9145756514217243,0.7432727323870026,0.01622422915843483,16,10,0.010977638992372595,1400,247,9.744750966965737e-06,6.113049233506977e-08,0.8790447521978346,0.8377493641215917,0.8353752399355335,0.8401655382226246,0.9508800809908289,COMPLETE
2187,0.8370657418084617,2026-06-02 16:41:37.501670,2026-06-02 16:42:12.435366,0 days 00:00:34.933696,0.9308800933271907,0.688868308993409,0.01550096281261965,16,10,0.0048760541344318375,1320,231,0.0001635030871890988,2.376388926371734e-07,0.8780760161394997,0.8370657418084617,0.831553102952121,0.8426868962376802,0.950524734700017,COMPLETE
2188,0.8288604477869339,2026-06-02 16:42:12.447358,2026-06-02 16:42:32.159356,0 days 00:00:19.711998,0.9066769041444259,0.775725431771384,0.017830927854842093,12,10,0.0025618428774407554,1360,71,0.000522672596064558,0.0029392606987798005,0.8695047990482029,0.8288604477869339,0.8085529167984459,0.8502508186041123,0.9464787958474936,COMPLETE
2189,0.8377239391201082,2026-06-02 16:42:32.171142,2026-06-02 16:43:09.500558,0 days 00:00:37.329416,0.9408548887100592,0.6673573953394782,0.016588552877668035,16,10,0.0076348633667100065,1380,247,5.543326712428224e-05,1.8990304187522336e-06,0.8789289167231441,0.8377239391201082,0.8346922184638955,0.8408171019150558,0.9508424543303388,COMPLETE
2190,0.8351479848567767,2026-06-02 16:43:09.512332,2026-06-02 16:43:48.242876,0 days 00:00:38.730544,0.9188370916499868,0.6581084300066892,0.04661033504966774,16,10,0.0026912470468797235,1400,255,0.00011454259392791233,0.0012284648903912749,0.8790552647641022,0.8351479848567767,0.8463974880921711,0.8242443872235213,0.9502819156814223,COMPLETE
2191,0.8366793774807268,2026-06-02 16:43:48.254612,2026-06-02 16:44:25.835619,0 days 00:00:37.581007,0.9349387859811283,0.6773027918601165,0.017160640802834352,16,20,0.00998971738932521,1360,239,1.678083059170719e-05,0.008879698048641053,0.8779391196089342,0.8366793774807268,0.8322485664914199,0.8411854043665746,0.9506447254411432,COMPLETE
2192,0.8369082166264487,2026-06-02 16:44:25.847456,2026-06-02 16:45:01.299412,0 days 00:00:35.451956,0.926643352455811,0.7674845517331745,0.015438559363276223,16,10,0.005004165594008447,1280,247,0.00023575146688639386,4.3453695637849873e-07,0.8780654782938448,0.8369082166264487,0.8321468099004816,0.8417519942611701,0.9505957294461508,COMPLETE
2193,0.838314527869222,2026-06-02 16:45:01.320437,2026-06-02 16:45:40.033607,0 days 00:00:38.713170,0.9404341477892826,0.6936908828304437,0.01596239824848469,-1,10,1.3548099249719217e-05,1400,255,3.0302046822366204e-05,1.0888479433339765e-07,0.8794238096256493,0.838314527869222,0.8356698071968541,0.8410153821353354,0.9511820680792935,COMPLETE
2194,0.8372889377124251,2026-06-02 16:45:40.054704,2026-06-02 16:46:16.848812,0 days 00:00:36.794108,0.9466697305872912,0.7053148581762483,0.015480167077441627,-1,10,0.14306656301690157,1360,247,6.329065195220212e-07,6.939897279199845e-08,0.8784234969515601,0.8372889377124251,0.8330140843302356,0.841638685431127,0.9506344761838966,COMPLETE
2195,0.8353825212584823,2026-06-02 16:46:16.860428,2026-06-02 16:46:51.800336,0 days 00:00:34.939908,0.9464865172057808,0.7099572474956422,0.015769828331206024,10,10,0.006971810305112744,1400,239,1.963696184303164e-05,2.034405328100948e-07,0.8760121866684137,0.8353825212584823,0.8246105581056224,0.8464830104914062,0.9492918204626702,COMPLETE
2196,0.8378799603588701,2026-06-02 16:46:51.813035,2026-06-02 16:47:28.748044,0 days 00:00:36.935009,0.9499046410565091,0.7034820867774956,0.01585470500601753,-1,10,1.410724293136531e-05,1340,255,1.515518592049509e-05,4.750855355223712e-08,0.8790657996161455,0.8378799603588701,0.8349811806252573,0.8408454152788725,0.9511731004335781,COMPLETE
2197,0.8373504981354117,2026-06-02 16:47:28.760127,2026-06-02 16:48:05.112007,0 days 00:00:36.351880,0.9435996583609046,0.6994195046066917,0.015483276808906146,-1,10,0.014350338455472175,1320,247,2.422733059159048e-05,1.1005398555951952e-07,0.8785287905891132,0.8373504981354117,0.8334927907141951,0.8412703685340143,0.950854138728519,COMPLETE
2198,0.8335415468178602,2026-06-02 16:48:05.123958,2026-06-02 16:48:38.896091,0 days 00:00:33.772133,0.9495899016947468,0.699883863748927,0.015010247320654523,10,10,0.00451332923305159,1380,231,2.7641662409076953e-05,8.399482490786954e-08,0.8742853114729326,0.8335415468178602,0.8206208578013854,0.8469079420781576,0.9489148344284627,COMPLETE
2199,0.8268469917606952,2026-06-02 16:48:38.908210,2026-06-02 16:49:03.759784,0 days 00:00:24.851574,0.9425569494191399,0.696147915655083,0.015016091362812276,8,20,0.12207220487864216,1400,239,1.3150171545989558e-05,5.7197787045612005e-08,0.8674620243131453,0.8268469917606952,0.8036767422228134,0.851412309349521,0.9454809724143676,COMPLETE
2200,0.8383332970680297,2026-06-02 16:49:03.771662,2026-06-02 16:49:41.347590,0 days 00:00:37.575928,0.9420950598406583,0.7020614381126226,0.015962608410052856,-1,10,0.00987928542127289,1360,255,2.1843392350596156e-05,9.282632492226812e-08,0.879497538289271,0.8383332970680297,0.8360732018515443,0.8406471687649782,0.9511556274316514,COMPLETE
2201,0.836355828458836,2026-06-02 16:49:41.358547,2026-06-02 16:50:19.515091,0 days 00:00:38.156544,0.9479342237283598,0.7136458888308335,0.016210358344318863,-1,30,0.010256401960922663,1300,247,1.8903081121340363e-05,8.254611501797862e-08,0.877560059520131,0.836355828458836,0.8309752293724988,0.841837023433782,0.9504607324589109,COMPLETE
2202,0.837384660464938,2026-06-02 16:50:19.527378,2026-06-02 16:50:55.883783,0 days 00:00:36.356405,0.9435881335515985,0.7090343736655624,0.016377572941897522,-1,10,0.01754398235112,1320,255,1.82405197848508e-05,1.285483388285473e-07,0.8788341549440227,0.837384660464938,0.8354120651674354,0.8394006536621555,0.9509830627772377,COMPLETE
2203,0.8182994681091923,2026-06-02 16:50:55.895961,2026-06-02 16:51:03.252493,0 days 00:00:07.356532,0.9458204772274998,0.7067126095874806,0.016202398893933923,12,10,0.024827172232669018,240,239,1.8984234147597466e-05,4.6237175496725206e-08,0.8606914067568455,0.8182994681091923,0.7941551642917485,0.843989985100959,0.9400858973083018,COMPLETE
2204,0.8370792632759653,2026-06-02 16:51:03.264773,2026-06-02 16:51:39.070297,0 days 00:00:35.805524,0.9422258635566995,0.7059550562794429,0.01599051526653187,-1,10,0.015757289281144195,1320,247,1.1494486225050616e-05,4.890391798682003e-08,0.8783813804944093,0.8370792632759653,0.833575406142268,0.8406471880257699,0.9508824626199223,COMPLETE
2205,0.8322727962142107,2026-06-02 16:51:39.091880,2026-06-02 16:52:02.298747,0 days 00:00:23.206867,0.9495109060317307,0.6984868736683071,0.016427984111834795,14,10,0.015995164322461914,1340,111,1.1592308382275902e-05,4.385201104508451e-08,0.8727900839431859,0.8322727962142107,0.8160621002093151,0.8491742848033464,0.9480813568206935,COMPLETE
