number,value,datetime_start,datetime_complete,duration,params_bagging_fraction,params_feature_fraction,params_learning_rate,params_max_depth,params_min_child_samples,params_min_split_gain,params_n_estimators,params_num_leaves,params_reg_alpha,params_reg_lambda,user_attrs_accuracy,user_attrs_f1,user_attrs_precision,user_attrs_recall,user_attrs_roc_auc,state
1198,0.8373376315996496,2026-06-02 06:52:57.888140,2026-06-02 06:53:34.494526,0 days 00:00:36.606386,0.9440894417456727,0.6643831883074038,0.017326799795475373,16,20,0.002858255051169701,1340,247,0.00024739859178492425,1.3854971615285e-07,0.8784866678121156,0.8373376315996496,0.833254496346414,0.8414970247156838,0.9505998210045622,COMPLETE
1199,0.8374282106504863,2026-06-02 06:53:34.504760,2026-06-02 06:54:12.151385,0 days 00:00:37.646625,0.9340137351447284,0.672290066475746,0.015836706336402745,16,10,7.536210229048721e-05,1400,255,6.009006083688799e-05,3.6564307769701645e-07,0.878855206353816,0.8374282106504863,0.8354109326745945,0.8394856009764027,0.9509606591448149,COMPLETE
1200,0.8376697676784021,2026-06-02 06:54:12.161440,2026-06-02 06:54:47.136471,0 days 00:00:34.975031,0.916327123460423,0.7062339310684285,0.016916498593823562,16,10,4.616673076049974e-05,1380,231,1.89805045786867e-05,2.25906091458545e-07,0.8788762710685498,0.8376697676784021,0.8345482897774953,0.8408454297244662,0.9509243635540391,COMPLETE
1201,0.834201118486205,2026-06-02 06:54:47.147129,2026-06-02 06:55:20.204492,0 days 00:00:33.057363,0.9391237766285833,0.6794874146159994,0.0155405915428209,10,10,0.007335992182158135,1360,239,9.699223828345188e-05,5.720460118178242e-07,0.8750013248394698,0.834201118486205,0.8226678541616144,0.846086363377284,0.9491245437856305,COMPLETE
1202,0.8343307954969049,2026-06-02 06:55:20.215442,2026-06-02 06:56:02.456967,0 days 00:00:42.241525,0.9225565319652608,0.6589945039054814,0.01630147794417354,16,90,0.12719012918319958,1380,247,3.9191935545118023e-05,3.985860424129234e-07,0.875338256829299,0.8343307954969049,0.824371507681175,0.8445565677727576,0.9490151119759903,COMPLETE
1203,0.8367274718657057,2026-06-02 06:56:02.476779,2026-06-02 06:56:39.340256,0 days 00:00:36.863477,0.9027883435237459,0.6670017837918578,0.015862957313024385,16,10,0.011093489702757708,1340,255,0.00017547034220809874,0.002385245824893819,0.8780970655535519,0.8367274718657057,0.8330920473138544,0.840420495730116,0.950701484158218,COMPLETE
1204,0.8255850945647497,2026-06-02 06:56:39.350622,2026-06-02 06:57:02.458820,0 days 00:00:23.108198,0.9098886745533735,0.6544062799209878,0.016780467562912335,8,80,0.004878935182295201,1400,247,2.3631010260816903e-05,6.59622641374131e-07,0.8662089869515173,0.8255850945647497,0.8008235350490915,0.8519505834727008,0.945162102840035,COMPLETE
1205,0.8372823779370296,2026-06-02 06:57:02.469277,2026-06-02 06:57:40.892750,0 days 00:00:38.423473,0.9288418740443769,0.6854326380304606,0.015429238082489857,16,20,0.016196564158412023,1360,255,6.511521227240506e-05,1.9183165810550634e-07,0.878339250732318,0.8372823779370296,0.8324777258647171,0.8421769186251243,0.9505483026243002,COMPLETE
1206,0.8376077132566914,2026-06-02 06:57:40.903702,2026-06-02 06:58:15.082602,0 days 00:00:34.178900,0.9149756806510314,0.6736671233351018,0.017930375825809742,16,10,0.0031525313075202958,1320,239,0.00031626090893881696,0.0007580297396618116,0.879002629420837,0.8376077132566914,0.8356819085350039,0.8395706036654259,0.9509062968808162,COMPLETE
1207,0.8378295701628774,2026-06-02 06:58:15.093687,2026-06-02 06:58:52.940390,0 days 00:00:37.846703,0.9360633498780265,0.6642039518333025,0.015000093723123,16,10,0.007027939027545952,1400,247,0.00011066099849643029,2.9471452416430784e-07,0.8788341522830345,0.8378295701628774,0.8336001519432151,0.8421485932233129,0.9508680900866594,COMPLETE
1208,0.8374667335457461,2026-06-02 06:58:52.950838,2026-06-02 06:59:28.315082,0 days 00:00:35.364244,0.9446584436158496,0.6607055522569932,0.01637528089467961,14,10,0.002776662367382687,1380,231,3.546642330692009e-05,0.00012470928267061088,0.8785182630547871,0.8374667335457461,0.8329244009166002,0.842091927974096,0.9506679893405111,COMPLETE
1209,0.8326917229955427,2026-06-02 06:59:28.324895,2026-06-02 06:59:46.240992,0 days 00:00:17.916097,0.9234994472117459,0.6791698268059991,0.015021319870319034,16,10,0.009211039030983777,600,255,7.898430195365331e-05,7.753194096644782e-07,0.8732639261011449,0.8326917229955427,0.8174189641551973,0.8485793791373354,0.9482921533682106,COMPLETE
1210,0.8380062150855155,2026-06-02 06:59:46.251314,2026-06-02 07:00:21.084250,0 days 00:00:34.832936,0.9311285540737185,0.6682997958187503,0.01587213558680563,16,10,1.408559929422801e-05,1340,239,0.00020006402850314037,3.529303605740981e-07,0.8789605086395805,0.8380062150855155,0.8337472427557637,0.842346914372775,0.9509010529461621,COMPLETE
1211,0.8376627788087246,2026-06-02 07:00:21.103741,2026-06-02 07:00:57.469937,0 days 00:00:36.366196,0.9021250490096422,0.6927310534954123,0.01748755299219757,16,10,0.004736728537297816,1360,247,0.00012165867624566958,5.149984271172306e-07,0.879023687815724,0.8376627788087246,0.8355976759067932,0.839768929630086,0.950984087756392,COMPLETE
1212,0.8354943957670149,2026-06-02 07:00:57.480817,2026-06-02 07:01:33.561239,0 days 00:00:36.080422,0.9099826844757454,0.6558596196729365,0.016573643707827396,12,20,0.04591265504904393,1300,255,6.544634892958652e-06,8.473071101403546e-07,0.8766966121099969,0.8354943957670149,0.8286636748968846,0.8424602063496254,0.949862644213128,COMPLETE
1213,0.8373372351934601,2026-06-02 07:01:33.572053,2026-06-02 07:02:11.421603,0 days 00:00:37.849550,0.9170705611108889,0.6502384930862358,0.015533154522268203,16,10,0.0030712337220726725,1400,239,4.890561497142064e-05,0.18247437576701186,0.8784024292432143,0.8373372351934601,0.8326921467380451,0.8420635809038938,0.9507290569398726,COMPLETE
1214,0.8268810667712249,2026-06-02 07:02:11.431466,2026-06-02 07:02:21.221500,0 days 00:00:09.790034,0.9409293940795033,0.7510689655846426,0.015974881852445215,16,10,0.00832077966395068,300,247,2.459518085614428e-05,2.411918050882532e-07,0.8679569368404381,0.8268810667712249,0.8064127233444448,0.8484377136066943,0.9447004792040702,COMPLETE
1215,0.8378770482707235,2026-06-02 07:02:21.231675,2026-06-02 07:02:58.556148,0 days 00:00:37.324473,0.9262622804424183,0.6746551429978003,0.017038933334721507,16,10,0.005358370910038957,1380,255,1.3619037316515563e-05,6.457522578317065e-05,0.8792026871658761,0.8378770482707235,0.8359387263941431,0.8398538649063382,0.9508455645104988,COMPLETE
1216,0.8368826277249654,2026-06-02 07:02:58.567068,2026-06-02 07:03:26.926600,0 days 00:00:28.359532,0.9341765470607809,0.6691278171292373,0.016363251222172984,16,10,0.011759585714735211,1080,239,0.0005390245781116633,5.211517694905874e-07,0.8776758870118572,0.8368826277249654,0.829600690852511,0.8443299790038591,0.9503933167898427,COMPLETE
1217,0.8375190245333933,2026-06-02 07:03:26.936416,2026-06-02 07:04:03.169477,0 days 00:00:36.233061,0.9201745727168474,0.6850714405423068,0.01547133378912391,16,10,0.0027732398938258842,1360,247,7.339155576894119e-05,1.372344860905833e-07,0.8786551419563065,0.8375190245333933,0.833663019596442,0.8414403450208733,0.9508158005103255,COMPLETE
1218,0.8358538176564707,2026-06-02 07:04:03.180257,2026-06-02 07:04:45.774935,0 days 00:00:42.594678,0.906777620344465,0.7979477388104802,0.015011390310274016,16,40,6.874745168097165e-06,1400,255,0.0002591057613111087,8.954128031994758e-07,0.8771388586926608,0.8358538176564707,0.8301771803625696,0.8416386733931321,0.9503266704195763,COMPLETE
1219,0.8371249663397329,2026-06-02 07:04:45.785163,2026-06-02 07:05:19.888129,0 days 00:00:34.102966,0.9450659113158776,0.6607706506061556,0.015983417758931064,16,10,0.006605889732041377,1340,231,0.00013929124927716474,4.457595506895012e-07,0.8781707799143623,0.8371249663397329,0.8319739486157814,0.8423752590353782,0.9506155904089502,COMPLETE
1220,0.8372020553225771,2026-06-02 07:05:19.899173,2026-06-02 07:05:56.635934,0 days 00:00:36.736761,0.9136666944918249,0.6649197303450006,0.01810274268975756,16,10,0.002602458033455822,1380,247,0.00010445732961518738,0.012050107773300418,0.8787920265124254,0.8372020553225771,0.8358924439673175,0.8385507014074914,0.9509107184785585,COMPLETE
1221,0.8369538122264418,2026-06-02 07:05:56.647082,2026-06-02 07:06:33.646875,0 days 00:00:36.999793,0.9302316022781146,0.6782328927692799,0.016845526486356916,16,20,0.009224246211306545,1320,255,3.6248943125492304e-05,2.9579386459862017e-07,0.878318188678572,0.8369538122264418,0.8336820497421605,0.8402788422374697,0.9506062332957912,COMPLETE
1222,0.8373445566428354,2026-06-02 07:06:33.657762,2026-06-02 07:07:09.330224,0 days 00:00:35.672462,0.9230528842311071,0.6716180005145539,0.015009426543391118,16,10,0.004872449988309811,1360,239,5.690586009610254e-05,6.006772953274138e-07,0.8783708463076131,0.8373445566428354,0.832427740387515,0.8423468975195822,0.9506060189089687,COMPLETE
1223,0.8358272842352933,2026-06-02 07:07:09.339950,2026-06-02 07:07:49.405627,0 days 00:00:40.065677,0.9376835382481805,0.6593509041634138,0.01623736163753468,16,50,3.432616611240974e-05,1400,231,0.00018317721474430345,2.0154929128833957e-07,0.8768124329492525,0.8358272842352933,0.8281213789717321,0.843706711822052,0.9501398677866626,COMPLETE
1224,0.8365277363774957,2026-06-02 07:07:49.416496,2026-06-02 07:08:24.756265,0 days 00:00:35.339769,0.9177698216472882,0.6554752727928815,0.03036174490161431,16,10,0.00283716651117156,1360,247,0.00040570223315706,9.966663215673565e-07,0.8794238046362967,0.8365277363774957,0.8431433591535583,0.830051891510143,0.9509892539390356,COMPLETE
1225,0.8375823888429766,2026-06-02 07:08:24.766770,2026-06-02 07:09:01.545226,0 days 00:00:36.778456,0.9402619672475359,0.6831616644173053,0.017476383384593838,16,10,0.00660662711578208,1400,247,1.8130359403881982e-05,3.6469709150626266e-07,0.878992101886511,0.8375823888429766,0.835695314958017,0.8395139528618029,0.95087572415532,COMPLETE
1226,0.8368974700496282,2026-06-02 07:09:01.555975,2026-06-02 07:09:38.992691,0 days 00:00:37.436716,0.9278908901133921,0.6656128972396963,0.01553530273032025,16,10,0.002708241540329231,1380,255,7.536464840265425e-05,6.358257867885002e-07,0.8783076618094933,0.8368974700496282,0.8338321495333706,0.8400238847299785,0.9506836439867974,COMPLETE
1227,0.8367529975178559,2026-06-02 07:09:39.003679,2026-06-02 07:10:14.171881,0 days 00:00:35.168202,0.9000864681773966,0.6753220099652376,0.01691283552320121,16,10,0.012889925292899028,1340,239,9.704638375591167e-06,2.605820688283056e-07,0.87813918932842,0.8367529975178559,0.8332604735739656,0.8403071893076719,0.9506658459171288,COMPLETE
1228,0.8332588499609347,2026-06-02 07:10:14.182300,2026-06-02 07:10:46.495896,0 days 00:00:32.313596,0.6887943743243791,0.7006188361085975,0.01591460009576994,10,20,0.005149157336396681,1320,247,3.003024725412546e-05,9.505546507321274e-07,0.8743695427241164,0.8332588499609347,0.8222466842226231,0.8445849220657567,0.9486738572840824,COMPLETE
1229,0.8376457202688162,2026-06-02 07:10:46.506334,2026-06-02 07:11:24.547083,0 days 00:00:38.040749,0.9089154800615583,0.6501600359015507,0.01655303757763927,16,10,0.008506724364181187,1380,255,0.00010348100158593351,4.3526107569684107e-07,0.8789920985602757,0.8376457202688162,0.8354472421156057,0.8398822312373321,0.9508137167163547,COMPLETE
1230,0.8376200089934486,2026-06-02 07:11:24.558090,2026-06-02 07:12:00.867976,0 days 00:00:36.309886,0.9333545921502205,0.6693418241075751,0.015000965973630327,16,10,7.575381566596881e-05,1400,239,4.7995468128182815e-05,0.00015855304980687948,0.8786235643426812,0.8376200089934486,0.8330110718669306,0.8423185961937603,0.9508127195665752,COMPLETE
1231,0.8377680086124895,2026-06-02 07:12:00.878544,2026-06-02 07:12:36.835029,0 days 00:00:35.956485,0.9492670737142349,0.6913429445621362,0.015814959169272134,16,10,0.002845494770279982,1360,247,0.0001603137259041983,1.3915187129019744e-07,0.8788130932229002,0.8377680086124895,0.8337135577570054,0.8418936236778266,0.9507700382630588,COMPLETE
1232,0.8282479954409151,2026-06-02 07:12:36.845506,2026-06-02 07:13:00.223660,0 days 00:00:23.378154,0.9223714320148053,0.6618834486459517,0.016382402288942572,8,20,0.010616267314867138,1300,239,0.00036071623682132917,0.004520565598327719,0.8685992375092825,0.8282479954409151,0.8054295654941607,0.8524321466022835,0.9458355026184017,COMPLETE
1233,0.8376613896183279,2026-06-02 07:13:00.233870,2026-06-02 07:13:43.485720,0 days 00:00:43.251850,0.9152728679091728,0.6801952454983451,0.017179270779741095,16,10,6.161428546131497e-05,1380,255,6.04634875497431e-05,6.00236300387615e-07,0.8790973998481698,0.8376613896183279,0.8360992054301671,0.8392589977619105,0.9509830287742903,COMPLETE
1234,0.8351543159808289,2026-06-02 07:13:43.506690,2026-06-02 07:14:09.189184,0 days 00:00:25.682494,0.9398218263864799,0.6704635211755471,0.015554573771185614,14,10,0.006011157489702375,940,247,0.00023731771557570038,3.3537414719939566e-07,0.8759174215630572,0.8351543159808289,0.8248571706403268,0.845746441702353,0.9496037013926669,COMPLETE
1235,0.8349897670875879,2026-06-02 07:14:09.198939,2026-06-02 07:14:45.352487,0 days 00:00:36.153548,0.9281904653040803,0.6553919994494736,0.034603660158215414,16,10,0.005176794656472827,1400,239,9.405279061135209e-05,1.1895703233421567e-06,0.8785287752884313,0.8349897670875879,0.8433060216714882,0.8268790420306251,0.9507362874741268,COMPLETE
1236,0.8370538059726136,2026-06-02 07:14:45.363030,2026-06-02 07:15:23.047886,0 days 00:00:37.684856,0.9340615052735751,0.6646508780947444,0.01603259522603088,16,10,0.0641685993968969,1340,231,3.82307726825566e-05,2.164107349018857e-07,0.8781707852363386,0.8370538059726136,0.832251460860248,0.8419503370790228,0.9504509073835617,COMPLETE
1237,0.8373607855293601,2026-06-02 07:15:23.057697,2026-06-02 07:16:00.627114,0 days 00:00:37.569417,0.9104101961176798,0.6875869803936114,0.015489627401065815,16,10,0.008127316271700807,1360,255,2.4413316323360377e-05,0.001048069279255942,0.8785603851665377,0.8373607855293601,0.8336578761782575,0.8411287704161442,0.9507542552199677,COMPLETE
1238,0.8363984515224239,2026-06-02 07:16:00.637683,2026-06-02 07:16:37.604259,0 days 00:00:36.966576,0.9440615874199461,0.6762882017794942,0.0176661094598893,12,10,0.014935782572766758,1400,247,0.00014434351988679533,4.6688237632407126e-07,0.8778338292976162,0.8363984515224239,0.8326506685098912,0.8402222082870394,0.9502875993698979,COMPLETE
1239,0.8374219104556399,2026-06-02 07:16:37.614763,2026-06-02 07:17:16.779487,0 days 00:00:39.164724,0.9208029124045491,0.6605006350789192,0.016557430921274492,16,20,0.0028322010522578572,1380,255,1.3930923082993446e-05,7.377948667055014e-07,0.8786656724842441,0.8374219104556399,0.8341321599115847,0.8407604462962347,0.9506357303587253,COMPLETE
1240,0.8362938943262522,2026-06-02 07:17:16.790084,2026-06-02 07:17:52.192882,0 days 00:00:35.402798,0.9026226110367213,0.7219454762517058,0.015548694335969478,16,10,0.05577549337473438,1340,239,5.627853006253582e-05,0.0023983316715070527,0.877665347835708,0.8362938943262522,0.8319310185820513,0.8407321136716263,0.9505610578795286,COMPLETE
1241,0.8374192806026158,2026-06-02 07:17:52.203806,2026-06-02 07:18:27.934440,0 days 00:00:35.730634,0.9498139570595147,0.6707737326001211,0.01620683216593722,16,10,0.0027140849652621734,1360,247,0.0002139001368836067,1.2050452270232809e-06,0.8785709053831464,0.8374192806026158,0.833500365183804,0.8414120364722545,0.9507611907962344,COMPLETE
1242,0.8373310850867942,2026-06-02 07:18:27.945166,2026-06-02 07:19:06.455481,0 days 00:00:38.510315,0.9262459132931438,0.6556796696888254,0.016966516996027983,16,10,0.005454585745870402,1400,255,8.624700392920005e-05,3.3249867527224174e-07,0.8788552016970866,0.8373310850867942,0.8358279194112775,0.8388623530553873,0.9509046330847982,COMPLETE
1243,0.8374976594812004,2026-06-02 07:19:06.466337,2026-06-02 07:19:43.272866,0 days 00:00:36.806529,0.9127673957892377,0.6646120872112854,0.015495651507397202,16,20,0.009867023209184669,1320,247,0.00013049872229865838,1.9070998967555958e-07,0.8784445510223414,0.8374976594812004,0.832310049800938,0.842771850774724,0.950415792979721,COMPLETE
1244,0.8387673041851492,2026-06-02 07:19:43.283705,2026-06-02 07:20:19.035152,0 days 00:00:35.751447,0.9372646219490907,0.6823977256468788,0.018175623921856548,16,10,0.002645798065754077,1380,239,3.886067681364885e-05,0.1029594940881825,0.8798660678501364,0.8387673041851492,0.8368182083005156,0.8407604655570263,0.9509213490750299,COMPLETE
1245,0.8375354854139135,2026-06-02 07:20:19.052023,2026-06-02 07:20:54.342544,0 days 00:00:35.290521,0.9392956785207138,0.6934680124014239,0.01787887337189473,16,10,0.019203804396803116,1400,231,2.9447190847583116e-05,0.04024040632027954,0.8788973361159073,0.8375354854139135,0.835235698925345,0.8398822793893114,0.950636880417548,COMPLETE
1246,0.8371488799331205,2026-06-02 07:20:54.353267,2026-06-02 07:21:28.791194,0 days 00:00:34.437927,0.9439586035961676,0.6881108880686455,0.018032554216131105,16,10,0.008035064513226942,1380,231,3.726991243332686e-05,0.00719065247923217,0.8786024992953237,0.8371488799331205,0.834808227426199,0.8395422854864112,0.9507864333985442,COMPLETE
1247,0.8367040277620665,2026-06-02 07:21:28.812075,2026-06-02 07:22:05.502313,0 days 00:00:36.690238,0.9411311643381944,0.6835158222384462,0.01816334261466184,16,10,0.011674284514845906,1400,239,1.772575108248877e-05,0.14020216926471885,0.8782971439212491,0.8367040277620665,0.8345222936840003,0.8389474448255722,0.9508004844126408,COMPLETE
1248,0.8372956554303727,2026-06-02 07:22:05.513064,2026-06-02 07:22:40.409071,0 days 00:00:34.896007,0.934276998446978,0.6979824616643995,0.017113595252305974,16,10,0.007420037925678191,1380,231,2.1436453332256915e-05,0.02546640485828211,0.8785498519776119,0.8372956554303727,0.8338372498431418,0.8408171645126288,0.9507104359172907,COMPLETE
1249,0.837493741592323,2026-06-02 07:22:40.419721,2026-06-02 07:23:16.148856,0 days 00:00:35.729135,0.9363590693540241,0.6846207414538698,0.017389484811824875,16,10,0.004887217592991696,1400,239,4.5128343197653475e-05,0.0006867647828171562,0.8788867936135231,0.837493741592323,0.8353525822290521,0.839683919718266,0.9509464649832844,COMPLETE
1250,0.8365446305403532,2026-06-02 07:23:16.159426,2026-06-02 07:23:51.551839,0 days 00:00:35.392413,0.9422191802181583,0.6811858810302436,0.018317847438513984,16,10,0.009798899033284353,1360,239,3.416286128220544e-05,0.15709779998566337,0.8780760101522764,0.8365446305403532,0.8336976635677651,0.8394573044657787,0.950731468179165,COMPLETE
1251,0.8373068622030059,2026-06-02 07:23:51.561681,2026-06-02 07:24:27.057424,0 days 00:00:35.495743,0.9336392893616218,0.6930420699268893,0.017536973836155594,16,10,0.006272975802298244,1380,231,5.379897224676144e-05,0.0642359911795277,0.8786130311537556,0.8373068622030059,0.8342365953426394,0.8404488524307142,0.9507068301017144,COMPLETE
1252,0.8368963662798373,2026-06-02 07:24:27.068160,2026-06-02 07:25:04.723259,0 days 00:00:37.655099,0.9460570480305271,0.6875416356030891,0.01673839221196817,16,20,0.002704370169495579,1400,239,3.0557910995984465e-05,0.04369377274932491,0.8779812407228141,0.8368963662798373,0.8316360818822112,0.8422619550205331,0.9505984980205793,COMPLETE
1253,0.8341797934232287,2026-06-02 07:25:04.743661,2026-06-02 07:25:37.428049,0 days 00:00:32.684388,0.9376565274394295,0.6768888866834921,0.016219392673073763,10,10,0.004561685446390403,1360,239,1.9185541121917714e-05,0.0221520292225945,0.8750750411960212,0.8341797934232287,0.8232173141206848,0.8454631178638676,0.9492560578614081,COMPLETE
1254,0.8369375319165941,2026-06-02 07:25:37.438776,2026-06-02 07:26:13.796315,0 days 00:00:36.357539,0.9318620681103069,0.6807058763063506,0.015460382650324803,16,10,0.013470877786124685,1340,239,6.378318722576962e-05,0.3639285158589156,0.8779391259287811,0.8369375319165941,0.831161999736528,0.8428285136163421,0.950313712425511,COMPLETE
1255,0.8372889757819094,2026-06-02 07:26:13.806840,2026-06-02 07:26:49.392050,0 days 00:00:35.585210,0.9449164094631615,0.6770971299374167,0.015945993658573597,16,10,0.007594400223518004,1400,231,3.784031707954976e-05,0.05899564385767906,0.8783392633720116,0.8372889757819094,0.8324298492859059,0.8422335910971382,0.9506079989750061,COMPLETE
1256,0.8372281074388036,2026-06-02 07:26:49.403689,2026-06-02 07:27:25.113711,0 days 00:00:35.710022,0.9407027802446595,0.6830402467607355,0.01828014047473,16,10,0.002759651917802033,1380,239,9.430397053319386e-06,0.08785226725636303,0.8786340848919133,0.8372281074388036,0.8347162168926515,0.8397972598470954,0.9508705301401544,COMPLETE
1257,0.8273793303767656,2026-06-02 07:27:25.124278,2026-06-02 07:27:49.035124,0 days 00:00:23.910846,0.9346277229607768,0.6896569007583714,0.015023737934719021,8,10,2.1122642486805866e-05,1360,239,2.4374583201477475e-05,0.012742114295935726,0.8680411614391516,0.8273793303767656,0.8051814041062633,0.8508740231883465,0.945916501648285,COMPLETE
1258,0.8346366651502759,2026-06-02 07:27:49.045587,2026-06-02 07:28:15.990808,0 days 00:00:26.945221,0.7655008955882312,0.6760001921419964,0.01737600655932347,16,10,0.004386975394392848,1400,127,2.642114276281708e-06,0.0865957685607544,0.8751803371619391,0.8346366651502759,0.822156383873922,0.8475311875915739,0.949294758429661,COMPLETE
1259,0.8362102486848538,2026-06-02 07:28:16.001479,2026-06-02 07:28:51.980449,0 days 00:00:35.978970,0.932572588118255,0.704386590139265,0.016805326237088438,16,20,0.010247957830565648,1340,239,6.977209400457186e-05,0.10328224267522018,0.8774547559038726,0.8362102486848538,0.830849675027153,0.8416670156481366,0.9505318293349329,COMPLETE
1260,0.8372437912599308,2026-06-02 07:28:51.991396,2026-06-02 07:29:27.399926,0 days 00:00:35.408530,0.9284702063412026,0.6729910030895936,0.015796556685227316,16,10,3.643085700662437e-05,1380,231,4.8205914562004995e-05,0.08343454199919685,0.8782971369361553,0.8372437912599308,0.832357253776836,0.8422335910971381,0.9507047125924007,COMPLETE
