number,value,datetime_start,datetime_complete,duration,params_bagging_fraction,params_feature_fraction,params_learning_rate,params_max_depth,params_min_child_samples,params_min_split_gain,params_n_estimators,params_num_leaves,params_reg_alpha,params_reg_lambda,user_attrs_accuracy,user_attrs_f1,user_attrs_precision,user_attrs_recall,user_attrs_roc_auc,state
2332,0.837845666166969,2026-06-02 18:06:49.629590,2026-06-02 18:07:23.659252,0 days 00:00:34.029662,0.9437076897780678,0.6965106216172277,0.016279135653191407,-1,10,0.00703759581207663,1260,247,1.2254400351523643e-05,3.726889633015705e-08,0.8788131012058648,0.837845666166969,0.833392132816955,0.8423752614429771,0.950948084160526,COMPLETE
2333,0.8377727249852384,2026-06-02 18:07:23.670672,2026-06-02 18:07:59.637103,0 days 00:00:35.966431,0.9342336947943695,0.7034095871467669,0.016050065663959855,-1,10,0.013870840887260833,1280,255,7.0601977960178315e-06,9.509928847517673e-08,0.8789078619871157,0.8377727249852384,0.8343304124636043,0.8412703998328009,0.950921041181615,COMPLETE
2334,0.8378605107555318,2026-06-02 18:07:59.649240,2026-06-02 18:08:35.755572,0 days 00:00:36.106332,0.9427575665722704,0.7131686910497823,0.015009060236370528,-1,10,0.007940553802251948,1320,247,2.2895279761437285e-06,5.792273084613905e-08,0.8788130902292887,0.8378605107555318,0.8333467225239142,0.8424602424636097,0.950898013328866,COMPLETE
2335,0.8382814164690756,2026-06-02 18:08:35.766781,2026-06-02 18:09:10.132605,0 days 00:00:34.365824,0.9498336452724421,0.6984948102165871,0.016758282558140162,-1,10,0.019192523847837123,1240,255,1.0991073077060018e-05,1.810349173009048e-07,0.8793395793723361,0.8382814164690756,0.8352122854123502,0.8414120364722545,0.9509232067087893,COMPLETE
2336,0.8375140537020048,2026-06-02 18:09:10.144337,2026-06-02 18:09:46.588092,0 days 00:00:36.443755,0.9452665705882207,0.6948966652178562,0.01748707898759495,-1,20,0.0151236923172528,1260,255,1.2858337937088928e-05,1.625681936785905e-07,0.8787393845166896,0.8375140537020048,0.8342464209194193,0.8408454730612477,0.9508979276674875,COMPLETE
2337,0.8374351432579656,2026-06-02 18:09:46.599491,2026-06-02 18:10:20.348659,0 days 00:00:33.749168,0.947103553768085,0.6970858890628605,0.01727811039443598,-1,10,0.017203032227133135,1220,255,1.0157098690510807e-05,2.118828059024681e-07,0.8787183291154145,0.8374351432579656,0.8344176727272735,0.8405055224951289,0.9509129056027065,COMPLETE
2338,0.8375330704136084,2026-06-02 18:10:20.360994,2026-06-02 18:10:54.011845,0 days 00:00:33.650851,0.9496246372469435,0.703459627222602,0.017101843361723035,-1,10,0.020454987494901954,1220,255,1.4103525181925843e-05,4.602684251231373e-05,0.8788130975470061,0.8375330704136084,0.8346858335094881,0.8404488861370996,0.9509144202692122,COMPLETE
2339,0.8370462012259939,2026-06-02 18:10:54.024278,2026-06-02 18:11:26.686447,0 days 00:00:32.662169,0.948372004667505,0.6956505288745026,0.01697078515586038,-1,10,0.022612358374796106,1180,255,1.219672008604334e-05,1.0789097927652579e-07,0.8783181923374309,0.8370462012259939,0.8332811599688786,0.8408737454958818,0.9508441068842978,COMPLETE
2340,0.8374981552329488,2026-06-02 18:11:26.698975,2026-06-02 18:12:00.763633,0 days 00:00:34.064658,0.9494789828466973,0.6955707290513029,0.017468808631148188,-1,10,0.024539114931443902,1240,255,9.711063322093094e-06,1.9600610646045752e-07,0.8788025646907038,0.8374981552329488,0.834746673733955,0.8403071989380678,0.9507909900340216,COMPLETE
2341,0.837242402066706,2026-06-02 18:12:00.775826,2026-06-02 18:12:34.022793,0 days 00:00:33.246967,0.9497809282134249,0.6952429224748942,0.016495261769211424,-1,10,0.023521500242874124,1200,255,1.090148947388171e-05,2.0886411852289188e-08,0.8784550858743847,0.837242402066706,0.8334166142945488,0.8411287439325558,0.9507810383632695,COMPLETE
2342,0.837176305492994,2026-06-02 18:12:34.034747,2026-06-02 18:13:07.922300,0 days 00:00:33.887553,0.9490823676133107,0.7000876485517126,0.02451829681356884,-1,10,0.017733944309296288,1260,255,1.3103136905175258e-06,3.529691033953453e-08,0.8793922250269303,0.837176305492994,0.8401860074391211,0.8342163659977629,0.9510499033682343,COMPLETE
2343,0.8367114343892902,2026-06-02 18:13:07.935346,2026-06-02 18:13:42.743642,0 days 00:00:34.808296,0.9437694575037645,0.6946773979913867,0.01682025257962969,-1,20,0.014007733297543954,1220,255,1.4297619199802769e-05,2.0777857661867585e-07,0.8780023024439364,0.8367114343892902,0.832499217940266,0.8410154543633044,0.9507221070384525,COMPLETE
2344,0.8369669907388936,2026-06-02 18:13:42.755996,2026-06-02 18:14:16.746386,0 days 00:00:33.990390,0.9452244594488554,0.6949610812379489,0.0174988648717839,-1,10,0.023251656138985024,1240,255,7.3300152704541e-06,8.920257032855222e-08,0.8785287892586191,0.8369669907388936,0.8350629792566525,0.8389190520109896,0.9508213865364676,COMPLETE
2345,0.8375618019389807,2026-06-02 18:14:16.758702,2026-06-02 18:14:49.797826,0 days 00:00:33.039124,0.9489476381170787,0.7085497627316136,0.016754458985743143,-1,10,0.020803472271404527,1200,255,1.0817367627205186e-05,2.243204782218034e-07,0.8787393821883253,0.8375618019389807,0.8340808458792122,0.8411287439325558,0.9508511321520992,COMPLETE
2346,0.8375902500498279,2026-06-02 18:14:49.810180,2026-06-02 18:15:31.274923,0 days 00:00:41.464743,0.9492341508801192,0.6974718379986143,0.015508013315434785,-1,10,0.014846979221169608,1320,255,1.5322722049342835e-05,1.844317128057106e-07,0.8787709780962437,0.8375902500498279,0.8341500326414466,0.8411004594599265,0.950872151632395,COMPLETE
2347,0.8371745376169563,2026-06-02 18:15:31.286237,2026-06-02 18:16:04.824147,0 days 00:00:33.537910,0.9498167029464181,0.6993338557861021,0.015910517972464764,-1,10,0.020366680771169297,1200,255,1.5512123508436636e-05,1.098562382452195e-07,0.8783076608116227,0.8371745376169563,0.8327048291862019,0.8417236471909678,0.9506988039960524,COMPLETE
2348,0.8369392886554379,2026-06-02 18:16:04.835208,2026-06-02 18:16:39.652990,0 days 00:00:34.817782,0.8374623249413945,0.692162271062096,0.01657881663420018,-1,10,0.016485261329248106,1220,255,1.4853716112969875e-05,5.942173047644398e-08,0.8783392520628119,0.8369392886554379,0.8338803698216234,0.8400522005013941,0.9507572311298226,COMPLETE
2349,0.8365611274356692,2026-06-02 18:16:39.665297,2026-06-02 18:17:15.223325,0 days 00:00:35.558028,0.9394839266859094,0.7039726405362704,0.017427465734147315,-1,20,0.020105225642781638,1240,255,5.2169466972768284e-06,1.2912171417524763e-07,0.8779180681991409,0.8365611274356692,0.8325621292360421,0.8406472000637648,0.9507078047310626,COMPLETE
2350,0.8363390667679568,2026-06-02 18:17:15.236044,2026-06-02 18:17:42.626408,0 days 00:00:27.390364,0.9429417777755353,0.6945887776854057,0.01600240189037735,-1,10,0.010103118202795544,960,255,1.620202754257151e-05,3.7888090161754014e-08,0.8771494001971744,0.8363390667679568,0.8283122520084877,0.8445566038867421,0.9504056974742982,COMPLETE
2351,0.8358779956641934,2026-06-02 18:17:42.638438,2026-06-02 18:18:22.969815,0 days 00:00:40.331377,0.9417940701605795,0.7016728676816003,0.015440940490592825,-1,50,0.017191296560547038,1260,255,1.560566941581841e-05,2.2416890922300256e-07,0.8768334926746336,0.8358779956641934,0.828055031169706,0.843876678678515,0.9501334037464603,COMPLETE
2352,0.8372391578832957,2026-06-02 18:18:23.035996,2026-06-02 18:18:57.843588,0 days 00:00:34.807592,0.9493672661431876,0.6931676399723123,0.016628612401708664,-1,10,0.017452886309244707,1260,255,6.6285157084552615e-06,8.163778557545659e-08,0.878549841001036,0.8372391578832957,0.8340897004979486,0.8404488235395265,0.950861235313723,COMPLETE
2353,0.8375295263017825,2026-06-02 18:18:57.864826,2026-06-02 18:19:32.772843,0 days 00:00:34.908017,0.943844855900823,0.716284142305021,0.016031672882451883,-1,10,0.017321846675513487,1260,255,9.807433607992586e-06,1.965867603846346e-07,0.8787604485661767,0.8375295263017825,0.8343225152290635,0.8407888150348276,0.9508748701863827,COMPLETE
2354,0.8369888226511014,2026-06-02 18:19:32.785101,2026-06-02 18:20:07.533290,0 days 00:00:34.748189,0.9495614184430162,0.7007988130591818,0.01712757852511087,-1,10,0.016784629274649684,1240,255,4.760310104216392e-06,7.098592595058997e-08,0.8783287238632389,0.8369888226511014,0.8335978836940493,0.8404488355775214,0.950962088497343,COMPLETE
2355,0.8382518196961418,2026-06-02 18:20:07.555659,2026-06-02 18:20:43.185240,0 days 00:00:35.629581,0.9418295561508394,0.6944543794671391,0.015487239821322924,-1,10,0.021030306715657785,1280,255,1.913913154096517e-05,1.215023844006644e-07,0.8792342847369125,0.8382518196961418,0.8345912647334703,0.8419786384048448,0.9509499750526808,COMPLETE
2356,0.8370723926840401,2026-06-02 18:20:43.196669,2026-06-02 18:21:17.815004,0 days 00:00:34.618335,0.943678144427489,0.7210776289343506,0.016431605559702564,-1,10,0.0223030966949353,1240,255,1.3863954746442939e-05,2.1676241536111332e-07,0.87840243922192,0.8370723926840401,0.8337499466703141,0.840448859653511,0.950880298684862,COMPLETE
2357,0.836990716034648,2026-06-02 18:21:17.826977,2026-06-02 18:21:55.032110,0 days 00:00:37.205133,0.9394018380253057,0.7008004308165273,0.015453874929784074,-1,20,0.10409899836934285,1320,247,4.065739367236607e-06,4.05362994978404e-08,0.8781181262768035,0.836990716034648,0.8321677895486221,0.8418936260854256,0.9504570532201607,COMPLETE
2358,0.8374906639147346,2026-06-02 18:21:55.044940,2026-06-02 18:22:31.062339,0 days 00:00:36.017399,0.9496309713435465,0.7112606540778608,0.01690496791216601,-1,10,0.07142457612482071,1320,255,7.661645416952484e-06,1.3728264222531354e-07,0.878865746860459,0.8374906639147346,0.835226230603077,0.8397972526242986,0.9508893835790735,COMPLETE
2359,0.836008220453834,2026-06-02 18:22:31.074610,2026-06-02 18:23:07.644398,0 days 00:00:36.569788,0.8034095303142318,0.7322443756449681,0.015942083371744457,-1,10,0.022055365295021345,1280,247,1.94923786496982e-05,5.4628193490835195e-08,0.8776653511619433,0.836008220453834,0.8330945863091835,0.8389757244830034,0.9506720174545138,COMPLETE
2360,0.8369617153644574,2026-06-02 18:23:07.665571,2026-06-02 18:23:42.574857,0 days 00:00:34.909286,0.943674652884914,0.6934650293886131,0.02700428567744176,-1,10,0.02145509403722726,1320,255,1.1758164365794023e-05,2.5392088809037363e-07,0.8795922894244398,0.8369617153644574,0.8425060388831898,0.8315250676098329,0.9509631966950525,COMPLETE
2361,0.8325862726541772,2026-06-02 18:23:42.587247,2026-06-02 18:24:28.541449,0 days 00:00:45.954202,0.9392175687913741,0.6945501436302485,0.01761200561804707,-1,120,0.017424650435580478,1300,247,1.749777425543832e-05,0.07243848176621466,0.8743905977927683,0.8325862726541772,0.8249742344208689,0.8403638665948837,0.9490312572296963,COMPLETE
2362,0.8328266731515196,2026-06-02 18:24:28.553150,2026-06-02 18:24:43.329343,0 days 00:00:14.776193,0.9499960639165184,0.706094525807301,0.016286349338321973,-1,10,0.01723905138195347,460,255,6.716051613523914e-06,1.0784769741461719e-07,0.8731059868089975,0.8328266731515196,0.8159473472798089,0.850449168644762,0.9479315670056158,COMPLETE
2363,0.8356647422838576,2026-06-02 18:24:43.341517,2026-06-02 18:25:13.563459,0 days 00:00:30.221942,0.938468694104076,0.7082371383884598,0.03472465979744631,-1,10,0.015614499502292255,1180,247,3.6136283924522123e-06,1.740957557800766e-07,0.8788657402079888,0.8356647422838576,0.8428267291313459,0.8286638071806379,0.9509141308533021,COMPLETE
2364,0.8373426157288936,2026-06-02 18:25:13.575789,2026-06-02 18:25:48.215503,0 days 00:00:34.639714,0.9498129875510715,0.6918570994963034,0.015838781097942952,-1,10,0.024864022744572566,1240,255,9.70403954028136e-06,2.0880517914364028e-08,0.8784866648185039,0.8373426157288936,0.8332336661254346,0.8415253573402923,0.9506450453714637,COMPLETE
2365,0.8341413678694067,2026-06-02 18:25:48.227241,2026-06-02 18:26:31.252435,0 days 00:00:43.025194,0.9498666882292433,0.7024589907355041,0.016715217560855665,-1,90,0.11307991783046922,1320,247,1.2545224233890802e-05,6.743310671301645e-08,0.8754435607781811,0.8341413678694067,0.8257788564682089,0.8426868240097113,0.9492098744928845,COMPLETE
2366,0.8373806091005077,2026-06-02 18:26:31.265270,2026-06-02 18:27:07.632149,0 days 00:00:36.366879,0.931349173147727,0.714774936646861,0.015001301173607026,-1,20,0.013338131254877967,1240,255,2.0769272271317896e-06,0.03814162382666273,0.8783497845864906,0.8373806091005077,0.8321410498060541,0.842715212009096,0.9506354092513565,COMPLETE
2367,0.8374142712503415,2026-06-02 18:27:07.644554,2026-06-02 18:27:43.588162,0 days 00:00:35.943608,0.9434663922203549,0.693102387674306,0.015405815969363482,-1,10,0.012523193687475658,1280,255,1.8210890964248563e-05,2.2306332770447551e-07,0.8785814395699426,0.8374142712503415,0.8335927085236235,0.8412987107890185,0.9509291819085967,COMPLETE
2368,0.837254507431953,2026-06-02 18:27:43.610251,2026-06-02 18:28:19.141348,0 days 00:00:35.531097,0.9348522344829172,0.7094743676239357,0.01732727282629367,-1,10,0.01925383503280996,1320,247,5.874778336455716e-06,1.0384606175474247e-07,0.8787288583128579,0.837254507431953,0.8352170906190706,0.8393440076737305,0.9509746178665285,COMPLETE
2369,0.8374814106456089,2026-06-02 18:28:19.153595,2026-06-02 18:28:56.223652,0 days 00:00:37.070057,0.9393119991160646,0.7020483130061459,0.01627077398360618,-1,10,0.02076837018193359,1320,255,1.4963651922337972e-05,4.598459807989593e-08,0.8788868022617345,0.8374814106456089,0.8353761753064859,0.8396273098438253,0.9509695938424962,COMPLETE
2370,0.8362620467016025,2026-06-02 18:28:56.235588,2026-06-02 18:29:32.186882,0 days 00:00:35.951294,0.9321219609193868,0.6988407875805402,0.015904002192732785,-1,20,0.13086327111898988,1280,247,1.1237687694233317e-06,1.4446853692327844e-07,0.8775284672710711,0.8362620467016025,0.8311396262779495,0.8414686969062734,0.9503538950982501,COMPLETE
2371,0.83787539476709,2026-06-02 18:29:32.199182,2026-06-02 18:30:08.160602,0 days 00:00:35.961420,0.9438564159732237,0.7177096700511625,0.01663394049970966,-1,10,0.018484389939473135,1300,255,8.169579784408283e-06,2.7902848224487816e-07,0.87918163642133,0.83787539476709,0.8357982924251584,0.8399955809965576,0.9510804384838633,COMPLETE
2372,0.8377275577001573,2026-06-02 18:30:08.171990,2026-06-02 18:30:44.420418,0 days 00:00:36.248428,0.9385548143296197,0.6933843532729406,0.01549684189029231,-1,10,0.006554054777827857,1320,247,1.9858506146234712e-05,6.297238294894718e-05,0.8788341582702578,0.8377275577001573,0.834024972469186,0.841497022308085,0.9508933879934176,COMPLETE
2373,0.8371858277102778,2026-06-02 18:30:44.432721,2026-06-02 18:31:21.431408,0 days 00:00:36.998687,0.9326564478361247,0.6904694242017537,0.017118757861298465,-1,10,0.012797461615736076,1320,255,3.809598110691835e-06,0.12460755295836977,0.8787604379222241,0.8371858277102778,0.8357471443161191,0.8386640680199097,0.9509591303519129,COMPLETE
2374,0.8375498067384938,2026-06-02 18:31:21.442728,2026-06-02 18:31:57.441335,0 days 00:00:35.998607,0.9436969475065834,0.6989904690266071,0.015930232812769635,-1,10,0.018302781327084763,1320,247,2.0763108036681954e-05,3.1275776227477484e-08,0.8787393875103016,0.8375498067384938,0.8341171578323981,0.8410437653195221,0.9509536943562261,COMPLETE
2375,0.8366416599953723,2026-06-02 18:31:57.453890,2026-06-02 18:32:19.173008,0 days 00:00:21.719118,0.9378734182676034,0.7097072861403825,0.031158731184816713,-1,10,0.006448813488746029,1280,119,9.19068410681287e-06,8.276760071275371e-08,0.8774968736915172,0.8366416599953723,0.8294008296502317,0.8440466551653737,0.9501434609725726,COMPLETE
2376,0.834780563473111,2026-06-02 18:32:19.184288,2026-06-02 18:32:59.981118,0 days 00:00:40.796830,0.9301302658817332,0.6901213457626725,0.017661484379401453,-1,80,0.019791642134035285,1220,255,5.5651653019523555e-06,0.21253090228714522,0.8760542918163648,0.834780563473111,0.8272556544213895,0.8424601678280418,0.9495596619579754,COMPLETE
2377,0.8368763817416967,2026-06-02 18:32:59.992759,2026-06-02 18:33:36.077183,0 days 00:00:36.084424,0.9421511411956708,0.7080126210074816,0.016489968122359686,-1,20,0.011600043521615196,1280,247,1.3590109646202887e-05,2.5133994806200117e-07,0.8781497205216047,0.8368763817416967,0.8328313867144267,0.8409871072931021,0.9507643902909327,COMPLETE
2378,0.8378630889741593,2026-06-02 18:33:36.088733,2026-06-02 18:34:12.517607,0 days 00:00:36.428874,0.9357694478943904,0.7216555349005247,0.015503178845146254,-1,10,0.00634843564481955,1320,247,2.6096323816397432e-06,0.05066792364607615,0.8788973264698253,0.8378630889741593,0.8339006650159696,0.8418935971942382,0.9508809786673101,COMPLETE
2379,0.8374866035434315,2026-06-02 18:34:12.530124,2026-06-02 18:34:48.427857,0 days 00:00:35.897733,0.9437995793693198,0.6970980256497475,0.01623981016011304,-1,10,0.005364485305751712,1300,255,2.12084232848676e-05,1.5440816462788477e-07,0.8787709767657498,0.8374866035434315,0.8345903157015281,0.8404488692839068,0.9510682494005275,COMPLETE
2380,0.8379498677378557,2026-06-02 18:34:48.439623,2026-06-02 18:35:23.651333,0 days 00:00:35.211710,0.9317401884599242,0.691688992976878,0.016933050061190627,-1,10,0.014889241003100968,1240,255,2.245911086624617e-05,7.77835354485586e-08,0.87906580759911,0.8379498677378557,0.8346825530716487,0.8412703757568113,0.9509509878733997,COMPLETE
2381,0.833709916783674,2026-06-02 18:35:23.663759,2026-06-02 18:35:53.009963,0 days 00:00:29.346204,0.9291190217874975,0.7025292103290599,0.0527817760572326,-1,10,0.01060305621806451,1140,247,9.512051953923485e-06,2.259989337895539e-07,0.8779812244242616,0.833709916783674,0.844808009519841,0.8229412020562842,0.9504494705775236,COMPLETE
2382,0.8370404944284843,2026-06-02 18:35:53.022209,2026-06-02 18:36:24.139230,0 days 00:00:31.117021,0.9437888037088442,0.7871100013873412,0.01544753933080485,-1,10,0.005277092572108641,1080,255,6.1654785746706935e-06,0.03268896867462053,0.8779496521326129,0.8370404944284843,0.830842666494422,0.8433667829243238,0.9506580773300194,COMPLETE
2383,0.8350177130694063,2026-06-02 18:36:24.151487,2026-06-02 18:36:45.104368,0 days 00:00:20.952881,0.9499028135859466,0.6927608276296964,0.015943590840184964,-1,10,0.008035965676595454,700,247,1.2194043960483429e-05,5.8135496607767014e-08,0.8754646384652323,0.8350177130694063,0.8225285593707229,0.8479277913689147,0.9493730490516071,COMPLETE
2384,0.837682845977651,2026-06-02 18:36:45.125152,2026-06-02 18:37:21.968575,0 days 00:00:36.843423,0.9499128949312277,0.7059061736173009,0.017741663834602607,-1,20,7.137820417862374e-05,1320,255,2.4079969845681776e-05,1.348421574593864e-07,0.8790552754080547,0.837682845977651,0.8357292089728133,0.8396839871310369,0.9510436110250624,COMPLETE
2385,0.8367993090318587,2026-06-02 18:37:21.980722,2026-06-02 18:37:57.745604,0 days 00:00:35.764882,0.7946780081917151,0.6996554409974111,0.016610294990405592,-1,10,0.004889420191854712,1260,247,3.7475907912786947e-06,2.7286010301437105e-07,0.8782971339425436,0.8367993090318587,0.8341563191629465,0.8394856250523924,0.950859748444636,COMPLETE
2386,0.8381983409546209,2026-06-02 18:37:57.758083,2026-06-02 18:38:34.922635,0 days 00:00:37.164552,0.9376593088830033,0.7108603331747336,0.015471207985069266,-1,10,0.047234780503277785,1320,255,1.5064425406208817e-05,9.425807490523517e-08,0.8792658793143368,0.8381983409546209,0.8350397157253197,0.8414120653634419,0.950871763310407,COMPLETE
2387,0.8368961481343814,2026-06-02 18:38:34.934784,2026-06-02 18:39:13.321148,0 days 00:00:38.386364,0.9389556357358426,0.8784116994994515,0.016251178254080487,-1,30,5.932741360504768e-05,1320,247,9.54089478675481e-06,3.173810074225048e-08,0.8781181289377917,0.8368961481343814,0.8325295459216496,0.841355409744621,0.9507605941249415,COMPLETE
2388,0.8371192338387683,2026-06-02 18:39:13.333344,2026-06-02 18:39:50.962657,0 days 00:00:37.629313,0.9293830760994353,0.6939174690931479,0.015012186182244938,-1,10,0.011148253132277946,1320,255,2.1226598109371454e-05,2.0086822061921579e-07,0.8783919030393825,0.8371192338387683,0.8335064881405913,0.8407887837360412,0.9508027961216223,COMPLETE
2389,0.8378488714914291,2026-06-02 18:39:50.974934,2026-06-02 18:40:25.186088,0 days 00:00:34.211154,0.9344340104633087,0.715127758492564,0.017029428642968795,-1,10,0.014838213148700171,1260,247,4.767087894526888e-06,1.7107636576517626e-07,0.8790763417859062,0.8378488714914291,0.8351650795834633,0.8405905155537562,0.9508593357717636,COMPLETE
2390,0.8380392313570527,2026-06-02 18:40:25.197882,2026-06-02 18:41:01.024837,0 days 00:00:35.826955,0.9427550457077556,0.6882237039801274,0.015885570079779674,-1,10,0.0027767913311549024,1280,255,2.1573174488269965e-05,5.732808381029751e-08,0.8790868726464675,0.8380392313570527,0.8344471305206236,0.841695350680344,0.9510080042056211,COMPLETE
2391,0.8377130709742872,2026-06-02 18:41:01.037083,2026-06-02 18:41:37.154865,0 days 00:00:36.117782,0.928956798406455,0.6992756222527061,0.016408461558712648,-1,10,0.007300298388177988,1320,247,2.5821552222765927e-06,1.22430324362102e-07,0.8789183925150533,0.8377130709742872,0.8346615432727017,0.8408171115454516,0.9509071291561849,COMPLETE
2392,0.8373157042746504,2026-06-02 18:41:37.175565,2026-06-02 18:42:14.627359,0 days 00:00:37.451794,0.9353019010316723,0.6903202730128407,0.017238410688938197,-1,10,0.024653503733143976,1340,255,8.22985650076334e-06,0.15713652684694537,0.8787709687827853,0.8373157042746504,0.8352785144612711,0.8394006416241608,0.9510650308278167,COMPLETE
2393,0.8325609559293973,2026-06-02 18:42:14.639747,2026-06-02 18:42:50.421803,0 days 00:00:35.782056,0.9437172425572427,0.7028698676637761,0.06132796003036276,-1,20,0.004324773654945807,1300,255,1.5618225901508693e-05,2.523301613777361e-07,0.8773389151072059,0.8325609559293973,0.8450767837728499,0.8204765454044297,0.9494869090460544,COMPLETE
2394,0.8371792320791899,2026-06-02 18:42:50.434298,2026-06-02 18:43:26.861910,0 days 00:00:36.427612,0.9499739288208469,0.6891341761862233,0.015531431148441943,-1,10,0.14685689300916138,1340,247,2.4289816255012472e-05,9.072444602862845e-08,0.8783392540585532,0.8371792320791899,0.832906096577437,0.8415253356719017,0.9505883279929478,COMPLETE
