number,value,datetime_start,datetime_complete,duration,params_bagging_fraction,params_feature_fraction,params_learning_rate,params_max_depth,params_min_child_samples,params_min_split_gain,params_n_estimators,params_num_leaves,params_reg_alpha,params_reg_lambda,user_attrs_accuracy,user_attrs_f1,user_attrs_precision,user_attrs_recall,user_attrs_roc_auc,state
2458,0.8366542124979399,2026-06-02 19:19:06.919857,2026-06-02 19:19:43.726233,0 days 00:00:36.806376,0.9320827641305613,0.6920454228166194,0.01695919041853527,12,10,0.0001326467551240008,1360,239,1.349332498246589e-05,0.06111335225108911,0.8777706444668728,0.8366542124979399,0.8311869193544292,0.8422335670211486,0.9502588665904792,COMPLETE
2459,0.8377047325650406,2026-06-02 19:19:43.737594,2026-06-02 19:20:21.137613,0 days 00:00:37.400019,0.9105435671828973,0.6810687325238185,0.01500242907585492,-1,10,0.00524692702992265,1320,247,4.1728902448571205e-05,0.18238581054173203,0.8786235636774342,0.8377047325650406,0.8326738863027736,0.8428285184315399,0.9509203807923498,COMPLETE
2460,0.8363688611133719,2026-06-02 19:20:21.149797,2026-06-02 19:20:56.493256,0 days 00:00:35.343459,0.9377839261307888,0.6902975073201698,0.02517600700405893,-1,10,2.5516002598844037e-05,1360,247,1.5749504809897393e-05,1.0194545557217766e-07,0.8789710385022712,0.8363688611133719,0.8406095950313167,0.8322049639268725,0.9512641604760042,COMPLETE
2461,0.8373815982233691,2026-06-02 19:20:56.504841,2026-06-02 19:21:33.383588,0 days 00:00:36.878747,0.9237232746889568,0.680862875121564,0.017446243613377575,-1,10,0.005311463221528099,1380,239,2.4694349616659395e-05,2.3424540311678956e-07,0.878897328132943,0.8373815982233691,0.8358932424015365,0.8389190688641824,0.9511277550733896,COMPLETE
2462,0.8365347245711945,2026-06-02 19:21:33.395565,2026-06-02 19:22:10.846503,0 days 00:00:37.450938,0.9302685099475604,0.6983738424581222,0.015905535716853984,-1,20,0.002676824561429647,1320,247,4.551124389067819e-05,4.439064800608731e-07,0.8778654195509351,0.8365347245711945,0.83230254614347,0.8408454778764455,0.950660365517885,COMPLETE
2463,0.8342443523663495,2026-06-02 19:22:10.858836,2026-06-02 19:22:45.642869,0 days 00:00:34.784033,0.9178286422184873,0.677317743775273,0.01641471820308744,10,10,0.006383126367751764,1380,239,2.5765613923535786e-05,0.035879272235701636,0.87521191909967,0.8342443523663495,0.8238548898290597,0.8449248341102921,0.9493235888534984,COMPLETE
2464,0.8279697118957529,2026-06-02 19:22:45.655256,2026-06-02 19:23:10.310695,0 days 00:00:24.655439,0.9383981026154414,0.68680132125564,0.015550891726686236,8,10,0.00261437630896867,1340,247,1.3118142735513025e-05,3.143728093639171e-07,0.8685150039297339,0.8279697118957529,0.8058877404021242,0.8513273499972792,0.9459124146623746,COMPLETE
2465,0.8366860001504507,2026-06-02 19:23:10.322216,2026-06-02 19:23:40.655740,0 days 00:00:30.333524,0.9343187345284,0.6959237697026861,0.018225737785665913,14,10,0.006645976080689493,1360,183,4.6292705779412144e-05,6.382337538725055e-08,0.8775705973657862,0.8366860001504507,0.8297050863250779,0.8438200639888763,0.9502847769467162,COMPLETE
2466,0.8380883312641839,2026-06-02 19:23:40.667797,2026-06-02 19:24:18.948395,0 days 00:00:38.280598,0.9258172217865156,0.6764449357477443,0.016192268409926,-1,10,0.002484219373622594,1380,255,3.1076993768965005e-05,1.508777194916368e-07,0.8792448136017325,0.8380883312641839,0.8353344173217732,0.8409021214572716,0.9510567082808734,COMPLETE
2467,0.8377572031082884,2026-06-02 19:24:18.960747,2026-06-02 19:24:54.878168,0 days 00:00:35.917421,0.9396177683636803,0.6855745214502923,0.017266736205991784,-1,10,1.7182119465913425e-05,1320,247,1.7667251977814904e-05,7.135913214028287e-05,0.8791289847795124,0.8377572031082884,0.8359257798257778,0.8396272833602366,0.9512341132665391,COMPLETE
2468,0.8293369768492992,2026-06-02 19:24:54.890659,2026-06-02 19:25:18.218261,0 days 00:00:23.327602,0.9198338800400186,0.6916936807006147,0.015426722692340996,12,20,0.004334022235126344,1380,95,4.79767634364118e-05,0.3313192301895912,0.8700312928479795,0.8293369768492992,0.8099730936925754,0.8496842503779076,0.9471499801785318,COMPLETE
2469,0.8377562513617031,2026-06-02 19:25:18.230773,2026-06-02 19:25:54.769614,0 days 00:00:36.538841,0.913459562582714,0.6770254477867476,0.016657537642613962,-1,10,0.00689958310526906,1340,239,3.061666103055464e-05,4.464510106864142e-07,0.8788867986028759,0.8377562513617031,0.8342768991218268,0.8412986867130291,0.9509178982613768,COMPLETE
2470,0.8379545478743317,2026-06-02 19:25:54.781447,2026-06-02 19:26:33.192656,0 days 00:00:38.411209,0.9309474491702275,0.6816050011641882,0.015004040721392015,-1,10,0.0001519356730960822,1380,255,2.056485764934934e-05,2.3297577462613854e-07,0.8791395166379442,0.8379545478743317,0.8351789338444502,0.8407888102196296,0.9510538505298992,COMPLETE
2471,0.837137722229946,2026-06-02 19:26:33.204854,2026-06-02 19:27:10.119962,0 days 00:00:36.915108,0.9388045781368184,0.7001530039881282,0.015999228697949047,-1,10,0.004444625655005702,1360,247,1.1630510371979891e-05,1.0010732046929367e-07,0.878423488635972,0.837137722229946,0.8336664305782936,0.8406754628680032,0.951004106932094,COMPLETE
2472,0.8338958008380128,2026-06-02 19:27:10.131409,2026-06-02 19:27:42.794927,0 days 00:00:32.663518,0.926403421313975,0.6500966280433498,0.015011911849977721,10,10,0.002968994987795355,1320,223,5.193858841907485e-05,0.01442583545912499,0.8745485473962448,0.8338958008380128,0.8209539123929606,0.8472761771169054,0.9489290138484426,COMPLETE
2473,0.837442851028409,2026-06-02 19:27:42.807299,2026-06-02 19:28:20.641636,0 days 00:00:37.834337,0.9331470531969516,0.6726218601027967,0.01581364095370078,-1,20,0.007308395670144445,1360,239,3.641150984163036e-05,1.745031781569001e-07,0.8783603147818049,0.837442851028409,0.8319610197540636,0.8430267890214238,0.9507221574942945,COMPLETE
2474,0.8344232131811822,2026-06-02 19:28:20.654367,2026-06-02 19:28:45.967668,0 days 00:00:25.313301,0.9412616980222597,0.692870693250747,0.017265851120324294,-1,10,0.0026029147925005188,1380,127,1.5737291869223043e-05,1.0704784635494638e-05,0.8749486828437343,0.8344232131811822,0.8214818613362643,0.8478144801312727,0.9494360856788485,COMPLETE
2475,0.8285137931127173,2026-06-02 19:28:45.988989,2026-06-02 19:29:10.759974,0 days 00:00:24.770985,0.9223413043107571,0.6856836955518858,0.016590834170292952,8,10,0.00014161205056310288,1340,255,2.336069265148073e-05,7.340833475008604e-08,0.8691467823862288,0.8285137931127173,0.8076837691639279,0.8504774218186046,0.9464994475722525,COMPLETE
2476,0.8368823474088535,2026-06-02 19:29:10.781040,2026-06-02 19:29:49.576039,0 days 00:00:38.794999,0.9347300494923734,0.6726453491882733,0.015789884682765785,-1,10,0.004922882749959134,1380,255,5.037096084766489e-05,3.242032031403446e-07,0.8784234932927012,0.8368823474088535,0.8346933943742038,0.8391173442692642,0.9511237274699579,COMPLETE
2477,0.8365308170431066,2026-06-02 19:29:49.588653,2026-06-02 19:30:26.150594,0 days 00:00:36.561941,0.9143081080750558,0.697831046572592,0.016341138894640662,14,10,0.007413547075154739,1320,247,3.181735387097614e-05,2.8503824043495696e-08,0.8779707098622529,0.8365308170431066,0.8330393949893602,0.8400805355336014,0.9505988248100753,COMPLETE
2478,0.8366050435944782,2026-06-02 19:30:26.163258,2026-06-02 19:31:03.068404,0 days 00:00:36.905146,0.9286891248697716,0.6794517068994868,0.017937251345717265,12,10,0.004700647531267845,1360,247,5.1727233062790666e-05,4.4840781687789035e-07,0.8780233595083294,0.8366050435944782,0.8330840715547462,0.8401938756624311,0.9504930071502499,COMPLETE
2479,0.8317215708798255,2026-06-02 19:31:03.080485,2026-06-02 19:31:51.037697,0 days 00:00:47.957212,0.9390494358460639,0.8159524337840987,0.015005067285566734,-1,10,0.0027699408220698734,1380,255,4.9661464877790555,3.0176677353606483e-05,0.8728743235099578,0.8317215708798255,0.8186045036887801,0.8452932160125766,0.9475680063945179,COMPLETE
2480,0.8369304793591422,2026-06-02 19:31:51.050163,2026-06-02 19:32:28.738794,0 days 00:00:37.688631,0.9070141055983402,0.6556561338841216,0.016781401252343706,-1,20,0.00014493835306204618,1340,239,1.0680786201001021e-05,1.4432357471047314e-07,0.8782023608542225,0.8369304793591422,0.832986454482303,0.8409587650380979,0.9509541217271935,COMPLETE
2481,0.8376229064910518,2026-06-02 19:32:28.751446,2026-06-02 19:33:06.352219,0 days 00:00:37.600773,0.9408630948955053,0.6882364836977677,0.01552620893767844,-1,10,0.0066120992709518805,1400,247,1.8060416289588348e-05,2.3988912693709597e-07,0.8788130992101237,0.8376229064910518,0.8342929156526004,0.8410154278797157,0.9510230327615465,COMPLETE
2482,0.8376273578928451,2026-06-02 19:33:06.363688,2026-06-02 19:33:44.772174,0 days 00:00:38.408486,0.9213797736417813,0.673213885112418,0.01614310785542663,-1,10,0.0027128616968433794,1360,255,3.696993314128671e-05,1.1054657203838588e-07,0.879002620440002,0.8376273578928451,0.8355970320112319,0.8397122306744835,0.951203450773552,COMPLETE
2483,0.8346128336194824,2026-06-02 19:33:44.784777,2026-06-02 19:34:20.482827,0 days 00:00:35.698050,0.9329519005150685,0.6838286874876491,0.01731918393168312,10,10,9.929240115385755e-05,1380,255,1.3101032694857593e-05,5.493645648153955e-08,0.8757173485173361,0.8346128336194824,0.8257253926950101,0.8437350396314626,0.9495343143882246,COMPLETE
2484,0.8269747254970737,2026-06-02 19:34:20.494547,2026-06-02 19:34:30.851364,0 days 00:00:10.356817,0.9275529491364624,0.6942451688986155,0.015514012100658975,-1,10,0.00800346393248484,300,247,2.3871841696928822e-05,0.019964318148770602,0.8682096528797651,0.8269747254970737,0.8075789336907908,0.8473611822135275,0.9448308492491614,COMPLETE
2485,0.8281992278615492,2026-06-02 19:34:30.863846,2026-06-02 19:34:55.061264,0 days 00:00:24.197418,0.9431317793184886,0.6502435189035316,0.016864571436718812,8,10,0.0901642885481805,1340,239,5.382142887677289e-05,0.07729050539408347,0.8688519528833624,0.8281992278615492,0.8070380493184203,0.8505341207742069,0.9461666778269192,COMPLETE
2486,0.8385268156502432,2026-06-02 19:34:55.073386,2026-06-02 19:35:31.734532,0 days 00:00:36.661146,0.9359523251586687,0.7009023027244657,0.01619366185049751,-1,10,2.6476355152970467e-05,1300,255,3.253929395478664e-05,4.607733159944218e-07,0.8795185926926758,0.8385268156502432,0.8354213231566051,0.8416953747563335,0.9512165278853008,COMPLETE
2487,0.8341817817311267,2026-06-02 19:35:31.756294,2026-06-02 19:35:58.757261,0 days 00:00:27.000967,0.9406341750371575,0.7009866285906972,0.015924212168652464,-1,20,0.002370498535080422,1300,143,3.8799860699514426e-05,0.43247519677619845,0.8745380191966717,0.8341817817311267,0.8197873861765931,0.8491176267769266,0.949187747949804,COMPLETE
2488,0.8376784387030959,2026-06-02 19:35:58.768783,2026-06-02 19:36:34.355127,0 days 00:00:35.586344,0.9402917812315928,0.7035539574307346,0.016622773998896813,-1,10,0.0024642261575070334,1300,247,3.0347954160046285e-05,4.64136470333785e-07,0.8788446771563724,0.8376784387030959,0.8343024665541288,0.8411287535629516,0.9509661168790987,COMPLETE
2489,0.8379622463556627,2026-06-02 19:36:34.367271,2026-06-02 19:37:09.636590,0 days 00:00:35.269319,0.9436234072819144,0.7036928956883103,0.017678791742226117,-1,10,7.989995538971556e-05,1300,255,4.19467644430507e-05,5.642548477270643e-07,0.8792553364793291,0.8379622463556627,0.8359469042283139,0.8400238750995825,0.9511771085896868,COMPLETE
2490,0.8372021051808688,2026-06-02 19:37:09.648613,2026-06-02 19:37:45.951332,0 days 00:00:36.302719,0.9348408200862232,0.7009906508130881,0.015488279976811067,-1,10,0.002512287820060112,1300,239,3.093231644816625e-05,0.6494886622106506,0.8779812433838021,0.8372021051808688,0.8303818361995207,0.8441599760334116,0.9504924371539186,COMPLETE
2491,0.8382867537196432,2026-06-02 19:37:45.963768,2026-06-02 19:38:21.556025,0 days 00:00:35.592257,0.9382406532231753,0.6996782113573529,0.01622682961903879,-1,10,0.002639506892614931,1300,247,5.3813364037686275e-05,3.7495014262595083e-07,0.8792764041876748,0.8382867537196432,0.8347436695007605,0.8418936597918112,0.9509401526400948,COMPLETE
2492,0.8380452169795226,2026-06-02 19:38:21.567696,2026-06-02 19:38:56.296264,0 days 00:00:34.728568,0.9327347136730777,0.7070380828657997,0.015516304055709241,-1,10,0.002845610095507203,1300,239,5.2796941234870935e-05,1.7207841430535738e-05,0.8789499791095134,0.8380452169795226,0.8335159021175428,0.8426585154610926,0.9508735413876065,COMPLETE
2493,0.8374092119264119,2026-06-02 19:38:56.308006,2026-06-02 19:39:30.603523,0 days 00:00:34.295517,0.9345488036684858,0.7066944132181208,0.01585739688278456,-1,10,6.498399852354966e-06,1300,239,5.5574640295973306e-05,4.2499614755268456e-07,0.8785393251085329,0.8374092119264119,0.8333035285509053,0.8415820129591133,0.9509656627531582,COMPLETE
2494,0.8341137370859543,2026-06-02 19:39:30.615043,2026-06-02 19:40:12.095137,0 days 00:00:41.480094,0.9346259056558227,0.7008214291794397,0.015458723900045948,-1,80,0.0032911723689874003,1300,239,4.98958489275858e-05,5.63017628265462e-07,0.8753698524045941,0.8341137370859543,0.8254115989040307,0.8430267745758301,0.9496621064851046,COMPLETE
2495,0.8370744116859203,2026-06-02 19:40:12.107627,2026-06-02 19:40:47.574455,0 days 00:00:35.466828,0.9314900567124569,0.697169855681924,0.016040162485510327,-1,20,9.709539992286565e-05,1300,239,5.356889883390436e-05,5.411805728329122e-07,0.8780865420107081,0.8370744116859203,0.8316052488416412,0.8426585612054729,0.9508210119944431,COMPLETE
2496,0.8359744179432834,2026-06-02 19:40:47.586640,2026-06-02 19:41:12.100467,0 days 00:00:24.513827,0.9361633489479558,0.711166670081865,0.015534795718421326,-1,10,0.0023012059386186053,880,239,5.54905032741475e-05,5.679608617030134e-07,0.8764017922532127,0.8359744179432834,0.8248437094989777,0.8474462017557435,0.9499923486140577,COMPLETE
2497,0.8379557606219478,2026-06-02 19:41:12.113012,2026-06-02 19:41:46.312048,0 days 00:00:34.199036,0.9310076916892829,0.7039859324260859,0.015029524045369393,-1,10,0.0025917420515517878,1300,231,3.942185935122108e-05,4.041653962658867e-07,0.8786551572569882,0.8379557606219478,0.8318748577112163,0.8441599977018024,0.9508525798596342,COMPLETE
2498,0.8385703719419687,2026-06-02 19:41:46.324635,2026-06-02 19:42:21.379036,0 days 00:00:35.054401,0.9361684074478303,0.694760328694309,0.016225260671419953,-1,10,0.0001810234876486556,1320,239,6.246852358186557e-05,5.479844941385936e-07,0.8794027545569975,0.8385703719419687,0.834475196330347,0.8427434916665272,0.951035139966061,COMPLETE
2499,0.8369763546457015,2026-06-02 19:42:21.399907,2026-06-02 19:42:56.357434,0 days 00:00:34.957527,0.9290500273744963,0.6930457959469503,0.015825178150614527,-1,10,4.433663955189537e-05,1320,239,6.187637892368774e-05,6.899358360286853e-07,0.8781918439638492,0.8369763546457015,0.832728441435787,0.8412987324574094,0.9508319896409189,COMPLETE
2500,0.834393570033971,2026-06-02 19:42:56.369194,2026-06-02 19:43:39.960801,0 days 00:00:43.591607,0.930311064487301,0.6918081829256902,0.015985247010821955,-1,120,0.0026489622039855536,1320,231,6.929543119392149e-05,6.554817158738618e-07,0.8754856848856728,0.834393570033971,0.8250622507091828,0.8439616813675381,0.9492034503351824,COMPLETE
2501,0.8382802976098263,2026-06-02 19:43:39.972928,2026-06-02 19:44:13.994455,0 days 00:00:34.021527,0.9347648024859637,0.6939139846940753,0.01555723686883608,-1,10,0.00014644038031284205,1320,231,3.664036607003347e-05,7.545843379416614e-07,0.8791079233910137,0.8382802976098263,0.8336249137199824,0.8430268395810021,0.9509797017035982,COMPLETE
2502,0.8373304650917485,2026-06-02 19:44:14.006328,2026-06-02 19:44:48.534784,0 days 00:00:34.528456,0.9293982335223172,0.835525552561446,0.01628417755735809,-1,10,0.0026183221740165297,1300,231,5.942222449838991e-05,5.531104429620954e-07,0.8785709170249693,0.8373304650917485,0.8338438937544416,0.8408738129086529,0.9506677749413419,COMPLETE
2503,0.835822588660342,2026-06-02 19:44:48.547191,2026-06-02 19:45:17.386852,0 days 00:00:28.839661,0.9364907307192386,0.6968153405498626,0.015459736206306144,-1,40,0.0023620849585463673,980,239,3.7377506327914374e-05,5.433522474630144e-07,0.8763386047614811,0.835822588660342,0.8250147687357003,0.8469362602571721,0.9498767307467535,COMPLETE
2504,0.8376778559986245,2026-06-02 19:45:17.401371,2026-06-02 19:45:52.869314,0 days 00:00:35.467943,0.9367655774902953,0.6906983753774693,0.016408405907209298,-1,20,0.00010373301708240979,1320,231,6.619322636622567e-05,7.868062406067697e-07,0.8784655994385231,0.8376778559986245,0.8317458543053117,0.8437350227782697,0.9509019482062081,COMPLETE
2505,0.8378387599995675,2026-06-02 19:45:52.881636,2026-06-02 19:46:26.393899,0 days 00:00:33.512263,0.928467153827611,0.694873294502157,0.015496690639583468,-1,10,0.00024232795588360976,1320,223,3.7583817685123274e-05,4.832400162563936e-07,0.878644626396427,0.8378387599995675,0.8322816814794797,0.8435084219713764,0.9508196012936048,COMPLETE
2506,0.8378421485861091,2026-06-02 19:46:26.406450,2026-06-02 19:47:00.483578,0 days 00:00:34.077128,0.9360013371016844,0.6919636750799311,0.016185343872261726,-1,10,0.004506774896348653,1320,231,6.1729091204229e-05,3.615290166366961e-07,0.8788236290728143,0.8378421485861091,0.8334882040824726,0.842290253938756,0.9508330420203407,COMPLETE
2507,0.8372468028650558,2026-06-02 19:47:00.504365,2026-06-02 19:47:34.895797,0 days 00:00:34.391432,0.9279279169015592,0.6880081500233342,0.015004699752086077,-1,10,9.244112007135805e-05,1320,231,7.107707697442356e-05,7.676868545055195e-07,0.8782655496764482,0.8372468028650558,0.8321049397143714,0.8424885510122285,0.9508275012497963,COMPLETE
2508,0.8379908253301807,2026-06-02 19:47:34.908459,2026-06-02 19:48:09.460276,0 days 00:00:34.551817,0.9376562770872964,0.6980227089477444,0.01500773868114375,-1,10,0.002883947790140467,1320,231,3.909301213395955e-05,5.288584215000956e-07,0.8787288566497403,0.8379908253301807,0.8322207465974318,0.8438766931241087,0.9507323265691752,COMPLETE
2509,0.8354883391480877,2026-06-02 19:48:09.473200,2026-06-02 19:48:31.396668,0 days 00:00:21.923468,0.9300781113696515,0.6886359871054553,0.01663115905517915,-1,10,0.0002284019462618553,780,239,4.5044227787012943e-05,8.670564830589994e-07,0.8759174162410809,0.8354883391480877,0.8236009430121746,0.8477577763604724,0.9497887536327431,COMPLETE
2510,0.837342859835811,2026-06-02 19:48:31.408947,2026-06-02 19:49:07.319881,0 days 00:00:35.910934,0.932964343600865,0.7046331595465416,0.015917212197947665,-1,10,0.004594583820899621,1340,239,3.38404418780768e-05,4.6444124703586133e-07,0.8786340912117602,0.837342859835811,0.8342339892539069,0.8405054815659465,0.9508417309220194,COMPLETE
2511,0.8295528754252892,2026-06-02 19:49:07.331142,2026-06-02 19:49:30.347468,0 days 00:00:23.016326,0.9254593897548604,0.6969022566654454,0.015498920548158292,-1,50,0.0048009298090220635,1340,87,6.717285638113254e-05,3.381537471876819e-07,0.8700207653136536,0.8295528754252892,0.8091464283665437,0.8510440670879763,0.9471634587519002,COMPLETE
2512,0.8342377781938576,2026-06-02 19:49:30.358921,2026-06-02 19:50:13.703576,0 days 00:00:43.344655,0.8495469944137306,0.6880808347586357,0.01701872292239752,-1,10,0.0001296632135828566,1320,239,1.6196107265379927,6.796017301108252e-07,0.8756962891245784,0.8342377781938576,0.8270405543103138,0.8415820105515143,0.9492537733304541,COMPLETE
2513,0.835282528318225,2026-06-02 19:50:13.716265,2026-06-02 19:50:54.237213,0 days 00:00:40.520948,0.9383418378627995,0.7013611407988192,0.01631663192511153,-1,60,0.002811981312427313,1340,231,6.851438174916077e-05,3.4466761302469943e-07,0.8764438924118109,0.835282528318225,0.8278437398332876,0.8428851571971682,0.9500757344299441,COMPLETE
2514,0.8263235639140859,2026-06-02 19:50:54.249523,2026-06-02 19:51:13.119513,0 days 00:00:18.869990,0.8661561447813622,0.6927865064115659,0.01586643515637133,-1,20,0.004957226254509112,1300,63,3.135343575480542e-05,7.083200860932635e-07,0.8671672001322555,0.8263235639140859,0.8037611044563903,0.8502225148706914,0.9454722710085469,COMPLETE
2515,0.8370719602108303,2026-06-02 19:51:13.131660,2026-06-02 19:51:46.739992,0 days 00:00:33.608332,0.9327239268720159,0.7104880505426937,0.032721349115460714,-1,10,0.0001770907148682453,1340,239,4.093567624245605e-05,3.416389342162483e-07,0.8799502921162263,0.8370719602108303,0.8446027654211611,0.8297119385364252,0.9511477597702105,COMPLETE
2516,0.8373706615219404,2026-06-02 19:51:46.761700,2026-06-02 19:52:22.659900,0 days 00:00:35.898200,0.9396138042946651,0.6855030266961437,0.016726397813319818,-1,10,0.004539717483595962,1340,239,6.573101324252013e-05,3.9036944636583594e-07,0.878634089216019,0.8373706615219404,0.8341276270450318,0.8406755013895867,0.9510019825367326,COMPLETE
2517,0.836808800641352,2026-06-02 19:52:22.672720,2026-06-02 19:52:58.425952,0 days 00:00:35.753232,0.9277809062831724,0.8081695712252979,0.015467201277358646,-1,20,0.0025727888070488933,1320,231,2.6498210878130987e-05,5.614692445821619e-07,0.8778864799415632,0.836808800641352,0.8313174965318746,0.8424036036979815,0.9505970710335262,COMPLETE
2518,0.8382602623256865,2026-06-02 19:52:58.438698,2026-06-02 19:53:34.239265,0 days 00:00:35.800567,0.9384593331698424,0.6980847228652043,0.015021084333869176,-1,10,0.004163002702526928,1340,239,4.996533028854851e-05,9.757141711845527e-07,0.879086867324491,0.8382602623256865,0.8335795994150962,0.8430268010594187,0.9508881674812274,COMPLETE
2519,0.8371866783896862,2026-06-02 19:53:34.251528,2026-06-02 19:54:10.108645,0 days 00:00:35.857117,0.9240319352886146,0.6895941536132801,0.016277099870727674,-1,10,4.509553842459697e-05,1340,239,1.7976327649227183e-08,9.716945112913366e-07,0.8785077365183317,0.8371866783896862,0.8340127712305826,0.8404205198061057,0.9508927183118373,COMPLETE
2520,0.8385512824895759,2026-06-02 19:54:10.120427,2026-06-02 19:54:44.273730,0 days 00:00:34.153303,0.9331797154725732,0.7038730820065542,0.01714007407397898,-1,10,0.00011350424231084057,1300,239,6.672224411032188e-05,4.993451008970118e-07,0.879518585707582,0.8385512824895759,0.835324374080146,0.8418369704666047,0.9510877961962342,COMPLETE
