number,value,datetime_start,datetime_complete,duration,params_bagging_fraction,params_feature_fraction,params_learning_rate,params_max_depth,params_min_child_samples,params_min_split_gain,params_n_estimators,params_num_leaves,params_reg_alpha,params_reg_lambda,user_attrs_accuracy,user_attrs_f1,user_attrs_precision,user_attrs_recall,user_attrs_roc_auc,state
2521,0.8369209208313865,2026-06-02 19:54:44.286087,2026-06-02 19:55:17.244623,0 days 00:00:32.958536,0.9343646182953389,0.7069423140003871,0.018243326686319554,-1,10,0.005077065894149938,1300,231,7.286963957689421e-05,5.342639500604938e-07,0.8784024365609318,0.8369209208313865,0.8343905405907742,0.8395139865681883,0.950944783346462,COMPLETE
2522,0.8371310670880362,2026-06-02 19:55:17.256993,2026-06-02 19:55:52.822902,0 days 00:00:35.565909,0.9391309873927911,0.715801711356597,0.018558989001996547,-1,10,3.24057360403313e-05,1280,239,3.0248839169971832e-05,0.7297217995239282,0.8782760705583038,0.8371310670880362,0.8326781546302131,0.8416670036101417,0.950755611009272,COMPLETE
2523,0.836827031732799,2026-06-02 19:55:52.835571,2026-06-02 19:56:25.103869,0 days 00:00:32.268298,0.9338958758074146,0.7089919492181201,0.017888043042368518,-1,10,0.0045096155898247245,1280,223,4.943919573301636e-05,5.893990664497453e-07,0.878107604729701,0.836827031732799,0.8327828901313238,0.8409587722608948,0.9509752530606153,COMPLETE
2524,0.8372860230230619,2026-06-02 19:56:25.116029,2026-06-02 19:56:59.110433,0 days 00:00:33.994404,0.9407967181630128,0.7176928389912482,0.017479207689875043,-1,20,0.00011385265068771121,1280,231,7.428813441383541e-05,3.568198778219038e-07,0.878328724528486,0.8372860230230619,0.8323940255913685,0.8422619261293455,0.9507617973568402,COMPLETE
2525,0.8380419441149165,2026-06-02 19:56:59.123020,2026-06-02 19:57:32.524070,0 days 00:00:33.401050,0.9323918003292194,0.7039856214124245,0.018041319992827178,-1,10,0.0028212212139961126,1280,239,3.907969991331881e-05,8.315760744556817e-07,0.8792974602541972,0.8380419441149165,0.8359287813129469,0.8402222155098363,0.9509929372996342,COMPLETE
2526,0.8384489373959507,2026-06-02 19:57:32.535347,2026-06-02 19:58:05.953188,0 days 00:00:33.417841,0.9376676343867149,0.711118248858921,0.018528714989738737,-1,10,0.005057400544308492,1280,239,8.087026987281042e-05,4.351527702229579e-07,0.8795922944137926,0.8384489373959507,0.8362504723396222,0.8407038267913981,0.9509875580016321,COMPLETE
2527,0.8366544736647848,2026-06-02 19:58:05.965829,2026-06-02 19:58:40.353391,0 days 00:00:34.387562,0.9429532142522291,0.713208236942424,0.01960876844614365,-1,10,0.006376549328445726,1260,231,4.474866857903789e-05,0.8817725064873755,0.8778232974391845,0.8366544736647848,0.8315468598327791,0.84186531031401,0.9505560225568487,COMPLETE
2528,0.837410246851722,2026-06-02 19:58:40.366028,2026-06-02 19:59:12.972837,0 days 00:00:32.606809,0.9400165685977985,0.7225583854379066,0.018662625166043462,-1,10,0.0068023504490733605,1280,231,6.652218665718028e-05,4.942591939094221e-07,0.8788130968817591,0.837410246851722,0.8351952228061802,0.8396839702778441,0.9508694363405886,COMPLETE
2529,0.8375047210859871,2026-06-02 19:59:12.985246,2026-06-02 19:59:45.028022,0 days 00:00:32.042776,0.9414154305690077,0.7150325063140145,0.02047732270922429,-1,10,0.0071403301566573645,1300,223,4.887860117860888e-05,3.1502400597247275e-07,0.8789815637082325,0.8375047210859871,0.8359518388375106,0.8390890116446558,0.9510565764664642,COMPLETE
2530,0.8348642159153621,2026-06-02 19:59:45.040913,2026-06-02 20:00:23.591946,0 days 00:00:38.551033,0.9428021742076905,0.7246827576446052,0.018802209259444532,-1,10,0.006628128540207156,1260,231,2.971424364201487e-05,4.049617877965596,0.8759384749685916,0.8348642159153621,0.8261787762104946,0.8437634300384461,0.9497098324406559,COMPLETE
2531,0.8368415198056235,2026-06-02 20:00:23.612442,2026-06-02 20:00:56.394731,0 days 00:00:32.782289,0.942863137904237,0.7184674506015761,0.01842326873707474,-1,10,0.006018172829023899,1280,231,2.4392791835864896e-05,7.613359965669917e-07,0.8783603161122988,0.8368415198056235,0.8344154467004468,0.839315684679518,0.9509074146722446,COMPLETE
2532,0.8375802167350042,2026-06-02 20:00:56.407040,2026-06-02 20:01:29.714112,0 days 00:00:33.307072,0.9380559481806391,0.7132047224758854,0.018761210629741766,-1,10,0.006288877695861153,1280,239,7.82361335479614e-05,4.828069084207561e-07,0.8789710378370241,0.8375802167350042,0.8355647418035859,0.8396272761374397,0.951083730092281,COMPLETE
2533,0.8362361537702192,2026-06-02 20:01:29.726045,2026-06-02 20:02:05.857789,0 days 00:00:36.131744,0.9416090604105741,0.7163756431745748,0.018263907152321426,-1,20,0.004930849684457689,1280,231,2.885779732260758e-05,1.1301352207579216,0.877338927414276,0.8362361537702192,0.8299660492734566,0.8426302189504686,0.9502649524162514,COMPLETE
2534,0.8378544221528141,2026-06-02 20:02:05.870159,2026-06-02 20:02:39.072438,0 days 00:00:33.202279,0.9359814378541876,0.7169003363358584,0.019109181724691757,-1,10,0.005032215074329017,1260,239,4.843075412803693e-05,1.040086003787674e-06,0.8791921602967973,0.8378544221528141,0.8359518016333842,0.8397972694774912,0.9509087139425277,COMPLETE
2535,0.8376293160719991,2026-06-02 20:02:39.084747,2026-06-02 20:03:12.657907,0 days 00:00:33.573160,0.9434280657614114,0.7098097097609217,0.019141429008047335,-1,10,0.0079548549948668,1280,239,7.625243623337415e-05,2.667297848496493e-07,0.8791711055607688,0.8376293160719991,0.8367547371275615,0.8385508001190489,0.9511071642913277,COMPLETE
2536,0.8369238487149803,2026-06-02 20:03:12.670420,2026-06-02 20:03:46.218932,0 days 00:00:33.548512,0.9370719934150096,0.7105753768140505,0.018432537719859924,-1,10,0.004652893134345871,1280,239,4.6699636915525916e-05,6.089464238297585e-07,0.8784761419409072,0.8369238487149803,0.8348611270081486,0.8390323536182357,0.9509385066629722,COMPLETE
2537,0.8368246275685474,2026-06-02 20:03:46.234270,2026-06-02 20:04:19.264312,0 days 00:00:33.030042,0.9433552271288236,0.7103349227836477,0.017515961718282232,-1,10,0.008002765884598749,1280,231,3.227414433799084e-05,3.400741909408537e-07,0.8781181359228857,0.8368246275685474,0.8328381925900611,0.8408737912402623,0.9509222652854236,COMPLETE
2538,0.8371236462138305,2026-06-02 20:04:19.276523,2026-06-02 20:04:54.182764,0 days 00:00:34.906241,0.9371772356912009,0.721265528043009,0.018381521391179607,-1,20,0.00477804962671741,1300,239,8.441254590763404e-05,5.4168327702283e-07,0.8785709117029931,0.8371236462138305,0.8347184921222878,0.8395706229262178,0.9509513314820747,COMPLETE
2539,0.8383782137986898,2026-06-02 20:04:54.194416,2026-06-02 20:05:26.974778,0 days 00:00:32.780362,0.942538586089474,0.7225251811644653,0.018600759472086035,-1,10,0.002849589846894985,1260,239,2.4325437931966066e-05,8.866227200895147e-07,0.8794764596043493,0.8383782137986898,0.8357441677680081,0.8410720618301459,0.951037428284414,COMPLETE
2540,0.8375612402848008,2026-06-02 20:05:26.987369,2026-06-02 20:05:59.739066,0 days 00:00:32.751697,0.9408181125549954,0.7325919404965382,0.01973084175368925,-1,10,0.008427055591438958,1260,239,2.228872730626913e-05,8.203379341515508e-07,0.8791289824511477,0.8375612402848008,0.836721777341895,0.8384374599902195,0.950924598270971,COMPLETE
2541,0.8373947123101431,2026-06-02 20:05:59.751654,2026-06-02 20:06:32.958090,0 days 00:00:33.206436,0.9435010838670563,0.7403738117096565,0.018099613339551384,-1,10,0.009212078670380796,1260,239,2.3024748567580313e-05,1.1013766071382185e-06,0.8787709761005026,0.8373947123101431,0.8349501953397535,0.8398822601285195,0.9508895074413855,COMPLETE
2542,0.836654348857928,2026-06-02 20:06:32.970607,2026-06-02 20:07:04.789537,0 days 00:00:31.818930,0.9450792142792661,0.7286046277053336,0.020914149657694687,-1,10,0.007744507316588345,1260,231,2.395103495186987e-05,1.0569959579045124e-06,0.8784656060909933,0.836654348857928,0.835903516738921,0.837445919248081,0.9508852923240028,COMPLETE
2543,0.8373864418432185,2026-06-02 20:07:04.801904,2026-06-02 20:07:37.008889,0 days 00:00:32.206985,0.9398692078733322,0.7261112634425279,0.01939313343797167,-1,10,0.006815581284430539,1240,239,2.887411641947224e-05,1.5171277119219698e-06,0.8788867969397582,0.8373864418432185,0.8357798094927021,0.8390323512106367,0.9509902084130643,COMPLETE
2544,0.8364101661554165,2026-06-02 20:07:37.021634,2026-06-02 20:08:10.397246,0 days 00:00:33.375612,0.9444533363352852,0.7252430415756316,0.019454381106895832,-1,20,0.0049636173907426605,1260,231,2.1605686412643194e-05,1.1832654186485806e-06,0.8778233001001726,0.8364101661554165,0.8325158903679627,0.8403638906708734,0.9508480178597744,COMPLETE
2545,0.8375307508351777,2026-06-02 20:08:10.409064,2026-06-02 20:08:43.474499,0 days 00:00:33.065435,0.9439311198611366,0.7186731142731624,0.019816243702356125,-1,10,0.008705248168288762,1260,239,2.437378759388453e-05,9.126037237420101e-07,0.8789605056459688,0.8375307508351777,0.8357049373232966,0.8394006392165618,0.9510392375937039,COMPLETE
2546,0.8357127470094031,2026-06-02 20:08:43.486957,2026-06-02 20:09:20.151748,0 days 00:00:36.664791,0.9437768690361469,0.7336451377751664,0.02028097335943076,-1,10,0.004670588774096191,1240,239,2.9977527687387616e-05,2.4124500507388325,0.8770230371881581,0.8357127470094031,0.8299534278827118,0.8415820298123061,0.9502299313483288,COMPLETE
2547,0.8380805795018514,2026-06-02 20:09:20.172211,2026-06-02 20:09:52.928157,0 days 00:00:32.755946,0.9365582395304779,0.7296709046080755,0.019882314443926394,-1,10,0.0075283343893050025,1260,239,2.2291807549017467e-05,1.3374487164509949e-06,0.8794659287437883,0.8380805795018514,0.8369180979645812,0.8392873207561231,0.9511382278073858,COMPLETE
2548,0.8368057128719769,2026-06-02 20:09:52.940400,2026-06-02 20:10:24.988257,0 days 00:00:32.047857,0.944084288819498,0.728535408432268,0.0189445380925369,-1,10,0.005200021601664597,1220,239,3.736307173157624e-05,6.924420814903259e-07,0.8783919100244764,0.8368057128719769,0.8347616216961797,0.8388907193863813,0.9509432260730805,COMPLETE
2549,0.8371778390263472,2026-06-02 20:10:25.001093,2026-06-02 20:10:56.956568,0 days 00:00:31.955475,0.9381872120754728,0.7082503520387537,0.01947356731820257,-1,10,0.0043616847922376325,1280,223,2.2186075519812325e-05,9.481498781880134e-07,0.8785814339153428,0.8371778390263472,0.8345588146967624,0.8398539010203226,0.9510491064521299,COMPLETE
2550,0.837731705619878,2026-06-02 20:10:56.968769,2026-06-02 20:11:29.984542,0 days 00:00:33.015773,0.9385296203171429,0.7193650496755112,0.019201417225621388,-1,10,0.009095055568525566,1280,231,3.46562718330989e-05,7.257393863444786e-07,0.8790026244314841,0.837731705619878,0.8351559240276673,0.8403638521492898,0.9510315921472318,COMPLETE
2551,0.8352997297366761,2026-06-02 20:11:30.005604,2026-06-02 20:12:01.669257,0 days 00:00:31.663653,0.935312965447138,0.7224318661587746,0.04087808110919747,-1,10,0.0031183411813560415,1260,239,3.119231880702504e-05,7.168033305669806e-07,0.8789289163905206,0.8352997297366761,0.844815834572861,0.8260291355203413,0.9508889242308584,COMPLETE
2552,0.8350927690080531,2026-06-02 20:12:01.681381,2026-06-02 20:12:21.715485,0 days 00:00:20.034104,0.9428240932957472,0.7167727606084334,0.01846335254861493,-1,10,0.006666002550150664,720,231,4.101790051692797e-05,1.3332403622464884e-06,0.8756857592618879,0.8350927690080531,0.8236268586913443,0.8469079276325636,0.9496032843862375,COMPLETE
2553,0.8373424245400972,2026-06-02 20:12:21.727283,2026-06-02 20:12:56.582354,0 days 00:00:34.855071,0.9358328840661523,0.7367659045105118,0.018962451457980988,-1,20,0.0028054388897473643,1300,239,2.1454335345324638e-05,5.426458803727051e-07,0.8787288523256346,0.8373424245400972,0.8348802587492038,0.8398539419495051,0.9509154237327354,COMPLETE
2554,0.8371840402215126,2026-06-02 20:12:56.595505,2026-06-02 20:13:28.639287,0 days 00:00:32.043782,0.9441112111196185,0.7239608323238498,0.01990597506020211,-1,10,0.008764060567869065,1240,239,2.8543802055952254e-05,4.3823172218293363e-07,0.878813096216512,0.8371840402215126,0.8361104410990116,0.8382957848291825,0.9511068558780215,COMPLETE
2555,0.835009961589313,2026-06-02 20:13:28.650862,2026-06-02 20:13:58.878295,0 days 00:00:30.227433,0.9442939694194431,0.7271861111440756,0.018717100846430558,-1,10,0.0048624224469960425,1300,175,1.9055306288943447e-05,1.291234174849413,0.8758647695886159,0.835009961589313,0.8251069270389886,0.8451798734761482,0.9498212935197158,COMPLETE
2556,0.8373203032151165,2026-06-02 20:13:58.890883,2026-06-02 20:14:33.259598,0 days 00:00:34.368715,0.9345271296688129,0.715479964218233,0.01868228229252014,-1,20,0.003076901828242949,1280,239,3.861657350727621e-05,7.982295110575482e-07,0.8786656701558794,0.8373203032151165,0.8345620021901913,0.8401372248588079,0.9508827059835117,COMPLETE
2557,0.8375547696321405,2026-06-02 20:14:33.271697,2026-06-02 20:15:11.460582,0 days 00:00:38.188885,0.9441745410099922,0.7193854208048285,0.019938781097365032,-1,10,0.006892926374373607,1280,239,4.337377729632437e-05,4.623357589240395e-07,0.8790657989508985,0.8375547696321405,0.8363452394191967,0.838805719104957,0.9510323225751124,COMPLETE
2558,0.8369223302682385,2026-06-02 20:15:11.473503,2026-06-02 20:15:44.873975,0 days 00:00:33.400472,0.9383601618653233,0.7349773263046184,0.0211796199383563,-1,10,0.0028263639961478198,1300,239,1.9679402616791884e-05,1.143286626740464e-06,0.8788657378796242,0.8369223302682385,0.8375610148155959,0.8363127442740881,0.9511346345740258,COMPLETE
2559,0.8359930890902527,2026-06-02 20:15:44.886383,2026-06-02 20:16:21.446839,0 days 00:00:36.560456,0.9340622790284796,0.7252572908774853,0.01976745164428869,-1,10,0.005081305224137339,1260,231,3.154593578409118e-05,1.9444863854486922,0.8771915116649723,0.8359930890902527,0.8299627891630174,0.842148653413287,0.950194337606907,COMPLETE
2560,0.8331536406526516,2026-06-02 20:16:21.458671,2026-06-02 20:16:43.417864,0 days 00:00:21.959193,0.944513718573619,0.7133268472924745,0.019052512904689754,-1,10,0.007925650614225654,1300,103,4.7345243903478145e-05,6.556847958940857e-07,0.873579827969086,0.8331536406526516,0.8176763409273731,0.8492593019379635,0.9484990870318287,COMPLETE
2561,0.8374969674181635,2026-06-02 20:16:43.430275,2026-06-02 20:17:17.536808,0 days 00:00:34.106533,0.9339752438422559,0.7210996162087616,0.018666030136980653,-1,10,0.0027616140935610625,1300,239,1.9102569016500992e-05,1.5873742353078682e-06,0.8789815713585734,0.8374969674181635,0.8359929633183109,0.8390323656562306,0.9511501476846019,COMPLETE
2562,0.8377064672762841,2026-06-02 20:17:17.549274,2026-06-02 20:17:49.427698,0 days 00:00:31.878424,0.9401448193499695,0.7282986523729702,0.019018495429407287,-1,10,1.8309401886364828e-05,1260,231,3.0272531183987272e-05,3.4173866245246515e-07,0.8790447432169994,0.8377064672762841,0.8355496920704676,0.8399105614543415,0.9509475093155881,COMPLETE
2563,0.8369632093268393,2026-06-02 20:17:49.439617,2026-06-02 20:18:24.450610,0 days 00:00:35.010993,0.9328738801241832,0.7296135551844856,0.01841480203947589,-1,20,0.00887125622422671,1300,239,4.739642710751096e-05,1.0056866652520933e-06,0.8783813728440683,0.8369632093268393,0.8340642435396153,0.8399105855303312,0.9507950764117981,COMPLETE
2564,0.8373330727545157,2026-06-02 20:18:24.463832,2026-06-02 20:19:00.185394,0 days 00:00:35.721562,0.937379247517165,0.7136998860703896,0.01832977760028163,-1,30,5.456523052503472e-05,1280,239,2.57221145408689e-05,4.719055186804787e-07,0.8784971980074298,0.8373330727545157,0.8333521564794286,0.8413837158856409,0.9507975277646669,COMPLETE
2565,0.8364184850691251,2026-06-02 20:19:00.199160,2026-06-02 20:19:33.250889,0 days 00:00:33.051729,0.9443465146954166,0.7228832082968731,0.018334300292598964,-1,10,0.004626156241005295,1300,231,4.918720699567619e-05,2.9060636120693747e-07,0.8779496451475189,0.8364184850691251,0.833346832045797,0.8395422782636143,0.9509393758053507,COMPLETE
2566,0.8370702803515594,2026-06-02 20:19:33.263369,2026-06-02 20:20:03.158115,0 days 00:00:29.894746,0.9442377837582271,0.7195955930777467,0.018123879812371214,-1,10,0.00906314979680798,1300,191,3.4096848309527624e-05,6.860715846987502e-07,0.8779391279245221,0.8370702803515594,0.8306292190016608,0.8436500995400124,0.9505002621330724,COMPLETE
2567,0.834075107613021,2026-06-02 20:20:03.170833,2026-06-02 20:20:40.889656,0 days 00:00:37.718823,0.9393138590806787,0.7114379307236577,0.01907806513349337,-1,100,0.004822340064694614,1220,223,1.7529563027884444e-05,4.229545018690627e-07,0.8754856835551786,0.834075107613021,0.8263033273439406,0.8420068963938854,0.9494135813395507,COMPLETE
