number,value,datetime_start,datetime_complete,duration,params_bagging_fraction,params_feature_fraction,params_learning_rate,params_max_depth,params_min_child_samples,params_min_split_gain,params_n_estimators,params_num_leaves,params_reg_alpha,params_reg_lambda,user_attrs_accuracy,user_attrs_f1,user_attrs_precision,user_attrs_recall,user_attrs_roc_auc,state
1828,0.8368987557235466,2026-06-02 13:05:48.755192,2026-06-02 13:06:25.172545,0 days 00:00:36.417353,0.9495175411349626,0.6952956039907024,0.01756411509713613,16,10,0.002769149387851404,1400,239,2.7727921444643376e-05,0.0016841679039820193,0.8783813678547157,0.8368987557235466,0.8343377273028016,0.8395139528618029,0.9507158822928883,COMPLETE
1829,0.8378732244458611,2026-06-02 13:06:25.184285,2026-06-02 13:06:59.709581,0 days 00:00:34.525296,0.9409806330646251,0.6912271766286048,0.01831638307603843,16,10,0.008112247885627392,1380,223,1.2679602780461596e-05,4.857231158624218e-07,0.8790763414532828,0.8378732244458611,0.8350669367058937,0.8407321570084076,0.9507215131840138,COMPLETE
1830,0.8350659618015369,2026-06-02 13:06:59.720916,2026-06-02 13:07:35.492166,0 days 00:00:35.771250,0.9434506241130171,0.7038809325418001,0.01733442213480588,12,20,0.0025733617570112112,1320,239,4.145489681138895e-05,3.41902036361137e-07,0.876422836677912,0.8350659618015369,0.8285621794700669,0.8416953097511616,0.9499865706317084,COMPLETE
1831,0.8375195998911806,2026-06-02 13:07:35.503636,2026-06-02 13:08:10.854597,0 days 00:00:35.350961,0.949445333983444,0.6973230966850287,0.017704196583720005,16,10,0.005358277932614784,1340,239,1.859090380676982e-05,8.147727516300753e-07,0.8787920328322723,0.8375195998911806,0.834584722523573,0.8405055080495352,0.9507936972104399,COMPLETE
1832,0.8365285829237258,2026-06-02 13:08:10.866232,2026-06-02 13:08:46.640714,0 days 00:00:35.774482,0.9499274231766534,0.7066411922485164,0.01716336006784725,16,10,0.0048658271826944495,1400,231,4.476636653794224e-05,1.536732459443594e-06,0.8779707148516057,0.8365285829237258,0.8330379502436926,0.840080569239987,0.9507316442895215,COMPLETE
1833,0.8370677342711876,2026-06-02 13:08:46.652533,2026-06-02 13:09:22.289029,0 days 00:00:35.636496,0.9396342641553037,0.6852527746918222,0.018486611958600786,16,10,0.012569363989135853,1360,239,2.69200645408099e-05,0.01599888255413881,0.878634085224537,0.8370677342711876,0.8353649399957189,0.838805714289759,0.9508335173135428,COMPLETE
1834,0.8361879376239139,2026-06-02 13:09:22.300471,2026-06-02 13:09:59.819504,0 days 00:00:37.519033,0.8197173270534585,0.6956567179573184,0.018887894607565386,16,10,0.002559092499491258,1380,231,1.2728234848985239e-05,0.003744177860729012,0.878118133594521,0.8361879376239139,0.8354414279236493,0.8369643633412953,0.9507401930587727,COMPLETE
1835,0.8376733560822259,2026-06-02 13:09:59.830288,2026-06-02 13:10:34.165123,0 days 00:00:34.334835,0.9391413816179023,0.6895646081592004,0.017953469583670733,16,10,0.008710343469278669,1300,239,4.8367572752930254e-05,5.926391656558968e-07,0.8788552060211924,0.8376733560822259,0.8343930860444146,0.8410153604669448,0.9507858566763087,COMPLETE
1836,0.8372787619066783,2026-06-02 13:10:34.176791,2026-06-02 13:11:12.549884,0 days 00:00:38.373093,0.9408842176326027,0.6818708116710921,0.01705949743835516,-1,20,0.006701522795923049,1400,239,2.1853240203765135e-05,0.0007343998814312899,0.8786656774735967,0.8372787619066783,0.8347003973563639,0.8399105831227321,0.9507571635547293,COMPLETE
1837,0.8366162212798208,2026-06-02 13:11:12.561397,2026-06-02 13:11:48.472492,0 days 00:00:35.911095,0.9408246068949221,0.6864600610557858,0.017153695749901225,16,10,0.0026738149847592638,1340,239,3.309391727201777e-05,3.041008136170827e-07,0.878044427881922,0.8366162212798208,0.8331805004241549,0.8401088970493974,0.9508260522419884,COMPLETE
1838,0.8372685021699612,2026-06-02 13:11:48.484314,2026-06-02 13:12:24.426864,0 days 00:00:35.942550,0.9496858306443806,0.7028235453605293,0.017735259170898333,16,10,0.0149190523871858,1360,239,5.783774628982655e-05,0.00044859512278208613,0.8786024992953237,0.8372685021699612,0.8343487526474629,0.8402505577648407,0.9506804854506958,COMPLETE
1839,0.8372965127423693,2026-06-02 13:12:24.438367,2026-06-02 13:13:00.053660,0 days 00:00:35.615293,0.9376304925859261,0.6936961035860938,0.016948350690035665,16,10,6.09842940173575e-05,1380,231,3.669080361449405e-05,9.95894773774796e-07,0.8784866721362213,0.8372965127423693,0.8334228884924224,0.8412420479474009,0.950853151203446,COMPLETE
1840,0.8381478318797613,2026-06-02 13:13:00.064442,2026-06-02 13:13:36.604392,0 days 00:00:36.539950,0.9439343743648612,0.6830458674834102,0.016820675351489886,16,10,6.715041207508475e-05,1380,239,4.943162992345275e-05,0.007808887555152427,0.8791816367539536,0.8381478318797613,0.8346669101323339,0.8416953290119532,0.9509142954885266,COMPLETE
1841,0.8356185908101228,2026-06-02 13:13:36.615294,2026-06-02 13:14:15.828019,0 days 00:00:39.212725,0.935882003893296,0.6908049147552018,0.017513439759426156,16,50,0.00505463729526202,1340,231,1.4842197242468426e-05,1.3676368536528308e-07,0.8767913632451657,0.8356185908101228,0.8288266243693231,0.8425451488486743,0.9500380401778984,COMPLETE
1842,0.8348196692679504,2026-06-02 13:14:15.848876,2026-06-02 13:15:03.859063,0 days 00:00:48.010187,0.940907045322003,0.6820935476531592,0.016629033927474456,16,80,4.3397428410928584e-05,1400,239,2.2291260756824614e-05,4.4166386710211744e-07,0.8760016368483122,0.8348196692679504,0.8267696659075535,0.8430551192384333,0.9497066603614774,COMPLETE
1843,0.8370232588408905,2026-06-02 13:15:03.869765,2026-06-02 13:15:41.457724,0 days 00:00:37.587959,0.9350467118492636,0.6986403951669267,0.018005348857269832,16,20,0.008205256093682079,1360,239,2.75819455124684e-06,0.0025281681755579977,0.8783603224321457,0.8370232588408905,0.8336654046471453,0.8404488909522975,0.9505824934921828,COMPLETE
1844,0.8375478883765378,2026-06-02 13:15:41.469051,2026-06-02 13:16:15.914545,0 days 00:00:34.445494,0.9448395598096748,0.6871752976583703,0.016610775160630052,16,10,0.010453205617965202,1300,239,7.153324854778443e-06,2.0504040605455353e-07,0.8785603898232669,0.8375478883765378,0.8328836250391869,0.8422902876451416,0.950695387169248,COMPLETE
1845,0.8371987804234186,2026-06-02 13:16:15.934912,2026-06-02 13:16:53.867040,0 days 00:00:37.932128,0.9349184742310871,0.6827642740360964,0.016976260059634894,16,10,0.040901741974994535,1400,247,5.78546876911568e-05,6.951153614695478e-07,0.8786235580228344,0.8371987804234186,0.8347592742887574,0.8396839052726722,0.9507138739762372,COMPLETE
1846,0.8376463019226684,2026-06-02 13:16:53.878855,2026-06-02 13:17:29.505090,0 days 00:00:35.626235,0.9402123158455975,0.694248264703881,0.01642473445107926,16,10,6.979590528371745e-05,1360,231,9.667890372341247e-06,0.0011144025757753896,0.8786130264970261,0.8376463019226684,0.8328556079787282,0.8425168667836441,0.9507878975860881,COMPLETE
1847,0.8354195752907386,2026-06-02 13:17:29.516933,2026-06-02 13:18:02.828275,0 days 00:00:33.311342,0.9340264604659889,0.7105955717198963,0.017303021641768584,10,10,0.004771044031119378,1320,247,3.063377438463326e-05,1.4243578225865976e-06,0.8761385363724893,0.8354195752907386,0.8252932612851733,0.8458314347609802,0.949415279930518,COMPLETE
1848,0.8372380007447088,2026-06-02 13:18:02.838892,2026-06-02 13:18:39.377992,0 days 00:00:36.539100,0.945909835458954,0.6797609214434358,0.016439160667839223,16,10,0.0032097920439832584,1380,239,7.960667859138652e-05,2.0390785613454405e-06,0.8785077328594731,0.8372380007447088,0.833809614067674,0.8407321112640274,0.9508076277309265,COMPLETE
1849,0.8378949174470188,2026-06-02 13:18:39.389789,2026-06-02 13:19:14.293359,0 days 00:00:34.903570,0.936328009505931,0.6883853839196845,0.018832043824249176,16,10,1.5076405682705463e-05,1340,231,5.6216898730964675e-05,0.043734841666993096,0.8790447448801171,0.8378949174470188,0.8347743936437255,0.8410720834985367,0.9509217823518171,COMPLETE
1850,0.8367159420554046,2026-06-02 13:19:14.305194,2026-06-02 13:19:53.236847,0 days 00:00:38.931653,0.949832154447313,0.6786114453969241,0.01738431434186506,16,10,0.020100545756315164,1400,255,2.0905039321498518e-05,3.2629753229007125e-07,0.8785077288679909,0.8367159420554046,0.835937737437834,0.8375309147143074,0.9507864802425036,COMPLETE
1851,0.8274965783608058,2026-06-02 13:19:53.248182,2026-06-02 13:20:17.512232,0 days 00:00:24.264050,0.9402976514001512,0.7024050769111918,0.016318189484813967,8,20,0.005108706527269973,1360,247,3.339442832920682e-05,0.0002923470649860446,0.8681253993428056,0.8274965783608058,0.8052650791162729,0.8510157079797792,0.9460225580224554,COMPLETE
1852,0.8378211326728504,2026-06-02 13:20:17.523728,2026-06-02 13:20:54.408910,0 days 00:00:36.885182,0.930714018766818,0.6843111666629095,0.018129447714469026,16,10,0.00924281211066113,1380,239,7.715180282509402e-05,5.878822487838967e-07,0.8793185266320487,0.8378211326728504,0.8369657285794775,0.838720759752715,0.9507603834893251,COMPLETE
1853,0.836267495342306,2026-06-02 13:20:54.420456,2026-06-02 13:21:32.524227,0 days 00:00:38.103771,0.9324403682660615,0.6956048069658479,0.01694058452631073,14,10,0.0026167226340867143,1400,247,4.167478289352313e-05,1.0572277892231086e-06,0.8778970014886659,0.836267495342306,0.8336122567872555,0.8389756931842168,0.9506609686192466,COMPLETE
1854,0.8370628404377852,2026-06-02 13:21:32.535884,2026-06-02 13:22:10.697778,0 days 00:00:38.161894,0.9421711914168298,0.6774851421153755,0.0159316077038443,16,10,0.007105936991585277,1340,255,6.64839499667402e-05,0.09565674415200341,0.8783076714555752,0.8370628404377852,0.833149765387904,0.841043774949918,0.950762840221465,COMPLETE
1855,0.8376059496081485,2026-06-02 13:22:10.709111,2026-06-02 13:22:48.016348,0 days 00:00:37.307237,0.9363083103796987,0.6880704229625952,0.016362121042276204,16,10,2.9727682881359453e-05,1400,239,1.5827104015789325e-05,0.0017128631276987633,0.8788868002659935,0.8376059496081485,0.8348784461283931,0.8403921631055077,0.9509406928016871,COMPLETE
1856,0.8368355496027599,2026-06-02 13:22:48.036574,2026-06-02 13:23:25.301669,0 days 00:00:37.265095,0.9311889603291464,0.6757517205980248,0.01709611453462699,16,20,0.004839773986163374,1320,247,2.6190560894515958e-05,0.03080944099692097,0.878086540014967,0.8368355496027599,0.8325896521526718,0.8411570934103568,0.9507020173146535,COMPLETE
1857,0.8381755775662375,2026-06-02 13:23:25.313508,2026-06-02 13:24:03.444741,0 days 00:00:38.131233,0.9498531327767505,0.6803641466430882,0.015001173498241397,16,10,0.012684665700286436,1360,255,4.5632844162585076e-05,2.7019399697800907e-07,0.879202692155229,0.8381755775662375,0.8347016877572638,0.8417236616365616,0.9506178544669609,COMPLETE
1858,0.8296728127724426,2026-06-02 13:24:03.456600,2026-06-02 13:24:24.612600,0 days 00:00:21.156000,0.9423269410696535,0.7900368494578548,0.016267462118034128,16,10,0.002661535152721556,1380,79,7.234069327753662e-05,4.2950952880430037e-07,0.870262950825043,0.8296728127724426,0.8101785281009263,0.8501658616594695,0.9470427361102516,COMPLETE
1859,0.8372383378338256,2026-06-02 13:24:24.624284,2026-06-02 13:25:01.072649,0 days 00:00:36.448365,0.930615627985247,0.6852824311262324,0.016807858110035247,16,10,0.1398081525379246,1400,231,8.725154874655229e-06,0.0006647029214138512,0.8785077288679908,0.8372383378338256,0.8338004408045427,0.8407320944108346,0.9504905655781157,COMPLETE
1860,0.8356084171673709,2026-06-02 13:25:01.083257,2026-06-02 13:25:40.927741,0 days 00:00:39.844484,0.9386398242172547,0.6892449504862062,0.017685720600016882,16,10,0.006733752411137108,1360,247,3.2537066473267426e-05,1.439860347112717,0.8769914482653333,0.8356084171673709,0.8301673093372727,0.8411571102635497,0.9503041110267576,COMPLETE
1861,0.8361130010535857,2026-06-02 13:25:40.947696,2026-06-02 13:26:16.679271,0 days 00:00:35.731575,0.9358456503392956,0.6945100497597179,0.016014470540542086,12,10,0.0028245225496293705,1320,239,1.5025269077496935e-05,1.4111135725053347e-07,0.8771704592573085,0.8361130010535857,0.8293419279087567,0.8430268227278094,0.9501343514988213,COMPLETE
1862,0.8371419150470599,2026-06-02 13:26:16.690419,2026-06-02 13:26:54.309281,0 days 00:00:37.618862,0.9273780419675606,0.6742005261013676,0.01661657962400771,16,10,0.00986238913449317,1380,247,5.397067559793128e-05,7.198626786707067e-07,0.8786024919776064,0.8371419150470599,0.8348380831490386,0.839485588938408,0.9507663250625166,COMPLETE
1863,0.837741076153867,2026-06-02 13:26:54.320811,2026-06-02 13:27:31.729580,0 days 00:00:37.408769,0.9437273922226492,0.6830147644438036,0.015890158552720128,16,10,0.004909176235138802,1340,255,9.683080682238614e-05,4.216595958774954e-07,0.8788973317918017,0.837741076153867,0.8344104248220315,0.8411287439325555,0.950824635404254,COMPLETE
1864,0.8373022295126296,2026-06-02 13:27:31.741151,2026-06-02 13:28:10.040780,0 days 00:00:38.299629,0.9329472947213648,0.6732881638154615,0.018169934747997774,16,10,0.00256816421520443,1400,239,2.2145413726292838e-05,0.1825569011495136,0.878749909057404,0.8373022295126296,0.835185696156708,0.8394572731669921,0.9508919338401993,COMPLETE
1865,0.8359274235666607,2026-06-02 13:28:10.051496,2026-06-02 13:28:48.151172,0 days 00:00:38.099676,0.9395234106496497,0.7973710654568156,0.017348699557544957,-1,20,0.00709024388086812,1360,247,6.760468164332497e-05,2.565233270118944e-07,0.8776864065632187,0.8359274235666607,0.8335629741707898,0.8383524982303786,0.950776753420917,COMPLETE
1866,0.8375636257704677,2026-06-02 13:28:48.162250,2026-06-02 13:29:22.643677,0 days 00:00:34.481427,0.9261054365316719,0.6998345376862444,0.015765862958098665,16,10,0.002547419422580087,1280,239,4.3579336364782575e-05,9.974551298484781e-07,0.8784656110803462,0.8375636257704677,0.8321961382624473,0.8430267842062259,0.9506333578411049,COMPLETE
1867,0.837511555500216,2026-06-02 13:29:22.714625,2026-06-02 13:29:57.686672,0 days 00:00:34.972047,0.9450330134988822,0.6795995981166923,0.016411892073021257,16,10,0.0054437345245793795,1380,223,9.391112610980778e-05,0.00014164099326655376,0.878444555346447,0.837511555500216,0.8322393362668644,0.8428851860883557,0.9507626577517305,COMPLETE
1868,0.8376501302979905,2026-06-02 13:29:57.708023,2026-06-02 13:30:34.484734,0 days 00:00:36.776711,0.9350770331301713,0.6916882267679415,0.016950502083895713,16,10,9.579075836659793e-05,1340,255,2.988630378080025e-05,0.004955195310040117,0.878992092240429,0.8376501302979905,0.8354424320411623,0.8399105807151334,0.950997710736917,COMPLETE
1869,0.8378287814024682,2026-06-02 13:30:34.495219,2026-06-02 13:31:12.942401,0 days 00:00:38.447182,0.92940575313477,0.6716749338986359,0.0155854176076789,16,10,0.00995585841884904,1400,247,1.1198296969062951e-05,7.3899474804555e-08,0.8789289220451204,0.8378287814024682,0.834262092563104,0.8414686944986745,0.9507376041852793,COMPLETE
1870,0.83769728177254,2026-06-02 13:31:12.954058,2026-06-02 13:31:49.226681,0 days 00:00:36.272623,0.9499338666288525,0.6841532527869385,0.016238854665138643,16,10,0.004771122646747459,1360,239,6.356259925519042e-05,0.00039884674509056266,0.8787709747700087,0.83769728177254,0.833712088006561,0.8417520159295607,0.9507514602552769,COMPLETE
1871,0.8338801809020503,2026-06-02 13:31:49.238407,2026-06-02 13:32:34.310524,0 days 00:00:45.072117,0.9382469034190652,0.6763175817562438,0.01760690121167377,16,100,1.3074746176485689e-05,1380,255,2.0483645783539294e-05,5.77157904368342e-07,0.8752961486877363,0.8338801809020503,0.8258419123705997,0.8420919183437001,0.9493795998307366,COMPLETE
1872,0.8367285910014131,2026-06-02 13:32:34.322373,2026-06-02 13:33:10.097735,0 days 00:00:35.775362,0.9294992044921158,0.6680923752192136,0.015524710323495174,16,20,0.013960663581516293,1320,231,4.01641210212422e-05,2.088099796105175e-07,0.8776548226297467,0.8367285910014131,0.8301258641928836,0.8434801158303565,0.9504041290153863,COMPLETE
1873,0.8363541587657125,2026-06-02 13:33:10.109410,2026-06-02 13:33:47.786194,0 days 00:00:37.676784,0.9409712268165167,0.8718627900893803,0.016809698767729805,16,10,0.007479492654649831,1360,247,0.00011686642746269265,0.002405852722821562,0.8781076017360894,0.8363541587657125,0.8346800482074505,0.8380691960602841,0.9506911915189189,COMPLETE
1874,0.8352655700053789,2026-06-02 13:33:47.798105,2026-06-02 13:34:23.550005,0 days 00:00:35.751900,0.9239926662332938,0.6919244473111562,0.016184016931622573,10,10,0.002696840706535765,1400,255,8.081871450346404e-05,0.011492712430462116,0.876085899033483,0.8352655700053789,0.8255591529338088,0.8452365339101671,0.9495219257321231,COMPLETE
1875,0.8373975041999066,2026-06-02 13:34:23.561811,2026-06-02 13:35:00.901377,0 days 00:00:37.339566,0.9349005117845031,0.6802179983283279,0.015463629836495444,16,10,0.002824164633694727,1400,239,5.094516062509392e-05,0.0010920011048303115,0.878391902041512,0.8373975041999066,0.8323649189371863,0.8425168619684463,0.9508011392345299,COMPLETE
1876,0.836598928665287,2026-06-02 13:35:00.913122,2026-06-02 13:35:39.439125,0 days 00:00:38.526003,0.9448618075066378,0.6725714714432764,0.01722764430392463,16,20,0.008885116062187842,1360,247,2.918617569118271e-05,2.23408917315833e-06,0.8780233555168473,0.836598928665287,0.8331241229480613,0.840137215228412,0.9506686784289854,COMPLETE
1877,0.8375327149742994,2026-06-02 13:35:39.449938,2026-06-02 13:36:14.136659,0 days 00:00:34.686721,0.9328276854366027,0.6677891683814605,0.015971851520711993,16,10,0.006360583179924015,1340,231,1.6363738308678936e-05,4.1899705697338495e-07,0.8784656120782167,0.8375327149742994,0.8323101342021584,0.8428568390181536,0.9506461780051528,COMPLETE
1878,0.8276359497374722,2026-06-02 13:36:14.158039,2026-06-02 13:36:36.863699,0 days 00:00:22.705660,0.9269939888191101,0.6991483051108813,0.01660007942568325,8,10,5.1737060287986845e-05,1300,119,0.00010902925623871769,1.2247061376336129e-06,0.8682517503773752,0.8276359497374722,0.8055326803412672,0.8510156429746072,0.9458565270815437,COMPLETE
1879,0.8308657257167406,2026-06-02 13:36:36.874888,2026-06-02 13:37:16.095312,0 days 00:00:39.220424,0.939961497713787,0.6852294299340026,0.07975117487693187,16,10,0.0027336127239952213,1380,255,6.7881573415346e-05,5.87891105691813e-07,0.8764859992228796,0.8308657257167406,0.8460573243902726,0.8162554538195722,0.9487925098837623,COMPLETE
1880,0.8356497914845291,2026-06-02 13:37:16.106664,2026-06-02 13:37:57.498147,0 days 00:00:41.391483,0.9328230991295359,0.6757510960284996,0.015018946424854808,16,40,0.011483200799191413,1380,239,3.3643163937141514e-05,1.2641051456553993e-07,0.8767492610908262,0.8356497914845291,0.8283945333417656,0.843055140906824,0.9501436141945189,COMPLETE
1881,0.8359997593332614,2026-06-02 13:37:57.509373,2026-06-02 13:38:35.103884,0 days 00:00:37.594511,0.9231594156890885,0.6585481933289256,0.02530514999925816,14,10,0.004722606336955157,1400,247,5.088615877645077e-05,9.011767485217607e-05,0.8787393801925841,0.8359997593332614,0.8405429865229282,0.8315534002344415,0.9508410181608798,COMPLETE
1882,0.8372657914999108,2026-06-02 13:38:35.115100,2026-06-02 13:39:11.528137,0 days 00:00:36.413037,0.9436530193522515,0.6660079716443503,0.018038664474287876,16,10,0.0050603037728632685,1340,247,2.4508652496302953e-05,0.07779952442142404,0.8786867345379897,0.8372657914999108,0.8349010395188369,0.8396839534246513,0.9508616767846988,COMPLETE
1883,0.8338382396618579,2026-06-02 13:39:11.539053,2026-06-02 13:39:28.977430,0 days 00:00:17.438377,0.9384776074663194,0.6500579889430063,0.018945012697800745,16,10,0.007818160796318852,560,255,0.0001188990989742503,0.00020117509504788476,0.8743379594558914,0.8338382396618579,0.8198501453988652,0.8483527735152442,0.9488134257919102,COMPLETE
1884,0.8332942703121153,2026-06-02 13:39:28.989358,2026-06-02 13:39:48.748803,0 days 00:00:19.759445,0.9282312264768099,0.6919105290058293,0.01547322667984172,16,10,3.1454290191845306e-05,700,231,6.385060765131773e-06,0.022630088444777336,0.8738114816220438,0.8332942703121153,0.818584217022433,0.8485793863601323,0.9487866670675206,COMPLETE
1885,0.8320882619290568,2026-06-02 13:39:48.760825,2026-06-02 13:40:11.909360,0 days 00:00:23.148535,0.9346135278234522,0.6831550112577122,0.016253692777594028,16,10,0.0027515155863821216,1360,103,1.1774949346015358e-05,3.419229032821323e-07,0.8725057803115281,0.8320882619290568,0.814977255719984,0.8499675501404033,0.948105616279603,COMPLETE
1886,0.8360923088505073,2026-06-02 13:40:11.921301,2026-06-02 13:40:50.960562,0 days 00:00:39.039261,0.9232936441630605,0.6776935337135285,0.01727858830663882,12,20,0.004503291137993278,1400,239,7.590730150364645e-05,7.701089024400084e-07,0.8773494549486021,0.8360923088505073,0.8306413456891527,0.8416386517247415,0.9501904595298963,COMPLETE
1887,0.8376808946485054,2026-06-02 13:40:50.971730,2026-06-02 13:41:28.717077,0 days 00:00:37.745347,0.9432230441414924,0.6715714747773394,0.01586255473062793,16,10,0.008857150676172793,1380,247,4.087510135396075e-05,0.0006388230413108777,0.8788446927896777,0.8376808946485054,0.834265043731214,0.8411571030407528,0.9508635323605602,COMPLETE
1888,0.8366312084671753,2026-06-02 13:41:28.728441,2026-06-02 13:41:57.697193,0 days 00:00:28.968752,0.9318151286299295,0.6623717015474394,0.016762080331610096,16,10,0.0027047471525435806,1020,255,8.337605527067319e-05,2.471498370969681e-07,0.8775705883849513,0.8366312084671753,0.8299459589882697,0.8434517422765658,0.9505157422047087,COMPLETE
1889,0.8372988862463527,2026-06-02 13:41:57.717560,2026-06-02 13:42:31.955984,0 days 00:00:34.238424,0.9499714193262911,0.655378595193571,0.015957927180568227,16,10,0.006699106680428308,1280,239,0.00014007056470636227,0.0013524979441665067,0.8782444866248319,0.8372988862463527,0.8317795448809671,0.842913470560985,0.950590930339433,COMPLETE
1890,0.8377146823732602,2026-06-02 13:42:31.967607,2026-06-02 13:43:07.775295,0 days 00:00:35.807688,0.9379630514889605,0.6865056366496267,0.017747271942019943,16,10,3.0459521714441987e-05,1320,247,2.1034022614324918e-05,0.0029658876049758445,0.8790026254293548,0.8377146823732602,0.8352311572797443,0.8402505047976634,0.9510255836375844,COMPLETE
