number,value,datetime_start,datetime_complete,duration,params_bagging_fraction,params_feature_fraction,params_learning_rate,params_max_depth,params_min_child_samples,params_min_split_gain,params_n_estimators,params_num_leaves,params_reg_alpha,params_reg_lambda,user_attrs_accuracy,user_attrs_f1,user_attrs_precision,user_attrs_recall,user_attrs_roc_auc,state
1513,0.8371289101105254,2026-06-02 09:58:55.284294,2026-06-02 09:59:32.790152,0 days 00:00:37.505858,0.9238309174366385,0.6753380509725373,0.01596170404451596,16,10,0.006954619493849162,1400,239,3.898414767072394e-05,0.0003692878490766876,0.8785287869302545,0.8371289101105254,0.8343758710607517,0.8399388820409551,0.9507290363915178,COMPLETE
1514,0.8346160302809418,2026-06-02 09:59:32.801133,2026-06-02 10:00:12.503405,0 days 00:00:39.702272,0.9409126355463346,0.6810570624716066,0.016521240708622986,16,90,0.005168321320933125,1300,231,0.0005731978581989463,0.00023902261619596798,0.875612045898948,0.8346160302809418,0.8250077551287626,0.8444716156433126,0.9493912217542054,COMPLETE
1515,0.836333172318089,2026-06-02 10:00:12.514553,2026-06-02 10:00:49.181209,0 days 00:00:36.666656,0.9321343173402679,0.6894943021797864,0.01729282516749583,16,10,0.009090303759738603,1320,255,1.984157717146615e-05,0.0011935221098382763,0.8780654786264682,0.836333172318089,0.834500737226432,0.8382108158465448,0.9507841220182014,COMPLETE
1516,0.8377396755626979,2026-06-02 10:00:49.192023,2026-06-02 10:01:26.791233,0 days 00:00:37.599210,0.9450911578212702,0.7033641953832257,0.01612014831952171,16,10,0.002856861840142161,1380,247,6.94472276453124e-05,0.0005568473587039474,0.8788341572723873,0.8377396755626979,0.8339619920617283,0.8415820225895091,0.9508127388947893,COMPLETE
1517,0.8381580457450685,2026-06-02 10:01:26.811400,2026-06-02 10:02:06.678917,0 days 00:00:39.867517,0.9359040733539893,0.6755878498512488,0.016754695585301224,16,20,0.0044571302372173015,1400,247,9.699001686852805e-05,0.001259361440486026,0.8791605743675842,0.8381580457450685,0.8344845743316734,0.8418936164550298,0.9507761029066811,COMPLETE
1518,0.8357269014176101,2026-06-02 10:02:06.689614,2026-06-02 10:02:47.704013,0 days 00:00:41.014399,0.9235940304323365,0.674253115203028,0.01583094644474852,16,30,0.13567294889169784,1360,255,3.274898274969279e-05,0.19290033891192856,0.8768966741791417,0.8357269014176101,0.8290686351905373,0.8425168667836442,0.9499400201014376,COMPLETE
1519,0.8366966130369371,2026-06-02 10:02:47.714781,2026-06-02 10:03:29.091743,0 days 00:00:41.376962,0.9289506118278517,0.6742629102173668,0.01649518976410069,16,30,0.002758535488267152,1380,255,8.023666009050035e-05,0.00040486392702564824,0.878054953420507,0.8366966130369371,0.8329244001234214,0.8405338527121383,0.9503822860707593,COMPLETE
1520,0.8359129071788541,2026-06-02 10:03:29.103447,2026-06-02 10:04:09.446947,0 days 00:00:40.343500,0.9338262227430023,0.6738649952540189,0.01789115632561709,16,20,0.0036885974732954337,1340,247,4.1240132263074555e-05,1.038909454884437,0.8772336344419699,0.8359129071788541,0.8305703725912549,0.841355409744621,0.9502015459520319,COMPLETE
1521,0.8369633623974818,2026-06-02 10:04:09.457860,2026-06-02 10:04:51.277875,0 days 00:00:41.820015,0.9254338035233977,0.6771073269602618,0.01592780615277517,16,30,0.002292097886630248,1400,255,2.4301951094693115e-05,0.0008632187644987397,0.8781812997983472,0.8369633623974818,0.8327199941935682,0.8412703468656236,0.9504859964951459,COMPLETE
1522,0.8344618324067183,2026-06-02 10:04:51.289294,2026-06-02 10:05:24.923924,0 days 00:00:33.634630,0.9404290040575091,0.670934964986266,0.01707189227662372,10,20,5.600556279123422e-05,1360,247,0.00021630527986287145,0.044153181164484176,0.8751908587090417,0.8344618324067183,0.8228748762250802,0.8463979789111954,0.9491499623644201,COMPLETE
1523,0.8369213163589603,2026-06-02 10:05:24.935003,2026-06-02 10:06:06.051454,0 days 00:00:41.116451,0.9227829377831945,0.6783775450526988,0.015837421722348848,16,20,3.970837413497424e-05,1400,255,7.982130845707208e-06,0.0006383321128246803,0.8782128963715131,0.8369213163589603,0.8330904078313691,0.8408170946922588,0.9507004637179143,COMPLETE
1524,0.835803656746365,2026-06-02 10:06:06.063746,2026-06-02 10:06:32.643389,0 days 00:00:26.579643,0.9297298552688728,0.6708939020679061,0.016545025330951285,16,20,0.004816120378639914,880,247,5.377921214854592e-05,0.00221609967979937,0.8763175526864408,0.835803656746365,0.8249625428853191,0.8469646049197754,0.9497665585378513,COMPLETE
1525,0.8278632150716816,2026-06-02 10:06:32.654284,2026-06-02 10:06:56.143373,0 days 00:00:23.489089,0.9455710693675078,0.6696206630310368,0.017403065989778664,8,20,0.005057855051935366,1320,247,1.5742086055049645e-05,0.13593962553887035,0.868504467414573,0.8278632150716816,0.8061949568526338,0.8507607456570899,0.9460768635655287,COMPLETE
1526,0.8375014203808817,2026-06-02 10:06:56.155120,2026-06-02 10:07:36.091592,0 days 00:00:39.936472,0.935754633633588,0.6808704449669309,0.015822816828649524,16,20,3.696842308449443e-05,1380,255,0.000106457497974331,0.0010266531588112666,0.878655142954177,0.8375014203808817,0.8337386063965769,0.8413270458212261,0.9508499789675132,COMPLETE
1527,0.8357985718678339,2026-06-02 10:07:36.102999,2026-06-02 10:08:17.402681,0 days 00:00:41.299682,0.7037260532349071,0.6679286557052776,0.01640319338460677,16,20,0.003253461088561109,1360,247,0.0001642450425387609,0.0002558329220958612,0.8775916361358856,0.8357985718678339,0.8334580795467058,0.8381824832219363,0.9499507671478665,COMPLETE
1528,0.8361952797343916,2026-06-02 10:08:17.413736,2026-06-02 10:08:58.246687,0 days 00:00:40.832951,0.9212642268354253,0.6743533323696758,0.018608018223774385,14,20,0.0074594832295243035,1400,255,0.00041342177528160635,0.0005001722773026694,0.8780233488643768,0.8361952797343916,0.8347840745898103,0.8376441922455639,0.9504852722471324,COMPLETE
1529,0.8319607639315908,2026-06-02 10:08:58.257238,2026-06-02 10:09:36.339029,0 days 00:00:38.081791,0.9308016477829258,0.6670149385549266,0.06833340430046306,16,20,0.004602361084846031,1340,247,7.156600079555916e-05,0.00015424299771789503,0.8768650716187528,0.8319607639315908,0.8441998025146904,0.8201082164693222,0.9488995299581858,COMPLETE
1530,0.8355053018702363,2026-06-02 10:09:36.350346,2026-06-02 10:10:21.958331,0 days 00:00:45.607985,0.8522452683776315,0.6787999328230099,0.016896517454422545,16,40,0.0026428868193709857,1380,255,3.206395669844101e-05,0.0013051253174793333,0.8770546241152418,0.8355053018702363,0.8310036072695982,0.8400805379412004,0.9502547378965787,COMPLETE
1531,0.8313593381685321,2026-06-02 10:10:21.969739,2026-06-02 10:10:38.716489,0 days 00:00:16.746750,0.9375527551524837,0.6646917908672172,0.015981514645270256,16,10,0.0026230455159446187,520,247,4.866889297313626e-05,0.08903799200662688,0.8719161196426781,0.8313593381685321,0.8140579425593977,0.8494575821582432,0.9477766666029129,COMPLETE
1532,0.835976610818812,2026-06-02 10:10:38.727683,2026-06-02 10:11:16.820760,0 days 00:00:38.093077,0.9451286809962857,0.6821946923687942,0.017903269681933426,12,10,0.00662925261669075,1340,247,1.2318417772584549e-05,0.002102134372561681,0.8774442297000405,0.835976610818812,0.8317133403901843,0.8403072061608646,0.9503046358191775,COMPLETE
1533,0.8323162874582821,2026-06-02 10:11:16.832274,2026-06-02 10:11:56.574343,0 days 00:00:39.742069,0.9308105187444139,0.6738636916246094,0.060283000550500974,16,10,0.009675998553058932,1400,255,0.00013424664515326022,0.0008715645800258316,0.8773073231907694,0.8323162874582821,0.8458730560872878,0.8192300230788102,0.9495153109555267,COMPLETE
1534,0.834874427266564,2026-06-02 10:11:56.595245,2026-06-02 10:12:40.740746,0 days 00:00:44.145501,0.9216091477232348,0.6661152163833957,0.016409401213346508,16,80,0.002753835516472097,1360,247,0.0003083188626973325,0.00038979804313800305,0.8760542888227532,0.834874427266564,0.8268939864455697,0.8430267673530332,0.9495584084982847,COMPLETE
1535,0.8369793206403947,2026-06-02 10:12:40.764739,2026-06-02 10:13:21.065080,0 days 00:00:40.300341,0.9401946924030462,0.6720809957028849,0.015683135365338427,16,10,0.005489478181468884,1380,255,9.184881157532461e-05,0.5047776199266911,0.8781497118733932,0.8369793206403947,0.8324263625378628,0.8416103215077321,0.9505731964168435,COMPLETE
1536,0.8372062050728544,2026-06-02 10:13:21.075340,2026-06-02 10:13:59.352276,0 days 00:00:38.276936,0.9270559037567162,0.6834641854582866,0.01709251557112703,16,20,0.00245409385866943,1360,247,2.439270883784908e-05,0.001876326913903694,0.8784550795545378,0.8372062050728544,0.8335954026403779,0.8408737647566736,0.9508316304894918,COMPLETE
1537,0.837282714841073,2026-06-02 10:13:59.363317,2026-06-02 10:14:36.608836,0 days 00:00:37.245519,0.9358203502503112,0.6755407293540466,0.015766990420203377,16,10,0.00693815941255106,1320,255,0.00020527522807374182,0.0030018387918750267,0.878507730863732,0.837282714841073,0.8336127182345755,0.8410153965809292,0.9507764206172654,COMPLETE
1538,0.8374218881042933,2026-06-02 10:14:36.620337,2026-06-02 10:15:19.710783,0 days 00:00:43.090446,0.9196300257427059,0.6640732252917367,0.016424700798228213,16,10,0.005046456665621679,1400,247,4.613546672826614e-05,0.0006248743368692522,0.8787815046326992,0.8374218881042933,0.8348931302275692,0.8399955665509636,0.9508021418057043,COMPLETE
1539,0.8375996526111776,2026-06-02 10:15:19.730225,2026-06-02 10:15:56.907467,0 days 00:00:37.177242,0.9497791774230947,0.6793348686374001,0.017583462353896608,16,10,0.002731181567012886,1380,247,6.615165006677527e-05,0.004309745349918465,0.8790342136869325,0.8375996526111776,0.8359302132909247,0.8393156606035284,0.9508083396947379,COMPLETE
1540,0.8374761097120663,2026-06-02 10:15:56.917406,2026-06-02 10:16:37.733098,0 days 00:00:40.815692,0.9418801354731777,0.6702133618661629,0.01669480992117496,16,20,0.009599663096051817,1400,255,0.00012712551955585373,0.0002525216474547858,0.878665672484244,0.8374761097120663,0.8339143283614708,0.8411004089003482,0.9506820625110546,COMPLETE
1541,0.8366958550087933,2026-06-02 10:16:37.744075,2026-06-02 10:17:16.649494,0 days 00:00:38.905419,0.9334188874690964,0.6623251434839654,0.015844315401820953,16,10,9.139505024255076e-06,1340,239,0.5074618653147821,0.0015052529330502557,0.8777074629623648,0.8366958550087933,0.8305968575424153,0.8429134777837818,0.9503822361446131,COMPLETE
1542,0.8330036545269645,2026-06-02 10:17:16.660564,2026-06-02 10:17:35.212145,0 days 00:00:18.551581,0.9271640924249313,0.6850414808198296,0.016291723040805044,16,10,0.006989396972894548,620,247,1.639290885034767e-05,0.0010709677110016373,0.8735271773251388,0.8330036545269645,0.8178942648836509,0.8487210374451797,0.9485752388876256,COMPLETE
1543,0.8377670460617314,2026-06-02 10:17:35.223528,2026-06-02 10:18:11.665871,0 days 00:00:36.442343,0.9405283996961379,0.6663598727637077,0.015585485617912434,16,10,0.002591353007917364,1300,255,8.463843766173053e-05,0.007300093071861649,0.8787078002505943,0.8377670460617314,0.8329922487618971,0.8426302020972759,0.9508102031569688,COMPLETE
1544,0.8331401622923256,2026-06-02 10:18:11.677181,2026-06-02 10:18:36.121244,0 days 00:00:24.444063,0.9205802079863142,0.6747782738503396,0.01724274149096306,16,10,0.005323124123961822,1360,119,3.1611312456485476e-05,0.05620950550854275,0.8737272297482018,0.8331401622923256,0.8186254427010188,0.8482110911314104,0.9489882977525105,COMPLETE
1545,0.8377021237505561,2026-06-02 10:18:36.132136,2026-06-02 10:19:13.239683,0 days 00:00:37.107547,0.933579660915238,0.6705561061573044,0.016856108344966154,16,10,0.00014222361617455617,1380,239,0.00026240542273411524,0.0006873127451772044,0.8789499777790194,0.8377021237505561,0.8349319079148029,0.8405338165981538,0.9509104255319875,COMPLETE
1546,0.8367915727716074,2026-06-02 10:19:13.250722,2026-06-02 10:19:53.376780,0 days 00:00:40.126058,0.8125760617229304,0.6593557800317166,0.01812112802801095,16,10,0.010957315154501391,1400,247,6.929071708962413e-06,0.029513933903228238,0.8785814342479662,0.8367915727716074,0.8361428177996952,0.8374742518726895,0.9508166778399931,COMPLETE
1547,0.8373659022529237,2026-06-02 10:19:53.387975,2026-06-02 10:20:31.204462,0 days 00:00:37.816487,0.9275184041102402,0.677858215436062,0.015997316939862612,16,10,0.0028486534514180276,1340,255,0.00015361067527988752,0.0001514366868818253,0.8785498446598945,0.8373659022529237,0.8335834916349665,0.8412137080999954,0.9508466337940739,COMPLETE
1548,0.8298859056660567,2026-06-02 10:20:31.216106,2026-06-02 10:20:53.038817,0 days 00:00:21.822711,0.9380167691535098,0.7461395701767546,0.015625398695440655,16,20,0.008405564176431995,1360,87,4.4039422335059214e-05,0.1193956770310644,0.8704630079048351,0.8298859056660567,0.810610884411485,0.850137524219663,0.9472144715085392,COMPLETE
1549,0.8349149540941055,2026-06-02 10:20:53.049185,2026-06-02 10:21:28.468933,0 days 00:00:35.419748,0.943333445570826,0.685380567125347,0.016308890882708236,10,10,0.0001026329383541228,1400,247,6.514747754282011e-05,0.021994975873784402,0.8758331819962853,0.8349149540941055,0.8252779220445666,0.8448115854702231,0.9494575915794722,COMPLETE
1550,0.831004855178262,2026-06-02 10:21:28.480153,2026-06-02 10:21:41.716352,0 days 00:00:13.236199,0.9328966947984312,0.6654300632245704,0.01700362052381268,16,10,6.084851382978445e-05,440,239,0.00010255061114959443,0.0036705446265179803,0.871442283139319,0.831004855178262,0.8124646041130436,0.8504491084547879,0.947328303934526,COMPLETE
1551,0.8352611611224431,2026-06-02 10:21:41.727277,2026-06-02 10:22:11.398289,0 days 00:00:29.671012,0.9201027916036691,0.7722300285974614,0.015615912066552393,16,10,0.005143391323254072,1380,167,2.1017791318194296e-05,0.0003975185065640089,0.8759806010718242,0.8352611611224431,0.8248701220294614,0.8459447532214192,0.9498756636469641,COMPLETE
1552,0.8369486248275871,2026-06-02 10:22:11.408606,2026-06-02 10:22:48.842201,0 days 00:00:37.433595,0.9268204077382577,0.6590729756182506,0.016380036758926412,16,10,0.004827512515047911,1320,255,0.00020847149806039404,1.1382806204097394e-07,0.878349779597138,0.8369486248275871,0.8339245510877271,0.8400238630615878,0.9509038340002811,COMPLETE
1553,0.8373498064914666,2026-06-02 10:22:48.853259,2026-06-02 10:23:26.019764,0 days 00:00:37.166505,0.9361928188092374,0.6705130923170348,0.017527066130473192,14,10,0.007679868484076795,1360,247,0.00043068659356195247,2.0066365151517074e-07,0.8787815026369582,0.8373498064914666,0.8352103894510267,0.8395422975244061,0.9507400710098465,COMPLETE
1554,0.8329439555299927,2026-06-02 10:23:26.031089,2026-06-02 10:23:53.555331,0 days 00:00:27.524242,0.9449228860206446,0.681565506419639,0.053096946441617235,8,10,0.0028873946025083073,1400,239,3.672270604914187e-05,0.0015124047867496782,0.8757068076780694,0.8329439555299927,0.832239610577718,0.8336780870593853,0.9487641982469044,COMPLETE
1555,0.8372656097825762,2026-06-02 10:23:53.566587,2026-06-02 10:24:32.684690,0 days 00:00:39.118103,0.9236490108908041,0.6638870716360357,0.01551709962911332,16,10,0.002886112633841167,1380,247,0.00013562438017996231,0.24842889314928074,0.8783813665242216,0.8372656097825762,0.8328342301945924,0.8417803124401848,0.950592550172379,COMPLETE
1556,0.8344426470365457,2026-06-02 10:24:32.696099,2026-06-02 10:25:00.527629,0 days 00:00:27.831530,0.9302989109968054,0.6762023650037393,0.016554687569772904,16,20,0.009693368422739327,1360,143,1.1147504231962706e-05,0.0025266013821894466,0.8749802711013119,0.8344426470365457,0.8216135874117332,0.8477011713012296,0.9493738869811414,COMPLETE
1557,0.8376564410789272,2026-06-02 10:25:00.538852,2026-06-02 10:25:36.401505,0 days 00:00:35.862653,0.9176322308199972,0.6550544152836478,0.016098474589528396,16,10,2.680476793102481e-05,1280,255,7.013893858725016e-05,0.0003053156702610463,0.8786972644006804,0.8376564410789272,0.8333825681698618,0.8420069469534636,0.9508103287306248,COMPLETE
1558,0.83583083798729,2026-06-02 10:25:36.412408,2026-06-02 10:26:12.414375,0 days 00:00:36.001967,0.9498696367375198,0.6690599492975403,0.017089218415076872,12,10,0.01282873790723694,1340,239,2.119455263430885e-06,0.0010094700559126976,0.8771809851285169,0.83583083798729,0.8305414964532464,0.84121374421398,0.9502074022281922,COMPLETE
1559,0.8340375068932625,2026-06-02 10:26:12.434969,2026-06-02 10:26:57.241438,0 days 00:00:44.806469,0.939217580385934,0.6613455082782416,0.01795446596290644,16,100,0.005429865532926411,1400,247,4.7509667290956624e-05,2.723621642171781e-07,0.875485677900579,0.8340375068932625,0.826457615968743,0.8417802859565962,0.9492464699469035,COMPLETE
1560,0.8376698379082769,2026-06-02 10:26:57.261548,2026-06-02 10:27:35.620851,0 days 00:00:38.359303,0.9315516248160124,0.6856314818860728,0.015491008282944507,16,10,0.007239568837658764,1360,255,2.7963497207700813e-05,0.0005195620873409318,0.8787920305039076,0.8376698379082769,0.83398841761458,0.8414120244342597,0.9508299604793509,COMPLETE
1561,0.8370445006272563,2026-06-02 10:27:35.632387,2026-06-02 10:28:14.447493,0 days 00:00:38.815106,0.9249450116303342,0.679287622590525,0.018608239135097553,16,10,0.0027261015618873182,1400,247,7.542256661304035e-05,0.0452105570063425,0.8787393791947137,0.8370445006272563,0.8361985355822309,0.8379274775624657,0.9508545647460744,COMPLETE
1562,0.836223173272444,2026-06-02 10:28:14.458820,2026-06-02 10:28:55.614505,0 days 00:00:41.155685,0.936901765854322,0.6724336703252083,0.016176008807728626,16,30,0.005058318373302278,1380,255,0.00010118132717214888,1.639843931688085e-07,0.8776232217324753,0.836223173272444,0.8319525075006077,0.8405621347771685,0.9504381209825489,COMPLETE
1563,0.8349740238343809,2026-06-02 10:28:55.625698,2026-06-02 10:29:35.877070,0 days 00:00:40.251372,0.9444443383689152,0.6643674996109405,0.0168323333861523,16,50,0.0028648570012827076,1320,239,0.00016989081564459192,0.07964452120885349,0.8762438226923251,0.8349740238343809,0.8277480942328208,0.8423468638131967,0.9500118072167152,COMPLETE
1564,0.8366211541938906,2026-06-02 10:29:35.888419,2026-06-02 10:30:15.123306,0 days 00:00:39.234887,0.9183988068041298,0.6549432237501334,0.015519602963160272,16,20,0.009214423370629166,1360,247,1.634216395159268e-05,0.0011508673932678877,0.8777601149368057,0.8366211541938906,0.8312694586649126,0.8420635977570866,0.9505075380538958,COMPLETE
1565,0.8366881001968204,2026-06-02 10:30:15.144170,2026-06-02 10:30:52.859195,0 days 00:00:37.715025,0.9308243823536867,0.6783490656136097,0.0173959710421826,16,10,0.014850376423423978,1400,239,0.0002864650684550096,2.934584809223765e-07,0.8782865990905003,0.8366881001968204,0.8345714719416425,0.8388623891693717,0.950908759336965,COMPLETE
1566,0.8348286183019286,2026-06-02 10:30:52.869425,2026-06-02 10:31:33.720840,0 days 00:00:40.851415,0.9376424474473376,0.6688877365663201,0.016078175605171025,16,10,0.002669574088007358,1340,247,4.8789312004030254e-05,2.416681324375456,0.8759384723076034,0.8348286183019286,0.8262963357792076,0.8435650920357912,0.949833660611405,COMPLETE
1567,0.8371603411908467,2026-06-02 10:31:33.732265,2026-06-02 10:32:12.658687,0 days 00:00:38.926422,0.9262957917878145,0.6581904378389091,0.01668071992951821,16,10,0.006897242636992059,1380,255,0.00010938431036185619,0.0018364505987749401,0.878676200683817,0.8371603411908467,0.8353006677456244,0.8390606453136619,0.9509549558160693,COMPLETE
1568,0.835140229313942,2026-06-02 10:32:12.669875,2026-06-02 10:32:53.061143,0 days 00:00:40.391268,0.6750217941263752,0.6871996713443431,0.015473510407232913,16,20,0.0027710981555060235,1360,239,2.5158115850928662e-05,0.0054755260614991275,0.8767387335565003,0.835140229313942,0.8303638485521851,0.8399955737737607,0.9498548044069653,COMPLETE
1569,0.8380568982411128,2026-06-02 10:32:53.072318,2026-06-02 10:33:28.996696,0 days 00:00:35.924378,0.9443627702656957,0.6735002933660803,0.01598348635559748,16,10,0.005259852893926346,1300,247,0.00019623219353142717,0.0007739443876050771,0.8790342263266262,0.8380568982411128,0.8340241801870697,0.8421486124841047,0.950688948938773,COMPLETE
1570,0.8375270519216774,2026-06-02 10:33:29.007178,2026-06-02 10:34:07.824400,0 days 00:00:38.817222,0.949822443711031,0.6621724552148542,0.017691433797587475,16,10,0.011720477232739245,1400,255,6.505518882531943e-05,1.901048394730167e-07,0.8790447445474937,0.8375270519216774,0.8363076205472474,0.8387773720347548,0.9508479296536522,COMPLETE
1571,0.835741457803338,2026-06-02 10:34:07.835676,2026-06-02 10:34:45.983280,0 days 00:00:38.147604,0.6591137631657121,0.6827121113890958,0.016756508676836333,16,10,0.0025202691025159453,1340,231,0.0006393169763663454,0.00011516502727419469,0.8774021089187842,0.835741457803338,0.8323965776592396,0.8391456648558778,0.9501136159550599,COMPLETE
1572,0.8369282138411972,2026-06-02 10:34:45.994278,2026-06-02 10:35:23.306465,0 days 00:00:37.312187,0.9180361502664381,0.6673402479657665,0.015461519651738679,16,10,0.007420253090564238,1380,239,3.8435056034928956e-05,4.542578838558858e-07,0.8780865383518495,0.8369282138411972,0.8322150171935455,0.8417236207073793,0.9506767374773554,COMPLETE
1573,0.8331205389423463,2026-06-02 10:35:23.317821,2026-06-02 10:35:43.538540,0 days 00:00:20.220719,0.9333843245480167,0.6758652114996192,0.016271864470607838,16,10,0.005119125933685631,920,159,9.736492924687592e-05,0.00026820259917369925,0.8733271079382766,0.8331205389423463,0.8161958969103033,0.8507891192108809,0.9484386827460148,COMPLETE
1574,0.8340904539342642,2026-06-02 10:35:43.548837,2026-06-02 10:36:18.317989,0 days 00:00:34.769152,0.938658497014793,0.6595772576335949,0.015888914838571078,10,10,0.00010172434078790204,1320,255,0.0001452523976144342,3.441658022806646e-07,0.8748960272104345,0.8340904539342642,0.822421321631159,0.8461146767411009,0.949307108206126,COMPLETE
1575,0.8373603192083472,2026-06-02 10:36:18.328863,2026-06-02 10:36:56.318572,0 days 00:00:37.989709,0.9240246805343384,0.6501176625038572,0.016883670726520552,16,10,0.0025141757068274286,1380,247,1.9214769852935598e-05,0.0033143481293718847,0.8787288563171168,0.8373603192083472,0.8348190755786633,0.8399672459643502,0.9509553004514538,COMPLETE
