number,value,datetime_start,datetime_complete,duration,params_bagging_fraction,params_feature_fraction,params_learning_rate,params_max_depth,params_min_child_samples,params_min_split_gain,params_n_estimators,params_num_leaves,params_reg_alpha,params_reg_lambda,user_attrs_accuracy,user_attrs_f1,user_attrs_precision,user_attrs_recall,user_attrs_roc_auc,state
1261,0.8374854190865212,2026-06-02 07:29:27.410459,2026-06-02 07:30:03.459383,0 days 00:00:36.048924,0.9498690728754774,0.6839547067368104,0.016294171037358918,16,10,0.006736605499554014,1360,239,1.388092373239557e-05,0.20813141555326817,0.8784234936253249,0.8374854190865212,0.8322034180774457,0.8428568366105545,0.9506685392672233,COMPLETE
1262,0.8338217782587805,2026-06-02 07:30:03.469308,2026-06-02 07:30:40.944665,0 days 00:00:37.475357,0.940639478266267,0.6736214647995168,0.04837134843714259,16,10,0.0028827931539074283,1400,239,8.485050732644258e-05,0.6101714529119298,0.8777811616898697,0.8338217782587805,0.8429248960102419,0.8249526017195755,0.9499662278095831,COMPLETE
1263,0.8363410074781022,2026-06-02 07:30:40.954666,2026-06-02 07:31:16.020677,0 days 00:00:35.066011,0.9372776751416336,0.7127236964921021,0.015470173024711093,12,10,0.005210883953900538,1320,247,4.737539931564511e-05,0.03595715172196231,0.8773599924616335,0.8363410074781022,0.8296793253470726,0.8431401387806492,0.9500819789966206,COMPLETE
1264,0.8211426830676379,2026-06-02 07:31:16.030284,2026-06-02 07:31:22.810058,0 days 00:00:06.779774,0.9277845588599183,0.6762678496405657,0.016826022099283387,14,10,0.009356037778485368,220,231,2.9509530210819793e-05,0.11175452919271651,0.8633975591825517,0.8211426830676379,0.7998355941545109,0.8436500080512518,0.9417583003761952,COMPLETE
1265,0.8364911118492627,2026-06-02 07:31:22.821020,2026-06-02 07:31:54.664557,0 days 00:00:31.843537,0.9304298561074924,0.6976584734567849,0.016001805526226678,16,20,1.5395565801830183e-05,1140,247,6.902648162174638e-05,0.22659412111004207,0.877212570392483,0.8364911118492627,0.8281231216402204,0.8450665646461051,0.9502758745928089,COMPLETE
1266,0.8372669528914679,2026-06-02 07:31:54.675567,2026-06-02 07:32:31.048170,0 days 00:00:36.372603,0.945327035859323,0.6888240071952145,0.015013113053450567,16,10,0.0028996666803497045,1380,239,0.00010883389472831285,0.13807151852680194,0.8782128923800309,0.8372669528914679,0.8316935759077252,0.8429418031855933,0.9507456007171772,COMPLETE
1267,0.8353712201588323,2026-06-02 07:32:31.057763,2026-06-02 07:33:06.667583,0 days 00:00:35.609820,0.9355227818640691,0.6791785751385009,0.03884711064348993,16,10,0.006134596152919302,1360,247,4.6290615566867226e-05,0.19951579126005384,0.8788025530488808,0.8353712201588323,0.8436008653274628,0.8273322725355993,0.9504286721815091,COMPLETE
1268,0.8360305857428086,2026-06-02 07:33:06.677533,2026-06-02 07:33:43.920495,0 days 00:00:37.242962,0.9240261456799191,0.6684812373953319,0.017416616700491622,16,30,0.012794150965520607,1300,247,2.3517605757413846e-05,0.0681508810687998,0.8773915617596707,0.8360305857428086,0.8311603844503521,0.8409870278423363,0.9503621574759181,COMPLETE
1269,0.834285562812899,2026-06-02 07:33:43.930968,2026-06-02 07:34:10.990017,0 days 00:00:27.059049,0.9496281278528914,0.6702675667246581,0.015536762156136258,16,10,0.0026818968464897217,1400,143,6.678444169063478e-06,0.05198548576011427,0.8748644492641858,0.834285562812899,0.8214776404222967,0.8475311924067719,0.949440618255888,COMPLETE
1270,0.8373356292014996,2026-06-02 07:34:10.999800,2026-06-02 07:34:45.552668,0 days 00:00:34.552868,0.9390490815921075,0.6847032490228315,0.01644048459040172,16,10,0.007510180438386014,1340,239,8.641652624448467e-05,0.008061283700744503,0.8784656203938046,0.8373356292014996,0.8331130276520282,0.8416386974691218,0.950712482932131,COMPLETE
1271,0.8326296958954313,2026-06-02 07:34:45.563633,2026-06-02 07:35:08.803334,0 days 00:00:23.239701,0.9280818648584973,0.6963226577739957,0.01583447053721016,16,10,0.004863781195701227,1380,111,6.044176863324243e-05,0.00010262410038531512,0.873032273113434,0.8326296958954313,0.8162188519161004,0.8497409011815306,0.9484390606097755,COMPLETE
1272,0.8380434923077978,2026-06-02 07:35:08.813883,2026-06-02 07:35:42.457400,0 days 00:00:33.643517,0.9409153376482773,0.6799748412995471,0.016790231268268712,16,10,0.0028629203376917788,1340,231,1.246093999229418e-05,0.0014237486579459682,0.8789605196161566,0.8380434923077978,0.8335992965398885,0.8425735561088507,0.950748710565188,COMPLETE
1273,0.8346989758092591,2026-06-02 07:35:42.477138,2026-06-02 07:36:11.268720,0 days 00:00:28.791582,0.9321327876715503,0.6727206629369823,0.015513606476110746,16,10,0.00952707840699887,1360,159,3.536202073148933e-05,0.33142220362775865,0.8752435226579295,0.8346989758092591,0.8222877149965174,0.8475312309283553,0.9495018573905627,COMPLETE
1274,0.8367800662636125,2026-06-02 07:36:11.279529,2026-06-02 07:36:50.221079,0 days 00:00:38.941550,0.924875502342263,0.666993202881029,0.016173768956253054,16,20,0.016409283157159452,1400,247,9.428638053760455e-05,0.0031305895828294037,0.8780760044976766,0.8367800662636125,0.8327623717156497,0.8408737599414757,0.9505117749039447,COMPLETE
1275,0.8385826277635114,2026-06-02 07:36:50.241313,2026-06-02 07:37:26.293737,0 days 00:00:36.052424,0.9360266713656847,0.6745976651087483,0.015020582799329526,16,10,0.00267980870723243,1380,239,1.8290973229960485e-05,0.029951924725619975,0.8792974625825618,0.8385826277635114,0.8336623543042364,0.8435933765084203,0.9506994436691935,COMPLETE
1276,0.8370695387626931,2026-06-02 07:37:26.304382,2026-06-02 07:37:59.899428,0 days 00:00:33.595046,0.9394224010431286,0.6667171101718283,0.015057723177207842,16,10,0.003212413667259996,1300,231,8.141216065162998e-06,0.11178354003694865,0.8778338329564749,0.8370695387626931,0.8299303551615124,0.8443583140360665,0.9504722610592925,COMPLETE
1277,0.8369518787339535,2026-06-02 07:37:59.910368,2026-06-02 07:38:33.977329,0 days 00:00:34.066961,0.9451377659051295,0.6713708151803675,0.01539396479023552,16,10,0.002999008352647543,1320,231,1.3788400000529941e-05,0.10324079620266532,0.877928599059702,0.8369518787339535,0.8310226772109583,0.8429985165867895,0.9505619870615426,COMPLETE
1278,0.8356629096328828,2026-06-02 07:38:33.988092,2026-06-02 07:39:11.189199,0 days 00:00:37.201107,0.9435521491147353,0.6633978770220473,0.015437222163472831,16,10,0.002768973163788972,1340,231,1.099347550231946e-05,1.608006311536731,0.8765281399615472,0.8356629096328828,0.8268709557272741,0.8446698982711913,0.9499399310504164,COMPLETE
1279,0.8369404329648593,2026-06-02 07:39:11.198994,2026-06-02 07:39:48.135497,0 days 00:00:36.936503,0.9370602475786067,0.6734393384976791,0.015418505092096517,16,20,7.497642549316263e-05,1360,239,1.960649094292373e-05,2.9771315485315688e-05,0.877928588083126,0.8369404329648593,0.8310866732897345,0.8429134753761828,0.9506273244371988,COMPLETE
1280,0.8338314735801268,2026-06-02 07:39:48.145425,2026-06-02 07:40:19.636606,0 days 00:00:31.491181,0.936593359782175,0.6672637979492405,0.015021611515016282,10,10,1.6768729260403515e-05,1320,239,1.7484961224855632e-05,0.027277118513479755,0.8744011319795647,0.8338314735801268,0.8202496525419258,0.847899478005098,0.9489700560305016,COMPLETE
1281,0.8372946122505964,2026-06-02 07:40:19.647826,2026-06-02 07:40:54.492781,0 days 00:00:34.844955,0.9432172652261344,0.6789013334823272,0.015487574112956174,16,10,0.0048709187079104535,1360,231,5.2832993911193816e-06,0.00016899895842362577,0.8782445012602667,0.8372946122505964,0.8317650107617425,0.8429418585603695,0.9506541507582279,COMPLETE
1282,0.8376825382230875,2026-06-02 07:40:54.503356,2026-06-02 07:41:31.895345,0 days 00:00:37.391989,0.9208317911038472,0.6611166070072763,0.01504020095650726,16,10,6.140037791838764e-05,1380,239,1.057187486987368e-05,0.2787220748504011,0.878423485974984,0.8376825382230875,0.8314342941695037,0.8440466383121811,0.9506815712295315,COMPLETE
1283,0.837137049644095,2026-06-02 07:41:31.905033,2026-06-02 07:42:07.555861,0 days 00:00:35.650828,0.9317508547499581,0.6878451229911452,0.015859156119471404,16,10,0.004591538958395643,1360,239,1.6851086985335935e-05,0.06026710332282529,0.8782655460175895,0.837137049644095,0.8325784859139889,0.8417803124401847,0.9507659134294268,COMPLETE
1284,0.8267204686647132,2026-06-02 07:42:07.566847,2026-06-02 07:42:29.385192,0 days 00:00:21.818345,0.8294650458647703,0.6708380966437757,0.01546126985693987,8,10,0.002260284025475656,1380,87,2.113282668188675e-05,0.0002764499643573704,0.8673146208709118,0.8267204686647132,0.8032661943538116,0.8516106377217799,0.9453080609659613,COMPLETE
1285,0.8370923093160728,2026-06-02 07:42:29.396024,2026-06-02 07:43:05.604679,0 days 00:00:36.208655,0.9499644967745398,0.6655338297277517,0.015918030043164402,16,20,0.0025637213690853154,1340,239,1.1911849098277366e-05,0.04820649320800213,0.8781181286051684,0.8370923093160728,0.8317371575606153,0.8425452138538464,0.9505517619342719,COMPLETE
1286,0.836819435241253,2026-06-02 07:43:05.614562,2026-06-02 07:43:42.758781,0 days 00:00:37.144219,0.9055133813794883,0.6597891956623181,0.015007587309231882,16,10,3.602825607388245e-05,1380,231,6.455000323911631e-06,0.4471157837898095,0.8776442944301737,0.836819435241253,0.829677845788101,0.844103301153799,0.950497994359443,COMPLETE
1287,0.8367878599745318,2026-06-02 07:43:42.778286,2026-06-02 07:44:19.840208,0 days 00:00:37.061922,0.7399701847679601,0.6803698830668686,0.015004298485174615,16,10,0.005659109818358312,1320,239,2.877332969021712e-05,0.0005504030822881187,0.8779286010554431,0.8367878599745318,0.8317180853880606,0.8419503057802363,0.9503621049714986,COMPLETE
1288,0.8366821950293396,2026-06-02 07:44:19.850566,2026-06-02 07:44:53.997715,0 days 00:00:34.147149,0.9261004673836305,0.6745042200647264,0.015840134128902113,14,10,0.005435358004638891,1340,231,1.5372729581355248e-05,1.5816559582766907e-06,0.8778232994349257,0.8366821950293396,0.8314270979295314,0.842035274762874,0.9504067967414377,COMPLETE
1289,0.8372461579230137,2026-06-02 07:44:54.008839,2026-06-02 07:45:29.764186,0 days 00:00:35.755347,0.9370790545411376,0.668212615977525,0.01602551613243029,16,10,0.0030381332329713967,1360,239,2.5720531969102552e-05,0.15909066062456198,0.8783287195391333,0.8372461579230137,0.8325417098179081,0.8420352843932698,0.9506831188826848,COMPLETE
1290,0.8369607188519033,2026-06-02 07:45:29.775038,2026-06-02 07:46:06.943793,0 days 00:00:37.168755,0.9001111963380792,0.6854359413767005,0.015501978331830552,16,10,0.007249310746726771,1400,239,3.702256239233511e-06,0.037857675612043847,0.8781918363135083,0.8369607188519033,0.8327773697862165,0.8412137080999954,0.950671957917339,COMPLETE
1291,0.8358581865669236,2026-06-02 07:46:06.958100,2026-06-02 07:46:43.257917,0 days 00:00:36.299817,0.9193204134445191,0.6938071804317643,0.015010464336598448,12,20,0.0027879164200707196,1380,231,9.491994236949507e-06,0.00045972609159993454,0.8767808533398861,0.8358581865669236,0.8277672531221999,0.8441316674847928,0.9498074362234042,COMPLETE
1292,0.8357862249745868,2026-06-02 07:46:43.267533,2026-06-02 07:47:22.526149,0 days 00:00:39.258616,0.9298606341577706,0.6629636881117104,0.01615049322264365,16,40,0.005237867691512377,1360,239,2.4054465017107832e-05,1.319902032650549e-07,0.8769493218294772,0.8357862249745868,0.8291821382474643,0.8425168643760452,0.9501542511825664,COMPLETE
1293,0.8326314194371541,2026-06-02 07:47:22.536085,2026-06-02 07:47:38.961463,0 days 00:00:16.425378,0.944196422480493,0.7417107519028017,0.015897653543931658,16,10,0.002400099657736194,560,247,0.00014608835843550995,9.74015102755088e-07,0.8730006828601153,0.8326314194371541,0.8160249932155438,0.8499675573632001,0.9482090570190128,COMPLETE
1294,0.8377736731438096,2026-06-02 07:47:38.972596,2026-06-02 07:48:16.426608,0 days 00:00:37.454012,0.912214930172601,0.6735267415539314,0.015019211079387943,16,10,1.1225661028037516e-05,1400,247,3.337653166676089e-05,2.8955633418444555e-07,0.8787604402505887,0.8377736731438096,0.833335263887105,0.8422902419007613,0.9508183840509085,COMPLETE
1295,0.8317708925997351,2026-06-02 07:48:16.437226,2026-06-02 07:48:52.083701,0 days 00:00:35.646475,0.935813106385248,0.6599154582179926,0.0883934639277587,16,10,6.437055919111137e-05,1340,239,1.751257798942852e-05,4.716614313247211e-05,0.877128325503735,0.8317708925997351,0.8468563194121925,0.8172470258604972,0.9489252906863234,COMPLETE
1296,0.8379167888076529,2026-06-02 07:48:52.094386,2026-06-02 07:49:26.857321,0 days 00:00:34.762935,0.922595210984168,0.6686503451712313,0.016370810852679517,16,10,0.0075567628779399584,1300,247,0.0001206578303156728,5.584012436129036e-07,0.8789710418285063,0.8379167888076529,0.8341821395419,0.8417236495985668,0.9506783911580685,COMPLETE
1297,0.8346366161664126,2026-06-02 07:49:26.867552,2026-06-02 07:50:10.451372,0 days 00:00:43.583820,0.9070112121940535,0.6772565516855547,0.015009846649949352,16,60,0.0051823489147258695,1380,239,4.288997193889151e-05,2.685624368708646,0.875527811321529,0.8346366161664126,0.8243896885718806,0.8451514782539666,0.9492055532160023,COMPLETE
1298,0.8333539212149227,2026-06-02 07:50:10.461142,2026-06-02 07:50:27.017251,0 days 00:00:16.556109,0.9166517156733052,0.6810602261341245,0.07765379962070336,16,10,0.008649559829551949,660,231,0.00014291956078978424,0.07271028963387724,0.8771177919821856,0.8333539212149227,0.8401994757402201,0.8266523617729661,0.9498032653499192,COMPLETE
1299,0.8384019731202944,2026-06-02 07:50:27.026924,2026-06-02 07:51:04.211540,0 days 00:00:37.184616,0.9414890611391971,0.6642275397007996,0.015573357719784834,16,10,0.002810762504275469,1400,247,7.548769026310155e-05,7.76072140925461e-07,0.8792869300588831,0.8384019731202944,0.8343364372510752,0.8425451873702579,0.9509578199730239,COMPLETE
1300,0.8369219409117385,2026-06-02 07:51:04.222259,2026-06-02 07:51:39.806877,0 days 00:00:35.584618,0.9461549954712943,0.6550699318234073,0.015530697924175682,16,10,0.003860951768391723,1360,239,6.61701375599909e-05,1.4534410631451263e-06,0.8780865456695669,0.8369219409117385,0.8322317890389918,0.8416953290119532,0.9506748874215409,COMPLETE
1301,0.8369828102208103,2026-06-02 07:51:39.817965,2026-06-02 07:52:18.746874,0 days 00:00:38.928909,0.9439049831085818,0.6590316908659217,0.01549803472356508,16,10,0.002537090822309809,1400,239,0.34767573619589576,1.9746744490381418e-06,0.8780654772959742,0.8369828102208103,0.8318421415612592,0.8422052343965402,0.9505239681133651,COMPLETE
1302,0.8370177677997725,2026-06-02 07:52:18.757231,2026-06-02 07:52:54.274899,0 days 00:00:35.517668,0.9403803472805662,0.6623184979225089,0.01550004503086818,16,10,0.002464285066484197,1320,247,3.911026706659481e-05,8.286692506928685e-07,0.878128661128847,0.8370177677997725,0.8321188316314734,0.8420069421382657,0.9507790317980288,COMPLETE
1303,0.8353318545561722,2026-06-02 07:52:54.285426,2026-06-02 07:53:20.995235,0 days 00:00:26.709809,0.94439731245884,0.654915937347011,0.01591694605569502,16,20,0.0027857748096027824,980,239,7.3133870969519e-05,1.0881311814092532e-06,0.8759805927562363,0.8353318545561722,0.8246321988931232,0.8463413401455672,0.9498717800568058,COMPLETE
1304,0.8371319511817568,2026-06-02 07:53:21.005527,2026-06-02 07:53:57.265746,0 days 00:00:36.260219,0.9395008499141205,0.803740548445722,0.015545537325369375,16,10,0.002801791572784557,1360,247,3.1215989572029854e-05,1.4039232641045185e-06,0.87847614693026,0.8371319511817568,0.8340147853781464,0.8403072157912606,0.9507563379842029,COMPLETE
1305,0.8374727621552087,2026-06-02 07:53:57.276594,2026-06-02 07:54:32.126806,0 days 00:00:34.850212,0.9485223696069266,0.6642373103595764,0.01638050422471145,16,10,0.005935196429677015,1380,231,5.261495794315178e-05,8.495029108105941e-07,0.8785603808424319,0.8374727621552087,0.8332151109679543,0.8418086546951891,0.9506949003405119,COMPLETE
1306,0.8348392160856158,2026-06-02 07:54:32.137642,2026-06-02 07:54:54.407194,0 days 00:00:22.269552,0.9381979069616192,0.6504372995382276,0.015013906902928443,16,20,0.0022146194439982194,780,239,8.35491842436189e-05,1.8996745805170949e-06,0.8749907996335086,0.8348392160856158,0.8201571329899453,0.8500808108184671,0.9491821071866752,COMPLETE
1307,0.8292152458650713,2026-06-02 07:54:54.421457,2026-06-02 07:55:22.301207,0 days 00:00:27.879750,0.9449331971086237,0.6597255118265225,0.015006541920913498,10,120,0.0073156414861803186,1400,247,2.368027783841451e-05,1.2280629354825143e-06,0.869610101666591,0.8292152458650713,0.8079046030307412,0.8516956139272147,0.9463289512675889,COMPLETE
1308,0.8376187328229397,2026-06-02 07:55:22.311721,2026-06-02 07:55:57.087600,0 days 00:00:34.775879,0.936458298773429,0.6661444501464793,0.016375079077703938,16,10,0.005096577257567764,1340,239,5.8035284254746785e-05,8.731964853931935e-07,0.8787288470036584,0.8376187328229397,0.8337573014431819,0.8415536418129214,0.9507955557694726,COMPLETE
1309,0.838009178635029,2026-06-02 07:55:57.098196,2026-06-02 07:56:33.826308,0 days 00:00:36.728112,0.9332232299934591,0.6576755455756838,0.01588279220523314,16,10,0.002373568289316141,1380,247,4.153311768452126e-05,7.046526637363229e-07,0.8791711025671572,0.838009178635029,0.8351736668438131,0.840902090158485,0.9509087695119454,COMPLETE
1310,0.8371837404476102,2026-06-02 07:56:33.836768,2026-06-02 07:57:06.790904,0 days 00:00:32.954136,0.9422968379587808,0.6647147026634461,0.015522542835428366,16,10,0.00014214819129591523,1300,231,9.828734905786141e-05,0.0002488888786352381,0.8781602500516716,0.8371837404476102,0.8316686339192293,0.842800159323343,0.9506258973577878,COMPLETE
1311,0.828218873695025,2026-06-02 07:57:06.801141,2026-06-02 07:57:30.681724,0 days 00:00:23.880583,0.9337788245247184,0.6683435521740366,0.01645205345581737,8,20,0.00015070862127864647,1360,239,1.3236537546724437e-05,6.31286548856771e-07,0.8686518781745239,0.828218873695025,0.8058222016704647,0.8519221906581183,0.946118307700774,COMPLETE
1312,0.8374696105818429,2026-06-02 07:57:30.692192,2026-06-02 07:58:08.234236,0 days 00:00:37.542044,0.9413642931236998,0.6587135718809447,0.01591217442094842,16,10,0.010166232032594986,1400,247,3.009865602900584e-05,1.4039577321689206e-06,0.8786446130914863,0.8374696105818429,0.8337944049776792,0.8412137080999954,0.9508171258341217,COMPLETE
1313,0.8366783666100382,2026-06-02 07:58:08.244951,2026-06-02 07:58:42.739942,0 days 00:00:34.494991,0.947477750653527,0.6696516867907105,0.01657550411206931,16,10,0.10635895117413859,1340,239,6.643735706851165e-05,5.559446973632911e-07,0.8780023097616537,0.8366783666100382,0.8326433036741397,0.8407888174424266,0.9503974004115298,COMPLETE
1314,0.837428967405378,2026-06-02 07:58:42.750625,2026-06-02 07:59:19.877971,0 days 00:00:37.127346,0.9320850614629271,0.6539262262258353,0.01551565075942613,14,10,0.0052110619970852454,1380,247,4.275973785336508e-05,1.0677972761547752e-06,0.8786235560270933,0.837428967405378,0.833824630266024,0.84110042816114,0.9506203473561771,COMPLETE
1315,0.8374249173624554,2026-06-02 07:59:19.897423,2026-06-02 07:59:56.193140,0 days 00:00:36.295717,0.9381667392696054,0.6636024438202763,0.015915828384625574,16,10,0.008499683556388466,1360,247,2.0115295886399363e-05,4.3781367179377957e-07,0.8786867365337309,0.8374249173624554,0.8342584867005435,0.8406471398737908,0.9507830819126925,COMPLETE
1316,0.828253280415083,2026-06-02 07:59:56.204100,2026-06-02 08:00:15.972926,0 days 00:00:19.768826,0.9323854454567847,0.671741507221759,0.015006717643029683,16,10,6.22729477290879e-05,1400,71,7.819386029562768e-06,1.9168872849613615e-06,0.8688624923921351,0.828253280415083,0.8069086612271543,0.8507891047652869,0.9461695032933712,COMPLETE
1317,0.834947521360717,2026-06-02 08:00:15.983473,2026-06-02 08:00:51.857279,0 days 00:00:35.873806,0.9400294070635725,0.660306561940535,0.015008107485590696,12,50,7.472014150775087e-05,1320,239,7.683680798839274e-05,6.913295298262653e-07,0.8754646311475148,0.834947521360717,0.8227720921348699,0.8475028405213717,0.9492878044520271,COMPLETE
1318,0.8368098563249685,2026-06-02 08:00:51.867054,2026-06-02 08:01:31.559572,0 days 00:00:39.692518,0.9290764305049594,0.6681480822766991,0.016566795491668583,16,10,0.005047683297762144,1380,247,4.8350862128630594e-05,0.9813437879379393,0.877875946420014,0.8368098563249685,0.8312630102061371,0.8424602593168026,0.9504385918255057,COMPLETE
1319,0.837134737919572,2026-06-02 08:01:31.569352,2026-06-02 08:02:06.456400,0 days 00:00:34.887048,0.9483557891945497,0.6555646889421807,0.015842653397348427,16,10,0.09511278760498565,1340,239,1.636617789163396e-05,1.1502459386413128e-06,0.8781707779186213,0.837134737919572,0.8319314031258322,0.8424318737250168,0.9504869262279177,COMPLETE
1320,0.8379298058191047,2026-06-02 08:02:06.466867,2026-06-02 08:02:41.796115,0 days 00:00:35.329248,0.9364306606527872,0.6647238031957707,0.016822480385953287,16,10,0.0025174866351568605,1400,231,3.019094127250399e-05,0.0001289313654952886,0.8789289197167557,0.8379298058191047,0.8338479021942096,0.8420919327892941,0.9508973326334585,COMPLETE
1321,0.8367219822614905,2026-06-02 08:02:41.807157,2026-06-02 08:03:18.598087,0 days 00:00:36.790930,0.9497500648207502,0.6731724861569647,0.015570201849641885,16,10,0.007291581666035806,1360,247,0.00010187311753321748,0.24498898661786248,0.8778548890229972,0.8367219822614905,0.8314586876961271,0.8420919592728825,0.9505730260419951,COMPLETE
1322,0.8371531532436545,2026-06-02 08:03:18.609226,2026-06-02 08:03:55.916854,0 days 00:00:37.307628,0.9498716140176685,0.660384771975977,0.016269461594455564,16,20,0.005212896332586064,1380,239,0.00010734831098929683,0.0007922099495408394,0.8782234262342037,0.8371531532436545,0.8322125892679965,0.8421769186251243,0.9505957024170092,COMPLETE
1323,0.8372071367167444,2026-06-02 08:03:55.927454,2026-06-02 08:04:29.874220,0 days 00:00:33.946766,0.9404738697135382,0.6537783875491933,0.015491237187059961,16,10,0.011379599206123227,1320,231,7.102796287178798e-05,0.030102501394434742,0.8781497225173457,0.8372071367167444,0.8314959133190144,0.8430268106898144,0.9505670022654588,COMPLETE
