number,value,datetime_start,datetime_complete,duration,params_bagging_fraction,params_feature_fraction,params_learning_rate,params_max_depth,params_min_child_samples,params_min_split_gain,params_n_estimators,params_num_leaves,params_reg_alpha,params_reg_lambda,user_attrs_accuracy,user_attrs_f1,user_attrs_precision,user_attrs_recall,user_attrs_roc_auc,state
443,0.836583447420876,2026-06-01 23:31:26.100712,2026-06-01 23:31:58.754887,0 days 00:00:32.654175,0.8739525051049257,0.9210340518131198,0.019015506238638846,16,10,0.0035140820105081716,1300,215,0.0021359027787687867,1.0013802809798791e-08,0.87817078157748,0.836583447420876,0.8341830548888929,0.839032399362616,0.950649569369026,COMPLETE
444,0.8369013747627673,2026-06-01 23:31:58.773887,2026-06-01 23:32:31.170597,0 days 00:00:32.396710,0.865708205218299,0.9008866205742299,0.017529976230064647,16,10,0.007671345058799482,1280,215,0.003102015599057732,3.368667636363677e-08,0.8782444886205729,0.8369013747627673,0.8333696699306445,0.8405055152723321,0.9505734642764511,COMPLETE
445,0.8370328256752052,2026-06-01 23:32:31.189220,2026-06-01 23:33:03.124449,0 days 00:00:31.935229,0.8847716282894255,0.9145116291116284,0.01950430809483966,16,10,0.0001199039634039098,1260,223,0.0012377008734132727,2.2847637719178992e-08,0.8784761459323894,0.8370328256752052,0.8344157075754585,0.8397123101252495,0.9508984096031933,COMPLETE
446,0.8371507671971979,2026-06-01 23:33:03.134129,2026-06-01 23:33:36.117476,0 days 00:00:32.983347,0.8778147234960497,0.9070624270180935,0.018840353207755976,16,10,0.004902812449218563,1320,215,0.001804856284109951,1.4885306944876984e-08,0.8786867451819423,0.8371507671971979,0.8353697314604792,0.8389757750425817,0.9507795794982262,COMPLETE
447,0.8373037256547425,2026-06-01 23:33:36.127024,2026-06-01 23:34:09.411442,0 days 00:00:33.284418,0.877840038681428,0.9080797686449709,0.02016187453354337,16,10,0.004957291874897079,1340,215,0.0018299489078288406,1.5304839769063543e-08,0.8789394545687991,0.8373037256547425,0.8364852576388003,0.8381541505973281,0.9508397822519682,COMPLETE
448,0.8341957187625765,2026-06-01 23:34:09.431567,2026-06-01 23:34:48.920086,0 days 00:00:39.488519,0.8803721867018282,0.9045522954936909,0.020323864327185873,16,70,0.010830779756776952,1340,223,0.0015228454643310325,2.0985159928268976e-08,0.8760753492133815,0.8341957187625765,0.8297120433364477,0.8387490345949483,0.9495029675344452,COMPLETE
449,0.8362995396963425,2026-06-01 23:34:48.929577,2026-06-01 23:35:22.494008,0 days 00:00:33.564431,0.8769489131899305,0.9155531284087439,0.01975366541209443,16,10,0.005110146978631925,1340,215,0.0019004971472129032,4.3557084694674985e-08,0.8781707759228801,0.8362995396963425,0.8353596838512002,0.8372759331308263,0.9507099867452665,COMPLETE
450,0.8380212460461798,2026-06-01 23:35:22.513134,2026-06-01 23:35:54.696273,0 days 00:00:32.183139,0.8888618882612643,0.9207646424502225,0.02029008807171906,16,10,0.007481765076067028,1300,215,0.0008548487191762744,2.9318926123589468e-08,0.8794238249263312,0.8380212460461798,0.8368475468145569,0.8392306940284896,0.9507609852125816,COMPLETE
451,0.8362757083993521,2026-06-01 23:35:54.710789,2026-06-01 23:36:27.835442,0 days 00:00:33.124653,0.8715580146064015,0.9226973104121701,0.020366271637010557,16,10,0.009046200854807913,1320,215,0.0009838476923951136,3.1561241360491976e-08,0.8781391860021849,0.8362757083993521,0.8352290173421831,0.8373609454502454,0.9506268462213484,COMPLETE
452,0.8370672502572233,2026-06-01 23:36:27.844042,2026-06-01 23:37:02.505917,0 days 00:00:34.661875,0.8798281126144717,0.9205469291762981,0.02000639616213166,16,10,0.003549384978913317,1360,223,0.0007780824380162329,4.643040322247186e-08,0.8788657382122477,0.8370672502572233,0.8369486613853659,0.8372192823272032,0.950864684945849,COMPLETE
453,0.8376015703205484,2026-06-01 23:37:02.515139,2026-06-01 23:37:36.087137,0 days 00:00:33.571998,0.890620970223459,0.9068058306824238,0.019210766559249273,16,10,0.006823753010474027,1320,223,0.0032907463396476856,1.4668207962884649e-08,0.879055279399537,0.8376015703205484,0.8360451446313627,0.839202375849475,0.9508328164146396,COMPLETE
454,0.837902237483692,2026-06-01 23:37:36.096277,2026-06-01 23:38:10.151132,0 days 00:00:34.054855,0.8860567561436874,0.9179380470383574,0.020542620160922224,16,10,0.0075102523100231125,1340,223,0.0035603657840736678,1.009912719276112e-08,0.8794659320700234,0.837902237483692,0.837693238072152,0.8381541433745311,0.9508512824235567,COMPLETE
455,0.836511073806601,2026-06-01 23:38:10.161066,2026-06-01 23:38:44.879718,0 days 00:00:34.718652,0.8898884020663682,0.9082860136523998,0.020488125457004708,16,10,0.011422105986747626,1340,231,0.004030657281557949,1.0353554745456253e-08,0.8785077321942261,0.836511073806601,0.8367812070710404,0.8362844188722764,0.9507355425731752,COMPLETE
456,0.837039355651945,2026-06-01 23:38:44.889156,2026-06-01 23:39:19.239586,0 days 00:00:34.350430,0.8847650251914488,0.8272899431290701,0.018854025693392465,16,10,0.007475970100198801,1360,223,0.0029211444817075533,1.4982682019841334e-08,0.8786025046173002,0.837039355651945,0.8352736749734427,0.838834073397956,0.950822874685492,COMPLETE
457,0.8366281687502203,2026-06-01 23:39:19.249337,2026-06-01 23:39:53.725160,0 days 00:00:34.475823,0.8897539143412833,0.9207877911269087,0.020609310625547758,16,10,0.008847193231955743,1360,223,0.003552948405499552,2.7088092693635234e-08,0.8785603741899616,0.8366281687502203,0.8366604155472852,0.8366243501776035,0.9507526664711942,COMPLETE
458,0.8372771469332164,2026-06-01 23:39:53.734888,2026-06-01 23:40:27.475217,0 days 00:00:33.740329,0.8851967360313262,0.9155665724247637,0.01939294868304793,16,10,0.0062832458658056405,1320,223,3.8274347595081185e-07,1.0156458829469675e-08,0.8788657385448712,0.8372771469332164,0.8361022751741812,0.8384940915330509,0.950715589006179,COMPLETE
459,0.836358323981516,2026-06-01 23:40:27.484658,2026-06-01 23:41:03.524513,0 days 00:00:36.039855,0.8589090890472318,0.9243522695499002,0.019680511013428305,16,10,0.011541288283116688,1340,231,1.0259531322703753e-05,1.3738863628438285e-08,0.8784550805524085,0.836358323981516,0.8370691069257489,0.8356894915378748,0.9506780253752739,COMPLETE
460,0.8343445422893457,2026-06-01 23:41:03.534023,2026-06-01 23:41:43.093900,0 days 00:00:39.559877,0.893637190928294,0.9144907713318973,0.018102592130914485,16,100,0.005156052608232141,1320,223,0.003280837938960224,1.436483909247091e-08,0.8756752190878682,0.8343445422893457,0.8264869516201981,0.8423752301441906,0.9489773014378828,COMPLETE
461,0.8359447409298809,2026-06-01 23:41:43.103801,2026-06-01 23:42:21.851370,0 days 00:00:38.747569,0.65359807644294,0.9046986578319947,0.020323037532760716,16,10,0.004393064975446481,1360,231,0.0012650336483769533,1.9919686514266817e-08,0.8783181900090661,0.8359447409298809,0.8378211395288343,0.8341030379069282,0.9500776799238771,COMPLETE
462,0.8367925588317989,2026-06-01 23:42:21.860396,2026-06-01 23:42:55.778014,0 days 00:00:33.917618,0.8824628743133743,0.9222546191634068,0.01869573519358541,16,10,0.009329499213378155,1320,223,5.362560912968212e-08,1.2280593380461518e-08,0.878455073899938,0.8367925588317989,0.8352744874377068,0.8383524621163941,0.9506591252674271,COMPLETE
463,0.8366013850097391,2026-06-01 23:42:55.787170,2026-06-01 23:43:29.064589,0 days 00:00:33.277419,0.8739963867333784,0.9157980503260907,0.01957234375578927,16,10,0.0036660153263227235,1300,223,0.0017738664059807152,2.387095814568026e-08,0.8783497795971379,0.8366013850097391,0.8353450653710857,0.8378992123506284,0.9508603641979363,COMPLETE
464,0.8370964649094255,2026-06-01 23:43:29.074067,2026-06-01 23:44:03.048790,0 days 00:00:33.974723,0.8830085549154741,0.8989362491977122,0.01889377663012992,16,10,0.006342036756515039,1340,223,2.2174031616568693e-08,1.054750318643669e-08,0.8785498596279528,0.8370964649094255,0.834672478638303,0.8395706445946084,0.9508164362217618,COMPLETE
465,0.8372939642246741,2026-06-01 23:44:03.058617,2026-06-01 23:44:36.621476,0 days 00:00:33.562859,0.8683186324557653,0.8912779359709715,0.01807006285907549,16,10,0.01329346757575085,1300,223,4.020342521652624e-05,1.6239437764235206e-08,0.8787709761005026,0.8372939642246741,0.835363990459939,0.8392590170227022,0.9506869635493879,COMPLETE
466,0.8363356330365991,2026-06-01 23:44:36.630930,2026-06-01 23:45:11.002245,0 days 00:00:34.371315,0.8678500720284431,0.8955787597227778,0.017880194093009626,16,10,0.012500322126601154,1300,231,0.002274446060753758,1.727364156956091e-08,0.8781076063928186,0.8363356330365991,0.8347626193777428,0.8379558848226422,0.9507095047186552,COMPLETE
467,0.8299012185281098,2026-06-01 23:45:11.010944,2026-06-01 23:45:23.891785,0 days 00:00:12.880841,0.8627848425624758,0.889456259474653,0.01745601118142242,16,10,0.009219638871557488,440,223,2.079559258852878e-06,4.0276014347127476e-08,0.8706736091501291,0.8299012185281098,0.8117968614158833,0.8488626740846331,0.9469302661343507,COMPLETE
468,0.8370976347689457,2026-06-01 23:45:23.901591,2026-06-01 23:45:58.786443,0 days 00:00:34.884852,0.8723530052728906,0.8996726356170561,0.018365700066767746,16,10,0.0073439194273036195,1360,223,2.0258875102848247e-05,1.0026096265103109e-08,0.8787078002505943,0.8370976347689457,0.8357260209271882,0.8385224867552323,0.9508512298778605,COMPLETE
469,0.8369018264290453,2026-06-01 23:45:58.795877,2026-06-01 23:46:32.718741,0 days 00:00:33.922864,0.8779276361993221,0.892469864613926,0.01793462291096713,16,10,0.013229786245815712,1320,223,0.000867792746839221,2.333665991037681e-08,0.8784129700824811,0.8369018264290453,0.8345334907327611,0.8393157063479088,0.9506626652637992,COMPLETE
470,0.8360219845167717,2026-06-01 23:46:32.727176,2026-06-01 23:46:58.544468,0 days 00:00:25.817292,0.8520449921446118,0.90701583269241,0.018878567492335338,16,10,0.0030541311804643282,1300,143,0.0031996120105862837,1.58887904324589e-08,0.8767387475266881,0.8360219845167717,0.8268387110491332,0.8454348502444313,0.9498409288487314,COMPLETE
471,0.8375423213105689,2026-06-01 23:46:58.554064,2026-06-01 23:47:32.895856,0 days 00:00:34.341792,0.8945004465801641,0.9044970522804082,0.019565357552333917,16,10,5.49046348316015e-05,1340,231,0.001322153670976134,3.1129183848850107e-08,0.879160571041349,0.8375423213105689,0.8370330036138314,0.838097492570908,0.950953950172997,COMPLETE
472,0.8374470997253122,2026-06-01 23:47:32.904779,2026-06-01 23:48:07.803518,0 days 00:00:34.898739,0.8923595877764011,0.900601782253239,0.019314985279984445,16,10,0.000303655185465569,1360,231,0.002123441958670426,3.3615097813869425e-08,0.8791289864426299,0.8374470997253122,0.8372082224641096,0.8377292382713684,0.9507345457296411,COMPLETE
473,0.8358034092041423,2026-06-01 23:48:07.822341,2026-06-01 23:48:45.940389,0 days 00:00:38.118048,0.8963447890500754,0.8865416344870259,0.019477078193715844,16,40,0.0030451787289907835,1360,231,2.0001739436328138e-07,5.005830877010521e-08,0.8774758073136657,0.8358034092041423,0.8326645055262909,0.8390040547000129,0.9502339509257044,COMPLETE
474,0.8376340912175436,2026-06-01 23:48:45.950278,2026-06-01 23:49:21.734205,0 days 00:00:35.783927,0.891370134986969,0.9015168068153981,0.019330102356147724,16,10,0.0064764889718178995,1380,231,5.437261898354875e-06,3.4613812098117426e-08,0.8792026944835936,0.8376340912175436,0.8369475054372265,0.8383524573011963,0.9508185760774431,COMPLETE
475,0.8367889211208336,2026-06-01 23:49:21.742844,2026-06-01 23:49:58.045479,0 days 00:00:36.302635,0.8905938636105593,0.8935429199544533,0.019691683339802573,16,10,0.009945934011594819,1400,231,4.073943105679566e-05,3.348298867543953e-08,0.8787077902718888,0.8367889211208336,0.8370165461395023,0.8365960319985888,0.950763843355865,COMPLETE
476,0.8329654648733514,2026-06-01 23:49:58.054102,2026-06-01 23:50:40.615424,0 days 00:00:42.561322,0.8945564765607459,0.8920417887172709,0.020523199442536555,16,90,0.007572483870211015,1380,231,6.111597171637293e-07,4.6961495613099495e-08,0.8751382020778715,0.8329654648733514,0.828371722201136,0.8376442090987566,0.9491268336430793,COMPLETE
477,0.8367626713032218,2026-06-01 23:50:40.624555,2026-06-01 23:51:16.240904,0 days 00:00:35.616349,0.887799104377825,0.8983722718661933,0.017680422357629965,16,10,0.012908166381942213,1360,231,4.3753732607481195e-06,3.106620599988969e-08,0.8784129617668932,0.8367626713032218,0.8351024333729948,0.8384658142832185,0.9507927705886635,COMPLETE
478,0.8372296254335421,2026-06-01 23:51:16.250358,2026-06-01 23:51:52.262159,0 days 00:00:36.011801,0.8947575930695798,0.9015558655613515,0.018193115497941947,16,10,0.005525188784384754,1380,231,9.127413977181215e-06,5.7263095617537465e-08,0.8788236184288617,0.8372296254335421,0.8359963422193557,0.838522453048847,0.9507989343653245,COMPLETE
479,0.8372040048973464,2026-06-01 23:51:52.271450,2026-06-01 23:52:28.428344,0 days 00:00:36.156894,0.8954100328043811,0.9014404709168206,0.017376931116113492,16,10,0.010624825851542882,1380,231,7.525915486266767e-06,6.104519257414945e-08,0.8787814956518644,0.8372040048973464,0.8358192204574165,0.8386357161345095,0.9506982151985403,COMPLETE
480,0.8367093241819726,2026-06-01 23:52:28.437645,2026-06-01 23:53:06.011447,0 days 00:00:37.573802,0.8962774563316055,0.8863896129910548,0.017217093116320584,16,10,0.010762726247942216,1400,239,8.928040650342393e-06,6.964720448801993e-08,0.8784234876381015,0.8367093241819726,0.8353973384996506,0.8380691503159037,0.9507108297014657,COMPLETE
481,0.8366161005607866,2026-06-01 23:53:06.020753,2026-06-01 23:53:42.641733,0 days 00:00:36.620980,0.8918414009617737,0.9011895122721821,0.018036475086805222,16,10,0.014667302499076565,1400,231,2.3667984774267363e-05,6.063077916564129e-08,0.8783918957216651,0.8366161005607866,0.8355748215129019,0.8377008960163641,0.9508161904526311,COMPLETE
482,0.8363720120346261,2026-06-01 23:53:42.651286,2026-06-01 23:54:19.392894,0 days 00:00:36.741608,0.8991648316110875,0.8942622324070215,0.017552397397132675,16,10,0.007305642988597628,1380,239,5.9620740947562415e-06,5.1536123788067386e-08,0.8781602470580601,0.8363720120346261,0.8349886306993715,0.8377858770369967,0.950710639695547,COMPLETE
483,0.8363127333046853,2026-06-01 23:54:19.402720,2026-06-01 23:54:55.395244,0 days 00:00:35.992524,0.8860359831655261,0.8909829825430214,0.019424410879202835,16,10,0.010575381002251943,1380,231,3.5329781126198423e-06,3.751488054036773e-08,0.878223422575345,0.8363127333046853,0.8356709955176077,0.8369926068847421,0.9508932453689013,COMPLETE
484,0.8366753078700139,2026-06-01 23:54:55.403892,2026-06-01 23:55:32.593912,0 days 00:00:37.190020,0.895781185426646,0.9009241157904302,0.01736947326887097,16,10,0.006279567258365329,1400,239,1.221526081145001e-05,5.737606261892108e-08,0.8784234926274544,0.8366753078700139,0.835520814445291,0.837870872503223,0.9508328038118455,COMPLETE
485,0.8354959810939624,2026-06-01 23:55:32.603873,2026-06-01 23:56:06.133823,0 days 00:00:33.529950,0.8904075000370628,0.8965967114732758,0.018147069204794357,10,10,0.008609049070195343,1360,231,1.666235066172107e-05,2.6017675465073006e-08,0.8765491933670816,0.8354959810939624,0.8276905666903581,0.8434800556403825,0.9495947446213339,COMPLETE
486,0.8366337067645663,2026-06-01 23:56:06.151904,2026-06-01 23:56:41.910480,0 days 00:00:35.758576,0.8846563379315965,0.9032977457114838,0.020366128784343834,16,10,0.013388583511663532,1360,231,2.4245600440723217e-06,4.1770610020418396e-08,0.8786340785720665,0.8366337067645663,0.8371630549518788,0.8361427437112395,0.9508678136591951,COMPLETE
487,0.8375987893289202,2026-06-01 23:56:41.919126,2026-06-01 23:57:17.836682,0 days 00:00:35.917556,0.8942764568355293,0.9028037408140756,0.0196463606590044,16,10,0.004394371988393745,1380,231,4.0159476080503043e-07,2.7609949403984536e-08,0.8793711603121963,0.8375987893289202,0.838281525060785,0.836964315189316,0.9509110437181855,COMPLETE
488,0.8317986535826561,2026-06-01 23:57:17.846441,2026-06-01 23:57:43.874801,0 days 00:00:26.028360,0.8999286471805048,0.884024064495466,0.020668598225295924,8,10,0.003315385810343346,1400,231,9.201184206352929e-07,7.185790082249767e-08,0.8724636605281422,0.8317986535826561,0.8157809012649082,0.8484944005243018,0.9480281345262375,COMPLETE
489,0.8366274920315014,2026-06-01 23:57:43.884178,2026-06-01 23:58:19.144289,0 days 00:00:35.260111,0.8943368050606729,0.8943311379906336,0.019799495246744313,16,10,0.005619503721979856,1360,231,3.5609506076160744e-07,3.1691012469106155e-08,0.8786024976322061,0.8366274920315014,0.8369588132350492,0.8363411033822851,0.9508659099133187,COMPLETE
490,0.8369269265398307,2026-06-01 23:58:19.152845,2026-06-01 23:58:58.069577,0 days 00:00:38.916732,0.7703560440658046,0.9012669863287551,0.016822369028559526,16,10,0.0003562798373934117,1380,239,8.099187773144949e-07,5.289704385984617e-08,0.878591967436892,0.8369269265398307,0.8356870231054755,0.8382107604717687,0.9506892444688223,COMPLETE
491,0.8357355725010479,2026-06-01 23:58:58.078538,2026-06-01 23:59:34.262068,0 days 00:00:36.183530,0.8893568964983607,0.9039050011710652,0.01931521683354624,12,10,0.0034150284689158407,1380,231,6.7112577209700445e-06,2.77664468898268e-08,0.8777601132736882,0.8357355725010479,0.8348303612581631,0.836681037095211,0.9503993840257797,COMPLETE
492,0.8367337380749912,2026-06-01 23:59:34.271740,2026-06-02 00:00:09.881001,0 days 00:00:35.609261,0.8978286336786044,0.8904489824465959,0.016124008859544757,16,10,2.8229761567219718e-05,1360,231,4.049071656610243e-07,4.216085726847643e-08,0.8781602543757775,0.8367337380749912,0.8335107422528912,0.8400239063983691,0.9506330862929926,COMPLETE
493,0.8367561172219541,2026-06-02 00:00:09.890934,2026-06-02 00:00:47.579523,0 days 00:00:37.688589,0.8838021175092656,0.8975738317362306,0.018208697664150453,16,10,0.010700329142433226,1400,239,7.094301076912283e-05,2.284363351325498e-08,0.8786340852245368,0.8367561172219541,0.8366457266991071,0.8369076643856929,0.9507783725502246,COMPLETE
494,0.8365857799122244,2026-06-02 00:00:47.588990,2026-06-02 00:01:21.467837,0 days 00:00:33.878847,0.8943295724513942,0.903463612357429,0.020112623710667597,16,10,0.005684059951727447,1340,223,3.530125207417828e-07,5.734188850902311e-08,0.8784024245864851,0.8365857799122244,0.8357538069342024,0.8374742566878873,0.9507818168782488,COMPLETE
495,0.8295606210538945,2026-06-02 00:01:21.477585,2026-06-02 00:01:58.922888,0 days 00:00:37.445303,0.8905270273148119,0.8880592929611412,0.08110140897856379,16,10,0.015097729507470542,1380,231,4.948714379350975e-05,3.0008904118056756e-08,0.8754751400549239,0.8295606210538945,0.844321630694192,0.8153488218700974,0.947962482751081,COMPLETE
496,0.836822712044072,2026-06-02 00:01:58.932444,2026-06-02 00:02:33.487312,0 days 00:00:34.554868,0.9012379477875893,0.9062382162904221,0.017541162242132667,16,10,0.005912807764836494,1340,231,5.947706439705217e-06,7.815962456189147e-08,0.8784024325694496,0.836822712044072,0.834770310487274,0.8389190640489845,0.950730652758078,COMPLETE
497,0.836857683771953,2026-06-02 00:02:33.506215,2026-06-02 00:03:08.374105,0 days 00:00:34.867890,0.8828252357621154,0.8967687372985261,0.01841730739862182,16,10,0.010215925443583004,1360,223,2.8616337199834514e-05,3.6412410099683457e-08,0.8784656110803462,0.836857683771953,0.8350738090923525,0.8386924512040963,0.9507319611040046,COMPLETE
498,0.8363298271062466,2026-06-02 00:03:08.382928,2026-06-02 00:03:42.888382,0 days 00:00:34.505454,0.8851577539976796,0.9019039058505907,0.020749102145614606,16,10,0.002790087540864095,1360,223,8.795027455965437e-06,2.196468723692436e-08,0.8783076544917758,0.8363298271062466,0.8361575381050952,0.836539359526575,0.9509178715951304,COMPLETE
499,0.8364911277258357,2026-06-02 00:03:42.898340,2026-06-02 00:04:20.376723,0 days 00:00:37.478383,0.8910745215316852,0.9068285321404498,0.019686387791649978,16,10,0.007687572313676103,1400,239,1.565440148051957e-06,2.1659605756671955e-08,0.8786340852245368,0.8364911277258357,0.8377502422942636,0.8352928901681329,0.9508319480956137,COMPLETE
500,0.8361861353438872,2026-06-02 00:04:20.385755,2026-06-02 00:04:54.260249,0 days 00:00:33.874494,0.8999434258605912,0.8949451299469192,0.019230763820915084,16,10,0.01311887740740142,1340,223,2.596140791640965e-06,6.994046735874573e-08,0.877991775242234,0.8361861353438872,0.8345553528483137,0.8378708797260198,0.9506690484292543,COMPLETE
501,0.8377462034752979,2026-06-02 00:04:54.270031,2026-06-02 00:05:30.621221,0 days 00:00:36.351190,0.8821532752740999,0.9058462159170224,0.017206183037800384,16,10,4.6831520810713565e-05,1380,231,1.4096209756773437e-05,3.745603086669843e-08,0.879076337129177,0.8377462034752979,0.8356033622670652,0.8399389181549396,0.9509846477194873,COMPLETE
502,0.8370547923525374,2026-06-02 00:05:30.640190,2026-06-02 00:06:04.695607,0 days 00:00:34.055417,0.8807284993439947,0.9088771017060753,0.018433815423375997,16,10,9.469273635941342e-05,1340,223,4.165163413601456e-06,3.308555859582315e-08,0.8786235630121871,0.8370547923525374,0.8353445658129691,0.8388057624417383,0.9509459255016056,COMPLETE
503,0.8370415147917555,2026-06-02 00:06:04.705505,2026-06-02 00:06:39.468547,0 days 00:00:34.763042,0.8858622828903837,0.9081972593412713,0.02007097275073827,16,10,0.002941341855175374,1340,231,6.497564342897092e-07,1.8289616642567512e-08,0.878844680149984,0.8370415147917555,0.8369377626687687,0.8371909641481886,0.950941267339653,COMPLETE
504,0.836687042629508,2026-06-02 00:06:39.478506,2026-06-02 00:07:14.681821,0 days 00:00:35.203315,0.8759572018066762,0.8990185305700309,0.01663531969795553,16,10,0.003152869524313089,1360,223,1.623670250454638e-05,2.74731542254702e-08,0.8780760178026173,0.836687042629508,0.8331001765866178,0.8403355436006711,0.9507824388830753,COMPLETE
505,0.8298381894925,2026-06-02 00:07:14.691772,2026-06-02 00:07:33.881615,0 days 00:00:19.189843,0.8897228541508196,0.9077340782607555,0.01921736729669419,16,10,0.005088556143172183,1380,71,1.3148947927146667e-05,1.5546742537046838e-08,0.8705577799952856,0.8298381894925,0.8113483638564931,0.8492310030197406,0.9473328070538839,COMPLETE
