number,value,datetime_start,datetime_complete,duration,params_bagging_fraction,params_feature_fraction,params_learning_rate,params_max_depth,params_min_child_samples,params_min_split_gain,params_n_estimators,params_num_leaves,params_reg_alpha,params_reg_lambda,user_attrs_accuracy,user_attrs_f1,user_attrs_precision,user_attrs_recall,user_attrs_roc_auc,state
1010,0.8374126596880197,2026-06-02 05:04:15.415209,2026-06-02 05:04:51.282461,0 days 00:00:35.867252,0.9336846890397732,0.6618411457857005,0.016480015935600608,16,10,0.012022964223671564,1360,239,3.775579599030089e-05,9.820779051367578e-07,0.8786340882181486,0.8374126596880197,0.8339556225622791,0.8409304275982915,0.9507504139305607,COMPLETE
1011,0.837768169265237,2026-06-02 05:04:51.292891,2026-06-02 05:05:27.604666,0 days 00:00:36.311775,0.9386415122336759,0.675162049408065,0.01583763010397385,16,10,0.005226664857350204,1360,247,6.483574545415671e-05,1.8535832166580233e-06,0.8788552100126746,0.837768169265237,0.8340158910401931,0.8415819816603268,0.9508547780341652,COMPLETE
1012,0.8370608323001929,2026-06-02 05:05:27.614880,2026-06-02 05:06:05.196408,0 days 00:00:37.581528,0.9452151589596913,0.6663495432641898,0.017594949129330014,16,10,0.00955534080360979,1400,255,0.000123477045557434,0.0004421999034266357,0.8786130288253909,0.8370608323001929,0.8352244397437999,0.8389474183419837,0.9509273089577147,COMPLETE
1013,0.8194316802233835,2026-06-02 05:06:05.206421,2026-06-02 05:06:18.247661,0 days 00:00:13.041240,0.9294622252878266,0.6604972800267136,0.015986005279640874,10,120,0.0025816044082262084,640,239,2.5256049437080904e-05,3.891163936885624e-07,0.8609651845172949,0.8194316802233835,0.7920666816902043,0.8487776545424172,0.9417301161349734,COMPLETE
1014,0.8377273919074799,2026-06-02 05:06:18.258345,2026-06-02 05:06:54.070389,0 days 00:00:35.812044,0.9336400264473068,0.6806938201788004,0.0150084846001859,16,10,6.372595821295662e-05,1340,247,1.6199096547764597e-05,3.279290448733905e-06,0.8786656778062203,0.8377273919074799,0.8328737744396318,0.8426868673464928,0.9507234316622414,COMPLETE
1015,0.8362509715379476,2026-06-02 05:06:54.080325,2026-06-02 05:07:32.374891,0 days 00:00:38.294566,0.949541338648384,0.67265372409219,0.016674729481825468,16,20,0.04990983604383066,1380,255,0.00024145555881876016,1.1086662822029764e-06,0.877696938754274,0.8362509715379476,0.8323247094342986,0.8402505144280593,0.9504956638415331,COMPLETE
1016,0.8366040516552987,2026-06-02 05:07:32.393589,2026-06-02 05:08:09.832835,0 days 00:00:37.439246,0.9402669042348432,0.6569298931071916,0.015431784470406386,16,10,0.14053148356306616,1400,247,8.258211160926288e-05,2.2262106108788154e-06,0.8778127655807527,0.8366040516552987,0.8316856877050238,0.8416103022469402,0.9505177686474693,COMPLETE
1017,0.8373142105275576,2026-06-02 05:08:09.842525,2026-06-02 05:08:45.863080,0 days 00:00:36.020555,0.9283376892187256,0.6672482372597612,0.016337411905077873,16,10,0.0067360072310493025,1360,247,4.251329973952943e-05,2.249252494695183e-07,0.8785498473208827,0.8373142105275576,0.8337877786671876,0.8409021118268759,0.9507153091016769,COMPLETE
1018,0.8289538013864343,2026-06-02 05:08:45.873308,2026-06-02 05:09:10.690609,0 days 00:00:24.817301,0.9288713080108504,0.6886310268504561,0.016905943852781154,8,10,0.0046676216611168594,1380,239,0.00014596100201481887,0.00022780649400899508,0.8696732682030408,0.8289538013864343,0.8092369629390829,0.8496842118563243,0.9466388950812256,COMPLETE
1019,0.8372155474766295,2026-06-02 05:09:10.710400,2026-06-02 05:09:48.367851,0 days 00:00:37.657451,0.9387661638836875,0.6635162731905,0.015509912107350603,16,20,0.007810809025562903,1340,255,6.181035590298439e-06,4.787112519273435e-07,0.8782444869574554,0.8372155474766295,0.8321142817902198,0.8424035386928095,0.9506213268221485,COMPLETE
1020,0.8367269090626269,2026-06-02 05:09:48.378040,2026-06-02 05:10:26.763283,0 days 00:00:38.385243,0.9249022162981037,0.6759254847825564,0.01592232416434812,14,10,3.46272890011691e-05,1400,255,5.3915068206262274e-05,0.0009272830175134038,0.8782655426913544,0.8367269090626269,0.834238617224961,0.8392589953543115,0.9507731595254372,COMPLETE
1021,0.8367032187011992,2026-06-02 05:10:26.773831,2026-06-02 05:11:02.269617,0 days 00:00:35.495786,0.9321567656920224,0.6566353103218855,0.01732583939155292,16,10,0.01831149792582136,1340,247,2.6868310908849184e-05,1.4668649846132151e-06,0.8783181940005483,0.8367032187011992,0.834704446325622,0.8387490586709382,0.9508561564248804,COMPLETE
1022,0.8376022327582585,2026-06-02 05:11:02.279134,2026-06-02 05:11:39.612202,0 days 00:00:37.333068,0.9436511024141246,0.6705065301194412,0.016186946807409144,16,10,0.004975185617532879,1380,255,9.997949858541324e-05,6.024403523328764e-06,0.8788130898966653,0.8376022327582585,0.834402203721149,0.8408737792022674,0.9508439139254086,COMPLETE
1023,0.8358650355482039,2026-06-02 05:11:39.622369,2026-06-02 05:12:15.211778,0 days 00:00:35.589409,0.9244803218525224,0.6852696892807653,0.015476103136881067,12,10,0.0028176616883521955,1360,239,1.383458499211251e-05,9.477442917454348e-07,0.8770862103770783,0.8358650355482039,0.8297801478098806,0.8420635784962949,0.9501958123089643,COMPLETE
1024,0.837309838209281,2026-06-02 05:12:15.222209,2026-06-02 05:12:50.628278,0 days 00:00:35.406069,0.9354002835920421,0.664797531835856,0.015002417405911633,16,10,0.01019323691425758,1320,247,0.00024513170985445874,3.781335249121774e-07,0.8783813791639151,0.837309838209281,0.8326401248785124,0.8420636338710711,0.9505690518982753,COMPLETE
1025,0.8369428245881113,2026-06-02 05:12:50.639235,2026-06-02 05:13:30.100679,0 days 00:00:39.461444,0.949147691161174,0.6589904824562381,0.01680762687465942,16,20,0.002682971468969472,1400,255,3.574078062824941e-05,2.7549704806038163e-07,0.8782760728866684,0.8369428245881113,0.8334354622121357,0.8405054839735455,0.9507715560549644,COMPLETE
1026,0.8359877678185907,2026-06-02 05:13:30.110883,2026-06-02 05:13:56.478293,0 days 00:00:26.367410,0.9206584710627633,0.6715161761601719,0.016009432991483774,16,10,0.0075269651418448736,980,239,0.00014147286484880695,5.053703670999358e-07,0.8766860918933883,0.8359877678185907,0.8266427334626116,0.8455764748458899,0.9500908920205853,COMPLETE
1027,0.8375639754822584,2026-06-02 05:13:56.488820,2026-06-02 05:14:32.478145,0 days 00:00:35.989325,0.9297176872474777,0.6785124299346569,0.016483753689491166,16,10,0.0029103641741862287,1360,247,5.898795301496385e-05,1.7721756695694617e-07,0.8788130892314182,0.8375639754822584,0.8345677667286769,0.8406188120643802,0.9507964105580102,COMPLETE
1028,0.8321266334573169,2026-06-02 05:14:32.487488,2026-06-02 05:15:21.396550,0 days 00:00:48.909062,0.9396954082928426,0.6673343380224689,0.01768328578806963,16,10,0.013447067538914372,1380,255,4.327986018249801,8.153640713264338e-07,0.8732744483134945,0.8321266334573169,0.8195993096950653,0.8450665405701155,0.9478541726213415,COMPLETE
1029,0.8372253795573735,2026-06-02 05:15:21.415435,2026-06-02 05:15:59.067695,0 days 00:00:37.652260,0.9257655053081275,0.6966462605838091,0.01551204744950801,16,10,0.004987378779643107,1400,247,8.92784005275017e-05,4.64812948042578e-07,0.8784972036620294,0.8372253795573735,0.8337815628033596,0.8407321257096211,0.9507138923553319,COMPLETE
1030,0.8380025079515647,2026-06-02 05:15:59.077814,2026-06-02 05:16:33.175649,0 days 00:00:34.097835,0.9358787265873906,0.6813995690519398,0.0159592178504826,16,10,3.717925526396928e-05,1320,239,2.420686936980354e-05,1.3713042293397747e-06,0.8787920344953898,0.8380025079515647,0.8326020874849052,0.8435083978953868,0.9508797875627382,COMPLETE
1031,0.8377846252461176,2026-06-02 05:16:33.186067,2026-06-02 05:17:10.595558,0 days 00:00:37.409491,0.9175520165773268,0.6573381126229831,0.016947957831112682,16,10,0.009944560511563933,1360,255,0.00020956192806920003,7.429251107092076e-07,0.8790552677577138,0.8377846252461176,0.8353407275686084,0.8402788374222719,0.9508408281715443,COMPLETE
1032,0.8359018209567761,2026-06-02 05:17:10.605008,2026-06-02 05:17:50.776608,0 days 00:00:40.171600,0.754574797714481,0.6728210525196768,0.015619958839253885,16,20,0.007028166787451068,1380,247,3.2236573161905225e-08,0.0024871625427585913,0.877433697841609,0.8359018209567761,0.8319552075526137,0.8399105903455291,0.9503040625684115,COMPLETE
1033,0.8375318226469152,2026-06-02 05:17:50.787022,2026-06-02 05:18:27.396255,0 days 00:00:36.609233,0.9452948094499635,0.7364196598587737,0.015010320608544344,16,10,0.004949007243597571,1340,255,4.524946347880006e-05,2.522947806771159e-07,0.8786025006258179,0.8375318226469152,0.8332228018272186,0.8419219876012217,0.9507128897823419,COMPLETE
1034,0.8372041341283841,2026-06-02 05:18:27.406895,2026-06-02 05:19:03.618481,0 days 00:00:36.211586,0.932360226830504,0.664438642192076,0.016416237486848555,16,10,0.002754734264378998,1400,239,7.787495801148433e-05,1.7639238327822803e-06,0.8785393128014629,0.8372041341283841,0.8341539630020258,0.8403071604164843,0.9506960899932619,COMPLETE
1035,0.837088834919995,2026-06-02 05:19:03.628923,2026-06-02 05:19:31.151509,0 days 00:00:27.522586,0.9246987330166,0.6562643363815811,0.017856407842337683,16,10,0.002689825465364096,1020,247,3.466709276048541e-06,3.6055841615740653e-07,0.8778970094716302,0.837088834919995,0.830275982731163,0.8440466720185666,0.9504712348247732,COMPLETE
1036,0.8371334947732781,2026-06-02 05:19:31.161048,2026-06-02 05:20:06.915006,0 days 00:00:35.753958,0.915397560859192,0.6768850231596485,0.015925183770460174,16,10,5.4658218757085584e-05,1320,255,1.11907967506321e-05,3.0682489798661217e-06,0.8784024329020731,0.8371334947732781,0.8335173782059425,0.8408170922846598,0.9507247686990247,COMPLETE
1037,0.837938149975883,2026-06-02 05:20:06.924592,2026-06-02 05:20:42.764039,0 days 00:00:35.839447,0.9416371842383938,0.6690040184501705,0.017071600927519796,16,10,0.015603927973493253,1360,247,0.0001478818277520555,1.0480287770936988e-06,0.8791500381850467,0.837938149975883,0.8353142015514065,0.8406187855807916,0.9508474697700519,COMPLETE
1038,0.8378281143563094,2026-06-02 05:20:42.774388,2026-06-02 05:21:20.781347,0 days 00:00:38.006959,0.9204215753408661,0.6612819199237676,0.015434792651959961,16,10,0.007061824610106956,1380,255,3.2897748481018064e-05,0.0005628772540215394,0.8789815670344675,0.8378281143563094,0.8346108384423845,0.8411003872319576,0.9507980034793501,COMPLETE
1039,0.8286281000773202,2026-06-02 05:21:20.791753,2026-06-02 05:21:40.061282,0 days 00:00:19.269529,0.9499544372002722,0.6893175876651155,0.01629320568197844,16,70,0.011779731996505281,900,127,5.66625209564513e-05,5.627203141469757e-07,0.8692415564724203,0.8286281000773202,0.8078156818158222,0.8505624269152268,0.947063181599829,COMPLETE
1040,0.8322083456107459,2026-06-02 05:21:40.072131,2026-06-02 05:22:11.038783,0 days 00:00:30.966652,0.907484433206782,0.6801371080767527,0.016593141082163615,10,60,0.004528905789262169,1400,231,1.7449095121033763e-05,1.7330093416652453e-07,0.8726953095243708,0.8322083456107459,0.8156865641945877,0.8494292567564318,0.9482927678249905,COMPLETE
1041,0.8367225009026313,2026-06-02 05:22:11.049451,2026-06-02 05:22:48.599122,0 days 00:00:37.549671,0.930841857588829,0.6630061410401471,0.015015147756666876,16,20,0.009255825751298404,1340,247,0.0001097165101172124,2.2574985301203815e-06,0.8777074679517175,0.8367225009026313,0.8304884192129535,0.8430834831618282,0.9505169734362934,COMPLETE
1042,0.8372949098216984,2026-06-02 05:22:48.609676,2026-06-02 05:23:24.605313,0 days 00:00:35.995637,0.9267388985170116,0.6729186202855757,0.0158959407102037,16,10,0.002783014190007712,1380,239,0.0001796930077674678,7.012601796017258e-07,0.87847613462319,0.8372949098216984,0.8333756557617433,0.8412987252346125,0.9506408034429424,COMPLETE
1043,0.8371263107163345,2026-06-02 05:23:24.615414,2026-06-02 05:24:02.351306,0 days 00:00:37.735892,0.912933515201575,0.6557630436505232,0.015499911860401559,16,10,0.006694309700600167,1360,255,7.277344532399947e-05,0.00029680403792173586,0.8783708403203896,0.8371263107163345,0.8333347004743653,0.8409870880323105,0.9507703741716537,COMPLETE
1044,0.8295276624815039,2026-06-02 05:24:02.361534,2026-06-02 05:24:27.950972,0 days 00:00:25.589438,0.9355239033690366,0.6676740329291716,0.017096866897589814,8,10,0.0025256083860143354,1400,247,2.0925320489566574e-05,3.168057104314081e-07,0.8700944627106645,0.8295276624815039,0.8096853336139088,0.8503924480207691,0.9468142304036742,COMPLETE
1045,0.8352818714637996,2026-06-02 05:24:27.970201,2026-06-02 05:24:55.317176,0 days 00:00:27.346975,0.9193879906975356,0.6602384304990315,0.01626726172097836,16,10,0.005644671013990698,1320,159,4.039971080773617e-05,1.0153420357196186e-06,0.8758437148525876,0.8352818714637996,0.8239234607362859,0.8469929423595817,0.9497429090497075,COMPLETE
1046,0.8360367670162031,2026-06-02 05:24:55.327480,2026-06-02 05:25:33.964579,0 days 00:00:38.637099,0.939770590902375,0.6840396285665805,0.015500530007830362,14,20,0.010303526378901934,1360,255,0.00010509321559674028,4.750716463323703e-07,0.8773494592727077,0.8360367670162031,0.8308699816650117,0.8412987156042165,0.9504138242446505,COMPLETE
1047,0.8377283997969874,2026-06-02 05:25:33.974840,2026-06-02 05:26:11.571348,0 days 00:00:37.596508,0.9107430268207768,0.6741270070796721,0.015922177171296795,16,10,0.005117207993732661,1400,247,7.618406771910447e-06,0.00019381297034670302,0.8789710378370241,0.8377283997969874,0.8349660067334465,0.8405338165981538,0.9507269964573668,COMPLETE
1048,0.8369058060188715,2026-06-02 05:26:11.581676,2026-06-02 05:26:47.377950,0 days 00:00:35.796274,0.9259842966079272,0.7033090688399574,0.01667264676735519,16,10,0.002429659989633884,1380,239,0.00022685156170330388,2.6215865638390356e-07,0.878223424571086,0.8369058060188715,0.8332268927262243,0.8406471061674052,0.9507504670680493,COMPLETE
1049,0.8373756285218829,2026-06-02 05:26:47.387339,2026-06-02 05:27:23.479431,0 days 00:00:36.092092,0.9355106975261465,0.6668596751346503,0.01777484450840067,16,10,0.00823345049037545,1340,255,2.676532853552984e-05,1.3387516690648337e-06,0.8789394485815758,0.8373756285218829,0.8361918493493931,0.838607390732698,0.9508538574867041,COMPLETE
1050,0.8366185476675296,2026-06-02 05:27:23.488900,2026-06-02 05:28:01.729225,0 days 00:00:38.240325,0.9175428889801025,0.655885008718275,0.015016985432696823,12,10,0.00206985897181787,1380,255,5.663723988786926e-05,5.466618392207171e-07,0.877696940084768,0.8366185476675296,0.8308662060528372,0.8424885510122285,0.9503174125372609,COMPLETE
1051,0.8379039479176537,2026-06-02 05:28:01.739580,2026-06-02 05:28:38.940160,0 days 00:00:37.200580,0.9290135097421497,0.6787040711888228,0.01605524842097683,16,10,0.012550211720979004,1400,247,1.2964976171540992e-05,8.804885907866138e-07,0.8790447505347169,0.8379039479176537,0.8347311591334622,0.8411287463401548,0.9507910913152582,COMPLETE
1052,0.8375096674583297,2026-06-02 05:28:38.950609,2026-06-02 05:29:13.846196,0 days 00:00:34.895587,0.905819502504699,0.662493749098648,0.017178186895130194,16,10,0.005048898080633943,1360,231,0.00013892305372648707,3.8452032196169543e-07,0.8786972590787041,0.8375096674583297,0.8340103026144582,0.8410720570149482,0.9508640652960875,COMPLETE
1053,0.8374791480740661,2026-06-02 05:29:13.857365,2026-06-02 05:29:50.202433,0 days 00:00:36.345068,0.8210802420981795,0.6705873932510922,0.015531612938993584,16,10,0.0025449575619025076,1340,239,1.009287878373149e-08,6.584203010146678e-07,0.8786446310531563,0.8374791480740661,0.8337342960005442,0.8412987782017897,0.9507384398170035,COMPLETE
1054,0.8373529794883234,2026-06-02 05:29:50.212305,2026-06-02 05:30:27.259473,0 days 00:00:37.047168,0.9422269606675268,0.6878128786669407,0.016619001466212858,16,10,0.008418974981282147,1380,255,3.721562900846156e-05,4.222575137791765e-06,0.8787288529908815,0.8373529794883234,0.8348393457255173,0.8399105518239457,0.9507930207447323,COMPLETE
1055,0.8368974965165421,2026-06-02 05:30:27.278567,2026-06-02 05:31:08.940765,0 days 00:00:41.662198,0.6645345692756769,0.6750721581862781,0.015903097566827527,16,20,4.5505678600402805e-05,1400,247,7.492651287671436e-05,1.582276723617293e-07,0.878202366176199,0.8368974965165421,0.833132986473926,0.8407321497856107,0.9500872992821812,COMPLETE
1056,0.8373689257401383,2026-06-02 05:31:08.950139,2026-06-02 05:31:45.014061,0 days 00:00:36.063922,0.9221506782403911,0.6935854400249138,0.015014511204340853,16,10,1.8806386153383103e-05,1360,247,0.0002519902422319365,1.927713298555121e-06,0.878507730198485,0.8373689257401383,0.8332835190695053,0.8415253380795006,0.9507499861540901,COMPLETE
1057,0.8383076309493288,2026-06-02 05:31:45.023700,2026-06-02 05:32:18.934118,0 days 00:00:33.910418,0.9109116479712518,0.6556316034298272,0.016484353554202916,16,10,4.521821948504177e-05,1300,239,0.00010933458807553005,0.001526140873713805,0.8791395239556614,0.8383076309493288,0.8337329711083649,0.8429701622937905,0.9508632715057462,COMPLETE
1058,0.8375287984002654,2026-06-02 05:32:18.944648,2026-06-02 05:32:51.798902,0 days 00:00:32.854254,0.9153716089045056,0.6678533332060606,0.017747867141604617,16,10,0.0023859400338114138,1300,231,0.00015213771877219234,2.5216754740658684e-07,0.8787393835188192,0.8375287984002654,0.834186641596204,0.8409304516742812,0.9507844808656826,COMPLETE
1059,0.8375748776513016,2026-06-02 05:32:51.809013,2026-06-02 05:33:25.088052,0 days 00:00:33.279039,0.9324473455072527,0.6640585858839952,0.01734404478345902,16,10,0.003272908101762278,1300,239,0.0003367583348925716,0.002143788631512952,0.8787183214650733,0.8375748776513016,0.8338732820198004,0.8413553808534334,0.9507618705883991,COMPLETE
1060,0.8372488169673353,2026-06-02 05:33:25.098551,2026-06-02 05:33:58.727290,0 days 00:00:33.628739,0.9231793336794979,0.6810490020456605,0.01682044443734965,16,10,0.0019484599326026603,1300,239,0.00018508580910240588,4.0965671823698196e-07,0.8784234936253248,0.8372488169673353,0.8331883668229795,0.841383706255245,0.9507420911928496,COMPLETE
1061,0.8338254316571282,2026-06-02 05:33:58.737612,2026-06-02 05:34:21.832795,0 days 00:00:23.095183,0.938914944276175,0.672204667021209,0.017530032639164247,16,50,0.00030848820423688954,800,231,0.00010509586953388552,0.0058311907488736514,0.8742747792818774,0.8338254316571282,0.8194873655446046,0.8486926807445815,0.9490688005933148,COMPLETE
1062,0.8371132095535145,2026-06-02 05:34:21.843075,2026-06-02 05:34:56.594412,0 days 00:00:34.751337,0.9131600267634724,0.6607674387323761,0.01667719638385963,16,20,0.000119356878388321,1320,231,0.00032139039893096195,0.003252171002644586,0.8780760101522764,0.8371132095535145,0.8313965786169802,0.8429418272615831,0.9505297062794263,COMPLETE
1063,0.8375331633468397,2026-06-02 05:34:56.613784,2026-06-02 05:35:30.139533,0 days 00:00:33.525749,0.9285471124157099,0.6669061663668489,0.016386555681458647,16,10,0.00013975965536754408,1300,239,0.00010891786545095418,1.166298381145287e-06,0.8785393151298275,0.8375331633468397,0.8328357204738749,0.842318552856979,0.9507502400739541,COMPLETE
1064,0.8293574914339757,2026-06-02 05:35:30.150094,2026-06-02 05:36:08.091503,0 days 00:00:37.941409,0.7078298917641777,0.6758558119627062,0.067552752153868,16,10,0.005259650185780053,1320,239,0.0001368669018826558,6.212800767791634e-07,0.8749170812812158,0.8293574914339757,0.8412729639835906,0.8178135748259102,0.9478719176444268,COMPLETE
1065,0.8372799345397556,2026-06-02 05:36:08.110369,2026-06-02 05:36:42.984825,0 days 00:00:34.874456,0.9204253492972414,0.6823224866534848,0.016897641476778504,16,10,0.004349266399332384,1340,239,0.00019823661955482386,1.5916167902609307e-06,0.8785287949132189,0.8372799345397556,0.8337813770539048,0.840845446577659,0.9507740154709294,COMPLETE
1066,0.8362528946593124,2026-06-02 05:36:42.995162,2026-06-02 05:37:15.317530,0 days 00:00:32.322368,0.934225267333858,0.6601114198256699,0.043817190161670315,16,10,0.003046208288738001,1340,231,1.818744338353926e-05,0.0019437694596762093,0.8796659987958976,0.8362528946593124,0.8460370335195054,0.8267373933531769,0.9506082933878034,COMPLETE
1067,0.8328363813267413,2026-06-02 05:37:15.328410,2026-06-02 05:37:47.895945,0 days 00:00:32.567535,0.9448639833586371,0.6668131306369101,0.055366160484292465,10,10,0.005605938413301366,1320,239,4.899723292718902e-05,0.0011900062851293218,0.8771072534712836,0.8328363813267413,0.8422745100021668,0.8236494069219423,0.9490746871488147,COMPLETE
1068,0.8362309008448454,2026-06-02 05:37:47.906337,2026-06-02 05:38:24.326795,0 days 00:00:36.420458,0.9164106275655828,0.6713967925217528,0.016338282420375484,16,20,0.0027382092940182795,1340,239,0.00031432645746431613,0.002630381825507804,0.8775284592881069,0.8362309008448454,0.8312731321445929,0.8412704118707958,0.9504540219141044,COMPLETE
1069,0.8376603492412373,2026-06-02 05:38:24.337414,2026-06-02 05:38:59.675693,0 days 00:00:35.338279,0.925638942037672,0.6575783465967041,0.017967471620098617,16,10,0.004938020436040989,1360,239,9.143982442170204e-05,9.506679615838359e-07,0.8790026247641077,0.8376603492412373,0.8354619534898565,0.8399105879379302,0.9508657380885849,COMPLETE
1070,0.8294542302695858,2026-06-02 05:38:59.685887,2026-06-02 05:39:23.775989,0 days 00:00:24.090102,0.9077460164188949,0.6858722554287734,0.01733856890188044,8,10,0.00017534809322050063,1320,247,2.8048541100222852e-05,5.239831821347613e-06,0.8699997045904017,0.8294542302695858,0.809392380959633,0.8505624485836174,0.9466604506036864,COMPLETE
1071,0.8370971201626375,2026-06-02 05:39:23.786491,2026-06-02 05:39:59.773319,0 days 00:00:35.986828,0.9389755659609341,0.7257984575589846,0.01609873048147589,16,10,4.2912145288204195e-05,1360,247,0.00016730126838073795,7.651847608290808e-05,0.8784129757370809,0.8370971201626375,0.8337541464523293,0.840505508049535,0.9508943394845173,COMPLETE
