number,value,datetime_start,datetime_complete,duration,params_bagging_fraction,params_feature_fraction,params_learning_rate,params_max_depth,params_min_child_samples,params_min_split_gain,params_n_estimators,params_num_leaves,params_reg_alpha,params_reg_lambda,user_attrs_accuracy,user_attrs_f1,user_attrs_precision,user_attrs_recall,user_attrs_roc_auc,state
1387,0.8348436698910239,2026-06-02 08:42:37.561766,2026-06-02 08:43:12.004914,0 days 00:00:34.443148,0.9184087596184679,0.6816706164886261,0.01557309350692519,10,10,0.004523899703156217,1380,231,0.00025174204492006675,1.5969655631479943e-06,0.8754857038452132,0.8348436698910239,0.8233097304727536,0.846737936700111,0.9492550181638232,COMPLETE
1388,0.837480126988063,2026-06-02 08:43:12.014790,2026-06-02 08:43:49.390599,0 days 00:00:37.375809,0.9333906665547247,0.6703506551521973,0.01698350393090772,16,10,0.006282008617802197,1400,239,6.056449383662586e-05,1.9935566582899398e-07,0.8788552083495572,0.837480126988063,0.8351866250523784,0.8398255732109122,0.9508437872882451,COMPLETE
1389,0.8375832821078952,2026-06-02 08:43:49.401213,2026-06-02 08:44:26.697050,0 days 00:00:37.295837,0.9246557469336227,0.6612960607449636,0.016085419143902276,16,10,0.011163874833595657,1360,247,3.745105283691122e-05,7.435592799706563e-07,0.8788025597013512,0.8375832821078952,0.834407085446201,0.8408171019150558,0.9508093992444229,COMPLETE
1390,0.8374658083907178,2026-06-02 08:44:26.716871,2026-06-02 08:45:04.081895,0 days 00:00:37.365024,0.9394487761481518,0.6895478001276097,0.015386338934607289,16,10,0.002538101851154505,1320,255,0.00015261382295253344,0.0005069831700805865,0.8785709067136404,0.8374658083907178,0.8333053849507227,0.8416953121587604,0.9506925892699253,COMPLETE
1391,0.8288057994917745,2026-06-02 08:45:04.092596,2026-06-02 08:45:28.486650,0 days 00:00:24.394054,0.9309669152928357,0.6750613987145323,0.016601741475641994,8,20,0.0076429781799563275,1380,239,2.7259093053606295e-05,0.09731827923985592,0.8692520776868994,0.8288057994917745,0.8072854069204829,0.8515256181795641,0.9462232772247335,COMPLETE
1392,0.8369536751347834,2026-06-02 08:45:28.497754,2026-06-02 08:46:05.994500,0 days 00:00:37.496746,0.9041386836337092,0.664891359647166,0.016017928154866634,16,10,0.014210361717413078,1340,247,9.016214310371881e-06,2.9419742768116793e-06,0.878286602749359,0.8369536751347834,0.8334680455442426,0.8405054623051548,0.9507123979649496,COMPLETE
1393,0.8371897483955145,2026-06-02 08:46:06.004533,2026-06-02 08:46:44.809044,0 days 00:00:38.804511,0.9177440944401586,0.6588696183541644,0.017184187805577622,16,10,0.002677999175914285,1400,255,8.009968716407378e-05,1.1869808564310501e-07,0.8788130915597829,0.8371897483955145,0.836091183754098,0.8383241150461919,0.9510379255666566,COMPLETE
1394,0.8357423304797841,2026-06-02 08:46:44.820072,2026-06-02 08:47:20.177795,0 days 00:00:35.357723,0.9446730624373586,0.6848759744557946,0.033219515716346,16,10,0.004562875236400227,1380,239,5.0484723561639444e-05,3.0382821864286104e-07,0.8788762624203384,0.8357423304797841,0.8425854092860806,0.8290604278111714,0.9507478814482644,COMPLETE
1395,0.8368322822105542,2026-06-02 08:47:20.188333,2026-06-02 08:47:58.118664,0 days 00:00:37.930331,0.7831214569538453,0.6730756936299606,0.015458140539113157,14,10,0.00890596599288514,1360,231,0.0001219056399444049,5.677917445975952e-07,0.8779391242656635,0.8368322822105542,0.8316047286579874,0.8421485547017294,0.9503874218975623,COMPLETE
1396,0.8376093109530647,2026-06-02 08:47:58.130095,2026-06-02 08:48:36.476678,0 days 00:00:38.346583,0.9366568656954747,0.6680527007055806,0.016528042453726355,16,10,0.005023487890524428,1400,247,0.00025107790733262716,1.1131097232402994e-06,0.8789289280323437,0.8376093109530647,0.8351646736851039,0.8401088801962047,0.9509318017020038,COMPLETE
1397,0.837484807414274,2026-06-02 08:48:36.486531,2026-06-02 08:49:14.200744,0 days 00:00:37.714213,0.9251642542182136,0.678941793570851,0.015910033437390336,16,10,0.0025394236358675655,1340,255,2.183644222085638e-05,3.9196652439442176e-07,0.8787499173729921,0.837484807414274,0.8344577659536635,0.8405621371847675,0.9508020592089608,COMPLETE
1398,0.8369897909414914,2026-06-02 08:49:14.210799,2026-06-02 08:49:51.051505,0 days 00:00:36.840706,0.9136145943283713,0.658226720267892,0.015044166419212421,16,20,0.007032876951791332,1300,239,6.397131777394362e-05,8.466120117660898e-07,0.8778127629197646,0.8369897909414914,0.8301283793046359,0.8439899971389538,0.950459968761499,COMPLETE
1399,0.8376321390929283,2026-06-02 08:49:51.063515,2026-06-02 08:50:30.849652,0 days 00:00:39.786137,0.9082422267380997,0.69914369400912,0.018058787392852976,16,10,0.0024846870430337486,1380,247,0.0001623691720390346,1.5302038490715648e-06,0.879244806284015,0.8376321390929283,0.8372419198383056,0.8380691334627111,0.9509726359320295,COMPLETE
1400,0.8370851319931202,2026-06-02 08:50:30.876440,2026-06-02 08:51:09.864361,0 days 00:00:38.987921,0.8995861962133798,0.6646185708213972,0.015504881750144044,16,10,0.00010951288512569792,1400,239,4.1083592545809734e-05,5.302499802263529e-07,0.878297130948932,0.8370851319931202,0.8330017873284573,0.8412420503549997,0.950831715789428,COMPLETE
1401,0.8384214296448498,2026-06-02 08:51:09.875557,2026-06-02 08:51:49.176794,0 days 00:00:39.301237,0.9316241237030833,0.6540053317577894,0.01706183225723996,16,10,7.023533374781016e-05,1360,255,9.83807360678829e-05,0.0014725103837627648,0.8795606971753799,0.8384214296448498,0.8361608666439874,0.8407321064488293,0.9510610182135948,COMPLETE
1402,0.8362724274375197,2026-06-02 08:51:49.187637,2026-06-02 08:52:28.287368,0 days 00:00:39.099731,0.9227493842780975,0.6541212062616216,0.018259001106374566,12,10,0.0001179801267081426,1340,255,3.073383210300195e-05,0.0010865273628960892,0.8778759487483785,0.8362724274375197,0.8334480292271431,0.8391456841166695,0.9504074354210355,COMPLETE
1403,0.8375618267687521,2026-06-02 08:52:28.298550,2026-06-02 08:53:09.442812,0 days 00:00:41.144262,0.9283953237765529,0.6548313921020251,0.017728198464341205,16,10,0.002462386430638374,1380,255,9.267387797333128e-05,0.0019109260044224037,0.8791079184016608,0.8375618267687521,0.8366081129227644,0.8385507495594707,0.9510533051059662,COMPLETE
1404,0.8373050239048955,2026-06-02 08:53:09.463010,2026-06-02 08:53:50.984473,0 days 00:00:41.521463,0.9218695276552925,0.6501179543591376,0.018505269821658486,16,10,3.961703950178348e-05,1400,255,1.551484363908805e-05,0.0019760850975633353,0.8790552670924668,0.8373050239048955,0.8373175997613181,0.8373325815268503,0.9512177404225876,COMPLETE
1405,0.8373406466544626,2026-06-02 08:53:51.005055,2026-06-02 08:54:31.224276,0 days 00:00:40.219221,0.9275503028512602,0.6547341192086258,0.017520529660183876,16,10,0.002756322976271787,1360,255,5.359761421472226e-05,0.0010953123291728743,0.8789394545687991,0.8373406466544626,0.8363324605902062,0.8383808067789974,0.9510293018923899,COMPLETE
1406,0.8371045223310406,2026-06-02 08:54:31.244821,2026-06-02 08:55:12.264142,0 days 00:00:41.019321,0.9164081847244032,0.654433713260873,0.017224539387089184,16,20,0.00020837770418831705,1320,255,0.00017233403990532894,0.0029145088992597384,0.8784656034300052,0.8371045223310406,0.8340862734788304,0.840165514146635,0.9508310500587793,COMPLETE
1407,0.8373899737898199,2026-06-02 08:55:12.276272,2026-06-02 08:55:51.811406,0 days 00:00:39.535134,0.930212785188162,0.6503776687920693,0.017577179913483173,16,10,0.002956650821415127,1360,255,0.00029470231651334617,0.0014780278574390996,0.8790026227683666,0.8373899737898199,0.8365824675160572,0.8382391051343719,0.9510048907195818,COMPLETE
1408,0.8368862900116764,2026-06-02 08:55:51.821916,2026-06-02 08:56:33.883585,0 days 00:00:42.061669,0.9204048691126563,0.6506769358971934,0.017022805031283447,16,10,0.002645034447175509,1400,255,6.943299323197695e-05,0.0009727501544995453,0.8784761319622018,0.8368862900116764,0.8350349696894801,0.8387773744423538,0.9508006193344141,COMPLETE
1409,0.8373656218097021,2026-06-02 08:56:33.894990,2026-06-02 08:57:14.877276,0 days 00:00:40.982286,0.9265923589097133,0.6585577016669348,0.018134032055198396,16,10,0.00018366425718622134,1380,255,3.816447735402333e-05,0.002124495945109479,0.8790447392255173,0.8373656218097021,0.8369836690465462,0.8377858385154132,0.9509678141178646,COMPLETE
1410,0.837650934010633,2026-06-02 08:57:14.888876,2026-06-02 08:57:53.962542,0 days 00:00:39.073666,0.9320649678775615,0.6587873873893381,0.016845777368037447,16,10,0.004836338336841659,1340,255,0.00012571300238878663,0.0011066934029141094,0.8790131579530334,0.837650934010633,0.8355784653845313,0.8397689103692944,0.9509694670726666,COMPLETE
1411,0.8370927919270194,2026-06-02 08:57:53.973916,2026-06-02 08:58:33.308967,0 days 00:00:39.335051,0.9120893433164526,0.6501286024505486,0.017286877395579,16,10,0.03883198591180507,1300,255,2.3044197282788804e-05,0.31034983419818657,0.8783392510649414,0.8370927919270194,0.833254399123818,0.8409870735867165,0.950546512135801,COMPLETE
1412,0.8349214230995603,2026-06-02 08:58:33.320163,2026-06-02 08:59:01.780581,0 days 00:00:28.460418,0.9216703963579205,0.658008874655438,0.016710777740408703,16,10,0.0025250398321840614,1400,135,8.852316736967056e-05,0.0007900234389706971,0.875369871031511,0.8349214230995603,0.8222621097056816,0.8480127747971462,0.9494508598106338,COMPLETE
1413,0.8343242067493722,2026-06-02 08:59:01.792007,2026-06-02 08:59:50.243361,0 days 00:00:48.451354,0.927622987266524,0.6626439412834026,0.016499692997735432,16,90,0.04872197818905134,1360,255,5.3758185982937936e-05,0.0004929429620295239,0.8755067505982773,0.8343242067493722,0.8254616821486681,0.8433950962881406,0.9491568169500989,COMPLETE
1414,0.8347148467790625,2026-06-02 08:59:50.254927,2026-06-02 09:00:25.409735,0 days 00:00:35.154808,0.9328748783651286,0.6600049696260524,0.017812578503297195,10,20,9.26689820009356e-05,1380,255,8.590073730200819e-06,0.0015453638601223268,0.8755804616328525,0.8347148467790625,0.8244153445388586,0.8452931100782223,0.9494271243252096,COMPLETE
1415,0.8374048115526466,2026-06-02 09:00:25.429203,2026-06-02 09:01:02.234581,0 days 00:00:36.805378,0.9192755838893986,0.654225758691077,0.015018931728573845,16,10,0.004840523695041423,1320,247,0.00019042933440772218,0.0031672245994118628,0.8784340181660392,0.8374048115526466,0.8326300220953468,0.8422618900153611,0.9506101038458171,COMPLETE
1416,0.83813555279476,2026-06-02 09:01:02.245426,2026-06-02 09:01:39.317701,0 days 00:00:37.072275,0.9051522094726372,0.661863027905747,0.01644924876395728,16,10,5.133310866778373e-05,1380,231,2.959159698661505e-05,0.0005990654088627914,0.8791289944255944,0.83813555279476,0.8343597887959998,0.8419786504428396,0.950962124559883,COMPLETE
1417,0.8374287671179732,2026-06-02 09:01:39.327985,2026-06-02 09:02:18.248284,0 days 00:00:38.920299,0.9141782095358597,0.6643459779082084,0.017067198120789554,16,10,0.005119248144408419,1400,255,0.00011755009766684126,0.0016127063540727165,0.8788973351180367,0.8374287671179732,0.835676943299402,0.839230672360099,0.9509490982956802,COMPLETE
1418,0.827216074023914,2026-06-02 09:02:18.259104,2026-06-02 09:02:43.214284,0 days 00:00:24.955180,0.9347500716526891,0.6553385878558985,0.016217077571662682,8,20,1.4363714795653072e-05,1340,247,1.5134594818330205e-05,0.004063523062507638,0.8678832085094399,0.827216074023914,0.8048361867010029,0.8509023413673611,0.9460215224192412,COMPLETE
1419,0.8354143463264654,2026-06-02 09:02:43.225338,2026-06-02 09:03:13.052805,0 days 00:00:29.827467,0.9250038266585621,0.65008372186641,0.01588420040218253,16,10,0.14947968278458185,1360,167,0.0003072196575497921,0.0015115217039435558,0.8761280174863749,0.8354143463264654,0.825250702375004,0.8458597360868022,0.9496696962359082,COMPLETE
1420,0.8290525996524338,2026-06-02 09:03:13.063838,2026-06-02 09:03:28.826495,0 days 00:00:15.762657,0.9089895909841956,0.6936727278268152,0.017727368463493782,16,10,0.00010778032310230893,840,103,6.65640849224996e-08,0.0003315264025724186,0.8696101063233203,0.8290525996524338,0.8084936053058667,0.8507041020762638,0.9466214012785034,COMPLETE
1421,0.83687964453474,2026-06-02 09:03:28.837156,2026-06-02 09:04:07.265373,0 days 00:00:38.428217,0.9314882377545065,0.6634168612382547,0.016902652618801486,14,10,0.004870131719259375,1400,247,7.160466138457497e-05,0.0008081241360750433,0.8783392553890472,0.83687964453474,0.8341370792999466,0.8396839365714586,0.9507460973592089,COMPLETE
1422,0.8371559681794926,2026-06-02 09:04:07.286021,2026-06-02 09:04:45.740758,0 days 00:00:38.454737,0.9192089582606038,0.6675335495478854,0.015474609197358331,16,10,2.600430543868307e-05,1360,255,4.753707752446127e-05,2.4054495301148696e-07,0.8784550758956792,0.8371559681794926,0.833791135003361,0.8405904505485843,0.9508033894096881,COMPLETE
1423,0.8373162699187926,2026-06-02 09:04:45.751789,2026-06-02 09:05:20.442819,0 days 00:00:34.691030,0.9253077352821785,0.7127346622812937,0.016354156995335125,16,10,0.002808331142942836,1340,231,0.00015731033489908847,0.0007197031579929211,0.8783919063656177,0.8373162699187926,0.8326811257910206,0.8420352843932699,0.9507341208134804,COMPLETE
1424,0.8363601084377095,2026-06-02 09:05:20.454014,2026-06-02 09:05:58.610314,0 days 00:00:38.156300,0.8996613530361166,0.657054256376367,0.018550600392528295,12,10,0.00696275725928065,1380,247,3.854352309662239e-05,0.0024673136574029026,0.8779707088643823,0.8363601084377095,0.8337306592801365,0.8390323150966523,0.9504894774457885,COMPLETE
1425,0.8347726815336491,2026-06-02 09:05:58.621285,2026-06-02 09:06:40.372334,0 days 00:00:41.751049,0.9376489064594313,0.6600829067410154,0.029566676575783053,16,50,0.004677022028401291,1400,239,8.8460431800209e-05,0.06675271070018422,0.8775179280949222,0.8347726815336491,0.837138986918306,0.8324599406951556,0.9497598263181176,COMPLETE
1426,0.8342876165922379,2026-06-02 09:06:40.382911,2026-06-02 09:07:18.093141,0 days 00:00:37.710230,0.9147949027442822,0.6500304889872927,0.045656308006843435,16,10,0.00276710325287958,1360,255,2.3588844441566502e-05,0.0014138589145061484,0.8784024142751562,0.8342876165922379,0.8454035302037394,0.8235077823204837,0.9504057551283044,COMPLETE
1427,0.8370931166910801,2026-06-02 09:07:18.103904,2026-06-02 09:07:57.358919,0 days 00:00:39.255015,0.932571582121594,0.6863568705803039,0.015012105753154087,16,20,0.00858646712126481,1380,247,0.00022052315738750407,1.5602374416837013e-07,0.878139187997926,0.8370931166910801,0.8318796956502769,0.8424035796219919,0.9504973415742687,COMPLETE
1428,0.8373545983751111,2026-06-02 09:07:57.370128,2026-06-02 09:08:33.268004,0 days 00:00:35.897876,0.9267959859972555,0.6703180255559316,0.015001678960782696,16,10,0.00484381096413683,1320,239,5.645946065594452e-06,0.005564252101953611,0.8783076658009753,0.8373545983751111,0.8319624661187591,0.8428568366105548,0.9506245990720904,COMPLETE
1429,0.8359272636887901,2026-06-02 09:08:33.278266,2026-06-02 09:09:14.881014,0 days 00:00:41.602748,0.8023441377476246,0.6635658897446187,0.015909840846902862,16,20,0.0027766681086021034,1400,247,1.1788165858393207e-05,0.00020839713441715113,0.8774547569017431,0.8359272636887901,0.8320050104306241,0.8399105638619405,0.9504965377010626,COMPLETE
1430,0.8370429396612574,2026-06-02 09:09:14.891813,2026-06-02 09:09:51.200898,0 days 00:00:36.309085,0.9190839726329723,0.6761580119178322,0.01718273588487818,16,10,0.007253252023493457,1300,255,6.888845533189638e-05,0.01761168050216072,0.8785287915869837,0.8370429396612574,0.8347334315224813,0.8394006223633691,0.9507619007137685,COMPLETE
1431,0.8374149589725178,2026-06-02 09:09:51.220181,2026-06-02 09:10:27.451483,0 days 00:00:36.231302,0.9368236543821162,0.690285095707412,0.015894273991565153,16,10,0.002671586827753792,1340,239,0.00010022240525413352,0.032510563783542175,0.8784024348978141,0.8374149589725178,0.8323498837901772,0.8425735561088508,0.950704197052593,COMPLETE
1432,0.8376029237587934,2026-06-02 09:10:27.462185,2026-06-02 09:11:03.292491,0 days 00:00:35.830306,0.9101065392810817,0.7027529012280563,0.016387972025690447,16,10,1.584607265368073e-05,1360,231,4.010186608728902e-05,3.7831222881450083e-07,0.8785814345805898,0.8376029237587934,0.8328041466480381,0.8424885365666347,0.950839640007414,COMPLETE
1433,0.8369847202386467,2026-06-02 09:11:03.312470,2026-06-02 09:11:41.631169,0 days 00:00:38.318699,0.9049316159160252,0.6680185623064133,0.015500528601036734,16,10,0.006451789286141027,1380,247,1.9817885719648826e-05,0.0005982478342172133,0.8783076697924576,0.8369847202386467,0.8334640764842364,0.8405621492227624,0.9507096630253683,COMPLETE
1434,0.8382199277262595,2026-06-02 09:11:41.642476,2026-06-02 09:12:20.774343,0 days 00:00:39.131867,0.9299464236604151,0.6585176907929232,0.016721710883856152,16,10,7.87676045125046e-05,1400,255,0.00014318322478604046,0.0025023982791081882,0.8795080531839033,0.8382199277262595,0.8366249608343387,0.8398538962051246,0.9511408571929382,COMPLETE
1435,0.836888494935708,2026-06-02 09:12:20.785606,2026-06-02 09:12:57.608764,0 days 00:00:36.823158,0.9319025673787468,0.7933700850456314,0.01817535455174751,16,10,0.002556828703653203,1400,239,0.0002316678656322425,0.0031657708220141764,0.8786551389626948,0.836888494935708,0.8362528955045861,0.8375592112249314,0.9508320949089167,COMPLETE
1436,0.8378552410358848,2026-06-02 09:12:57.619514,2026-06-02 09:13:34.799248,0 days 00:00:37.179734,0.934735676198099,0.6555024665512872,0.018003286921527747,16,10,0.0001966525769930585,1360,247,0.0005090671230029847,0.000693148615438275,0.8791395156400735,0.8378552410358848,0.8355950242050504,0.8401655334074266,0.9510082173247322,COMPLETE
1437,0.837512273007088,2026-06-02 09:13:34.810050,2026-06-02 09:14:11.445128,0 days 00:00:36.635078,0.929772113404354,0.6578138123575621,0.01770399956913933,16,10,0.003169952871933368,1320,255,0.00016042878099382316,0.002706998884244482,0.878876266079197,0.837512273007088,0.835213666873866,0.8398539058355206,0.9509255066504343,COMPLETE
1438,0.8375418126151696,2026-06-02 09:14:11.455841,2026-06-02 09:14:48.305299,0 days 00:00:36.849458,0.9387918565679256,0.656234276729156,0.017061106588882876,16,10,0.002401267432490402,1380,239,0.00033374965490475883,0.006154762445215341,0.8787499100552747,0.8375418126151696,0.8342123118730447,0.8409304131526977,0.950961055037848,COMPLETE
1439,0.8379443739298761,2026-06-02 09:14:48.315403,2026-06-02 09:15:29.034251,0 days 00:00:40.718848,0.9282438577221912,0.6819033034129148,0.017371409866616165,16,10,0.00012978853120458643,1340,247,0.00028578671470357253,0.0037893792854989785,0.8791921569705621,0.8379443739298761,0.8355748677416912,0.8403638256657012,0.9509675504169031,COMPLETE
1440,0.8374467953449442,2026-06-02 09:15:29.045411,2026-06-02 09:16:04.980481,0 days 00:00:35.935070,0.935583242447975,0.6654623543885884,0.01847770955424514,16,10,0.00441500724846843,1400,231,0.00016137807068941306,0.0020125419042876184,0.8787920361585074,0.8374467953449442,0.8348958142480433,0.8400522486533735,0.9507900465372642,COMPLETE
1441,0.834638486791648,2026-06-02 09:16:04.991455,2026-06-02 09:16:39.868146,0 days 00:00:34.876691,0.9268018426415316,0.6605023490552241,0.017393425059302598,10,20,9.586223362248452e-05,1360,255,0.0002379493665046305,0.00255460846891019,0.8753172237137993,0.834638486791648,0.8230154137862602,0.8466246399080628,0.9493168141528976,COMPLETE
1442,0.8363722020070402,2026-06-02 09:16:39.879281,2026-06-02 09:17:21.133480,0 days 00:00:41.254199,0.9386339804863945,0.6770194783360485,0.016803383438798367,16,40,0.005327783188483569,1380,247,0.00013239108078129776,0.0020688562137303385,0.8776021676616939,0.8363722020070402,0.831196866590175,0.8416386637627363,0.9503490519823421,COMPLETE
1443,0.8373136985360915,2026-06-02 09:17:21.143734,2026-06-02 09:17:58.979737,0 days 00:00:37.836003,0.9319974679690588,0.650044482937327,0.016940835149847528,16,10,0.009553683440738155,1400,239,0.00038816524953589075,0.0041320955785796275,0.8785814382394485,0.8373136985360915,0.8340088095772117,0.8406754700908001,0.9508166287006441,COMPLETE
1444,0.8367278343108574,2026-06-02 09:17:58.990602,2026-06-02 09:18:37.620188,0 days 00:00:38.629586,0.8183184158562405,0.6705351470871104,0.01761041460140041,16,10,0.00015301381609151294,1340,255,0.00019073922712615902,0.0013770290081655217,0.8785182633874107,0.8367278343108574,0.8359567513861609,0.8375309123067084,0.9508998735429565,COMPLETE
1445,0.836707205262551,2026-06-02 09:18:37.631136,2026-06-02 09:19:16.992333,0 days 00:00:39.361197,0.924611015457102,0.686997594622486,0.016711476345681476,16,20,0.002604225642937561,1380,247,0.00012029439316149427,0.0021112562619245018,0.8781181259441802,0.836707205262551,0.833326667689565,0.8401371670764327,0.9506650802649498,COMPLETE
1446,0.8285745136014392,2026-06-02 09:19:17.003225,2026-06-02 09:19:41.156529,0 days 00:00:24.153304,0.9342462953486793,0.6963697523124976,0.016570981933508318,8,10,7.27648556738226e-05,1320,231,1.4190455876466457e-05,0.0013860506665693193,0.869209967882219,0.8285745136014392,0.8078203627507751,0.8504491156775847,0.9464972472940684,COMPLETE
1447,0.8372453789326002,2026-06-02 09:19:41.166392,2026-06-02 09:20:19.675533,0 days 00:00:38.509141,0.9238304443128522,0.6563809923999558,0.0175095871969522,16,10,0.006678960532665979,1360,255,0.00012464588487558003,0.0012280129142804045,0.878823622420344,0.8372453789326002,0.8359621990501575,0.8385790990372719,0.9509080000878612,COMPLETE
1448,0.837727736900221,2026-06-02 09:20:19.686398,2026-06-02 09:20:57.814704,0 days 00:00:38.128306,0.939509231971319,0.6646266048549181,0.016590702200725414,16,10,0.00505403581732196,1400,247,2.6782856622888717e-05,0.0024390053360121536,0.8789920995581464,0.837727736900221,0.8351154113177661,0.8403921895890961,0.9508500599676641,COMPLETE
1449,0.8373911346694868,2026-06-02 09:20:57.825855,2026-06-02 09:21:34.819585,0 days 00:00:36.993730,0.9309911640417767,0.6731917003944428,0.018377886362257286,14,10,0.0029096936341884427,1380,239,0.0002152564456615776,0.003907771749783293,0.8788130972143827,0.8373911346694868,0.835285165641991,0.8395423167851979,0.9508775134546662,COMPLETE
