number,value,datetime_start,datetime_complete,duration,params_bagging_fraction,params_feature_fraction,params_learning_rate,params_max_depth,params_min_child_samples,params_min_split_gain,params_n_estimators,params_num_leaves,params_reg_alpha,params_reg_lambda,user_attrs_accuracy,user_attrs_f1,user_attrs_precision,user_attrs_recall,user_attrs_roc_auc,state
1639,0.8375900473504329,2026-06-02 11:13:33.954165,2026-06-02 11:14:09.923439,0 days 00:00:35.969274,0.9384829820378201,0.6795076770167907,0.015423340810472273,16,20,0.0029163667895002656,1280,239,7.450007531995391e-06,0.0006309890449770474,0.8782655390324955,0.8375900473504329,0.8307311872695967,0.8445848835441733,0.9505688207891105,COMPLETE
1640,0.83801148356152,2026-06-02 11:14:09.934571,2026-06-02 11:14:45.872175,0 days 00:00:35.937604,0.9330897577835241,0.6615181789506381,0.016254240465005815,16,10,0.007160924632753679,1340,239,3.387573231147277e-05,9.462800977129893e-07,0.8789605176204155,0.83801148356152,0.8337020404361913,0.8424035940675857,0.9507010530914831,COMPLETE
1641,0.8371059889891243,2026-06-02 11:14:45.882189,2026-06-02 11:15:27.731482,0 days 00:00:41.849293,0.9123085454431122,0.7851330774693659,0.017061239643362435,16,10,0.004713985823087048,1380,247,0.00011486846106224974,4.5694756664070973e-07,0.8786446230701919,0.8371059889891243,0.8352834228560028,0.8389757172602065,0.9509441549958145,COMPLETE
1642,0.8383405683657,2026-06-02 11:15:27.742007,2026-06-02 11:16:04.677524,0 days 00:00:36.935517,0.9315344514716768,0.6862388643354459,0.015603333431600546,16,10,0.002624920127009938,1360,247,6.138556680945683e-05,1.79152735352252e-07,0.8793079891190173,0.8383405683657,0.8347572342116226,0.8419785926604645,0.9507882510885541,COMPLETE
1643,0.8357275888458265,2026-06-02 11:16:04.688691,2026-06-02 11:16:39.777582,0 days 00:00:35.088891,0.9256701866527615,0.6976537449757226,0.026470682612981158,16,10,0.0023131377993786157,1300,255,2.2704134893700788e-05,1.099823532385986e-07,0.8785077278701202,0.8357275888458265,0.8400439847215614,0.8314967566536152,0.9509602489618524,COMPLETE
1644,0.8372255515223238,2026-06-02 11:16:39.806080,2026-06-02 11:17:15.978416,0 days 00:00:36.172336,0.9188380543870265,0.6970489157149766,0.015018601604863499,16,10,0.0027767801882773654,1320,239,3.959606962627904e-05,2.4731384306907435e-07,0.8782444869574553,0.8372255515223238,0.8320681087284202,0.8424885461970306,0.9505835423243604,COMPLETE
1645,0.8372462657210035,2026-06-02 11:17:15.989059,2026-06-02 11:17:54.563888,0 days 00:00:38.574829,0.7386583584122642,0.6921096740740468,0.0150030965417561,16,10,0.0028986373678172314,1320,247,4.854741042175218e-05,1.06190683432161e-07,0.8784550848765141,0.8372462657210035,0.8334274000467022,0.8411287559705505,0.9504639489388627,COMPLETE
1646,0.837392160697975,2026-06-02 11:17:54.575064,2026-06-02 11:18:28.170749,0 days 00:00:33.595685,0.9187477713126301,0.6911202097220219,0.0155910691587612,16,10,0.002737170577536932,1280,231,2.7458068298544226e-05,1.6680460396941466e-07,0.8782234278973212,0.837392160697975,0.8312649708085745,0.8436500465728352,0.9505673251101965,COMPLETE
1647,0.8377292571354258,2026-06-02 11:18:28.180958,2026-06-02 11:19:05.479321,0 days 00:00:37.298363,0.9297233855831023,0.6987608324514214,0.015493402269515233,16,10,0.006686598719700225,1300,255,1.800526223787228e-05,1.529162051303529e-07,0.8788446798173606,0.8377292571354258,0.8340784393081974,0.8414403546512691,0.9507808024384227,COMPLETE
1648,0.8371531220732039,2026-06-02 11:19:05.490568,2026-06-02 11:19:41.508849,0 days 00:00:36.018281,0.922317055089782,0.6882531700691681,0.015445179478622699,16,10,0.002623456950742233,1340,239,5.438488730939278e-05,2.1216895121784582e-07,0.8782971319468026,0.8371531220732039,0.8327201974839834,0.8416669747189541,0.9506410767355654,COMPLETE
1649,0.8372992774533015,2026-06-02 11:19:41.519975,2026-06-02 11:20:17.767456,0 days 00:00:36.247481,0.9136299709621319,0.6876147428778492,0.015842306130849266,16,10,0.005416063072352868,1320,247,3.272688751315972e-05,1.7455177341421212e-07,0.8785287816082782,0.8372992774533015,0.8337050793310247,0.8409587530001031,0.9507344198262566,COMPLETE
1650,0.837119843722454,2026-06-02 11:20:17.778653,2026-06-02 11:20:54.477233,0 days 00:00:36.698580,0.929084438350298,0.6862395825330787,0.015488402865487057,16,10,5.757252793311355e-05,1340,247,6.291984466963133e-05,8.52171066359361e-08,0.8782971359382848,0.837119843722454,0.8328550139005971,0.8414686728302838,0.9508292113496677,COMPLETE
1651,0.8373049544942552,2026-06-02 11:20:54.488239,2026-06-02 11:21:32.112881,0 days 00:00:37.624642,0.923567189410845,0.7021866486989037,0.015449056595682298,16,10,0.002647228467052868,1340,255,1.4217660996864363e-05,1.505381154880745e-07,0.8785498446598945,0.8373049544942552,0.8338190435927909,0.8408454080560755,0.9507945756342396,COMPLETE
1652,0.8374712718298385,2026-06-02 11:21:32.133038,2026-06-02 11:22:10.449034,0 days 00:00:38.315996,0.9331971309863214,0.6954356708188948,0.015014528687603423,16,10,4.181850907811072e-05,1360,255,4.304283345108301e-05,1.3654366465072957e-07,0.8785182557370698,0.8374712718298385,0.8329338030931935,0.842091927974096,0.9509019239665647,COMPLETE
1653,0.837255201716307,2026-06-02 11:22:10.460459,2026-06-02 11:22:45.298279,0 days 00:00:34.837820,0.921778372869525,0.6814599928908331,0.015920182306828054,16,10,0.0072367337648131065,1300,239,2.636972003728093e-05,9.832917427655074e-08,0.8784234929600778,0.837255201716307,0.8331527360338232,0.8414403642816649,0.9505818242202211,COMPLETE
1654,0.8334685785249096,2026-06-02 11:22:45.310059,2026-06-02 11:23:18.647805,0 days 00:00:33.337746,0.9129609414165815,0.6901274080144537,0.01595051194895342,10,10,0.14476660269966757,1360,247,6.732192374499475e-05,1.9918366031775623e-07,0.874580133990705,0.8334685785249096,0.8227675049278645,0.8444716108281147,0.9490319920143747,COMPLETE
1655,0.8327483136217375,2026-06-02 11:23:18.659050,2026-06-02 11:23:35.703543,0 days 00:00:17.044493,0.9295553038713226,0.6858756247283546,0.015996930128064066,16,10,3.686092929177506e-05,580,239,4.074388078165497e-05,2.75079810691629e-07,0.8731059854785035,0.8327483136217375,0.8162347013049951,0.8499958490586262,0.948323569516477,COMPLETE
1656,0.8353605855365137,2026-06-02 11:23:35.714336,2026-06-02 11:24:09.707878,0 days 00:00:33.993542,0.9328499812275242,0.6833807301488404,0.04397722607447794,16,10,0.01179980372385956,1360,231,2.0057618209249242e-05,2.412643779518249e-07,0.8789815597167502,0.8353605855365137,0.8449422424018765,0.8260291162595497,0.9505923241711005,COMPLETE
1657,0.8372208107387875,2026-06-02 11:24:09.719703,2026-06-02 11:24:46.392146,0 days 00:00:36.672443,0.9449751425218428,0.6932345998126958,0.015429132175298644,16,10,0.005491610003514005,1320,247,7.39686012567057e-05,3.541952146108946e-07,0.8782655473480836,0.8372208107387875,0.8322484267983854,0.8422902491235581,0.9507723161611926,COMPLETE
1658,0.8372168082017764,2026-06-02 11:24:46.403321,2026-06-02 11:25:24.101933,0 days 00:00:37.698612,0.9182001608438702,0.6567137303861822,0.016205203628548017,16,10,0.00956663396920776,1340,255,5.132722036321914e-05,1.665089121769144e-07,0.8784866628227629,0.8372168082017764,0.8337643844474516,0.8407320920032356,0.9508840311062509,COMPLETE
1659,0.7922631801237346,2026-06-02 11:25:24.112213,2026-06-02 11:25:27.893840,0 days 00:00:03.781627,0.9258137535299101,0.7075775400012,0.015519049975463205,8,10,0.0026522025545895277,200,247,2.7251099850525625e-05,3.4594596057270323e-07,0.8385684017392357,0.7922631801237346,0.7593480928482294,0.8282104683337104,0.9261901029342597,COMPLETE
1660,0.8373131731748424,2026-06-02 11:25:27.905201,2026-06-02 11:26:04.644273,0 days 00:00:36.739072,0.937311617325424,0.6547207752634853,0.016231396046622725,14,10,0.00496694715962558,1360,239,8.38567932373642e-05,2.588836619592847e-07,0.8784761409430367,0.8373131731748424,0.8332815782689407,0.8414120123962648,0.9506905853509853,COMPLETE
1661,0.8374690734393923,2026-06-02 11:26:04.655366,2026-06-02 11:26:42.808632,0 days 00:00:38.153266,0.909898455194297,0.6797910860454639,0.015421814944238794,16,10,0.007783524222137287,1360,255,1.334249888531459e-05,4.975662465598671e-07,0.8786024916449829,0.8374690734393923,0.8335119169309597,0.8414969669333088,0.9506920672460625,COMPLETE
1662,0.837327109429264,2026-06-02 11:26:42.820033,2026-06-02 11:27:16.862583,0 days 00:00:34.042550,0.9298405839808901,0.6644501704049026,0.016037048127201227,16,10,0.0025484588715478877,1340,223,0.000317961231838516,1.2890577108982937e-07,0.8782234268994507,0.837327109429264,0.831519142219226,0.8432534379802964,0.9505669014871669,COMPLETE
1663,0.838114686249536,2026-06-02 11:27:16.873363,2026-06-02 11:27:55.048637,0 days 00:00:38.175274,0.9405150656659451,0.6843805642098739,0.015020659368995357,16,10,0.005099940274296071,1380,247,3.416505607818331e-05,3.6928369131557465e-07,0.8789920965645348,0.838114686249536,0.8335237872803866,0.8428001809917337,0.9507924577356431,COMPLETE
1664,0.8366737935745148,2026-06-02 11:27:55.059803,2026-06-02 11:28:30.225967,0 days 00:00:35.166164,0.9209924543793262,0.6602585347270731,0.016376573568701338,12,10,0.0027978631659925793,1320,231,0.00014422381151599196,6.717602574158233e-07,0.8776653571491665,0.8366737935745148,0.8304036593249687,0.8430834783466303,0.9501373010072776,COMPLETE
1665,0.8372571594311232,2026-06-02 11:28:30.236956,2026-06-02 11:29:07.437102,0 days 00:00:37.200146,0.9355587084232233,0.6715863298362726,0.015837272062914194,16,10,0.00018023787392186866,1360,247,6.103844062777204e-05,0.032175293579690706,0.8783708359962841,0.8372571594311232,0.8327954957798974,0.8418086185812045,0.9507872556152576,COMPLETE
1666,0.8373591310745513,2026-06-02 11:29:07.449180,2026-06-02 11:29:45.016687,0 days 00:00:37.567507,0.9256279339673329,0.6557939573242223,0.016518651267134105,16,10,6.822170317400886e-05,1380,239,9.136921565737448e-05,9.457984370665677e-08,0.8785498493166237,0.8373591310745513,0.8336051852429193,0.8411854067741736,0.9508796642918554,COMPLETE
1667,0.8379733890669647,2026-06-02 11:29:45.028201,2026-06-02 11:30:23.531000,0 days 00:00:38.502799,0.9141733208000223,0.6926852018463552,0.01544571031756225,16,10,0.007004522057008742,1380,255,9.026869435088008e-06,1.9708209872634746e-07,0.8792237578678335,0.8379733890669647,0.8356866747340254,0.8403072133836617,0.9507516465914532,COMPLETE
1668,0.8356606435611001,2026-06-02 11:30:23.541512,2026-06-02 11:31:03.589709,0 days 00:00:40.048197,0.9453724014365549,0.7369599391280462,0.015780563678905977,16,40,1.5015497882910665e-05,1340,247,4.688827152769232e-05,3.6886193079959116e-07,0.8768861409902161,0.8356606435611001,0.8292762101573504,0.8421769378859162,0.9502709586101736,COMPLETE
1669,0.8373322251501948,2026-06-02 11:31:03.600720,2026-06-02 11:31:40.092724,0 days 00:00:36.492004,0.9340880574004355,0.6668086172932753,0.015007117833683725,16,10,0.009648605248598847,1380,239,0.0005567357040230311,5.461248607546362e-07,0.8783497869148554,0.8373322251501948,0.832348936293433,0.8424035507308044,0.9506752314185304,COMPLETE
1670,0.8372788891531716,2026-06-02 11:31:40.103213,2026-06-02 11:32:17.250891,0 days 00:00:37.147678,0.9299155825531974,0.7011393503505179,0.016412775087881963,-1,10,0.004911903605281536,1320,255,2.4042538997603814e-05,8.463762339494717e-07,0.8787499187034861,0.8372788891531716,0.8352862264195102,0.8393156894947159,0.9510347933709467,COMPLETE
1671,0.8370986176439406,2026-06-02 11:32:17.262117,2026-06-02 11:32:54.300487,0 days 00:00:37.038370,0.939712536339832,0.6791377853469168,0.015935568293096034,16,10,0.0028594005001530754,1360,247,0.00021895529375511502,2.726343817259985e-07,0.8783918933933005,0.8370986176439406,0.8335884696375548,0.8406754315692168,0.950748966064577,COMPLETE
1672,0.8377754159405564,2026-06-02 11:32:54.320431,2026-06-02 11:33:30.895207,0 days 00:00:36.574776,0.918250123165318,0.6613654649033608,0.016925245009511813,16,10,1.7564162931223495e-05,1400,231,0.00012235586587444256,1.1729307454832703e-06,0.8788762690728088,0.8377754159405564,0.8341268534449043,0.8414970126776891,0.9508401510583632,COMPLETE
1673,0.8380284584338608,2026-06-02 11:33:30.905913,2026-06-02 11:34:07.443417,0 days 00:00:36.537504,0.9242045826221525,0.6500798563941939,0.01645988853942292,16,10,0.012208029205289276,1280,255,5.899959322567201e-06,6.336028131236134e-07,0.8790973951914406,0.8380284584338608,0.8345938752445664,0.841525309188313,0.950782523866235,COMPLETE
1674,0.83708349045125,2026-06-02 11:34:07.454833,2026-06-02 11:34:44.153454,0 days 00:00:36.698621,0.9454052670283275,0.6869546395676575,0.015559322995930346,16,10,0.007408619675565132,1380,239,3.7285224094040063e-05,0.06467358155157256,0.8782339604209999,0.83708349045125,0.8325512081270947,0.841695348272745,0.9507872436118817,COMPLETE
1675,0.835364015225463,2026-06-02 11:34:44.164092,2026-06-02 11:35:08.126003,0 days 00:00:23.961911,0.9323700722331728,0.6713045532683444,0.016006200196776628,16,10,2.844413526632363e-05,820,247,1.7662017460020915e-05,0.09990433353323666,0.8758858319749855,0.835364015225463,0.8238602713575703,0.8472195600196679,0.9496339615464531,COMPLETE
1676,0.8370480292125428,2026-06-02 11:35:08.136921,2026-06-02 11:35:45.850090,0 days 00:00:37.713169,0.9114199851715457,0.6777326281714499,0.016801703068179054,16,10,0.004617045341165037,1340,255,6.875282321872765e-05,0.011235915416677176,0.8784971973421828,0.8370480292125428,0.8345171651967807,0.8396272616918458,0.9508340904213536,COMPLETE
1677,0.8377161606376848,2026-06-02 11:35:45.869587,2026-06-02 11:36:20.749389,0 days 00:00:34.879802,0.9384357755292739,0.6663212845674301,0.015452201822465114,16,10,0.009370835462767726,1300,239,0.00016462194738980785,2.2174255577579444e-07,0.8785077282027439,0.8377161606376848,0.8318481496295785,0.8437067045992551,0.9505581680359502,COMPLETE
1678,0.8366972619187666,2026-06-02 11:36:20.760830,2026-06-02 11:36:59.584849,0 days 00:00:38.824019,0.8454023110129933,0.6592192889879466,0.01721047325019638,16,10,0.004656738009883484,1360,247,0.0003080027455140268,4.2718153786544496e-07,0.8783076661335989,0.8366972619187666,0.8346692534842864,0.8387774081487392,0.950800716523822,COMPLETE
1679,0.8373004854999735,2026-06-02 11:36:59.595919,2026-06-02 11:37:36.614300,0 days 00:00:37.018381,0.926840236747402,0.6961331946681715,0.01634417949595861,16,10,3.1692674230597874e-05,1400,239,9.048733961006234e-05,1.5642001750460246e-07,0.87853932577378,0.8373004854999735,0.833769044807355,0.8409021142344749,0.9509026642768582,COMPLETE
1680,0.8356358258132905,2026-06-02 11:37:36.625691,2026-06-02 11:38:20.771741,0 days 00:00:44.146050,0.9196359699764088,0.6837878635606791,0.015452137909227805,16,50,0.004881702145346932,1380,255,4.852121182156502e-05,8.074924107157768e-07,0.8767913682345184,0.8356358258132905,0.8287467135488417,0.8426584721243112,0.9499963845965148,COMPLETE
1681,0.8377687862615728,2026-06-02 11:38:20.783077,2026-06-02 11:38:59.376942,0 days 00:00:38.593865,0.9347278532637868,0.6708909939005273,0.015022474850496724,16,10,0.013373683512722216,1400,247,2.8749692287097055e-05,3.454989496707985e-07,0.8787077959264886,0.8377687862615728,0.832995163619533,0.8426301683908903,0.9507523065307915,COMPLETE
1682,0.8345900240127095,2026-06-02 11:38:59.387532,2026-06-02 11:39:32.748919,0 days 00:00:33.361387,0.941150750249293,0.6641812551176061,0.01596385421010303,10,10,0.007493589641039567,1360,231,0.0001230741094830806,5.94590000772407e-07,0.8753172270400343,0.8345900240127095,0.8231873013927996,0.8463413642215567,0.9491888486687047,COMPLETE
1683,0.8296865602622255,2026-06-02 11:39:32.760018,2026-06-02 11:39:45.090284,0 days 00:00:12.330266,0.9269083635871335,0.6546618673852895,0.01648519368160534,16,10,0.0027468048304547677,400,247,6.0728878598293266e-05,0.0002038782760808378,0.8704103629154879,0.8296865602622255,0.8109942579627288,0.849287629747374,0.9466956955893279,COMPLETE
1684,0.8348287722004099,2026-06-02 11:39:45.101585,2026-06-02 11:40:29.899365,0 days 00:00:44.797780,0.9499635409819029,0.6753788865514713,0.015002561174218682,16,10,2.8355521966515022e-05,1320,255,2.1153652749858964,1.1537602573806621e-07,0.8756647011996243,0.8348287722004099,0.82450779023954,0.8454348454292333,0.9490760661535944,COMPLETE
1685,0.8297244180847296,2026-06-02 11:40:29.911442,2026-06-02 11:40:55.250858,0 days 00:00:25.339416,0.908497396323233,0.6905666928370738,0.017486732087921824,8,10,0.004826189283399351,1340,239,1.2230754769126428e-06,1.0915198608640917e-06,0.8701576458782903,0.8297244180847296,0.8093722002991647,0.8511573638800245,0.9467189683503304,COMPLETE
1686,0.8371589183818499,2026-06-02 11:40:55.261048,2026-06-02 11:41:35.308398,0 days 00:00:40.047350,0.916540773807303,0.8071050738261732,0.015748141713541674,16,10,0.009756565959928536,1400,255,0.0001887514542551882,4.352482755439531e-07,0.8786551476109062,0.8371589183818499,0.835121150164387,0.8392590146151032,0.9507910776724396,COMPLETE
1687,0.836731700101062,2026-06-02 11:41:35.334826,2026-06-02 11:42:11.035158,0 days 00:00:35.700332,0.9323824390883467,0.679748993495898,0.028897983798395397,16,10,0.0026919942037088433,1360,247,1.5931843582672944e-05,2.294648093133908e-07,0.8794659310721528,0.836731700101062,0.8425904574602789,0.8309867910790542,0.9509876862282467,COMPLETE
1688,0.8365837911901935,2026-06-02 11:42:11.045471,2026-06-02 11:42:47.976368,0 days 00:00:36.930897,0.9415392366496025,0.6679978473237613,0.017007315809804625,14,10,0.0069282946752684755,1380,239,0.00045983748335626804,0.04256780730233637,0.877907532349227,0.8365837911901935,0.8324085951516889,0.8408454393548621,0.9505766929052752,COMPLETE
1689,0.8380361139330912,2026-06-02 11:42:47.987438,2026-06-02 11:43:23.489796,0 days 00:00:35.502358,0.9223692074500452,0.6601339129864928,0.016434343719617935,16,10,1.4132002099113451e-05,1340,231,3.532810179445155e-05,3.2291596256478643e-07,0.8790026360733073,0.8380361139330912,0.8339151651405349,0.842233595912336,0.9508227545033323,COMPLETE
1690,0.8336743931124032,2026-06-02 11:43:23.501618,2026-06-02 11:44:08.356845,0 days 00:00:44.855227,0.7586796363540325,0.6548364250033523,0.015006563796726735,16,70,0.002693886521853158,1380,247,8.487012383839499e-05,5.991257348158814e-07,0.8750750282237042,0.8336743931124032,0.825190279046081,0.8423468686283947,0.9491385927896422,COMPLETE
1691,0.8280013822590268,2026-06-02 11:44:08.367961,2026-06-02 11:44:23.762087,0 days 00:00:15.394126,0.936227022917891,0.6728355462977635,0.01577232018376744,16,10,0.007301558640685906,460,255,2.261786829741125e-05,4.909014227347903,0.8688730332314017,0.8280013822590268,0.8078553666142444,0.8492026535419394,0.9455362085852851,COMPLETE
1692,0.8367831051977128,2026-06-02 11:44:23.773372,2026-06-02 11:45:01.874119,0 days 00:00:38.100747,0.9290525128104263,0.686416429714831,0.017790977841086512,12,10,0.004894083474019378,1400,239,9.517730462853238e-06,0.1750599155937708,0.8779285904114906,0.8367831051977128,0.8317440145128773,0.8419219803784248,0.9502990002745711,COMPLETE
1693,0.8368246098624605,2026-06-02 11:45:01.884572,2026-06-02 11:45:38.991391,0 days 00:00:37.106819,0.9451215241109712,0.6500525275288639,0.01676288573689187,16,10,0.011378804106063144,1360,247,0.00013795696872226775,0.019093482505684687,0.8782128960388894,0.8368246098624605,0.8334919279590921,0.8402222082870394,0.9507963715159303,COMPLETE
1694,0.8374718859324508,2026-06-02 11:45:39.012120,2026-06-02 11:46:17.568232,0 days 00:00:38.556112,0.9499466348823613,0.6646522750437542,0.016044853538463546,16,10,0.002634890879415253,1380,255,5.079689242722418e-05,1.1662050654392033e-06,0.8788025640254569,0.8374718859324508,0.8348531747155953,0.8401372128208132,0.9508114135170067,COMPLETE
1695,0.8368547137470069,2026-06-02 11:46:17.579326,2026-06-02 11:46:48.825887,0 days 00:00:31.246561,0.9158199850877153,0.676981346081037,0.015497050583694211,16,10,0.0028405895031686206,1120,247,0.00023043991462675523,0.00011845953752499821,0.8776337615738714,0.8368547137470069,0.8294611679135713,0.8444149624320906,0.9503220678512503,COMPLETE
1696,0.8364714051162819,2026-06-02 11:46:48.837018,2026-06-02 11:47:27.987964,0 days 00:00:39.150946,0.9233240706806359,0.6600083175339673,0.01706166425800188,16,20,0.0073722868710470145,1400,239,7.798424930930367e-05,4.5979148381354957e-07,0.877886475284834,0.8364714051162819,0.8327060065014636,0.840307186900073,0.9506626516969972,COMPLETE
1697,0.8363320555830148,2026-06-02 11:47:27.999111,2026-06-02 11:47:57.133383,0 days 00:00:29.134272,0.9356133085026861,0.6692602666284093,0.016233242975253685,16,10,0.017252685731506557,1320,175,0.00010521930310607596,8.171468873486838e-07,0.8768019306943139,0.8363320555830148,0.8260243534074833,0.8469363108167505,0.9498757259137193,COMPLETE
1698,0.83712006981445,2026-06-02 11:47:57.144535,2026-06-02 11:48:32.690162,0 days 00:00:35.545627,0.9292107326614132,0.6820814761485907,0.01881655574642829,-1,10,0.004922960198447225,1360,239,4.1242683012474706e-05,2.105206074617293e-07,0.8788236257465791,0.83712006981445,0.8364691251297839,0.8378141735476206,0.9512202616772901,COMPLETE
1699,0.8371856315388587,2026-06-02 11:48:32.701422,2026-06-02 11:49:11.483375,0 days 00:00:38.781953,0.9398220614464567,0.6923959176187428,0.015834969458283756,16,10,0.010133173074713491,1340,255,6.0278894402429073e-05,0.2800175363484162,0.8783182016508894,0.8371856315388587,0.8327240029169664,0.8417236736745565,0.9507046066259691,COMPLETE
1700,0.837133893726724,2026-06-02 11:49:11.493694,2026-06-02 11:49:49.725688,0 days 00:00:38.231994,0.9115331539641919,0.7020617133968287,0.016683871943854744,16,10,0.0029004072798415976,1400,247,1.465419085402588e-05,2.936896860803282e-07,0.8786762109951459,0.837133893726724,0.8353872631742608,0.8389190496033908,0.9508217811958032,COMPLETE
1701,0.8309987435496954,2026-06-02 11:49:49.737266,2026-06-02 11:50:32.014291,0 days 00:00:42.277025,0.9310492286424271,0.6640055067845974,0.05002933063009081,16,80,3.154757823957237e-06,1380,231,0.00016464730124637263,6.481012954923891e-07,0.8752329615286283,0.8309987435496954,0.8368128438791974,0.8252924607969336,0.9483752506532735,COMPLETE
