number,value,datetime_start,datetime_complete,duration,params_bagging_fraction,params_feature_fraction,params_learning_rate,params_max_depth,params_min_child_samples,params_min_split_gain,params_n_estimators,params_num_leaves,params_reg_alpha,params_reg_lambda,user_attrs_accuracy,user_attrs_f1,user_attrs_precision,user_attrs_recall,user_attrs_roc_auc,state
884,0.8375627336691136,2026-06-02 03:51:44.860825,2026-06-02 03:52:21.602167,0 days 00:00:36.741342,0.9215282558908167,0.6715110749053426,0.01719885209196219,16,10,0.006462170644190787,1360,255,5.0220356817009984e-05,7.111677198683072e-07,0.8790342140195561,0.8375627336691136,0.8360756023653487,0.8390889947914629,0.9509148170100494,COMPLETE
885,0.8355915805640173,2026-06-02 03:52:21.611689,2026-06-02 03:52:45.451284,0 days 00:00:23.839595,0.9387614502035363,0.6818934360990895,0.015883957233716214,16,10,0.0032735371587684532,860,247,5.3440383549048035e-05,4.2543425452373513e-07,0.8761069580936173,0.8355915805640173,0.8244135650397793,0.8471062415592289,0.949866856271686,COMPLETE
886,0.8376002299527672,2026-06-02 03:52:45.469877,2026-06-02 03:53:23.565994,0 days 00:00:38.096117,0.9161281966656333,0.6707045246243335,0.016523743646486302,16,10,0.015068951372420683,1400,255,3.4841308411885834e-05,9.721731969698563e-07,0.8790342173457911,0.8376002299527672,0.8359289383400239,0.8393156726415231,0.9508347328202017,COMPLETE
887,0.8370902485681816,2026-06-02 03:53:23.576287,2026-06-02 03:53:58.657667,0 days 00:00:35.081380,0.9250754210075868,0.6987449262379573,0.01577919111146475,16,10,0.007722353909530373,1320,247,7.439559157557938e-05,1.6111076670572705e-06,0.8782971379340259,0.8370902485681816,0.8329838408865093,0.8412703805720092,0.9506574592942814,COMPLETE
888,0.8288378912104095,2026-06-02 03:53:58.667648,2026-06-02 03:54:10.863567,0 days 00:00:12.195919,0.8148477166192278,0.7031600584912163,0.015470461328898859,16,20,0.1128268126756799,400,247,9.920723308219863e-06,2.8078745008421967e-07,0.8695890422738333,0.8288378912104095,0.8091384295913057,0.8495425776244696,0.9458579819765905,COMPLETE
889,0.836312112080663,2026-06-02 03:54:10.873624,2026-06-02 03:54:47.270656,0 days 00:00:36.397032,0.912212091658412,0.822298557125193,0.01696096977396577,12,10,0.004504160465984414,1380,239,2.6089051682839276e-05,5.520558361283583e-07,0.8776337609086244,0.836312112080663,0.831666077786129,0.84104377013472,0.9501927037345963,COMPLETE
890,0.837265532993161,2026-06-02 03:54:47.280557,2026-06-02 03:55:24.036002,0 days 00:00:36.755445,0.9194873091677178,0.6853755836336051,0.016283072077468187,16,10,0.002694003000157038,1360,255,5.578490852261117e-05,4.1623800220321425e-07,0.8786972650659274,0.837265532993161,0.8349773166188422,0.839598965181222,0.9508618825168749,COMPLETE
891,0.836725881403621,2026-06-02 03:55:24.045627,2026-06-02 03:55:52.671495,0 days 00:00:28.625868,0.9315991619141868,0.6776817355751537,0.015503366040911166,16,10,0.010354911833107926,1040,255,3.949867086047703e-05,8.24243028733508e-07,0.8775179417324864,0.836725881403621,0.8291992576581136,0.8444149479864969,0.9502891768133662,COMPLETE
892,0.837676136635855,2026-06-02 03:55:52.681319,2026-06-02 03:56:29.759906,0 days 00:00:37.078587,0.9232888181647161,0.6694213162981694,0.01700416002582717,16,10,0.005329339033347665,1400,247,6.873003907086441e-05,2.0229520352007404e-07,0.8790658012792631,0.837676136635855,0.8358275039833871,0.8395705940350301,0.950907360445466,COMPLETE
893,0.8381153955155396,2026-06-02 03:56:29.770235,2026-06-02 03:57:06.232005,0 days 00:00:36.461770,0.9370345989613191,0.6660960892538549,0.015009241168999436,16,10,0.002880246805259381,1340,255,1.791158995594471e-05,5.68954329388928e-07,0.8789289110685443,0.8381153955155396,0.8330781741164223,0.8432534355726974,0.9507184868275163,COMPLETE
894,0.8377291210751522,2026-06-02 03:57:06.242323,2026-06-02 03:57:40.487249,0 days 00:00:34.244926,0.9407080669344617,0.6663854855023287,0.016107542286177036,16,10,0.007766247288039956,1320,239,8.35280160565043e-06,1.9824412248860146e-06,0.8786867391947192,0.8377291210751522,0.8330072135998173,0.8425452018158516,0.9507327279122911,COMPLETE
895,0.8376314793987533,2026-06-02 03:57:40.506177,2026-06-02 03:58:16.061323,0 days 00:00:35.555146,0.9409280874602933,0.6662077438926055,0.017634311834174816,16,10,0.011553854227993557,1320,255,1.2578934920308125e-05,1.0345244584579465e-06,0.8789710404980123,0.8376314793987533,0.8353464457501499,0.8399672098503657,0.9507894531674926,COMPLETE
896,0.8364659006780132,2026-06-02 03:58:16.071515,2026-06-02 03:58:53.238726,0 days 00:00:37.167211,0.9374769366529677,0.6664636028846697,0.015002407483448789,16,20,0.007988169817225693,1340,247,1.8618892982092893e-05,7.080442113129452e-07,0.8774863438288266,0.8364659006780132,0.8300360938202149,0.8430268130974135,0.9505137380861646,COMPLETE
897,0.8381916929437092,2026-06-02 03:58:53.249641,2026-06-02 03:59:28.056956,0 days 00:00:34.807315,0.9359999777302881,0.671592647564229,0.016464489826902184,16,10,0.004970966566044089,1340,239,1.3788446222491693e-05,0.00024085922351526468,0.8791921629577854,0.8381916929437092,0.8345641093210477,0.8418936333082225,0.9507857447294933,COMPLETE
898,0.8358086101407497,2026-06-02 03:59:28.066925,2026-06-02 04:00:00.698399,0 days 00:00:32.631474,0.9362505322109247,0.6743301079223544,0.033562588290291094,16,10,0.014986346799073121,1320,239,7.324390455467327e-06,0.0002435876842594302,0.8789710301866832,0.8358086101407497,0.8429696170073258,0.8288054173365028,0.9506542733983414,COMPLETE
899,0.8378256616518053,2026-06-02 04:00:00.707654,2026-06-02 04:00:35.573213,0 days 00:00:34.865559,0.9408571566200782,0.680497371406512,0.015848766261905012,16,10,0.010611652197278908,1340,239,1.2393211693554325e-05,8.536941312975328e-05,0.8787815039674522,0.8378256616518053,0.833241059005993,0.8424885486046295,0.9506499200247394,COMPLETE
900,0.8374143884435319,2026-06-02 04:00:35.583799,2026-06-02 04:01:09.873433,0 days 00:00:34.289634,0.9377338756795631,0.6705454681982116,0.015468294796692842,16,10,0.005672405795576936,1320,239,1.6359450637835367e-05,0.0004248456758542032,0.8783497862496082,0.8374143884435319,0.8319950877554549,0.8429418152235882,0.9506707802997999,COMPLETE
901,0.8361088725501525,2026-06-02 04:01:09.882678,2026-06-02 04:01:43.168600,0 days 00:00:33.285922,0.9351554889651601,0.6928583858880915,0.029321436881161185,16,10,0.008900761855669808,1340,239,1.2273241018603517e-05,0.0001053281750754058,0.8788341489567993,0.8361088725501525,0.8407305298864612,0.8315817593426384,0.9508050203278784,COMPLETE
902,0.8363031559384212,2026-06-02 04:01:43.178822,2026-06-02 04:02:20.082555,0 days 00:00:36.903733,0.9342041709140138,0.672759005483923,0.016364307153348568,16,20,0.01213317903741057,1360,239,9.149975245576948e-06,0.00022155722967065253,0.8775389968011383,0.8363031559384212,0.8310357861046048,0.8416669987949437,0.9505583526398415,COMPLETE
903,0.8366580863946909,2026-06-02 04:02:20.092218,2026-06-02 04:02:56.770249,0 days 00:00:36.678031,0.8252816072382425,0.6840000727049134,0.016036311241142766,16,10,0.006865200814881533,1360,239,1.5403374831294494e-05,1.6614163736609238e-06,0.8780128369633563,0.8366580863946909,0.8328082833948193,0.8405621419999654,0.95063473081793,COMPLETE
904,0.8371724727018242,2026-06-02 04:02:56.789537,2026-06-02 04:03:31.452377,0 days 00:00:34.662840,0.9388420163080768,0.6766907119503325,0.016916114958473706,16,10,0.004856114071801887,1320,247,7.1890432464524965e-06,0.00032654769536000265,0.8784972029967824,0.8371724727018242,0.8339929448856346,0.8404205246213037,0.9508713071239056,COMPLETE
905,0.8375623437805472,2026-06-02 04:03:31.462862,2026-06-02 04:04:08.112970,0 days 00:00:36.650108,0.9320872111537347,0.6655669185493568,0.015530272317493168,16,10,0.0033492868552130258,1380,247,2.293427731783682e-05,1.2340682032024935e-06,0.8786130284927673,0.8375623437805472,0.8332034069741435,0.8420069517686614,0.9508260842802431,COMPLETE
906,0.8347932817104757,2026-06-02 04:04:08.123385,2026-06-02 04:04:42.436497,0 days 00:00:34.313112,0.9293646607527083,0.6688751117008152,0.016425792121302657,10,10,0.009210512042434088,1400,247,2.2267327025396975e-05,0.0001881426616376214,0.8755804636285935,0.8347932817104757,0.8241228382653546,0.8457747574737686,0.9494664944559338,COMPLETE
907,0.8346915349783283,2026-06-02 04:04:42.445896,2026-06-02 04:05:09.769753,0 days 00:00:27.323857,0.9311989985272576,0.6804087872935441,0.017641048388774873,16,20,0.005411604181918925,1340,151,1.862817689848936e-05,0.00011691401755799735,0.8753593454929263,0.8346915349783283,0.8230636305016761,0.8466813340484673,0.9496641903287042,COMPLETE
908,0.8383894893307522,2026-06-02 04:05:09.780201,2026-06-02 04:05:45.745372,0 days 00:00:35.965171,0.936013915191044,0.6649748922768823,0.015592097118765316,16,10,0.007766365349555721,1380,239,1.1664584079599535e-05,0.0003244838094340666,0.8792553467906582,0.8383894893307522,0.834178352855392,0.8426868625312948,0.9506971213080692,COMPLETE
909,0.8369713546631972,2026-06-02 04:05:45.755774,2026-06-02 04:06:20.276715,0 days 00:00:34.520941,0.9417193645097078,0.6708488129048974,0.015433801746213591,16,10,0.014175431248400528,1320,239,1.2623918522170401e-05,0.0003625302765895854,0.8781391853369378,0.8369713546631972,0.8323833653898212,0.8416386300563509,0.9505107986281328,COMPLETE
910,0.827424356036361,2026-06-02 04:06:20.286913,2026-06-02 04:06:43.932701,0 days 00:00:23.645788,0.9380724021807059,0.6765018496584138,0.015578835701304286,8,10,0.012196353677558286,1340,239,1.1445767484255828e-05,2.2995348097100984e-07,0.8680095731815737,0.827424356036361,0.8048408366375219,0.8513556778066897,0.945887013838084,COMPLETE
911,0.8373885050642657,2026-06-02 04:06:43.942026,2026-06-02 04:07:19.514008,0 days 00:00:35.571982,0.9387803382456382,0.6867651359046135,0.015458173582397145,16,10,0.0164491030010918,1360,239,4.89678329799461e-06,0.00020949818370452907,0.878412966756246,0.8373885050642657,0.8325517329955278,0.8423185769329686,0.9506593796835784,COMPLETE
912,0.8348328074692389,2026-06-02 04:07:19.523387,2026-06-02 04:08:00.571859,0 days 00:00:41.048472,0.8073060625153414,0.6656794769401774,0.0157698798094605,16,50,0.009337598064940809,1360,239,7.321982664746187e-06,0.000619578424338617,0.8762333067998224,0.8348328074692389,0.8282364240503727,0.84155366829651,0.949662634322066,COMPLETE
913,0.8376476807390182,2026-06-02 04:08:00.582350,2026-06-02 04:08:35.192595,0 days 00:00:34.610245,0.9340522903028106,0.6725219594798786,0.015009364407832035,16,10,0.009598361550346763,1320,239,7.128826840428485e-06,0.0004954929822200447,0.8785182647179047,0.8376476807390182,0.8322050783920157,0.8431967823614754,0.9505134744305952,COMPLETE
914,0.8354540784712192,2026-06-02 04:08:35.202726,2026-06-02 04:09:11.256521,0 days 00:00:36.053795,0.9400227989775402,0.6660055092068963,0.015016869432951266,12,10,0.012529851418132683,1380,239,1.739561277765693e-05,0.0002329559965712002,0.8766018556528516,0.8354540784712192,0.8281879548212426,0.8428852053491475,0.9499777399288661,COMPLETE
915,0.8369461615043606,2026-06-02 04:09:11.275297,2026-06-02 04:09:47.655212,0 days 00:00:36.379915,0.9309945602616053,0.6803549318653263,0.01604632225406807,14,10,0.007286968602126464,1360,247,9.27509334777455e-06,0.0006382598473568257,0.8781286571373648,0.8369461615043606,0.8324193748802758,0.8415536971876976,0.9504710022705649,COMPLETE
916,0.8370929749650443,2026-06-02 04:09:47.665879,2026-06-02 04:10:23.340162,0 days 00:00:35.674283,0.9344845986415555,0.6735068058511432,0.01677334921972688,16,10,0.01035531053717507,1340,247,1.6951546921581267e-05,0.0006432878543701089,0.8784866664816215,0.8370929749650443,0.8342470060240611,0.8399955376597762,0.9507887404691756,COMPLETE
917,0.8372835009292144,2026-06-02 04:10:23.349454,2026-06-02 04:11:02.214815,0 days 00:00:38.865361,0.9426059250033065,0.6910109532567977,0.015007507206185497,16,20,0.007317901296369505,1380,255,1.448007305360838e-05,0.00016696451489278048,0.8782866024167356,0.8372835009292144,0.8321136792460807,0.8425452114462475,0.9506284126160075,COMPLETE
918,0.8372413624203746,2026-06-02 04:11:02.224398,2026-06-02 04:11:38.640205,0 days 00:00:36.415807,0.9281224499467774,0.6632796849996926,0.015860925822162985,16,10,0.0057870755542457405,1400,239,2.9062425338906766e-05,0.0002450457225921977,0.878507730863732,0.8372413624203746,0.8338040524001314,0.8407321040412304,0.9508867996262089,COMPLETE
919,0.8369610547045389,2026-06-02 04:11:38.649932,2026-06-02 04:12:14.285686,0 days 00:00:35.635754,0.9278610290936388,0.6699860292674318,0.016553946263730527,16,10,0.013972119822764452,1340,247,1.0204725830098818e-05,0.0003429582065621033,0.8784234936253249,0.8369610547045389,0.8343729033525268,0.8395989483280291,0.9507202442302313,COMPLETE
920,0.8368344959244535,2026-06-02 04:12:14.295839,2026-06-02 04:12:53.308474,0 days 00:00:39.012635,0.935591634982343,0.6632232019965189,0.01711627772843722,16,20,0.017052270991126953,1380,255,2.6459136393144543e-05,0.00014302853966008391,0.8784340115135688,0.8368344959244535,0.8349555642143566,0.8387490490405423,0.9506763138491209,COMPLETE
921,0.8375984244470809,2026-06-02 04:12:53.319025,2026-06-02 04:13:29.677132,0 days 00:00:36.358107,0.9279061589888441,0.678113452234001,0.01594688541973441,16,10,0.008188164119121712,1360,247,2.2189916572126984e-05,0.0004729972385832303,0.87886573654913,0.8375984244470809,0.8348093095188637,0.8404488259471256,0.9507583592520175,COMPLETE
922,0.833757647936396,2026-06-02 04:13:29.686551,2026-06-02 04:14:03.816875,0 days 00:00:34.130324,0.9417549674871681,0.6869328943855246,0.04637782816716184,16,10,0.0045782045489981636,1320,255,3.0591023180920764e-05,0.0003377496087381551,0.8780233538537296,0.833757647936396,0.8448640156153319,0.8229695274580955,0.950467717937599,COMPLETE
923,0.8376397791634621,2026-06-02 04:14:03.826446,2026-06-02 04:14:40.404824,0 days 00:00:36.578378,0.9329688582701479,0.6670567245951817,0.015531171172905586,16,10,0.010508661176446523,1400,239,1.6809729226778237e-05,0.0004399076431094162,0.8787709780962437,0.8376397791634621,0.8339363453555819,0.8414120340646555,0.9507096995759646,COMPLETE
924,0.8377998154933296,2026-06-02 04:14:40.414896,2026-06-02 04:15:21.324084,0 days 00:00:40.909188,0.9262997278326014,0.6617542078460363,0.01650355794016942,16,10,0.0033119344465583887,1360,247,3.153882848326706e-05,0.0012675919660413587,0.8789605076417099,0.8377998154933296,0.8346084877019023,0.8410437364283346,0.9509189940833741,COMPLETE
925,0.8379474924445337,2026-06-02 04:15:21.334038,2026-06-02 04:15:59.162730,0 days 00:00:37.828692,0.9365747142294103,0.6745575865896305,0.015564408146786115,16,10,0.006824250839292301,1380,255,2.4104153223214215e-05,0.0002916090740459859,0.8790973948588171,0.8379474924445337,0.8349355081307784,0.8410154086189241,0.9509111395848057,COMPLETE
926,0.836223833477533,2026-06-02 04:15:59.171869,2026-06-02 04:16:34.327933,0 days 00:00:35.156064,0.9260923889939744,0.6798496987262806,0.017604827535752855,16,10,0.0031596363847405003,1340,247,1.2271628748905606e-05,0.00021655256314832955,0.8780022917999838,0.836223833477533,0.8345239148911102,0.8379558318554648,0.9508187728939981,COMPLETE
927,0.8304099206976652,2026-06-02 04:16:34.346990,2026-06-02 04:16:54.641187,0 days 00:00:20.294197,0.9317471364801002,0.6694654013948912,0.01617754850894454,16,100,0.004937276864707328,680,239,5.979478558421153e-06,0.0001611832815103806,0.8709684389856189,0.8304099206976652,0.8117480296911398,0.8499675092112208,0.9473191328637048,COMPLETE
928,0.8371424823691296,2026-06-02 04:16:54.651449,2026-06-02 04:17:33.375385,0 days 00:00:38.723936,0.9419493288549072,0.6610546457399888,0.01698324064198377,16,20,0.007943576305095243,1380,255,3.226672723749557e-05,2.9863820896908493e-07,0.8785182464236113,0.8371424823691296,0.8342932040496277,0.8400522101317899,0.9505653534315366,COMPLETE
929,0.8368212502722329,2026-06-02 04:17:33.385870,2026-06-02 04:18:11.735935,0 days 00:00:38.350065,0.9256014314545746,0.790331113248381,0.015556930330356242,16,10,0.002830079208057363,1400,255,3.822762502086682e-05,0.0006833318125209377,0.8782655446870954,0.8368212502722329,0.8338495719190804,0.8398539299115102,0.9507441916683703,COMPLETE
930,0.8359704415524488,2026-06-02 04:18:11.755231,2026-06-02 04:18:53.233533,0 days 00:00:41.478302,0.9345697338174102,0.6685847220823596,0.015008751090105145,16,60,0.010974854292785226,1360,247,9.457380880779359e-06,3.409799288987512e-07,0.8767913748869889,0.8359704415524488,0.8274143744271839,0.8447265731508041,0.9497797295284082,COMPLETE
931,0.8367086695857747,2026-06-02 04:18:53.243682,2026-06-02 04:19:27.748811,0 days 00:00:34.505129,0.9242071654273728,0.6838588663756304,0.016136639100938092,16,10,0.00318326672989849,1320,239,1.7265294472388854e-05,5.955443167982121e-07,0.8779707108601235,0.8367086695857747,0.8323136214607322,0.8411853923285797,0.9507158447235714,COMPLETE
932,0.8342295942654315,2026-06-02 04:19:27.768190,2026-06-02 04:20:01.845730,0 days 00:00:34.077540,0.9298148623566245,0.6607436859313817,0.01661735750861546,10,10,0.006323878165520583,1400,231,4.276781243147688e-05,0.0008846589852348162,0.8752119224259052,0.8342295942654315,0.8239090173040169,0.844839889203644,0.9494568159430807,COMPLETE
933,0.8340599915583468,2026-06-02 04:20:01.855332,2026-06-02 04:20:44.004916,0 days 00:00:42.149584,0.9439182405785574,0.6965506719592729,0.015934622200977015,16,110,0.0029196623775632207,1360,255,2.3132598773333932e-05,1.7199416743305755e-07,0.8750539668352054,0.8340599915583468,0.8235629143353149,0.8448398675352532,0.9490731358201087,COMPLETE
934,0.8376077933418579,2026-06-02 04:20:44.062976,2026-06-02 04:21:19.356368,0 days 00:00:35.293392,0.9227306577840526,0.6730198736349491,0.015003484665951226,16,10,0.007599807627259661,1320,247,6.446085321451471e-05,3.108814975410309e-07,0.8785919744219859,0.8376077933418579,0.8328652388816759,0.8424319026162044,0.950581353874883,COMPLETE
935,0.8371854039456643,2026-06-02 04:21:19.366768,2026-06-02 04:21:57.262899,0 days 00:00:37.896131,0.9318944524598716,0.6646437951411374,0.01744128081878689,16,10,0.012627551114875091,1400,255,4.421524288525264e-05,5.112857958086169e-07,0.8788552043580747,0.8371854039456643,0.8364183402719078,0.8379841500344795,0.9509626968143218,COMPLETE
936,0.8059537391395043,2026-06-02 04:21:57.273406,2026-06-02 04:22:04.716660,0 days 00:00:07.443254,0.9379881041987487,0.678603424201863,0.0155622642556706,8,20,0.002858688266093751,440,247,2.4714281442350647e-05,8.322872788278216e-07,0.8496983485218411,0.8059537391395043,0.7747947211923686,0.8397688766629087,0.9342686183434052,COMPLETE
937,0.8371451987697273,2026-06-02 04:22:04.726792,2026-06-02 04:22:41.464113,0 days 00:00:36.737321,0.9100485319756155,0.659706150520385,0.016367992840101195,16,10,0.005500179577921896,1340,255,1.4571433980674136e-05,3.7927333403346876e-07,0.8784550778914203,0.8371451987697273,0.8338451976855423,0.8405054863811444,0.9508022855059538,COMPLETE
938,0.8369938655072174,2026-06-02 04:22:41.474371,2026-06-02 04:23:17.448430,0 days 00:00:35.974059,0.920549307558384,0.6711955644108042,0.01693238754141285,16,10,0.009304408674602839,1380,239,3.761799472270313e-06,1.83091992635208e-07,0.878402428910591,0.8369938655072174,0.8341056162385928,0.8399388772257573,0.9507160059562011,COMPLETE
939,0.8372137074170792,2026-06-02 04:23:17.459080,2026-06-02 04:23:53.893166,0 days 00:00:36.434086,0.9252582353251572,0.6914403014641611,0.01553076356434595,16,10,0.002815094515783412,1380,247,8.263912235718548e-05,0.0003503968091766269,0.8784445520202119,0.8372137074170792,0.833471878699486,0.8410154062113251,0.9506781813415683,COMPLETE
940,0.8376734910039532,2026-06-02 04:23:53.903845,2026-06-02 04:24:31.738209,0 days 00:00:37.834364,0.9149804043170171,0.6644136548560896,0.01599221974064595,16,10,0.005420397847514084,1360,255,9.092308420589661e-06,5.159339321820316e-07,0.8790447442148701,0.8376734910039532,0.835702376090778,0.83968391008787,0.9507884068189306,COMPLETE
941,0.8268294316201977,2026-06-02 04:24:31.748319,2026-06-02 04:24:49.639762,0 days 00:00:17.891443,0.9296087473545447,0.6759575297897664,0.016539902936179306,14,10,0.0029422156495400847,1340,63,5.656724777761809e-05,2.597741509378034e-07,0.867683158082118,0.8268294316201977,0.8050097437917083,0.8499108800759885,0.9455502322496505,COMPLETE
942,0.8365627226859146,2026-06-02 04:24:49.650210,2026-06-02 04:25:25.558183,0 days 00:00:35.907973,0.9110962685098599,0.6848925626580431,0.017057960699860573,12,10,0.00847260225891463,1400,231,9.979921880964317e-05,1.205678517603597e-06,0.8778759550682255,0.8365627226859146,0.8322696889053928,0.8409304420438853,0.9503113019178188,COMPLETE
943,0.8368419076603365,2026-06-02 04:25:25.576534,2026-06-02 04:26:02.337711,0 days 00:00:36.761177,0.9193103405178169,0.6591500737865768,0.015510800512554403,16,10,0.005530704130974764,1360,247,3.582515315636658e-05,7.383848658328554e-07,0.8781181236158155,0.8368419076603365,0.8327659111477416,0.8409870808095136,0.9507390934260148,COMPLETE
944,0.8374134701600672,2026-06-02 04:26:02.348028,2026-06-02 04:26:39.605068,0 days 00:00:37.257040,0.9364794741924192,0.6669108848605912,0.01780458531232737,16,20,0.0025002110903700296,1400,239,1.8006299619726155e-05,2.5526104698275966e-06,0.8786867318770017,0.8374134701600672,0.834302746410156,0.8405904794397717,0.9508355284846935,COMPLETE
945,0.837579551657166,2026-06-02 04:26:39.615749,2026-06-02 04:27:15.852817,0 days 00:00:36.237068,0.9223882114022218,0.6583032390035518,0.016097954685809476,16,10,0.011122008364773261,1320,255,5.550563527087971e-06,5.692196359922717e-07,0.8788130925576533,0.837579551657166,0.8344885096216242,0.8407321473780117,0.9508165287395318,COMPLETE
946,0.8359212215860495,2026-06-02 04:27:15.862528,2026-06-02 04:27:57.959993,0 days 00:00:42.097465,0.6999990572544961,0.673015198869243,0.015468250722694676,16,10,3.531780484397535e-05,1380,255,7.055958373683095e-05,3.172754757391794e-07,0.877739063859636,0.8359212215860495,0.8339523025939536,0.8379275136764502,0.9505086200809197,COMPLETE
