number,value,datetime_start,datetime_complete,duration,params_bagging_fraction,params_feature_fraction,params_learning_rate,params_max_depth,params_min_child_samples,params_min_split_gain,params_n_estimators,params_num_leaves,params_reg_alpha,params_reg_lambda,user_attrs_accuracy,user_attrs_f1,user_attrs_precision,user_attrs_recall,user_attrs_roc_auc,state
1954,0.8372127071305199,2026-06-02 14:21:42.769412,2026-06-02 14:22:20.876666,0 days 00:00:38.107254,0.9459098759290612,0.6556365753334397,0.015566419248776775,16,10,0.002714218312890785,1360,255,0.00024266469630071432,9.088682698946556e-07,0.8783603154470518,0.8372127071305199,0.8328996495463653,0.8416103479913207,0.9508042650697726,COMPLETE
1955,0.8366243944253454,2026-06-02 14:22:20.887940,2026-06-02 14:22:55.524848,0 days 00:00:34.636908,0.9220321093024099,0.6702228034869927,0.016369794067230048,16,20,0.007155950269809703,1260,239,3.007994070770381e-05,0.0022661851170820164,0.8776232327090514,0.8366243944253454,0.830315545915235,0.843055143314423,0.9504073354192518,COMPLETE
1956,0.8374385868518202,2026-06-02 14:22:55.536381,2026-06-02 14:23:32.460160,0 days 00:00:36.923779,0.9257292671900602,0.6598438427859753,0.01549942183110522,16,10,0.0045580443171904465,1320,247,5.1282702723606953e-05,1.2316960143745588e-07,0.8784550788892909,0.8374385868518202,0.8326301967244594,0.8423468999271811,0.9507710872530802,COMPLETE
1957,0.8382373728754943,2026-06-02 14:23:32.471042,2026-06-02 14:24:09.173272,0 days 00:00:36.702230,0.9368806733956961,0.6796706834560818,0.018137674788436156,16,10,0.014988518041575204,1380,239,0.00010129104891466888,7.819240619351855e-08,0.8794659377246231,0.8382373728754943,0.8362382710920047,0.8402788494602667,0.9508549595949676,COMPLETE
1958,0.835197508892719,2026-06-02 14:24:09.184233,2026-06-02 14:24:44.120852,0 days 00:00:34.936619,0.928304645909498,0.6767056750024801,0.019364963329678037,10,10,0.01410527646669308,1400,231,0.00015958173724158026,6.467634189356848e-08,0.876443902057893,0.835197508892719,0.8281718820686362,0.8423752301441908,0.9497149582784048,COMPLETE
1959,0.8371489688704233,2026-06-02 14:24:44.132565,2026-06-02 14:25:22.858297,0 days 00:00:38.725732,0.9191791769661509,0.669267628267424,0.018738747798385653,16,10,0.01470716807479722,1380,255,0.00012511586043489802,6.855513878588494e-08,0.8789289133969089,0.8371489688704233,0.837064476782086,0.8372758970168418,0.9509021269833227,COMPLETE
1960,0.8370317988716254,2026-06-02 14:25:22.878517,2026-06-02 14:25:58.350318,0 days 00:00:35.471801,0.9305036054968681,0.674113754888379,0.019193524341712356,16,10,0.018423557696390563,1320,247,0.00023137178605198158,1.1164499067843997e-07,0.8787077909371357,0.8370317988716254,0.8360305881991922,0.8380691671690964,0.9509020735101744,COMPLETE
1961,0.829942877873699,2026-06-02 14:25:58.361999,2026-06-02 14:26:23.447333,0 days 00:00:25.085334,0.9230319610356913,0.666174951324871,0.018497460488921345,8,10,0.01585863932882517,1340,255,0.00014138770032923607,1.6460710134934279e-07,0.8705051207031271,0.829942877873699,0.8106642312525593,0.8501941316865048,0.9470050764100956,COMPLETE
1962,0.8369265474250396,2026-06-02 14:26:23.459178,2026-06-02 14:27:00.049491,0 days 00:00:36.590313,0.9324740163847234,0.6783752221224754,0.01821930309613144,16,10,0.012632104293281519,1360,247,0.0001942424218200682,1.5829058912791411e-07,0.8785498433294004,0.8369265474250396,0.8353707134071194,0.8385224145272634,0.9508234821216212,COMPLETE
1963,0.8360751592636849,2026-06-02 14:27:00.061045,2026-06-02 14:27:37.337666,0 days 00:00:37.276621,0.9273937426564708,0.6712189512241588,0.019114397703843794,16,20,0.014678823777838454,1400,231,0.0001124035990345636,8.703664757692375e-08,0.8777285326664513,0.8360751592636849,0.8332595829818695,0.8389474014887909,0.9504745334945128,COMPLETE
1964,0.8366862529159637,2026-06-02 14:27:37.348739,2026-06-02 14:28:14.708465,0 days 00:00:37.359726,0.9154860501864442,0.740143821104365,0.015398993912746883,16,10,0.011794605164656798,1380,239,0.00010228695902383058,1.0748900423506412e-07,0.8779812410554376,0.8366862529159637,0.8324906934376197,0.8409587385545092,0.9505356498756544,COMPLETE
1965,0.8333304074620376,2026-06-02 14:28:14.720464,2026-06-02 14:29:00.219627,0 days 00:00:45.499163,0.9353751497786237,0.6644256496807842,0.01803112035025723,16,10,0.011126265447969517,1360,247,3.133513468206346,0.03921842617254198,0.8745274796878991,0.8333304074620376,0.82298788821377,0.8439616958131321,0.9484091515564247,COMPLETE
1966,0.8367069906989791,2026-06-02 14:29:00.231011,2026-06-02 14:29:37.792886,0 days 00:00:37.561875,0.9217186850947983,0.678568913576205,0.019541487287523692,14,10,0.014606378925195809,1400,239,0.00028975385385270324,0.0012690766566785707,0.8785919667716451,0.8367069906989791,0.8365652959398672,0.836879302869897,0.9506271295532595,COMPLETE
1967,0.8373437951551407,2026-06-02 14:29:37.804230,2026-06-02 14:30:13.785754,0 days 00:00:35.981524,0.9286292177272625,0.6722844715842091,0.018910738522983927,16,10,0.009879468688529729,1300,255,0.00013194300223809375,5.856499680384751e-08,0.8789920942361701,0.8373437951551407,0.8367101411034182,0.8380124850666868,0.9509323248905681,COMPLETE
1968,0.835908200426431,2026-06-02 14:30:13.797491,2026-06-02 14:30:52.122498,0 days 00:00:38.325007,0.936883451269316,0.6596180933286027,0.018520438034583687,12,20,0.018374463661906388,1340,247,0.0002016347201505878,4.2334081638907234e-08,0.8773283952232207,0.835908200426431,0.831245706303272,0.8406471326509938,0.9501109141373346,COMPLETE
1969,0.8351925919433837,2026-06-02 14:30:52.134231,2026-06-02 14:31:32.754926,0 days 00:00:40.620695,0.9050996140932572,0.667920039448715,0.018190111225447295,16,30,0.12833785698362887,1380,255,9.131920538285898e-05,1.421849539060051e-07,0.8768650789364703,0.8351925919433837,0.8310021752015871,0.8394572635365963,0.9500718071537878,COMPLETE
1970,0.8371274750410705,2026-06-02 14:31:32.775766,2026-06-02 14:32:02.875864,0 days 00:00:30.100098,0.9323734174144802,0.6801988865384083,0.017572553947550328,16,10,0.01215280177185081,1120,239,0.0001619552403585607,8.37874700739713e-08,0.8780654796243388,0.8371274750410705,0.8312610319027453,0.8431117700420564,0.9505004321531357,COMPLETE
1971,0.8359701144014822,2026-06-02 14:32:02.887370,2026-06-02 14:32:45.949816,0 days 00:00:43.062446,0.9145546870950909,0.6744220623587228,0.015022811155123635,16,40,0.011293917093350429,1400,247,8.679281252876612e-05,4.914037644721399e-08,0.8771178026261381,0.8359701144014822,0.829567691601042,0.8424885076754473,0.950038663502002,COMPLETE
1972,0.8371004829638206,2026-06-02 14:32:45.961522,2026-06-02 14:33:22.516315,0 days 00:00:36.554793,0.9257471368528641,0.6644175659482885,0.0159323671543917,16,10,0.010565701432650813,1360,239,0.00026709065031168844,6.762175594592723e-08,0.8783076677967165,0.8371004829638206,0.8330063065666725,0.8412703998328008,0.95057577096131,COMPLETE
1973,0.8371270132777696,2026-06-02 14:33:22.528176,2026-06-02 14:33:59.455568,0 days 00:00:36.927392,0.9357149870909964,0.657000358382718,0.017931363221199252,16,10,0.016564543194418947,1400,231,0.00012725820750166415,6.181988277258754e-08,0.8785393184560627,0.8371270132777696,0.8344831609227213,0.8398256045096987,0.9509048397222749,COMPLETE
1974,0.8375109406422072,2026-06-02 14:33:59.467307,2026-06-02 14:34:36.662741,0 days 00:00:37.195434,0.9219840420821674,0.6794155849272341,0.015853779283583485,16,10,0.009726201627202358,1360,247,7.964487584034542e-05,0.004555463792321252,0.878697266729045,0.8375109406422072,0.8339656740670235,0.8411287294869618,0.9507688169159451,COMPLETE
1975,0.8373012294861955,2026-06-02 14:34:36.674797,2026-06-02 14:35:16.204641,0 days 00:00:39.529844,0.9097229081826175,0.6618162785688896,0.015444108261933162,-1,10,0.008480095646090277,1340,255,0.13277763997220826,0.0004870713544988599,0.8785708990632995,0.8373012294861955,0.8339829689369411,0.8406754411996126,0.9508556202803105,COMPLETE
1976,0.8334911452281646,2026-06-02 14:35:16.216565,2026-06-02 14:36:00.048295,0 days 00:00:43.831730,0.9310508368009949,0.6728596025920712,0.019185575187459152,16,120,0.01368967201744889,1380,255,0.00019369962489967896,0.0008398053697966742,0.8749170749613691,0.8334911452281646,0.8248861773732571,0.842290188933584,0.948972283744904,COMPLETE
1977,0.8373826491169298,2026-06-02 14:36:00.059524,2026-06-02 14:36:36.764326,0 days 00:00:36.704802,0.9372636464842795,0.6550015561588358,0.015009734382681814,16,10,0.008840340695730711,1320,247,7.403934277005134e-05,8.767575956821115e-08,0.8784445466982357,0.8373826491169298,0.8327819139466475,0.8420635857190918,0.9506815481777094,COMPLETE
1978,0.8372924887358851,2026-06-02 14:36:36.776295,2026-06-02 14:37:14.260375,0 days 00:00:37.484080,0.9185765341719045,0.6501090098982129,0.016745772693218124,16,10,0.008758456783341945,1400,239,0.0001304212477622103,8.301085522213023e-08,0.8785814329174723,0.8372924887358851,0.8340835443845518,0.8405621155163768,0.950758570526876,COMPLETE
1979,0.834040613740767,2026-06-02 14:37:14.272398,2026-06-02 14:37:56.896580,0 days 00:00:42.624182,0.9266719280930492,0.6671411879456258,0.01620610221404354,16,110,0.020019155213700957,1360,239,8.482430621185447e-05,6.944806066780813e-08,0.8750329091055654,0.834040613740767,0.8235048648846576,0.8448682194206535,0.948966649090952,COMPLETE
1980,0.8369916603408182,2026-06-02 14:37:56.908564,2026-06-02 14:38:34.566492,0 days 00:00:37.657928,0.900335947817127,0.6830097482786178,0.017705818692256164,16,10,0.012279852426434635,1380,247,0.00029414688699978825,8.43501522860708e-08,0.8785498436620239,0.8369916603408182,0.8350769350573081,0.8389473509292126,0.9508955055517548,COMPLETE
1981,0.837193736146621,2026-06-02 14:38:34.578614,2026-06-02 14:39:12.050705,0 days 00:00:37.472091,0.9347130174608294,0.6725892687286306,0.015901516399687492,16,20,0.02341734477767466,1280,255,0.00011477399647425223,0.0019361010069688187,0.878233953435906,0.837193736146621,0.8321271820093844,0.8423468806663895,0.9506749943527067,COMPLETE
1982,0.8375711860472483,2026-06-02 14:39:12.062446,2026-06-02 14:39:48.865833,0 days 00:00:36.803387,0.9256153482315524,0.6622500763941123,0.017041121452427564,16,10,0.007551496892401871,1380,239,0.00017438461594944984,1.3306153888390775e-07,0.8789078593261275,0.8375711860472483,0.8351707550680993,0.8400239112135669,0.9508091721200825,COMPLETE
1983,0.8377714617096976,2026-06-02 14:39:48.877530,2026-06-02 14:40:24.220820,0 days 00:00:35.343290,0.9164605417264801,0.6822432310384133,0.016414498241476214,16,10,0.007315890418772094,1340,231,7.863324639942825e-05,0.0003164269449347593,0.8788130922250298,0.8377714617096976,0.8337102328151987,0.8418936164550298,0.9505745250178309,COMPLETE
1984,0.8329508713481527,2026-06-02 14:40:24.232882,2026-06-02 14:40:51.247830,0 days 00:00:27.014948,0.9377010385127695,0.6500905604662577,0.015648305440358227,10,10,0.010721237843795868,1100,247,6.358087827723276e-05,5.944199878411771e-08,0.8734008136508754,0.8329508713481527,0.8173072389432484,0.8492309789437509,0.9481918701564706,COMPLETE
1985,0.8371652284105323,2026-06-02 14:40:51.259527,2026-06-02 14:41:33.148380,0 days 00:00:41.888853,0.9306320796432399,0.6677721663305853,0.015003529176683244,16,20,0.00763030850959719,1400,255,0.00010988804800855654,0.12868506919785846,0.8782655440218484,0.8371652284105323,0.8324544785253677,0.8419502672586529,0.9504604009690895,COMPLETE
1986,0.8377684995714788,2026-06-02 14:41:33.160353,2026-06-02 14:42:09.992868,0 days 00:00:36.832515,0.9108336587657538,0.6764614372785487,0.016703463110256108,16,10,0.006481356875739735,1340,247,0.00038424368555481364,0.00026057097087402967,0.8790342150174265,0.8377684995714788,0.8352150670650902,0.8403638256657012,0.9507489002132955,COMPLETE
1987,0.8377286693384018,2026-06-02 14:42:10.005230,2026-06-02 14:42:46.634051,0 days 00:00:36.628821,0.9408835541905515,0.6602764792164935,0.01733083341714959,16,10,0.015921240507978857,1360,239,0.0001752738239388779,0.013442009081959184,0.8789289173883912,0.8377286693384018,0.8346740504111869,0.840845448985258,0.9507473707840565,COMPLETE
1988,0.8299871375151547,2026-06-02 14:42:46.647233,2026-06-02 14:43:12.379271,0 days 00:00:25.732038,0.9225715126068545,0.6659567485887602,0.01870533760869657,8,10,0.006304442898250389,1400,255,6.12208349845288e-05,0.02617388123936135,0.8706841316951023,0.8299871375151547,0.8115633196072056,0.8492876056713845,0.9472257371211604,COMPLETE
1989,0.8381098829310822,2026-06-02 14:43:12.390230,2026-06-02 14:43:48.526094,0 days 00:00:36.135864,0.9322481389617606,0.6757119360209421,0.016088417180545274,16,10,0.009855930844919581,1320,247,0.00010421194698673788,1.2115620945813772e-07,0.8790342163479207,0.8381098829310822,0.8338371817575903,0.8424601967192294,0.9507111326754626,COMPLETE
1990,0.8361328918062965,2026-06-02 14:43:48.537555,2026-06-02 14:44:25.198936,0 days 00:00:36.661381,0.9384771726560618,0.6838472214226022,0.01591490312725674,16,20,0.005073160434838078,1380,223,0.00024226131692268036,0.00017363944443637177,0.8772441586500608,0.8361328918062965,0.8297602798295077,0.84263019246688,0.9505968426886819,COMPLETE
1991,0.8349513354509566,2026-06-02 14:44:25.210852,2026-06-02 14:45:07.414561,0 days 00:00:42.203709,0.9272608114859552,0.6594809690249536,0.016727901153803248,16,60,0.007428480152396249,1360,239,6.684950393794627e-05,0.06765940861396999,0.8762332991494813,0.8349513354509566,0.8277572388283586,0.8422902226399694,0.9498202880176617,COMPLETE
1992,0.836184093254977,2026-06-02 14:45:07.426762,2026-06-02 14:45:44.449257,0 days 00:00:37.022495,0.9200569847041021,0.668972487621806,0.015437264143770018,16,10,0.011391187150364062,1400,231,0.0001463352696974403,0.002515146979906601,0.877549519013488,0.836184093254977,0.8315821431048658,0.8408737719794704,0.9505744440440681,COMPLETE
1993,0.8361470977744889,2026-06-02 14:45:44.470154,2026-06-02 14:46:19.711676,0 days 00:00:35.241522,0.9348875443731508,0.770784990200026,0.01808156379780689,14,10,0.005170648811038108,1300,247,9.531501959848243e-05,0.0014303193226876047,0.8778970064780186,0.8361470977744889,0.8340942469941334,0.8382391532863512,0.950601953021445,COMPLETE
1994,0.8366666597219634,2026-06-02 14:46:19.723210,2026-06-02 14:47:00.112200,0 days 00:00:40.388990,0.939432738520316,0.6750160405718109,0.015006711604100739,16,10,0.013559823779891199,1380,255,0.0003278096682230926,0.2762700608687076,0.8778127685743645,0.8366666597219634,0.8314104725014276,0.8420352940236658,0.950563186952459,COMPLETE
1995,0.8301397272304394,2026-06-02 14:47:00.124268,2026-06-02 14:47:38.478346,0 days 00:00:38.354078,0.8002380032940863,0.6568588298233379,0.06627715960819039,12,10,0.005056311400676284,1360,239,6.539169531593808e-05,0.0008361689128608719,0.8752645547755588,0.8301397272304394,0.8405195670659135,0.8200515584429023,0.9479765106466594,COMPLETE
1996,0.8341985028862388,2026-06-02 14:47:38.489553,2026-06-02 14:48:21.504240,0 days 00:00:43.014687,0.9045020861870112,0.6827864754157632,0.016272406178873128,16,70,0.09380611012159927,1400,231,0.00019256278779848857,5.858077634301247e-08,0.8755067505982773,0.8341985028862388,0.8259551519751459,0.842630190059281,0.9494222554174888,COMPLETE
1997,0.8373561211560784,2026-06-02 14:48:21.515818,2026-06-02 14:48:58.544782,0 days 00:00:37.028964,0.9292358106394321,0.665838918808451,0.01709020930987022,16,10,0.007495275474046914,1340,247,5.040960064392574e-05,2.1523760263857284e-07,0.8787604415810829,0.8373561211560784,0.8350439256746792,0.8397122547504732,0.95068080837375,COMPLETE
1998,0.8372408090743827,2026-06-02 14:48:58.556030,2026-06-02 14:49:38.017443,0 days 00:00:39.461413,0.9134192197912485,0.6555746216906555,0.015481231778077066,16,10,0.004374011432476409,1380,255,0.00012910057447983067,0.003468059210329189,0.8786235550292227,0.8372408090743827,0.8345835953534668,0.8399389037093458,0.950780016802809,COMPLETE
1999,0.8372308171732211,2026-06-02 14:49:38.028763,2026-06-02 14:50:14.089859,0 days 00:00:36.061096,0.9228917093413194,0.6710087641635958,0.01758892980161303,16,10,0.02817879201051586,1360,239,7.206775220991546e-05,0.0004037706577412074,0.8786762063384167,0.8372308171732211,0.8349877948261897,0.8395139576770009,0.9507258228792436,COMPLETE
2000,0.8359122894581904,2026-06-02 14:50:14.101729,2026-06-02 14:50:50.207409,0 days 00:00:36.105680,0.9322562162630341,0.6799662804121127,0.029879494312289884,16,10,0.008688900624676251,1320,255,0.0001037964705899649,0.055222959922969765,0.8788236121090148,0.8359122894581904,0.8414925427094125,0.8304485338090671,0.9507807798257545,COMPLETE
2001,0.8378757474021242,2026-06-02 14:50:50.219100,2026-06-02 14:51:29.749081,0 days 00:00:39.529981,0.9405734220510461,0.6619186557677537,0.016336817125244076,-1,20,0.004547186071372793,1400,247,7.774385410080172e-06,1.0880988180510995e-07,0.8789920912425585,0.8378757474021242,0.8345138296585785,0.8412986939358259,0.9509836432238074,COMPLETE
2002,0.8367818159812611,2026-06-02 14:51:29.761179,2026-06-02 14:52:07.620232,0 days 00:00:37.859053,0.9185295988225017,0.6865939805186523,0.01582566407046037,16,10,0.03728584455423976,1360,247,4.856910925630685e-05,2.975898111726447e-06,0.8781602490538013,0.8367818159812611,0.833311107355731,0.8403071604164843,0.9507467913037946,COMPLETE
2003,0.8332754998273256,2026-06-02 14:52:07.631471,2026-06-02 14:52:44.490124,0 days 00:00:36.858653,0.9262762221031755,0.6734531107741394,0.05863179312536147,16,10,0.002904367414218675,1400,239,0.00023882106200772562,0.0010543390223234288,0.878002293130478,0.8332754998273256,0.846760886769745,0.8202498651467707,0.9500789905271848,COMPLETE
2004,0.8372723087042712,2026-06-02 14:52:44.501921,2026-06-02 14:53:22.640825,0 days 00:00:38.138904,0.9348938499144619,0.6545929390420302,0.016734811319734907,16,10,0.010032410153054132,1380,247,0.00013526071128346128,2.014667900358763e-07,0.8787077886087712,0.8372723087042712,0.835049568919162,0.8395422758560155,0.9509104914716323,COMPLETE
2005,0.8366664172672705,2026-06-02 14:53:22.651772,2026-06-02 14:54:02.911377,0 days 00:00:40.259605,0.9102610221587635,0.6650466346530443,0.015491981000058882,16,10,0.0027515671265247884,1340,255,8.222662113587203e-05,0.7678863625990368,0.8777390655227536,0.8366664172672705,0.8308992776331028,0.8425452282994402,0.9504272480803063,COMPLETE
2006,0.8371835332019396,2026-06-02 14:54:02.923528,2026-06-02 14:54:38.488345,0 days 00:00:35.564817,0.9398721032473082,0.6788839782242442,0.016230733015594048,16,10,0.006540593453401472,1320,239,0.00017942819952477087,0.0015072365885176683,0.8782550124960403,0.8371835332019396,0.8323183419779459,0.8421485980385107,0.950696928263056,COMPLETE
2007,0.833804811882256,2026-06-02 14:54:38.500006,2026-06-02 14:55:16.466773,0 days 00:00:37.966767,0.9316089640250519,0.6694620248605919,0.05112984416698858,16,10,0.0027280466945726212,1400,255,4.770168726574616e-05,9.799547685017682e-08,0.8782339371373538,0.833804811882256,0.8462125475107606,0.821808019859494,0.9500963052913945,COMPLETE
2008,0.8365203926267268,2026-06-02 14:55:16.478920,2026-06-02 14:55:54.917820,0 days 00:00:38.438900,0.9253083394524292,0.6878713276348605,0.01729042467500796,16,20,0.012801739090535445,1360,247,0.00039621657007708695,0.00678825321762346,0.8779812320746027,0.8365203926267268,0.8331592144705487,0.8399388772257573,0.9504930474797719,COMPLETE
2009,0.8341930447024898,2026-06-02 14:55:54.929904,2026-06-02 14:56:30.219381,0 days 00:00:35.289477,0.9185653052519924,0.6628500038962957,0.04540209840635916,16,10,0.004895206171958269,1380,231,6.45809443441534e-05,1.3797510379804564e-06,0.8782234199143568,0.8341930447024898,0.8444842924520026,0.8241877364198983,0.9504416946607339,COMPLETE
2010,0.8372028670949877,2026-06-02 14:56:30.230332,2026-06-02 14:57:04.707400,0 days 00:00:34.477068,0.9437535788879831,0.6747045176014016,0.0154362390773662,16,10,0.00874687744126559,1280,239,0.00010011166696438,0.0005581531605080436,0.8780970695450341,0.8372028670949877,0.8311632263558791,0.8433667540331363,0.9505529335133254,COMPLETE
2011,0.8360081858524108,2026-06-02 14:57:04.718722,2026-06-02 14:57:47.188458,0 days 00:00:42.469736,0.9351483093192514,0.6500980487926501,0.016761290518784173,16,50,0.0026396584887518173,1340,255,0.00017555816615962035,0.10976653417751749,0.8772020335446985,0.8360081858524108,0.8299807434170278,0.8421485932233129,0.9500380225572759,COMPLETE
2012,0.8369859348747172,2026-06-02 14:57:47.200303,2026-06-02 14:58:12.664176,0 days 00:00:25.463873,0.9284132200106716,0.754890645305536,0.018297138355839078,16,10,0.006692043906175848,920,247,2.5096825352435796e-07,2.685033577801193e-07,0.8777917071858656,0.8369859348747172,0.8299837672247697,0.844131660261996,0.9502720012308913,COMPLETE
2013,0.8335717881599437,2026-06-02 14:58:12.676157,2026-06-02 14:58:48.569806,0 days 00:00:35.893649,0.9151832964309417,0.6592017897824376,0.03760919532103964,10,10,0.003121430020945041,1380,239,5.094327096486815e-05,5.5727885857531105e-05,0.8769387929646572,0.8335717881599437,0.8380504724186638,0.8291737390488135,0.949883690907039,COMPLETE
2014,0.8370542306890383,2026-06-02 14:58:48.581337,2026-06-02 14:59:29.175086,0 days 00:00:40.593749,0.9033161777537574,0.6843191203631951,0.01596552636893419,16,20,0.005148202923256728,1400,255,0.0001269694911452056,0.000246656290512144,0.8783076611442461,0.8370542306890383,0.8331861667516467,0.8409870856247115,0.9506398052544699,COMPLETE
2015,0.8371537995183727,2026-06-02 14:59:29.187005,2026-06-02 15:00:06.672573,0 days 00:00:37.485568,0.9407254520453111,0.6690447010440326,0.015498329334825686,16,10,0.010401111822360724,1360,247,5.13470550960351e-06,0.0023317376220009897,0.8783287261916035,0.8371537995183727,0.8329215348394404,0.8414686824606795,0.9507143830281164,COMPLETE
2016,0.8034064683435749,2026-06-02 15:00:06.683602,2026-06-02 15:00:12.678315,0 days 00:00:05.994713,0.9350302085047913,0.6784523532754717,0.01758441120902028,8,10,0.0030879204972174552,340,247,0.00026332623498733,1.9084376177099426e-06,0.8476450429262226,0.8034064683435749,0.7719688471185079,0.8375591678881499,0.9327149713533472,COMPLETE
