number,value,datetime_start,datetime_complete,duration,params_bagging_fraction,params_feature_fraction,params_learning_rate,params_max_depth,params_min_child_samples,params_min_split_gain,params_n_estimators,params_num_leaves,params_reg_alpha,params_reg_lambda,user_attrs_accuracy,user_attrs_f1,user_attrs_precision,user_attrs_recall,user_attrs_roc_auc,state
0,0.8310499469605309,2026-06-01 20:20:24.941795,2026-06-01 20:20:42.775629,0 days 00:00:17.833834,0.9409729556485982,0.6561753482887408,0.08239308900856526,14,90,0.02727374508106509,640,207,0.17433860342268107,7.032853236588588e-07,0.8743063472494205,0.8310499469605309,0.8303943983014076,0.8317233189389251,0.9476553964544371,COMPLETE
1,0.822339773343271,2026-06-01 20:20:42.835585,2026-06-01 20:20:51.647002,0 days 00:00:08.811417,0.709902134647508,0.8855527884179041,0.02587246099216343,10,60,0.006967561907999659,400,167,0.0002973787659849158,0.001423628142650151,0.8636923790393358,0.822339773343271,0.7975130830741225,0.8487776930640006,0.943043668733348,COMPLETE
2,0.821226745745983,2026-06-01 20:20:51.656518,2026-06-01 20:21:06.113068,0 days 00:00:14.456550,0.7985530730333811,0.6866114704534336,0.020360330298243964,8,60,0.03881699724000254,920,71,1.9913367728263115e-08,0.8131129951713353,0.8623761634994348,0.821226745745983,0.7939633565232201,0.8504490988243921,0.942725468233249,COMPLETE
3,0.8304606852890061,2026-06-01 20:21:06.122357,2026-06-01 20:21:27.834439,0 days 00:00:21.712082,0.6765477506155758,0.926562270506935,0.0262210224691796,10,80,0.04879954961448965,1000,167,5.068145116254201e-07,2.474177365968907e-08,0.8716212828220945,0.8304606852890061,0.8155248121690478,0.8459730449168452,0.9469330171648392,COMPLETE
4,0.8299662993129119,2026-06-01 20:21:27.843298,2026-06-01 20:21:45.372923,0 days 00:00:17.529625,0.7096147044602518,0.8816734307889972,0.02439168750543042,14,120,0.10602860157714257,660,223,1.1169577124462172e-08,0.12407220650925027,0.8710210803161074,0.8299662993129119,0.8136487029279316,0.8469645760285878,0.9467499093113702,COMPLETE
5,0.8311305053516373,2026-06-01 20:21:45.381804,2026-06-01 20:22:01.016674,0 days 00:00:15.634870,0.8688818535014192,0.7475549966080242,0.059738765504986774,10,40,0.07083223877429239,1080,71,0.0035163599046376553,0.5222002015831414,0.872821670537646,0.8311305053516373,0.8205000094125267,0.8420635929418886,0.9476248835331423,COMPLETE
6,0.8233389215848819,2026-06-01 20:22:01.030382,2026-06-01 20:22:06.848439,0 days 00:00:05.818057,0.8409231233791341,0.6594287557060203,0.053839817867668796,8,20,0.13613497108891395,320,215,5.42716780670553e-06,0.00026548573308223444,0.8643768171206125,0.8233389215848819,0.7980531378951907,0.8503074549621417,0.9436478581053219,COMPLETE
7,0.8312841695724726,2026-06-01 20:22:06.856888,2026-06-01 20:22:20.330340,0 days 00:00:13.473452,0.8911016230697343,0.9114381770563154,0.03129185028810098,14,80,0.08090133628734761,480,207,4.1972742403970905e-07,0.5812245567496177,0.8720635274090175,0.8312841695724726,0.8151992918531286,0.8480411724269267,0.9476395094370846,COMPLETE
8,0.8275010152739507,2026-06-01 20:22:20.343497,2026-06-01 20:22:43.613097,0 days 00:00:23.269600,0.716632343141219,0.7752233009446337,0.07471121935524463,14,70,0.14143645558687787,1180,119,1.1033295122429694e-07,8.64777236243511e-06,0.8719898050652425,0.8275010152739507,0.8289474215115075,0.8260857791011675,0.9458846492193009,COMPLETE
9,0.8260815081964937,2026-06-01 20:22:43.620993,2026-06-01 20:22:54.301187,0 days 00:00:10.680194,0.8328693001939691,0.6610660842063598,0.038000457919145046,8,40,0.04179696963549171,580,199,0.00023593357306984453,2.8042201973652807e-08,0.866872365307413,0.8260815081964937,0.8029218280835583,0.8506474175662552,0.9451765706022494,COMPLETE
10,0.8139568514695856,2026-06-01 20:22:54.319161,2026-06-01 20:23:00.912920,0 days 00:00:06.593759,0.9406392621641954,0.8307365443363959,0.015162051745232935,-1,110,0.0965569104935735,200,255,6.7654527140347166e-06,0.005795270432071719,0.8570691805585748,0.8139568514695856,0.7884329969650681,0.8412136888392038,0.9378845357143756,COMPLETE
11,0.8323643893702032,2026-06-01 20:23:00.922432,2026-06-01 20:23:18.630972,0 days 00:00:17.708540,0.8865566862816797,0.7454858750374425,0.04520930260638999,12,10,0.07772387484964778,1360,63,0.04419411232232685,1.9948409082457663,0.8733060385668133,0.8323643893702032,0.8188996583901829,0.8463130099285577,0.9480536757663236,COMPLETE
12,0.8282760473768255,2026-06-01 20:23:18.653712,2026-06-01 20:23:45.193048,0 days 00:00:26.539336,0.8953753297979709,0.7325311902298378,0.0386174030215851,12,10,0.08074010410772203,1320,111,4.616554144664194,4.059443574768765,0.869778570821429,0.8282760473768255,0.8122345338032321,0.844981549919087,0.9460177556040481,COMPLETE
13,0.8303729801091677,2026-06-01 20:23:45.201832,2026-06-01 20:24:14.138963,0 days 00:00:28.937131,0.7889519356237606,0.8087454013146314,0.049211237933788614,16,100,0.06750242008193506,1400,119,0.04197987189877339,0.021053453823828575,0.8734639758632197,0.8303729801091677,0.8274949170782434,0.83328144716806,0.9470943507420593,COMPLETE
14,0.8287505622218,2026-06-01 20:24:14.147490,2026-06-01 20:24:24.749855,0 days 00:00:10.602365,0.8957628846818466,0.9457214110753193,0.03279652821190379,12,40,0.10927980360603601,460,143,0.01060556128779822,0.04418249266378867,0.8695679842115697,0.8287505622218,0.8093048200707992,0.8491742968413414,0.9468165622274856,COMPLETE
15,0.8322716932058398,2026-06-01 20:24:24.758536,2026-06-01 20:24:48.185202,0 days 00:00:23.426666,0.7646979191064879,0.8418405398812634,0.04542328883653621,12,20,0.08829381323244141,820,255,1.406606529264714e-05,2.0560462710716623,0.8751803218612574,0.8322716932058398,0.8313759055653773,0.8331964541094328,0.9483745465239027,COMPLETE
16,0.8315563720472258,2026-06-01 20:24:48.193915,2026-06-01 20:25:12.577003,0 days 00:00:24.383088,0.7593602854245204,0.8429441929330833,0.04365590677192024,12,20,0.12209905583667471,860,239,1.1225096606782947,4.898617757113332,0.873706167694456,0.8315563720472258,0.824508776439984,0.8387490899697245,0.947445194156936,COMPLETE
17,0.8323242025597568,2026-06-01 20:25:12.585854,2026-06-01 20:25:31.024644,0 days 00:00:18.438790,0.7816410121426696,0.711457214717646,0.062498867342152,12,10,0.0647776401987401,1180,95,1.0885413728714594e-05,2.0872777729583926e-05,0.8750644903780492,0.8323242025597568,0.8304205172296664,0.8342729590190109,0.9486608046862665,COMPLETE
18,0.8337183861934889,2026-06-01 20:25:31.033513,2026-06-01 20:25:49.632667,0 days 00:00:18.599154,0.8350654608294961,0.719427472587173,0.06261310030928614,12,10,0.05775752982521226,1240,95,0.0012915682628421752,1.5148672443577019e-05,0.8764438977337873,0.8337183861934889,0.8340914566984018,0.8333948691552543,0.9488842496759867,COMPLETE
19,0.8324234245038397,2026-06-01 20:25:49.646794,2026-06-01 20:26:05.421142,0 days 00:00:15.774348,0.8254947924589976,0.7692951894591676,0.07590278940398378,-1,30,0.016972727166976787,1260,63,0.0031117139957927836,1.2100777792849869e-05,0.8747696568837008,0.8324234245038397,0.8280694040673451,0.8368509582072937,0.9482252911218964,COMPLETE
20,0.8324427399861802,2026-06-01 20:26:05.430385,2026-06-01 20:26:24.196703,0 days 00:00:18.766318,0.830067423167262,0.783167854190298,0.0712051112671289,-1,30,0.0039486084919526845,1260,87,0.0008631549340891731,8.487699184655475e-07,0.8754856795636966,0.8324427399861802,0.8327515103109988,0.8321482481180774,0.9485987747941714,COMPLETE
21,0.8304596631755916,2026-06-01 20:26:24.205248,2026-06-01 20:26:41.988299,0 days 00:00:17.783051,0.829818669176228,0.7874188718245971,0.08863107681774436,-1,30,0.001629257726892395,1200,87,0.0010579151637357415,1.056675002021699e-06,0.874295830359047,0.8304596631755916,0.83266755733429,0.8282954926911241,0.9480820482719797,COMPLETE
22,0.8313381744450171,2026-06-01 20:26:41.997227,2026-06-01 20:27:03.165749,0 days 00:00:21.168522,0.8179560439580935,0.7731888688037671,0.07086392560807504,-1,50,0.0192271763337201,1280,95,0.001743457826220031,3.263886986351183e-05,0.8745590599625125,0.8313381744450171,0.8309512222071285,0.8317516226723459,0.9477144072512033,COMPLETE
23,0.8329240591768808,2026-06-01 20:27:03.174513,2026-06-01 20:27:23.652917,0 days 00:00:20.478404,0.8570733224593358,0.7084416422818445,0.06536821612738962,-1,30,0.01979855301924823,1080,135,8.048089287526903e-05,1.0018556187543356e-06,0.8762543668578271,0.8329240591768808,0.8360164300207625,0.8298819439144717,0.9488591444770084,COMPLETE
24,0.8327957885316236,2026-06-01 20:27:23.661178,2026-06-01 20:27:43.943708,0 days 00:00:20.282530,0.8578514680820791,0.7053781494744029,0.0645196667655088,-1,30,0.05546797638030921,1060,143,6.13365582623066e-05,2.902894470274953e-07,0.876243829677419,0.8327957885316236,0.8364351097979057,0.8292303850372386,0.9488711436753502,COMPLETE
25,0.8335413411042509,2026-06-01 20:27:43.952963,2026-06-01 20:28:03.219260,0 days 00:00:19.266297,0.8583288759910501,0.6993397771547255,0.05975499683243973,16,20,0.056043475414499215,1020,143,0.00012835337977241043,1.8754042885667916e-07,0.8766018493330048,0.8335413411042509,0.8358527893214441,0.8312701052871435,0.9492217793146785,COMPLETE
26,0.8337928294474996,2026-06-01 20:28:03.230080,2026-06-01 20:28:22.950115,0 days 00:00:19.720035,0.9207676533564674,0.6926591551112634,0.05459773169337943,16,50,0.029305628465824837,980,143,5.1934087590348475e-05,1.3393272276216764e-07,0.8761490655699329,0.8337928294474996,0.8317936838980967,0.8358311329925261,0.949065562216559,COMPLETE
27,0.8336306185717651,2026-06-01 20:28:22.963964,2026-06-01 20:28:44.776573,0 days 00:00:21.812609,0.9164944816591906,0.6893334750030867,0.054464030991839295,16,50,0.035690886826693205,940,183,6.32261708459052e-05,1.2996591412046814e-07,0.8764965370685348,0.8336306185717651,0.8348091085698526,0.8324882347981806,0.9492264740355796,COMPLETE
28,0.8334229301027553,2026-06-01 20:28:44.785670,2026-06-01 20:29:02.495367,0 days 00:00:17.709697,0.9138992210706003,0.729754942561062,0.0537536879754231,16,50,0.031994759375907504,740,183,2.9649884810070078e-05,7.174658888076818e-08,0.8759911096466096,0.8334229301027553,0.8322104201901016,0.834669603725534,0.9491255880500278,COMPLETE
29,0.8307544364931528,2026-06-01 20:29:02.504493,2026-06-01 20:29:25.089880,0 days 00:00:22.585387,0.9457357741641658,0.6785755330535255,0.08415766053648985,16,70,0.029104780139104516,940,183,1.7638397293652577e-06,9.880604326426353e-05,0.8749486559012293,0.8307544364931528,0.8358614730878372,0.8257457707526736,0.947824117133682,COMPLETE
30,0.8340894864007206,2026-06-01 20:29:25.099007,2026-06-01 20:29:42.237405,0 days 00:00:17.138398,0.924882358129952,0.6516375726131939,0.05216751171710552,16,50,0.04191199268325933,720,183,0.010796294123152889,3.4894134014679736e-06,0.876275430907314,0.8340894864007206,0.8314551286288624,0.8367660157082447,0.9491537256064652,COMPLETE
31,0.8336185489866174,2026-06-01 20:29:42.251407,2026-06-01 20:30:00.677054,0 days 00:00:18.425647,0.9256447022486722,0.6505022345173972,0.05255205073726927,16,50,0.04397188891982306,780,183,0.012878436177681979,3.745507457626616e-06,0.8759489985114352,0.8336185489866174,0.8311546395443857,0.8361144231246259,0.9493035025642503,COMPLETE
32,0.8324369112398472,2026-06-01 20:30:00.684834,2026-06-01 20:30:16.376181,0 days 00:00:15.691347,0.9208293308642802,0.6774730979366256,0.04158049313689445,16,60,0.058028248457256876,680,159,0.19492372739528993,2.7152180999129605e-06,0.8738957065533808,0.8324369112398472,0.8223484649301956,0.8428001761765357,0.9487831148409333,COMPLETE
33,0.8326704126901238,2026-06-01 20:30:16.384380,2026-06-01 20:30:37.581495,0 days 00:00:21.197115,0.9284970140456483,0.6843672769614356,0.04985115889501593,16,60,0.0322158914487873,860,191,0.0005452346721851671,1.7037476108702503e-07,0.8754225090357645,0.8326704126901238,0.8314126830867474,0.8339613723762871,0.9489272323849894,COMPLETE
34,0.8317994178028109,2026-06-01 20:30:37.590470,2026-06-01 20:30:59.136625,0 days 00:00:21.546155,0.9073038934182737,0.6639382591968048,0.055139885716639254,16,80,0.04850713258313871,940,159,0.00912583341057073,0.00016548089175645052,0.874717017881577,0.8317994178028109,0.830172957783318,0.8334514525461065,0.9482673371194794,COMPLETE
35,0.8342249126181246,2026-06-01 20:30:59.154390,2026-06-01 20:31:11.693878,0 days 00:00:12.539488,0.9458088284815842,0.6919597221987924,0.058201649196140744,16,50,0.011709874229926285,560,167,0.000349244285223708,1.513470269278797e-08,0.8755909841778257,0.8342249126181246,0.826412843992725,0.8422052343965402,0.9488665951564711,COMPLETE
36,0.8283157394365833,2026-06-01 20:31:11.707005,2026-06-01 20:31:23.892746,0 days 00:00:12.185741,0.9468143942962981,0.7224302914744898,0.034032540378909994,10,90,0.010209550999965795,580,175,0.0003143128702378142,1.4509205615943898e-08,0.8690099161244031,0.8283157394365833,0.8075307972961573,0.8502225317238842,0.9464986654317125,COMPLETE
37,0.8310091540801542,2026-06-01 20:31:23.910418,2026-06-01 20:31:38.542110,0 days 00:00:14.631692,0.6504350035378261,0.7550017141570947,0.04776048783346299,16,70,0.023586928481805033,580,167,0.11586532375395499,4.164885601390779e-08,0.872832207718054,0.8310091540801542,0.821011058743558,0.8412704239087905,0.9472652442736799,COMPLETE
38,0.8305619794649596,2026-06-01 20:31:38.550955,2026-06-01 20:31:51.321913,0 days 00:00:12.770958,0.8785925323285404,0.6682014747510769,0.0777208640731513,8,40,0.015713008246690925,720,127,0.004255914699400133,0.0006637314174499008,0.8723688817852214,0.8305619794649596,0.8198133018133374,0.8416103479913207,0.9471749600299675,COMPLETE
39,0.8331002444969332,2026-06-01 20:31:51.330258,2026-06-01 20:32:03.657234,0 days 00:00:12.326976,0.9337459642093093,0.6953105631445787,0.06644507767892922,16,60,0.040325680087618596,440,223,0.032219849113014086,3.6220215996191175e-06,0.875243503033142,0.8331002444969332,0.8285445056602435,0.8377291828965922,0.9487378218098903,COMPLETE
40,0.8286676922351655,2026-06-01 20:32:03.666517,2026-06-01 20:32:12.347125,0 days 00:00:08.680608,0.9069902535365175,0.7209854746600964,0.02983614010328717,14,50,0.026258070395272247,360,151,0.00029384240387043427,1.1232337281910036e-08,0.8691994330301757,0.8286676922351655,0.8074296280795088,0.8510723443378084,0.946067705810703,COMPLETE
41,0.8345040285743943,2026-06-01 20:32:12.364451,2026-06-01 20:32:26.094510,0 days 00:00:13.730059,0.8743445487885855,0.682589130849914,0.05749316003468662,16,50,0.03714700737575346,520,199,3.037759804905783e-05,1.207309713103989e-07,0.8761490642394388,0.8345040285743943,0.8289697545240605,0.8401372007828183,0.9489144087780388,COMPLETE
42,0.8334792130221217,2026-06-01 20:32:26.108543,2026-06-01 20:32:40.065744,0 days 00:00:13.957201,0.8735916459569476,0.677055069956406,0.05750693830168107,16,40,0.011457152932059428,540,207,2.407354858374575e-05,3.9612563351110527e-07,0.8756962884593315,0.8334792130221217,0.8300385108013884,0.8369642766677327,0.9492029803242937,COMPLETE
43,0.8325039621920441,2026-06-01 20:32:40.074651,2026-06-01 20:32:54.271096,0 days 00:00:14.196445,0.9017709689044813,0.6549605035959505,0.06011388404555212,10,70,0.044940086017842176,640,199,0.0017955365150598757,5.137001506421652e-08,0.8739483462207517,0.8325039621920441,0.8224435719120207,0.8428284750947587,0.9479055243932132,COMPLETE
44,0.8290449278680957,2026-06-01 20:32:54.280255,2026-06-01 20:33:01.547590,0 days 00:00:07.267335,0.8829700246755268,0.6955318155022766,0.04022675549344318,16,60,0.051284007272865084,280,167,1.0281351991353729e-06,1.940002748528836e-06,0.8696311570678663,0.8290449278680957,0.8086321129574108,0.8505340774374256,0.9466428130239111,COMPLETE
45,0.8297267863737784,2026-06-01 20:33:01.557047,2026-06-01 20:33:19.674224,0 days 00:00:18.117177,0.8125950367187207,0.7411908694366869,0.07024372085895166,16,120,0.03673125407864193,640,215,5.383248813308301e-06,5.7824125577052555e-05,0.8732954897445824,0.8297267863737784,0.8289055578355641,0.8305618017099278,0.9468705023501146,COMPLETE
46,0.8175758756324664,2026-06-01 20:33:19.683044,2026-06-01 20:33:28.632210,0 days 00:00:08.949166,0.8462599062578856,0.6702299998709448,0.022882119537101897,8,40,0.07150850938732796,520,199,5.346627931953999e-08,8.516917749820635e-08,0.8593120113755539,0.8175758756324664,0.789095087099609,0.8482110718706185,0.9407313718752549,COMPLETE
47,0.8288170257944468,2026-06-01 20:33:28.641025,2026-06-01 20:33:36.742649,0 days 00:00:08.101624,0.947042589930825,0.713955518944374,0.0488774660253214,14,90,0.0647125828099499,400,111,0.00017159342918815758,4.6878991178324755e-07,0.8694100326123522,0.8288170257944468,0.8081319733269753,0.8506190969796417,0.9468181533190987,COMPLETE
48,0.8320018421192609,2026-06-01 20:33:36.751551,2026-06-01 20:33:57.587553,0 days 00:00:20.836002,0.8677770127326152,0.8785969469580253,0.05759941564361771,12,50,0.06119254252559861,760,239,3.0148798417593364e-06,9.885920911402805e-06,0.8753382601555342,0.8320018421192609,0.833543265349264,0.8305051894278882,0.9482621860705743,COMPLETE
49,0.8319950227922789,2026-06-01 20:33:57.596278,2026-06-01 20:34:24.080653,0 days 00:00:26.484375,0.892971579859491,0.6521826332905567,0.016707676811960528,16,80,0.02600883164204533,1120,151,3.2089222638564245e-05,3.037526904251372e-08,0.8725373685691058,0.8319950227922789,0.815492580042557,0.8492026607647364,0.9482970154892622,COMPLETE
50,0.8319764227679731,2026-06-01 20:34:24.089948,2026-06-01 20:34:39.570078,0 days 00:00:15.480130,0.9285930051994353,0.6868615385533149,0.08086688388005529,12,40,0.04891241784539248,700,175,0.0004905344052477177,1.0873575450840493e-08,0.8752434983764127,0.8319764227679731,0.8329730610602958,0.8310151237036627,0.9486679334653901,COMPLETE
51,0.8334602188860725,2026-06-01 20:34:39.579383,2026-06-01 20:35:00.797913,0 days 00:00:21.218530,0.9171666112247505,0.6911046329397158,0.05172937619766912,16,50,0.035814641138216724,880,191,8.21218918495694e-05,1.1263413362531397e-07,0.8761701223017025,0.8334602188860725,0.833272907127983,0.8336780918745831,0.9489943322861359,COMPLETE
52,0.833155833716262,2026-06-01 20:35:00.806434,2026-06-01 20:35:23.754742,0 days 00:00:22.948308,0.9356095755938572,0.6678504698247428,0.05527075936760392,16,60,0.037110702618916476,1000,175,6.254612281814821e-05,2.0767546177380067e-07,0.8761701189754673,0.833155833716262,0.8345115442740831,0.8318366807361453,0.9488353699754081,COMPLETE
53,0.833836250863032,2026-06-01 20:35:23.763911,2026-06-01 20:35:45.715678,0 days 00:00:21.951767,0.9107325944614315,0.7336030345899561,0.044059868149940846,16,50,0.010594924585121249,900,191,0.005584140159498562,2.7055948439942872e-08,0.8763175383836296,0.833836250863032,0.8327560001644193,0.8349529227488214,0.949332913179493,COMPLETE
54,0.8339831309059375,2026-06-01 20:35:45.724875,2026-06-01 20:36:07.146239,0 days 00:00:21.421364,0.9017783523575054,0.7602267489678994,0.04559360558576338,16,50,0.009408586083668811,800,215,0.006357372269368807,3.10728252205163e-08,0.8764860088689618,0.8339831309059375,0.8333039059871767,0.8346979243121476,0.9493360810554807,COMPLETE
55,0.832693364990849,2026-06-01 20:36:07.155387,2026-06-01 20:36:28.532584,0 days 00:00:21.377197,0.9023764975224923,0.7574278189440533,0.04427477513685255,16,50,0.008402682746155675,800,215,0.004725246905939266,2.1887160065542494e-08,0.8755383312055142,0.832693364990849,0.8320779765352692,0.8333380931564851,0.9493282779670786,COMPLETE
56,0.8345182660771856,2026-06-01 20:36:28.541693,2026-06-01 20:36:43.087673,0 days 00:00:14.545980,0.7228171830668704,0.7388834925842896,0.0466139197669853,16,40,0.001772369758817588,500,231,0.11893493554891128,2.836159201002336e-08,0.8760858830675543,0.8345182660771856,0.8284996820205573,0.8406471085750041,0.9486155788785581,COMPLETE
57,0.8333332535295525,2026-06-01 20:36:43.101605,2026-06-01 20:36:59.181723,0 days 00:00:16.080118,0.763471106615233,0.8014202732495953,0.03765640743153959,16,40,0.00015948079149294588,520,239,0.4545892652511416,3.022756508775878e-08,0.8749065470944196,0.8333332535295525,0.8254275771751454,0.8414120196190616,0.9487189364173273,COMPLETE
58,0.8297349311544302,2026-06-01 20:36:59.190770,2026-06-01 20:37:10.078290,0 days 00:00:10.887520,0.7234035576047556,0.7582866251255617,0.03459788097520702,10,40,0.013587463102165723,480,231,0.02661545193386972,6.045701267116826e-08,0.8704314189820104,0.8297349311544302,0.810955282243213,0.8494292519412338,0.9467434396748621,COMPLETE
59,0.8325853453740724,2026-06-01 20:37:10.087719,2026-06-01 20:37:27.792878,0 days 00:00:17.705159,0.7344253847230353,0.7405002476341755,0.04156028469713499,16,60,0.00668917185537324,600,223,0.09697696967648439,2.1996043932714305e-08,0.8746749060811555,0.8325853453740724,0.8268060290801125,0.8384657565008434,0.9483788992685515,COMPLETE
60,0.833381669202284,2026-06-01 20:37:27.801850,2026-06-01 20:37:39.738659,0 days 00:00:11.936809,0.8845352650262461,0.7304357466215156,0.046679298981871495,16,70,0.021652383924292598,420,215,0.01654268655122002,5.279362046512185e-07,0.8745064182994003,0.833381669202284,0.8226539581665334,0.8444149239105072,0.9486646538707583,COMPLETE
61,0.8338678636054704,2026-06-01 20:37:39.747425,2026-06-01 20:38:02.911336,0 days 00:00:23.163911,0.9368689577789832,0.7041892825700063,0.04389465175781757,16,50,0.0055124765086628225,900,191,0.6818973192525122,7.608147778867431e-08,0.87613853737036,0.8338678636054704,0.8314268739636826,0.8363410696758997,0.9491826155443573,COMPLETE
62,0.8312535427544914,2026-06-01 20:38:02.920434,2026-06-01 20:38:26.189952,0 days 00:00:23.269518,0.7040766849574518,0.7096051037510371,0.04334609416707431,16,40,0.005820436821684732,840,191,2.0735616857677353,5.161922278929456e-08,0.873642991511924,0.8312535427544914,0.8252777148383542,0.837332547820465,0.9472827738206524,COMPLETE
