number,value,datetime_start,datetime_complete,duration,params_bagging_fraction,params_feature_fraction,params_learning_rate,params_max_depth,params_min_child_samples,params_min_split_gain,params_n_estimators,params_num_leaves,params_reg_alpha,params_reg_lambda,user_attrs_accuracy,user_attrs_f1,user_attrs_precision,user_attrs_recall,user_attrs_roc_auc,state
127,0.8340542807981479,2026-06-01 20:58:52.466076,2026-06-01 20:59:11.938126,0 days 00:00:19.472050,0.9437027708604983,0.9402608725825213,0.020712021139951034,14,10,0.12493243982782472,680,255,0.012878690391733852,0.0020536578786739044,0.87525403455895,0.8340542807981479,0.8248626557598104,0.8434801182379555,0.9492345326013405,COMPLETE
128,0.8354903003611751,2026-06-01 20:59:11.946209,2026-06-01 20:59:33.625892,0 days 00:00:21.679683,0.932926813131255,0.8841271480965543,0.023844054012099533,14,20,0.07179081497148872,780,247,0.0797812351037945,0.005352522210725717,0.8766334385884531,0.8354903003611751,0.8282537355899672,0.8428851836807568,0.9495817249578741,COMPLETE
129,0.8287782497520714,2026-06-01 20:59:33.644265,2026-06-01 20:59:48.679275,0 days 00:00:15.035010,0.9490108566284146,0.9001620647332762,0.034680651035521926,8,10,0.09365783206259076,840,239,0.02687514882317495,2.1317118229478043,0.8695995551727246,0.8287782497520714,0.8094143083929491,0.8491176002933379,0.9464606363540679,COMPLETE
130,0.8322359023115885,2026-06-01 20:59:48.687958,2026-06-01 21:00:05.823599,0 days 00:00:17.135641,0.9116069927084522,0.9144926381599664,0.019160030130595553,14,10,0.13627586912180548,600,231,0.13267276565835648,0.3434613159117648,0.8728322067201835,0.8322359023115885,0.8164289976107977,0.8486927337117588,0.9482443892708569,COMPLETE
131,0.8352733869587249,2026-06-01 21:00:05.841960,2026-06-01 21:00:27.804726,0 days 00:00:21.962766,0.9346697170556452,0.88467474009122,0.022095065462594363,14,20,0.07193472350355563,780,247,0.08189039294108938,0.005175007868869221,0.8762438353320188,0.8352733869587249,0.8265438936579339,0.8442166557282222,0.9495757636165886,COMPLETE
132,0.8349654563878125,2026-06-01 21:00:27.814086,2026-06-01 21:00:48.618040,0 days 00:00:20.803954,0.9289201859948352,0.8674885364648928,0.023861886732693703,14,20,0.10160455282641499,740,239,0.29981515670766423,0.0317891275890277,0.8759490058291526,0.8349654563878125,0.8258281923652319,0.8443299934494529,0.9494266914523518,COMPLETE
133,0.8357589163079618,2026-06-01 21:00:48.626952,2026-06-01 21:01:10.112605,0 days 00:00:21.485653,0.9381564551375424,0.8580322485328674,0.026166432393451212,14,10,0.09732380611813249,800,247,0.062461396356716326,0.006725281949082837,0.877275747240262,0.8357589163079618,0.8314634219303195,0.8401371983752194,0.9498725560115475,COMPLETE
134,0.8361380383713488,2026-06-01 21:01:10.120560,2026-06-01 21:01:35.126349,0 days 00:00:25.005789,0.9434077765919637,0.85856609954782,0.02550158347177264,14,10,0.0978325330460399,920,255,0.20402401000774875,0.011140972888300784,0.8777601199261585,0.8361380383713488,0.8332045022095657,0.8391173827908475,0.9501245600930597,COMPLETE
135,0.835927190010278,2026-06-01 21:01:35.144311,2026-06-01 21:02:00.870552,0 days 00:00:25.726241,0.9217691143808827,0.927902030806838,0.025375808086822466,14,10,0.09843348137444798,920,255,0.18866181511763502,0.012008239248175949,0.8777285283423457,0.835927190010278,0.8338325110078686,0.8380692008754819,0.9500145354153823,COMPLETE
136,0.8347473294107047,2026-06-01 21:02:00.879872,2026-06-01 21:02:27.913080,0 days 00:00:27.033208,0.9249477698815972,0.8453678284067578,0.02547142650669124,14,10,0.09073273982304438,980,255,0.2149683853653289,0.011519723757716128,0.8768756171147487,0.8347473294107047,0.8328571014560128,0.8366810443180079,0.9501332486330538,COMPLETE
137,0.8335530379741855,2026-06-01 21:02:27.922112,2026-06-01 21:02:57.115578,0 days 00:00:29.193466,0.9178356848144978,0.9257251353609367,0.02641913981842248,14,10,0.0962299179173144,1020,255,0.4138595408563713,0.007729119807565626,0.8760753528722401,0.8335530379741855,0.8322700030522993,0.8348679465433868,0.9497285103715418,COMPLETE
138,0.8340270034841648,2026-06-01 21:02:57.133436,2026-06-01 21:03:23.593877,0 days 00:00:26.460441,0.9221203319593286,0.9330979790935603,0.028308370921493544,12,10,0.09644324704142747,920,255,0.696644477845429,0.0010657321155878741,0.8760121663783792,0.8340270034841648,0.8299625336120823,0.8381541217061405,0.9492713606743274,COMPLETE
139,0.8356005966188071,2026-06-01 21:03:23.602459,2026-06-01 21:03:47.588425,0 days 00:00:23.985966,0.9058299145575806,0.8571656248660583,0.026702135426915966,14,10,0.08476438849293653,900,247,0.020613373629619014,0.04777298247934233,0.8774968753546348,0.8356005966188071,0.8335984431499512,0.837644252435538,0.9501959718565169,COMPLETE
140,0.8210684659547431,2026-06-01 21:03:47.596576,2026-06-01 21:03:53.510566,0 days 00:00:05.913990,0.9390321549445978,0.9082016507309927,0.02211999709261679,14,20,0.09884190590064736,180,247,0.10042662931886896,0.013268485011469532,0.8629868991943477,0.8210684659547431,0.7978014740361111,0.8457747406205759,0.9415267009816922,COMPLETE
141,0.8356949904501962,2026-06-01 21:03:53.519597,2026-06-01 21:04:16.274397,0 days 00:00:22.754800,0.9439849060038473,0.8613633468068254,0.025858801055036573,14,10,0.11613800642627313,920,215,0.17791021331387682,0.08812230804033169,0.8770862233493956,0.8356949904501962,0.8304481554048303,0.8410437845803139,0.9498393683560186,COMPLETE
142,0.8358285162431166,2026-06-01 21:04:16.283479,2026-06-01 21:04:38.781476,0 days 00:00:22.497997,0.9433389725024733,0.8749125169786537,0.025830529732839884,14,10,0.08862364815353663,920,215,0.03444369588715109,0.0833293811316003,0.8772336224675232,0.8358285162431166,0.8309139837887806,0.8408454754688467,0.9500241941493681,COMPLETE
143,0.8360819827871452,2026-06-01 21:04:38.790657,2026-06-01 21:05:02.307711,0 days 00:00:23.517054,0.9309277784295795,0.8736451993490437,0.025174601216089106,14,10,0.08022891185148706,960,215,0.03939860717369724,0.10011826329550835,0.8774968783482465,0.8360819827871452,0.83165909162632,0.8405905420373448,0.9500954319927907,COMPLETE
144,0.8350154539553475,2026-06-01 21:05:02.327735,2026-06-01 21:05:26.844746,0 days 00:00:24.517011,0.9442693950841926,0.8696786460819591,0.025198822102746498,14,10,0.09076068818030977,1020,215,2.090062407204923e-07,0.09957942522910489,0.8767492624213203,0.8350154539553475,0.8309280340818916,0.8391740432248666,0.9500395105586245,COMPLETE
145,0.835917638405002,2026-06-01 21:05:26.854104,2026-06-01 21:05:49.515557,0 days 00:00:22.661453,0.9308292078386087,0.8752130465207412,0.02361824604419152,14,10,0.08117645564382214,940,207,0.030387842352231437,0.04150597038737969,0.8770756778533997,0.835917638405002,0.8295137647269063,0.8424602400560107,0.9499242572944034,COMPLETE
146,0.8362945789470717,2026-06-01 21:05:49.524544,2026-06-01 21:06:12.504383,0 days 00:00:22.979839,0.9340597888264494,0.8773206474614599,0.023979331466740823,14,10,0.07990027056879112,960,207,0.03108252790570294,0.040634237530918924,0.8774968753546348,0.8362945789470717,0.8307986465780383,0.8419220020468154,0.9499043232962602,COMPLETE
147,0.8356612654224262,2026-06-01 21:06:12.513508,2026-06-01 21:06:35.819042,0 days 00:00:23.305534,0.9338164300291586,0.8757616250909508,0.023692583290121114,14,10,0.07557449744300816,980,207,0.012060089462130514,0.08010741233105792,0.8770756855037405,0.8356612654224262,0.8305163163452441,0.8409021118268759,0.9499610343580063,COMPLETE
148,0.8352029828734197,2026-06-01 21:06:35.827625,2026-06-01 21:07:00.662874,0 days 00:00:24.835249,0.9496448128359624,0.9425450174297892,0.022568375533959184,-1,20,0.07919819736516182,960,207,0.0349841590417893,0.7406378181932289,0.8764017865986129,0.8352029828734197,0.8278464674413554,0.8427152240470908,0.9497088627533615,COMPLETE
149,0.8349349865731703,2026-06-01 21:07:00.671192,2026-06-01 21:07:24.316177,0 days 00:00:23.644985,0.9310669790163542,0.87751465901924,0.024815747016744355,14,30,0.080661651505282,900,215,0.023374514951335128,0.18537030319920814,0.8762122470744411,0.8349349865731703,0.8276771688522756,0.8423469553019572,0.9495753294318376,COMPLETE
150,0.8344803887343857,2026-06-01 21:07:24.324592,2026-06-01 21:07:48.113405,0 days 00:00:23.788813,0.9441649092570948,0.8484279296729995,0.026036783466401772,10,10,0.08823998482020097,1040,215,0.004688311343469806,0.04366810318477056,0.8757910588866643,0.8344803887343857,0.8266881681078612,0.8424602448712087,0.9493829454079847,COMPLETE
151,0.8357949319187705,2026-06-01 21:07:48.131590,2026-06-01 21:08:10.285889,0 days 00:00:22.154299,0.9357077654484814,0.8877125214355231,0.027713612521735452,14,10,0.08242596717841141,940,207,0.030352738637603863,0.032251099973910465,0.8773810445366738,0.8357949319187705,0.8320411524919175,0.83962732188182,0.9500673732873374,COMPLETE
152,0.8357894614593534,2026-06-01 21:08:10.295602,2026-06-01 21:08:32.109009,0 days 00:00:21.813407,0.9364410651888911,0.8720438522857646,0.025810637423167748,14,10,0.06800573120722252,920,207,0.02879164059313967,0.037109251424014424,0.877149402525539,0.8357894614593534,0.830496302238107,0.8411854501109549,0.949995492105026,COMPLETE
153,0.8354963829933356,2026-06-01 21:08:32.118035,2026-06-01 21:08:54.290899,0 days 00:00:22.172864,0.9362985630397391,0.8665639353760756,0.026991378500006106,14,10,0.08343016090515729,960,199,0.016391872528168046,0.03563532557534953,0.8771283354824405,0.8354963829933356,0.831531521412696,0.8395423143775989,0.9500440121029358,COMPLETE
154,0.8354137805298231,2026-06-01 21:08:54.300297,2026-06-01 21:09:16.889678,0 days 00:00:22.589381,0.9281642226644673,0.8718342962440198,0.02445440837689308,14,10,0.07763548304574779,940,207,0.009690831829591785,0.06804044525884265,0.8767703297970425,0.8354137805298231,0.829475790401287,0.8414687089442682,0.9500565083831898,COMPLETE
155,0.8357987649577155,2026-06-01 21:09:16.898879,2026-06-01 21:09:40.209869,0 days 00:00:23.310990,0.9366101546357971,0.882044985345865,0.02776705128558237,14,10,0.06505961660106854,1000,207,0.03309212852159652,0.022991099644172244,0.8775074098740547,0.8357987649577155,0.8328782102560637,0.8387774322247288,0.950184303677371,COMPLETE
156,0.8357895704383633,2026-06-01 21:09:40.227659,2026-06-01 21:10:03.619101,0 days 00:00:23.391442,0.9375116726806008,0.8700837802239605,0.02783871862742587,14,10,0.08194759654373453,1000,207,0.031496035336881015,0.023354103434723206,0.8775284699320594,0.8357895704383633,0.8330479743052114,0.8385791520044492,0.9500300702213421,COMPLETE
157,0.8357748315559447,2026-06-01 21:10:03.628363,2026-06-01 21:10:27.330122,0 days 00:00:23.701759,0.9368410521819264,0.8815978971840545,0.02360882552040699,14,10,0.06715851269053723,1000,207,0.030965263210345245,0.02193772097229566,0.8770651602977791,0.8357748315559447,0.8299866456680992,0.8416670132405376,0.9500443531380581,COMPLETE
158,0.8356767524817847,2026-06-01 21:10:27.339227,2026-06-01 21:10:52.690831,0 days 00:00:25.351604,0.9375071772760692,0.8824187232125013,0.02359641948321686,14,10,0.06558930129866904,1100,199,0.033868714434782406,0.019299562140981788,0.8771599317229826,0.8356767524817847,0.8310024370059147,0.8404489005826935,0.9500257206621322,COMPLETE
159,0.8361340915156296,2026-06-01 21:10:52.700116,2026-06-01 21:11:18.218658,0 days 00:00:25.518542,0.924895601881015,0.8864235672167855,0.022905694835319727,14,10,0.07182001417666369,1060,207,0.0696955907024206,0.051520732032424466,0.8773494549486021,0.8361340915156296,0.8304633548730398,0.8419219900088205,0.95005508174378,COMPLETE
160,0.8288905832647719,2026-06-01 21:11:18.227750,2026-06-01 21:11:37.186071,0 days 00:00:18.958321,0.9241517616430509,0.8877288537893213,0.021554018218696715,8,10,0.06633837424164558,1060,207,0.026485972738823853,0.05056214654495022,0.8694837419838098,0.8288905832647719,0.8083267918823083,0.850562470252008,0.9465893117951344,COMPLETE
161,0.8358652384873831,2026-06-01 21:11:37.195336,2026-06-01 21:12:00.838596,0 days 00:00:23.643260,0.9378319651811842,0.8788965265530574,0.02271971593967118,14,10,0.06196312159648852,1000,199,0.06687516078231548,0.020070246956444833,0.8770019754670358,0.8358652384873831,0.829212479622668,0.842658553982676,0.9499452247908367,COMPLETE
162,0.8355776898349752,2026-06-01 21:12:00.846946,2026-06-01 21:12:24.522146,0 days 00:00:23.675200,0.9277585376766316,0.8793341206304414,0.02272752762796053,14,10,0.06920389121130506,1000,199,0.07559004091883602,0.017468998088095926,0.8768545577219911,0.8355776898349752,0.8293749460788388,0.8418936260854256,0.9498427642352595,COMPLETE
163,0.8360440171715818,2026-06-01 21:12:24.531541,2026-06-01 21:12:51.717535,0 days 00:00:27.185994,0.9342365826349157,0.8719919207530653,0.021050616659159523,14,10,0.06173126113280295,1140,207,0.047085421892936165,0.052751869944767306,0.87738104985865,0.8360440171715818,0.8310225307829615,0.8411570910027578,0.9501157372088013,COMPLETE
164,0.8359763032956301,2026-06-01 21:12:51.725901,2026-06-01 21:13:22.085690,0 days 00:00:30.359789,0.8467325937624096,0.8769834585930705,0.020892958679146197,14,10,0.07357550964303897,1180,215,0.04967781614625662,0.1247558162264359,0.8776021706553055,0.8359763032956301,0.8328104448332456,0.839202366219079,0.9499968055381401,COMPLETE
165,0.8359286440630238,2026-06-01 21:13:22.093790,2026-06-01 21:13:48.886484,0 days 00:00:26.792694,0.9222918448467264,0.8889847699878588,0.02251331106910024,14,10,0.06292676473493658,1080,215,0.0448677043359943,0.1158875486155893,0.8772862771029525,0.8359286440630238,0.8308629103131341,0.8411004474219318,0.9501779758170908,COMPLETE
166,0.8358690211571319,2026-06-01 21:13:48.895464,2026-06-01 21:14:20.145696,0 days 00:00:31.250232,0.8119124566436347,0.8882336353666281,0.020893542259628996,14,10,0.0630599695401323,1200,215,0.05158809938452699,0.12782399451616483,0.8776442854493386,0.8358690211571319,0.833508056801524,0.8382674618349699,0.9499791649220546,COMPLETE
167,0.8352406901912356,2026-06-01 21:14:20.154907,2026-06-01 21:14:51.498342,0 days 00:00:31.343435,0.8489487149952756,0.9499877381519981,0.021251876195046274,14,20,0.0583884187319904,1180,215,0.08944654068955758,0.1488316507153373,0.8769282687565664,0.8352406901912356,0.8312089461911275,0.8393440221193244,0.9498481624740087,COMPLETE
168,0.8348454756315312,2026-06-01 21:14:51.506915,2026-06-01 21:15:25.744765,0 days 00:00:34.237850,0.8253782058587114,0.8783058360866765,0.02013562130225292,14,10,0.07358466364460847,1140,215,0.05158823498090343,0.10787795950781995,0.8766755626959447,0.8348454756315312,0.8310891495022688,0.8386641258022848,0.9498890058508528,COMPLETE
169,0.8352381433591489,2026-06-01 21:15:25.754148,2026-06-01 21:15:56.956213,0 days 00:00:31.202065,0.8631320839339125,0.8912239252363836,0.020929608019325197,14,10,0.05999045518043506,1200,215,0.11797096483950838,0.26743109500836737,0.8770440985766568,0.8352381433591489,0.8319854567599019,0.838550795303851,0.950028067872486,COMPLETE
170,0.8352078412686238,2026-06-01 21:15:56.965205,2026-06-01 21:16:28.055334,0 days 00:00:31.090129,0.811850523424059,0.8755755425528053,0.018732320018606696,14,10,0.054235717249176654,1160,223,0.07310007454242869,0.059848435417232705,0.8768756257629602,0.8352078412686238,0.8310000832997025,0.8394856346827883,0.9499737556548317,COMPLETE
171,0.8345396591863822,2026-06-01 21:16:28.063609,2026-06-01 21:16:59.585540,0 days 00:00:31.521931,0.7857685620343404,0.8908031524705042,0.02223343800508836,14,10,0.07423591752201739,1220,207,0.04402040358460143,0.23628740725482847,0.8766650228545485,0.8345396591863822,0.832271859896498,0.8368510232124656,0.9496943503776967,COMPLETE
172,0.8321267643024544,2026-06-01 21:16:59.594939,2026-06-01 21:17:28.350827,0 days 00:00:28.755888,0.9137026374401022,0.8862160622851554,0.02172246000477746,14,100,0.06232525782104897,1080,199,0.01643290955930634,0.1189611398924576,0.8735376775843364,0.8321267643024544,0.8212770439031362,0.8432817513441132,0.9484338435207574,COMPLETE
173,0.8354490270782842,2026-06-01 21:17:28.360091,2026-06-01 21:18:01.158959,0 days 00:00:32.798868,0.8356173846148311,0.9016374417123955,0.022711970249387505,14,10,0.06428022115717653,1280,215,0.05747921656278466,0.05847285201616111,0.8776653448420965,0.8354490270782842,0.835359197921775,0.8355761778926337,0.9501030916126246,COMPLETE
174,0.8338774851877284,2026-06-01 21:18:01.167846,2026-06-01 21:18:25.902054,0 days 00:00:24.734208,0.9229182391836557,0.8853323730059944,0.01794987362298689,14,10,0.05309564842228095,1040,191,0.043758745337580555,0.15976905820703902,0.8748117969571211,0.8338774851877284,0.8226986313712721,0.8453781488812299,0.9494313282946464,COMPLETE
175,0.8358730417226311,2026-06-01 21:18:25.910424,2026-06-01 21:18:52.579968,0 days 00:00:26.669544,0.92845308706751,0.8965581273734068,0.02440486141695943,12,10,0.07731295431196075,1100,207,1.5415085019288482e-08,0.4249536291312765,0.8770546301024651,0.8358730417226311,0.8295191564521952,0.8423469384487646,0.9497251339905843,COMPLETE
176,0.8344453938405328,2026-06-01 21:18:52.590469,2026-06-01 21:19:19.784165,0 days 00:00:27.193696,0.9256386882550274,0.8971748381737189,0.0243650364360443,12,20,0.06320332319562665,1060,215,0.13055490568628517,0.40902012036609486,0.8760016431681589,0.8344453938405328,0.8282258086964177,0.8407887885512392,0.9494468832938129,COMPLETE
177,0.8348839098540074,2026-06-01 21:19:19.793410,2026-06-01 21:19:48.089727,0 days 00:00:28.296317,0.8054944044294773,0.8800178039023738,0.019759756218839186,12,10,0.07059349419155563,1120,199,0.09561361638603237,0.486166299327673,0.8761385463511949,0.8348839098540074,0.8273770728063056,0.842545240337435,0.9493049624369992,COMPLETE
178,0.8353578733043473,2026-06-01 21:19:48.109462,2026-06-01 21:20:17.653329,0 days 00:00:29.543867,0.7918619417810663,0.7501776060784866,0.023004932034322016,12,10,0.07786894149440403,1160,223,1.3719874857818386e-08,5.6920652139393985e-06,0.8772652233647946,0.8353578733043473,0.8330283372513015,0.837729202157384,0.9499259196843545,COMPLETE
179,0.8337039418261688,2026-06-01 21:20:17.671011,2026-06-01 21:20:46.626570,0 days 00:00:28.955559,0.7764515778840237,0.8725085222299946,0.021266862461941403,12,10,0.07530800612031814,1120,207,1.4426238830340269e-06,0.7938893333121988,0.8753803995637076,0.8337039418261688,0.8270607810153271,0.8404771970933173,0.949230702993812,COMPLETE
180,0.8346801344242741,2026-06-01 21:20:46.636589,2026-06-01 21:21:13.252430,0 days 00:00:26.615841,0.9301526999393724,0.9026371560372696,0.024546715016411636,12,20,0.07075104693356743,1080,215,5.4794574190108106e-08,0.0867632118860039,0.8764438920791875,0.8346801344242741,0.8302336755799044,0.8392023349202926,0.9497844136918244,COMPLETE
181,0.8352017510143123,2026-06-01 21:21:13.260618,2026-06-01 21:21:37.482823,0 days 00:00:24.222205,0.9439558771549206,0.7658243934335082,0.023744183501086168,14,10,0.08103552062473615,960,207,0.020336604168033,1.290361300428524,0.8761385317157601,0.8352017510143123,0.8261518455006346,0.844471589159724,0.9495998184737072,COMPLETE
182,0.8354732309010418,2026-06-01 21:21:37.492640,2026-06-01 21:22:00.886947,0 days 00:00:23.394307,0.9197613721987207,0.8896352429088512,0.022956041853574295,14,10,0.05733492175658305,980,199,0.06483419176543662,0.0472408287537854,0.876696614770985,0.8354732309010418,0.8287399810462658,0.8423469312259678,0.9498522849913104,COMPLETE
183,0.8357478239519409,2026-06-01 21:22:00.895167,2026-06-01 21:22:23.589426,0 days 00:00:22.694259,0.9277024808072395,0.7778218482066359,0.025292672783870884,14,10,0.08501549125858059,940,207,0.050892588590951575,0.26348189530076993,0.8770651612956497,0.8357478239519409,0.8301021615804092,0.8414970271232828,0.9499286508116013,COMPLETE
184,0.8352982691412209,2026-06-01 21:22:23.598160,2026-06-01 21:22:49.235143,0 days 00:00:25.636983,0.9324477119515463,0.8662447379944779,0.020909331928197748,14,10,0.060826938897307024,1040,215,0.03903963781685851,0.08037983335493316,0.8766966187624673,0.8352982691412209,0.8294369067059035,0.8412703877948061,0.949961933738448,COMPLETE
185,0.8365313886816507,2026-06-01 21:22:49.244610,2026-06-01 21:23:16.070346,0 days 00:00:26.825736,0.9494475061435769,0.8848983452008501,0.024386962428844056,-1,10,0.0763192204831978,1220,199,0.01331453076547094,7.68793518671451e-05,0.8783182049771244,0.8365313886816507,0.8354006204922088,0.8377009008315621,0.9505680114090514,COMPLETE
186,0.8365377139499047,2026-06-01 21:23:16.080077,2026-06-01 21:23:43.548142,0 days 00:00:27.468065,0.9485389616032383,0.9277100751062582,0.022254249812612936,-1,10,0.07833030341911852,1240,191,0.009711810456014387,2.078548728605989e-05,0.8780233605061999,0.8365377139499047,0.8333700984865468,0.8397689705592684,0.9504119167844868,COMPLETE
187,0.8367957889636887,2026-06-01 21:23:43.557294,2026-06-01 21:24:11.598026,0 days 00:00:28.040732,0.94983440006298,0.9272792513518989,0.022301039701328233,-1,10,0.0777840514860704,1260,191,0.009048516917311504,1.3457208019507349e-05,0.8782550101676755,0.8367957889636887,0.8339132557794691,0.8397406018206754,0.9503848716860656,COMPLETE
188,0.8371113914146872,2026-06-01 21:24:11.607625,2026-06-01 21:24:39.643691,0 days 00:00:28.036066,0.9498697610851135,0.9280885334664788,0.021872989859345538,-1,10,0.07771001571829544,1300,183,0.010483270916444817,1.9551930594032666e-05,0.87842349695156,0.8371113914146872,0.8337497602682329,0.8405338310437477,0.9503400075137022,COMPLETE
189,0.8365229165594416,2026-06-01 21:24:39.659731,2026-06-01 21:25:06.762991,0 days 00:00:27.103260,0.949906167182514,0.9336471410500877,0.020262328846992465,-1,10,0.07816619367734585,1240,183,0.0066105922375743215,2.4501723280228466e-05,0.8776337622391185,0.8365229165594416,0.830784639977492,0.8423752494049824,0.9501241724874201,COMPLETE
190,0.8360187453758307,2026-06-01 21:25:06.780190,2026-06-01 21:25:36.434464,0 days 00:00:29.654274,0.9460339581556904,0.9310510163258219,0.020599170184945878,-1,20,0.07793540680127384,1340,183,0.002535835520563666,2.0624661787028658e-05,0.8774968736915173,0.8360187453758307,0.8319203381098826,0.8401938804776289,0.9501707643583074,COMPLETE
