number,value,datetime_start,datetime_complete,duration,params_bagging_fraction,params_feature_fraction,params_learning_rate,params_max_depth,params_min_child_samples,params_min_split_gain,params_n_estimators,params_num_leaves,params_reg_alpha,params_reg_lambda,user_attrs_accuracy,user_attrs_f1,user_attrs_precision,user_attrs_recall,user_attrs_roc_auc,state
1135,0.8371140611714454,2026-06-02 06:16:25.020546,2026-06-02 06:17:03.562759,0 days 00:00:38.542213,0.9289193825989244,0.6606600014297509,0.015566188380319323,16,10,0.006558319782244283,1400,255,0.00017086785491092065,1.513349714475719e-07,0.878497202664159,0.8371140611714454,0.8342549233300124,0.8400238991755722,0.9509386103447873,COMPLETE
1136,0.8372314464418543,2026-06-02 06:17:03.573785,2026-06-02 06:17:40.283912,0 days 00:00:36.710127,0.9106635966805301,0.6692426270151263,0.01715573240700571,16,10,0.004708534052670705,1380,247,0.0004746523847630806,0.0008509086356078449,0.8787183201345794,0.8372314464418543,0.8352707848738556,0.8392306458765103,0.9509459966801085,COMPLETE
1137,0.8373412931578295,2026-06-02 06:17:40.293469,2026-06-02 06:18:15.685813,0 days 00:00:35.392344,0.9391939787290835,0.6896632177779111,0.015048486712547033,16,10,0.00011932069317036054,1360,239,8.166800890331755e-05,0.0009437969953713991,0.8782971346077907,0.8373412931578295,0.8319602143087202,0.8428284775023576,0.9506947790164072,COMPLETE
1138,0.836302114213073,2026-06-02 06:18:15.696882,2026-06-02 06:18:54.024679,0 days 00:00:38.327797,0.8085079577646153,0.6796029526624858,0.01594223643814997,16,10,0.009365190359315254,1400,239,0.0002886638572462363,2.2626200841312602e-07,0.8778232941129493,0.836302114213073,0.8329751952194752,0.8396839293486617,0.9506181191157101,COMPLETE
1139,0.8371973086284125,2026-06-02 06:18:54.034942,2026-06-02 06:19:29.397205,0 days 00:00:35.362263,0.9344829459237155,0.6623186585970219,0.016625938819149273,16,10,0.0029864984842543707,1320,247,5.506638804958058e-05,3.4574736734948417e-07,0.8784550805524084,0.8371973086284125,0.8336209380734432,0.8408454634308518,0.9508233696846918,COMPLETE
1140,0.8370459852075935,2026-06-02 06:19:29.407203,2026-06-02 06:20:08.604500,0 days 00:00:39.197297,0.9250317316100938,0.6689861637316706,0.015016673180636075,16,20,0.007337615855065992,1380,255,8.337298038873841e-05,5.029580067738264e-07,0.878149718858487,0.8370459852075935,0.8321684967305645,0.8420069325078697,0.9505544844033619,COMPLETE
1141,0.8363734497415044,2026-06-02 06:20:08.615267,2026-06-02 06:20:47.979851,0 days 00:00:39.364584,0.9161391176039113,0.6569011781303946,0.015562730153960144,16,30,0.013423322826930376,1360,247,0.00014295931276418457,2.660642353022029e-07,0.8775284569597422,0.8363734497415044,0.8307021250284276,0.8421485739625213,0.9502934929206287,COMPLETE
1142,0.8373395835009957,2026-06-02 06:20:47.990626,2026-06-02 06:21:25.830737,0 days 00:00:37.840111,0.9454411038309212,0.6735940768551271,0.01622235097098144,16,10,0.0026414034652236214,1400,255,4.721883179611437e-05,0.009208950083652728,0.8786656778062203,0.8373395835009957,0.8344508795696131,0.8402788687210584,0.9510132863237781,COMPLETE
1143,0.8378029000439388,2026-06-02 06:21:25.841531,2026-06-02 06:22:00.014538,0 days 00:00:34.173007,0.9310865065506366,0.6543590328016826,0.01730830535294271,16,10,0.004924031969770864,1340,231,0.0005715531736196931,4.897497776531754e-07,0.8789289114011679,0.8378029000439388,0.8343715708418427,0.8412986915282269,0.9508036209728955,COMPLETE
1144,0.837318364634933,2026-06-02 06:22:00.024333,2026-06-02 06:22:34.559860,0 days 00:00:34.535527,0.9075202094474547,0.6860204568841473,0.018156283759355414,16,10,0.0024930449583253278,1300,247,8.967683920583251e-06,3.8953174258847645e-05,0.8787077896066418,0.837318364634933,0.8348590933544763,0.8398255467273236,0.9507701472668901,COMPLETE
1145,0.835265339702849,2026-06-02 06:22:34.570496,2026-06-02 06:23:03.431881,0 days 00:00:28.861385,0.7180984808254801,0.6650257226988093,0.027083261466982592,16,10,0.00811581510052686,1380,151,0.00026503138937992483,0.00011305231200276202,0.8771072691045889,0.835265339702849,0.8323393169153528,0.838239095503976,0.9498657273847244,COMPLETE
1146,0.8297798772396362,2026-06-02 06:23:03.442858,2026-06-02 06:23:42.742224,0 days 00:00:39.299366,0.9201558000723724,0.6772176865764301,0.08421962927549041,16,10,0.005121447454021547,1400,255,4.56291365874415e-06,0.0022700323839206196,0.8756436265061849,0.8297798772396362,0.8446104762174037,0.8154905740743011,0.948025892113861,COMPLETE
1147,0.8383624182875796,2026-06-02 06:23:42.751827,2026-06-02 06:24:18.530129,0 days 00:00:35.778302,0.9369621040265017,0.6691226407451618,0.015818115605071244,16,10,5.0255932078507745e-05,1360,239,0.00011065905417342223,3.7547722729722007e-07,0.8792132193569314,0.8383624182875796,0.8340083919889002,0.8428001785841346,0.9509149757458696,COMPLETE
1148,0.8292049048408737,2026-06-02 06:24:18.540098,2026-06-02 06:24:46.749304,0 days 00:00:28.209206,0.9421721579529715,0.6606810126857565,0.015464213700274003,10,100,0.002360346358812587,1360,231,0.00013989720430788825,1.4361914918840215e-07,0.8697575071045657,0.8292049048408737,0.8088272078875186,0.8506473814522707,0.9468007382162958,COMPLETE
1149,0.8316391856000068,2026-06-02 06:24:46.760117,2026-06-02 06:25:00.863761,0 days 00:00:14.103644,0.9455465392833989,0.665751875218253,0.01675530643088107,16,10,0.0002156974779895539,480,231,0.000112263309288746,2.046803507125536e-07,0.8720214186022076,0.8316391856000068,0.8136505239844992,0.8504774675629849,0.9475081986561068,COMPLETE
1150,0.8374364098674776,2026-06-02 06:25:00.874344,2026-06-02 06:25:36.972436,0 days 00:00:36.098092,0.9373009719216642,0.6558636316490046,0.015474730077043143,16,10,0.00024403754303512284,1380,239,0.00019121902871621695,3.0072117782830684e-07,0.8785287912543601,0.8374364098674776,0.8331413104966812,0.8418086233964024,0.950777750606647,COMPLETE
1151,0.8371591587045707,2026-06-02 06:25:36.982276,2026-06-02 06:26:13.381843,0 days 00:00:36.399567,0.940450676578467,0.6688679254480535,0.016291545288650264,16,20,0.0026585041218581944,1360,239,0.00010419048345790963,0.020499404933871333,0.8782550105002992,0.8371591587045707,0.832414464104677,0.8419785926604644,0.9505753553778936,COMPLETE
1152,0.8288898910503685,2026-06-02 06:26:13.391871,2026-06-02 06:26:38.704734,0 days 00:00:25.312863,0.9452863586679003,0.6614697858187493,0.01578594461884361,8,10,0.00022778772440191906,1400,231,0.00017671186457185218,0.001277086388839806,0.8693573779769229,0.8288898910503685,0.8075876364162665,0.8513839983933033,0.9462831827524548,COMPLETE
1153,0.8372241844453464,2026-06-02 06:26:38.715311,2026-06-02 06:27:15.057355,0 days 00:00:36.342044,0.9359614506007551,0.6551225191286365,0.015008580016835903,14,10,0.0024300327282010883,1380,239,7.769145176236097e-05,1.8436187524114866e-07,0.8781918319894025,0.8372241844453464,0.8317222791780597,0.8428284582415659,0.9504941700719938,COMPLETE
1154,0.8376153590918309,2026-06-02 06:27:15.067878,2026-06-02 06:27:50.657056,0 days 00:00:35.589178,0.9491304082081456,0.6692804678591227,0.015002226883047339,16,10,0.00011229270251997451,1400,231,0.00032987064103984074,3.502804023373744e-07,0.8784656130760872,0.8376153590918309,0.8319689779700025,0.8433667540331363,0.9506699483493176,COMPLETE
1155,0.8368304860053571,2026-06-02 06:27:50.667090,2026-06-02 06:28:26.607772,0 days 00:00:35.940682,0.9031620796417049,0.6617748052160374,0.01692723858337455,16,10,0.0030354378661506458,1360,239,0.00012570085103480802,2.789428704112934e-07,0.8783076707903281,0.8368304860053571,0.8341164203720197,0.8395989724040188,0.9507230984064842,COMPLETE
1156,0.8360299660007066,2026-06-02 06:28:26.618635,2026-06-02 06:29:03.296274,0 days 00:00:36.677639,0.9115978967777286,0.6503833268098649,0.016288281515305543,16,20,0.0026696910698419223,1340,239,0.00025623134263320674,6.496829545168796e-07,0.877454765217331,0.8360299660007066,0.8315772729828276,0.8405621853367468,0.9504509589424934,COMPLETE
1157,0.8314825296295236,2026-06-02 06:29:03.306173,2026-06-02 06:29:25.317480,0 days 00:00:22.011307,0.9399841734804213,0.6719434928193925,0.01759922180192253,12,10,0.0049312877300376375,1400,95,9.080349731279593e-05,4.187139455342003e-07,0.8718845320503474,0.8314825296295236,0.813421366011812,0.8503924648739618,0.9477854381383146,COMPLETE
1158,0.8354787955608981,2026-06-02 06:29:25.327588,2026-06-02 06:29:54.043724,0 days 00:00:28.716136,0.9251961924836074,0.6649604644494748,0.015904768779017555,16,10,0.00019511072916069717,1380,167,0.00016308819319603071,1.9461361625943543e-07,0.8762017261925855,0.8354787955608981,0.8254620772021329,0.8457747695117636,0.9499991918506124,COMPLETE
1159,0.8373014523214725,2026-06-02 06:29:54.054478,2026-06-02 06:30:29.306806,0 days 00:00:35.252328,0.93468027990464,0.6726366375007843,0.015511005482782591,16,10,0.004928288876590075,1360,239,6.846958362801442e-05,6.650544742972213e-07,0.8783708453097425,0.8373014523214725,0.8326336475573094,0.8420636362786701,0.9506473924249423,COMPLETE
1160,0.8371973532053477,2026-06-02 06:30:29.317640,2026-06-02 06:31:06.034432,0 days 00:00:36.716792,0.9197776528502501,0.6598888646566475,0.01673896945529305,16,10,0.00016669329855715067,1400,239,0.00010496786038112802,3.858120235271205e-07,0.8786761996859465,0.8371973532053477,0.8351230239185088,0.8393156606035284,0.9510314687203213,COMPLETE
1161,0.8377064196668597,2026-06-02 06:31:06.044282,2026-06-02 06:31:40.745354,0 days 00:00:34.701072,0.9292181443156466,0.6657037203742284,0.01624180178390024,16,10,9.24066227113808e-06,1360,231,0.00019086640359040636,0.06893861586249049,0.8786551402931888,0.8377064196668597,0.832909430986352,0.8426018550270736,0.9507429493590461,COMPLETE
1162,0.8379567934948514,2026-06-02 06:31:40.755954,2026-06-02 06:32:18.928934,0 days 00:00:38.172980,0.9070733949453438,0.6555041947964332,0.01578959823687628,16,10,0.005112710182426053,1380,255,0.0004136233442463206,2.6685621917074203e-07,0.8791711028997807,0.8379567934948514,0.8353915555421944,0.8405621395923664,0.9509416265890058,COMPLETE
1163,0.8370762359210487,2026-06-02 06:32:18.939354,2026-06-02 06:32:55.522276,0 days 00:00:36.582922,0.9497997718305806,0.6720654719061903,0.0172377586286399,16,20,0.004650644186178003,1340,247,0.00012939090940436432,7.654901181997539e-07,0.8782865994231238,0.8370762359210487,0.8329718645418671,0.841242031094208,0.9506771939082482,COMPLETE
1164,0.8382892977648008,2026-06-02 06:32:55.532218,2026-06-02 06:33:32.650176,0 days 00:00:37.117958,0.9147185825232637,0.661097764875983,0.015013945896652869,16,10,1.970019236520565e-05,1400,239,6.486926047671979e-05,0.0405977203422496,0.879044743549623,0.8382892977648008,0.8331657335221312,0.8435084027105847,0.9508642448691984,COMPLETE
1165,0.8374556898622126,2026-06-02 06:33:32.659714,2026-06-02 06:34:09.525084,0 days 00:00:36.865370,0.9035379500149969,0.6503485579887696,0.015036998195291916,16,10,0.0031634154485806996,1400,231,6.903343916548026e-05,1.3623284076278806e-07,0.8784024375588023,0.8374556898622126,0.8321993664041086,0.8428001785841347,0.9506983876000565,COMPLETE
1166,0.8354900499318516,2026-06-02 06:34:09.544811,2026-06-02 06:34:44.368817,0 days 00:00:34.824006,0.9129591838516029,0.6556790105328524,0.04091971184079923,16,10,0.007082613836952198,1400,231,5.1488795524072804e-05,0.020640408492029683,0.8789815637082325,0.8354900499318516,0.8443979684095574,0.826794039341602,0.9504343505335638,COMPLETE
1167,0.8368255424492497,2026-06-02 06:34:44.378542,2026-06-02 06:35:21.550500,0 days 00:00:37.171958,0.910744335032695,0.6609106527813106,0.015412452146027026,16,10,0.0031400262787104646,1400,239,5.4735722392216314e-05,0.017479235058269385,0.8780654786264682,0.8368255424492497,0.8324884168368522,0.84124202627901,0.9508279212216033,COMPLETE
1168,0.8361830677099528,2026-06-02 06:35:21.561092,2026-06-02 06:35:59.781898,0 days 00:00:38.220806,0.9036040594368736,0.7731010268230786,0.015009016689948196,16,20,0.0028055323279275028,1380,239,4.4019851070881846e-05,0.08048870371232188,0.8774126334594984,0.8361830677099528,0.830678205183795,0.8417803100325857,0.9504437737265387,COMPLETE
1169,0.8370342729200789,2026-06-02 06:35:59.792836,2026-06-02 06:36:37.196124,0 days 00:00:37.403288,0.9155557977760415,0.6551187761931946,0.015025007849557738,16,10,0.006371456861307426,1400,239,7.330079632923878e-05,0.0348992433666607,0.8781391870000554,0.8370342729200789,0.8321475319076637,0.8420069349154687,0.9506087059396302,COMPLETE
1170,0.8374314544233318,2026-06-02 06:36:37.205934,2026-06-02 06:37:12.518346,0 days 00:00:35.312412,0.9404113436038609,0.6606308989052634,0.015593202564609443,16,10,0.0025752181961564507,1360,231,6.709828119834143e-05,0.10109094656018648,0.8782760692278098,0.8374314544233318,0.8314539199815156,0.8435367257047973,0.9506468848843186,COMPLETE
1171,0.837127349162954,2026-06-02 06:37:12.529062,2026-06-02 06:37:48.358910,0 days 00:00:35.829848,0.9105715888755715,0.6622777316864805,0.015929534962031425,16,10,0.1387809772127336,1380,239,4.5847937807333204e-05,0.0031991339830019956,0.87837084697286,0.837127349162954,0.8333283992421778,0.8409871024779042,0.9503903290658066,COMPLETE
1172,0.8351107485090621,2026-06-02 06:37:48.369954,2026-06-02 06:38:31.061660,0 days 00:00:42.691706,0.9336544569384493,0.6644668937035209,0.01636344715437894,16,70,0.007703021520967484,1400,239,8.782886674897331e-05,0.13022709522187734,0.8762754179349966,0.8351107485090621,0.8274089599260487,0.8429701069190143,0.9496681781463513,COMPLETE
1173,0.8371333414466772,2026-06-02 06:38:31.071551,2026-06-02 06:39:07.641261,0 days 00:00:36.569710,0.9160038033372623,0.6563945874865634,0.015015563664356848,16,10,0.005106414629678452,1360,239,5.758831820070823e-05,0.052273898879724404,0.8781602453949424,0.8371333414466772,0.8318799241480418,0.8424885437894316,0.9506644978806807,COMPLETE
1174,0.837527720652413,2026-06-02 06:39:07.661808,2026-06-02 06:39:41.418651,0 days 00:00:33.756843,0.9061521738990027,0.6679405274261987,0.01794671122188947,16,10,5.435545222482325e-05,1340,231,0.00010233404201267341,0.01479672189148848,0.8787288576476109,0.837527720652413,0.8341235583555227,0.8409870663639197,0.9509521159065049,COMPLETE
1175,0.8369798775778462,2026-06-02 06:39:41.429418,2026-06-02 06:40:18.974887,0 days 00:00:37.545469,0.9446297602034517,0.654156516266155,0.015578420090197316,16,10,0.010443998885341565,1400,239,4.061395051246846e-05,0.23973229391883027,0.8779917712507518,0.8369798775778462,0.8313531666631747,0.8427152264546898,0.9504502972427874,COMPLETE
1176,0.8341512262026768,2026-06-02 06:40:18.985721,2026-06-02 06:40:51.853771,0 days 00:00:32.868050,0.8399220796253484,0.6503522083794493,0.01674987723783636,10,10,0.0001752504051145381,1340,231,7.821061902428603e-05,0.7477913155766259,0.8748749674850532,0.8341512262026768,0.8220521424394139,0.8466246086092762,0.9489916228002867,COMPLETE
1177,0.837983280659485,2026-06-02 06:40:51.864390,2026-06-02 06:41:28.145536,0 days 00:00:36.281146,0.9263481387333505,0.6612770922394229,0.01599371864716791,16,10,0.002839045280439047,1380,239,3.682224802471291e-05,2.991592041700456e-07,0.87901315762041,0.837983280659485,0.8342050865586118,0.8418369945425943,0.9508108034455915,COMPLETE
1178,0.8373123944422102,2026-06-02 06:41:28.155605,2026-06-02 06:42:04.833547,0 days 00:00:36.677942,0.9400256484075145,0.66778464533017,0.015502282337800922,16,20,0.005867813958747463,1360,239,0.0001051880922896107,3.7336753545194133e-07,0.8781918353156378,0.8373123944422102,0.8313494091145844,0.8433950842501458,0.9505316066503067,COMPLETE
1179,0.8366714853699255,2026-06-02 06:42:04.844106,2026-06-02 06:42:42.475181,0 days 00:00:37.631075,0.9499478679312788,0.6603660030262652,0.016373541427361638,14,10,0.0026219571509452206,1400,247,5.650775865891544e-05,0.04435768176170655,0.8780233621693175,0.8366714853699255,0.8328175819840227,0.8405904890701675,0.950685580161422,COMPLETE
1180,0.8287190219095204,2026-06-02 06:42:42.485087,2026-06-02 06:43:06.504790,0 days 00:00:24.019703,0.9195943282824627,0.6663320895819633,0.01726281613629703,8,20,0.008828002755542717,1380,239,7.976092316458873e-05,1.7665220696690438e-07,0.86930472866347,0.8287190219095204,0.8078933702667613,0.8506757501908636,0.946545471606385,COMPLETE
1181,0.836833572118775,2026-06-02 06:43:06.515041,2026-06-02 06:43:43.081290,0 days 00:00:36.566249,0.931865428643188,0.6591379171068806,0.015518205897758566,16,10,0.09907512046430268,1360,247,4.082941367582365e-05,0.007795702029712389,0.8780444212294517,0.836833572118775,0.83231264941523,0.8414403835424565,0.9505140271236856,COMPLETE
1182,0.8373434487148806,2026-06-02 06:43:43.090816,2026-06-02 06:44:20.664576,0 days 00:00:37.573760,0.9123589186409099,0.674709788133456,0.016256144419226733,16,10,0.005236058765500495,1400,247,0.00013501231906321148,0.024139261574788372,0.8786762050079227,0.8373434487148806,0.8345214092779333,0.8402221890262478,0.9508794509569202,COMPLETE
1183,0.836668766543994,2026-06-02 06:44:20.674144,2026-06-02 06:44:58.022116,0 days 00:00:37.347972,0.7478481637849212,0.6661940261094915,0.016855247281597787,16,10,0.0025772484569394584,1340,239,6.165451062001737e-05,0.07525946956968171,0.8781497305003102,0.836668766543994,0.8336755363269056,0.8397123197556452,0.9506380842639958,COMPLETE
1184,0.8338194069323784,2026-06-02 06:44:58.032446,2026-06-02 06:45:34.639216,0 days 00:00:36.606770,0.9024729204312713,0.6555304174752064,0.01587280442427527,12,60,0.05978338865272099,1380,239,0.0002480356701026069,0.35861064051746966,0.8746538470210212,0.8338194069323784,0.8219139363101342,0.846086365784883,0.948849712122569,COMPLETE
1185,0.8347441291848746,2026-06-02 06:45:34.649700,2026-06-02 06:45:59.442897,0 days 00:00:24.793197,0.6506662783573682,0.8138285139257653,0.015445512933813799,16,10,0.00778068977121883,880,231,0.00010499944397155366,0.00450262738863126,0.8756647148371884,0.8347441291848746,0.8248357669004429,0.8449249183762557,0.9491555959224245,COMPLETE
1186,0.8371610725312538,2026-06-02 06:45:59.453749,2026-06-02 06:46:35.441430,0 days 00:00:35.987681,0.9222576908537599,0.6707947624537188,0.01762217408295062,16,10,0.004447759747298616,1360,247,3.1696477914353446e-05,0.027009176969580922,0.8787288576476109,0.8371610725312538,0.8356399729665848,0.8387207284539286,0.9507618617204701,COMPLETE
1187,0.834041348038292,2026-06-02 06:46:35.452296,2026-06-02 06:46:55.791688,0 days 00:00:20.339392,0.9362262694941393,0.6780668377100036,0.016659104166627258,16,10,0.011818115754276864,740,231,0.0002130941163807261,0.16220456858586882,0.874485382190289,0.834041348038292,0.8200102828814418,0.8486077165771418,0.9491428853863195,COMPLETE
1188,0.8364627263797519,2026-06-02 06:46:55.802484,2026-06-02 06:47:32.866500,0 days 00:00:37.064016,0.927250120833354,0.6977638578193519,0.016086162321738293,16,10,0.1102680676276244,1400,247,0.00012811704131173828,4.736474591465375e-07,0.8780444218946988,0.8364627263797519,0.8338075942709379,0.8391740191488769,0.9504644443722534,COMPLETE
1189,0.837196814508804,2026-06-02 06:47:32.877809,2026-06-02 06:48:08.457098,0 days 00:00:35.579289,0.9156231026031233,0.6628458988668994,0.018159839336190288,16,20,9.662048102790842e-05,1320,239,5.262536734103116e-05,0.013773775958719618,0.8784550792219145,0.837196814508804,0.8336109906978854,0.8408454321320652,0.950791983268457,COMPLETE
1190,0.8375295381615846,2026-06-02 06:48:08.467555,2026-06-02 06:48:45.449171,0 days 00:00:36.981616,0.9425761919110957,0.650040046787519,0.015025009602597275,16,10,0.0001092769807769745,1380,247,8.328807744496219e-05,2.544793436600519e-07,0.8786130248339085,0.8375295381615846,0.8333287395034148,0.8418086306191993,0.9508571771949125,COMPLETE
1191,0.8373049073460154,2026-06-02 06:48:45.460093,2026-06-02 06:49:19.828409,0 days 00:00:34.368316,0.9105552366706592,0.670883534217326,0.015469718960434881,16,10,2.345509907041821e-06,1340,231,0.00037582487955063775,0.008842183801521722,0.8782444836312201,0.8373049073460154,0.8317538596520292,0.8429701454405977,0.9507550826020643,COMPLETE
1192,0.837105322919736,2026-06-02 06:49:19.848792,2026-06-02 06:49:57.051241,0 days 00:00:37.202449,0.9313857005521856,0.6821691555361716,0.01712042358329838,16,10,0.0055614982404494,1400,247,2.8772215229245845e-05,0.05624920751037805,0.8786024966343357,0.837105322919736,0.8349996612520236,0.8392590049847074,0.9508389981020695,COMPLETE
1193,0.8368809363380857,2026-06-02 06:49:57.061153,2026-06-02 06:50:32.775338,0 days 00:00:35.714185,0.9236943723059963,0.6603337248233786,0.016008746142423102,16,10,0.04093455159668923,1360,239,0.00016149459688615724,5.028977352876973e-07,0.8781602407382132,0.8368809363380857,0.8329071454659246,0.8409304155602967,0.9506785778300254,COMPLETE
1194,0.8377596725380686,2026-06-02 06:50:32.795182,2026-06-02 06:51:09.299360,0 days 00:00:36.504178,0.9370296105330844,0.6673974458586384,0.015017774301366523,16,10,0.009567600798802148,1360,247,7.944821293427738e-05,0.035728302249947434,0.8786024999605709,0.8377596725380686,0.8323090109682388,0.8433101080447112,0.9507336179783872,COMPLETE
1195,0.836509361176485,2026-06-02 06:51:09.309991,2026-06-02 06:51:45.896051,0 days 00:00:36.586060,0.9189303990075831,0.6754115650055956,0.0165382850636595,16,10,0.0029283224404790236,1400,239,4.591213690432317e-05,0.0068049968758961245,0.8779917745769868,0.836509361176485,0.8332589778718006,0.8398255972869016,0.9507632575054522,COMPLETE
1196,0.837071028244567,2026-06-02 06:51:45.906709,2026-06-02 06:52:21.457693,0 days 00:00:35.550984,0.9068623670096686,0.6904543621464543,0.015616471095009596,16,10,0.006865406698098992,1320,247,0.0005829857750353528,0.0015169397084276218,0.87825501815064,0.837071028244567,0.8327560905815252,0.8414686993138724,0.9506377258944031,COMPLETE
1197,0.8380472116202942,2026-06-02 06:52:21.468394,2026-06-02 06:52:57.877612,0 days 00:00:36.409218,0.9275534952955573,0.6555379862150522,0.01628575248458156,16,10,0.004737206678578095,1380,239,0.00013868347798099077,0.03749726468053835,0.8790131612792687,0.8380472116202942,0.8339276996539949,0.8422335790591434,0.9508644244722078,COMPLETE
