number,value,datetime_start,datetime_complete,duration,params_bagging_fraction,params_feature_fraction,params_learning_rate,params_max_depth,params_min_child_samples,params_min_split_gain,params_n_estimators,params_num_leaves,params_reg_alpha,params_reg_lambda,user_attrs_accuracy,user_attrs_f1,user_attrs_precision,user_attrs_recall,user_attrs_roc_auc,state
2395,0.8377233264658915,2026-06-02 18:43:26.874310,2026-06-02 18:44:00.775628,0 days 00:00:33.901318,0.9266827198329658,0.6971578462786279,0.015943626280073883,-1,10,0.009004613144775199,1200,255,1.0964713469832912e-05,0.07572757299964267,0.878655144949918,0.8377233264658915,0.8328258959023436,0.8427151662647155,0.9508280330812656,COMPLETE
2396,0.8368997158371206,2026-06-02 18:44:00.788111,2026-06-02 18:44:37.430660,0 days 00:00:36.642549,0.9382459370017793,0.8679993162494868,0.016939374956183573,-1,10,0.0026182508171889293,1340,247,1.4663748477320326e-05,4.520324971510389e-08,0.8785498439946475,0.8368997158371206,0.8354780882087266,0.8383524621163941,0.9509850674007846,COMPLETE
2397,0.8342275857867878,2026-06-02 18:44:37.442703,2026-06-02 18:45:06.558712,0 days 00:00:29.116009,0.9440367571729875,0.7082156659499095,0.015417413479496269,-1,40,0.005877069633395181,1300,151,6.267163948147005e-06,1.685581685219479e-07,0.874643323145554,0.8342275857867878,0.8202992256998908,0.8486643721959628,0.9493569337496911,COMPLETE
2398,0.8378425445750229,2026-06-02 18:45:06.579974,2026-06-02 18:45:42.020170,0 days 00:00:35.440196,0.9336287607449512,0.7159664523700919,0.016383449810320982,-1,10,0.011859038640886428,1280,255,2.8171698880257477e-05,2.968356216295995e-07,0.8789921048801226,0.8378425445750229,0.8346138547316958,0.8411287680085452,0.9509387796757371,COMPLETE
2399,0.8377839175318571,2026-06-02 18:45:42.032378,2026-06-02 18:46:18.631423,0 days 00:00:36.599045,0.9260885392052188,0.6894352970584152,0.017646525066827293,-1,10,0.00272592441884652,1340,247,4.9401970328318736e-06,7.726271756521192e-08,0.8792869333851182,0.8377839175318571,0.8369152170009843,0.8386924271281067,0.9510577206525128,COMPLETE
2400,0.8374296905899059,2026-06-02 18:46:18.643686,2026-06-02 18:46:54.639316,0 days 00:00:35.995630,0.949988660373588,0.7013231353395809,0.015877456314382872,-1,20,0.006309183196088933,1260,255,2.465859387702999e-05,1.3931740214417536e-07,0.8784234919622073,0.8374296905899059,0.8324330416190637,0.8425169004900296,0.9508297763568582,COMPLETE
2401,0.8376835273537906,2026-06-02 18:46:54.651691,2026-06-02 18:47:30.624405,0 days 00:00:35.972714,0.9386426095501148,0.7237471147608772,0.015424332269999574,-1,10,0.014342779988232031,1320,247,1.1459851309905553e-05,2.483974758486023e-05,0.8788130962165122,0.8376835273537906,0.8340420906710918,0.841383711070443,0.9510072470024321,COMPLETE
2402,0.835353773479344,2026-06-02 18:47:30.636180,2026-06-02 18:47:56.591035,0 days 00:00:25.954855,0.9301895541618965,0.7061951468774972,0.0166821229091946,-1,10,1.05478684573326e-05,1340,135,7.132087229306272e-06,0.05083801886436808,0.8756436544465603,0.835353773479344,0.8223578674804788,0.8488060329114059,0.9495244719802205,COMPLETE
2403,0.8377839132249439,2026-06-02 18:47:56.602939,2026-06-02 18:48:33.712639,0 days 00:00:37.109700,0.9441329019333362,0.6921555635314731,0.01599223204725261,-1,10,0.010050835497062049,1340,255,1.547084920182209e-05,2.9897215694128635e-07,0.879076334468189,0.8377839132249439,0.8354526379476196,0.8401655237770308,0.9510596637039858,COMPLETE
2404,0.8343292456386461,2026-06-02 18:48:33.733456,2026-06-02 18:49:18.870961,0 days 00:00:45.137505,0.9353033746174494,0.6955707582352223,0.015444031648722037,-1,110,0.019257719061474218,1320,247,1.479824804681226e-06,0.10374822726990526,0.8755067426153129,0.8343292456386461,0.8254519097871214,0.8434234168747542,0.9493469795751087,COMPLETE
2405,0.8378008904142615,2026-06-02 18:49:18.882782,2026-06-02 18:49:53.615273,0 days 00:00:34.732491,0.9235100323895864,0.6873217222704664,0.01501529350301656,-1,10,0.00278610258954489,1220,255,3.5484949876471193e-06,1.0502920719043734e-07,0.8786972703879038,0.8378008904142615,0.832783067371695,0.8429135066749694,0.9508612025081596,COMPLETE
2406,0.8371630338492752,2026-06-02 18:49:53.627205,2026-06-02 18:50:29.196796,0 days 00:00:35.569591,0.9401876010075474,0.7104804809845985,0.017824939207592,-1,10,2.940220813173185e-05,1340,247,2.639506146713267e-05,4.2816771959435876e-08,0.8787604415810829,0.8371630338492752,0.8358408050320971,0.8385224313804561,0.9511042078853243,COMPLETE
2407,0.8363958984008694,2026-06-02 18:50:29.208832,2026-06-02 18:51:07.624880,0 days 00:00:38.416048,0.9312594416159359,0.7301145628007703,0.0166708603310336,-1,20,0.05852544382825385,1340,255,9.212397728092391e-06,0.01925062503250554,0.8779707125232411,0.8363958984008694,0.8335861927060829,0.8392590097999052,0.9506907212050527,COMPLETE
2408,0.8379104586729111,2026-06-02 18:51:07.636961,2026-06-02 18:51:42.899859,0 days 00:00:35.262898,0.9393109060920779,0.6896936852391959,0.017262739712391725,-1,10,0.06221682669994459,1300,247,2.6556062001508838e-05,0.027498701025416832,0.8791816390823181,0.8379104586729111,0.8356426767923084,0.8402222323630291,0.9508569789968627,COMPLETE
2409,0.8372226297256825,2026-06-02 18:51:42.912177,2026-06-02 18:52:13.483782,0 days 00:00:30.571605,0.9446241188893846,0.7371895405272835,0.016203380166104925,-1,10,0.006910783904300486,1100,255,1.8465542570587776e-05,3.049322778962924e-07,0.8782760788738918,0.8372226297256825,0.8322762335547145,0.8422619453901373,0.9507172018614457,COMPLETE
2410,0.8365042817669067,2026-06-02 18:52:13.496525,2026-06-02 18:52:51.823441,0 days 00:00:38.326916,0.6997490238183224,0.701779663391515,0.015911134578214865,-1,10,0.005141387408580039,1280,247,0.0830589868328156,1.9103881205577003e-08,0.8779707115253705,0.8365042817669067,0.8331540209089474,0.8399105638619405,0.9502538744119969,COMPLETE
2411,0.8307721580207282,2026-06-02 18:52:51.835446,2026-06-02 18:53:13.305911,0 days 00:00:21.470465,0.9499894210668326,0.6967920401139336,0.016676573433609298,-1,20,2.6304393356878548e-05,1240,103,1.505351760703299e-05,1.863148719385275e-07,0.8712527422846531,0.8307721580207282,0.8121494309069752,0.8503074790381313,0.9480194877598406,COMPLETE
2412,0.8379911817797844,2026-06-02 18:53:13.318440,2026-06-02 18:53:50.259384,0 days 00:00:36.940944,0.9236492747893572,0.7159803685125223,0.015016978913617708,-1,10,0.010070031450790143,1300,255,2.205562865806085e-06,7.39206220510057e-08,0.8790131556246689,0.8379911817797844,0.8341667668175834,0.8418936212702276,0.9508376149805254,COMPLETE
2413,0.8374246175569685,2026-06-02 18:53:50.271432,2026-06-02 18:54:26.893769,0 days 00:00:36.622337,0.9340074091292633,0.7619904843649642,0.015839765905777625,-1,10,0.00473984957418572,1340,247,7.511351938179098e-06,1.1089766847145681e-07,0.878749915377251,0.8374246175569685,0.8346813551676312,0.8402222275478312,0.9509534133746596,COMPLETE
2414,0.8372271658225481,2026-06-02 18:54:26.906285,2026-06-02 18:55:00.266565,0 days 00:00:33.360280,0.9285013223964235,0.7054825998196734,0.017209592964560583,-1,10,0.007969089344023272,1200,255,5.025708396472775e-06,3.1187281325688284e-08,0.8785919700978803,0.8372271658225481,0.8344114579309815,0.840108918717788,0.9509628552713737,COMPLETE
2415,0.8379863573293099,2026-06-02 18:55:00.278392,2026-06-02 18:55:37.126207,0 days 00:00:36.847815,0.9431616946117766,0.6880574132324059,0.01544711694535537,-1,10,0.002391562528543074,1340,247,2.766428031604842e-05,2.8836666511422033e-07,0.8790131646055038,0.8379863573293099,0.8341768164924743,0.8418653319824007,0.9510083264257632,COMPLETE
2416,0.837990007940954,2026-06-02 18:55:37.147244,2026-06-02 18:56:12.860598,0 days 00:00:35.713354,0.9190683613124094,0.6933490595795136,0.016343922468940952,-1,10,0.003022656429904961,1280,255,1.1245819930047418e-05,5.432382445926641e-08,0.8792132183590607,0.837990007940954,0.8355493205505707,0.8404771176425516,0.9511362792616486,COMPLETE
2417,0.8364516716986051,2026-06-02 18:56:12.872047,2026-06-02 18:56:47.861888,0 days 00:00:34.989841,0.9353979336752428,0.6993746292519952,0.02965499938007238,-1,10,0.0050523341416829105,1320,255,1.9632163476698667e-05,1.8761422169317085e-07,0.8794554002115916,0.8364516716986051,0.8436889927261295,0.8293720192690931,0.9510426639967967,COMPLETE
2418,0.835708073823748,2026-06-02 18:56:47.883302,2026-06-02 18:57:11.485458,0 days 00:00:23.602156,0.9498834307699378,0.6872936661615211,0.01777902156203771,-1,10,0.013890870279648842,820,247,3.029022306440838e-05,3.0262992360748424e-07,0.8764123247768913,0.835708073823748,0.8259345159484318,0.845746511522723,0.9499841554154594,COMPLETE
2419,0.8369648088238609,2026-06-02 18:57:11.497012,2026-06-02 18:57:51.601082,0 days 00:00:40.104070,0.7355676173737091,0.7123361836345049,0.016476216681492677,-1,10,0.009242365275250556,1340,255,6.660124391839645e-06,0.07936277106328174,0.8785814369089544,0.8369648088238609,0.8354400868885988,0.8385224145272634,0.9504710907313673,COMPLETE
2420,0.836051235605626,2026-06-02 18:57:51.612570,2026-06-02 18:58:24.120869,0 days 00:00:32.508299,0.9291475160817216,0.721138839986591,0.015432410395218426,-1,10,0.012007415120609941,1340,199,3.4117461370669845e-06,1.3499195357091949e-07,0.877012516638926,0.836051235605626,0.828517544157951,0.8437634107776543,0.9503538071754957,COMPLETE
2421,0.8366160408871286,2026-06-02 18:58:24.132480,2026-06-02 18:58:51.648624,0 days 00:00:27.516144,0.9387289076186364,0.7972430225153553,0.01502519963061799,-1,20,4.167061970645502e-05,940,247,1.2418626001588745e-05,7.122112818079417e-08,0.8770335730380721,0.8366160408871286,0.826430011784879,0.8470779161574175,0.9502004489584333,COMPLETE
2422,0.8345911462015104,2026-06-02 18:58:51.661188,2026-06-02 18:59:09.410718,0 days 00:00:17.749530,0.9437480647438102,0.7052657909018001,0.01703659818007843,-1,10,0.006966085922434103,580,255,4.5440093249522944e-07,0.04172303279345837,0.8749486848394753,0.8345911462015104,0.8208533482775205,0.8488343727588111,0.9490717192119374,COMPLETE
2423,0.8348359947783154,2026-06-02 18:59:09.422316,2026-06-02 18:59:28.617809,0 days 00:00:19.195493,0.7821712913126586,0.6872722383622852,0.03867901304067394,-1,10,0.002689795806233901,1300,79,2.965115991982095e-05,1.8534991182629374e-07,0.8758437215050581,0.8348359947783154,0.8256765453836832,0.8442449690920389,0.9490606948338933,COMPLETE
2424,0.837445139329018,2026-06-02 18:59:28.638691,2026-06-02 19:00:00.460033,0 days 00:00:31.821342,0.9233188227553399,0.6976926170218155,0.015877250733599923,-1,10,0.04106910319437671,1160,247,1.950539976974553e-05,3.24062954548884e-07,0.8782971336099202,0.837445139329018,0.8315229305804751,0.8434800676783772,0.9506244182120217,COMPLETE
2425,0.8317724506880223,2026-06-02 19:00:00.471763,2026-06-02 19:00:21.315426,0 days 00:00:20.843663,0.9336686298940899,0.6922505827257392,0.015002512060012532,-1,70,0.004949712925239354,620,255,4.526115729486011e-06,1.1175660038092917e-07,0.8722004249374535,0.8317724506880223,0.814255165290629,0.8500808469324515,0.9480157844348117,COMPLETE
2426,0.8378550621240093,2026-06-02 19:00:21.328204,2026-06-02 19:00:54.671630,0 days 00:00:33.343426,0.9499848773449443,0.7466368963099916,0.016301085099351055,-1,10,2.1800681732691296e-05,1240,247,1.0544813719592807e-05,2.569226437833427e-07,0.8788868065858403,0.8378550621240093,0.8338354190135796,0.8419502937422414,0.9509517028587539,COMPLETE
2427,0.8377360050690005,2026-06-02 19:00:54.684261,2026-06-02 19:01:33.647740,0 days 00:00:38.963479,0.9166514990908627,0.6839900798888954,0.0158901235875873,-1,10,0.018717326819182294,1340,255,2.9429934806447984e-05,0.24873974018093686,0.8789289173883912,0.8377360050690005,0.8346290842595435,0.840902090158485,0.9508154028670924,COMPLETE
2428,0.8357175119594117,2026-06-02 19:01:33.659919,2026-06-02 19:02:01.670216,0 days 00:00:28.010297,0.9385945660038448,0.7112257685716011,0.0169372064424237,-1,10,0.007444937048700589,1340,159,1.7852829198781765e-05,0.025655368640457112,0.8764017859333658,0.8357175119594117,0.825842285390479,0.8458597384944011,0.949894344205268,COMPLETE
2429,0.8376240287362796,2026-06-02 19:02:01.683037,2026-06-02 19:02:40.022351,0 days 00:00:38.339314,0.9282525749398819,0.6981656170718639,0.01500229609300844,-1,20,0.003023209130862783,1300,255,9.268373555170192e-06,4.4084533468754294e-08,0.878465607754111,0.8376240287362796,0.831940580040488,0.84342342650515,0.9507583350864541,COMPLETE
2430,0.8366146507597326,2026-06-02 19:02:40.035126,2026-06-02 19:03:15.267544,0 days 00:00:35.232418,0.9426517166865258,0.6860190148796315,0.01760451059762158,-1,10,0.12548357493833284,1320,247,2.8211941618854494e-06,2.2503211067874336e-08,0.8783181893438191,0.8366146507597326,0.8350600043044777,0.838210806216149,0.9508073514045353,COMPLETE
2431,0.8365620254224787,2026-06-02 19:03:15.280220,2026-06-02 19:03:53.476924,0 days 00:00:38.196704,0.9342513043934754,0.6928274818902684,0.016428167751596712,-1,10,0.011908321776812095,1360,255,6.1588767300047846e-06,1.8745647455007612e-07,0.8782023678393166,0.8365620254224787,0.8344689946865388,0.838692407867315,0.9509275242502011,COMPLETE
2432,0.8258594669909578,2026-06-02 19:03:53.497775,2026-06-02 19:04:05.339566,0 days 00:00:11.841791,0.9234566573664418,0.7046813474564532,0.015685101197582926,-1,90,0.015209262130191588,360,247,2.8944871101845444e-05,8.401923765344453e-08,0.8669460780051058,0.8258594669909578,0.8040787072032042,0.8488626451934457,0.944605658321751,COMPLETE
2433,0.8369518476720709,2026-06-02 19:04:05.351795,2026-06-02 19:04:41.639515,0 days 00:00:36.287720,0.9122655831867768,0.6858878701295863,0.01680821916763563,-1,10,0.004609212284743464,1280,255,1.4809538219051224e-05,3.7469440613401927e-07,0.8785393104730982,0.8369518476720709,0.8351897635304626,0.8387490538557402,0.95100619276859,COMPLETE
2434,0.8384395064816393,2026-06-02 19:04:41.660238,2026-06-02 19:05:17.977339,0 days 00:00:36.317101,0.939207151510145,0.6934749156157523,0.015922641867824237,-1,10,2.1011791883187095e-07,1340,247,3.1537575032675075e-05,1.359339916933409e-07,0.8794027615420913,0.8384395064816393,0.8349987568954301,0.8419503009650384,0.951157530313988,COMPLETE
2435,0.8367883856883053,2026-06-02 19:05:17.989904,2026-06-02 19:05:53.755794,0 days 00:00:35.765890,0.9300114421103897,0.6925692361870246,0.01798583272293356,-1,10,0.0021325573405955585,1340,247,2.8611146491443878e-05,1.8700547782910625e-07,0.8784656037626287,0.8367883856883053,0.8353597948172378,0.8382674353513814,0.9509769542361504,COMPLETE
2436,0.8373130132018679,2026-06-02 19:05:53.767927,2026-06-02 19:06:31.609312,0 days 00:00:37.841385,0.9266733709238794,0.6873334306176064,0.017265180140527185,-1,20,0.0028738806149585286,1340,247,3.4204226546736306e-05,2.11987548935899e-07,0.8786235536987287,0.8373130132018679,0.8342920302502619,0.8403921558827108,0.9508450726122476,COMPLETE
2437,0.8369897934848787,2026-06-02 19:06:31.630054,2026-06-02 19:07:07.747078,0 days 00:00:36.117024,0.9311289743118385,0.6849211478775064,0.016340769912847542,-1,10,0.0020722371896448924,1340,247,2.102693707817476e-05,2.497027190906041e-07,0.8783497855843613,0.8369897934848787,0.8337380022582762,0.8403071917152709,0.9510204988083029,COMPLETE
2438,0.8372239983848923,2026-06-02 19:07:07.759561,2026-06-02 19:07:44.506247,0 days 00:00:36.746686,0.9225101814376052,0.6909578584488226,0.016770415631642836,-1,10,0.0025629550760489536,1360,247,2.9889372710218907e-05,3.1228095700915856e-07,0.8787393865124309,0.8372239983848923,0.8354397451789892,0.8390607079112349,0.9511478011383047,COMPLETE
2439,0.8342712406736096,2026-06-02 19:07:44.518627,2026-06-02 19:08:29.168882,0 days 00:00:44.650255,0.8153971239567461,0.6853689661244855,0.015831884679710796,-1,60,0.0023018551871534787,1360,247,3.354621262708665e-05,1.5227478395570292e-07,0.8759068783954259,0.8342712406736096,0.8282851563958441,0.8403638304808991,0.9497607446134024,COMPLETE
2440,0.8380546542853876,2026-06-02 19:08:29.181440,2026-06-02 19:09:06.138747,0 days 00:00:36.957307,0.9328634633959064,0.7552671505614327,0.01628741026849876,-1,10,0.002475338484112449,1340,247,2.5340752029321175e-05,3.8019129816389427e-07,0.8792974662414205,0.8380546542853876,0.8358497359613892,0.8403072254216565,0.9510552839847873,COMPLETE
2441,0.8276977842347355,2026-06-02 19:09:06.152158,2026-06-02 19:09:31.359320,0 days 00:00:25.207162,0.9265585479239651,0.6934295997364132,0.015471902078763715,8,10,0.00024007915989984838,1360,247,3.4579327347074186e-05,1.4249513404788742e-07,0.8683675954981478,0.8276977842347355,0.8059790205502142,0.8506474151586563,0.9460937798017822,COMPLETE
2442,0.8368597241803659,2026-06-02 19:09:31.371753,2026-06-02 19:10:07.072481,0 days 00:00:35.700728,0.9295443230960111,0.6898271411403598,0.017310322905842886,-1,10,0.002519480304230275,1320,247,2.1454176968695152e-05,2.967962982990218e-07,0.8784550855417611,0.8368597241803659,0.8349882389333224,0.8387774129639372,0.9509608216194945,COMPLETE
2443,0.8343309897091874,2026-06-02 19:10:07.084252,2026-06-02 19:10:37.661193,0 days 00:00:30.576941,0.935601317003643,0.8276973311135992,0.015487171511428408,14,20,0.00013565758846907703,1360,167,2.018423710510088e-05,0.015882063763930934,0.8750223932130625,0.8343309897091874,0.8223056487230832,0.8467379704064966,0.9496679635874017,COMPLETE
2444,0.8361386524933203,2026-06-02 19:10:37.672795,2026-06-02 19:11:16.591195,0 days 00:00:38.918400,0.7292426392785493,0.6850746637912382,0.016709433434075136,-1,10,0.002869240948716229,1340,247,1.8022159994673805e-05,2.2973850331199528e-07,0.8780760197983585,0.8361386524933203,0.8353567293769039,0.8369643392653057,0.9507008167506021,COMPLETE
2445,0.8376929609492386,2026-06-02 19:11:16.603121,2026-06-02 19:11:53.998849,0 days 00:00:37.395728,0.9203757914394317,0.6930760069647475,0.01615932016024612,-1,10,0.004637175789816758,1360,247,3.1020703403708365e-05,3.6238611727545406e-07,0.8789183861952066,0.8376929609492386,0.8347381644595083,0.8407037906774137,0.9509307527976828,COMPLETE
2446,0.8375047001586741,2026-06-02 19:11:54.011602,2026-06-02 19:12:30.215632,0 days 00:00:36.204030,0.9336221758003197,0.6823545127587131,0.017696358106023494,-1,10,0.0027872953942722194,1360,239,3.753887858787011e-05,0.05249857800392539,0.8789394489141994,0.8375047001586741,0.8356559977913838,0.8394006536621558,0.9509793182353009,COMPLETE
2447,0.8361024993326195,2026-06-02 19:12:30.236914,2026-06-02 19:13:06.571948,0 days 00:00:36.335034,0.9188972448794546,0.6825401387862422,0.01589223530559562,12,10,0.00010503695645031714,1320,247,2.2170796350987204e-05,1.3413103330438305e-07,0.877233637102958,0.8361024993326195,0.8298140228024941,0.8425168764140402,0.9502038579856582,COMPLETE
2448,0.8376991407542839,2026-06-02 19:13:06.583518,2026-06-02 19:13:42.650147,0 days 00:00:36.066629,0.9259065363344615,0.6901875744070451,0.015442011901939898,-1,10,0.00476485944771041,1340,239,3.920584684082212e-05,4.5922256503589465e-05,0.8787077916023828,0.8376991407542839,0.8332815434170318,0.8422052368041392,0.9507633832945696,COMPLETE
2449,0.8376046122954333,2026-06-02 19:13:42.671511,2026-06-02 19:14:19.591608,0 days 00:00:36.920097,0.9355669639516102,0.6963180300142189,0.016972721178885035,-1,10,0.0027919729838783917,1360,247,3.528426020523598e-05,2.0182746994001073e-07,0.8789815657039736,0.8376046122954333,0.835538456053199,0.8397122836416608,0.9511241526254258,COMPLETE
2450,0.8371491368751811,2026-06-02 19:14:19.604105,2026-06-02 19:14:57.679037,0 days 00:00:38.074932,0.9296054394853634,0.6867722464046404,0.0163393779275376,-1,20,0.0055219044777131765,1320,247,1.561050601853676e-05,0.1347893943817587,0.8782550114981698,0.8371491368751811,0.8324426460560564,0.8419503009650384,0.9505975253539871,COMPLETE
2451,0.8299494566407679,2026-06-02 19:14:57.691781,2026-06-02 19:15:30.042238,0 days 00:00:32.350457,0.9147553204368781,0.681558790144303,0.018062012706483745,8,10,7.139174646560199e-05,1360,239,3.9525046975475015e-05,3.7952456721270045e-07,0.8704945928361777,0.8299494566407679,0.8105707689250149,0.8503074886685272,0.9471854729547672,COMPLETE
2452,0.8343174929581466,2026-06-02 19:15:30.063161,2026-06-02 19:16:04.213960,0 days 00:00:34.150799,0.9241132423985322,0.6972060814625525,0.01500149463794271,10,10,0.0026628524185673325,1360,239,2.122455607625002e-05,2.5215876531856673e-07,0.8750434489469615,0.8343174929581466,0.822490419719308,0.8465113190400251,0.9490787175274612,COMPLETE
2453,0.8379181142808063,2026-06-02 19:16:04.225549,2026-06-02 19:16:40.466528,0 days 00:00:36.240979,0.9373975539849632,0.6901483859325592,0.015890623326662908,-1,10,0.004982087934033468,1320,247,1.5510405069431172e-05,0.09913639896321745,0.8789394509099404,0.8379181142808063,0.833966600055267,0.8419502865194447,0.9508963533193997,COMPLETE
2454,0.8374964056210533,2026-06-02 19:16:40.478861,2026-06-02 19:17:17.654050,0 days 00:00:37.175189,0.931912637500501,0.681988991959295,0.01677309723201112,14,10,0.002510340501896917,1360,247,2.6238445285798684e-05,1.284433994032469e-07,0.878665675810479,0.8374964056210533,0.8338229831331686,0.8412420599853956,0.9507851987052947,COMPLETE
2455,0.8380594896676049,2026-06-02 19:17:17.666508,2026-06-02 19:17:55.134238,0 days 00:00:37.467730,0.9186112686197689,0.7798749672068821,0.015464312908219978,-1,10,0.0001616428839012322,1340,247,3.969082450313913e-05,4.1230074201931484e-07,0.8791395143095796,0.8380594896676049,0.8347401656033001,0.8414403546512691,0.9510415556882094,COMPLETE
2456,0.8352565875036797,2026-06-02 19:17:55.146921,2026-06-02 19:18:29.159334,0 days 00:00:34.012413,0.9374286898988954,0.6975561171876301,0.04365156352692322,-1,10,1.2088867644007364e-05,1360,239,3.906421941785695e-05,1.6702917135545986e-07,0.8789604926736517,0.8352565875036797,0.8452223633894874,0.8255758159342056,0.950794858775625,COMPLETE
2457,0.8373778228684426,2026-06-02 19:18:29.171599,2026-06-02 19:19:06.908462,0 days 00:00:37.736863,0.9266541737062863,0.6854120606955934,0.01628899848612947,-1,20,0.005229937632023095,1340,247,2.292990729323443e-05,0.026022104296681118,0.8785814319196016,0.8373778228684426,0.8337276964352028,0.841100430568739,0.9508094291107546,COMPLETE
