number,value,datetime_start,datetime_complete,duration,params_bagging_fraction,params_feature_fraction,params_learning_rate,params_max_depth,params_min_child_samples,params_min_split_gain,params_n_estimators,params_num_leaves,params_reg_alpha,params_reg_lambda,user_attrs_accuracy,user_attrs_f1,user_attrs_precision,user_attrs_recall,user_attrs_roc_auc,state
632,0.8380936143018256,2026-06-02 01:21:15.692030,2026-06-02 01:21:53.966660,0 days 00:00:38.274630,0.9208590574211571,0.6728800166228666,0.015617148807598534,16,10,9.445375313969258e-05,1380,255,0.00015766354876696234,1.1500918809660762e-06,0.879139514642203,0.8380936143018256,0.8346063323363477,0.8416386661703353,0.950882030982215,COMPLETE
633,0.8373417502368249,2026-06-02 01:21:53.975705,2026-06-02 01:22:30.952406,0 days 00:00:36.976701,0.9227419506329743,0.6663882723353497,0.015587517119104092,16,10,0.005139381630970178,1360,255,0.00018962447229986821,1.0359639237576492e-06,0.8785393214496743,0.8373417502368249,0.8335892396732348,0.8411570621115704,0.9508049159608238,COMPLETE
634,0.837966383047387,2026-06-02 01:22:30.962569,2026-06-02 01:23:09.108774,0 days 00:00:38.146205,0.9224360476235848,0.6618493233658627,0.015533708267139474,16,10,0.00011318442164978248,1400,255,0.0003550647960636059,6.877860460946711e-07,0.8791079237236371,0.837966383047387,0.8349120258742682,0.8410720810909377,0.9510045959915813,COMPLETE
635,0.837479749242589,2026-06-02 01:23:09.118573,2026-06-02 01:23:47.246630,0 days 00:00:38.128057,0.9232535513770561,0.6607091135159394,0.015006924912516862,16,10,0.0002482870926004488,1400,255,0.00033710842405514394,1.5035870760909733e-06,0.8786235517029876,0.837479749242589,0.8336163862463226,0.841411993135473,0.9508371058342305,COMPLETE
636,0.8375123533506573,2026-06-02 01:23:47.256204,2026-06-02 01:24:26.168450,0 days 00:00:38.912246,0.9180245802619538,0.6713379952086004,0.01564403240018037,16,10,0.0032612048625873754,1400,255,0.00015442061703694026,7.826719588010839e-07,0.8787499087247806,0.8375123533506573,0.834328266715501,0.840760429443042,0.9509044883902793,COMPLETE
637,0.835888892831771,2026-06-02 01:24:26.177494,2026-06-02 01:25:07.394077,0 days 00:00:41.216583,0.9223502168443107,0.6867699269526123,0.01603393539695988,16,40,0.0030273538399256637,1380,255,0.00029235858803730813,7.253669183546125e-07,0.8772441556564491,0.835888892831771,0.8307353341632235,0.8411287102261702,0.9502428949761028,COMPLETE
638,0.8351997852840934,2026-06-02 01:25:07.403783,2026-06-02 01:25:50.253867,0 days 00:00:42.850084,0.9158306127404552,0.6583829978256689,0.01555938151273131,16,60,0.0054035998887174115,1360,255,0.00021603950994917388,1.4428851659095235e-06,0.876317534059524,0.8351997852840934,0.8273404964830151,0.8432250957252921,0.9497500438293084,COMPLETE
639,0.8378005953573275,2026-06-02 01:25:50.264005,2026-06-02 01:26:27.761918,0 days 00:00:37.497913,0.9108193166572762,0.666325121108909,0.015405117590801102,16,10,0.0027205278959951656,1400,247,0.0003925138506341791,5.188427815419844e-07,0.87884467881949,0.8378005953573275,0.8337989483622943,0.8418652621620307,0.9507259130504216,COMPLETE
640,0.8370167182207844,2026-06-02 01:26:27.771660,2026-06-02 01:27:06.807497,0 days 00:00:39.035837,0.9123475849396839,0.664490354602356,0.015062474910441194,16,10,0.0003014518384715985,1400,247,0.00038137493596433346,9.426709392032458e-07,0.8782023655109518,0.8370167182207844,0.8326360645713592,0.8414686800530805,0.9508579541206826,COMPLETE
641,0.8371760978127328,2026-06-02 01:27:06.822929,2026-06-02 01:27:45.802841,0 days 00:00:38.979912,0.9193377142402656,0.6698706589545701,0.015487051420855146,16,10,0.0028365159589654717,1400,247,0.00044364481516748184,4.873677009588175e-07,0.8783603058009698,0.8371760978127328,0.8330745059885584,0.8413553615926417,0.950844283042286,COMPLETE
642,0.8374774086223885,2026-06-02 01:27:45.813218,2026-06-02 01:28:23.448126,0 days 00:00:37.634908,0.9083092938020575,0.6798585003012569,0.01602866064948958,16,10,0.005283823180476639,1380,255,0.00014696051081090843,4.905336134307207e-07,0.878792027510296,0.8374774086223885,0.8347832923094881,0.8402221890262477,0.9508447268617903,COMPLETE
643,0.837187028836767,2026-06-02 01:28:23.458052,2026-06-02 01:29:00.250848,0 days 00:00:36.792796,0.9244502691955724,0.6746790661487764,0.015030764602180148,16,10,9.984390038917344e-05,1380,247,0.00028886377501776263,1.255266990200435e-06,0.8783603137839343,0.837187028836767,0.833013146180608,0.8414403546512691,0.9508030002213763,COMPLETE
644,0.8378041128526895,2026-06-02 01:29:00.269279,2026-06-02 01:29:37.415638,0 days 00:00:37.146359,0.9103393514787573,0.6664630487657246,0.015530298012506617,16,10,0.0031161112034658726,1360,255,0.00011724287752682619,6.682744015257778e-07,0.8788657348860124,0.8378041128526895,0.8339256786253341,0.8417519485167898,0.9507940746193109,COMPLETE
645,0.8351299762774206,2026-06-02 01:29:37.434894,2026-06-02 01:30:11.515683,0 days 00:00:34.080789,0.9142600227375958,0.6556317599008981,0.01650331614106388,10,10,0.0029134696143839046,1360,255,8.291979156263359e-05,6.210928470386336e-07,0.8760753625183222,0.8351299762774206,0.8260137045425827,0.8444716132357137,0.9495116402760386,COMPLETE
646,0.8364163796318834,2026-06-02 01:30:11.525070,2026-06-02 01:30:52.343327,0 days 00:00:40.818257,0.6957394332812076,0.6668514696087595,0.0159948716824403,16,10,0.002670928019570443,1400,255,0.0003481793482731923,1.1160650887755385e-06,0.8782339580926353,0.8364163796318834,0.8352932911594717,0.837587592001519,0.9505350330646567,COMPLETE
647,0.8375054743409702,2026-06-02 01:30:52.353573,2026-06-02 01:31:29.676536,0 days 00:00:37.322963,0.909826748633114,0.6626883280144685,0.015008238115744933,16,10,0.00030109279144341475,1360,255,0.0001283327877279404,4.021235417475934e-07,0.8785814359110838,0.8375054743409702,0.8332206820569538,0.8418653103140099,0.9508116531792606,COMPLETE
648,0.837340583519597,2026-06-02 01:31:29.686609,2026-06-02 01:32:08.086046,0 days 00:00:38.399437,0.9189596496483468,0.6564597839542071,0.01556713038045332,16,10,0.0001157076822796885,1400,255,0.0004465171159016199,7.639204757790916e-07,0.8786762080015343,0.837340583519597,0.8345340026229201,0.8401938588092382,0.9508557912772125,COMPLETE
649,0.8362032041542827,2026-06-02 01:32:08.095139,2026-06-02 01:32:43.894110,0 days 00:00:35.798971,0.9237169157454307,0.6666269448483221,0.016346935517492917,16,10,0.13552624274159603,1360,247,0.00022441423759432416,4.331560466158061e-07,0.8776758796941397,0.8362032041542827,0.8323773359803069,0.8401088874190016,0.9504949294268914,COMPLETE
650,0.8277335412400656,2026-06-02 01:32:43.904178,2026-06-02 01:33:08.675547,0 days 00:00:24.771369,0.9091424941990681,0.657036930313517,0.015476814866984769,8,10,0.004950146203202231,1360,247,0.0001069328591349646,7.445250864485463e-07,0.8682622822358071,0.8277335412400656,0.8052415557467398,0.8515539483965734,0.9461804215944691,COMPLETE
651,0.8373870195875336,2026-06-02 01:33:08.685380,2026-06-02 01:33:46.604457,0 days 00:00:37.919077,0.9155500458895749,0.6642289184404941,0.01601470364905131,16,10,0.002852508992883736,1400,255,0.00024869805192792924,1.0890913883620168e-06,0.8788552056885689,0.8373870195875336,0.8355607568810379,0.8392589977619105,0.9509927832948852,COMPLETE
652,0.8370654385354682,2026-06-02 01:33:46.614134,2026-06-02 01:34:24.141846,0 days 00:00:37.527712,0.9077615356396833,0.6797431224314084,0.016593414049934533,16,10,0.0057055689552228395,1380,255,0.000432056094836742,3.2790483327704915e-07,0.8785498496492473,0.8370654385354682,0.8348106269061386,0.839372342705938,0.9507388839738623,COMPLETE
653,0.834979420888981,2026-06-02 01:34:24.151787,2026-06-02 01:35:08.265304,0 days 00:00:44.113517,0.9159646164560966,0.6719721513173598,0.01545054518614036,16,80,0.0034806297883450926,1400,247,5.4395525419201565e-05,5.893386791304307e-07,0.8760964069430215,0.834979420888981,0.8267509750041255,0.8433950457285624,0.9495516515757867,COMPLETE
654,0.8367962020245416,2026-06-02 01:35:08.274938,2026-06-02 01:35:44.737445,0 days 00:00:36.462507,0.921276370930723,0.6612581635385949,0.01608060398505556,16,10,0.005380776278782046,1360,247,0.00017671148830425838,3.8490019286950613e-07,0.87817078157748,0.8367962020245416,0.8333161224090838,0.8403355147094834,0.9508120334944387,COMPLETE
655,0.8381433368756706,2026-06-02 01:35:44.747011,2026-06-02 01:36:21.150418,0 days 00:00:36.403407,0.9090446899199848,0.6553423227355383,0.015002853128295184,16,10,0.0001488532253358485,1380,239,7.637606135008026e-05,1.5688061986192581e-06,0.878939451907811,0.8381433368756706,0.8330409289417116,0.8433384165933301,0.9508748770416849,COMPLETE
656,0.8377066247688317,2026-06-02 01:36:21.160321,2026-06-02 01:36:57.238747,0 days 00:00:36.078426,0.9103880547195042,0.6556370598016299,0.015033082875002978,16,10,0.0029716550465491917,1360,239,8.709160787296825e-05,1.5269780163065828e-06,0.8786130235034145,0.8377066247688317,0.8326274316870469,0.8428851644199651,0.9507420426104317,COMPLETE
657,0.8363398779709915,2026-06-02 01:36:57.248865,2026-06-02 01:37:35.283490,0 days 00:00:38.034625,0.9077332577715752,0.6556825071125664,0.015641053135421773,12,10,0.00021921798566436698,1400,247,6.408396845814314e-05,8.89880508345676e-07,0.8776021693248115,0.8363398779709915,0.831335432689157,0.8414403594664671,0.9503722410172445,COMPLETE
658,0.8371663191708042,2026-06-02 01:37:35.293537,2026-06-02 01:38:13.147969,0 days 00:00:37.854432,0.915769135823436,0.6505917507665344,0.01502490905519369,16,10,0.005582249327820811,1380,255,0.00012121512441176545,1.8787653097534495e-06,0.8783813695178333,0.8371663191708042,0.8332395846628744,0.8411570284051848,0.950807399205361,COMPLETE
659,0.83694164906867,2026-06-02 01:38:13.157163,2026-06-02 01:38:51.337669,0 days 00:00:38.180506,0.9227988039531112,0.6666233582451925,0.015590645535904819,16,10,0.0032286510695599202,1400,255,4.638597008687851e-05,1.3017118361423203e-06,0.8783076614768697,0.83694164906867,0.8336662597265884,0.8402788398298707,0.9508036615296201,COMPLETE
660,0.8376222834340048,2026-06-02 01:38:51.357073,2026-06-02 01:39:28.178220,0 days 00:00:36.821147,0.9060741071082956,0.6614345662866488,0.015002077423883549,16,10,0.0069539594331279025,1360,247,0.0001451636482860441,6.415352975637488e-07,0.8785919664390215,0.8376222834340048,0.832819164594428,0.8425168667836442,0.9508081672100631,COMPLETE
661,0.8378671902013118,2026-06-02 01:39:28.188205,2026-06-02 01:40:03.648846,0 days 00:00:35.460641,0.9143579118554679,0.6762495047540994,0.01603674914982656,16,10,0.00016801371714121258,1360,239,8.642549344902104e-05,4.3973209491381605e-07,0.8789183911845592,0.8378671902013118,0.8340240532072997,0.8417803244781795,0.9508836858716903,COMPLETE
662,0.8368449096364484,2026-06-02 01:40:03.659015,2026-06-02 01:40:38.685265,0 days 00:00:35.026250,0.9259990061900566,0.6828772105626839,0.016068244066853088,16,10,9.198373256286054e-05,1360,239,7.41722341388686e-05,3.6304784076925887e-07,0.8781286677813173,0.8368449096364484,0.8328062060453484,0.8409587939292855,0.9506881860024964,COMPLETE
663,0.8372559670872047,2026-06-02 01:40:38.695524,2026-06-02 01:41:15.432652,0 days 00:00:36.737128,0.9136217352804241,0.6762992077982934,0.016555078596120928,16,10,5.656523655793956e-05,1400,247,9.854673301165535e-05,7.189723717904809e-07,0.8786656774735967,0.8372559670872047,0.8347928324717641,0.8397689199996901,0.950935099891676,COMPLETE
664,0.8371991801160702,2026-06-02 01:41:15.442245,2026-06-02 01:41:51.406683,0 days 00:00:35.964438,0.9177031880966685,0.6964531990193966,0.01587391653053422,16,10,0.003256361030672599,1380,239,4.880858601625248e-05,4.895617530987729e-07,0.8784129537839287,0.8371991801160702,0.8333466654263818,0.8411286981881755,0.9507796426454678,COMPLETE
665,0.8371742667420534,2026-06-02 01:41:51.416650,2026-06-02 01:42:27.594335,0 days 00:00:36.177685,0.9074840517177412,0.6701349195042297,0.015543209655174972,16,10,9.91989182602519e-07,1360,247,0.0001824688129492679,2.4716667313301293e-07,0.8783603164449225,0.8371742667420534,0.8330649139746725,0.8413553856686313,0.9509772233298189,COMPLETE
666,0.8377244802653503,2026-06-02 01:42:27.613309,2026-06-02 01:43:05.026522,0 days 00:00:37.413213,0.9105359204666635,0.6870132830155411,0.016407084258310785,16,10,0.0030393514629156204,1380,255,0.0001218611583870715,1.2728298825835082e-06,0.8791079273824959,0.8377244802653503,0.8358867170016276,0.8395989290672374,0.9508855720089278,COMPLETE
667,0.8371131672114197,2026-06-02 01:43:05.036425,2026-06-02 01:43:42.286269,0 days 00:00:37.249844,0.9263200483801812,0.6638662779590223,0.01558295237427216,16,10,0.0029276930197354653,1400,247,0.00026462269817344153,3.762302995967369e-07,0.8784550778914203,0.8371131672114197,0.833960670439912,0.8403355098942855,0.9506958952998484,COMPLETE
668,0.836588343120377,2026-06-02 01:43:42.296398,2026-06-02 01:44:18.549578,0 days 00:00:36.253180,0.9199682922988289,0.6762787937817916,0.01606848986143028,16,10,0.005993442634653134,1360,247,6.761509321292568e-05,7.558346291267413e-07,0.8779601819953035,0.836588343120377,0.8327483230834409,0.8405055249027278,0.9508040720881873,COMPLETE
669,0.8377371669932536,2026-06-02 01:44:18.559027,2026-06-02 01:44:55.947169,0 days 00:00:37.388142,0.9053058230252806,0.6570391488193622,0.015022658858905927,16,10,0.0027302814051925407,1400,239,0.00010114456961087476,2.3803338445905902e-07,0.8787183257891792,0.8377371669932536,0.8332048179240213,0.842346916780374,0.9507974725330879,COMPLETE
670,0.8378157746703795,2026-06-02 01:44:55.956649,2026-06-02 01:45:32.762690,0 days 00:00:36.806041,0.9131674399730869,0.6693174454373325,0.016615059733823982,16,10,3.175771432526028e-05,1360,255,0.00022940507095842465,9.172296667969497e-07,0.8791816377518241,0.8378157746703795,0.8360428487276806,0.8396272785450387,0.9509211289363578,COMPLETE
671,0.8348290271758062,2026-06-02 01:45:32.772899,2026-06-02 01:46:06.906880,0 days 00:00:34.133981,0.9137437168179315,0.6703894621598174,0.01666346651778809,10,10,2.23082664659868e-05,1360,255,0.00018882930950435425,1.9101739506611872e-06,0.8757594639766163,0.8348290271758062,0.8251307904491424,0.8447832095088333,0.9495678942220153,COMPLETE
672,0.8376982622179087,2026-06-02 01:46:06.916930,2026-06-02 01:46:44.629679,0 days 00:00:37.712749,0.9131428700500932,0.6801315062278456,0.01594652256121011,16,10,0.0028194472089240617,1380,255,0.00023733091674230013,9.254599149222001e-07,0.879002621105249,0.8376982622179087,0.8353020785905635,0.8401371839296256,0.9509058340096869,COMPLETE
673,0.8380013909180573,2026-06-02 01:46:44.639395,2026-06-02 01:47:21.670667,0 days 00:00:37.031272,0.9189809678232812,0.6501594409507512,0.016571885844019456,16,10,0.00024575146278318596,1360,255,0.0001467002653013028,5.148319113382287e-07,0.8791816330950949,0.8380013909180573,0.835277797986814,0.8407888029968328,0.9510034731639255,COMPLETE
674,0.8348852631116069,2026-06-02 01:47:21.680667,2026-06-02 01:48:06.451825,0 days 00:00:44.771158,0.9266260300664976,0.6526179249615451,0.0156717046142971,16,70,0.0027516346472828473,1400,255,0.00011391356022631356,5.714028883687658e-07,0.8761385330462542,0.8348852631116069,0.8274073633925748,0.8425168715988421,0.9496532394672211,COMPLETE
675,0.8374113757723682,2026-06-02 01:48:06.461686,2026-06-02 01:48:44.270955,0 days 00:00:37.809269,0.9218845694854011,0.6501635141861353,0.015469169619115895,16,10,0.0030754979465193117,1380,255,6.411875975925948e-05,1.0245026035243637e-06,0.878665675810479,0.8374113757723682,0.8341680117447549,0.840703773824221,0.9508704163649436,COMPLETE
676,0.8381025113944767,2026-06-02 01:48:44.280914,2026-06-02 01:49:21.245687,0 days 00:00:36.964773,0.9169205244435833,0.6562932445046176,0.016475545699642262,16,10,8.722934497849381e-05,1360,255,0.0003489258951439051,5.040190744508514e-07,0.8792763968699573,0.8381025113944767,0.8355189112372646,0.8407320847804387,0.9510839978218854,COMPLETE
677,0.8376517843981593,2026-06-02 01:49:21.254893,2026-06-02 01:49:57.165691,0 days 00:00:35.910798,0.9170825038033309,0.6559173803407069,0.016564857190009736,16,10,0.005524065903028881,1340,247,0.0003621162106560122,3.525288693676739e-07,0.878781501306464,0.8376517843981593,0.8339892494730589,0.8413836894020522,0.9507363426514773,COMPLETE
678,0.8295486974023566,2026-06-02 01:49:57.174780,2026-06-02 01:50:22.067992,0 days 00:00:24.893212,0.9117237258625466,0.6590308914333257,0.016672984419932407,8,10,0.002944099783180048,1360,255,0.0003064716705052711,4.4430512109341135e-07,0.86995758048291,0.8295486974023566,0.8088051478363109,0.8514123382407086,0.9466255665920569,COMPLETE
679,0.8313920762058368,2026-06-02 01:50:22.086527,2026-06-02 01:51:01.113639,0 days 00:00:39.027112,0.917553012552997,0.6561098521960795,0.08557965492545455,16,10,0.00019792490322283676,1400,247,0.000480730728997413,1.3445104287825375e-06,0.8767808360434634,0.8313920762058368,0.8459885933729608,0.8173319322455619,0.9483990699440824,COMPLETE
680,0.817931587119086,2026-06-02 01:51:01.123669,2026-06-02 01:51:07.956834,0 days 00:00:06.833165,0.9105440352346389,0.663014845219126,0.016110145032960897,12,10,0.005882530381909122,220,255,0.0003020636095557321,8.679528710932181e-07,0.8606703540165581,0.817931587119086,0.795229249294915,0.8420069060242811,0.9398681835053292,COMPLETE
681,0.8379704511947551,2026-06-02 01:51:07.967098,2026-06-02 01:51:44.377371,0 days 00:00:36.410273,0.9063761096958156,0.6511038327853015,0.01667151674618048,16,10,8.550716504637443e-05,1360,247,0.00018441333821876598,5.461320818578066e-07,0.8791395169705676,0.8379704511947551,0.8351146974392734,0.8408737864250643,0.9509933841556911,COMPLETE
682,0.8374727773204894,2026-06-02 01:51:44.396742,2026-06-02 01:52:21.885012,0 days 00:00:37.488270,0.7572999505381721,0.6520336924775862,0.016842399855953188,16,10,4.294028177199787e-06,1340,247,0.00016350276217611277,5.977637688476829e-07,0.8788867966071349,0.8374727773204894,0.8354402990716161,0.8395423143775989,0.950845175756862,COMPLETE
683,0.8379440974043434,2026-06-02 01:52:21.894219,2026-06-02 01:52:57.579623,0 days 00:00:35.685404,0.9269799105058484,0.6549221910972891,0.016584988963374427,16,10,3.298012527702603e-05,1340,247,8.534503238153112e-05,1.0774232481831384e-06,0.8790973995155463,0.8379440974043434,0.8349330553311485,0.8410154278797157,0.951082790741944,COMPLETE
684,0.833913767627864,2026-06-02 01:52:57.589328,2026-06-02 01:53:37.969831,0 days 00:00:40.380503,0.9235693906906505,0.6504649609448624,0.016650839082809253,16,110,0.0025345324319069815,1340,239,3.856023451725485e-05,1.1630428754374958e-06,0.8749381326910091,0.833913767627864,0.8233899543543189,0.8447265274064236,0.9490594559690457,COMPLETE
685,0.8352080102813111,2026-06-02 01:53:37.979342,2026-06-02 01:54:18.690158,0 days 00:00:40.710816,0.9268696511187415,0.6576904964199404,0.016807942641390083,16,60,0.000265829339676626,1340,247,7.80690543077191e-05,1.883320757346904e-06,0.8764860048774795,0.8352080102813111,0.8284275622862712,0.8421202389303138,0.9499643364254986,COMPLETE
686,0.8367784144542035,2026-06-02 01:54:18.710003,2026-06-02 01:54:55.207237,0 days 00:00:36.497234,0.9196808463233653,0.6506425004681253,0.016206118979944454,16,10,0.0033152107470398274,1360,247,9.100564490021811e-05,8.805123799836334e-07,0.8781707795817387,0.8367784144542035,0.8333979244288413,0.8402221890262478,0.9508247543363746,COMPLETE
687,0.8379359229585592,2026-06-02 01:54:55.217477,2026-06-02 01:55:31.768441,0 days 00:00:36.550964,0.9160032296269861,0.657763008557978,0.0161681860746152,16,10,0.0002608021197,1340,255,0.0001413235029004475,1.672125205762717e-06,0.8790131513005631,0.8379359229585592,0.8343983297782479,0.841525321226308,0.9509129526214558,COMPLETE
688,0.8376150882086005,2026-06-02 01:55:31.778421,2026-06-02 01:56:07.332029,0 days 00:00:35.553608,0.9252816977831165,0.6552157486187354,0.016772550483299505,16,10,8.497984958015941e-05,1340,247,0.00017114017896567184,1.8850764825894388e-06,0.878865735883883,0.8376150882086005,0.8346924111795792,0.8405904577713811,0.9508889825813011,COMPLETE
689,0.8377411588852404,2026-06-02 01:56:07.342454,2026-06-02 01:56:44.549809,0 days 00:00:37.207355,0.9277138477245113,0.786952591928886,0.016317523328822418,16,10,0.0002461126006595486,1360,255,7.021439313595511e-05,2.4511505460410137e-06,0.8789920939035466,0.8377411588852404,0.835053740755883,0.840477153756536,0.9509081577884985,COMPLETE
690,0.8374876454387605,2026-06-02 01:56:44.559532,2026-06-02 01:57:19.768787,0 days 00:00:35.209255,0.9187347897335112,0.6586323023681,0.01615431676809728,16,10,0.00018688758074152727,1340,239,0.00016171941563291762,1.3924331148440917e-06,0.8785498516449884,0.8374876454387605,0.8330754426599473,0.8419786143288551,0.9508340617698364,COMPLETE
691,0.8347306789772501,2026-06-02 01:57:19.778800,2026-06-02 01:58:04.430339,0 days 00:00:44.651539,0.9156373975113844,0.6592807395794953,0.016755717566568455,16,90,0.0048475036639236725,1360,247,0.0002064463714563203,9.674196827761948e-07,0.8757699815322367,0.8347306789772501,0.82560265874304,0.844074939638003,0.9494229975593248,COMPLETE
692,0.8368353928073059,2026-06-02 01:58:04.440828,2026-06-02 01:58:44.714485,0 days 00:00:40.273657,0.9280174066935277,0.6508577956329493,0.016062200831850927,16,20,0.003025223361216416,1380,255,4.889360030746795e-05,3.523246053068494e-07,0.8782128920474074,0.8368353928073059,0.8334474070773955,0.8402788566830636,0.9506202589073584,COMPLETE
693,0.8377162225647652,2026-06-02 01:58:44.736278,2026-06-02 01:59:20.804552,0 days 00:00:36.068274,0.9230869909455498,0.6558103966129474,0.016847258071630677,16,10,5.8673769526789864e-05,1340,247,0.00010925333715115228,2.0127108686402017e-06,0.8789605096374511,0.8377162225647652,0.834948287389092,0.8405338238209508,0.9508869409675199,COMPLETE
694,0.8378891476312313,2026-06-02 01:59:20.814620,2026-06-02 01:59:58.669897,0 days 00:00:37.855277,0.915729109783012,0.6562629743338263,0.016079603039991272,16,10,0.0049673105001723575,1380,255,0.00022684989369683043,1.3617960056538146e-06,0.8790868643308795,0.8378891476312313,0.8351046085192042,0.8407321281172201,0.950915009836212,COMPLETE
