number,value,datetime_start,datetime_complete,duration,params_bagging_fraction,params_feature_fraction,params_learning_rate,params_max_depth,params_min_child_samples,params_min_split_gain,params_n_estimators,params_num_leaves,params_reg_alpha,params_reg_lambda,user_attrs_accuracy,user_attrs_f1,user_attrs_precision,user_attrs_recall,user_attrs_roc_auc,state
2269,0.8376808739342846,2026-06-02 17:29:36.172174,2026-06-02 17:30:11.936569,0 days 00:00:35.764395,0.9499483642432934,0.7126915182042638,0.015433908976621702,-1,10,0.021658422251056686,1280,255,2.192832550885373e-06,3.924245170875614e-08,0.878718325123932,0.8376808739342846,0.8334287737226015,0.8420069710294532,0.9508529138451761,COMPLETE
2270,0.8370364107423346,2026-06-02 17:30:11.948730,2026-06-02 17:30:47.242501,0 days 00:00:35.293771,0.9499669658948824,0.7027555511232052,0.016480578208048585,-1,20,0.01059219833040227,1240,255,3.7980127878532233e-06,3.683542697029439e-08,0.878170779581739,0.8370364107423346,0.8323412863397476,0.8418086426571941,0.9507758004419239,COMPLETE
2271,0.834375485015535,2026-06-02 17:30:47.254208,2026-06-02 17:31:21.017744,0 days 00:00:33.763536,0.9499170427257929,0.711576088237123,0.05672985740415277,-1,10,0.011875639982087122,1280,255,1.752417994169766e-06,6.44510252921656e-08,0.8787920225209431,0.834375485015535,0.8477700485712293,0.8214397631523557,0.9500118552333654,COMPLETE
2272,0.8371790375567182,2026-06-02 17:31:21.037943,2026-06-02 17:31:55.896945,0 days 00:00:34.859002,0.9439343535694594,0.7029537623731931,0.015501884424679318,-1,10,0.10844418430545126,1240,255,1.8340800455554443e-05,1.377027458563754e-07,0.8783497849191142,0.8371790375567182,0.8329644169553289,0.8414686920910754,0.9505818815946722,COMPLETE
2273,0.8375918021519383,2026-06-02 17:31:55.910005,2026-06-02 17:32:31.155325,0 days 00:00:35.245320,0.9386941856568837,0.7028968657585503,0.016128327217037945,-1,10,0.010709368873438298,1260,255,2.9093005397567936e-06,2.688742441566275e-08,0.8787288589781049,0.8375918021519383,0.8338622029383164,0.8413837399616305,0.950946463774522,COMPLETE
2274,0.8372260944901383,2026-06-02 17:32:31.176421,2026-06-02 17:33:07.124923,0 days 00:00:35.948502,0.9401103729893735,0.7157227903728546,0.01655607409656022,-1,10,0.016007048821466953,1320,255,4.886249852285364e-06,5.433818177723191e-08,0.8787499230275918,0.8372260944901383,0.8354899784891995,0.8390040691456067,0.9509359275612561,COMPLETE
2275,0.8353091285668622,2026-06-02 17:33:07.137142,2026-06-02 17:33:33.968495,0 days 00:00:26.831353,0.9409067738138269,0.7208962607157534,0.015502446887362178,-1,10,0.010835525309447838,1280,151,1.2297687494782228e-06,7.778049370828645e-08,0.8756225877360851,0.8353091285668622,0.8223875414007319,0.8486643553427701,0.9494905335055736,COMPLETE
2276,0.8369925386261134,2026-06-02 17:33:33.989346,2026-06-02 17:34:11.380337,0 days 00:00:37.390991,0.9424765949850838,0.7054293499345036,0.015001348613528122,-1,20,0.013915351879775266,1280,255,1.5443813618189164e-06,9.319352724131049e-08,0.8779812467100374,0.8369925386261134,0.8312369178973515,0.8428568655017422,0.9507039146092785,COMPLETE
2277,0.8376352978487894,2026-06-02 17:34:11.392676,2026-06-02 17:34:47.396266,0 days 00:00:36.003590,0.9386245091112991,0.7016044491609721,0.016077988215423195,-1,10,0.010436572124410886,1280,255,3.970497185079974e-06,1.160608019899314e-07,0.8788762743947851,0.8376352978487894,0.8346782325940048,0.8406471543193845,0.9509492937302565,COMPLETE
2278,0.8376854467908542,2026-06-02 17:34:47.408233,2026-06-02 17:35:22.588618,0 days 00:00:35.180385,0.9427619998491612,0.7123264873785229,0.01667962698638143,-1,10,0.00998088351120071,1260,255,1.9766915584139523e-06,1.2518351448548212e-07,0.878886791617782,0.8376854467908542,0.8345727074469252,0.8408454080560755,0.9510826380459411,COMPLETE
2279,0.8373890851890815,2026-06-02 17:35:22.609812,2026-06-02 17:35:58.887234,0 days 00:00:36.277422,0.9389127295108597,0.7074903742182842,0.016119440669531877,-1,10,0.018117000878323155,1300,255,3.8105323340476638e-06,4.8673859272282196e-08,0.8786446177482157,0.8373890851890815,0.8341154835452685,0.8407321449704129,0.9508663300071397,COMPLETE
2280,0.8375567218704493,2026-06-02 17:35:58.898569,2026-06-02 17:36:32.356890,0 days 00:00:33.458321,0.9498684372402486,0.7000252479192982,0.015612970758830008,-1,10,0.01573226982159098,1200,255,3.010865781642404e-06,1.377087215799187e-07,0.8785393151298275,0.8375567218704493,0.832711210017831,0.8424885389742337,0.9507229971074537,COMPLETE
2281,0.8365306030506998,2026-06-02 17:36:32.369169,2026-06-02 17:37:08.803214,0 days 00:00:36.434045,0.9434815768175183,0.7173390418246532,0.016782625937023805,-1,20,0.01013847260876844,1260,255,3.0249932753650057e-06,6.735211219074621e-08,0.8778548783790449,0.8365306030506998,0.8322695861367553,0.8408737864250643,0.9507112401686436,COMPLETE
2282,0.8369673092600789,2026-06-02 17:37:08.814534,2026-06-02 17:37:45.326304,0 days 00:00:36.511770,0.9379639802419016,0.7095696159197893,0.015906441111584173,-1,10,0.009704836745076056,1300,255,7.589313687280455e-06,9.71778646613218e-08,0.878402430906332,0.8369673092600789,0.8341877653390961,0.8397972333635068,0.9509459236872516,COMPLETE
2283,0.8379755980318464,2026-06-02 17:37:45.338729,2026-06-02 17:38:22.015842,0 days 00:00:36.677113,0.9428682028726086,0.6952843581831994,0.015500222356463363,-1,10,0.014313808720380905,1300,255,5.507465806680779e-06,2.8728185075110313e-08,0.8790552817279016,0.8379755980318464,0.8345237373138005,0.8414970367536787,0.9508526935979259,COMPLETE
2284,0.8364733143763496,2026-06-02 17:38:22.028056,2026-06-02 17:38:57.067030,0 days 00:00:35.038974,0.9384274746248704,0.7045937012693373,0.028462147922516664,-1,10,0.012272798680710047,1300,255,2.5422685851006996e-06,1.477824931026843e-07,0.8793501022499329,0.8364733143763496,0.8428580847734342,0.8302218944805905,0.951018270910153,COMPLETE
2285,0.8379769937056921,2026-06-02 17:38:57.077977,2026-06-02 17:39:30.806424,0 days 00:00:33.728447,0.9443723321292459,0.7164095141832056,0.016679921949877025,-1,10,0.01051389353543951,1220,255,5.940816201509198e-06,5.079378385018467e-08,0.8790868623351384,0.8379769937056921,0.8347223650207901,0.8412987107890187,0.9509958074266839,COMPLETE
2286,0.8373431419908485,2026-06-02 17:39:30.818548,2026-06-02 17:40:07.398804,0 days 00:00:36.580256,0.9499348573331667,0.7052269759236338,0.01610705727278255,-1,20,0.020089433066832155,1280,255,2.5962598420170985e-06,1.0073528166686403e-07,0.8784550782240438,0.8373431419908485,0.8330107389373275,0.8417519701851804,0.9508035262457991,COMPLETE
2287,0.8366712949408273,2026-06-02 17:40:07.410339,2026-06-02 17:40:43.209052,0 days 00:00:35.798713,0.9373435980981932,0.701081833918057,0.015453499330574095,-1,30,0.009318259379905656,1240,247,7.75756433927075e-06,1.3198360778860216e-07,0.8775916421231091,0.8366712949408273,0.8299204173299791,0.8435650944433902,0.9504894239180487,COMPLETE
2288,0.8380122725710496,2026-06-02 17:40:43.221613,2026-06-02 17:41:19.687692,0 days 00:00:36.466079,0.9365401096456093,0.6985362023575581,0.01663170683110165,-1,10,0.009422552965293016,1300,255,6.13147335724766e-06,7.63771212314083e-08,0.8792237515479866,0.8380122725710496,0.8355214996969919,0.840562166075955,0.9509650627888169,COMPLETE
2289,0.8379240511735923,2026-06-02 17:41:19.708209,2026-06-02 17:41:54.076655,0 days 00:00:34.368446,0.944079734644793,0.7061435844703211,0.015954848155352364,-1,10,0.015086405991678702,1260,247,3.7538389277590426e-06,4.291025926531642e-08,0.8789289267018496,0.8379240511735923,0.8338692195437051,0.8420636314634721,0.9508816343877218,COMPLETE
2290,0.8351173457446041,2026-06-02 17:41:54.088038,2026-06-02 17:42:36.213364,0 days 00:00:42.125326,0.9370135945705156,0.7099216775438754,0.01697242223091799,-1,60,0.009339335564890994,1300,255,4.7222362439256585e-06,7.844056788007886e-08,0.8766650155368313,0.8351173457446041,0.829959463131028,0.8403638256657012,0.9500557558380812,COMPLETE
2291,0.8375521800289613,2026-06-02 17:42:36.225085,2026-06-02 17:43:07.597769,0 days 00:00:31.372684,0.9442808440046498,0.7207206962196493,0.015783046971782014,-1,10,0.01238136920032728,1140,247,1.442467195777456e-06,1.5958571676395967e-07,0.8783708489686012,0.8375521800289613,0.8315818437468839,0.8436500899096165,0.9506205263480269,COMPLETE
2292,0.837690091596048,2026-06-02 17:43:07.609242,2026-06-02 17:43:43.432030,0 days 00:00:35.822788,0.9493459476679524,0.7339539153359684,0.015415539781512602,-1,10,0.009735844634083363,1280,255,7.050007248315856e-06,3.2838147945205485e-08,0.8788868085815814,0.837690091596048,0.8345273915319796,0.8409021359028656,0.9508613848072199,COMPLETE
2293,0.8382598321552995,2026-06-02 17:43:43.444461,2026-06-02 17:44:18.697844,0 days 00:00:35.253383,0.9371759000612635,0.70450787388549,0.016280267391787995,-1,10,0.008256026115417162,1300,247,7.431050755046025e-06,1.4919385432275963e-07,0.8793395860248063,0.8382598321552995,0.8352964077273176,0.8412703877948061,0.9509552236233851,COMPLETE
2294,0.8372966587051461,2026-06-02 17:44:18.710239,2026-06-02 17:44:53.859159,0 days 00:00:35.148920,0.9498766252167207,0.7110502112295223,0.016733117984201566,-1,10,0.014749804445208223,1260,255,7.1813272967723095e-06,1.4820437059335281e-07,0.8786340868876544,0.8372966587051461,0.8344324470939454,0.8402221986566435,0.9509440173618914,COMPLETE
2295,0.8374787918261678,2026-06-02 17:44:53.870699,2026-06-02 17:45:28.823779,0 days 00:00:34.953080,0.936700554463786,0.7154774588241056,0.01671599395225587,-1,10,0.014049425657043365,1280,247,4.899825032120816e-06,1.023185461226267e-07,0.8787288536561286,0.8374787918261678,0.8343397907568697,0.8406754604604042,0.9509162752283457,COMPLETE
2296,0.8367511242486408,2026-06-02 17:45:28.835431,2026-06-02 17:46:02.629107,0 days 00:00:33.793676,0.775690793817055,0.7108824443846898,0.017097625024252962,-1,10,0.01788992578436264,1180,247,2.0704360144768792e-06,6.477900976742882e-08,0.8781813137685351,0.8367511242486408,0.8335584450961996,0.8399955906269533,0.9505448681066668,COMPLETE
2297,0.8375544279460837,2026-06-02 17:46:02.640902,2026-06-02 17:46:38.028958,0 days 00:00:35.388056,0.9498849095941267,0.6965052449370065,0.01647880197890398,-1,20,0.013196398503522432,1240,255,7.2711820122299545e-06,1.152017376078436e-07,0.8785498486513768,0.8375544279460837,0.8327933842026477,0.8424035555460022,0.9508183700945815,COMPLETE
2298,0.8376176234883728,2026-06-02 17:46:38.041415,2026-06-02 17:47:13.221361,0 days 00:00:35.179946,0.9371631704448964,0.7006597603074365,0.016970132153058034,-1,10,0.011633140912470443,1260,255,3.8531530241387386e-06,1.340615406724936e-07,0.8788762723990441,0.8376176234883728,0.8347545799064617,0.8405338527121383,0.9511431599474429,COMPLETE
2299,0.8374501897340448,2026-06-02 17:47:13.233576,2026-06-02 17:47:47.550754,0 days 00:00:34.317178,0.9428450470853467,0.7053534678185496,0.01624550427496646,-1,10,0.016441517137266128,1260,247,6.393257700050585e-06,1.758977576003854e-07,0.8786235553618463,0.8374501897340448,0.8337238779090826,0.8412420696157915,0.9507696474064949,COMPLETE
2300,0.8377271166242638,2026-06-02 17:47:47.562439,2026-06-02 17:48:23.751817,0 days 00:00:36.189378,0.9370641656676854,0.7005177689760933,0.01598878303247043,-1,10,0.011065301879575414,1300,255,2.944283152047395e-06,1.5401266095751646e-07,0.878939443592223,0.8377271166242638,0.8347428969008005,0.8407604487038337,0.9509742544868542,COMPLETE
2301,0.8370640430923594,2026-06-02 17:48:23.773536,2026-06-02 17:48:56.347370,0 days 00:00:32.573834,0.9426228461551865,0.7245496576826777,0.0170364670995982,-1,10,0.014062458360169094,1200,247,3.864424126005947e-06,1.1018098146980722e-07,0.8783076568201404,0.8370640430923594,0.8331584816682972,0.8410437484663293,0.9507577289758963,COMPLETE
2302,0.837196307854749,2026-06-02 17:48:56.359718,2026-06-02 17:49:33.939633,0 days 00:00:37.579915,0.9352877852410778,0.7094417783691314,0.01625632579349379,-1,20,0.010136864599501878,1300,255,7.667011122291738e-06,9.364209653029614e-08,0.8784129587732815,0.837196307854749,0.8333376299374572,0.8411287343021598,0.9508582044153489,COMPLETE
2303,0.8371882239760599,2026-06-02 17:49:33.951530,2026-06-02 17:50:08.373034,0 days 00:00:34.421504,0.941992516422191,0.7180685005794128,0.01500546736519953,-1,10,0.11846133207987428,1260,247,5.263941665456005e-06,5.679930375341255e-08,0.8782339597557529,0.8371882239760599,0.8321498228436748,0.8423185793405676,0.9506160398687,COMPLETE
2304,0.837381041634781,2026-06-02 17:50:08.385354,2026-06-02 17:50:44.052907,0 days 00:00:35.667553,0.9356901479076217,0.7025204629389582,0.015463889122620218,-1,10,0.00973315946448421,1280,255,8.424963013784514e-06,1.5940171813328614e-07,0.8785709037200288,0.837381041634781,0.8336415169804433,0.8411853899209808,0.9509482500583779,COMPLETE
2305,0.8369916421963991,2026-06-02 17:50:44.074392,2026-06-02 17:51:19.298193,0 days 00:00:35.223801,0.9437291172242689,0.70795609263145,0.016472253438225476,-1,10,0.013196839578666625,1300,247,7.96095469028801e-07,7.78333937344391e-08,0.8783392567195412,0.8369916421963991,0.8336541043295903,0.840392211257487,0.9509507840462409,COMPLETE
2306,0.8370489642521134,2026-06-02 17:51:19.310463,2026-06-02 17:51:53.323379,0 days 00:00:34.012916,0.9382963802533766,0.6994444365640236,0.017086426177917106,-1,10,0.0222046266294379,1220,255,6.897093211756552e-06,8.875706364268361e-08,0.8783497885779729,0.8370489642521134,0.8334885602373054,0.840675479721196,0.950917028234941,COMPLETE
2307,0.8377015556201518,2026-06-02 17:51:53.335282,2026-06-02 17:52:29.425498,0 days 00:00:36.090216,0.9432482582067864,0.7157378751920915,0.015863908833873615,-1,10,0.016251604026461603,1300,255,6.263169157981578e-06,4.519882129071502e-08,0.878907855002022,0.8377015556201518,0.8346441638704211,0.8408171332138422,0.9508610415588978,COMPLETE
2308,0.8375884643626739,2026-06-02 17:52:29.446194,2026-06-02 17:53:04.816087,0 days 00:00:35.369893,0.9351660864823431,0.7067148173520322,0.015008765230641461,-1,10,0.009034235761168113,1280,247,4.658926178814839e-06,1.7632954994770723e-07,0.8785498559690942,0.8375884643626739,0.8326648368474675,0.8426018742878654,0.950819680827529,COMPLETE
2309,0.8373203494848958,2026-06-02 17:53:04.828168,2026-06-02 17:53:37.386267,0 days 00:00:32.558099,0.9344632198779459,0.699306412619797,0.01630518817270177,-1,10,0.012047479308178377,1160,255,3.735542487443869e-06,1.3169233304689646e-07,0.8784234952884424,0.8373203494848958,0.8328782560542561,0.8418369776894016,0.950881462626537,COMPLETE
2310,0.8370605477510167,2026-06-02 17:53:37.406914,2026-06-02 17:54:14.495123,0 days 00:00:37.088209,0.9429783226510794,0.7100826337794327,0.015545954727674536,-1,20,0.008641282113416955,1300,247,5.045838422706001e-06,1.6216640242412414e-07,0.8781707789164918,0.8370605477510167,0.8322320260723343,0.8419786311820477,0.9507766692516689,COMPLETE
2311,0.8379534989031158,2026-06-02 17:54:14.507222,2026-06-02 17:54:48.117024,0 days 00:00:33.609802,0.9350914403566856,0.7016051917572015,0.01719746459034725,-1,10,0.012523462558585968,1240,247,8.945406635915352e-06,8.989590732035638e-08,0.879065806268616,0.8379534989031158,0.8346993569686273,0.8412704118707958,0.9508987491886721,COMPLETE
2312,0.8369784968196404,2026-06-02 17:54:48.129044,2026-06-02 17:55:23.768260,0 days 00:00:35.639216,0.9439277610319137,0.7125576184305676,0.01620069558299134,-1,10,0.008809962011686238,1280,255,1.0022616298285234e-05,5.615348289459803e-08,0.8783076651357283,0.8369784968196404,0.8334865904994002,0.8405338262285498,0.950946065297163,COMPLETE
2313,0.8359445408937152,2026-06-02 17:55:23.779430,2026-06-02 17:56:00.893475,0 days 00:00:37.114045,0.8224324212879994,0.6994086775522658,0.015459124459354065,-1,10,0.018696854407902367,1300,247,3.0703655555067277e-06,2.2214975940492064e-05,0.8774968806766111,0.8359445408937152,0.8322149681947756,0.8397406114510714,0.9506405602424017,COMPLETE
2314,0.8379574164510131,2026-06-02 17:56:00.905886,2026-06-02 17:56:35.900385,0 days 00:00:34.994499,0.9392216225916324,0.7197217217347762,0.016788795121006003,-1,10,0.009079113017667624,1240,255,2.7524911095398642e-06,2.5049727548842944e-08,0.8791079350328368,0.8379574164510131,0.8349351983380132,0.8410438014335065,0.9509756083477793,COMPLETE
2315,0.8372974371919243,2026-06-02 17:56:35.911900,2026-06-02 17:57:11.442591,0 days 00:00:35.530691,0.9363635399490113,0.7052922914742458,0.015861784162477303,-1,10,0.007581901571435827,1300,247,8.40934109643635e-06,1.380468721756232e-07,0.8785182630547871,0.8372974371919243,0.8336224937299769,0.8410437653195221,0.9507815841687388,COMPLETE
2316,0.8379441249388977,2026-06-02 17:57:11.454832,2026-06-02 17:57:47.167935,0 days 00:00:35.713103,0.9492011025809228,0.7052874623627711,0.016361200133417072,-1,20,0.012088812776423007,1260,255,2.3246284987821362e-06,1.690658176406893e-07,0.8788236210898499,0.8379441249388977,0.83306346901598,0.8429134970445734,0.9508251251227141,COMPLETE
2317,0.8374828476736073,2026-06-02 17:57:47.179777,2026-06-02 17:58:22.918135,0 days 00:00:35.738358,0.9329362032126455,0.699825632167342,0.015494702552983587,-1,10,0.01591484078993311,1300,247,5.652957036098321e-06,7.321350948589358e-08,0.878570908376758,0.8374828476736073,0.8332298224000039,0.841808649879991,0.9507934692431373,COMPLETE
2318,0.835507741097509,2026-06-02 17:58:22.939231,2026-06-02 17:58:57.025343,0 days 00:00:34.086112,0.9436129717045929,0.7169017569194998,0.0368832214737352,-1,10,0.008966075862147404,1300,255,1.0156438873009497e-05,1.0874518510708095e-07,0.8791605727044667,0.835507741097509,0.8455997747745738,0.8256892114378113,0.9509061815260802,COMPLETE
2319,0.8363083645976922,2026-06-02 17:58:57.036903,2026-06-02 17:59:35.171309,0 days 00:00:38.134406,0.6837432546811936,0.729307352289751,0.017037750416994814,-1,10,0.008411167485450647,1280,255,7.541925931945323e-06,3.950702352210617e-08,0.8782023685045636,0.8363083645976922,0.8355344216142729,0.8371059662743634,0.950467224714866,COMPLETE
2320,0.8345278623946807,2026-06-02 17:59:35.183362,2026-06-02 18:00:17.970426,0 days 00:00:42.787064,0.933971404145417,0.7080248524412301,0.015938246344913105,-1,100,0.01129845380631781,1260,247,1.225646369299257e-05,1.7832779514542365e-07,0.875706800360352,0.8345278623946807,0.8259980903182713,0.8432534066815099,0.9492899018210309,COMPLETE
2321,0.8380570925695604,2026-06-02 18:00:17.990858,2026-06-02 18:00:53.157859,0 days 00:00:35.167001,0.9498093027144007,0.6976264634811419,0.015008645738777122,-1,10,0.008824788480453188,1260,255,5.362725388768807e-06,7.246629488780696e-08,0.8789394592255283,0.8380570925695604,0.8333909629180374,0.8428001785841347,0.950861470762134,COMPLETE
2322,0.836383763818246,2026-06-02 18:00:53.169502,2026-06-02 18:01:29.778768,0 days 00:00:36.609266,0.855123339244802,0.6964339774092843,0.016504332825711437,-1,10,0.023499125661475516,1300,247,4.178883813025482e-06,9.774158214510563e-08,0.8779496594503303,0.836383763818246,0.8335027752033417,0.8393156606035284,0.9508287002877035,COMPLETE
2323,0.8382045670394879,2026-06-02 18:01:29.791198,2026-06-02 18:02:04.967066,0 days 00:00:35.175868,0.9398423573181122,0.7125223697770393,0.0150028803561009,-1,10,0.007765245850773901,1280,247,1.7965022562029576e-06,1.7229542530905707e-07,0.8790026397321661,0.8382045670394879,0.833187744873226,0.8433101537890915,0.9507619007109845,COMPLETE
2324,0.8358815843226838,2026-06-02 18:02:04.978965,2026-06-02 18:02:40.117522,0 days 00:00:35.138557,0.9338790704646568,0.7264256885050903,0.015914055251147634,-1,20,0.052599389400963134,1220,255,2.3279881971942787e-06,5.28921894747225e-08,0.8773073341673455,0.8358815843226838,0.8311970330666775,0.8406471374661918,0.9505260046379008,COMPLETE
2325,0.8368063036551109,2026-06-02 18:02:40.129843,2026-06-02 18:03:09.292419,0 days 00:00:29.162576,0.9399961263860577,0.7013498581655053,0.01703912380335567,-1,10,0.012866767230353338,1040,255,9.54120693541652e-06,1.3165612946234723e-07,0.8778232954434434,0.8368063036551109,0.8309264103856765,0.8428001545081449,0.950589742753175,COMPLETE
2326,0.8372418138161817,2026-06-02 18:03:09.303905,2026-06-02 18:03:44.616067,0 days 00:00:35.312162,0.9448601755801284,0.7131786890434666,0.015588150803128925,-1,10,0.016209129756135962,1300,247,1.0420230876727377e-05,8.396239100695134e-08,0.8784024448765196,0.8372418138161817,0.8330653687002233,0.8414970776828611,0.95083316094653,COMPLETE
2327,0.8370165284120903,2026-06-02 18:03:44.628025,2026-06-02 18:04:20.371242,0 days 00:00:35.743217,0.9324843597881327,0.6994899818658558,0.016235575432294834,-1,10,0.0075552371788517895,1300,247,6.985595176589704e-06,2.4394373685948747e-08,0.8784129630973873,0.8370165284120903,0.8340452666710746,0.8400522342077795,0.9509825261311756,COMPLETE
2328,0.8370522732237456,2026-06-02 18:04:20.382948,2026-06-02 18:04:58.425515,0 days 00:00:38.042567,0.9405833888916468,0.7066980467175663,0.016707973657839208,-1,10,0.007841252344015549,1300,255,3.478602863977324e-06,6.145407776007725e-08,0.8785709110377461,0.8370522732237456,0.8349801691058358,0.8391740311868717,0.9510118146507681,COMPLETE
2329,0.837603161685648,2026-06-02 18:04:58.437548,2026-06-02 18:05:36.602256,0 days 00:00:38.164708,0.949665278274081,0.6967442061228782,0.015627109918212607,-1,10,0.03857801321275971,1320,255,1.3107295187629563e-05,1.4526330587393322e-07,0.8788025683495625,0.837603161685648,0.834312796955889,0.8409588131900771,0.9508125870349701,COMPLETE
2330,0.8367769291765278,2026-06-02 18:05:36.613432,2026-06-02 18:06:12.860335,0 days 00:00:36.246903,0.9378705095959443,0.7236012667011028,0.017321281415326108,-1,20,0.13689651238692713,1300,247,4.507872075090808e-06,1.991313554387458e-07,0.8780549577446126,0.8367769291765278,0.8326028885250261,0.8410153941733302,0.9504276403198174,COMPLETE
2331,0.8373927680234062,2026-06-02 18:06:12.872586,2026-06-02 18:06:49.617618,0 days 00:00:36.745032,0.9322188075108072,0.706392901583947,0.01546483684078908,-1,10,0.011412582788792794,1320,255,7.835360505430508e-06,1.460866529755799e-05,0.878728851327764,0.8373927680234062,0.8346729796492202,0.8401655406302235,0.951017085913668,COMPLETE
