number,value,datetime_start,datetime_complete,duration,params_bagging_fraction,params_feature_fraction,params_learning_rate,params_max_depth,params_min_child_samples,params_min_split_gain,params_n_estimators,params_num_leaves,params_reg_alpha,params_reg_lambda,user_attrs_accuracy,user_attrs_f1,user_attrs_precision,user_attrs_recall,user_attrs_roc_auc,state
317,0.8354619606514638,2026-06-01 22:26:55.538551,2026-06-01 22:27:22.852326,0 days 00:00:27.313775,0.9442593415705742,0.9234031667253898,0.041809173370425584,-1,20,0.024944140138370346,1220,199,0.01079551555207374,5.695926456839464e-06,0.8785814209430255,0.8354619606514638,0.8417094973020758,0.829343664976094,0.9501900465771662,COMPLETE
318,0.8362147880334546,2026-06-01 22:27:22.861772,2026-06-01 22:27:51.895159,0 days 00:00:29.033387,0.9390967508230109,0.931737626614419,0.0240960618787752,-1,20,0.01989757726335845,1240,199,0.016758127120596603,4.673007510828384e-06,0.8779496494716247,0.8362147880334546,0.8341764532543073,0.8382958089051722,0.9504664467363613,COMPLETE
319,0.8362185554827014,2026-06-01 22:27:51.904089,2026-06-01 22:28:18.796605,0 days 00:00:26.892516,0.9449731400069904,0.9351487832809409,0.025415364116536783,16,20,0.07836912266133429,1200,191,0.006899885569891997,2.039514401029699e-06,0.8778232951108199,0.8362185554827014,0.8333219381382674,0.83917401192608,0.9501080374677647,COMPLETE
320,0.8364177806021461,2026-06-01 22:28:18.804975,2026-06-01 22:28:49.388791,0 days 00:00:30.583816,0.9333251941883803,0.9164324824241074,0.020469639044592668,-1,20,0.028717939637979847,1260,207,0.0030107456747446404,4.1319725700588685e-07,0.877907530353486,0.8364177806021461,0.8330641249706116,0.8398255900641048,0.9505217268944993,COMPLETE
321,0.836493530876611,2026-06-01 22:28:49.398078,2026-06-01 22:29:19.972703,0 days 00:00:30.574625,0.9281341597116166,0.9137569260073324,0.020007082914606043,-1,20,0.032571066661551074,1260,207,0.0023337798027383973,2.602857848694148e-07,0.8778022433684031,0.836493530876611,0.8320452151846122,0.8410154399177107,0.9504803067026986,COMPLETE
322,0.837099871366917,2026-06-01 22:29:19.982071,2026-06-01 22:29:49.565319,0 days 00:00:29.583248,0.9254231771497908,0.9076840748231182,0.019216865340210238,-1,10,0.03305395351541635,1240,207,0.00222054944994393,2.2513505051336987e-07,0.8782971339425437,0.837099871366917,0.832926754387055,0.8413553952990273,0.9506142149278105,COMPLETE
323,0.8371239357834358,2026-06-01 22:29:49.574464,2026-06-01 22:30:17.794006,0 days 00:00:28.219542,0.9244938215574975,0.9109879872875868,0.020061084312026974,-1,10,0.03353086779027099,1180,207,0.0011915653357421215,3.6672450849510557e-07,0.8784024368935551,0.8371239357834358,0.8335620791241731,0.8407605113014068,0.9504742978095785,COMPLETE
324,0.8361620117450478,2026-06-01 22:30:17.808242,2026-06-01 22:30:46.241090,0 days 00:00:28.432848,0.9193416289407241,0.9048292786947857,0.018999807783281808,-1,10,0.033621596534460535,1180,207,0.0011705037427760456,2.2648602938249666e-07,0.8775074078783135,0.8361620117450478,0.8314258778639605,0.8409870976627064,0.9504367163439209,COMPLETE
325,0.8374060449320893,2026-06-01 22:30:46.250793,2026-06-01 22:31:16.199498,0 days 00:00:29.948705,0.9230695292962328,0.911393873180609,0.018112648633680655,-1,10,0.028723296953549894,1240,207,0.0018751492518903692,4.5471906084841214e-07,0.878455073899938,0.8374060449320893,0.8327752696448049,0.8421486245220994,0.9506164862504999,COMPLETE
326,0.8370523559405093,2026-06-01 22:31:16.213969,2026-06-01 22:31:46.399947,0 days 00:00:30.185978,0.9180260309056103,0.9165646544547857,0.01714288268570313,-1,10,0.03146679574080799,1240,207,0.0015067835923242728,1.0155865049725288e-07,0.878054956746742,0.8370523559405093,0.8314813474720512,0.8427435518565013,0.9504534597784811,COMPLETE
327,0.836967111837312,2026-06-01 22:31:46.409825,2026-06-01 22:32:16.876663,0 days 00:00:30.466838,0.9111438797420885,0.9048753654971711,0.01672948610525208,-1,10,0.03774736830970449,1240,207,0.002725757173437308,1.4290786210977412e-07,0.8779496567893421,0.836967111837312,0.83113311066926,0.8429135163053653,0.9504334289786396,COMPLETE
328,0.8369347216584838,2026-06-01 22:32:16.886334,2026-06-01 22:32:47.103292,0 days 00:00:30.216958,0.9129730729443141,0.9076335852336145,0.016422648825098866,-1,10,0.03449381348854741,1240,207,0.0011475434594775708,1.4519358103638235e-07,0.8778654102374764,0.8369347216584838,0.8306843023847773,0.8433100767459246,0.9503602376520255,COMPLETE
329,0.8333943983591016,2026-06-01 22:32:47.111828,2026-06-01 22:33:15.014104,0 days 00:00:27.902276,0.9210107999045908,0.9055397913430916,0.017275358913856752,10,10,0.03660025838398138,1220,207,0.002514379144596168,1.5674173069972687e-07,0.8743800752477952,0.8333943983591016,0.8217696553690136,0.8453781849952143,0.9488603704790557,COMPLETE
330,0.8365878230333198,2026-06-01 22:33:15.022557,2026-06-01 22:33:44.423822,0 days 00:00:29.401265,0.9157866421387265,0.9020010196374892,0.016199989583244482,-1,10,0.03442515547949371,1200,207,0.0009478062255397659,9.085328372357192e-08,0.8774547502492727,0.8365878230333198,0.8293148141993552,0.8440183153179684,0.9502859735823507,COMPLETE
331,0.8366373775118311,2026-06-01 22:33:44.442033,2026-06-01 22:34:13.429968,0 days 00:00:28.987935,0.9139609809201831,0.9004687777408511,0.0164195491754967,-1,10,0.03298164973987296,1180,207,0.0010199278708474626,7.656429972225524e-08,0.8775284695994358,0.8366373775118311,0.8296354832644184,0.8437917434022628,0.9501644158260851,COMPLETE
332,0.8269574063235533,2026-06-01 22:34:13.438613,2026-06-01 22:34:34.907307,0 days 00:00:21.468694,0.9230181606089514,0.8993443755588407,0.016458664546334132,8,10,0.03493261414910065,1200,207,0.0010947492996162104,1.0154839791576679e-07,0.8676726228974512,0.8269574063235533,0.8044987476440287,0.8507324274780753,0.9457791688453282,COMPLETE
333,0.8364147911243416,2026-06-01 22:34:34.916766,2026-06-01 22:35:03.768653,0 days 00:00:28.851887,0.9074970036726248,0.9056897396073629,0.015583353367050613,-1,10,0.031216022205838533,1160,207,0.0008739746813605798,7.912567840482199e-08,0.8772231099012556,0.8364147911243416,0.8284715926201583,0.8445283073761182,0.9501698012853134,COMPLETE
334,0.8356286696367863,2026-06-01 22:35:03.786821,2026-06-01 22:35:32.527025,0 days 00:00:28.740204,0.9134457238900728,0.9032803014606751,0.016969097295612953,16,10,0.027358681181415295,1180,207,0.0011194912109896203,1.3813155694509876e-07,0.8767282016980685,0.8356286696367863,0.8283437703505766,0.8430835192758127,0.9501216345788871,COMPLETE
335,0.8365592748962022,2026-06-01 22:35:32.536699,2026-06-01 22:36:01.769860,0 days 00:00:29.233161,0.9102490542997893,0.9097917404687131,0.015713471261312697,-1,10,0.03993617914127979,1180,207,0.001326832719368326,5.717700608563098e-08,0.8773178710151299,0.8365592748962022,0.8285297461635192,0.8447832648836094,0.9501262813868743,COMPLETE
336,0.835569005263021,2026-06-01 22:36:01.778453,2026-06-01 22:36:30.712288,0 days 00:00:28.933835,0.9031030202638519,0.9091973271887133,0.01598792384755296,-1,10,0.039367575526863284,1160,207,0.0014540123801587877,5.677228570832985e-08,0.8765492043436577,0.835569005263021,0.8273878239876263,0.8439333728189192,0.9502279139550658,COMPLETE
337,0.8363748896560722,2026-06-01 22:36:30.721158,2026-06-01 22:36:59.628291,0 days 00:00:28.907133,0.914916347701487,0.9009240757146425,0.0166143161590512,-1,10,0.0364442412857241,1180,207,0.0007310029470178572,3.867569856678781e-07,0.8772968162791015,0.8363748896560722,0.8291140068536113,0.8437917241414711,0.9502776893857111,COMPLETE
338,0.8358214639249789,2026-06-01 22:36:59.637590,2026-06-01 22:37:27.926938,0 days 00:00:28.289348,0.9095755460493853,0.9105143133938317,0.01559671141911782,-1,10,0.04342517076080348,1140,207,0.0016199211784015545,1.6430265128786086e-07,0.8766966270780552,0.8358214639249789,0.8273617007740605,0.8444999699363117,0.9502062073040229,COMPLETE
339,0.836897682985359,2026-06-01 22:37:27.935596,2026-06-01 22:37:57.288044,0 days 00:00:29.352448,0.9168231269678647,0.9060871108549498,0.017958951206912568,-1,10,0.029455268113967658,1220,207,0.0011869528355354696,1.0011326058213703e-07,0.8779812450469198,0.836897682985359,0.8316163161337427,0.8422903044983343,0.9504987080651021,COMPLETE
340,0.8362357583677724,2026-06-01 22:37:57.297844,2026-06-01 22:38:26.742118,0 days 00:00:29.444274,0.9177790302292461,0.8952870594793121,0.018033592832147057,-1,10,0.030812408992801615,1200,215,0.000768213642137833,1.2520443582291673e-07,0.877549529324817,0.8362357583677724,0.831381964894821,0.8411854308501633,0.9504822682664168,COMPLETE
341,0.8341717003982544,2026-06-01 22:38:26.751370,2026-06-01 22:39:01.593854,0 days 00:00:34.842484,0.9013801227149792,0.9025992508942091,0.017359093595912305,-1,70,0.03253092888016326,1240,207,0.0019023356463491205,4.7127802408143904e-07,0.8753593262007623,0.8341717003982544,0.8250959787568903,0.8434800604555804,0.9494901532929211,COMPLETE
342,0.8377023770712962,2026-06-01 22:39:01.603353,2026-06-01 22:39:31.844232,0 days 00:00:30.240879,0.9108479052551546,0.9138689369782259,0.016706761309564295,-1,10,0.025960037903927598,1240,207,0.001015969452086505,2.6805935107294537e-07,0.8784234952884424,0.8377023770712962,0.8313168130135643,0.8442166485054253,0.9504853528929824,COMPLETE
343,0.8365884519463079,2026-06-01 22:39:31.858577,2026-06-01 22:40:01.158457,0 days 00:00:29.299880,0.9126924064658785,0.9069998888296409,0.016420703954339918,-1,10,0.026609071503792464,1200,207,0.0005819139316525474,3.257823388911343e-07,0.8774863478203089,0.8365884519463079,0.8295465669657308,0.8437917145110752,0.9503728731699371,COMPLETE
344,0.8365372859608734,2026-06-01 22:40:01.167958,2026-06-01 22:40:32.454210,0 days 00:00:31.286252,0.8899658357613791,0.9078542978342943,0.017727451893306864,-1,10,0.026560516577624184,1260,215,0.0018217872969046411,2.952373913966957e-07,0.8778864752848339,0.8365372859608734,0.8324520449001224,0.8407038243837993,0.9506760841501385,COMPLETE
345,0.8370536918081637,2026-06-01 22:40:32.471865,2026-06-01 22:41:02.591217,0 days 00:00:30.119352,0.9002299951407083,0.9107988086323164,0.018392727537862467,-1,10,0.02226582709665883,1240,207,0.0004211277567792282,2.193656816108412e-07,0.8782234262342037,0.8370536918081637,0.8326116717714047,0.8415820249971082,0.9505738021181456,COMPLETE
346,0.8366072892131404,2026-06-01 22:41:02.600922,2026-06-01 22:41:33.553472,0 days 00:00:30.952550,0.8964959260021144,0.9131883859252239,0.01813056862994604,-1,10,0.02971178333529661,1240,215,0.0013985982853034213,2.0178131309466652e-07,0.8779496547936011,0.8366072892131404,0.8325649858362576,0.8407321810843973,0.9506084286485049,COMPLETE
347,0.8360390632164663,2026-06-01 22:41:33.562833,2026-06-01 22:42:03.970559,0 days 00:00:30.407726,0.8962326697282941,0.9120329484218234,0.017107716192032683,16,10,0.028210388970051292,1240,207,0.00038590968413070015,6.164324102585885e-07,0.8771809851285169,0.8360390632164663,0.8296950041491212,0.8425169149356235,0.9502332881377976,COMPLETE
348,0.8374866991015676,2026-06-01 22:42:03.979322,2026-06-01 22:42:34.835047,0 days 00:00:30.855725,0.9056910209017597,0.9152093789426464,0.01814203665695943,-1,10,0.0292839322297025,1240,215,0.001196080088943353,2.0545029985466607e-07,0.8786867288833898,0.8374866991015676,0.8340022960821992,0.841043777357517,0.9506338555606857,COMPLETE
349,0.8365193513342387,2026-06-01 22:42:34.843590,2026-06-01 22:43:05.941415,0 days 00:00:31.097825,0.9085120970472687,0.912374587430544,0.018538089036299183,-1,10,0.022974070764657042,1260,215,0.000994551721759758,1.74954193628916e-07,0.8780023090964068,0.8365193513342387,0.8332709163316337,0.8398256309932872,0.9505819839515208,COMPLETE
350,0.8370681491886441,2026-06-01 22:43:05.960312,2026-06-01 22:43:36.132073,0 days 00:00:30.171761,0.9059102447332227,0.8982908933552612,0.017625756105541398,-1,10,0.0217912329294696,1240,207,0.0004972876345661939,2.341955807980698e-07,0.8780338973539844,0.8370681491886441,0.8312821093316233,0.842970191184978,0.9504551106630384,COMPLETE
351,0.8372778567025136,2026-06-01 22:43:36.141843,2026-06-01 22:44:06.695502,0 days 00:00:30.553659,0.9028608585047507,0.8957465100978992,0.017492881179085682,-1,10,0.0217689998639088,1220,215,0.0005034572655463629,1.1506629472036945e-07,0.8783392560542942,0.8372778567025136,0.8324871101861525,0.8421486148917037,0.9505543419625928,COMPLETE
352,0.836782817177722,2026-06-01 22:44:06.704732,2026-06-01 22:44:37.253740,0 days 00:00:30.549008,0.903405708906381,0.8960821183459454,0.01753195349669672,-1,10,0.021854216687866464,1220,215,0.0004600557740791219,2.1777216865350802e-07,0.877928590078867,0.836782817177722,0.8317364179463639,0.8419219827860237,0.9505651192681467,COMPLETE
353,0.8367002749653386,2026-06-01 22:44:37.262990,2026-06-01 22:45:07.722706,0 days 00:00:30.459716,0.9039407747619443,0.8955346778517047,0.017682200404950704,-1,10,0.02204248601902506,1220,215,0.0004415904270600277,2.4528112636275593e-07,0.8778759497462492,0.8367002749653386,0.831713091244592,0.8417803461465704,0.9504910581625747,COMPLETE
354,0.8364119917285469,2026-06-01 22:45:07.732015,2026-06-01 22:45:38.240273,0 days 00:00:30.508258,0.9011209540882832,0.8964903229312818,0.01753238602408162,-1,10,0.02304209245353965,1220,215,0.00039492493145164433,2.131371735268884e-07,0.8776758806920103,0.8364119917285469,0.8315270519946628,0.8414120774014369,0.9505635311911768,COMPLETE
355,0.8368809440776076,2026-06-01 22:45:38.248925,2026-06-01 22:46:08.856850,0 days 00:00:30.607925,0.9065451760124082,0.8960583984757212,0.01844919264325454,-1,10,0.018055396515318088,1240,215,0.0005883296831735695,1.2142596707275156e-07,0.8781918343177672,0.8368809440776076,0.833102993431294,0.8407321184868243,0.9505532805180583,COMPLETE
356,0.8339382921481432,2026-06-01 22:46:08.865991,2026-06-01 22:46:38.554144,0 days 00:00:29.688153,0.9046791966458402,0.8976917284586096,0.01713049853876357,10,10,0.012404148472959118,1240,223,0.0004853492292616783,3.0612465563001394e-07,0.8747907408905987,0.8339382921481432,0.8223296355399704,0.8459164543031962,0.9490563060791174,COMPLETE
357,0.8363302538677555,2026-06-01 22:46:38.562910,2026-06-01 22:47:09.970119,0 days 00:00:31.407209,0.8873004576909385,0.8938071085096535,0.017867644574667003,-1,10,0.021863700507158124,1260,215,0.0005822787405304664,1.3811169169289606e-07,0.8777706414732612,0.8363302538677555,0.8324926500752975,0.8402505409116477,0.9505897618235618,COMPLETE
358,0.8364708194826904,2026-06-01 22:47:09.979918,2026-06-01 22:47:41.293048,0 days 00:00:31.313130,0.904042751276569,0.9043066830566987,0.018553477616216226,-1,10,0.017592599208419192,1240,223,0.00029061776281248507,6.483809318068524e-07,0.8780128382938504,0.8364708194826904,0.8335564872353639,0.8394573478025601,0.950657335814474,COMPLETE
359,0.8365828844104373,2026-06-01 22:47:41.302645,2026-06-01 22:48:12.277207,0 days 00:00:30.974562,0.8988942510014607,0.8933662185869969,0.01809367025872384,-1,10,0.024255857516291647,1220,223,0.0005253354244333044,1.0902856994083546e-07,0.8780549474332836,0.8365828844104373,0.8334085213717511,0.83982557802611,0.9507170916481257,COMPLETE
360,0.8367221971470049,2026-06-01 22:48:12.286637,2026-06-01 22:48:43.378501,0 days 00:00:31.091864,0.893370907477153,0.9061247071023278,0.018665758832938688,-1,10,0.02598493623645349,1260,215,0.00029336512834885224,2.2342875035976573e-07,0.8780865436738258,0.8367221971470049,0.8330403006768066,0.8404771995009163,0.950711791360041,COMPLETE
361,0.8292921551773241,2026-06-01 22:48:43.396498,2026-06-01 22:49:06.460687,0 days 00:00:23.064189,0.8952734732508739,0.9059808659063595,0.01862385958062359,8,10,0.026493013299390553,1260,215,0.0003050546137619693,3.681710192314458e-08,0.8699259835771209,0.8292921551773241,0.809520625478199,0.8500808324868577,0.9468791141754599,COMPLETE
362,0.8366881666711999,2026-06-01 22:49:06.469846,2026-06-01 22:49:37.818564,0 days 00:00:31.348718,0.8807330716052097,0.9069856489366555,0.01912597571581262,-1,10,0.02902623739624195,1260,215,0.0007578103447096938,4.1394672840107493e-07,0.8782550201463811,0.8366881666711999,0.8343341152452157,0.8390890501662391,0.9507877596006481,COMPLETE
363,0.8364809288471745,2026-06-01 22:49:37.828199,2026-06-01 22:50:09.678372,0 days 00:00:31.850173,0.9090951220447112,0.9134295109362116,0.017386667841812375,-1,10,0.02548957249490253,1280,215,0.0007259623648647438,2.1471351172648716e-07,0.8778654095722295,0.8364809288471745,0.8325323974670572,0.8405054815659465,0.9506633040225609,COMPLETE
364,0.8369085041141586,2026-06-01 22:50:09.687509,2026-06-01 22:50:41.493888,0 days 00:00:31.806379,0.8923331950044611,0.9007693841654829,0.017093140266850555,16,10,0.01841347807877857,1240,223,0.00034969914907669557,1.1440646399163678e-07,0.8780023094290303,0.8369085041141586,0.8317189567293674,0.8422053090321079,0.9502993790576736,COMPLETE
365,0.836918059851932,2026-06-01 22:50:41.503513,2026-06-01 22:51:13.338583,0 days 00:00:31.835070,0.8908697639282769,0.9056650493265167,0.016838778732646408,16,10,0.01539921278142151,1240,223,0.0002739382067771756,1.1481854052895303e-07,0.8780970652209285,0.836918059851932,0.832318074409292,0.8416103455837217,0.9505562285083595,COMPLETE
366,0.8367047942707863,2026-06-01 22:51:13.348247,2026-06-01 22:51:44.203159,0 days 00:00:30.854912,0.8910551341325196,0.8979694942854742,0.01685150885224019,16,10,0.016567450975019625,1200,223,0.00025655660260466654,1.1059106109933907e-07,0.877823297771808,0.8367047942707863,0.8313428498026999,0.8421769547391089,0.9504911286656424,COMPLETE
367,0.8376305561337007,2026-06-01 22:51:44.212747,2026-06-01 22:52:16.310686,0 days 00:00:32.097939,0.8726449253919543,0.8999689519060368,0.01683881585426732,16,10,0.012550513472995049,1240,223,0.00043879633722772,1.6829834925395076e-07,0.8786340938727483,0.8376305561337007,0.8330499804376089,0.842290256346355,0.950547077729337,COMPLETE
368,0.8366334981032858,2026-06-01 22:52:16.319741,2026-06-01 22:52:48.035881,0 days 00:00:31.716140,0.9068200061827463,0.8978447007294766,0.016638177998581884,16,10,0.009915640258760043,1240,223,0.0004520649474359387,1.4435020046495995e-07,0.8777811833103984,0.8366334981032858,0.8313250103775888,0.8420636314634722,0.9504510482740987,COMPLETE
369,0.8362497450395576,2026-06-01 22:52:48.045479,2026-06-01 22:53:18.937895,0 days 00:00:30.892416,0.8872064936003072,0.7249328107908466,0.017097346367849854,16,10,0.013477619679816309,1220,223,0.0005924593992832784,8.61590532332969e-08,0.8775495289921936,0.8362497450395576,0.831323074139608,0.8412704359467854,0.9505151595679383,COMPLETE
370,0.8364067435698668,2026-06-01 22:53:18.946273,2026-06-01 22:53:50.691855,0 days 00:00:31.745582,0.874013575941655,0.9006423459157067,0.018037124220728853,16,10,0.015093128867040125,1200,231,0.0003664414048831246,6.693257956992298e-08,0.8778864792763162,0.8364067435698668,0.832976435624596,0.8399106096063208,0.9504676946143925,COMPLETE
371,0.8366378245342446,2026-06-01 22:53:50.700358,2026-06-01 22:54:22.333035,0 days 00:00:31.632677,0.9103267581358737,0.8910804540316993,0.016827397343615557,16,10,0.01851226049972526,1240,223,0.0010931630076512835,1.5205804420555594e-07,0.8778443485163542,0.8366378245342446,0.8317648042712901,0.8416103431761227,0.9504092084710861,COMPLETE
372,0.8362879196296177,2026-06-01 22:54:22.342925,2026-06-01 22:54:54.509233,0 days 00:00:32.166308,0.8992773011411285,0.9079764960794319,0.015418941670770969,16,10,0.02040292425387119,1240,223,0.0006914781802314616,1.193987295193927e-07,0.8772967999805492,0.8362879196296177,0.8295015415445,0.8432251029480891,0.9502962617496163,COMPLETE
373,0.8360214119180905,2026-06-01 22:54:54.518629,2026-06-01 22:55:24.969196,0 days 00:00:30.450567,0.8996665928644093,0.9013536732377764,0.017658909491078036,16,10,0.008350776749795516,1220,215,0.0014958649492147855,3.225226350515804e-07,0.8774021052599256,0.8360214119180905,0.8312559568501507,0.8408737864250643,0.9504138072967999,COMPLETE
374,0.836402700798474,2026-06-01 22:55:24.987809,2026-06-01 22:55:57.070655,0 days 00:00:32.082846,0.9164494679723664,0.7640832209775844,0.016879460872494926,16,10,0.020659792089469192,1260,231,0.0002465802872031791,5.36744717072678e-07,0.8776442980890323,0.836402700798474,0.8313223971525163,0.8415820514806968,0.9504824207025343,COMPLETE
375,0.8360740997545665,2026-06-01 22:55:57.079866,2026-06-01 22:56:26.138136,0 days 00:00:29.058270,0.9052416288966555,0.9128977418595728,0.01627664779997185,16,10,0.03094977524462518,1180,207,0.000898143706556735,1.672454549771745e-07,0.8770335683813428,0.8360740997545665,0.8285954847837372,0.8437067142296509,0.950133079374368,COMPLETE
376,0.8361796073242947,2026-06-01 22:56:26.147381,2026-06-01 22:56:56.099435,0 days 00:00:29.952054,0.8816945891201324,0.9024866564597829,0.018307899909652356,16,10,0.014730019413201189,1200,215,0.0005672445125080257,5.606995151398594e-08,0.8775811089341833,0.8361796073242947,0.8318511810765242,0.8405905011081624,0.950560045920534,COMPLETE
377,0.8357690510620253,2026-06-01 22:56:56.155681,2026-06-01 22:57:27.692199,0 days 00:00:31.536518,0.9127252945775308,0.9096387336887176,0.017479763122128133,16,10,0.03764640331714232,1240,223,0.000122245295736659,2.773474470276585e-07,0.8772546925042336,0.8357690510620253,0.8313029504626498,0.8403355484158689,0.9503678659205391,COMPLETE
378,0.8361576180207829,2026-06-01 22:57:27.701839,2026-06-01 22:57:57.413105,0 days 00:00:29.711266,0.8938571928786573,0.8935715615247425,0.01897549260018689,16,10,0.01787806089790473,1200,215,0.000403375670581509,8.423100019551904e-08,0.8774968736915173,0.8361576180207829,0.831343627922108,0.8410721123897243,0.950408847178966,COMPLETE
379,0.8361819961811436,2026-06-01 22:57:57.422602,2026-06-01 22:58:28.734292,0 days 00:00:31.311690,0.9007977286357913,0.916754091508358,0.015842401602998876,16,10,0.023003184577336973,1280,207,0.0001745422229043806,2.8399810730834905e-08,0.8772231052445264,0.8361819961811436,0.8294141170694571,0.8430834759390313,0.950317980782908,COMPLETE
