number,value,datetime_start,datetime_complete,duration,params_bagging_fraction,params_feature_fraction,params_learning_rate,params_max_depth,params_min_child_samples,params_min_split_gain,params_n_estimators,params_num_leaves,params_reg_alpha,params_reg_lambda,user_attrs_accuracy,user_attrs_f1,user_attrs_precision,user_attrs_recall,user_attrs_roc_auc,state
254,0.8363769642453533,2026-06-01 21:56:12.624576,2026-06-01 21:56:42.712253,0 days 00:00:30.087677,0.949500694622251,0.9402747284769308,0.02180454816899533,-1,20,0.0838314499514182,1300,199,0.01367114400001641,4.270779897835903e-06,0.8777917081837362,0.8363769642453533,0.8324720461606835,0.8403638714100815,0.9504244698195589,COMPLETE
255,0.8358789711314536,2026-06-01 21:56:42.720593,2026-06-01 21:57:14.424931,0 days 00:00:31.704338,0.9380304643331231,0.943463789116637,0.021006236105891214,-1,20,0.08582926806577489,1360,199,0.011002260232441989,3.871534581592071e-05,0.8776337549214012,0.8358789711314536,0.8334094838738366,0.8384090960668246,0.9503712570388106,COMPLETE
256,0.8367882677387254,2026-06-01 21:57:14.434346,2026-06-01 21:57:45.451567,0 days 00:00:31.017221,0.9434834503884205,0.9274545404471679,0.022453243921199535,-1,20,0.08334600725076081,1380,191,0.015028766560158457,4.455896581204941e-06,0.8784129571101639,0.8367882677387254,0.8350255151429771,0.8386074388846773,0.9503754074378997,COMPLETE
257,0.836657226162903,2026-06-01 21:57:45.460363,2026-06-01 21:58:17.144986,0 days 00:00:31.684623,0.9338468701080148,0.9280362441888699,0.022565032540189194,-1,20,0.08204878824555718,1380,199,0.01440570516196329,3.396659354678685e-06,0.8783497779340204,0.836657226162903,0.8351235975433453,0.8382391556939502,0.9504348679592636,COMPLETE
258,0.8351332110988859,2026-06-01 21:58:17.154196,2026-06-01 21:58:50.439693,0 days 00:00:33.285497,0.941128750654864,0.92844651458045,0.02264576508719897,-1,30,0.08414955479187416,1400,199,0.015429257576091824,3.4681689961077975e-06,0.8771915066756196,0.8351332110988859,0.8334356340732967,0.8368793125002928,0.9500617706429523,COMPLETE
259,0.8368396725237949,2026-06-01 21:58:50.449154,2026-06-01 21:59:22.611559,0 days 00:00:32.162405,0.933518916983098,0.9382413308708096,0.022378404775350923,-1,20,0.08610532062557134,1380,199,0.013519321642892327,2.936036845358755e-06,0.8784866651511275,0.8368396725237949,0.835312970660067,0.8384091321808089,0.9505604385322605,COMPLETE
260,0.8370206161109021,2026-06-01 21:59:22.620124,2026-06-01 21:59:54.120545,0 days 00:00:31.500421,0.9330024460998896,0.9266102801278903,0.02256150284920801,-1,20,0.08575399417498661,1360,199,0.014582799437048948,5.580031849808963e-06,0.8786656734821147,0.8370206161109021,0.8357640631750511,0.8383241415297805,0.9504204987328482,COMPLETE
261,0.8364374664661357,2026-06-01 21:59:54.129188,2026-06-01 22:00:25.674750,0 days 00:00:31.545562,0.9334314295358752,0.9277250124740748,0.022610607130099845,-1,20,0.0869762753575599,1360,199,0.013430697138359782,1.8202422772066958e-06,0.8782339491118004,0.8364374664661357,0.8352217976425776,0.8377008767555725,0.950485006837611,COMPLETE
262,0.8360739893170713,2026-06-01 22:00:25.683669,2026-06-01 22:00:56.823217,0 days 00:00:31.139548,0.9330432635533704,0.9248908060829617,0.022699980057417114,-1,20,0.087454805188728,1340,199,0.013741060804982927,3.4667589921535915e-06,0.8778338126664403,0.8360739893170713,0.8339819385608734,0.8382107701021644,0.9504959205591262,COMPLETE
263,0.8353999574946959,2026-06-01 22:00:56.832825,2026-06-01 22:01:29.961539,0 days 00:00:33.128714,0.9337995807275572,0.9167287080589781,0.02416178765010869,-1,30,0.08634751074673563,1360,199,0.017462346147478314,2.182321788893486e-06,0.8774863345153682,0.8353999574946959,0.8343581306816842,0.8364827255761448,0.9500896483767324,COMPLETE
264,0.8355836608150945,2026-06-01 22:01:29.971367,2026-06-01 22:02:01.566702,0 days 00:00:31.595335,0.9326677806954838,0.9248895812007593,0.022802422902135713,-1,20,0.08944142035095234,1320,199,0.013751087942797854,1.1939648833174314e-06,0.8776442861145858,0.8355836608150945,0.8346639109575639,0.8365393498961792,0.950328532660456,COMPLETE
265,0.8357233864872683,2026-06-01 22:02:01.576360,2026-06-01 22:02:33.800839,0 days 00:00:32.224479,0.9379003234273486,0.9299656659714289,0.02239100425145573,-1,20,0.08590134206491627,1360,199,0.010619095666028382,7.092237644584054e-06,0.8776442834535976,0.8357233864872683,0.8340986593784518,0.8373892588140621,0.9503399543485548,COMPLETE
266,0.8369187028978224,2026-06-01 22:02:33.810458,2026-06-01 22:03:03.866468,0 days 00:00:30.056010,0.9307951925962745,0.9184967025290954,0.023304965367843,-1,20,0.08378422693924747,1260,199,0.003254525664589792,8.641892201519198e-06,0.8784761479281306,0.8369187028978224,0.8348698665036686,0.8390040739608046,0.9503581131789529,COMPLETE
267,0.8358154632911186,2026-06-01 22:03:03.876119,2026-06-01 22:03:33.538404,0 days 00:00:29.662285,0.930088660823309,0.9174409784952611,0.023303731633031784,-1,20,0.08516217077230112,1240,199,0.014708639087695935,4.726696165783384e-06,0.8775284639448362,0.8358154632911186,0.832938032980481,0.8387491020077195,0.9503699447764506,COMPLETE
268,0.8359204117251876,2026-06-01 22:03:33.547490,2026-06-01 22:04:03.493362,0 days 00:00:29.945872,0.931358703710341,0.9138541604296874,0.024098145222925017,-1,20,0.08189206682838927,1260,199,0.0026153949202074754,6.232713434064325e-06,0.8778864623125168,0.8359204117251876,0.8349663567190326,0.8369076379021044,0.9504122890042495,COMPLETE
269,0.8359341229443872,2026-06-01 22:04:03.503038,2026-06-01 22:04:33.095831,0 days 00:00:29.592793,0.9388349402768941,0.9213002350329554,0.022394001355479552,-1,20,0.08339920240773453,1260,191,0.010990783953899234,2.353950882950933e-06,0.877528459288107,0.8359341229443872,0.8324774052615443,0.8394573165037736,0.9502511784803609,COMPLETE
270,0.8355009940254589,2026-06-01 22:04:33.105822,2026-06-01 22:05:02.899655,0 days 00:00:29.793833,0.9334733911402853,0.9067148614158063,0.023259740692370013,-1,30,0.08870616540971626,1200,199,0.017688198689653885,4.480439319472972e-06,0.8771388576947903,0.8355009940254589,0.831587450661251,0.8394856467207831,0.9501883734031327,COMPLETE
271,0.8356699133966439,2026-06-01 22:05:02.911448,2026-06-01 22:05:31.598587,0 days 00:00:28.687139,0.9396565081608829,0.9258332159112502,0.024408166647616757,-1,20,0.08290205663110468,1220,199,0.004937963767236473,1.0145559307480483e-05,0.8775810999533483,0.8356699133966439,0.8339445000948036,0.8374458710961017,0.9502877528925217,COMPLETE
272,0.8365243141403559,2026-06-01 22:05:31.615168,2026-06-01 22:06:01.936522,0 days 00:00:30.321354,0.9431039224862473,0.9390529104056878,0.022150283993948184,-1,20,0.08028563053342634,1300,191,0.0085139227325127,3.4374979119927504e-06,0.8779812443816728,0.8365243141403559,0.8331428609851076,0.8399672459643502,0.9504279378492996,COMPLETE
273,0.8335412701095494,2026-06-01 22:06:01.949435,2026-06-01 22:06:31.621887,0 days 00:00:29.672452,0.9364908282400884,0.9357555255160566,0.02222244595136923,10,20,0.0845337869222433,1300,191,0.009547647782422479,3.6386368179280803e-06,0.8749276138048946,0.8335412701095494,0.8247598297346448,0.8425451994082526,0.9492687554585753,COMPLETE
274,0.8359102965436573,2026-06-01 22:06:31.630480,2026-06-01 22:07:00.057337,0 days 00:00:28.426857,0.9499568548546174,0.9402322196728325,0.02330984830383866,-1,20,0.0915912926900297,1240,191,0.019044923795443536,1.4513899134110119e-06,0.8775705787388692,0.8359102965436573,0.8328472780026418,0.8390323536182357,0.9502660452662136,COMPLETE
275,0.8350141023483686,2026-06-01 22:07:00.071104,2026-06-01 22:07:31.471381,0 days 00:00:31.400277,0.9295551097832443,0.9400451824759027,0.022645886798453543,-1,30,0.08155921970167052,1320,191,0.007893908401219337,2.81949058768328e-06,0.8768545507368972,0.8350141023483686,0.831658280930391,0.8384374455446256,0.9502534258525849,COMPLETE
276,0.8361158058093602,2026-06-01 22:07:31.484522,2026-06-01 22:08:01.510275,0 days 00:00:30.025753,0.9433498757359963,0.9324564212923633,0.02422718567112194,-1,20,0.08758927534832033,1280,199,0.01186554654106847,6.418281117336079e-06,0.8779075273598743,0.8361158058093602,0.834318827551121,0.8379558511162566,0.9503656184206118,COMPLETE
277,0.8265669432552535,2026-06-01 22:08:01.522990,2026-06-01 22:08:23.282941,0 days 00:00:21.759951,0.9386410692349885,0.9223061510850713,0.021872369875482273,8,120,0.08006361880764688,1380,183,0.0053412289339807096,1.3796106905280101e-05,0.8673146155489354,0.8265669432552535,0.8037745559861046,0.850704080407873,0.94539365914469,COMPLETE
278,0.8301128802367336,2026-06-01 22:08:23.294953,2026-06-01 22:08:42.115609,0 days 00:00:18.820656,0.9444738346297381,0.9331842380531138,0.0209690457408939,-1,20,0.08529001838612271,1260,79,0.019865534105185143,7.678883878715446e-06,0.8708631337062426,0.8301128802367336,0.8121935285204444,0.8488910067092417,0.9472102799097306,COMPLETE
279,0.8361150736817499,2026-06-01 22:08:42.124688,2026-06-01 22:09:13.614827,0 days 00:00:31.490139,0.9328234486615284,0.939303637465094,0.023159075098347446,-1,20,0.08065935704306451,1300,191,0.008152283479260943,4.131611334827391e-06,0.8778127705701055,0.8361150736817499,0.8336643983529622,0.8386074148086876,0.9503977188571034,COMPLETE
280,0.8343322933576447,2026-06-01 22:09:13.623792,2026-06-01 22:09:48.210350,0 days 00:00:34.586558,0.9444606280350822,0.9154541108794043,0.021769513417545478,-1,80,0.04652763144053203,1220,199,0.003572307285937233,9.683912509782466e-06,0.8759911169643271,0.8343322933576447,0.8286019119384097,0.8401655285922288,0.9494759950740956,COMPLETE
281,0.8348987998893315,2026-06-01 22:09:48.219702,2026-06-01 22:10:22.327526,0 days 00:00:34.107824,0.6859492742930794,0.9267492165336856,0.02275309223680082,-1,20,0.08330303763722824,1340,183,0.013624842850878456,7.427233452490035e-07,0.8770019698124359,0.8348987998893315,0.8331265899602954,0.8367093095298453,0.9494900579719747,COMPLETE
282,0.8358148960965776,2026-06-01 22:10:22.337338,2026-06-01 22:10:53.140971,0 days 00:00:30.803633,0.9498064001007143,0.9195746861291549,0.020733339378550084,-1,20,0.08964001599915819,1320,191,0.005136178230635591,1.6342693929397323e-06,0.8772652177101948,0.8358148960965776,0.8311793699500937,0.8405338262285498,0.950156657781935,COMPLETE
283,0.8351516437858965,2026-06-01 22:10:53.150630,2026-06-01 22:11:27.648789,0 days 00:00:34.498159,0.9384010012851748,0.9417037331299449,0.023909226559492944,-1,30,0.07919869489381523,1380,199,0.009192149318657444,5.42111041038335e-06,0.8772441513323433,0.8351516437858965,0.8337224578076001,0.8366243622155983,0.9500555458231871,COMPLETE
284,0.8313236325438496,2026-06-01 22:11:27.657585,2026-06-01 22:11:51.648627,0 days 00:00:23.991042,0.9284284850135548,0.9339621587208329,0.08956725949420638,-1,20,0.0721655312591857,1260,191,0.0016223575209855185,2.853116731349912e-06,0.8758120999851285,0.8313236325438496,0.8394820138465655,0.823366152903827,0.9486101316442624,COMPLETE
285,0.8359742098181134,2026-06-01 22:11:51.657958,2026-06-01 22:12:20.240012,0 days 00:00:28.582054,0.9434103285150856,0.9272918505235117,0.022367805052942717,-1,20,0.08315686616063314,1300,183,0.02113545525002089,1.5586576211428224e-05,0.8774968623823177,0.8359742098181134,0.8321178760005,0.839910599975925,0.9501767146656723,COMPLETE
286,0.8355975764983352,2026-06-01 22:12:20.248638,2026-06-01 22:12:49.781159,0 days 00:00:29.532521,0.9354615252548606,0.934352347058888,0.024717325700764462,-1,20,0.08707178477633436,1280,199,0.0066090236693318195,8.319062508221875e-06,0.8777074666212235,0.8355975764983352,0.8350402779510397,0.8361994113680553,0.9503792098793841,COMPLETE
287,0.835969550851181,2026-06-01 22:12:49.789787,2026-06-01 22:13:20.256469,0 days 00:00:30.466682,0.9497804126935132,0.9095039246378991,0.02133737989076138,-1,20,0.0299083876021213,1340,191,0.003241099262585345,1.2941717814159627e-05,0.8775705770757516,0.835969550851181,0.8326075751650989,0.8394006536621558,0.9503886223025598,COMPLETE
288,0.835542278449959,2026-06-01 22:13:20.265381,2026-06-01 22:13:47.238730,0 days 00:00:26.973349,0.9395335986369171,0.94268556693819,0.022100116650280593,16,20,0.07947328600021633,1200,183,0.013455570554615985,6.078981079641168e-06,0.8768861489731804,0.835542278449959,0.8297466374674496,0.841468723389862,0.9499638700666795,COMPLETE
289,0.8359785733351464,2026-06-01 22:13:47.248018,2026-06-01 22:14:16.022088,0 days 00:00:28.774070,0.9438593000940394,0.9261777776010652,0.023314566439784957,-1,20,0.0689336188826829,1400,167,0.00563464681002678,1.853248187960631e-05,0.8775705823977279,0.8359785733351464,0.8325693155769466,0.8394573092809767,0.9501849326320363,COMPLETE
290,0.8351944753644999,2026-06-01 22:14:16.031190,2026-06-01 22:14:46.769486,0 days 00:00:30.738296,0.9499060789224475,0.9207946489748904,0.020766996365885984,-1,20,0.07348800052426432,1360,191,0.0087663638208518,3.865739058427362e-06,0.8768545567241205,0.8351944753644999,0.830919730013167,0.8395422517800258,0.9503665983382046,COMPLETE
291,0.8367017129780002,2026-06-01 22:14:46.778937,2026-06-01 22:15:20.093478,0 days 00:00:33.314541,0.9262955728931623,0.9376406322553451,0.022870640946563024,-1,20,0.07918674466203057,1320,183,0.021945052800877263,1.0455981688221448e-05,0.8781497155322519,0.8367017129780002,0.8335541012142996,0.8399105975683261,0.9503821042371198,COMPLETE
292,0.8352452518712666,2026-06-01 22:15:20.103214,2026-06-01 22:15:46.249427,0 days 00:00:26.146213,0.9266019819757354,0.9371110915313908,0.02378538320741286,-1,30,0.08173158277150724,1240,159,0.02064605099018723,1.028636137482544e-05,0.8765807869466355,0.8352452518712666,0.8289030117457162,0.8417236736745565,0.9499657183881512,COMPLETE
293,0.8363715357467699,2026-06-01 22:15:46.258465,2026-06-01 22:16:16.128846,0 days 00:00:29.870381,0.9326818104392872,0.9451712770812897,0.022796243464612564,-1,20,0.08506309470852466,1320,191,0.013983517905672012,1.377754823134963e-05,0.8780233505274945,0.8363715357467699,0.8340385967445713,0.8387490081113599,0.9503604331187999,COMPLETE
294,0.8362269275842915,2026-06-01 22:16:16.137664,2026-06-01 22:16:45.281427,0 days 00:00:29.143763,0.9283123079710245,0.9481534683755775,0.02278877778824177,-1,20,0.08588284802119717,1320,183,0.014256888166411259,1.4652709415902993e-05,0.8777706401427672,0.8362269275842915,0.8329131406072842,0.8395989266596384,0.9503549193039224,COMPLETE
295,0.8362827608577562,2026-06-01 22:16:45.291371,2026-06-01 22:17:14.503375,0 days 00:00:29.212004,0.9341019747908744,0.9448125507818348,0.022322247512738196,-1,20,0.09139601047696091,1280,191,0.008305852082282761,7.707523235560386e-06,0.8777601129410647,0.8362827608577562,0.8326358495674006,0.8399955665509636,0.9501718985411395,COMPLETE
296,0.8356805380531632,2026-06-01 22:17:14.512055,2026-06-01 22:17:45.233351,0 days 00:00:30.721296,0.9447080434980081,0.9414441124458024,0.02305790083540391,-1,30,0.08856562315990067,1320,191,0.004702729684723149,1.9140309606015074e-05,0.8774336971763619,0.8356805380531632,0.8328390164647127,0.8385791158904646,0.9500545388969096,COMPLETE
297,0.8361892105961523,2026-06-01 22:17:45.242876,2026-06-01 22:18:15.616124,0 days 00:00:30.373248,0.9383787634256662,0.9336184297447404,0.02150541739587117,-1,20,0.08379307384680144,1300,199,0.011564511240853868,2.601504717169083e-06,0.8777706408080141,0.8361892105961523,0.8330938623583393,0.8393439522989544,0.9503857880233152,COMPLETE
298,0.8344112300152675,2026-06-01 22:18:15.624946,2026-06-01 22:18:38.534153,0 days 00:00:22.909207,0.9499065670042021,0.9385730976109848,0.02223934984543823,-1,20,0.07934027632013588,1260,127,0.0031748616906883396,5.948615968966783e-06,0.8753066792156737,0.8344112300152675,0.8238299547230193,0.8452931413770087,0.9493244843047969,COMPLETE
299,0.8334174167337669,2026-06-01 22:18:38.543496,2026-06-01 22:19:00.646639,0 days 00:00:22.103143,0.9266327737162076,0.9322099846731502,0.02299004177221479,-1,20,0.0731442191685331,1340,103,0.0058374832183938265,1.2123841422774738e-05,0.8742221256443187,0.8334174167337669,0.8206961143706187,0.8465680035500336,0.949090392048615,COMPLETE
300,0.835456176010875,2026-06-01 22:19:00.656022,2026-06-01 22:19:27.620556,0 days 00:00:26.964534,0.9342203392899678,0.9498755936364032,0.024570182417503195,-1,20,0.0856580063712347,1280,167,0.021858614536679484,4.723794298746792e-06,0.8771072727634476,0.835456176010875,0.8315508972420232,0.8394289790639672,0.9502208244909801,COMPLETE
301,0.8336112759112856,2026-06-01 22:19:27.630001,2026-06-01 22:20:03.264333,0 days 00:00:35.634332,0.9441381963960633,0.9415797887061228,0.020742697207358864,-1,110,0.08210658349309481,1300,183,0.01228436354017015,8.603813655430785e-06,0.8751382020778714,0.8336112759112856,0.825837875715895,0.8415536803345048,0.9488252287105347,COMPLETE
302,0.833790646158223,2026-06-01 22:20:03.273824,2026-06-01 22:20:34.075938,0 days 00:00:30.802114,0.9398382637106416,0.9285490766674761,0.021811690507247537,10,20,0.07764242150103091,1360,183,0.008007736989046284,2.243607672122051e-05,0.8751592694535936,0.833790646158223,0.8252774561313214,0.8425168884520349,0.9491192412598949,COMPLETE
303,0.8358030610683236,2026-06-01 22:20:34.085794,2026-06-01 22:21:03.498604,0 days 00:00:29.412810,0.9499861133880362,0.8142742408220651,0.023371329941920226,-1,30,0.06987246074758974,1240,191,0.0018091269917335784,1.1576414024272781e-05,0.8773915770603525,0.8358030610683236,0.83207436483209,0.8395989699964198,0.9501040573038374,COMPLETE
304,0.8248165456648241,2026-06-01 22:21:03.508426,2026-06-01 22:21:11.069637,0 days 00:00:07.561211,0.9240691961027083,0.9362344107580228,0.021212369274312397,-1,20,0.08858620493439913,240,199,0.016409916619988293,3.894014295316401e-06,0.8661668851298016,0.8248165456648241,0.8031562284223872,0.8477012050076151,0.9440382854891665,COMPLETE
305,0.8331590735340773,2026-06-01 22:21:11.078619,2026-06-01 22:21:36.415697,0 days 00:00:25.337078,0.9304734879121073,0.9156088048505843,0.06777802217928741,16,20,0.08072552167409745,1320,191,0.003507109188551278,1.7041437033667083e-05,0.8770862087139607,0.8331590735340773,0.8407721376421758,0.8257175368396227,0.9492250259569186,COMPLETE
306,0.83606047266596,2026-06-01 22:21:36.424328,2026-06-01 22:22:05.782320,0 days 00:00:29.357992,0.9441522896364849,0.9214902506149399,0.02225774330743026,-1,20,0.0933814573101846,1340,183,0.005960393607776809,7.651458629452915e-06,0.8775600538655315,0.83606047266596,0.832166458177571,0.8400239304743587,0.9502569167725515,COMPLETE
307,0.8368985448309143,2026-06-01 22:22:05.791029,2026-06-01 22:22:34.591834,0 days 00:00:28.800805,0.9379249276867232,0.9319512764309293,0.023833686902623424,-1,20,0.03359905121282826,1260,191,0.009892521012980193,1.831364759573113e-06,0.8784972010010413,0.8368985448309143,0.835120881382681,0.8387207573451162,0.9505010581548912,COMPLETE
308,0.8360884442122645,2026-06-01 22:22:34.610412,2026-06-01 22:23:03.188526,0 days 00:00:28.578114,0.9348359767217759,0.9311571643725239,0.024761232394269344,-1,20,0.04013127894296712,1220,199,0.01022415452866166,1.8363496443261259e-06,0.8778443545035776,0.8360884442122645,0.8339888662848125,0.8382391340255594,0.9504345349679912,COMPLETE
309,0.8297491579236684,2026-06-01 22:23:03.198002,2026-06-01 22:23:24.704511,0 days 00:00:21.506509,0.9386893499920819,0.9229808439857545,0.02405167909267545,8,30,0.08511788811245626,1260,151,0.020479604780712195,9.881017322344082e-07,0.8705788284114672,0.8297491579236684,0.8117914769293769,0.848551041697529,0.9471493438943073,COMPLETE
310,0.8361418089329763,2026-06-01 22:23:24.713697,2026-06-01 22:23:51.824856,0 days 00:00:27.111159,0.9299844858604119,0.9298674957693486,0.02347625402757686,-1,20,0.023792003029962976,1180,191,0.008575402965841711,2.390129238434055e-05,0.8776337562518952,0.8361418089329763,0.8323443194160101,0.8400239112135669,0.9503635054790788,COMPLETE
311,0.8360758941683658,2026-06-01 22:23:51.834556,2026-06-01 22:24:23.513575,0 days 00:00:31.679019,0.920218238433612,0.9182912811457715,0.022869544866356537,-1,20,0.08252358517554126,1380,191,0.01369637503884645,2.6584553254100424e-06,0.8778759424285317,0.8360758941683658,0.8342429235596915,0.8379558631542513,0.9503681084656175,COMPLETE
312,0.8365797698530933,2026-06-01 22:24:23.522475,2026-06-01 22:24:51.542466,0 days 00:00:28.019991,0.9390067197307439,0.9448097738616252,0.024815968088537116,-1,20,0.0773032091636635,1220,199,0.02278471864278825,5.145782307374908e-06,0.878339252728059,0.8365797698530933,0.8353503008910758,0.8378425374710156,0.9503741574064654,COMPLETE
313,0.836664775080337,2026-06-01 22:24:51.552071,2026-06-01 22:25:19.690328,0 days 00:00:28.138257,0.940041961602176,0.934861040954314,0.025053921212277053,-1,20,0.01915705494425906,1220,199,0.0074516322948679214,3.6318008914792937e-06,0.8783813708483272,0.836664775080337,0.8353041747126143,0.8380692080982789,0.9505404219365264,COMPLETE
314,0.8346321145391936,2026-06-01 22:25:19.698898,2026-06-01 22:25:51.979419,0 days 00:00:32.280521,0.7088431455618774,0.9264183250245197,0.024974714941720433,-1,30,0.019968762280452208,1220,199,0.02335204748391758,1.8137624037943776e-06,0.8769809094218077,0.8346321145391936,0.8340234023594619,0.835264526244738,0.9492128578362768,COMPLETE
315,0.8350020594593023,2026-06-01 22:25:51.988186,2026-06-01 22:26:22.928480,0 days 00:00:30.940294,0.7519466795017415,0.9118006020226989,0.025113545346650164,-1,20,0.0162749762576602,1200,199,0.007611910094402837,3.862135189194062e-06,0.877275749236003,0.8350020594593023,0.8345292492872917,0.8355195439422034,0.9500499059915053,COMPLETE
316,0.8335894863051,2026-06-01 22:26:22.939606,2026-06-01 22:26:55.529053,0 days 00:00:32.589447,0.9385180217745496,0.9341529462128162,0.024094904617638063,-1,90,0.07694506733697766,1160,199,0.022739730826204268,2.8527714845083777e-06,0.875454095297601,0.8335894863051,0.8279899859996097,0.8392873183485241,0.9490741242294202,COMPLETE
