number,value,datetime_start,datetime_complete,duration,params_bagging_fraction,params_feature_fraction,params_learning_rate,params_max_depth,params_min_child_samples,params_min_split_gain,params_n_estimators,params_num_leaves,params_reg_alpha,params_reg_lambda,user_attrs_accuracy,user_attrs_f1,user_attrs_precision,user_attrs_recall,user_attrs_roc_auc,state
2080,0.8359335137215318,2026-06-02 15:38:57.350765,2026-06-02 15:39:36.437277,0 days 00:00:39.086512,0.8311700900057514,0.6891969443425893,0.01665538290729337,16,10,0.0025680588264876585,1340,255,0.00012650022989183694,0.0785700571547677,0.8777179981470314,0.8359335137215318,0.833751677514098,0.8381541361517342,0.9506739700626657,COMPLETE
2081,0.8378432830376285,2026-06-02 15:39:36.448411,2026-06-02 15:40:15.002935,0 days 00:00:38.554524,0.9277031778047107,0.6792128857695015,0.015513460004002043,16,20,0.0077081065831584505,1360,247,0.00023794020710851205,0.00428607404875998,0.8787604488988002,0.8378432830376285,0.8330532719742627,0.842715207193898,0.9505544393605625,COMPLETE
2082,0.8374562366666297,2026-06-02 15:40:15.014970,2026-06-02 15:40:52.936110,0 days 00:00:37.921140,0.9353930980514905,0.6697843473766766,0.01772640746270825,16,10,0.015666873391175853,1400,247,7.795493931772277e-05,0.0018469172016334454,0.8789499721244196,0.8374562366666297,0.8359565705149148,0.8390039945100387,0.9508218231533898,COMPLETE
2083,0.8276338735720016,2026-06-02 15:40:52.956447,2026-06-02 15:41:02.766012,0 days 00:00:09.809565,0.9217007194734743,0.6608867863869455,0.01705626237956982,-1,10,0.0026430730335418816,280,255,2.9874641343160168e-05,0.0020706902709842633,0.8687677342718724,0.8276338735720016,0.8085531670310778,0.8476728747906056,0.9452347651333323,COMPLETE
2084,0.8370393117575708,2026-06-02 15:41:02.777710,2026-06-02 15:41:40.539923,0 days 00:00:37.762213,0.929199733151987,0.6830933106946393,0.01623996960879144,16,10,0.004980651173250114,1380,247,9.300163972274763e-06,0.0028092318055482376,0.8784445513549649,0.8370393117575708,0.8341916332520803,0.839938896486549,0.9508528793072064,COMPLETE
2085,0.8371371422209203,2026-06-02 15:41:40.551160,2026-06-02 15:42:21.313599,0 days 00:00:40.762439,0.9092976148900723,0.673598991647602,0.01589978218604158,16,10,0.011867976767165514,1400,255,5.3629944355398735e-05,0.003702277947856107,0.8786340818983017,0.8371371422209203,0.8350758767836778,0.8392306218005207,0.9508019318357183,COMPLETE
2086,0.8375067987656987,2026-06-02 15:42:21.326449,2026-06-02 15:43:00.353034,0 days 00:00:39.026585,0.9386916023086863,0.6595346990020499,0.015454699417561044,16,10,4.954479529950106e-05,1360,247,8.644866931574333e-05,0.028805550102993856,0.8785393157950745,0.8375067987656987,0.8329152944202383,0.8421769041795306,0.9508756392823119,COMPLETE
2087,0.8349118367086583,2026-06-02 15:43:00.373813,2026-06-02 15:43:34.654044,0 days 00:00:34.280231,0.7492760825389774,0.6676081764768623,0.016808501973819598,16,20,0.008812264845904397,1380,175,4.617632718031708e-06,0.005549090243998592,0.8760858940441302,0.8349118367086583,0.8269442196052745,0.843055136091626,0.949788790561244,COMPLETE
2088,0.8370119183802022,2026-06-02 15:43:34.667722,2026-06-02 15:44:12.763455,0 days 00:00:38.095733,0.924055105148768,0.6896370882142318,0.01634515093392479,16,10,0.005076657343997162,1340,255,0.00017869562948792238,0.002113208102750217,0.8784129664236224,0.8370119183802022,0.8340844195743036,0.8399955400673752,0.9507353265001859,COMPLETE
2089,0.8369490706579704,2026-06-02 15:44:12.775166,2026-06-02 15:44:50.798339,0 days 00:00:38.023173,0.931892723649843,0.6777752111674081,0.017352449756545686,16,10,0.002487504437980792,1400,247,4.5234708170675016e-05,0.026058066773473672,0.8785393181234391,0.8369490706579704,0.835211957966723,0.8387207212311317,0.9507912459040527,COMPLETE
2090,0.8368665981184699,2026-06-02 15:44:50.809794,2026-06-02 15:45:28.570519,0 days 00:00:37.760725,0.9153895406551967,0.6959450614139715,0.018814137481949458,16,10,0.00010050560170590191,1360,255,0.00011945864050221292,2.0868359195875383e-07,0.878770973106891,0.8368665981184699,0.8371481852494779,0.8366243622155983,0.9510837948543932,COMPLETE
2091,0.838006571379884,2026-06-02 15:45:28.582579,2026-06-02 15:46:06.668957,0 days 00:00:38.086378,0.9443415329226049,0.6501580639722574,0.01588737086746353,16,10,0.007338695480951665,1380,247,2.7776187932802732e-05,0.0016926566437594531,0.8790447445474937,0.838006571379884,0.8343216212469385,0.8417519533319876,0.9507571197985246,COMPLETE
2092,0.8366647109742283,2026-06-02 15:46:06.679645,2026-06-02 15:46:45.459791,0 days 00:00:38.780146,0.8613274364944828,0.6722114660298892,0.015458119460023305,16,10,0.005184355689577,1340,255,0.00030947470475685613,5.414654621024789e-07,0.8781707888951972,0.8366647109742283,0.8338383032974531,0.8395423456763854,0.9508360964076329,COMPLETE
2093,0.8333562739176986,2026-06-02 15:46:45.470791,2026-06-02 15:47:23.994580,0 days 00:00:38.523789,0.9364552607524727,0.6635898094487522,0.05451663699064081,16,10,0.004903964869658816,1400,247,6.0133104223664965e-05,0.01197817482088277,0.8779496414886604,0.8333562739176986,0.8460458941515383,0.8210714847768265,0.949955135774558,COMPLETE
2094,0.8365814953818943,2026-06-02 15:47:24.006812,2026-06-02 15:48:07.720533,0 days 00:00:43.713721,0.7884868451368164,0.85903470614375,0.01799441885189772,16,10,8.436530896403289e-05,1380,247,1.9288168383759666e-05,0.0074058865107491855,0.8785393204518037,0.8365814953818943,0.8367193838932572,0.8364827544673323,0.9508440587784973,COMPLETE
2095,0.823451426154548,2026-06-02 15:48:07.736631,2026-06-02 15:48:20.906555,0 days 00:00:13.169924,0.760221009312392,0.6833982972717894,0.016568377488953668,10,20,0.009151640074461396,540,255,0.0006662578215967449,0.04465975979198016,0.8646611247437525,0.823451426154548,0.7992585849159658,0.849174255912159,0.9431841440529762,COMPLETE
2096,0.8377739434696689,2026-06-02 15:48:20.918761,2026-06-02 15:49:00.124295,0 days 00:00:39.205534,0.9280085186160051,0.6554073858102416,0.01595959444769619,16,10,0.002766872605830354,1360,255,8.62144548378037e-05,1.0103821620273757e-07,0.8789815643734795,0.8377739434696689,0.8348476145807212,0.8407604535190316,0.9509332137157038,COMPLETE
2097,0.837067832002187,2026-06-02 15:49:00.136276,2026-06-02 15:49:38.807327,0 days 00:00:38.671051,0.9180737367732604,0.8113088636226073,0.017015282172005135,16,10,0.08887260941917163,1400,247,0.00015424044908913598,3.2047713638603834e-07,0.8786551539307531,0.837067832002187,0.8355099771309032,0.838664116171889,0.9506322136084536,COMPLETE
2098,0.8349137028288977,2026-06-02 15:49:38.818842,2026-06-02 15:50:21.220802,0 days 00:00:42.401960,0.8983556015775989,0.6682257176634046,0.015020229641103644,16,60,0.012600752908120951,1340,247,3.755159382135806e-05,8.170714596148363e-07,0.8759700522495931,0.8349137028288977,0.8261870486210002,0.8438483388311097,0.9497634968287468,COMPLETE
2099,0.8244155542968276,2026-06-02 15:50:21.231881,2026-06-02 15:50:40.026629,0 days 00:00:18.794748,0.9390176240123843,0.6774836125499546,0.01650235734497207,8,10,0.0025776448890590282,1000,255,0.00022421874931454809,1.1641476050703141e-06,0.8652823706765685,0.8244155542968276,0.7995314740650281,0.8509306715843706,0.944134629642888,COMPLETE
2100,0.8376499405749191,2026-06-02 15:50:40.037635,2026-06-02 15:51:18.394155,0 days 00:00:38.356520,0.9320645489468457,0.6594480139343304,0.015472352657578662,16,10,4.5990863902460994e-05,1380,247,6.202838392020163e-05,0.07670138918496319,0.8786972607418218,0.8376499405749191,0.8334151742099408,0.841950260035856,0.950885908085534,COMPLETE
2101,0.8309160595950024,2026-06-02 15:51:18.405692,2026-06-02 15:51:58.323740,0 days 00:00:39.918048,0.9236639037871541,0.6859067486907965,0.08212888754967215,16,20,0.007070136318675556,1360,255,0.00011073012254988451,0.006936795412306658,0.8763596465251924,0.8309160595950024,0.8449771112496774,0.8173602865385609,0.947861634922765,COMPLETE
2102,0.8372934690881907,2026-06-02 15:51:58.334656,2026-06-02 15:52:35.963850,0 days 00:00:37.629194,0.9106734140945313,0.6713540501220522,0.01748239382446213,14,10,0.0046364119404736625,1400,239,1.2420655125838326e-05,0.0014118806857155253,0.8787604452399416,0.8372934690881907,0.8353104656922605,0.8393156509731324,0.9506462083434416,COMPLETE
2103,0.8367799354809011,2026-06-02 15:52:35.975954,2026-06-02 15:53:08.061689,0 days 00:00:32.085735,0.9443652955043325,0.6644446589063568,0.016096654971461014,16,10,0.010267173758375377,1180,247,3.3005235166083465e-05,4.1318401348996986e-07,0.877854892016609,0.8367799354809011,0.8312333359136351,0.8424318857630116,0.9504404190960406,COMPLETE
2104,0.8344014015645786,2026-06-02 15:53:08.073765,2026-06-02 15:53:52.196682,0 days 00:00:44.122917,0.9339552466784923,0.8394071931404422,0.01550120668557847,16,70,0.0024429896403572546,1340,255,8.059757430138901e-05,0.0029269548412821406,0.8758436962256706,0.8344014015645786,0.8273638671762832,0.8415819961059205,0.9496541509339548,COMPLETE
2105,0.8312921519880817,2026-06-02 15:53:52.208291,2026-06-02 15:54:14.450852,0 days 00:00:22.242561,0.8123595859832123,0.6924778142519412,0.01691695331589165,16,20,0.006268418810999252,1360,87,6.578279402060773e-06,1.6327430024986086e-07,0.8715791673628145,0.8312921519880817,0.8122504626939017,0.851270641411281,0.9476848565837864,COMPLETE
2106,0.8368796050298095,2026-06-02 15:54:14.462505,2026-06-02 15:54:53.246272,0 days 00:00:38.783767,0.9268086228402634,0.699444158652091,0.016361795680775768,12,10,0.002775616954476543,1400,247,5.0641196166768795e-05,6.802968368023695e-07,0.8780023007808188,0.8368796050298095,0.8318433852824616,0.8420069469534636,0.9502871798069833,COMPLETE
2107,0.8365945104107775,2026-06-02 15:54:53.257857,2026-06-02 15:55:32.399278,0 days 00:00:39.141421,0.9406034571171584,0.6789648132606688,0.018011090281803935,16,30,0.008042462494448828,1380,239,2.2339108929767666e-05,0.015479237777438034,0.8779812367313319,0.8365945104107775,0.8328554700965922,0.8403921438447158,0.9504370815655476,COMPLETE
2108,0.8371220095517288,2026-06-02 15:55:32.411481,2026-06-02 15:56:09.966725,0 days 00:00:37.555244,0.9169361454583783,0.6551848336813705,0.015768492114175456,16,10,0.005572015523262081,1320,255,0.00014119461886632516,2.3290547127935194e-07,0.8784445513549649,0.8371220095517288,0.8338529820427164,0.8404488235395265,0.9506304332227916,COMPLETE
2109,0.8363741276335604,2026-06-02 15:56:10.045966,2026-06-02 15:56:39.661257,0 days 00:00:29.615291,0.9499828424999129,0.673375543952709,0.01730075130521133,16,10,1.3576334518725745e-05,1400,167,0.0003486728045360987,0.033238039597093795,0.8770546274414769,0.8363741276335604,0.8275277265826895,0.845434809315249,0.9501902282319605,COMPLETE
2110,0.8373024948381933,2026-06-02 15:56:39.672581,2026-06-02 15:57:17.010829,0 days 00:00:37.338248,0.9056204798982664,0.6640736868244023,0.01629845169750484,16,10,0.014310035393867951,1360,247,0.00020500102813192513,7.098804340896734e-08,0.8785709120356167,0.8373024948381933,0.8339637453373606,0.8407038267913981,0.9507345956245574,COMPLETE
2111,0.8325793909988484,2026-06-02 15:57:17.022323,2026-06-02 15:57:34.682091,0 days 00:00:17.659768,0.9314575145542543,0.6860847730246606,0.015827236010858246,16,10,0.0026004658192256137,600,239,0.00010985318852125257,2.7959752715988283e-06,0.8730322737786812,0.8325793909988484,0.8163978300123373,0.8494575845658422,0.948431567951543,COMPLETE
2112,0.8377252890765362,2026-06-02 15:57:34.694274,2026-06-02 15:58:13.003223,0 days 00:00:38.308949,0.9225982883005951,0.6582700109291996,0.015019908271894814,-1,10,1.3639673444877825e-05,1380,247,6.314579477753638e-05,1.2474348457292445e-06,0.8789289233756143,0.8377252890765362,0.8346844394868875,0.8408171115454516,0.9510484073900952,COMPLETE
2113,0.8380039250624662,2026-06-02 15:58:13.014243,2026-06-02 15:58:49.887243,0 days 00:00:36.873000,0.9372111962205067,0.6688463500232315,0.01677046209823776,16,10,0.00899821220851071,1340,255,3.794116853803309e-05,3.679140736318282e-07,0.8791921586336796,0.8380039250624662,0.8353305720230639,0.8407321281172201,0.9508291282343645,COMPLETE
2114,0.8373891150601098,2026-06-02 15:58:49.898887,2026-06-02 15:59:30.144947,0 days 00:00:40.246060,0.928890688980174,0.6783895665609176,0.015476142286634242,16,20,0.004944083774070239,1400,247,1.8293952997250805e-05,5.344627146229705e-07,0.8784656094172285,0.8373891150601098,0.8329024863353167,0.8419502768890487,0.950681858298002,COMPLETE
2115,0.8372162654954162,2026-06-02 15:59:30.156997,2026-06-02 16:00:05.962852,0 days 00:00:35.805855,0.9437631859161659,0.6637878789922642,0.018615268898215485,16,10,0.011236338069678973,1360,239,8.404394402086386e-05,2.9006011860921293e-07,0.8787183277849202,0.8372162654954162,0.8353299756011051,0.8391457130078571,0.9507778000240382,COMPLETE
2116,0.833150791065837,2026-06-02 16:00:05.973725,2026-06-02 16:00:21.340107,0 days 00:00:15.366382,0.9204770812641871,0.6913560227439586,0.01972718749576334,16,10,5.4202721882682036e-05,500,255,0.00016468413213586725,1.4908339456416315e-06,0.8735798179903805,0.833150791065837,0.8176611893000554,0.8492593043455625,0.9487026068577445,COMPLETE
2117,0.8368462141658509,2026-06-02 16:00:21.352434,2026-06-02 16:00:57.544164,0 days 00:00:36.191730,0.9125454418336522,0.675342827269019,0.016255239104025813,16,10,0.005188409771624619,1320,247,2.701290478334649e-05,7.484557809360633e-07,0.878149718858487,0.8368462141658509,0.8329661312715793,0.840788788551239,0.9506762272481857,COMPLETE
2118,0.8376651406010677,2026-06-02 16:00:57.556580,2026-06-02 16:01:31.552111,0 days 00:00:33.995531,0.9358937781807746,0.6549170233313946,0.017135016759920123,16,10,0.0028452413461398708,1260,239,0.00012229314702338356,1.4009526443492658e-07,0.8787288596433519,0.8376651406010677,0.8335601616797073,0.8418369776894016,0.9506740494507299,COMPLETE
2119,0.8375248069303775,2026-06-02 16:01:31.564076,2026-06-02 16:02:10.587562,0 days 00:00:39.023486,0.9270777020427357,0.7028209873120308,0.015447992737788503,16,10,0.00703320617305717,1380,255,5.028655326904214e-05,0.0011417103413533113,0.8787393798599606,0.8375248069303775,0.8342024620143161,0.840902109419277,0.9507562416019276,COMPLETE
2120,0.8368469084241216,2026-06-02 16:02:10.608178,2026-06-02 16:02:48.049767,0 days 00:00:37.441589,0.9408009899400154,0.6839967613758544,0.01759829916265017,16,10,0.06931525989807188,1400,247,0.00025835489926276264,5.155024836795506e-07,0.8784550782240439,0.8368469084241216,0.8350337299919354,0.8386923717533307,0.9508420944490062,COMPLETE
2121,0.8372105523100072,2026-06-02 16:02:48.062280,2026-06-02 16:03:26.003746,0 days 00:00:37.941466,0.9332181517026581,0.6695009756984226,0.015000962756845686,16,20,0.0026164774022368227,1360,239,8.278982029732399e-06,0.003464369822113018,0.878086547000061,0.8372105523100072,0.8310673217822724,0.8434800869391689,0.9504236590408168,COMPLETE
2122,0.8341631792127422,2026-06-02 16:03:26.015895,2026-06-02 16:04:01.006928,0 days 00:00:34.991033,0.9156532867768614,0.659545937973104,0.015969319017428298,10,10,0.008593365560307343,1380,247,0.0004282477527415028,9.894499905481454e-07,0.8751592784344284,0.8341631792127422,0.8238348883592458,0.8447832384000208,0.9494035591427323,COMPLETE
2123,0.8369781542672224,2026-06-02 16:04:01.018095,2026-06-02 16:04:38.885683,0 days 00:00:37.867588,0.9238143896421362,0.650080664361479,0.01676155078737914,16,10,0.0172391721823184,1340,255,8.99061687251311e-05,2.490340242884587e-07,0.8784761306317076,0.8369781542672224,0.8346556336203318,0.8393439330381627,0.9507160381992651,COMPLETE
2124,0.836697268653188,2026-06-02 16:04:38.897763,2026-06-02 16:05:17.480620,0 days 00:00:38.582857,0.8488721958106392,0.6805077833092538,0.016285638320504635,16,10,0.00529688255325664,1400,239,3.957321691063026e-05,4.1492133818140375e-07,0.8782023708329282,0.836697268653188,0.8339268445742204,0.8395139745301936,0.9508014798861795,COMPLETE
2125,0.837389573854313,2026-06-02 16:05:17.492683,2026-06-02 16:05:55.743744,0 days 00:00:38.251061,0.9448442509939313,0.6730486947681907,0.01586831405645023,16,10,0.002504024529785434,1360,255,6.15586952466334e-05,9.565502090276125e-08,0.8787183304459084,0.837389573854313,0.8346077154278572,0.8402222299554302,0.9507962695927882,COMPLETE
2126,0.8304369865570056,2026-06-02 16:05:55.756052,2026-06-02 16:06:21.395740,0 days 00:00:25.639688,0.9306513616629155,0.6648168068982147,0.018124773428782867,8,10,8.158917661055774e-05,1400,247,1.5270960770074987e-05,0.05735455289018781,0.8708525868797526,0.8304369865570056,0.8109827986514121,0.8508739846667629,0.9471588130301772,COMPLETE
2127,0.8337686141254655,2026-06-02 16:06:21.407972,2026-06-02 16:07:02.116919,0 days 00:00:40.708947,0.9014441554045642,0.6947333924085894,0.01684352085258375,16,110,0.012241517040003928,1320,231,0.00018590558269706878,0.002361840229032408,0.874801252458996,0.8337686141254655,0.8230769558972781,0.8447548576234332,0.9488417445780902,COMPLETE
2128,0.837522299704856,2026-06-02 16:07:02.129054,2026-06-02 16:07:39.864496,0 days 00:00:37.735442,0.938299841679496,0.6857179367518721,0.015573643312883878,16,10,0.006940380292637118,1380,247,2.5947340228419816e-05,0.00146341567149735,0.8786867391947192,0.837522299704856,0.833865885370253,0.8412420479474009,0.9507639530237529,COMPLETE
2129,0.8365579792165825,2026-06-02 16:07:39.876381,2026-06-02 16:08:19.605804,0 days 00:00:39.729423,0.9210454561886788,0.6586327661944259,0.01642810534690078,14,20,0.004374560602703399,1340,255,0.0001231965360638549,1.9684828244265262e-06,0.877907530353486,0.8365579792165825,0.8325007772796336,0.8406754508300084,0.9505013233840547,COMPLETE
2130,0.8369404857853399,2026-06-02 16:08:19.617096,2026-06-02 16:08:56.925299,0 days 00:00:37.308203,0.9078910602901334,0.6674197132014011,0.015016801128864804,16,10,0.004833600975579449,1380,239,7.008832805545186e-05,6.081093350352737e-07,0.8781075954162425,0.8369404857853399,0.8322985943932976,0.8416669650885583,0.950648541664891,COMPLETE
2131,0.8372466298506612,2026-06-02 16:08:56.936193,2026-06-02 16:09:36.453250,0 days 00:00:39.517057,0.9342357186793796,0.675814344239572,0.01756694184795407,16,10,0.009721360787491385,1400,255,4.572644003659463e-05,0.10613471178404955,0.878813087900924,0.8372466298506612,0.8358744215461716,0.8386640752427065,0.9508716438822411,COMPLETE
2132,0.8376996208953229,2026-06-02 16:09:36.465459,2026-06-02 16:10:12.682814,0 days 00:00:36.217355,0.9498696664217101,0.689930862680812,0.01929278219796849,16,10,7.646577632106072e-05,1360,247,9.078109404218548e-05,0.019749007627120275,0.8792342834064183,0.8376996208953229,0.8368815482739822,0.8385507904886532,0.9509657030297833,COMPLETE
2133,0.8318045692208546,2026-06-02 16:10:12.694705,2026-06-02 16:10:30.811923,0 days 00:00:18.117218,0.9274297885327346,0.6500465359217322,0.015964117331187827,12,10,0.002490378460154824,660,239,0.00026263067102240607,0.0044582408306483535,0.8723162537596735,0.8318045692208546,0.8148522134036753,0.8495142642606529,0.9474539854318046,COMPLETE
2134,0.8371076947935182,2026-06-02 16:10:30.823227,2026-06-02 16:11:07.849746,0 days 00:00:37.026519,0.9411068172084817,0.6624126078258866,0.016976140964436413,16,10,0.007125300798570664,1320,255,1.2188397589567303e-05,1.8992864101870776e-07,0.8785287882607485,0.8371076947935182,0.8344937835477819,0.8397689031464974,0.9508996371348951,COMPLETE
2135,0.8200815468669785,2026-06-02 16:11:07.862166,2026-06-02 16:11:14.080003,0 days 00:00:06.217837,0.9146307683308947,0.670132523923761,0.015465853483422276,16,10,0.0027453406764587625,180,247,3.0223174271648516e-05,9.70209968632254e-07,0.8628605398441902,0.8200815468669785,0.8002967993207818,0.8409020708976934,0.9408978459950973,COMPLETE
2136,0.8339969092409408,2026-06-02 16:11:14.091656,2026-06-02 16:11:57.620990,0 days 00:00:43.529334,0.936505697515126,0.6800262856262423,0.016374529903278232,16,90,0.009846760204412695,1400,231,0.00013231141868380947,3.900614256620306e-07,0.875243501702648,0.8339969092409408,0.825032838164176,0.8431684112152836,0.9493481104506092,COMPLETE
2137,0.8362048077002157,2026-06-02 16:11:57.641778,2026-06-02 16:12:33.333593,0 days 00:00:35.691815,0.9241645162011298,0.6596597109932728,0.017458405213277246,16,20,0.0026584417657805844,1360,223,5.164884776180369e-05,5.143744857473873e-08,0.8774968660411764,0.8362048077002157,0.8311804874699851,0.8413270265604343,0.9504856877435168,COMPLETE
2138,0.8377706610506827,2026-06-02 16:12:33.345341,2026-06-02 16:13:11.067505,0 days 00:00:37.722164,0.9449384595080469,0.6747006862093081,0.015890406545727372,-1,10,0.005233959224144837,1380,247,1.7943189477627352e-05,2.99945387290254e-07,0.8790447528630815,0.8377706610506827,0.8352802384334733,0.8403071869000729,0.9511421853191844,COMPLETE
2139,0.8367543395702736,2026-06-02 16:13:11.079399,2026-06-02 16:13:47.577690,0 days 00:00:36.498291,0.9309724276625007,0.6839306890096032,0.016720074032698477,16,10,0.014336904910776927,1360,239,7.497206558343265e-05,6.163092175577682e-07,0.8782444872900789,0.8367543395702736,0.8339813135092572,0.8395706084806238,0.9507317048436011,COMPLETE
2140,0.8370041480914482,2026-06-02 16:13:47.589771,2026-06-02 16:14:27.026954,0 days 00:00:39.437183,0.9098962487412718,0.6667944548659602,0.015009647483179319,16,10,0.007391452197875872,1400,255,4.836210268314481e-06,1.2667297829156862e-06,0.878339251397565,0.8370041480914482,0.8336181487010593,0.8404488018711359,0.9507382237440143,COMPLETE
2141,0.8291381225522031,2026-06-02 16:14:27.039318,2026-06-02 16:14:39.405854,0 days 00:00:12.366536,0.9189175214020515,0.6962312611588604,0.015570760110805623,16,10,0.0026785692366190126,400,247,0.00016809893887486987,0.007954237055946854,0.8698628210321533,0.8291381225522031,0.8096942203554073,0.8495709150642758,0.9463881950505755,COMPLETE
2142,0.837639303084358,2026-06-02 16:14:39.418060,2026-06-02 16:15:20.105427,0 days 00:00:40.687367,0.9362599829846638,0.65515592925102,0.018111202557134148,16,10,0.004946593828378647,1340,239,3.637547564737929e-05,3.895274811115204e-06,0.8789499757832783,0.837639303084358,0.8351901015929851,0.8401372031904172,0.9509101521610482,COMPLETE
