number,value,datetime_start,datetime_complete,duration,params_bagging_fraction,params_feature_fraction,params_learning_rate,params_max_depth,params_min_child_samples,params_min_split_gain,params_n_estimators,params_num_leaves,params_reg_alpha,params_reg_lambda,user_attrs_accuracy,user_attrs_f1,user_attrs_precision,user_attrs_recall,user_attrs_roc_auc,state
1576,0.8368559090192438,2026-06-02 10:36:56.329920,2026-06-02 10:37:35.649118,0 days 00:00:39.319198,0.9301810558295353,0.7541354106661348,0.015492380917415595,16,10,1.7260195298763117e-05,1400,255,0.00035988605263741034,5.377700077568524e-07,0.8784129604363992,0.8368559090192438,0.8347392798798112,0.8390323560258347,0.9509014553031568,COMPLETE
1577,0.8379215041106076,2026-06-02 10:37:35.659795,2026-06-02 10:38:11.695251,0 days 00:00:36.035456,0.9424733639089861,0.6668541902056025,0.017480954466987428,16,10,0.01001791974533283,1360,239,5.637727429392221e-05,1.099410127303722e-07,0.8792026974772051,0.8379215041106076,0.8357597807498663,0.8401372248588079,0.9507932103571316,COMPLETE
1578,0.8365041080522554,2026-06-02 10:38:11.706401,2026-06-02 10:38:49.551194,0 days 00:00:37.844793,0.9350478891341487,0.6892491513330434,0.01634503237072502,16,20,0.004932345064644582,1340,247,3.323233787007938e-05,0.0012800010711624449,0.8778022380464269,0.8365041080522554,0.8320138701863659,0.8410720955365315,0.9506788347578748,COMPLETE
1579,0.8341324433125773,2026-06-02 10:38:49.562550,2026-06-02 10:39:15.968688,0 days 00:00:26.406138,0.9209900203079802,0.6721935889343853,0.031835612017294575,8,10,0.007812744826163356,1380,247,0.0002446514993921731,0.00020631553701451203,0.8752435080224948,0.8341324433125773,0.8244980014967243,0.8440183345787603,0.9487984497002172,COMPLETE
1580,0.8367335483660606,2026-06-02 10:39:15.979261,2026-06-02 10:39:57.257656,0 days 00:00:41.278395,0.7678140982536649,0.6814960970594945,0.018370778415635232,16,10,9.921527882476906e-05,1400,255,9.517033443997692e-06,2.252768338439944e-07,0.8786656784714673,0.8367335483660606,0.8369887155324829,0.8365110533855553,0.950932129824455,COMPLETE
1581,0.8370460011548895,2026-06-02 10:39:57.268910,2026-06-02 10:40:32.972813,0 days 00:00:35.703903,0.9289436133193403,0.655226744011112,0.016855800457210867,14,10,0.005867674180270739,1340,239,8.894057731022636e-05,0.000520672462127126,0.8783497912389611,0.8370460011548895,0.8335111477358329,0.8406471711725771,0.9506144391949882,COMPLETE
1582,0.8371052832912911,2026-06-02 10:40:32.983769,2026-06-02 10:41:08.978237,0 days 00:00:35.994468,0.9398328141543693,0.6623736120638488,0.015941194581516563,16,10,0.0025644208796450465,1380,231,0.0001585022165848536,3.800761901279885e-07,0.8782339564295176,0.8371052832912911,0.8324900915960365,0.8418086474723921,0.9507157852845647,COMPLETE
1583,0.837083137983746,2026-06-02 10:41:08.989254,2026-06-02 10:41:49.097763,0 days 00:00:40.108509,0.7742548952819482,0.6712983512870281,0.015518463598026484,16,10,0.012436734594989654,1360,247,5.6828130863873515e-05,0.0021267135688063186,0.8784340218248978,0.837083137983746,0.8339341037036183,0.8402788518678657,0.9504991642013696,COMPLETE
1584,0.8367664052584147,2026-06-02 10:41:49.107855,2026-06-02 10:42:29.231572,0 days 00:00:40.123717,0.915117759362165,0.6772018214325216,0.01630582196113429,16,20,0.0047096160737771,1400,247,1.3747975905818426e-05,0.07237673131810485,0.8780865423433316,0.8367664052584147,0.8328579500465946,0.8407321257096211,0.9504940628121891,COMPLETE
1585,0.8361926441372916,2026-06-02 10:42:29.242868,2026-06-02 10:43:04.125931,0 days 00:00:34.883063,0.9244000992576555,0.6659287689801375,0.01732392903296015,12,10,0.05735328953569828,1320,239,2.4484331306791952e-05,0.01595663323176331,0.8775074062151961,0.8361926441372916,0.8312854062806827,0.8411854019589756,0.950079378865635,COMPLETE
1586,0.8361212897969966,2026-06-02 10:43:04.136077,2026-06-02 10:43:32.921043,0 days 00:00:28.784966,0.9337035743357467,0.6869616751691877,0.015471254328184036,16,10,7.191374298017288e-05,1000,255,0.00010885533546192175,5.668720481007973e-07,0.8768861556256509,0.8361212897969966,0.8274205284921878,0.8450382127607051,0.9501796289181161,COMPLETE
1587,0.8377259274644375,2026-06-02 10:43:32.940828,2026-06-02 10:44:10.361124,0 days 00:00:37.420296,0.9437227739443488,0.6593955461528875,0.016538271117351917,16,10,0.00880240441279034,1360,247,3.93246633237137e-05,0.0007505412569883475,0.87900262875559,0.8377259274644375,0.8351889993628782,0.8403071724544793,0.9507858914793682,COMPLETE
1588,0.8378547103542303,2026-06-02 10:44:10.372467,2026-06-02 10:44:47.056041,0 days 00:00:36.683574,0.9281739070243666,0.6500322225877172,0.015893872422834236,16,10,0.00012100072471963801,1400,231,7.529102570251098e-05,0.009531114828871357,0.8788236204246028,0.8378547103542303,0.8334204710589502,0.842375210883399,0.9508758467631141,COMPLETE
1589,0.8354307243867951,2026-06-02 10:44:47.067030,2026-06-02 10:45:24.196423,0 days 00:00:37.129393,0.9361140777560202,0.676599429568545,0.03640577238943917,16,10,0.0051564644655330396,1360,255,4.294126535369675e-06,3.0083314432348474e-07,0.8789815667018441,0.8354307243867951,0.844646546811548,0.8264540598842958,0.9507560952254787,COMPLETE
1590,0.8332245274182265,2026-06-02 10:45:24.207008,2026-06-02 10:46:01.154100,0 days 00:00:36.947092,0.9171007683044783,0.6682748042423402,0.04755349916290163,16,10,0.0028801270039437482,1380,239,0.00018657637475641073,0.14876878601316204,0.8775284562944953,0.8332245274182265,0.8435982239170733,0.8231395207981471,0.9502536509753138,COMPLETE
1591,0.8365658086973364,2026-06-02 10:46:01.165319,2026-06-02 10:46:38.249817,0 days 00:00:37.084498,0.9242159947011807,0.6823323527550254,0.01793299153752711,16,20,0.007694470424625795,1300,247,0.0002903660150431649,0.03606567505011512,0.8779917762401045,0.8365658086973364,0.8330566824957085,0.8401372320816048,0.950525613781216,COMPLETE
1592,0.8342387558060286,2026-06-02 10:46:38.260306,2026-06-02 10:47:21.993502,0 days 00:00:43.733196,0.940483696687644,0.7274404182495375,0.01715351629984429,16,60,0.12409772376931995,1400,255,0.0001132716915069826,6.621972949082754e-07,0.8758015761096613,0.8342387558060286,0.8277273728926903,0.8408737358654861,0.9495426372675593,COMPLETE
1593,0.8379772708604292,2026-06-02 10:47:22.005216,2026-06-02 10:47:58.517998,0 days 00:00:36.512782,0.9311469692750518,0.6609218321637496,0.015409414013344563,16,10,3.548392685269377e-05,1340,239,4.095344934560771e-05,0.00035857609983228056,0.8788025543793748,0.8379772708604292,0.8328025291595075,0.843253397051114,0.950778731202217,COMPLETE
1594,0.8346816685962785,2026-06-02 10:47:58.528863,2026-06-02 10:48:27.326326,0 days 00:00:28.797463,0.9452103394507828,0.6562991074615577,0.01642132220880356,16,10,0.004726021848126261,1380,151,6.109771764681727e-05,4.556179842728284e-07,0.8752856354562214,0.8346816685962785,0.822626891052626,0.8471346127054208,0.9495875586333499,COMPLETE
1595,0.836347092288269,2026-06-02 10:48:27.337727,2026-06-02 10:49:08.174954,0 days 00:00:40.837227,0.726729147843146,0.6904223569168259,0.015955150717947564,16,10,0.018754693239594264,1400,247,0.0004414498313741773,2.2241585934845907e-07,0.8780760094870295,0.836347092288269,0.834493962486799,0.8382391436559553,0.9503938423115631,COMPLETE
1596,0.8378007919828717,2026-06-02 10:49:08.185451,2026-06-02 10:49:46.159286,0 days 00:00:37.973835,0.9200743911576547,0.6735201163866253,0.01692112789550223,16,10,1.770032005386519e-05,1360,255,1.8812606333838605e-05,0.001304219855157039,0.8790658019445102,0.8378007919828717,0.8353145780274129,0.8403354978562908,0.9509633180484501,COMPLETE
1597,0.8381147199996284,2026-06-02 10:49:46.169481,2026-06-02 10:50:23.294365,0 days 00:00:37.124884,0.9350266690307322,0.6642814154538428,0.015484018578030459,16,10,0.010944367118140168,1340,247,6.591574759507501e-06,0.0023018733559076153,0.8790236904767122,0.8381147199996284,0.8337257028637768,0.84257353444046,0.9507174231441207,COMPLETE
1598,0.8373743885737738,2026-06-02 10:50:23.305903,2026-06-02 10:50:59.507308,0 days 00:00:36.201405,0.9497457372844695,0.681146709058943,0.017503267023538743,16,10,0.002985008230324738,1380,239,0.00014637537741927928,7.462635996706489e-07,0.8786867288833901,0.8373743885737738,0.834466278212655,0.8403354761878999,0.9508806038735109,COMPLETE
1599,0.8373091353309299,2026-06-02 10:50:59.518277,2026-06-02 10:51:37.942814,0 days 00:00:38.424537,0.9284247476620319,0.6690214193333915,0.01621737486507256,16,20,0.008174087731305433,1400,231,2.5938364510646952e-05,1.3715806214648842e-07,0.8783813758376802,0.8373091353309299,0.8326624448972278,0.8420352940236656,0.9505072714739833,COMPLETE
1600,0.8368725901725079,2026-06-02 10:51:37.953928,2026-06-02 10:52:15.078501,0 days 00:00:37.124573,0.9383293900766445,0.8650876405835443,0.01665700676135855,16,10,0.004910789073462964,1320,255,7.740556333923393e-05,3.544269545378462e-07,0.8784656087519815,0.8368725901725079,0.8350099449626324,0.8387774225943331,0.9507354688921735,COMPLETE
1601,0.8341343922141885,2026-06-02 10:52:15.089459,2026-06-02 10:52:46.440390,0 days 00:00:31.350931,0.9166647278416362,0.6552493135494923,0.01877065728861503,10,10,0.11994504587911345,1280,239,0.00024605569215645635,5.013118555394017e-07,0.8752961596643124,0.8341343922141885,0.8248313822054092,0.8436783816050425,0.9493326155695154,COMPLETE
1602,0.8371273102456476,2026-06-02 10:52:46.459902,2026-06-02 10:53:26.097452,0 days 00:00:39.637550,0.9237349776357062,0.6627896423925628,0.015448186964994991,16,10,0.00257023522840434,1360,247,5.0810664387840075e-05,0.3949716894566951,0.8781497151996284,0.8371273102456476,0.8318378472548553,0.8425168812292378,0.950643040046578,COMPLETE
1603,0.8336897928682716,2026-06-02 10:53:26.108939,2026-06-02 10:53:46.059499,0 days 00:00:19.950560,0.9329085902007737,0.6735782715698492,0.016009894522188567,16,10,0.05169098156318931,680,247,0.0001149176110446501,0.0007180741772464038,0.8743168984000161,0.8336897928682716,0.8202669865101561,0.8475878287648012,0.9488625755053182,COMPLETE
1604,0.8324786806366715,2026-06-02 10:53:46.070754,2026-06-02 10:54:18.960449,0 days 00:00:32.889695,0.9420804845438238,0.8276870192493155,0.015017826056776845,16,120,0.006551935215009448,1080,239,1.079703253998029e-05,0.0017117401146060029,0.8732849785088087,0.8324786806366715,0.8183367571555014,0.847134588629431,0.9482876044855892,COMPLETE
1605,0.8348495449860431,2026-06-02 10:54:18.971437,2026-06-02 10:54:58.386422,0 days 00:00:39.414985,0.9287953779469715,0.687572517398325,0.03810325884822478,16,20,0.0030167676251214,1400,255,2.7378054957265204e-05,2.697993656957441e-07,0.8784234823161253,0.8348495449860431,0.8431221086706869,0.8267656513422175,0.9502340309158499,COMPLETE
1606,0.8357425797355785,2026-06-02 10:54:58.397801,2026-06-02 10:55:38.402072,0 days 00:00:40.004271,0.7874171378770627,0.6790273316512448,0.018053250741109195,16,10,0.010193135596695803,1380,255,8.424739536324114e-05,6.524587275797332e-07,0.8778443578298126,0.8357425797355785,0.8353918816508977,0.8361144327550218,0.9506763040823065,COMPLETE
1607,0.8377013692218501,2026-06-02 10:55:38.412668,2026-06-02 10:56:15.297881,0 days 00:00:36.885213,0.9383284304434814,0.6947431553644822,0.017023993990249186,16,10,5.786138292285466e-05,1360,247,0.00015514183218810597,0.00039692160157470287,0.8789605076417099,0.8377013692218501,0.835000166844447,0.8404488042787349,0.9510217516126521,COMPLETE
1608,0.8263121669612755,2026-06-02 10:56:15.309210,2026-06-02 10:56:24.885433,0 days 00:00:09.576223,0.9233355630653198,0.6681510762642482,0.016413896222347974,14,10,0.014693334745663731,320,231,4.126234059004313e-05,0.00014147002252708942,0.8674515117468776,0.8263121669612755,0.8054392874188734,0.8483243975538545,0.9442971862081779,COMPLETE
1609,0.8283249013402472,2026-06-02 10:56:24.896582,2026-06-02 10:56:49.973512,0 days 00:00:25.076930,0.828136484936149,0.6597445497201475,0.01597961639634778,8,10,0.007527596702189157,1320,239,2.7812734796926925e-08,0.004252229304651696,0.8688730136066143,0.8283249013402472,0.8067377807479094,0.8511289999566296,0.9462796027687572,COMPLETE
1610,0.8373161232768019,2026-06-02 10:56:49.993784,2026-06-02 10:57:29.289482,0 days 00:00:39.295698,0.9165718525725274,0.6547985423525199,0.01743305913576521,16,20,0.00448802328514562,1380,247,1.676604230463305e-05,8.824525701120764e-07,0.8785603805098084,0.8373161232768019,0.8338434465421539,0.8408454610232529,0.9507869248296797,COMPLETE
1611,0.8364583653930397,2026-06-02 10:57:29.300987,2026-06-02 10:58:09.040248,0 days 00:00:39.739261,0.9338529820204946,0.6725845122954484,0.015824825518677237,12,10,0.0029351953875648078,1400,255,0.0002145378497530279,0.11478014907204655,0.8776653504966961,0.8364583653930397,0.8312671948379705,0.8417520159295607,0.9502647088471264,COMPLETE
1612,0.8373676224402923,2026-06-02 10:58:09.051355,2026-06-02 10:58:44.492749,0 days 00:00:35.441394,0.9447670370430437,0.6632158273472167,0.016704289325962383,16,10,5.632332156165019e-05,1340,239,7.385870066013264e-05,0.0011867833903113042,0.8785603801771851,0.8373676224402923,0.8336208820422214,0.8411854260349653,0.9508277899614623,COMPLETE
1613,0.8376279210978771,2026-06-02 10:58:44.503847,2026-06-02 10:59:22.453146,0 days 00:00:37.949299,0.9310447626320396,0.6804594333638628,0.015008722188755581,16,10,0.005945099911378289,1360,247,3.342115431599616e-05,4.404781765925316e-07,0.8786446247333094,0.8376279210978771,0.8331406985030497,0.8422052777333215,0.9506505373247616,COMPLETE
1614,0.8370309944920106,2026-06-02 10:59:22.464313,2026-06-02 11:00:02.919259,0 days 00:00:40.454946,0.9405534319140321,0.6856001332092156,0.015531746241369873,16,20,0.010965295299807942,1400,255,0.0006707892631498481,2.0804971206615775e-07,0.8782866057429706,0.8370309944920106,0.833131480019431,0.8409871097007011,0.9506193443724791,COMPLETE
1615,0.8373217352432958,2026-06-02 11:00:02.930299,2026-06-02 11:00:38.881925,0 days 00:00:35.951626,0.9227931179974509,0.6691227419177275,0.016431740953630376,16,10,0.0024679342320757425,1360,231,1.5478759275831275e-08,3.807570542609434e-07,0.8784550795545379,0.8373217352432958,0.8331060363690707,0.8416103191001332,0.9507388009793626,COMPLETE
1616,0.8254946739280217,2026-06-02 11:00:38.893039,2026-06-02 11:00:47.328326,0 days 00:00:08.435287,0.9279565296395444,0.6553845276019257,0.01734067391274647,16,10,0.00792371393526662,260,247,0.00010385493497009092,0.05645559412249308,0.8668934340136291,0.8254946739280217,0.8050663656846498,0.847021217201815,0.9441642518989709,COMPLETE
1617,0.8376447635180533,2026-06-02 11:00:47.339647,2026-06-02 11:01:22.469941,0 days 00:00:35.130294,0.9146480124176123,0.6758344159845379,0.01544326551694959,16,10,2.0444646888703732e-06,1320,239,5.4687715450147904e-05,0.00018412118260301846,0.8786130258317791,0.8376447635180533,0.8328348190885354,0.8425452066310495,0.9507261819490855,COMPLETE
1618,0.8375184448869647,2026-06-02 11:01:22.480475,2026-06-02 11:02:00.994041,0 days 00:00:38.513566,0.9388499643499935,0.6603987484466309,0.015989364611057252,16,10,0.005421407565405981,1380,247,0.0003400102143946196,0.0028179087620299674,0.8786867302138841,0.8375184448869647,0.8338873620547873,0.8412137177303913,0.9509317337320594,COMPLETE
1619,0.8331358704481788,2026-06-02 11:02:01.005222,2026-06-02 11:02:23.348705,0 days 00:00:22.343483,0.9336434317489705,0.6661399227544298,0.01802405444765473,16,10,4.611095823211196e-05,1400,95,0.00017180988995634452,1.6298330553700263e-07,0.8733376301506263,0.8331358704481788,0.816229901703994,0.8507890758740994,0.9482627352610867,COMPLETE
1620,0.8368797666239707,2026-06-02 11:02:23.359950,2026-06-02 11:03:01.264268,0 days 00:00:37.904318,0.9201814909802996,0.6911640982942421,0.016997331363760516,16,10,0.00470001168162122,1340,255,0.0001296991899651389,0.021942718787031516,0.8784234849771133,0.8368797666239707,0.8347163227719662,0.8390890116446558,0.9508150665336271,COMPLETE
1621,0.8375410585523236,2026-06-02 11:03:01.275065,2026-06-02 11:03:38.652053,0 days 00:00:37.376988,0.9499088919130578,0.6834756148016582,0.016456868228161264,16,10,0.008600934453554416,1380,239,5.655408695721998e-05,0.21451853860448758,0.8785393234454154,0.8375410585523236,0.8327726208068711,0.842403572399195,0.9506490729057785,COMPLETE
1622,0.8372053935636493,2026-06-02 11:03:38.662360,2026-06-02 11:04:18.613073,0 days 00:00:39.950713,0.9275961740568047,0.6743712565947618,0.015487186228478807,16,20,0.002646065645101298,1360,255,2.943720197276263e-05,8.363350077802933e-05,0.8783392623741411,0.8372053935636493,0.832790877545532,0.8416953506803438,0.9506015121100635,COMPLETE
1623,0.8376936461783991,2026-06-02 11:04:18.624120,2026-06-02 11:04:56.462182,0 days 00:00:37.838062,0.9449830039613535,0.6651049848841616,0.015922597465558772,16,10,0.013052064977770353,1400,247,7.877645215639537e-05,0.0008477898040242915,0.8788446868024544,0.8376936461783991,0.8342319418174581,0.8412137297683863,0.950655869054588,COMPLETE
1624,0.8310877014572832,2026-06-02 11:04:56.473098,2026-06-02 11:05:11.594199,0 days 00:00:15.121101,0.934491794829695,0.8531809964146253,0.016734793392629878,16,10,0.004900281605458681,500,239,1.2701003341868985e-05,8.055935733199752e-07,0.8717055203931253,0.8310877014572832,0.8137337220922206,0.8492309644981573,0.9476554248458271,COMPLETE
1625,0.8370028075385192,2026-06-02 11:05:11.605540,2026-06-02 11:05:44.989167,0 days 00:00:33.383627,0.9389991742430908,0.6562122201390083,0.015022305953199097,16,10,7.109983928800688e-06,1300,223,2.1942322275367923e-05,0.0005142011065914463,0.8777601229197701,0.8370028075385192,0.8296999190189428,0.8444715987901198,0.9506203832769727,COMPLETE
1626,0.8357068410682157,2026-06-02 11:05:45.000529,2026-06-02 11:06:24.874244,0 days 00:00:39.873715,0.6965949207297137,0.6961860906263725,0.015000578047674037,16,10,0.002822066522364916,1340,247,0.0002635749812950805,3.1890826450110177e-07,0.8773389307405112,0.8357068410682157,0.8321145601560843,0.8393723210375472,0.9501887317435536,COMPLETE
1627,0.8352295306071874,2026-06-02 11:06:24.884786,2026-06-02 11:07:01.229247,0 days 00:00:36.344461,0.753449042942761,0.6775768216637157,0.017533609651423268,10,10,0.007238218235945525,1380,255,4.3463788463777694e-05,4.520045126034999e-07,0.8765176034463863,0.8352295306071874,0.8285356525816013,0.8420635833114928,0.94943299996965,COMPLETE
1628,0.8340429616797603,2026-06-02 11:07:01.240454,2026-06-02 11:07:37.301075,0 days 00:00:36.060621,0.9161594782757614,0.66959884661737,0.04016027828635955,16,10,0.010015630428800257,1400,231,0.0001090452997634148,5.909603248463724e-07,0.8780654709761273,0.8340429616797603,0.8439888811227325,0.8243576960535645,0.950466684684487,COMPLETE
1629,0.833563950422168,2026-06-02 11:07:37.311660,2026-06-02 11:08:04.417856,0 days 00:00:27.106196,0.927726278515648,0.6617218645471764,0.01624013732821863,16,20,0.0029622920056897564,1360,135,0.00018622319397789287,9.270664532418475e-07,0.8741063041398159,0.833563950422168,0.8194205034876001,0.8482394261636177,0.9493559349559898,COMPLETE
1630,0.8369272277679295,2026-06-02 11:08:04.428617,2026-06-02 11:08:43.563216,0 days 00:00:39.134599,0.9221103147870439,0.6501859409098699,0.015899733409137074,16,10,0.005289337787770145,1400,247,7.070012942646124e-05,0.0013526079505177093,0.8783708406530133,0.8369272277679295,0.8341430308173114,0.8397689416680808,0.9509055113942099,COMPLETE
1631,0.8376875962148976,2026-06-02 11:08:43.583149,2026-06-02 11:09:18.649585,0 days 00:00:35.066436,0.9354454392845704,0.6844021378230803,0.016769258265770585,16,10,0.0025884094814202343,1320,239,0.0004443690861308283,0.006882084336622023,0.8788657392101182,0.8376875962148976,0.8343993064736256,0.8410437243903397,0.9507675725945992,COMPLETE
1632,0.8300423716826278,2026-06-02 11:09:18.660061,2026-06-02 11:09:45.062560,0 days 00:00:26.402499,0.7182421066222611,0.6742609023115378,0.01843932623144771,8,10,0.0063145900138874295,1380,255,3.462585528463585e-05,0.0002984543600796608,0.8707683745881093,0.8300423716826278,0.8118630381499412,0.8490893326739016,0.94708752417846,COMPLETE
1633,0.8366571226690255,2026-06-02 11:09:45.073716,2026-06-02 11:10:23.197659,0 days 00:00:38.123943,0.9446424332877763,0.6659147043975517,0.017223571200673454,16,20,0.016017642597049565,1360,247,1.9008993596249746e-05,2.6573097426461015e-07,0.877991764265658,0.8366571226690255,0.8326729731068107,0.8407037786394188,0.950496407169859,COMPLETE
1634,0.8355580373094339,2026-06-02 11:10:23.208220,2026-06-02 11:11:01.970239,0 days 00:00:38.762019,0.6811190343430072,0.6580024431718909,0.015523341057805952,16,10,6.679856612134465e-05,1340,239,0.00014125555259283194,1.2087166937034955e-07,0.8772125767123299,0.8355580373094339,0.8318621730591076,0.8393156509731324,0.9502225013725224,COMPLETE
1635,0.8362257737633144,2026-06-02 11:11:01.981072,2026-06-02 11:11:40.363968,0 days 00:00:38.382896,0.9284550362239525,0.6911678918723665,0.016263581788789894,14,10,0.09176098647063285,1400,247,5.439498523487944e-05,0.002111401594936753,0.8778127635850117,0.8362257737633144,0.8331999789686476,0.8393156509731327,0.9504500979473375,COMPLETE
1636,0.837163555945276,2026-06-02 11:11:40.374204,2026-06-02 11:12:18.447435,0 days 00:00:38.073231,0.9151074494018766,0.65001659303166,0.0178348560323175,16,10,0.03620164518972177,1360,255,9.268951808616729e-05,5.898852844352093e-07,0.8788130872356771,0.837163555945276,0.836205695238971,0.8381541168909424,0.9507940251681481,COMPLETE
1637,0.8368298873163079,2026-06-02 11:12:18.458459,2026-06-02 11:12:54.627097,0 days 00:00:36.168638,0.941146804030444,0.6710399488499187,0.015885290356963733,16,10,0.1327510019058087,1380,231,0.00021252426394348438,2.916228025719002e-07,0.8779601803321859,0.8368298873163079,0.8317445452008659,0.842006915654677,0.950416266712886,COMPLETE
1638,0.8359730260361089,2026-06-02 11:12:54.638095,2026-06-02 11:13:33.933633,0 days 00:00:39.295538,0.9238790090788045,0.8345717681801217,0.016717281602996764,12,10,0.009358096672671113,1400,255,1.1194295252025672e-05,0.004014897657041737,0.8776337605760008,0.8359730260361089,0.833026031688675,0.8389757196678055,0.9503432770952522,COMPLETE
