number,value,datetime_start,datetime_complete,duration,params_bagging_fraction,params_feature_fraction,params_learning_rate,params_max_depth,params_min_child_samples,params_min_split_gain,params_n_estimators,params_num_leaves,params_reg_alpha,params_reg_lambda,user_attrs_accuracy,user_attrs_f1,user_attrs_precision,user_attrs_recall,user_attrs_roc_auc,state
506,0.8346075113383139,2026-06-02 00:07:33.891269,2026-06-02 00:08:05.008074,0 days 00:00:31.116805,0.8802347169739622,0.9033958859779648,0.018384027875455896,10,10,0.00015307580395024743,1280,223,3.276959043820646e-05,4.234956602902441e-08,0.8757173594939123,0.8346075113383139,0.8257004838210968,0.843735080560645,0.9495039324184041,COMPLETE
507,0.8306051763707473,2026-06-02 00:08:05.017626,2026-06-02 00:08:29.553149,0 days 00:00:24.535523,0.8864757177719089,0.911636267035055,0.017878176265075672,8,10,0.004544392691942642,1340,239,1.9020877618191876e-07,2.215302680737089e-08,0.8711263842649896,0.8306051763707473,0.8119987134640293,0.8501091819646588,0.9472521339616375,COMPLETE
508,0.8340445733078576,2026-06-02 00:08:29.562742,2026-06-02 00:08:56.871765,0 days 00:00:27.309023,0.9023812928912768,0.8882950052989361,0.020767680212933706,16,60,0.0068192253767702556,1300,135,1.0542911904572912e-07,1.0011797249538734e-08,0.8748539047660605,0.8340445733078576,0.822333746814852,0.8461146767411009,0.9492353658073087,COMPLETE
509,0.8335799788767524,2026-06-02 00:08:56.881855,2026-06-02 00:09:38.773800,0 days 00:00:41.891945,0.8795271731009103,0.8964737618038346,0.017019718313380387,16,120,0.0025124300772891668,1400,223,2.244912667762817e-07,1.6105252297180545e-08,0.8749591894227787,0.8335799788767524,0.8248241720979733,0.8425451584790702,0.948705587027924,COMPLETE
510,0.8367664122112974,2026-06-02 00:09:38.783418,2026-06-02 00:10:14.409768,0 days 00:00:35.626350,0.894762211916852,0.9148068865699263,0.015796520615263678,16,10,0.008096291871222131,1340,231,1.4046964157649336e-07,4.418090661974341e-08,0.8781391856695614,0.8367664122112974,0.833238096722282,0.8403638401112951,0.95066282607059,COMPLETE
511,0.8305932618489743,2026-06-02 00:10:14.419530,2026-06-02 00:10:48.994956,0 days 00:00:34.575426,0.8894046382796924,0.906398599232201,0.07540367572521854,16,10,0.003070106115874674,1280,231,1.5204878325094032e-05,2.5201855917974415e-08,0.8762017002479512,0.8305932618489743,0.845206952020499,0.8165104137346626,0.9488306675604791,COMPLETE
512,0.8367764998623173,2026-06-02 00:10:49.004645,2026-06-02 00:11:24.340462,0 days 00:00:35.335817,0.875358860069522,0.901486764062206,0.019697039426225058,16,10,0.0049129595238573765,1320,239,1.4677200443022262e-06,3.4426037103043333e-08,0.8787499140467568,0.8367764998623173,0.8373671182405209,0.83622779936744,0.9507826888776693,COMPLETE
513,0.8367824586876377,2026-06-02 00:11:24.349295,2026-06-02 00:11:59.044410,0 days 00:00:34.695115,0.8829943253836653,0.8922655228737084,0.018897045582966607,16,10,0.007701904723349313,1360,223,5.105099274936357e-07,1.640024406173613e-08,0.8784866658163745,0.8367824586876377,0.8355089165943209,0.8380974709025173,0.9507858059183364,COMPLETE
514,0.836565347187395,2026-06-02 00:11:59.054097,2026-06-02 00:12:35.098829,0 days 00:00:36.044732,0.8961395574730143,0.9095310656911884,0.020123200147187704,12,10,5.930488484718146e-05,1380,231,3.096929487261177e-07,2.1680957281957608e-08,0.8783813701830803,0.836565347187395,0.8356910589058182,0.837474213351106,0.9504769530587232,COMPLETE
515,0.8363973539969244,2026-06-02 00:12:35.108545,2026-06-02 00:13:07.625598,0 days 00:00:32.517053,0.9026622869208887,0.9154198443376756,0.017938050998382783,16,10,0.01619420609540097,1280,223,2.2149534778717593e-08,8.025386902318808e-08,0.8778970071432656,0.8363973539969244,0.8330625252273117,0.839797276700288,0.9505936872813697,COMPLETE
516,0.8358715789581069,2026-06-02 00:13:07.635090,2026-06-02 00:13:41.081245,0 days 00:00:33.446155,0.8884107667314974,0.9045794633020644,0.01907856681337148,16,10,0.009774629587339694,1320,223,0.003203162684940962,1.45992796467017e-08,0.8777179974817845,0.8358715789581069,0.8340073320336318,0.837785860183804,0.950676842310315,COMPLETE
517,0.8371728764965439,2026-06-02 00:13:41.091257,2026-06-02 00:14:15.574803,0 days 00:00:34.483546,0.8816194708087151,0.7136945048243639,0.020772851668793883,16,10,0.005331238356350277,1300,231,9.902468157650433e-08,4.8589700752236716e-08,0.8788762674096912,0.8371728764965439,0.836618748062492,0.8377575299667944,0.9509282978886123,COMPLETE
518,0.8327833583632138,2026-06-02 00:14:15.584170,2026-06-02 00:14:43.631219,0 days 00:00:28.047049,0.87419195547445,0.899470511327378,0.018738576731602157,16,80,0.0022072106590792463,1360,119,1.0877181735801742e-05,2.803321255305915e-08,0.8735798063485573,0.8327833583632138,0.8190383477443209,0.8470212244246119,0.9485494527260315,COMPLETE
519,0.8357144291133093,2026-06-02 00:14:43.640210,2026-06-02 00:15:24.846453,0 days 00:00:41.206243,0.8926027194923112,0.9104990160512306,0.017115986325904907,16,10,0.01266088435084808,1400,223,0.003355243934375811,1.5281278195916185e-08,0.8774652827729513,0.8357144291133093,0.8329026586038024,0.8385791207056625,0.9506834087522741,COMPLETE
520,0.8357887664843178,2026-06-02 00:15:24.855292,2026-06-02 00:16:01.194110,0 days 00:00:36.338818,0.8990742774818385,0.9144535929178822,0.019565926184579387,16,10,0.00625621326496735,1340,239,8.443172299115478e-05,3.618572426127064e-08,0.877949645812766,0.8357887664843178,0.835933006590765,0.8356894939454736,0.950834173465482,COMPLETE
521,0.8347204269671522,2026-06-02 00:16:01.203792,2026-06-02 00:16:37.073348,0 days 00:00:35.869556,0.8856619594333872,0.9081238267548063,0.01792991601314439,16,50,0.002679340888281977,1280,215,1.1150450367555888e-06,2.2437895096642626e-08,0.8761385277242778,0.8347204269671522,0.8280532662733657,0.8415253308567037,0.9498637041241343,COMPLETE
522,0.8360362394526358,2026-06-02 00:16:37.092655,2026-06-02 00:17:11.109471,0 days 00:00:34.016816,0.9053324532113964,0.8939762803579954,0.01650054130784464,16,10,0.009354639940049717,1300,231,0.0024346831619676142,7.56031139487039e-08,0.8775179304232869,0.8360362394526358,0.8319836342439154,0.8401655261846298,0.9505233619131127,COMPLETE
523,0.8335011806076996,2026-06-02 00:17:11.119138,2026-06-02 00:17:46.751159,0 days 00:00:35.632021,0.8369475703201681,0.9166213087027576,0.051844995252037895,16,10,0.0001850709989119981,1340,223,3.213585272675246e-05,1.4158482302024794e-08,0.8777601039602297,0.8335011806076996,0.844103579465518,0.8231961523409784,0.9498379040043368,COMPLETE
524,0.8343611186909339,2026-06-02 00:17:46.759656,2026-06-02 00:18:18.681652,0 days 00:00:31.921996,0.8773569990181014,0.9022932454759091,0.01849997313786681,10,10,0.006233896983856582,1320,215,0.0037956640996189457,5.066111902076421e-08,0.8756962857983432,0.8343611186909339,0.8265553347342318,0.8423468830739885,0.9495001784890099,COMPLETE
525,0.8361081852857297,2026-06-02 00:18:18.692115,2026-06-02 00:18:54.539705,0 days 00:00:35.847590,0.8932943930207861,0.8819130018268656,0.020040058501982996,16,10,0.011164278103650397,1380,231,2.2748733461224203e-05,3.0595055309399e-08,0.8781602490538013,0.8361081852857297,0.8360512295469502,0.8361994547048367,0.950716777059189,COMPLETE
526,0.8358916968512199,2026-06-02 00:18:54.548876,2026-06-02 00:19:29.363827,0 days 00:00:34.814951,0.7231997345918125,0.9069616364572501,0.019313439274811238,16,10,0.003115775736968975,1280,223,4.3201662725215345e-06,2.1366926984243088e-08,0.8778443641496595,0.8358916968512199,0.8348003707564651,0.8370209996993246,0.9502601696448928,COMPLETE
527,0.829488091681608,2026-06-02 00:19:29.373613,2026-06-02 00:19:53.069088,0 days 00:00:23.695475,0.8833786787394231,0.8961033612503677,0.017555546115380728,8,10,0.008113374331368751,1300,215,0.0013793895413076714,1.0064172498276682e-08,0.8700102271353748,0.829488091681608,0.8093286708619312,0.8507040587394824,0.9468882055996027,COMPLETE
528,0.8363891052946366,2026-06-02 00:19:53.078668,2026-06-02 00:20:27.514311,0 days 00:00:34.435643,0.899621286536315,0.9150203147694684,0.018639108106074425,16,10,0.015821589385074088,1360,223,0.0022801991194932986,9.769945055479751e-08,0.8781707765881271,0.8363891052946366,0.8349533670046911,0.8378708604652282,0.9506306987174084,COMPLETE
529,0.8372479507662408,2026-06-02 00:20:27.524220,2026-06-02 00:20:58.718468,0 days 00:00:31.194248,0.889900591049122,0.9013627977132148,0.0205755598429504,16,10,0.0051712640169379424,1260,215,0.0011244342015782926,5.518398714776378e-08,0.8787920348280133,0.8372479507662408,0.8356839847443851,0.8388624084301636,0.9508043530529289,COMPLETE
530,0.8310538876459729,2026-06-02 00:20:58.728364,2026-06-02 00:21:30.785969,0 days 00:00:32.057605,0.87242239658924,0.9238486417401213,0.06129641523844057,12,10,7.012213604243908e-05,1260,215,0.0012014248857701352,1.4823278796511481e-08,0.8759279357924424,0.8310538876459729,0.8413537628817593,0.8210431569674159,0.949249687901676,COMPLETE
531,0.8337256531193993,2026-06-02 00:21:30.803435,2026-06-02 00:21:53.067533,0 days 00:00:22.264098,0.7984019798855506,0.8878098279250767,0.020229709043437516,16,10,0.0036608721552400005,1260,111,0.000553143636207907,3.876202706386276e-08,0.8744221966942987,0.8337256531193993,0.820798115205927,0.8471062463744268,0.949113115876993,COMPLETE
532,0.8362862933588945,2026-06-02 00:21:53.077240,2026-06-02 00:22:24.772219,0 days 00:00:31.694979,0.8871542292456575,0.9109266390597531,0.020779399519212743,16,10,0.012749510467245255,1280,215,0.0017872559852384336,2.3097869534131844e-08,0.8781181306009094,0.8362862933588945,0.8350615277518215,0.8375592473389157,0.9506891798748424,COMPLETE
533,0.8366585113738764,2026-06-02 00:22:24.781747,2026-06-02 00:22:56.073222,0 days 00:00:31.291475,0.8824918512798491,0.9175996420986581,0.020762682694281883,16,10,0.007575549493463158,1260,215,0.0010701921659471254,1.0221966310033138e-08,0.8783392457429651,0.8366585113738764,0.8350493886344125,0.8383241415297805,0.9507601334069733,COMPLETE
534,0.8364894121142391,2026-06-02 00:22:56.083160,2026-06-02 00:23:28.203818,0 days 00:00:32.120658,0.8897740807481631,0.9054661886832056,0.019706990817650694,16,10,0.003417758342542251,1300,215,0.0003782117332086259,1.9969953419536664e-08,0.8781181262768035,0.8364894121142391,0.8341942817421192,0.8388340372839717,0.9507517380366374,COMPLETE
535,0.8367529802412013,2026-06-02 00:23:28.222771,2026-06-02 00:24:00.697505,0 days 00:00:32.474734,0.8780183509993593,0.8993785707248216,0.020928853204458944,16,10,0.009505462212815436,1280,223,0.002553258554965107,3.5543273241454835e-08,0.8786024886513711,0.8367529802412013,0.8364790998829136,0.8370776216117601,0.9508700227248129,COMPLETE
536,0.8369562879067112,2026-06-02 00:24:00.715974,2026-06-02 00:24:33.989555,0 days 00:00:33.273581,0.8734378759500039,0.9104072492160976,0.019636941418957835,16,10,0.005775913336144557,1320,215,0.0015948290433541632,1.4172331929801752e-08,0.8786025029541825,0.8369562879067112,0.8355928669491416,0.8383525054531754,0.9507661585949023,COMPLETE
537,0.8343084995167538,2026-06-02 00:24:33.999225,2026-06-02 00:25:11.299521,0 days 00:00:37.300296,0.8899955489005662,0.8940168751710182,0.0201210041203945,16,10,0.0027453697167850837,1260,223,0.0006336995994518643,3.6154748880605454,0.8757173488499596,0.8343084995167538,0.8268872107987914,0.8418936597918112,0.9495147236868214,COMPLETE
538,0.8332983222107829,2026-06-02 00:25:11.309508,2026-06-02 00:25:44.822786,0 days 00:00:33.513278,0.8170623308538812,0.9225381266460274,0.04816745521487856,16,10,0.012388764600416494,1300,215,0.003785044018915149,5.105384405566142e-08,0.8774547399379437,0.8332983222107829,0.8428493360519499,0.8240177310418519,0.94961119616351,COMPLETE
539,0.8367805795323028,2026-06-02 00:25:44.832248,2026-06-02 00:26:16.889030,0 days 00:00:32.056782,0.9020432525178039,0.9161952741190847,0.019058831274037836,16,10,0.008083537080429621,1260,223,0.001051001029622639,8.476892022421258e-08,0.8783497832559966,0.8367805795323028,0.8346063747519826,0.8390040691456067,0.9506608430892882,COMPLETE
540,0.8363764099329613,2026-06-02 00:26:16.898586,2026-06-02 00:26:50.088522,0 days 00:00:33.189936,0.8808881141295379,0.9056266305803194,0.01601598616849045,16,10,0.004741199924887459,1320,215,0.00219879091031839,2.8436040720759906e-08,0.8776021679943176,0.8363764099329613,0.8311829146897841,0.8416670012025427,0.9503767519001105,COMPLETE
541,0.8267846135692686,2026-06-02 00:26:50.098107,2026-06-02 00:26:58.869856,0 days 00:00:08.771749,0.8951070601424859,0.8993392175421325,0.0192637886244815,16,10,0.016156032580288155,280,223,0.00014161558781558185,1.4870881158409082e-08,0.867746347902214,0.8267846135692686,0.8055106876386454,0.8492310054273395,0.9448824282169116,COMPLETE
542,0.8370239588657192,2026-06-02 00:26:58.879897,2026-06-02 00:27:31.988853,0 days 00:00:33.108956,0.8864390231705815,0.9119863185122271,0.020393717919940664,16,10,0.002041441897036596,1340,215,0.0005923640271731406,2.2491927558775824e-08,0.8786551539307531,0.8370239588657192,0.8356704448453832,0.8384091394036058,0.950775972702664,COMPLETE
543,0.8345547887995891,2026-06-02 00:27:31.997700,2026-06-02 00:28:02.589149,0 days 00:00:30.591449,0.906081079138888,0.8902896579471253,0.021026179294299435,10,10,0.010045251728559183,1280,215,0.0015677668858480758,5.6935561506255264e-08,0.8759384779622031,0.8345547887995891,0.827345406488278,0.8419220164924092,0.9496308008858785,COMPLETE
544,0.837759862893816,2026-06-02 00:28:02.599165,2026-06-02 00:28:35.257444,0 days 00:00:32.658279,0.87675949375479,0.6620692403039383,0.01869487592362841,16,10,0.0056796057679238945,1300,223,0.0008849650426344185,3.756667589458749e-08,0.8789605212792742,0.837759862893816,0.8347525427025241,0.8408171332138422,0.9507759646596615,COMPLETE
545,0.8374546945833755,2026-06-02 00:28:35.266509,2026-06-02 00:29:07.842328,0 days 00:00:32.575819,0.8973141297320157,0.7201028222710217,0.017293392092123154,16,10,0.011806876964735036,1280,231,0.0007977798449037931,9.096013830505002e-08,0.8785077351878376,0.8374546945833755,0.8329151176103521,0.8420636097950814,0.9506495366259222,COMPLETE
546,0.8246541494137313,2026-06-02 00:29:07.852411,2026-06-02 00:29:30.613411,0 days 00:00:22.761000,0.8976891236740159,0.6701166503592856,0.016841047134752832,8,10,0.1449897395249058,1300,231,3.0733598059597314,7.60595592789195e-08,0.8655456122544806,0.8246541494137313,0.8001986610384053,0.8506757863048481,0.9442924177788582,COMPLETE
547,0.8331004677367592,2026-06-02 00:29:30.622331,2026-06-02 00:30:08.319171,0 days 00:00:37.696840,0.9019848984001676,0.6893264743454814,0.017626345197815398,16,100,0.013562831466076968,1280,231,0.000342807896629937,8.910955839307365e-08,0.8744642951897793,0.8331004677367592,0.8234751914880197,0.8429701285874049,0.9489515520940935,COMPLETE
548,0.8371283744644232,2026-06-02 00:30:08.329241,2026-06-02 00:30:43.560448,0 days 00:00:35.231207,0.8695620367859332,0.6941880445277953,0.016442790405785293,16,10,0.014644816041920583,1320,239,0.0006101861972796995,1.415898106735954e-07,0.8784024319042025,0.8371283744644232,0.833553465999131,0.8407604631494275,0.9506750995452933,COMPLETE
549,0.8377063674713616,2026-06-02 00:30:43.570300,2026-06-02 00:31:17.059258,0 days 00:00:33.488958,0.8949962753905923,0.660200183983969,0.017234884276314852,16,10,0.010191638205116477,1300,231,0.00022678610232131012,3.8255311197458326e-08,0.8788130872356771,0.8377063674713616,0.8339477708115216,0.841525309188313,0.9507140994881279,COMPLETE
550,0.8373269842897635,2026-06-02 00:31:17.068069,2026-06-02 00:31:50.436226,0 days 00:00:33.368157,0.9064068698085619,0.6622587792097547,0.017117308126837885,16,10,0.01120897187202239,1280,239,0.00020673946574436178,4.019569925113595e-08,0.8784971986726767,0.8373269842897635,0.8333682898640943,0.8413553640002407,0.9508900364516428,COMPLETE
551,0.8292135844774173,2026-06-02 00:31:50.445769,2026-06-02 00:32:02.379855,0 days 00:00:11.934086,0.8974515941201874,0.6600941884808993,0.01585568961262335,16,10,0.01041959558717676,380,247,9.85812660982814e-05,3.847034951647315e-08,0.8699786495217499,0.8292135844774173,0.8101128884527116,0.8492592995303646,0.9461750299372168,COMPLETE
552,0.8371343820154157,2026-06-02 00:32:02.388721,2026-06-02 00:32:36.345126,0 days 00:00:33.956405,0.9079876506091148,0.650047594961689,0.016842092424030872,16,10,0.012134108965554773,1300,239,5.730968599998035e-05,4.1584807186141684e-08,0.8782971412602611,0.8371343820154157,0.8327865076452029,0.8415536971876976,0.9507182790783558,COMPLETE
553,0.8369980990816837,2026-06-02 00:32:36.354627,2026-06-02 00:33:09.868924,0 days 00:00:33.514297,0.9080818646284923,0.6766749087062891,0.01534578059683677,16,10,0.016154470473687205,1280,239,0.000152586499469817,3.2860819769327075e-08,0.8779391269266515,0.8369980990816837,0.8309202966435171,0.8431968040298661,0.950501754459868,COMPLETE
554,0.8368475946067185,2026-06-02 00:33:09.887523,2026-06-02 00:33:43.505958,0 days 00:00:33.618435,0.8950579773716274,0.6552641432063044,0.016997186273779556,16,10,0.009432402822046637,1280,239,0.00024919806955642866,5.7517628536620624e-08,0.8781286581352353,0.8368475946067185,0.8328152142714614,0.8409587746684938,0.9507604479447077,COMPLETE
555,0.8371742546514974,2026-06-02 00:33:43.514933,2026-06-02 00:34:16.583768,0 days 00:00:33.068835,0.8918948629582522,0.6834780947664658,0.01730704584818978,16,10,0.012589436460924716,1260,239,0.00022843661193199915,4.288800959472022e-08,0.8783392590479058,0.8371742546514974,0.8329106125994827,0.841525379008683,0.9506535887130255,COMPLETE
556,0.8370146663000432,2026-06-02 00:34:16.592722,2026-06-02 00:34:51.071280,0 days 00:00:34.478558,0.8809808501765456,0.6604664929697871,0.01794700265933514,16,10,0.00846613144364754,1340,231,0.00016540678065770322,3.0654965162169213e-08,0.8783497759382793,0.8370146663000432,0.833660056907489,0.8404488428003182,0.9507913002747547,COMPLETE
557,0.8368515537828068,2026-06-02 00:34:51.081184,2026-06-02 00:35:24.470440,0 days 00:00:33.389256,0.9024767828971499,0.665660377612306,0.015999343580523063,16,10,0.011564265554857914,1300,231,0.0003932693636701468,2.8931776209624894e-08,0.8779496614460713,0.8368515537828068,0.8315879462209259,0.8422052608801286,0.9505094425507398,COMPLETE
558,0.8357938432362783,2026-06-02 00:35:24.479110,2026-06-02 00:36:01.058509,0 days 00:00:36.579399,0.8907114538776894,0.6545806010258778,0.016628252045724292,12,10,0.007426200150371577,1340,247,0.00011774615880189361,6.574532671293935e-08,0.877265220371183,0.8357938432362783,0.8312741791725293,0.8403921558827108,0.9503369683430044,COMPLETE
559,0.8365405764611843,2026-06-02 00:36:01.067865,2026-06-02 00:36:34.527422,0 days 00:00:33.459557,0.898431274490628,0.658723903566834,0.01726434405871154,16,10,0.01664956216726145,1300,231,0.0008596671262021541,2.452922597747664e-08,0.8778970024865363,0.8365405764611843,0.8324986602512595,0.8406471182054,0.9506774581339427,COMPLETE
560,0.8367272716160539,2026-06-02 00:36:34.536994,2026-06-02 00:37:07.150215,0 days 00:00:32.613221,0.9079734705003709,0.6660021150219979,0.01801515936798446,16,10,0.008972941513827928,1260,239,0.002770655188812009,4.8423028491491415e-08,0.8782023618520932,0.8367272716160539,0.8338301913939056,0.8396839149030679,0.9507551659879048,COMPLETE
561,0.8366483219501558,2026-06-02 00:37:07.160367,2026-06-02 00:37:41.212175,0 days 00:00:34.051808,0.8773371319530386,0.6754984386051729,0.016211356786743947,16,10,0.04864181505993842,1320,231,4.271489667577825e-05,3.762674380876917e-08,0.8779496554588482,0.8366483219501558,0.8324066508352286,0.8409587505925041,0.9505202758272199,COMPLETE
562,0.830276311223527,2026-06-02 00:37:41.221178,2026-06-02 00:38:00.417888,0 days 00:00:19.196710,0.8813865157917601,0.6674988610371775,0.01845205881291312,16,10,0.013850960724813503,1280,79,0.004105481306146267,9.59860836284065e-08,0.8707367933156255,0.830276311223527,0.8108397268302051,0.8507040948534668,0.9472723727126651,COMPLETE
563,0.8371144788704651,2026-06-02 00:38:00.427862,2026-06-02 00:38:35.060945,0 days 00:00:34.633083,0.8866276030914715,0.7280776685348571,0.017434072955344996,16,10,0.005666856983150603,1360,231,0.0004286284717962694,2.1296992958893822e-08,0.8785393231127919,0.8371144788704651,0.8345352404041048,0.8397405921902795,0.95084410776315,COMPLETE
564,0.8365662310226849,2026-06-02 00:38:35.078772,2026-06-02 00:39:08.478595,0 days 00:00:33.399823,0.870524974055811,0.6646500130024265,0.018372724131264742,16,10,0.011214157939360436,1300,231,0.0007911831717233324,3.0184788066100804e-08,0.8780233628345645,0.8365662310226849,0.8332579153874254,0.8399389037093458,0.9507820534713892,COMPLETE
565,0.8373031703392996,2026-06-02 00:39:08.487149,2026-06-02 00:39:43.294281,0 days 00:00:34.807132,0.8941403960575404,0.6733656838266957,0.016868242438162914,16,10,0.00011568246474686059,1340,239,7.70647479069642e-05,7.224860315415889e-08,0.8786130261644027,0.8373031703392996,0.8342565554323,0.8403921414371168,0.9509820333321025,COMPLETE
566,0.8377609752835676,2026-06-02 00:39:43.303635,2026-06-02 00:40:18.875954,0 days 00:00:35.572319,0.8965829086394521,0.6732100609400953,0.016490802983896883,16,10,0.00026642714675284443,1360,239,0.00019236583931306935,8.286556132849268e-08,0.8788762677423146,0.8377609752835676,0.8341706140464132,0.8414120244342597,0.9509056750185815,COMPLETE
567,0.8379663679060753,2026-06-02 00:40:18.885475,2026-06-02 00:40:56.624801,0 days 00:00:37.739326,0.9019752929361174,0.6605647224449199,0.016180569138250497,16,10,0.0028686613881262796,1400,247,0.0002326391051207751,8.813952102352306e-08,0.8791711068912629,0.8379663679060753,0.835334189000442,0.8406471374661918,0.9509370490462731,COMPLETE
568,0.8372769550677347,2026-06-02 00:40:56.643469,2026-06-02 00:41:34.576460,0 days 00:00:37.932991,0.8988154202642795,0.6585174396804759,0.016455015752281456,16,10,0.002406107429144261,1400,247,0.00020845376873902395,1.0207513415882366e-07,0.8786656788040909,0.8372769550677347,0.8347276822723823,0.8398822504981238,0.9509787886150942,COMPLETE
