number,value,datetime_start,datetime_complete,duration,params_bagging_fraction,params_feature_fraction,params_learning_rate,params_max_depth,params_min_child_samples,params_min_split_gain,params_n_estimators,params_num_leaves,params_reg_alpha,params_reg_lambda,user_attrs_accuracy,user_attrs_f1,user_attrs_precision,user_attrs_recall,user_attrs_roc_auc,state
758,0.8359736625609355,2026-06-02 02:37:40.361802,2026-06-02 02:38:16.019798,0 days 00:00:35.657996,0.9311411487820211,0.6761736097991436,0.015028120723809092,12,10,0.002622717333086775,1340,247,0.0001180731649218369,9.355023818271391e-07,0.8770651592999087,0.8359736625609355,0.8291978027348815,0.8428851644199651,0.950084820323509,COMPLETE
759,0.8382232739859821,2026-06-02 02:38:16.029874,2026-06-02 02:38:53.643290,0 days 00:00:37.613416,0.9087173891538046,0.6656194779414055,0.015520545307410363,16,10,0.00010067576632348632,1380,255,4.1434342328213956e-05,2.334076248626442e-07,0.8792132243462841,0.8382232739859821,0.8345838942062311,0.8419219683404299,0.9510044520417357,COMPLETE
760,0.8366656328343467,2026-06-02 02:38:53.653343,2026-06-02 02:39:30.852909,0 days 00:00:37.199566,0.9136426999896303,0.6706882217052526,0.017245207832248696,16,20,0.004915451283614734,1320,255,2.79800504167542e-05,2.6661397695549043e-07,0.8781391909915376,0.8366656328343467,0.8336401006279651,0.8397405681142901,0.9506700441595307,COMPLETE
761,0.8369915533074971,2026-06-02 02:39:30.863241,2026-06-02 02:40:08.115450,0 days 00:00:37.252209,0.9235726273971702,0.6649291792843243,0.016163900446162022,16,10,0.002523766267071953,1360,255,3.707945496409471e-05,3.906884819591028e-07,0.8784761406104131,0.8369915533074971,0.834613176945629,0.8394289622107746,0.9509533945389803,COMPLETE
762,0.8370686262645549,2026-06-02 02:40:08.124809,2026-06-02 02:40:44.924570,0 days 00:00:36.799761,0.9093737242157697,0.6555506381146757,0.015489049796202926,16,10,0.006801768263950647,1340,255,4.631788574885316e-05,2.3723711948097922e-07,0.8783813758376801,0.8370686262645549,0.8336288511840296,0.8405621636683561,0.9507502366826165,COMPLETE
763,0.8361322619805621,2026-06-02 02:40:44.933390,2026-06-02 02:41:25.379525,0 days 00:00:40.446135,0.6587404378955705,0.6787132105543839,0.016621805347624925,16,10,0.00017877780221751786,1380,255,5.6582446581376196e-05,1.631294886128066e-06,0.8780128243236626,0.8361322619805621,0.8349644408060981,0.837332540597668,0.9504884960674165,COMPLETE
764,0.8352189960076633,2026-06-02 02:41:25.389736,2026-06-02 02:41:52.448717,0 days 00:00:27.058981,0.9178897040479284,0.6685812737375656,0.015982543206321198,16,10,0.002490614302408433,1360,151,6.688338175920697e-05,4.964032998052856e-07,0.8756541759936628,0.8352189960076633,0.8229501101234419,0.8478994707823011,0.9497184415843547,COMPLETE
765,0.8286675538261902,2026-06-02 02:41:52.505425,2026-06-02 02:42:06.519362,0 days 00:00:14.013937,0.7807743256575458,0.6586338061228257,0.01731423798684845,16,10,0.005535030468869854,580,159,2.7549372291359826e-05,7.014037604294139e-07,0.8694205787735951,0.8286675538261902,0.8087432321008245,0.8496276019818835,0.9467539442386722,COMPLETE
766,0.8357434497427544,2026-06-02 02:42:06.529409,2026-06-02 02:42:45.755162,0 days 00:00:39.225753,0.744545589968352,0.6553521702561677,0.01599231870166167,16,20,0.00024828778970454766,1320,255,2.0612139530252378e-05,0.0017467592744661216,0.8773810415430621,0.8357434497427544,0.8322341011615797,0.8393156437503356,0.9502530143254102,COMPLETE
767,0.837155411925807,2026-06-02 02:42:45.765092,2026-06-02 02:43:22.443957,0 days 00:00:36.678865,0.9089041843339258,0.6643605996231177,0.01502968024748726,16,10,9.028586618918191e-06,1380,247,4.916794228807842e-05,3.4299468991815385e-07,0.8783392480713297,0.837155411925807,0.8329957794725958,0.8413836918096512,0.9507920130357733,COMPLETE
768,0.8376015678314898,2026-06-02 02:43:22.454296,2026-06-02 02:43:59.104687,0 days 00:00:36.650391,0.9183164983636496,0.6731505257382369,0.016693637039930594,16,10,5.946854426187528e-05,1360,255,8.47782886360183e-05,1.0404510158245276e-06,0.8789394479163288,0.8376015678314898,0.8352532188653509,0.8399955785889586,0.9509811047545905,COMPLETE
769,0.8336869612711683,2026-06-02 02:43:59.114254,2026-06-02 02:44:38.635931,0 days 00:00:39.521677,0.9251319843323083,0.6607496043649002,0.015480708795750647,16,120,0.04584625802284572,1320,247,3.4013292986156794e-05,3.0113624331810453e-06,0.8744748330354345,0.8336869612711683,0.8212866292211277,0.8464829767850208,0.9486875069344852,COMPLETE
770,0.8377175777995954,2026-06-02 02:44:38.645378,2026-06-02 02:45:16.807402,0 days 00:00:38.162024,0.9044733835858686,0.6502124886179657,0.016041017949752233,16,10,0.007767800883744714,1380,255,0.0001054188760284635,5.622160953573126e-07,0.8789394455879642,0.8377175777995954,0.8347832386564883,0.8407037930850128,0.950854422963794,COMPLETE
771,0.8371609340104337,2026-06-02 02:45:16.817754,2026-06-02 02:45:51.757342,0 days 00:00:34.939588,0.9140430166905247,0.6668824339158961,0.016746176406644334,16,10,0.00451313135008578,1340,239,0.00015531065467936164,3.7055041165660533e-07,0.8783813651937274,0.8371609340104337,0.8332611192837107,0.8411287174489671,0.9507367480353409,COMPLETE
772,0.8380642812770223,2026-06-02 02:45:51.766771,2026-06-02 02:46:30.084191,0 days 00:00:38.317420,0.9085309421656823,0.6503172880773306,0.01547963450720331,16,10,0.009481834805308054,1380,255,6.961392005516431e-05,0.000389979688154334,0.8791921656187736,0.8380642812770223,0.8350793022342177,0.841100430568739,0.9508424982867529,COMPLETE
773,0.8374793315761337,2026-06-02 02:46:30.094695,2026-06-02 02:47:08.203789,0 days 00:00:38.109094,0.904387235965187,0.7992619576224447,0.015408576658529044,16,10,0.011551711668135328,1400,247,6.252560400805615e-05,2.132865736105142e-07,0.8787183331068965,0.8374793315761337,0.834252107486722,0.8407604800026203,0.9508735732174206,COMPLETE
774,0.8367135106228579,2026-06-02 02:47:08.212827,2026-06-02 02:47:44.767683,0 days 00:00:36.554856,0.9066317587484206,0.6838099071495266,0.015413834195741593,16,10,0.008948083598308443,1360,247,4.4547759852321653e-05,0.0004949296835755949,0.878033895690867,0.8367135106228579,0.8327028275826045,0.8407887861436402,0.9506646977149051,COMPLETE
775,0.8348319825683553,2026-06-02 02:47:44.777199,2026-06-02 02:48:18.173051,0 days 00:00:33.395852,0.9011175324877364,0.8307000071065394,0.015417093232995636,10,10,0.010442566998989761,1340,255,7.31007410982678e-05,0.0003455706462444357,0.875590989499802,0.8348319825683553,0.8240293878860526,0.8459447604442162,0.9492643768124468,COMPLETE
776,0.8362598888273328,2026-06-02 02:48:18.183423,2026-06-02 02:48:56.697066,0 days 00:00:38.513643,0.9071304789727971,0.6502039111317515,0.015025679208406228,16,20,0.002781467730245379,1400,239,1.953612479620053e-05,2.2177129439329914e-07,0.8774547572343666,0.8362598888273328,0.8306605107954379,0.8419502648510541,0.9505585614713925,COMPLETE
777,0.8377461515674138,2026-06-02 02:48:56.707515,2026-06-02 02:49:32.170401,0 days 00:00:35.462886,0.9111556036918326,0.6552359760182873,0.016026110118748202,16,10,0.006805486587467248,1320,247,3.420753377805395e-05,0.0001746783613319139,0.8787393815230781,0.8377461515674138,0.8333114791584809,0.842261897238158,0.950707752506743,COMPLETE
778,0.8369851290153351,2026-06-02 02:49:32.188954,2026-06-02 02:50:09.842333,0 days 00:00:37.653379,0.9000356175036236,0.7695416475765483,0.016502872940675713,16,10,0.010890829727068065,1360,255,8.832252969956322e-05,0.0004274893086827103,0.8784656167349459,0.8369851290153351,0.8345322675561336,0.8394856732043716,0.9508858224774155,COMPLETE
779,0.8366631653827478,2026-06-02 02:50:09.852787,2026-06-02 02:50:48.402105,0 days 00:00:38.549318,0.7714227021876492,0.6608949678564587,0.017266984182055734,16,10,0.11930396568162865,1380,247,5.662844635555158e-05,4.29900086886378e-07,0.8783076684619635,0.8366631653827478,0.8347874225463041,0.8385791110752668,0.9503596787081351,COMPLETE
780,0.8366639821033055,2026-06-02 02:50:48.412393,2026-06-02 02:51:28.137950,0 days 00:00:39.725557,0.8020043389418856,0.6544824747670327,0.01564527175103413,16,20,0.002817286763052621,1340,255,0.00011976895550983779,0.00030106133366268617,0.877981247707908,0.8366639821033055,0.8325772928212767,0.8408171356214412,0.9505671843574097,COMPLETE
781,0.8372596146144448,2026-06-02 02:51:28.148442,2026-06-02 02:52:05.446263,0 days 00:00:37.297821,0.9205407079035208,0.6722609506141756,0.0150174509173648,16,10,0.00023910597590678164,1400,247,5.285768177604116e-05,0.00025247427240873346,0.8785709053831462,0.8372596146144448,0.83413467837324,0.8404488066863337,0.9508089486702053,COMPLETE
782,0.828490223691623,2026-06-02 02:52:05.455433,2026-06-02 02:52:30.385137,0 days 00:00:24.929704,0.9108608293642753,0.6503785671772783,0.015971311936162365,8,10,6.682921641194871e-05,1360,255,8.404123914940756e-05,0.0008030346309908656,0.8690414860876875,0.828490223691623,0.807129750298028,0.8510440381967888,0.9463972870972563,COMPLETE
783,0.8380426218139969,2026-06-02 02:52:30.395557,2026-06-02 02:53:05.666677,0 days 00:00:35.271120,0.9297718680408864,0.6633910269242175,0.016490236941504564,16,10,3.3410905440265563e-05,1380,239,2.885629571900729e-05,7.078947672373721e-07,0.8791500411786584,0.8380426218139969,0.8348940253715543,0.8412420551701977,0.9508154739067557,COMPLETE
784,0.8366461900152783,2026-06-02 02:53:05.676575,2026-06-02 02:53:42.238572,0 days 00:00:36.561997,0.9304628610571474,0.6778556820371655,0.01714238309102126,12,10,0.005382958064511508,1400,239,2.0194849794803984e-05,8.27787537268049e-07,0.8778864836004218,0.8366461900152783,0.831997538233034,0.8413837255160367,0.9502650193637229,COMPLETE
785,0.8377846105751221,2026-06-02 02:53:42.248760,2026-06-02 02:54:17.664076,0 days 00:00:35.415316,0.9324687965285712,0.6661950482527697,0.0166207218188479,16,10,6.945536441376585e-06,1380,239,2.9945665969863517e-05,6.75477676888315e-07,0.8789183988349002,0.8377846105751221,0.8343682783748779,0.8412704046479988,0.9507806452374621,COMPLETE
786,0.8339921602496815,2026-06-02 02:54:17.683200,2026-06-02 02:54:52.791870,0 days 00:00:35.108670,0.9262455553259822,0.6619223221058861,0.049696098402802466,16,10,0.00874915933640751,1400,239,1.8318728617602806e-05,1.022700513639318e-06,0.8783287012448397,0.8339921602496815,0.8460985647204402,0.8222612431416714,0.9502307919636431,COMPLETE
787,0.8373758338380055,2026-06-02 02:54:52.801891,2026-06-02 02:55:28.280152,0 days 00:00:35.478261,0.9293687536076787,0.6706851295234123,0.017368616122892578,16,10,0.003032381435224057,1380,239,1.4286468722546923e-05,5.865252516895013e-07,0.8787920248493079,0.8373758338380055,0.835204286981092,0.8395989242520395,0.9508988584671562,COMPLETE
788,0.8367179014173969,2026-06-02 02:55:28.290565,2026-06-02 02:56:06.641547,0 days 00:00:38.350982,0.9236142674309239,0.8084386584572378,0.01651587911453153,16,20,0.005739610809649121,1320,239,2.875139224288648e-05,1.8194331217003974e-06,0.8779917745769868,0.8367179014173969,0.8324451314429426,0.841072136465714,0.9505090494493834,COMPLETE
789,0.836630572016204,2026-06-02 02:56:06.652430,2026-06-02 02:56:44.918155,0 days 00:00:38.265725,0.9204050417422969,0.665134881702563,0.015487730780990283,16,10,0.007467626370019715,1360,239,3.384929135033147e-05,8.664287150564441e-07,0.8778864722912223,0.836630572016204,0.8320773617424401,0.8412703564960196,0.9506514835288272,COMPLETE
790,0.8371778735059396,2026-06-02 02:56:44.937330,2026-06-02 02:57:23.771699,0 days 00:00:38.834369,0.9171765181125322,0.6589853028877382,0.015803918418059924,16,10,0.0031499753062129597,1400,247,4.714482728139233e-05,0.0005399841145751805,0.8785077285353674,0.8371778735059396,0.8340644508188245,0.8403638714100815,0.950809905564664,COMPLETE
791,0.8348246634491038,2026-06-02 02:57:23.781689,2026-06-02 02:57:58.242920,0 days 00:00:34.461231,0.9278790358560376,0.6776609040015447,0.04230440447420008,16,10,0.010536129414871526,1340,247,4.419101998527044e-05,5.231782878043499e-07,0.8786446084347572,0.8348246634491038,0.844798721366505,0.825122604690023,0.9504256838649541,COMPLETE
792,0.8384009244175891,2026-06-02 02:57:58.253467,2026-06-02 02:58:34.086771,0 days 00:00:35.833304,0.9330668233230359,0.6555576725698131,0.016694527620104715,16,10,3.559864124835516e-05,1380,239,6.85654692809645e-05,1.2436789801384963e-06,0.8794448786644891,0.8384009244175891,0.8354183374649561,0.8414403835424565,0.9509109744649145,COMPLETE
793,0.837321281134729,2026-06-02 02:58:34.102127,2026-06-02 02:59:10.887057,0 days 00:00:36.784930,0.9293790443541582,0.6686313975916822,0.017309654254851613,16,10,0.0025307203905845506,1400,247,7.340996666716368e-05,7.681493666509074e-07,0.8789394535709286,0.837321281134729,0.836446955675751,0.8382391388407574,0.9509720037500439,COMPLETE
794,0.8367723491414107,2026-06-02 02:59:10.897434,2026-06-02 02:59:48.280962,0 days 00:00:37.383528,0.9250675834264995,0.6627835335450085,0.01679150736831524,16,20,5.0907137514761174e-05,1380,239,0.00011829030340304961,4.0366398807887043e-07,0.8780233638324351,0.8367723491414107,0.8324311524533058,0.8411853971437777,0.950744485173204,COMPLETE
795,0.8378122497933221,2026-06-02 02:59:48.290263,2026-06-02 03:00:24.852323,0 days 00:00:36.562060,0.9315197851629368,0.6714596486200679,0.01655035406193077,16,10,0.0028242686777602477,1380,247,0.00010072216146159114,9.733651491232947e-07,0.8790447518652109,0.8378122497933221,0.8351219139899709,0.8405621564455591,0.9509157206976604,COMPLETE
796,0.8342666490206961,2026-06-02 03:00:24.870688,2026-06-02 03:00:50.609092,0 days 00:00:25.738404,0.9326814183607465,0.6592150445387301,0.017166357640700458,16,10,2.516609093735321e-05,1400,127,8.429404121490042e-05,5.710772845499524e-07,0.8747907339055049,0.8342666490206961,0.8210923939603676,0.8478994539291084,0.9494590688821966,COMPLETE
797,0.8376037100603967,2026-06-02 03:00:50.619298,2026-06-02 03:01:26.521562,0 days 00:00:35.902264,0.9342344894994848,0.6641893526047677,0.016492640815655983,16,10,0.0030809546699450325,1360,247,0.00015153239244731855,3.318016656021044e-07,0.8788973284655665,0.8376037100603967,0.8349485801788351,0.8403071580088856,0.9508758671399473,COMPLETE
798,0.8318710121747225,2026-06-02 03:01:26.531619,2026-06-02 03:01:42.116744,0 days 00:00:15.585125,0.9334223595394877,0.6824021105715707,0.015513547396604753,16,10,0.004587138268740261,520,247,6.37422758142683e-05,1.0752813581826894e-06,0.8723057145835243,0.8318710121747225,0.8145380544989657,0.849995851466225,0.9478002663760142,COMPLETE
799,0.8366614730148699,2026-06-02 03:01:42.126836,2026-06-02 03:02:18.988185,0 days 00:00:36.861349,0.9204727313076113,0.6570894622106737,0.016281180289278267,16,10,0.005248902740118067,1400,239,0.0001481402913531638,1.4908422262164104e-06,0.8780760078239118,0.8366614730148699,0.8332151846148266,0.8401655165542339,0.9507973275651267,COMPLETE
800,0.8376616101802276,2026-06-02 03:02:18.998536,2026-06-02 03:02:57.299540,0 days 00:00:38.301004,0.9242610179227267,0.6737611837510846,0.015010073079452664,16,20,0.0028287440729964897,1360,255,6.650757142317747e-05,5.417231415830519e-07,0.8785814332500959,0.8376616101802276,0.8325845406750901,0.8428284943555503,0.9506444304510788,COMPLETE
801,0.8374378321397086,2026-06-02 03:02:57.309549,2026-06-02 03:03:34.767330,0 days 00:00:37.457781,0.9245821252111948,0.6554074100993662,0.017471334364012322,16,10,0.0025433088352065903,1380,255,0.00011112935932645387,7.771250945594638e-07,0.8790342156826735,0.8374378321397086,0.8365891639360793,0.8383241198613899,0.951063649786927,COMPLETE
802,0.8349087994900187,2026-06-02 03:03:34.776800,2026-06-02 03:04:09.434778,0 days 00:00:34.657978,0.9169785400009861,0.6657144454035718,0.01557933097120818,10,10,0.0057647254312026,1400,247,0.00016338012308287223,2.8763371095486e-07,0.8756436457983489,0.8349087994900187,0.8240765982008759,0.8460580379754726,0.9493516924912363,COMPLETE
803,0.8373488047776293,2026-06-02 03:04:09.445476,2026-06-02 03:04:45.257322,0 days 00:00:35.811846,0.9156219901759037,0.660519342427655,0.01620605318891554,16,10,0.0027385124944192657,1360,239,9.619992422127108e-05,1.3118282452101778e-06,0.8784866668142449,0.8373488047776293,0.8332141981892204,0.841553665888911,0.9507193933314975,COMPLETE
804,0.8277900526577834,2026-06-02 03:04:45.267503,2026-06-02 03:05:10.152044,0 days 00:00:24.884541,0.9310814522175453,0.6501298900215708,0.0150270977837918,8,10,5.739407967957338e-05,1380,247,3.9847473963210814e-05,0.0010284860841823225,0.8684202271825542,0.8277900526577834,0.805951359619776,0.8508740328187422,0.9460688649856589,COMPLETE
805,0.8375074006240507,2026-06-02 03:05:10.162413,2026-06-02 03:05:47.493398,0 days 00:00:37.330985,0.9235376977278232,0.6685503619188067,0.016961068594473338,16,10,0.00549975057242975,1380,255,2.3768434240361242e-05,0.00016813474402731918,0.8789710335129183,0.8375074006240507,0.8358891363566837,0.8391739637741007,0.9508903406341599,COMPLETE
806,0.8368357235386719,2026-06-02 03:05:47.503787,2026-06-02 03:06:25.516332,0 days 00:00:38.012545,0.9135498249774142,0.6556308394880513,0.015969318781005555,16,20,0.0028554804187233595,1340,255,0.00018913347815159822,4.2881750489929673e-07,0.8780970678819164,0.8368357235386719,0.8326416420383712,0.8411004089003483,0.9506057224288317,COMPLETE
807,0.8369135260964669,2026-06-02 03:06:25.526036,2026-06-02 03:07:00.947011,0 days 00:00:35.420975,0.9218804881498898,0.6613643387447182,0.015517466636993308,16,10,0.00022566151389258869,1360,239,6.032804141672907e-05,7.155689846746933e-07,0.8780233551842237,0.8369135260964669,0.8318516043640151,0.8420636194254772,0.9508361119099557,COMPLETE
808,0.838308333074588,2026-06-02 03:07:00.956906,2026-06-02 03:07:37.775796,0 days 00:00:36.818890,0.9153853958653007,0.6882002814762365,0.016725973734543258,16,10,2.35451653963053e-05,1400,247,0.00011795424741304418,3.3538754426547307e-07,0.8795396441024691,0.838308333074588,0.8364886798533971,0.8401654732174526,0.9510317709020738,COMPLETE
809,0.8378359136809442,2026-06-02 03:07:37.785087,2026-06-02 03:08:14.365239,0 days 00:00:36.580152,0.9171392966528622,0.6877749518526494,0.01752824450850555,16,10,0.00016212916696662022,1400,247,0.00011669074809448752,1.9955586149534464e-07,0.8792237595309511,0.8378359136809442,0.8362537721636434,0.8394573237265704,0.9511334193155107,COMPLETE
810,0.8366664935812955,2026-06-02 03:08:14.375568,2026-06-02 03:08:52.045179,0 days 00:00:37.669611,0.9133060342456003,0.6808263563811153,0.016897775420932928,12,10,0.0032611871060671625,1400,247,8.340854780523006e-05,3.357483686515704e-07,0.8780549524226364,0.8366664935812955,0.8330538249835046,0.840335483410697,0.9504344890485789,COMPLETE
811,0.8383075446507923,2026-06-02 03:08:52.055538,2026-06-02 03:09:29.598134,0 days 00:00:37.542596,0.9276554276491383,0.6879041556546817,0.01645798588377834,16,10,1.6071723797600837e-05,1400,255,0.00013473962262567634,4.410118961374354e-07,0.879529113907155,0.8383075446507923,0.8364069622212255,0.8402505168356583,0.9509919301269076,COMPLETE
812,0.8373751562554131,2026-06-02 03:09:29.607641,2026-06-02 03:10:06.317017,0 days 00:00:36.709376,0.9315112250354621,0.6929475455144665,0.016841536418269132,16,10,0.00013224540616864103,1400,247,5.6773840963152956e-05,3.009694041702164e-07,0.8787920338301428,0.8373751562554131,0.8351997410068046,0.8395989290672375,0.9509156202500654,COMPLETE
813,0.8376978170521988,2026-06-02 03:10:06.327029,2026-06-02 03:10:44.629678,0 days 00:00:38.302649,0.9335444296731406,0.6874569013437658,0.016405567657097376,16,20,0.0026132397112398,1400,247,0.00020476313458325205,4.450889163188957e-07,0.8788025567077394,0.8376978170521988,0.8339395295773201,0.8415253477098964,0.950800371230554,COMPLETE
814,0.8354280748997877,2026-06-02 03:10:44.639612,2026-06-02 03:11:27.691583,0 days 00:00:43.051971,0.9263823102941772,0.7065944687235366,0.017459540501284815,16,50,0.00514963140823899,1400,255,0.000103359939625387,2.151857208151769e-07,0.8769598496964267,0.8354280748997877,0.8306857273709091,0.8402505072052623,0.949984515241353,COMPLETE
815,0.8375462090595233,2026-06-02 03:11:27.701355,2026-06-02 03:12:03.806085,0 days 00:00:36.104730,0.928980854393294,0.6944362476093915,0.01662827086836009,16,10,0.0027341234278172198,1400,239,0.00016462432962482417,4.452053964835243e-07,0.8788236264118262,0.8375462090595233,0.834698239415096,0.8404488428003182,0.9508494308608443,COMPLETE
816,0.8350999389872799,2026-06-02 03:12:03.815993,2026-06-02 03:12:47.680793,0 days 00:00:43.864800,0.9343407491283009,0.6995350546311562,0.01588586077283269,16,10,0.004910996344334143,1380,255,1.2986842965074321,0.000655988915463707,0.8765176100988565,0.8350999389872799,0.8290454300141459,0.8412704503923791,0.9496404480480164,COMPLETE
817,0.8366844083952515,2026-06-02 03:12:47.690812,2026-06-02 03:13:24.582712,0 days 00:00:36.891900,0.92276680720976,0.6895755869239563,0.015531546607707985,16,10,0.002767232250697208,1380,247,3.965237648071015e-05,3.1177428091216026e-07,0.8780444145769813,0.8366844083952515,0.832900084311433,0.840533806967758,0.9507461291479885,COMPLETE
818,0.8369487000090458,2026-06-02 03:13:24.593130,2026-06-02 03:14:02.720077,0 days 00:00:38.126947,0.8333124433006937,0.681633302116064,0.017348062806457745,16,10,3.6265605287339475e-05,1400,247,7.700307559666991e-05,5.571180596771155e-07,0.8786340942053719,0.8369487000090458,0.8358609053803137,0.8380692129134767,0.9509652605956468,COMPLETE
819,0.8375933708121867,2026-06-02 03:14:02.730024,2026-06-02 03:14:40.031296,0 days 00:00:37.301272,0.9210426623639059,0.686119447648666,0.016346649158477923,16,10,0.006705840373198648,1380,255,0.00024820937381388853,1.7706452537812604e-07,0.8790131532963043,0.8375933708121867,0.8358004916477175,0.8394289212815922,0.9509562943626556,COMPLETE
820,0.837641330279716,2026-06-02 03:14:40.041197,2026-06-02 03:15:21.115219,0 days 00:00:41.074022,0.9295630292538528,0.6765941722030657,0.015498278869005969,16,10,5.5016914283548565e-05,1400,239,0.00011876616360357885,3.036040809097763e-07,0.8787815036348287,0.837641330279716,0.8340151653899596,0.841327055451622,0.9508260107103617,COMPLETE
