number,value,datetime_start,datetime_complete,duration,params_bagging_fraction,params_feature_fraction,params_learning_rate,params_max_depth,params_min_child_samples,params_min_split_gain,params_n_estimators,params_num_leaves,params_reg_alpha,params_reg_lambda,user_attrs_accuracy,user_attrs_f1,user_attrs_precision,user_attrs_recall,user_attrs_roc_auc,state
1450,0.8363404632404247,2026-06-02 09:21:34.830810,2026-06-02 09:22:13.702262,0 days 00:00:38.871452,0.8348033656278476,0.7653630124846205,0.017126567059094502,16,10,0.0027918479934267056,1360,247,5.839692175265584e-05,0.0009996363818103725,0.8782339627493645,0.8363404632404247,0.8355892744781254,0.837134344643352,0.950915171419148,COMPLETE
1451,0.8357851597185304,2026-06-02 09:22:13.713597,2026-06-02 09:22:51.116262,0 days 00:00:37.402665,0.9393503579195214,0.682537959790173,0.016355506721961763,12,10,0.0077225100329605285,1400,239,7.530182915694408e-06,0.002075630047034291,0.8771388666756251,0.8357851597185304,0.8304552638904128,0.8412137225455892,0.9501509123071346,COMPLETE
1452,0.8364134100220278,2026-06-02 09:22:51.127328,2026-06-02 09:23:30.123612,0 days 00:00:38.996284,0.9237493225318344,0.661097235775079,0.016874764938414936,16,20,0.011529665034981713,1340,255,9.060846018891289e-05,0.00486155082456014,0.8779707115253705,0.8364134100220278,0.8335045601466851,0.8393723065919535,0.9505433158572871,COMPLETE
1453,0.8372206497827605,2026-06-02 09:23:30.134774,2026-06-02 09:24:05.145361,0 days 00:00:35.010587,0.9296747200343609,0.6500789115250837,0.016276107311325796,16,10,0.0045639426927474745,1300,239,0.00027864472107695545,0.003731103960013192,0.8782760788738918,0.8372206497827605,0.832302830714481,0.8422335790591434,0.9506474760859196,COMPLETE
1454,0.8379120494662694,2026-06-02 09:24:05.156514,2026-06-02 09:24:43.320480,0 days 00:00:38.163966,0.9346334663458163,0.6691395280089188,0.01778340886226879,16,10,0.00011471029645029864,1380,247,3.79250296986583e-05,0.0009456958964056123,0.879223748554375,0.8379120494662694,0.8359553602644851,0.8399105446011488,0.9510298038831895,COMPLETE
1455,0.8372139093417933,2026-06-02 09:24:43.331472,2026-06-02 09:25:18.658545,0 days 00:00:35.327073,0.9415746349730386,0.6755182794086176,0.01632489683397836,16,10,0.0051449658817436066,1360,231,0.00016025031040301196,0.00158407057562951,0.8783813824901504,0.8372139093417933,0.8330124981519687,0.8414970752752621,0.9507349434389653,COMPLETE
1456,0.8372217960553625,2026-06-02 09:25:18.669417,2026-06-02 09:25:57.935228,0 days 00:00:39.265811,0.9217408542030218,0.6603076504142005,0.017393097128217853,16,10,0.009327387506130404,1400,255,6.261387177149355e-05,0.004869768684007489,0.8788341476263053,0.8372217960553625,0.8361022316669446,0.8383807706650129,0.9508712566960248,COMPLETE
1457,0.8376914378485121,2026-06-02 09:25:57.954691,2026-06-02 09:26:35.533778,0 days 00:00:37.579087,0.9277643143083141,0.6555794854266745,0.016075926539601895,16,10,0.0027701575331751382,1340,247,2.0790503048679768e-05,0.002773894795929992,0.8787709681175383,0.8376914378485121,0.8337503187659779,0.8416953001207657,0.950858615080073,COMPLETE
1458,0.8381567533530019,2026-06-02 09:26:35.545130,2026-06-02 09:27:15.809386,0 days 00:00:40.264256,0.9365035873668595,0.6931028667366792,0.016800821339343568,16,10,0.006971342705970775,1400,239,0.00010699643492276485,0.0014862620925950318,0.879234279414936,0.8381567533530019,0.8350171410894626,0.84135534233185,0.950898075001771,COMPLETE
1459,0.8282979197973533,2026-06-02 09:27:15.820615,2026-06-02 09:27:35.352653,0 days 00:00:19.532038,0.940387530775205,0.6837360580956313,0.018341722302597743,16,10,0.011355225878199262,1400,63,0.00019002763327493813,0.0015682238785383383,0.8690099018215919,0.8282979197973533,0.8076172488268747,0.8501092060406484,0.9463311505237842,COMPLETE
1460,0.8377198551884542,2026-06-02 09:27:35.373526,2026-06-02 09:28:15.858938,0 days 00:00:40.485412,0.9348623281333902,0.7107284700745552,0.01789068253639322,16,10,0.014815340268182715,1400,255,0.0003624282371584499,0.0016607626955631837,0.8793395747156069,0.8377198551884542,0.8375553512302659,0.8379274968232574,0.9509956368211226,COMPLETE
1461,0.8367915762570259,2026-06-02 09:28:15.878593,2026-06-02 09:28:56.160947,0 days 00:00:40.282354,0.9411294066221985,0.7021945047279247,0.017522532465525306,16,20,0.012719846427958974,1380,239,0.00013901837639976634,0.0011476150526419436,0.8781497145343814,0.8367915762570259,0.8332022813952805,0.8404488668763079,0.9505352098964458,COMPLETE
1462,0.8372534661203925,2026-06-02 09:28:56.172224,2026-06-02 09:29:34.114515,0 days 00:00:37.942291,0.9355611095708991,0.6959103005948023,0.01706980396340901,16,10,0.043125898056500564,1400,247,0.0005653519488407962,0.0009061755182840159,0.8787604389200947,0.8372534661203925,0.8354657314822557,0.8390890092370569,0.9505854987563461,COMPLETE
1463,0.8363964783252147,2026-06-02 09:29:34.125835,2026-06-02 09:30:11.472299,0 days 00:00:37.346464,0.9438195054341874,0.7049123784448652,0.018456299133079456,16,10,0.01018570842970224,1400,231,0.0002741191884326006,0.002147710821608515,0.8781707785838683,0.8363964783252147,0.8349321650520732,0.8378992075354303,0.9508453641134119,COMPLETE
1464,0.8350924188918607,2026-06-02 09:30:11.483370,2026-06-02 09:30:52.908129,0 days 00:00:41.424759,0.9363450686908247,0.6987855925650963,0.017180580712759234,16,60,0.012275103180999282,1360,239,0.00011201372072975296,0.0012520241998377462,0.8763491189908664,0.8350924188918607,0.8279829737400383,0.8423468614055979,0.9499312186123697,COMPLETE
1465,0.837571450883852,2026-06-02 09:30:52.918844,2026-06-02 09:31:30.977932,0 days 00:00:38.059088,0.9423905444593632,0.6931316897499062,0.01693870704348742,16,10,0.008299253148457482,1400,247,0.00017477765181486872,0.0024892930552889024,0.8789499727896667,0.837571450883852,0.8354534153634855,0.8397405825598838,0.9507842265932127,COMPLETE
1466,0.837673841817819,2026-06-02 09:31:30.989069,2026-06-02 09:32:08.767412,0 days 00:00:37.778343,0.931484230323988,0.6941506325703086,0.01765487069183476,16,10,0.0169263653461574,1380,255,0.00010008161908339607,0.0006692444013296854,0.879160571041349,0.837673841817819,0.8364956566964455,0.8388906929027926,0.9510008631534322,COMPLETE
1467,0.836725942131619,2026-06-02 09:32:08.777585,2026-06-02 09:32:37.950818,0 days 00:00:29.173233,0.9308405359932893,0.6906550541459909,0.016859847966482922,16,20,0.008887750095202592,1040,247,1.2393812345577954e-05,0.001690543868455291,0.877423159995954,0.836725942131619,0.8285793513678126,0.8450665189017248,0.9502341558559527,COMPLETE
1468,0.8349564696357618,2026-06-02 09:32:37.962783,2026-06-02 09:33:11.717413,0 days 00:00:33.754630,0.9377538882873797,0.7064681421266512,0.01801747831102267,10,10,0.007667090277680143,1360,239,0.00022715735297199836,0.0029095747624964404,0.875980589430001,0.8349564696357618,0.8260841865355216,0.8440466696109676,0.9494660663354514,COMPLETE
1469,0.8379484509829364,2026-06-02 09:33:11.727890,2026-06-02 09:33:50.916349,0 days 00:00:39.188459,0.9447653992568413,0.6971235832757031,0.01692645726069017,16,10,0.013881948106303818,1400,255,0.00043600560832781737,0.0013180089410465485,0.8793290475139043,0.8379484509829364,0.8365019532528969,0.8394289646183735,0.9507921786399685,COMPLETE
1470,0.8382281449212189,2026-06-02 09:33:50.926636,2026-06-02 09:34:28.176010,0 days 00:00:37.249374,0.931715505057119,0.6897812519276921,0.016532284344986936,16,10,0.0070695542038962415,1380,247,0.0001321576883796107,0.0006910049675018737,0.8793185269646723,0.8382281449212189,0.8352773296573912,0.8412420960993799,0.9508748432092907,COMPLETE
1471,0.837218905684213,2026-06-02 09:34:28.187039,2026-06-02 09:35:05.863778,0 days 00:00:37.676739,0.9382815811135747,0.6968075740137235,0.017900393988259315,16,10,0.01828908330674715,1360,255,0.0002508518639628195,0.00045344468303636445,0.8788446831435958,0.837218905684213,0.8361904304599249,0.8382958329811618,0.9508309453126094,COMPLETE
1472,0.8298795530842268,2026-06-02 09:35:05.874193,2026-06-02 09:35:31.532300,0 days 00:00:25.658107,0.9335378514215316,0.6978539022836953,0.017660324359384992,8,10,0.011661059148825852,1400,255,0.000287048128964205,0.0007556871734058895,0.8704945881794485,0.8298795530842268,0.8108194622818846,0.8498825161525936,0.9470002868135752,COMPLETE
1473,0.8367809635590833,2026-06-02 09:35:31.543458,2026-06-02 09:36:07.955331,0 days 00:00:36.411873,0.9421646165290759,0.7018758611394591,0.017333907862417976,16,10,0.014842366896669363,1340,247,0.0003654978905244902,0.00042807674245106466,0.8783076694598341,0.8367809635590833,0.8342878629663967,0.8393156702339243,0.9506863579172631,COMPLETE
1474,0.8306520437748914,2026-06-02 09:36:07.965893,2026-06-02 09:36:28.485269,0 days 00:00:20.519376,0.9353070095642868,0.6892271184520913,0.018494160456216824,14,20,0.010396660846472762,1380,79,0.00015412094177892944,0.0005963653865025966,0.8709684389856189,0.8306520437748914,0.8108789740813783,0.8514406540121242,0.947324795626284,COMPLETE
1475,0.8368484359271026,2026-06-02 09:36:28.496214,2026-06-02 09:37:04.489369,0 days 00:00:35.993155,0.9300897005389609,0.7070242212372392,0.01708991034031662,16,10,0.012128215684565888,1320,247,0.0001372790989140647,0.0009488362246043706,0.8783603131186872,0.8368484359271026,0.8343983620465107,0.8393439619293502,0.9506689268899301,COMPLETE
1476,0.836573232728817,2026-06-02 09:37:04.499703,2026-06-02 09:37:42.509629,0 days 00:00:38.009926,0.9396279476369026,0.7010104463745221,0.01677355653257491,16,10,0.009743939219472347,1360,255,0.0001929003812894888,0.0008148985717839507,0.8781391929872786,0.836573232728817,0.834000676357071,0.839202366219079,0.9508433030021949,COMPLETE
1477,0.8371774983220984,2026-06-02 09:37:42.520781,2026-06-02 09:38:21.445422,0 days 00:00:38.924641,0.9308222713806952,0.6935548011972301,0.017380502768527258,16,10,0.007773198485531703,1400,255,0.00018796305935031183,0.001005874487877927,0.8788552173303921,0.8371774983220984,0.836441581587744,0.8379558703770482,0.9509786704305517,COMPLETE
1478,0.8370965030111556,2026-06-02 09:38:21.456332,2026-06-02 09:38:59.138243,0 days 00:00:37.681911,0.9443408886798988,0.6901695531479489,0.016599832504258907,16,10,0.02036024879983674,1380,247,0.0001171334302685349,0.0004853692230502103,0.8784129654257518,0.8370965030111556,0.8337155281509881,0.8405338358589457,0.9507312634254013,COMPLETE
1479,0.836791305188492,2026-06-02 09:38:59.149558,2026-06-02 09:39:34.292825,0 days 00:00:35.143267,0.9369688484462626,0.6908098567349584,0.018675909624079046,16,10,0.00716077317577839,1300,247,0.0005506865522332258,0.0003335178318225286,0.8784234972841835,0.836791305188492,0.8350760799026292,0.8385507567822676,0.9506970042123329,COMPLETE
1480,0.8354181836178465,2026-06-02 09:39:34.311901,2026-06-02 09:40:11.224099,0 days 00:00:36.912198,0.9499750478445294,0.6871438698833218,0.017818031161165666,12,20,0.10096723036965058,1360,247,0.00035287439480438155,0.0006016725311558973,0.8767176688417663,0.8354181836178465,0.8291232713655184,0.8418369536134119,0.9497047975751659,COMPLETE
1481,0.8380998714395531,2026-06-02 09:40:11.235183,2026-06-02 09:40:50.840966,0 days 00:00:39.605783,0.92904978271736,0.6923379592224818,0.016795155489499208,16,10,0.007207327709946125,1400,255,3.1675741388086416e-06,0.0011367106579161217,0.8794132850849351,0.8380998714395531,0.8364662617666666,0.8397688959237004,0.9509236154559074,COMPLETE
1482,0.8373748321220623,2026-06-02 09:40:50.852110,2026-06-02 09:41:27.191168,0 days 00:00:36.339058,0.9435771470202589,0.698715515052802,0.016553053360709485,16,10,0.013674142316362738,1340,247,0.00012363593984567265,0.000285134567231015,0.8786340925422542,0.8373748321220623,0.8340773002307319,0.8407321642312046,0.95083218637601,COMPLETE
1483,0.8378428015846473,2026-06-02 09:41:27.202375,2026-06-02 09:42:06.058722,0 days 00:00:38.856347,0.9350368376752983,0.6881303661651981,0.017331224332366866,16,10,0.008618924768821297,1380,255,1.4669234958279872e-05,0.0014526594051821483,0.8791921586336796,0.8378428015846473,0.8360247000010913,0.8397122475276763,0.9509588314439624,COMPLETE
1484,0.8369254161860068,2026-06-02 09:42:06.069471,2026-06-02 09:42:32.207546,0 days 00:00:26.138075,0.9288237720183493,0.6847289110702303,0.016533743731224387,16,10,0.006250025103896103,940,247,0.00018432792541109126,0.00042984509285006806,0.8774126404445924,0.8369254161860068,0.8277101756945547,0.8463696679549777,0.9501275091961339,COMPLETE
1485,0.8376425201360762,2026-06-02 09:42:32.218552,2026-06-02 09:43:11.142245,0 days 00:00:38.923693,0.9372458138324216,0.691996935089999,0.01739238153776942,16,10,0.011035307425610218,1400,255,8.397817444259576e-05,0.0007633522842336731,0.87915004417227,0.8376425201360762,0.8365456908678172,0.8387773840727496,0.9509910415650463,COMPLETE
1486,0.8375635887737194,2026-06-02 09:43:11.153365,2026-06-02 09:43:47.483414,0 days 00:00:36.330049,0.9448775809729414,0.6882441194860136,0.016403851339941586,16,10,0.006666426013234085,1340,247,9.354980040338954e-06,0.0016356470704757885,0.8788130912271592,0.8375635887737194,0.8345633862389069,0.8406188024339843,0.9507227235399361,COMPLETE
1487,0.8369986446105822,2026-06-02 09:43:47.495074,2026-06-02 09:44:25.215826,0 days 00:00:37.720752,0.932109381746331,0.7055040482338988,0.0179475527444472,16,10,0.00551579885874916,1360,255,0.00022559616892675605,0.0011026865943113066,0.8786762116603931,0.8369986446105822,0.8359359823871509,0.8380975238696946,0.9509647463319029,COMPLETE
1488,0.8373525785033255,2026-06-02 09:44:25.227098,2026-06-02 09:45:03.737295,0 days 00:00:38.510197,0.938723018021204,0.7189884668499759,0.01699431704774062,16,20,0.06610235565944748,1380,247,2.948599682694882e-05,0.000654392218113731,0.8786235543639758,0.8373525785033255,0.8341316211938965,0.8406188192871772,0.9506279646370096,COMPLETE
1489,0.8362464435575924,2026-06-02 09:45:03.747949,2026-06-02 09:45:42.502258,0 days 00:00:38.754309,0.9271287351023109,0.6981181197690771,0.016435564812844288,16,30,0.010048038748119463,1320,247,0.000104469216240003,0.00037589896285909736,0.8774547455925434,0.8362464435575924,0.8307307625685622,0.8418652525316349,0.9504510744134332,COMPLETE
1490,0.8375661541313354,2026-06-02 09:45:42.513839,2026-06-02 09:46:21.454445,0 days 00:00:38.940606,0.9332595080171667,0.6823895024898008,0.01699570357048876,16,10,0.006061555349608963,1400,255,5.657783176704211e-05,0.00092997998859538,0.8790236838242418,0.8375661541313354,0.83597469479872,0.8392023397354906,0.9508952180737865,COMPLETE
1491,0.8375825008356689,2026-06-02 09:46:21.465518,2026-06-02 09:46:58.350513,0 days 00:00:36.884995,0.9410648455971329,0.6844892917229299,0.016317500535230157,16,10,0.005015926538199471,1360,247,2.000993126797371e-05,0.002490668200082126,0.8787709754352556,0.8375825008356689,0.8341780198153886,0.8410437653195221,0.9508164537929975,COMPLETE
1492,0.836714281507492,2026-06-02 09:46:58.363263,2026-06-02 09:47:37.437815,0 days 00:00:39.074552,0.9265805327724397,0.6924354318246136,0.018625640185950046,16,10,0.009139284460652333,1400,255,0.00013118512206028955,0.0017055276390920905,0.878739382188325,0.836714281507492,0.8375487420653522,0.8359161356815493,0.9508505437091297,COMPLETE
1493,0.8370427467577543,2026-06-02 09:47:37.448837,2026-06-02 09:48:14.867572,0 days 00:00:37.418735,0.9443420958667348,0.6873878336840954,0.01630162991178763,16,10,0.01577690570879501,1380,247,0.0003519836264581158,0.00024828620456324147,0.8783919053677471,0.8370427467577543,0.8338129381220325,0.8403355339702752,0.9506358958363066,COMPLETE
1494,0.8373535745631516,2026-06-02 09:48:14.877858,2026-06-02 09:48:52.735080,0 days 00:00:37.857222,0.9349192530340645,0.682738373725549,0.017333350078891085,16,10,0.0038876907473565574,1340,255,8.257845866167919e-05,0.0007823302002735057,0.8787815003085934,0.8373535745631516,0.8352183316374955,0.8395422903016092,0.9508788009143992,COMPLETE
1495,0.8349061404295659,2026-06-02 09:48:52.746337,2026-06-02 09:49:25.139463,0 days 00:00:32.393126,0.9270731525488771,0.7014248642940273,0.01784832407152197,10,10,0.005388109520001741,1300,239,0.00016333652453530677,0.0012124525673732059,0.8758437138547172,0.8349061404295659,0.8253828620553563,0.8446698886407954,0.9493761566763714,COMPLETE
1496,0.8348884045610435,2026-06-02 09:49:25.159624,2026-06-02 09:49:48.199685,0 days 00:00:23.040061,0.9390700170573835,0.6960620163686876,0.016702527235063113,16,20,0.008861984948770836,800,247,5.127098269506982e-05,0.002307297330864273,0.8753804072140484,0.8348884045610435,0.8224534607253785,0.8477294870726452,0.949484585815822,COMPLETE
1497,0.8369720611042709,2026-06-02 09:49:48.210474,2026-06-02 09:50:25.229850,0 days 00:00:37.019376,0.9325724157642186,0.6834713753771864,0.01656211205086371,16,10,0.01241779709209729,1360,239,3.067748107523277e-05,0.0003007669801410521,0.8783603114555696,0.8369720611042709,0.8338697105384112,0.8401371911524226,0.9507350916124585,COMPLETE
1498,0.8373051588837304,2026-06-02 09:50:25.249522,2026-06-02 09:51:04.155514,0 days 00:00:38.905992,0.925637943553968,0.6801779996458733,0.015996623224558193,16,10,0.004552788709713719,1400,255,0.0002484851250966789,0.0005407189422769501,0.8787077932655004,0.8373051588837304,0.8348882706450399,0.839768929630086,0.9508295254871041,COMPLETE
1499,0.8373814775945795,2026-06-02 09:51:04.165530,2026-06-02 09:51:41.163722,0 days 00:00:36.998192,0.9459532842304454,0.7089784409371369,0.017065059495961255,16,10,5.057218101798839e-05,1380,247,1.641008598801673e-05,0.0014933614901777986,0.8787499216970978,0.8373814775945795,0.8348497522226439,0.8399672917087305,0.9509964229883688,COMPLETE
1500,0.8365002447226318,2026-06-02 09:51:41.173952,2026-06-02 09:52:17.582959,0 days 00:00:36.409007,0.938945122335298,0.6904457346298721,0.016169063158309474,16,10,0.0033867233072562924,1340,247,8.014316846808134e-05,0.00052317919298368,0.8779391126238402,0.8365002447226318,0.8329612310958231,0.840108865750611,0.9508285206265924,COMPLETE
1501,0.8284599012360019,2026-06-02 09:52:17.602308,2026-06-02 09:52:42.324089,0 days 00:00:24.721781,0.931390591182925,0.6799554938698624,0.016141407427513358,8,20,1.8655024719340937e-05,1380,239,0.000127742589635035,0.0017190930821363143,0.868967771726877,0.8284599012360019,0.8068334438569589,0.8512989571826967,0.9461786584003224,COMPLETE
1502,0.8376228323346994,2026-06-02 09:52:42.334972,2026-06-02 09:53:21.235707,0 days 00:00:38.900735,0.935524300956512,0.6933311531624978,0.01795599419205338,14,10,0.0075311090730059,1400,255,4.189023531907617e-05,0.0001943121698355293,0.8792869277305185,0.8376228323346994,0.8375965203165711,0.8376725393157661,0.9508403927068562,COMPLETE
1503,0.829068629214125,2026-06-02 09:53:21.245987,2026-06-02 09:53:32.981146,0 days 00:00:11.735159,0.9443714357992634,0.6868484027579912,0.016950045668772375,16,10,0.002740688543433501,360,247,5.860180047859286e-05,0.0032564535245660684,0.86985228618011,0.829068629214125,0.8098730889557803,0.8492309644981573,0.9462190613052414,COMPLETE
1504,0.8368752675412549,2026-06-02 09:53:32.992220,2026-06-02 09:54:08.141017,0 days 00:00:35.148797,0.9231046509082783,0.7147835622692128,0.01614215555284877,16,10,0.006415571114988628,1320,239,5.004334830841924e-06,0.0010755914393187765,0.8781181266094271,0.8368752675412549,0.8326311925670273,0.8411853562145953,0.9507475066743164,COMPLETE
1505,0.8318756942817959,2026-06-02 09:54:08.161158,2026-06-02 09:54:49.102328,0 days 00:00:40.941170,0.949844958402454,0.6804054879497762,0.017611848913506138,16,110,0.11433921264693386,1360,255,1.1515764849885832,0.0003852125290980874,0.87311649604903,0.8318756942817959,0.819559525636199,0.8445849461417464,0.9482108691452177,COMPLETE
1506,0.837556684823344,2026-06-02 09:54:49.113155,2026-06-02 09:55:26.369685,0 days 00:00:37.256530,0.9289257123511204,0.8129142362848045,0.016624040696774027,16,10,0.009824791675671823,1380,239,1.0229018199820262e-05,0.0022947577864305094,0.8788552143367804,0.837556684823344,0.8348505371405085,0.8403071893076719,0.9506896879997537,COMPLETE
1507,0.8363324349942248,2026-06-02 09:55:26.380445,2026-06-02 09:56:06.823361,0 days 00:00:40.442916,0.939023303111376,0.6782450607620909,0.01594944850607396,12,20,0.005088218495245002,1400,255,2.587600320381034e-05,0.0006519332842238088,0.8774021032641844,0.8363324349942248,0.8300186607950478,0.8427718339215314,0.9500246881791129,COMPLETE
1508,0.837230311403534,2026-06-02 09:56:06.834702,2026-06-02 09:56:38.018248,0 days 00:00:31.183546,0.924166016957169,0.6995637220276659,0.017122243648465277,16,10,0.0026150462403660606,1140,247,0.00018482062309582757,0.00016254543342972307,0.8782444866248319,0.837230311403534,0.8320504502623045,0.8425169028976286,0.9505693812069745,COMPLETE
1509,0.8349347471973854,2026-06-02 09:56:38.029814,2026-06-02 09:57:20.437207,0 days 00:00:42.407393,0.932718770353643,0.6875123308216625,0.015973504237788663,16,70,0.0029570715884784707,1360,239,9.935271894063213e-05,0.0008306311533265422,0.8761385330462542,0.8349347471973854,0.8272078316913521,0.8428284775023577,0.9496405673611888,COMPLETE
1510,0.8338942395096197,2026-06-02 09:57:20.448264,2026-06-02 09:57:41.314035,0 days 00:00:20.865771,0.9414038099440335,0.6779353643975965,0.016581755218437015,16,10,3.5701654101826586e-05,720,247,0.00029302236128249696,0.0017683066258563983,0.8746012003685565,0.8338942395096197,0.8212627507818162,0.846964621772968,0.9493348697855423,COMPLETE
1511,0.8365744140566886,2026-06-02 09:57:41.324573,2026-06-02 09:58:18.315403,0 days 00:00:36.990830,0.9278308014228913,0.6935687286319502,0.0173402026167824,16,10,0.061459145628750836,1340,255,6.089033958674589e-05,0.000879243417269683,0.8782866100670764,0.8365744140566886,0.8350250184194157,0.8381541409669321,0.9506781599239845,COMPLETE
1512,0.8361794915932365,2026-06-02 09:58:18.335110,2026-06-02 09:58:55.272930,0 days 00:00:36.937820,0.9355165860353044,0.68518949816195,0.018424135002676086,16,10,0.01233702165421911,1360,247,0.00013994766889805467,0.003227328396408445,0.8780970745343869,0.8361794915932365,0.8353249725170349,0.8370776577257445,0.9507742772829729,COMPLETE
