number,value,datetime_start,datetime_complete,duration,params_bagging_fraction,params_feature_fraction,params_learning_rate,params_max_depth,params_min_child_samples,params_min_split_gain,params_n_estimators,params_num_leaves,params_reg_alpha,params_reg_lambda,user_attrs_accuracy,user_attrs_f1,user_attrs_precision,user_attrs_recall,user_attrs_roc_auc,state
569,0.8378221672285675,2026-06-02 00:41:34.585518,2026-06-02 00:42:12.045959,0 days 00:00:37.460441,0.9063953159237643,0.6620557097146288,0.016229599467236986,16,10,0.00029652015102799544,1400,247,0.0002625548649252715,1.2822221447262324e-07,0.879086864663503,0.8378221672285675,0.8353918403800735,0.8403071965304688,0.9511462078541907,COMPLETE
570,0.8378107771045981,2026-06-02 00:42:12.055677,2026-06-02 00:42:49.481700,0 days 00:00:37.426023,0.910714826648002,0.742631109790286,0.015422735231971225,16,10,0.0001733935403787105,1400,247,0.00029052867008608316,1.3965101108638042e-07,0.8789394479163288,0.8378107771045981,0.8344105811009898,0.8412703661264155,0.9509454083621791,COMPLETE
571,0.8372576095013641,2026-06-02 00:42:49.491158,2026-06-02 00:43:27.756522,0 days 00:00:38.265364,0.9030015342425074,0.7011884348845924,0.015225419795031826,16,10,0.002948095218886735,1400,255,0.00027832382658786556,1.9042723756191004e-07,0.8786340908791366,0.8372576095013641,0.8345932919345523,0.8399672459643502,0.9508485474125586,COMPLETE
572,0.8366648509731117,2026-06-02 00:43:27.766497,2026-06-02 00:44:04.885925,0 days 00:00:37.119428,0.9121071843671256,0.738396737016803,0.01527385533137757,16,10,0.002195172309873362,1380,247,0.0002734951768200266,1.6576613586552862e-07,0.878065486276809,0.8366648509731117,0.8331343711119713,0.8402505216508561,0.9507107690164148,COMPLETE
573,0.8371929932445222,2026-06-02 00:44:04.895755,2026-06-02 00:44:42.509913,0 days 00:00:37.614158,0.9056239359490629,0.6688811701611616,0.015727719099868812,16,10,0.0044026807025336215,1400,247,0.00020810973470385697,1.3874446080039107e-07,0.8784550808850319,0.8371929932445222,0.8336320958828504,0.8408171163606495,0.9507898171339964,COMPLETE
574,0.8344991858854982,2026-06-02 00:44:42.519531,2026-06-02 00:45:16.833247,0 days 00:00:34.313716,0.9077802531088638,0.6532292774587423,0.015001263652612862,10,10,0.00039064777018824916,1380,247,0.00017974903207807394,1.082343719288653e-07,0.8752119237563992,0.8344991858854982,0.8228678407270298,0.8464829816002187,0.9493537611680516,COMPLETE
575,0.8288083135385348,2026-06-02 00:45:16.843132,2026-06-02 00:45:42.063383,0 days 00:00:25.220251,0.9001720870982675,0.7092666275332938,0.015623709740729222,8,10,3.1545740300326504e-05,1400,239,0.0001265421940211028,1.46679493362489e-07,0.869420556820443,0.8288083135385348,0.808240196573642,0.8504774434869953,0.946503779706692,COMPLETE
576,0.8354878229839339,2026-06-02 00:45:42.081862,2026-06-02 00:46:24.360596,0 days 00:00:42.278734,0.9095713735925658,0.754298875032564,0.0159212844973501,16,40,0.0051477042229768535,1400,255,0.00033970028844763494,2.740135568752695e-07,0.8769598550184029,0.8354878229839339,0.830445200947307,0.8406188000263853,0.9501923758139283,COMPLETE
577,0.8378830291582983,2026-06-02 00:46:24.369860,2026-06-02 00:47:02.348857,0 days 00:00:37.978997,0.8963326678047644,0.6612684129521967,0.015477718747396915,16,10,0.0031522081202323728,1400,247,0.0002955621495081328,1.0171887887409539e-07,0.8790236844894889,0.8378830291582983,0.8346949686094809,0.8411287391173577,0.9508968313860007,COMPLETE
578,0.8379500540118675,2026-06-02 00:47:02.358385,2026-06-02 00:47:40.238350,0 days 00:00:37.879965,0.8954241940659835,0.6808364146168101,0.015658174560619707,16,10,0.0025709760219923454,1400,247,0.0001275817788635606,8.765918281865938e-08,0.8791711075565098,0.8379500540118675,0.8354399841677628,0.8405054863811445,0.9508955081868593,COMPLETE
579,0.8370769991627199,2026-06-02 00:47:40.247884,2026-06-02 00:48:18.805842,0 days 00:00:38.557958,0.8993245529452438,0.6715964181737272,0.015208931837563913,16,10,0.006349737125218356,1400,255,0.00010754361143062961,9.58668513630223e-08,0.8784340181660392,0.8370769991627199,0.83395703605177,0.840250531281252,0.9507316619480314,COMPLETE
580,0.837137888773761,2026-06-02 00:48:18.815467,2026-06-02 00:48:56.616149,0 days 00:00:37.800682,0.8960874810627336,0.6832564800456526,0.015813933931526615,16,10,0.0032534017173461195,1400,247,0.00015282818274679386,1.0747697666119479e-07,0.8784550772261732,0.837137888773761,0.8338604564414552,0.840477151348937,0.9508233504184528,COMPLETE
581,0.8377992933623183,2026-06-02 00:48:56.625946,2026-06-02 00:49:34.880121,0 days 00:00:38.254175,0.9038029940340087,0.664308314767589,0.015535677691105969,16,10,0.007037998544353125,1400,255,0.0003004177686742971,1.763162799173704e-07,0.8791395199641793,0.8377992933623183,0.83581264676963,0.839825573210912,0.9507882043207324,COMPLETE
582,0.8371960393596716,2026-06-02 00:49:34.899385,2026-06-02 00:50:12.775679,0 days 00:00:37.876294,0.9122154947891898,0.6637674238618816,0.015188097152844578,16,10,0.004869354661172935,1380,255,0.00024084486435254498,1.5377558995902225e-07,0.8783603071314637,0.8371960393596716,0.8329756423674816,0.8414970078624912,0.9507638346117657,COMPLETE
583,0.8371189516028495,2026-06-02 00:50:12.784936,2026-06-02 00:50:50.559614,0 days 00:00:37.774678,0.9044346912072138,0.6581360096370433,0.015770170113999765,16,10,0.007349682504913681,1400,247,0.00012470149692031567,7.228793921109887e-08,0.8784340288099918,0.8371189516028495,0.8337666255103361,0.8405338503045394,0.95087920296418,COMPLETE
584,0.8371575985942347,2026-06-02 00:50:50.569210,2026-06-02 00:51:29.060721,0 days 00:00:38.491511,0.9025903196018329,0.6766106542464994,0.015390872160651598,16,10,0.0034062515399642815,1400,255,0.00025361431811183124,1.464638925407783e-07,0.8785393244432859,0.8371575985942347,0.8343391927915675,0.8400239160287649,0.9507831188051218,COMPLETE
585,0.8378377349452725,2026-06-02 00:51:29.069888,2026-06-02 00:52:06.175959,0 days 00:00:37.106071,0.9109677352003127,0.6679558048519767,0.016189749924121838,16,10,0.00024483946898551726,1400,247,0.00034353748040673885,2.520658676675751e-07,0.8790868610046444,0.8378377349452725,0.8353013032099105,0.8404204812845223,0.950842803722335,COMPLETE
586,0.8371612857733742,2026-06-02 00:52:06.186444,2026-06-02 00:52:43.353908,0 days 00:00:37.167464,0.9108971326910289,0.6688578824347748,0.016021382494664647,16,10,8.86446122696765e-05,1400,247,0.00032819643159747244,1.8320857381481872e-07,0.87856037119635,0.8371612857733742,0.8344842523842265,0.8398822095689414,0.9509055108646348,COMPLETE
587,0.8339403387897764,2026-06-02 00:52:43.364141,2026-06-02 00:53:28.363256,0 days 00:00:44.999115,0.8926238973703363,0.6641714539491135,0.015201802888368844,16,80,0.0030224558044440806,1400,255,0.0001845580848979496,7.499888710745266e-08,0.8752856178271751,0.8339403387897764,0.8255243613804194,0.8425451777398619,0.9494938299265261,COMPLETE
588,0.8372648812602962,2026-06-02 00:53:28.372636,2026-06-02 00:54:05.447651,0 days 00:00:37.075015,0.9013332602058859,0.6782417294074097,0.01505177731614858,16,10,0.006738242746966905,1380,247,0.00017169343613057086,1.148050668448028e-07,0.8782760708909273,0.8372648812602962,0.8321298693591442,0.8424885389742337,0.9507365322131585,COMPLETE
589,0.8375031770303556,2026-06-02 00:54:05.457675,2026-06-02 00:54:44.162216,0 days 00:00:38.704541,0.9115568321341927,0.6542676807259084,0.015665475859108692,16,10,0.0032703612267950253,1400,255,0.0003361655822825229,3.3242560865437183e-07,0.8787815096220518,0.8375031770303556,0.8345805562291669,0.8404771995009163,0.9507902241123949,COMPLETE
590,0.83770174752474,2026-06-02 00:54:44.172203,2026-06-02 00:55:21.077799,0 days 00:00:36.905596,0.8914933994640958,0.6739546304445067,0.016125344015807397,16,10,0.0002663573210116019,1380,247,9.837320828719144e-05,6.759172137941801e-08,0.8788446764911253,0.83770174752474,0.8341995352430217,0.8412703974252019,0.9508794896002755,COMPLETE
591,0.8374207311811436,2026-06-02 00:55:21.087710,2026-06-02 00:55:58.366730,0 days 00:00:37.279020,0.8876615525525965,0.6823223644745895,0.016093539941101805,16,10,0.005952368038499308,1380,247,0.0001128108493588185,8.939153941615556e-08,0.8787814969823583,0.8374207311811436,0.83494500000884,0.8399388748181583,0.9507805009837916,COMPLETE
592,0.8374540674144342,2026-06-02 00:55:58.376384,2026-06-02 00:56:36.802293,0 days 00:00:38.425909,0.8928723671810604,0.6719808089493906,0.016231242887259478,16,10,0.002969238926663677,1400,255,0.00010694820453458967,7.318757412414756e-08,0.8789078503452926,0.8374540674144342,0.8356594230746603,0.8392872798269405,0.9509185399736538,COMPLETE
593,0.8377153074029581,2026-06-02 00:56:36.812214,2026-06-02 00:57:14.192290,0 days 00:00:37.380076,0.8882590999520663,0.6721840986670925,0.015644920712959174,16,10,0.007313703781885131,1380,247,0.0001608544698850346,1.634712143429254e-07,0.8788973244740843,0.8377153074029581,0.834529629349903,0.8409587698532959,0.9507912060167106,COMPLETE
594,0.8372549320371719,2026-06-02 00:57:14.201826,2026-06-02 00:57:51.094294,0 days 00:00:36.892468,0.8991641029856927,0.6732604500039568,0.01578850815706233,16,10,5.486576331137141e-05,1380,247,6.651171116239727e-05,1.9286096363852556e-07,0.8785919564603161,0.8372549320371719,0.8343123150900871,0.8402504783140747,0.950929358022948,COMPLETE
595,0.8373216389457596,2026-06-02 00:57:51.104100,2026-06-02 00:58:29.069690,0 days 00:00:37.965590,0.890041438440538,0.6796099248680854,0.01501800247906852,16,10,0.008282174201170356,1400,247,0.00014783008425915624,2.2770578461993563e-07,0.8784761342905663,0.8373216389457596,0.8332489554338028,0.8414686680150858,0.9506588255214773,COMPLETE
596,0.8368802603489547,2026-06-02 00:58:29.078856,2026-06-02 00:59:06.341206,0 days 00:00:37.262350,0.9050053616173807,0.6606083738635173,0.01633101458405877,16,10,0.007585312790768341,1380,247,6.434387153564025e-05,1.4343445088258282e-07,0.8783392490692004,0.8368802603489547,0.8341214395353074,0.839683905272672,0.9507962485617032,COMPLETE
597,0.836842232760097,2026-06-02 00:59:06.350643,2026-06-02 00:59:44.267685,0 days 00:00:37.917042,0.9134476825860072,0.6704891334295033,0.015557595626115821,16,10,0.005439228756932078,1380,255,0.0002177360622680426,2.941797323277868e-07,0.8782866150564291,0.836842232760097,0.8339074835576757,0.8398256117324956,0.9507067104407777,COMPLETE
598,0.8368142685579681,2026-06-02 00:59:44.277552,2026-06-02 01:00:22.164634,0 days 00:00:37.887082,0.8963003221002639,0.6644867817882463,0.016198663577163423,12,10,0.002680336677173055,1400,247,9.030809028694566e-05,1.1580864058710723e-07,0.8780233638324351,0.8368142685579681,0.8322374067476375,0.8414686607922889,0.9503435673345151,COMPLETE
599,0.8365852980330369,2026-06-02 01:00:22.174226,2026-06-02 01:01:00.487972,0 days 00:00:38.313746,0.8889865402143778,0.6581168199677828,0.015644860580870217,16,10,0.008520962805687022,1380,255,0.00016258741737474645,1.8022298099283801e-07,0.87806548162008,0.8365852980330369,0.8334599449835837,0.8397689512984766,0.9507735723448958,COMPLETE
600,0.8374596944297107,2026-06-02 01:01:00.496916,2026-06-02 01:01:36.830268,0 days 00:00:36.333352,0.9021429422257818,0.6685995094962213,0.016242556361520454,16,10,0.0048705409387824914,1360,247,0.00032730771122540153,4.3446388694133636e-07,0.8786446177482156,0.8374596944297107,0.8338212827297773,0.8411570910027578,0.9508755898499112,COMPLETE
601,0.8357819930230838,2026-06-02 01:01:36.839815,2026-06-02 01:02:19.360632,0 days 00:00:42.520817,0.9075128209871478,0.6765722868362631,0.015672113359400854,16,50,0.002303288455436363,1400,247,0.00026565227719660964,6.559683800832278e-08,0.8769493218294772,0.8357819930230838,0.829203906988234,0.8424885341590359,0.950035178850145,COMPLETE
602,0.836956579282257,2026-06-02 01:02:19.379794,2026-06-02 01:02:57.918799,0 days 00:00:38.539005,0.8256814196962071,0.6628403897457498,0.015553300223868097,16,10,0.007946612863461426,1360,255,9.207698678485273e-05,1.1578225152026596e-07,0.8783603154470518,0.836956579282257,0.8339456003347676,0.8400239136211659,0.9506903340964268,COMPLETE
603,0.8376895977998013,2026-06-02 01:02:57.928196,2026-06-02 01:03:35.067736,0 days 00:00:37.139540,0.8971859587485154,0.650158044183705,0.016262033883046666,16,10,0.00019783450882152314,1380,247,0.00019833257274115616,2.71904388898164e-07,0.8789394479163288,0.8376895977998013,0.8349165531893054,0.8405054767507485,0.9510456950683873,COMPLETE
604,0.8380184085124992,2026-06-02 01:03:35.076861,2026-06-02 01:04:12.653385,0 days 00:00:37.576524,0.8860598625209819,0.650684705113115,0.01627349188685148,16,10,9.617375666504029e-05,1380,247,0.00018918558107305954,3.0309886952654764e-07,0.8792237552068453,0.8380184085124992,0.8355122725638796,0.840562161260757,0.950923823014421,COMPLETE
605,0.8374385605352077,2026-06-02 01:04:12.662355,2026-06-02 01:04:49.810007,0 days 00:00:37.147652,0.9152395057231241,0.6540147749127645,0.016380928697987174,16,10,0.00031739740376838285,1380,247,0.00018814856683740112,3.954622681006022e-07,0.8786656807998319,0.8374385605352077,0.8340372850082893,0.8409021142344747,0.9508690845878381,COMPLETE
606,0.8379647586249419,2026-06-02 01:04:49.820082,2026-06-02 01:05:27.567238,0 days 00:00:37.747156,0.8984159774200307,0.6519735592879453,0.015035196573346248,16,10,0.0001360809096097277,1400,247,0.00013571365887649482,2.4710126814058235e-07,0.8789499707939257,0.8379647586249419,0.8338596477651987,0.8421485811853181,0.9509547463725109,COMPLETE
607,0.8341384871662813,2026-06-02 01:05:27.577292,2026-06-02 01:06:10.629448,0 days 00:00:43.052156,0.7332610390462478,0.6509076935802327,0.015071852602231615,16,110,0.0005523791071266608,1400,247,0.00013236664354566554,8.098380649153208e-07,0.874948677521758,0.8341384871662813,0.822569372685122,0.8460580451982694,0.9484283454277795,COMPLETE
608,0.8373939571541352,2026-06-02 01:06:10.639648,2026-06-02 01:06:49.270266,0 days 00:00:38.630618,0.9026951806098754,0.6501653686729736,0.016312342545959015,16,10,0.00027001306428292224,1400,255,0.00013310546669682873,3.0672002443451463e-07,0.8788657415384828,0.8373939571541352,0.8356326768358057,0.8392023517734852,0.9510407723326125,COMPLETE
609,0.8373770160744288,2026-06-02 01:06:49.279392,2026-06-02 01:07:26.471887,0 days 00:00:37.192495,0.9088216576674237,0.6552129046377488,0.015497418844155711,16,10,0.0031255740776817533,1380,247,0.00021276886575411752,5.294462542913314e-07,0.8785287852671368,0.8373770160744288,0.8333818176131064,0.8414403570588681,0.9507968327909508,COMPLETE
610,0.8378973660030203,2026-06-02 01:07:26.481737,2026-06-02 01:08:03.942798,0 days 00:00:37.461061,0.8973937974160456,0.6579219784851722,0.016016828376145705,16,10,0.0003629204562199859,1360,255,0.0003576627980839166,2.567965292787485e-07,0.87915004417227,0.8378973660030203,0.8355039714961018,0.8403355002638898,0.9509456591366704,COMPLETE
611,0.8375644390336084,2026-06-02 01:08:03.960747,2026-06-02 01:08:41.291732,0 days 00:00:37.330985,0.8989161874432482,0.6501805044524318,0.01587585675875972,16,10,0.000687586229999437,1360,255,0.0003620186149930373,2.502883585104071e-07,0.8789078609892451,0.8375644390336084,0.835210773468805,0.8399672628175429,0.9509527957757754,COMPLETE
612,0.8371233101633538,2026-06-02 01:08:41.301533,2026-06-02 01:09:20.320061,0 days 00:00:39.018528,0.9075731990349487,0.6598303629959925,0.015009067874014083,16,10,0.002232266529867537,1400,255,8.889648860326971e-05,2.977443253838993e-07,0.8783181896764427,0.8371233101633538,0.8329999633542525,0.8413270289680334,0.9509470183594358,COMPLETE
613,0.8374333288594434,2026-06-02 01:09:20.329501,2026-06-02 01:09:58.082319,0 days 00:00:37.752818,0.9000311265313088,0.6590041255469151,0.016411624670087655,16,10,0.0028787682334769134,1360,255,0.00020611545994014604,5.83384363857017e-07,0.8788341456305643,0.8374333288594434,0.8352340685587651,0.8396839221258648,0.9508762998682762,COMPLETE
614,0.8381733538865648,2026-06-02 01:09:58.101304,2026-06-02 01:10:35.162329,0 days 00:00:37.061025,0.9159859045758032,0.663110068891764,0.01566633511205076,16,10,0.00043689342567056633,1380,247,0.0002554876843224362,4.2249006149651026e-07,0.8790763381270477,0.8381733538865648,0.8338486214281774,0.8425735633316475,0.9509064949014127,COMPLETE
615,0.8371667407296938,2026-06-02 01:10:35.176120,2026-06-02 01:11:11.913602,0 days 00:00:36.737482,0.9181003555610011,0.6656567386437305,0.01566485367049175,16,10,0.0007274242774473375,1380,247,0.0002582080474173493,4.380403206266277e-07,0.8783919037046295,0.8371667407296938,0.8333070878662218,0.8411004161231452,0.9508804492241936,COMPLETE
616,0.8380014479978425,2026-06-02 01:11:11.932609,2026-06-02 01:11:49.866155,0 days 00:00:37.933546,0.9145055610286965,0.6574356365760281,0.016161329359811884,16,10,0.0002575873561904694,1400,247,0.0001467455137168052,8.047507919674013e-07,0.8791079200647784,0.8380014479978425,0.8347645108960942,0.8412986650446385,0.9509165256618514,COMPLETE
617,0.8373160266958249,2026-06-02 01:11:49.875022,2026-06-02 01:12:27.194230,0 days 00:00:37.319208,0.916228775040815,0.6578705813128937,0.015969687571371828,16,10,0.00020430743383801579,1400,247,0.000140927045260676,5.499760650900575e-07,0.8786130258317791,0.8373160266958249,0.8342167969531258,0.8404771633869318,0.9509022903539824,COMPLETE
618,0.8375693778229927,2026-06-02 01:12:27.204029,2026-06-02 01:13:04.878199,0 days 00:00:37.674170,0.9143965802817232,0.6627661547201031,0.015466695747709074,16,10,0.0025314050194324015,1400,247,6.728789361448958e-05,9.411789901938421e-07,0.8786235586880814,0.8375693778229927,0.8332407607971152,0.8419786215516519,0.9508052547777837,COMPLETE
619,0.8376633430670961,2026-06-02 01:13:04.888507,2026-06-02 01:13:41.892181,0 days 00:00:37.003674,0.9199343171276435,0.6537696207184973,0.01633969350544658,16,10,0.0006030693607113466,1360,255,8.810396067564004e-05,2.805646517497481e-07,0.8788552060211924,0.8376633430670961,0.8344532577269154,0.8409304155602966,0.9509616991085794,COMPLETE
620,0.8371917238862093,2026-06-02 01:13:41.902075,2026-06-02 01:14:19.024093,0 days 00:00:37.122018,0.9192947555697556,0.6500634841805399,0.016506696457581547,16,10,0.0006642783601265132,1360,255,9.390733588798376e-05,3.58713564232614e-07,0.8786235550292227,0.8371917238862093,0.8347787147840743,0.8396555967240533,0.9509141724172482,COMPLETE
621,0.838048030818871,2026-06-02 01:14:19.033933,2026-06-02 01:14:56.861653,0 days 00:00:37.827720,0.9187716562910979,0.6587570538250715,0.015038720475010136,16,10,0.0024304237783549744,1360,255,0.00015339389601635582,7.164982900716903e-07,0.8790131609466451,0.838048030818871,0.8339334164948001,0.8422335814667424,0.9508277976460485,COMPLETE
622,0.8373751560809476,2026-06-02 01:14:56.871029,2026-06-02 01:15:37.375195,0 days 00:00:40.504166,0.9228738323060445,0.6568777132245341,0.015113839573649708,16,10,0.0003511734191948897,1360,255,5.3123927523975755e-05,9.235415497873365e-07,0.878581444226672,0.8373751560809476,0.8337531862582979,0.8410721027593283,0.9508075081628317,COMPLETE
623,0.8377640967564309,2026-06-02 01:15:37.383883,2026-06-02 01:16:14.657226,0 days 00:00:37.273343,0.9203432521280056,0.666380020268809,0.015045727491974739,16,10,0.0005259593435631055,1380,255,0.00012569695791565807,5.759000356097712e-07,0.8789394455879641,0.8377640967564309,0.8345926297123353,0.8409870735867168,0.9508276878868922,COMPLETE
624,0.8373558216518812,2026-06-02 01:16:14.676021,2026-06-02 01:16:53.463675,0 days 00:00:38.787654,0.9126745424006263,0.6689029443725987,0.015024895614250276,16,10,0.0032584719763691537,1400,255,0.00015297702300367307,5.478979520973413e-07,0.8786235570249638,0.8373558216518812,0.8341323310002645,0.8406471350585928,0.9508384145662926,COMPLETE
625,0.8373813780213583,2026-06-02 01:16:53.473520,2026-06-02 01:17:30.401511,0 days 00:00:36.927991,0.9186013433902311,0.6654920990739778,0.015560245271262978,16,10,0.0031556769560954407,1380,247,0.00012860424035150242,5.996202247552529e-07,0.8786024929754769,0.8373813780213583,0.8338702831402954,0.8409587409621082,0.9508711058308384,COMPLETE
626,0.8378384012525387,2026-06-02 01:17:30.411344,2026-06-02 01:18:08.383670,0 days 00:00:37.972326,0.9125759508784593,0.6738448172877747,0.015743505972496033,16,10,0.0004349008610498317,1400,255,0.00020215474132350393,1.347672926732648e-06,0.8790973971871816,0.8378384012525387,0.8353856092006486,0.8403355050790876,0.9509076297234871,COMPLETE
627,0.8373998440586057,2026-06-02 01:18:08.393516,2026-06-02 01:18:46.251005,0 days 00:00:37.857489,0.9154338377635509,0.6753092105917875,0.015057512233208005,16,10,4.260037663108443e-05,1400,255,0.0002732627094270997,1.0784764146798768e-06,0.878634088550772,0.8373998440586057,0.8339818466686539,0.8408737551262778,0.950830272513497,COMPLETE
628,0.8376641715993083,2026-06-02 01:18:46.259886,2026-06-02 01:19:24.469749,0 days 00:00:38.209863,0.9123761272214448,0.6707237418117985,0.015814810474879936,16,10,5.026422619885707e-05,1400,255,0.0001189578527755111,7.29368342649974e-07,0.8788762800493849,0.8376641715993083,0.8345610973360099,0.8408171380290401,0.9508859429730835,COMPLETE
629,0.837402780747667,2026-06-02 01:19:24.489236,2026-06-02 01:20:01.616696,0 days 00:00:37.127460,0.9216798365706702,0.6808653018298,0.01551547414018639,16,10,0.004206891278275609,1360,255,0.00018575190388899526,7.539330869712663e-07,0.8786656721516205,0.837402780747667,0.8342115972305711,0.840647123020598,0.9507576598183723,COMPLETE
630,0.8370997535161543,2026-06-02 01:20:01.625914,2026-06-02 01:20:38.952105,0 days 00:00:37.326191,0.9123714693342068,0.689515433307279,0.01583446787022682,16,10,0.003746452610117832,1400,247,0.0002949005783694011,4.894023054416893e-07,0.878518259728552,0.8370997535161543,0.834437461051159,0.8398256021020997,0.9506997328553588,COMPLETE
631,0.8372854833624235,2026-06-02 01:20:38.961710,2026-06-02 01:21:15.673747,0 days 00:00:36.712037,0.9177181384747103,0.661973211696506,0.015038726185644996,16,10,0.003664791337612454,1360,247,6.596328476532854e-05,1.2688189160761883e-06,0.8783076638052343,0.8372854833624235,0.8322616695414525,0.8424035386928095,0.9507697817089985,COMPLETE
