number,value,datetime_start,datetime_complete,duration,params_bagging_fraction,params_feature_fraction,params_learning_rate,params_max_depth,params_min_child_samples,params_min_split_gain,params_n_estimators,params_num_leaves,params_reg_alpha,params_reg_lambda,user_attrs_accuracy,user_attrs_f1,user_attrs_precision,user_attrs_recall,user_attrs_roc_auc,state
191,0.8361219133625243,2026-06-01 21:25:36.443254,2026-06-01 21:26:05.855170,0 days 00:00:29.411916,0.9419257767261161,0.935483241203312,0.020016980248881853,-1,20,0.07796085363957671,1320,183,0.002223902129187238,1.8656760345371875e-05,0.8773389217596762,0.8361219133625243,0.8304577554186653,0.8418936429386185,0.9502000691422056,COMPLETE
192,0.8362417878140245,2026-06-01 21:26:05.864383,2026-06-01 21:26:35.044052,0 days 00:00:29.179669,0.9450145500195044,0.9282606244311417,0.02020548548357818,-1,20,0.07774557621105281,1340,175,0.002421919555653029,2.8657208524557627e-05,0.8773915690773881,0.8362417878140245,0.8303107046920627,0.8422902370855633,0.9502482346938558,COMPLETE
193,0.8357720212697538,2026-06-01 21:26:35.053167,2026-06-01 21:27:04.174961,0 days 00:00:29.121794,0.9487878522666758,0.9289297759951806,0.019484366360945485,-1,20,0.0736181492286354,1300,183,0.0011915655687519619,2.3747616458086724e-05,0.8769598593425086,0.8357720212697538,0.8292991213083648,0.8423752662581752,0.9500885958887325,COMPLETE
194,0.8355422519493539,2026-06-01 21:27:04.183651,2026-06-01 21:27:33.946073,0 days 00:00:29.762422,0.9491248957127137,0.9273619655391909,0.020199023868168617,-1,30,0.0788323313575758,1340,175,0.0025231755772898573,4.681887442753417e-05,0.8767387355522415,0.8355422519493539,0.8287452699993287,0.8424885654578222,0.9500053834242079,COMPLETE
195,0.836387385200923,2026-06-01 21:27:33.955274,2026-06-01 21:28:04.288329,0 days 00:00:30.333055,0.9492323580135679,0.9352560360757599,0.022172840889723332,-1,20,0.07508288747638842,1380,183,0.003743593686347638,1.8398430554468772e-05,0.8779075276924978,0.836387385200923,0.8332189976810184,0.8396272448386531,0.950271860299441,COMPLETE
196,0.8362168261174961,2026-06-01 21:28:04.297847,2026-06-01 21:28:33.866620,0 days 00:00:29.568773,0.9495800279636177,0.9363642506441727,0.02165250944278205,-1,20,0.0755905532873855,1380,175,0.000628597781738724,9.70671195078884e-05,0.8776758767005282,0.8362168261174961,0.8323285921898665,0.8401655478530206,0.9501886004117535,COMPLETE
197,0.83611103368372,2026-06-01 21:28:33.875661,2026-06-01 21:29:02.819367,0 days 00:00:28.943706,0.949751685524978,0.9361759503360939,0.021801859072371577,-1,20,0.07514381745722583,1360,175,0.0026372118603221724,0.00010106806456670822,0.8775600462151906,0.83611103368372,0.8319719696532851,0.8403355074866866,0.9503056236915305,COMPLETE
198,0.8361460292699369,2026-06-01 21:29:02.828035,2026-06-01 21:29:32.884148,0 days 00:00:30.056113,0.9496551566661955,0.9336566957926467,0.020291514186912,-1,20,0.07540525719008516,1400,175,0.0005593144101652463,0.0001056149267925376,0.8774336968437383,0.8361460292699369,0.8309713162176235,0.8414120196190616,0.9501888569666611,COMPLETE
199,0.8358470336808074,2026-06-01 21:29:32.902634,2026-06-01 21:30:02.961440,0 days 00:00:30.058806,0.9481096226080088,0.9360136566846364,0.020144571949582277,-1,20,0.07670717934433952,1400,175,0.003754489011016285,0.0001421986024820163,0.8772441672982721,0.8358470336808074,0.8308839985693771,0.8409021118268759,0.9500724609442467,COMPLETE
200,0.8357673461073883,2026-06-01 21:30:02.979941,2026-06-01 21:30:33.552093,0 days 00:00:30.572152,0.9497884120698363,0.9425498191659913,0.017602040466034863,-1,20,0.075271534169847,1360,183,0.0007584442913493489,1.495923405907379e-05,0.8768650872520581,0.8357673461073883,0.8286833260699488,0.8429984732500082,0.9501049319086453,COMPLETE
201,0.8352838334276349,2026-06-01 21:30:33.561254,2026-06-01 21:31:02.437601,0 days 00:00:28.876347,0.9445908026972321,0.9343139680535493,0.019008699409976095,-1,20,0.07221251458015654,1380,167,0.0015838016270597298,5.902981966199192e-05,0.8764438980664108,0.8352838334276349,0.8278202834687837,0.8429135042673704,0.9500336093132605,COMPLETE
202,0.8349976400925562,2026-06-01 21:31:02.446942,2026-06-01 21:31:31.660963,0 days 00:00:29.214021,0.9433886730906348,0.9436453272384903,0.021822780588773568,-1,30,0.07885023491470604,1320,175,0.0006700513140620059,2.648718775384798e-05,0.876507073251072,0.8349976400925562,0.8293772425842887,0.8407321570084076,0.9499557751028401,COMPLETE
203,0.8357406275982152,2026-06-01 21:31:31.670617,2026-06-01 21:31:59.334713,0 days 00:00:27.664096,0.9497587722695942,0.9231344761108318,0.02071755886485002,-1,20,0.0743138040128153,1240,183,0.00041510214436341514,7.612668177011281e-06,0.8769598616708733,0.8357406275982152,0.8294262913257614,0.842176945108713,0.9502108736728742,COMPLETE
204,0.8353223773665682,2026-06-01 21:31:59.343800,2026-06-01 21:32:27.297661,0 days 00:00:27.953861,0.9429299517853132,0.9342251764486085,0.02181181128337398,-1,20,0.0691318996227433,1260,183,0.005905935698861764,8.930607887109618e-05,0.8768966848230942,0.8353223773665682,0.8306731665933729,0.8400522390229774,0.9502389660309682,COMPLETE
205,0.8362370297208561,2026-06-01 21:32:27.306654,2026-06-01 21:32:58.494746,0 days 00:00:31.188092,0.9426528844766296,0.9302327369978055,0.01970998590774488,-1,20,0.07882110958637781,1360,191,0.003779725682267972,3.737439390458244e-05,0.8775811092668069,0.8362370297208561,0.8315787790606638,0.8409871048855031,0.9502492641950354,COMPLETE
206,0.835951657433461,2026-06-01 21:32:58.503257,2026-06-01 21:33:29.486341,0 days 00:00:30.983084,0.9499341669659409,0.9311434742424897,0.02012918216774473,-1,20,0.07926521523037895,1360,191,0.0022436338023135104,1.420527687681375e-05,0.8773705176675949,0.835951657433461,0.8313207911591735,0.8406755013895867,0.9501501977903483,COMPLETE
207,0.8354587980211755,2026-06-01 21:33:29.495242,2026-06-01 21:34:00.611281,0 days 00:00:31.116039,0.9425290369515507,0.9390568791848504,0.01933104084808542,-1,30,0.08335046226321752,1320,191,0.003694539359785949,4.270719198065618e-05,0.8768229651403076,0.8354587980211755,0.8296491178616957,0.8413836821792554,0.9500347133247254,COMPLETE
208,0.8362859323713986,2026-06-01 21:34:00.620487,2026-06-01 21:34:31.001244,0 days 00:00:30.380757,0.9411547210438628,0.9268244001345466,0.021696349601236068,-1,20,0.07729216937329374,1380,183,0.00021195006849337943,0.00024089122529708087,0.8778654195509349,0.8362859323713986,0.8333161243682653,0.8393156581959295,0.9504095065827981,COMPLETE
209,0.8362110158663697,2026-06-01 21:34:31.019903,2026-06-01 21:35:01.752843,0 days 00:00:30.732940,0.9441972176231085,0.9489550904784172,0.021563333913119834,-1,20,0.07674316313065685,1400,183,0.00015101883191814274,6.512614172300892e-05,0.8778654188856879,0.8362110158663697,0.833607565327584,0.8388623987997677,0.9503840526093986,COMPLETE
210,0.8362044417359787,2026-06-01 21:35:01.762173,2026-06-01 21:35:31.937170,0 days 00:00:30.174997,0.9423866936113819,0.9477579762230771,0.021465495615691943,-1,20,0.07594338997404079,1380,183,0.0001868439659890818,0.00026701658359851177,0.8777601245828878,0.8362044417359787,0.8329477791028751,0.8395139769377925,0.9503283218977416,COMPLETE
211,0.8355152105849278,2026-06-01 21:35:31.955784,2026-06-01 21:36:02.286052,0 days 00:00:30.330268,0.944222508836399,0.9495370791676251,0.02197296919015694,-1,20,0.0767171217380142,1380,183,0.0002848297028191883,0.000280446023955237,0.877202041527663,0.8355152105849278,0.8319592365687809,0.8391456865242685,0.9501863870509499,COMPLETE
212,0.8354348760437684,2026-06-01 21:36:02.295962,2026-06-01 21:36:31.163201,0 days 00:00:28.867239,0.9499482771117528,0.944892417450737,0.021319157679037852,-1,20,0.08085879759056268,1400,167,0.00019940904838933217,3.354707009486489e-05,0.8767913798763417,0.8354348760437684,0.8295381465948252,0.8414403594664671,0.9500155126742061,COMPLETE
213,0.8358072459171284,2026-06-01 21:36:31.172717,2026-06-01 21:37:00.134331,0 days 00:00:28.961614,0.9423763303514894,0.9344651745279758,0.019928140606467037,-1,20,0.07688136278095342,1340,175,0.00014292605387059793,9.63342397802077e-05,0.8771388606884019,0.8358072459171284,0.8303647247805527,0.8413553856686313,0.9500751752423887,COMPLETE
214,0.8357990301882148,2026-06-01 21:37:00.143902,2026-06-01 21:37:28.724947,0 days 00:00:28.581045,0.9423448577578146,0.9377127608628968,0.018381301153438535,-1,20,0.0729300139415896,1300,175,9.12799521393775e-05,0.00018595322248942986,0.8768756154516311,0.8357990301882148,0.8286476229510651,0.8431118254168326,0.9500244159490293,COMPLETE
215,0.8358465795912334,2026-06-01 21:37:28.733111,2026-06-01 21:38:00.147032,0 days 00:00:31.413921,0.944346082811469,0.9444578520573083,0.021264152365949373,-1,30,0.07053767855046647,1380,183,0.0009533594634026292,1.980984419865726e-05,0.8773178723456242,0.8358465795912334,0.831386897624852,0.8403922232954817,0.9501900188750104,COMPLETE
216,0.8357605707724575,2026-06-01 21:38:00.155740,2026-06-01 21:38:30.740634,0 days 00:00:30.584894,0.9397204961748304,0.9292791420256465,0.020561924472884165,-1,20,0.07909917506079042,1340,191,0.006158384762720564,7.492413543260594e-05,0.8773283905664915,0.8357605707724575,0.8318259829194324,0.839768927222487,0.9504074035541814,COMPLETE
217,0.8359328116709211,2026-06-01 21:38:30.749454,2026-06-01 21:39:00.660845,0 days 00:00:29.911391,0.9454933472454555,0.9392951652734391,0.022061785083282385,-1,20,0.07563726219939161,1360,183,0.0014956497299953553,0.000261314444741102,0.8776232327090514,0.8359328116709211,0.8331147241771575,0.8388057431809467,0.9502568437093672,COMPLETE
218,0.8354584305649833,2026-06-01 21:39:00.670437,2026-06-01 21:39:29.529286,0 days 00:00:28.858849,0.9390527782805476,0.9240014891339734,0.02049325104294648,-1,20,0.08415762066199066,1260,191,0.0029186230957753646,0.0001428335393177361,0.8768966811642356,0.8354584305649833,0.8301370846547544,0.8408737888326633,0.950353570774213,COMPLETE
219,0.8366304907501063,2026-06-01 21:39:29.538688,2026-06-01 21:39:59.349529,0 days 00:00:29.810841,0.9495000144582924,0.9300039940922203,0.021478751715257014,-1,20,0.07966868590691338,1400,175,0.008889719571997981,9.83083235222297e-06,0.8778970121326184,0.8366304907501063,0.832112073966721,0.8412421105449739,0.950154520883158,COMPLETE
220,0.83496181335057,2026-06-01 21:39:59.358746,2026-06-01 21:40:28.758227,0 days 00:00:29.399481,0.9487570260622663,0.9494516055232571,0.019532419396576413,-1,30,0.08080321408542243,1400,159,0.008395016192126632,3.390890758687081e-05,0.876191181029213,0.83496181335057,0.8274324663829226,0.8426585323142852,0.9497138763847731,COMPLETE
221,0.8365958001696402,2026-06-01 21:40:28.766565,2026-06-01 21:40:57.481476,0 days 00:00:28.714911,0.9445622286355687,0.932106340516984,0.021367343266974825,-1,20,0.07793171962648549,1300,183,0.005240180193593867,1.1831922055640286e-05,0.8778338356174631,0.8365958001696402,0.8318456987713617,0.841440424471639,0.9503449416200863,COMPLETE
222,0.8363222163671183,2026-06-01 21:40:57.490300,2026-06-01 21:41:25.219139,0 days 00:00:27.728839,0.9499724609801765,0.9382457513430335,0.02220137960944032,-1,20,0.07419657008518184,1300,175,0.0049539546209067375,8.386575892779869e-06,0.877623222730346,0.8363222163671183,0.8315469835498628,0.841185377882986,0.9500282112046357,COMPLETE
223,0.8361914302165848,2026-06-01 21:41:25.228382,2026-06-01 21:41:53.109837,0 days 00:00:27.881455,0.949972381974033,0.9377647386063623,0.02214495307565349,-1,20,0.0746388287956484,1300,175,0.006254910328238405,9.985077840470955e-06,0.8775389884855503,0.8361914302165848,0.8315135738799873,0.8409587433697072,0.9500840777566816,COMPLETE
224,0.836628096646295,2026-06-01 21:41:53.128016,2026-06-01 21:42:21.097344,0 days 00:00:27.969328,0.9443800973894272,0.9379813964772044,0.022307171662822912,-1,20,0.07317816797756202,1300,175,0.004805489448405994,9.877545840430864e-06,0.8778654165573233,0.836628096646295,0.8319401708158992,0.8414120581406451,0.9502802959289713,COMPLETE
225,0.8363718677466521,2026-06-01 21:42:21.106204,2026-06-01 21:42:49.912348,0 days 00:00:28.806144,0.9422989939468268,0.9429848030794633,0.02240630445735457,-1,20,0.07199273901629184,1300,183,0.0052609338130865995,8.425614949423878e-06,0.8778654115679707,0.8363718677466521,0.8329535481570622,0.8398539178735153,0.9502981077677092,COMPLETE
226,0.8352436689763084,2026-06-01 21:42:49.921549,2026-06-01 21:43:16.599168,0 days 00:00:26.677619,0.9399416588056599,0.9439620618396511,0.022472457621976638,-1,20,0.06968254893561479,1280,167,0.005576104568089146,8.62441486097639e-06,0.8767176721680016,0.8352436689763084,0.8298040996596927,0.8407888054044318,0.950075155653079,COMPLETE
227,0.8354268549838064,2026-06-01 21:43:16.617387,2026-06-01 21:43:43.221014,0 days 00:00:26.603627,0.9498199984790393,0.9253411942444322,0.0230794358058028,-1,20,0.07341449977062621,1240,175,0.008605945552553894,4.9790995031985e-06,0.8769493344691708,0.8354268549838064,0.830613294980556,0.8403355484158689,0.9500608779304338,COMPLETE
228,0.8359479851540429,2026-06-01 21:43:43.230177,2026-06-01 21:44:11.085094,0 days 00:00:27.854917,0.9498944256362246,0.940379210009968,0.02193039142377207,-1,20,0.07230299746422478,1300,175,0.004241448926857255,2.113327649155405e-06,0.877254693502104,0.8359479851540429,0.8305587632277805,0.8414403955804515,0.9501453339747781,COMPLETE
229,0.8355176077071526,2026-06-01 21:44:11.093192,2026-06-01 21:44:37.735850,0 days 00:00:26.642658,0.9405159251621887,0.9297535922050838,0.022859549018423082,-1,20,0.06874609238433325,1280,167,0.00010291459880688347,9.19245763866642e-06,0.8768756201083604,0.8355176077071526,0.8297641700630974,0.841383711070443,0.9500871992682929,COMPLETE
230,0.8357256652739774,2026-06-01 21:44:37.753558,2026-06-01 21:45:09.256592,0 days 00:00:31.503034,0.94423952095392,0.9187021891427686,0.02138860264155646,-1,20,0.07575006198415421,1400,191,0.009963362910140019,1.1824336328964769e-05,0.877475811305148,0.8357256652739774,0.8329378730183784,0.838579091814475,0.9504724702608804,COMPLETE
231,0.8357005453555474,2026-06-01 21:45:09.266268,2026-06-01 21:45:38.384385,0 days 00:00:29.118117,0.9398859786736553,0.9352532538807152,0.0224549029283293,-1,20,0.07790932401040741,1320,183,0.006437003321634,1.7729005661249704e-05,0.8773494539507315,0.8357005453555474,0.8322105517012712,0.8392590073923062,0.9502982827638403,COMPLETE
232,0.8359397384133934,2026-06-01 21:45:38.393989,2026-06-01 21:46:07.663873,0 days 00:00:29.269884,0.9440047837684993,0.9457538248568298,0.021730972279928713,-1,20,0.08223385835746219,1320,183,0.0046970720575779,5.02587019007244e-06,0.8774547532428844,0.8359397384133934,0.8319588327947959,0.8399955809965576,0.9501761261501965,COMPLETE
233,0.8355673008401041,2026-06-01 21:46:07.674192,2026-06-01 21:46:37.960074,0 days 00:00:30.285882,0.9392987012895305,0.9314609694392535,0.023141743612875076,-1,30,0.0717634946785263,1380,175,0.00017958382680990917,1.1624357966024745e-05,0.8772546865170102,0.8355673008401041,0.8320839940748384,0.8391173418616652,0.95016334103251,COMPLETE
234,0.835562869961184,2026-06-01 21:46:37.969350,2026-06-01 21:47:06.663224,0 days 00:00:28.693874,0.9499363402629826,0.9402990127141646,0.02139590475776644,-1,20,0.07565220565217581,1300,183,0.0002809492837132945,0.00043848294189066395,0.8770756884973522,0.835562869961184,0.8309036351477807,0.8403071989380678,0.9501618017948167,COMPLETE
235,0.835399067138621,2026-06-01 21:47:06.672320,2026-06-01 21:47:37.433891,0 days 00:00:30.761571,0.9364405324969521,0.9252793234107873,0.01961622948914923,-1,20,0.079085146545961,1340,191,0.003407372250865958,3.6477129857857747e-05,0.8770335663856016,0.835399067138621,0.8312743958515979,0.8395989964800085,0.9503056726809039,COMPLETE
236,0.8358776511347723,2026-06-01 21:47:37.443096,2026-06-01 21:48:05.093899,0 days 00:00:27.650803,0.9431179252848592,0.9371230934056308,0.022260018090324973,-1,20,0.07411905338665502,1240,183,0.010252980114634146,7.809500505626931e-06,0.8773810458671679,0.8358776511347723,0.8316958654581271,0.8401372368968026,0.9501839112957523,COMPLETE
237,0.835599149084454,2026-06-01 21:48:05.103133,2026-06-01 21:48:34.316673,0 days 00:00:29.213540,0.9443458078286567,0.9455163158186026,0.02067400228067858,-1,20,0.08513179381071183,1360,175,0.00044828182736419297,5.5217163601686137e-05,0.8769914442738512,0.835599149084454,0.8302051655104022,0.8411004209383431,0.9501756994006776,COMPLETE
238,0.8362011125643155,2026-06-01 21:48:34.326284,2026-06-01 21:49:03.175587,0 days 00:00:28.849303,0.9356692831013709,0.9327999734527613,0.023629033530032716,-1,20,0.08148305494452947,1280,191,0.0066803857195056795,2.6481844630899892e-05,0.8779075280251213,0.8362011125643155,0.8339526401429929,0.8384941324622334,0.9504290519533128,COMPLETE
239,0.8349782060874339,2026-06-01 21:49:03.185199,2026-06-01 21:49:32.477741,0 days 00:00:29.292542,0.9350091302017131,0.9115752240439947,0.023667150485030812,-1,30,0.08133547041264287,1260,191,0.007141832090404601,3.0188333121573474e-05,0.8769387962908922,0.8349782060874339,0.8323434811006675,0.8376725898753442,0.9502012126031903,COMPLETE
240,0.8361677114446552,2026-06-01 21:49:32.487027,2026-06-01 21:50:01.045810,0 days 00:00:28.558783,0.9498420725626293,0.9209464123497935,0.023465560943255137,-1,20,0.07130409539320344,1280,191,0.004257492453283139,5.8339869333270916e-05,0.8778654142289587,0.8361677114446552,0.8337973134294886,0.8385791062600688,0.9502366325181458,COMPLETE
241,0.8367115380452766,2026-06-01 21:50:01.055143,2026-06-01 21:50:29.882289,0 days 00:00:28.827146,0.9456148238327318,0.92102333030895,0.023324385579530697,-1,20,0.07046441727459432,1280,191,0.004897376715522623,1.3941286829570858e-05,0.8782655486785776,0.8367115380452766,0.8343000549398972,0.8391740311868717,0.9502948584152561,COMPLETE
242,0.836403730145625,2026-06-01 21:50:29.890866,2026-06-01 21:50:58.406468,0 days 00:00:28.515602,0.9497362113149206,0.9190282423248605,0.02392377265608097,-1,20,0.06770868749897585,1280,191,0.004940918382603712,1.3582091957229657e-05,0.8781286564721178,0.836403730145625,0.8346324484087799,0.8382108158465448,0.9503110527788969,COMPLETE
243,0.8359460576315096,2026-06-01 21:50:58.415816,2026-06-01 21:51:27.281735,0 days 00:00:28.865919,0.9462761136177408,0.9167491275144817,0.023645749584220936,-1,20,0.06842344074401152,1280,191,0.00465437996126759,2.4999794769830093e-05,0.8776653498314492,0.8359460576315096,0.833345240892856,0.8386074533302711,0.9503330697155811,COMPLETE
244,0.8364150919630523,2026-06-01 21:51:27.299697,2026-06-01 21:51:55.159248,0 days 00:00:27.859551,0.9494127566893406,0.9207494262069912,0.022368541182685036,-1,20,0.07580877847304374,1220,191,0.005856664314552688,1.3469528132093606e-05,0.8778338289649926,0.8364150919630523,0.8325855027496868,0.840307186900073,0.9503027855088039,COMPLETE
245,0.8357737559522228,2026-06-01 21:51:55.168638,2026-06-01 21:52:23.055165,0 days 00:00:27.886527,0.9496946052834002,0.920986686974164,0.022409797477687995,-1,20,0.07119223453118725,1240,191,0.005884007920768935,1.2254428900180193e-05,0.8772652153818301,0.8357737559522228,0.8313374853960109,0.8403072037532658,0.9502452862174352,COMPLETE
246,0.8355169132870719,2026-06-01 21:52:23.073741,2026-06-01 21:52:50.964881,0 days 00:00:27.891140,0.9371478800531576,0.928608674445772,0.02331474784958118,-1,20,0.07877446937323626,1220,191,0.011448035256517617,1.7598975270791456e-05,0.8772757508991207,0.8355169132870719,0.8324195393189329,0.8386640969110971,0.9502412553036456,COMPLETE
247,0.8359008012097583,2026-06-01 21:52:50.973997,2026-06-01 21:53:19.139567,0 days 00:00:28.165570,0.944259948303404,0.9226613554351786,0.022145901077562955,-1,20,0.08244593285565202,1280,183,0.004434958368829759,6.634040846945265e-06,0.877359982482928,0.8359008012097583,0.8314690276090198,0.8404205125833087,0.9502596452579759,COMPLETE
248,0.835824232963183,2026-06-01 21:53:19.148729,2026-06-01 21:53:48.825477,0 days 00:00:29.676748,0.9389255180740095,0.9165212423748414,0.02128992699044082,-1,20,0.07412991037938593,1300,191,0.006793384846967261,6.330526235337698e-05,0.8773599831481751,0.835824232963183,0.8317904667291542,0.8399389181549397,0.9503718972878868,COMPLETE
249,0.8361379023950436,2026-06-01 21:53:48.834565,2026-06-01 21:54:15.742829,0 days 00:00:26.908264,0.9446378351964514,0.9282353580805667,0.023956400564111933,-1,20,0.06706507413106112,1220,183,0.0038451438287522865,1.1224366818158801e-05,0.8777179968165374,0.8361379023950436,0.8329177885691103,0.8394290055475558,0.9503207286890255,COMPLETE
250,0.8357219781702777,2026-06-01 21:54:15.752273,2026-06-01 21:54:44.459425,0 days 00:00:28.707152,0.9353019376750296,0.922682110648114,0.023029200289386258,-1,30,0.07772810560469516,1260,183,0.01103048554175799,1.2495952294459068e-06,0.8772862807618113,0.8357219781702777,0.8316992156504481,0.8398256237704903,0.9501632963946083,COMPLETE
251,0.8361917997565729,2026-06-01 21:54:44.469054,2026-06-01 21:55:13.813414,0 days 00:00:29.344360,0.9491108944537184,0.9113155439383319,0.02158180136024344,-1,20,0.0761529285303181,1300,191,0.00767553317000605,4.202510929284203e-05,0.877728524683487,0.8361917997565729,0.8327919440823895,0.839655618392444,0.95021329745008,COMPLETE
252,0.8360600527959589,2026-06-01 21:55:13.822366,2026-06-01 21:55:44.155004,0 days 00:00:30.332638,0.9415092911002219,0.910293915745881,0.021905186145747973,-1,20,0.08027799880204795,1340,191,0.0074449751867324485,2.3437258532682004e-05,0.8777179974817845,0.8360600527959589,0.8332441430491278,0.8389190496033906,0.9504335470386257,COMPLETE
253,0.8357952923452125,2026-06-01 21:55:44.164539,2026-06-01 21:56:12.615230,0 days 00:00:28.450691,0.9449529609457915,0.9310607374363858,0.021230857544756235,-1,20,0.07612850236609092,1320,175,0.008773583902677552,1.536034442090939e-05,0.8771283334866994,0.8357952923452125,0.8303468649095893,0.8413554001142253,0.9500329951538898,COMPLETE
