number,value,datetime_start,datetime_complete,duration,params_bagging_fraction,params_feature_fraction,params_learning_rate,params_max_depth,params_min_child_samples,params_min_split_gain,params_n_estimators,params_num_leaves,params_reg_alpha,params_reg_lambda,user_attrs_accuracy,user_attrs_f1,user_attrs_precision,user_attrs_recall,user_attrs_roc_auc,state
1324,0.837195774147638,2026-06-02 08:04:29.885230,2026-06-02 08:05:07.390496,0 days 00:00:37.505266,0.9290300526235192,0.6719658105359219,0.015007103963089899,16,10,0.0028478291437532433,1400,247,4.576318507119717e-05,4.4328265766768154e-07,0.878402430241085,0.837195774147638,0.8332836311699602,0.841185382698184,0.9507972106738366,COMPLETE
1325,0.8328631253243937,2026-06-02 08:05:07.401070,2026-06-02 08:05:31.484396,0 days 00:00:24.083326,0.9281539925205377,0.664974356094997,0.016193201663379685,16,10,0.007071625926473853,1360,119,2.5471912476169287e-05,9.87620484388382e-07,0.8734218760372449,0.8328631253243937,0.8177808613004719,0.848551053735524,0.9487869490360937,COMPLETE
1326,0.83805262990835,2026-06-02 08:05:31.494293,2026-06-02 08:06:07.271603,0 days 00:00:35.777310,0.9348971261201915,0.650800999942569,0.016806898102743436,16,10,3.9439541449975675e-05,1380,239,1.014121489190626e-05,6.392564465194751e-07,0.8791500425091524,0.83805262990835,0.8348716955439149,0.8412987228270135,0.9509411774627369,COMPLETE
1327,0.8371154958304241,2026-06-02 08:06:07.281783,2026-06-02 08:06:42.754881,0 days 00:00:35.473098,0.9390126875544327,0.674109625974034,0.015785383459199102,16,10,6.859698123019248e-05,1340,247,0.0001038084363210464,7.00404288362175e-05,0.8782234179186158,0.8371154958304241,0.8323732759341275,0.8419502865194447,0.9507981859858825,COMPLETE
1328,0.8375472489789603,2026-06-02 08:06:42.764514,2026-06-02 08:07:19.335760,0 days 00:00:36.571246,0.9438714566367958,0.6599301076073325,0.016191379965707155,16,10,0.0047231935214691895,1400,239,6.009361047766502e-05,0.0003368807604717095,0.8787077969243592,0.8375472489789603,0.833903288019985,0.8412703902024051,0.9508373863222938,COMPLETE
1329,0.8358041462090635,2026-06-02 08:07:19.345839,2026-06-02 08:07:54.188921,0 days 00:00:34.843082,0.9263328182698485,0.6676292660277656,0.026179093896915775,16,10,0.003077213610913649,1360,247,1.9745257237290782e-05,2.2182408513209415e-06,0.8786446107631217,0.8358041462090635,0.840696621610185,0.8310151237036626,0.9508631587398146,COMPLETE
1330,0.8363457905949868,2026-06-02 08:07:54.199734,2026-06-02 08:08:31.226975,0 days 00:00:37.027241,0.933033057767338,0.8417062605800238,0.015484286182725812,16,20,0.008672263972543406,1380,231,3.4000786275536365e-05,3.7945739868692876e-07,0.8775284606186009,0.8363457905949868,0.8308102803161486,0.841978631182048,0.9504483837524901,COMPLETE
1331,0.8370348072919898,2026-06-02 08:08:31.238046,2026-06-02 08:09:06.473976,0 days 00:00:35.235930,0.9424236975501312,0.6630703687738229,0.016808363007652864,16,10,0.002922970160180202,1300,247,0.00014573889754416946,0.12844160796133125,0.8782760688951862,0.8370348072919898,0.8330473254850356,0.8411003896395566,0.9507303984118914,COMPLETE
1332,0.8377296611662098,2026-06-02 08:09:06.483961,2026-06-02 08:09:42.880837,0 days 00:00:36.396876,0.9266788829452213,0.674573209073308,0.015459702061733223,16,10,0.005392827465525758,1400,239,6.576863788659929e-05,8.868007413377243e-07,0.8788130885661712,0.8377296611662098,0.8338631165159135,0.8416670036101417,0.9508107917570556,COMPLETE
1333,0.8344700863144657,2026-06-02 08:09:42.890510,2026-06-02 08:10:15.497168,0 days 00:00:32.606658,0.9499391085328976,0.6694425467272013,0.016113839151601157,10,10,0.010907330804960914,1340,247,4.853462704440393e-06,0.0001832978681524996,0.8752224506254782,0.8344700863144657,0.8230561240794674,0.8462280265003262,0.9491018170485847,COMPLETE
1334,0.8374711493060327,2026-06-02 08:10:15.508194,2026-06-02 08:10:50.599182,0 days 00:00:35.090988,0.9356927288831624,0.6819622355157701,0.017078690166041254,16,10,0.0027428394963562516,1360,239,9.495572849218857e-05,2.2099453864222201e-07,0.878749907061663,0.8374711493060327,0.8344996614552481,0.8405054671203528,0.9509582758241079,COMPLETE
1335,0.8369282604314098,2026-06-02 08:10:50.609976,2026-06-02 08:11:28.338625,0 days 00:00:37.728649,0.9315220263114448,0.6563711803672446,0.01593377498991723,16,10,0.0076969188232596745,1400,247,4.064851156482791e-05,0.05661704784954819,0.8783181923374309,0.8369282604314098,0.8337825879487263,0.8401372031904173,0.9507703317010754,COMPLETE
1336,0.836505406373138,2026-06-02 08:11:28.348428,2026-06-02 08:12:04.172297,0 days 00:00:35.823869,0.9248073760295644,0.6909430115708168,0.015542158581254456,16,20,0.0026292271206767586,1320,239,1.5795453643204175e-05,4.892786455628425e-07,0.8775705880523277,0.836505406373138,0.8304234718263978,0.842715207193898,0.950520420720738,COMPLETE
1337,0.8278849732425497,2026-06-02 08:12:04.182906,2026-06-02 08:12:28.339260,0 days 00:00:24.156354,0.9410163810387245,0.6642597589924107,0.01669924834394294,8,10,1.4461019857189145e-06,1380,231,0.00016216168717991678,0.5917734498883548,0.8684728778265013,0.8278849732425497,0.8059292869724296,0.8511006865928129,0.9461958664333338,COMPLETE
1338,0.8382492831755132,2026-06-02 08:12:28.349462,2026-06-02 08:13:04.600098,0 days 00:00:36.250636,0.9352266907812873,0.700365517325951,0.016215524615723377,16,10,0.005380013240124379,1360,247,2.5993493875071122e-05,7.137798695100561e-07,0.8792553401381878,0.8382492831755132,0.8347699088241898,0.8417802763262002,0.950874046451272,COMPLETE
1339,0.8374154196643842,2026-06-02 08:13:04.610848,2026-06-02 08:13:40.732092,0 days 00:00:36.121244,0.9232599483810991,0.7030659554589744,0.017589620077775106,16,10,0.012858173371601528,1400,239,5.1747911538322685e-05,2.370962041440774e-06,0.8790026347428131,0.8374154196643842,0.8364579891632847,0.8384091177352152,0.9507282479998146,COMPLETE
1340,0.8369261055199452,2026-06-02 08:13:40.742216,2026-06-02 08:14:23.035092,0 days 00:00:42.292876,0.9302300967305891,0.7009471835157014,0.017391175975468808,16,10,0.01007565833198939,1380,239,2.786225795221842e-05,1.6840782714908164e-06,0.8784234902990896,0.8369261055199452,0.8345144924609743,0.8394006440317598,0.9508678522348859,COMPLETE
1341,0.8369494018892785,2026-06-02 08:14:23.055540,2026-06-02 08:15:05.513803,0 days 00:00:42.458263,0.9224212372623736,0.6963435972247582,0.016987601888927655,16,20,0.007753106903916644,1360,247,3.8660431168566866e-05,1.2046761746904126e-06,0.878339252728059,0.8369494018892785,0.8338344148491866,0.8401088633430119,0.950643356508697,COMPLETE
1342,0.836030706743887,2026-06-02 08:15:05.524677,2026-06-02 08:15:40.833261,0 days 00:00:35.308584,0.795563393103227,0.6941171059176193,0.016905432233411392,14,10,0.006423435187074969,1100,239,7.386631834113289e-05,7.125915713232634e-07,0.8772336297852407,0.836030706743887,0.8301057158989554,0.8420636001646855,0.9501154882231232,COMPLETE
1343,0.8372714161496178,2026-06-02 08:15:40.843242,2026-06-02 08:16:18.578943,0 days 00:00:37.735701,0.9340389701052316,0.6998193102251469,0.016498968424214718,16,10,0.009920676498150677,1400,247,0.00011674304345453559,9.156641391339636e-07,0.8786024916449829,0.8372714161496178,0.834316618674023,0.840278825384277,0.9508031171935248,COMPLETE
1344,0.835798635307598,2026-06-02 08:16:18.589830,2026-06-02 08:16:57.259125,0 days 00:00:38.669295,0.9433069554023998,0.6908531472459634,0.017485721176609733,16,30,0.005582286748630975,1360,239,5.9024383370339444e-05,1.282692233819959e-06,0.8772968023089138,0.835798635307598,0.8314569197389945,0.8402222106946384,0.9503392813307129,COMPLETE
1345,0.8352957533556653,2026-06-02 08:16:57.269647,2026-06-02 08:17:32.056646,0 days 00:00:34.786999,0.927732860055563,0.7037665061934677,0.042334593808588505,16,10,0.00485425143239513,1380,231,3.7790684391491405e-05,7.212854976162384e-07,0.8790763208306247,0.8352957533556653,0.8459023536827827,0.8250092645611935,0.9504507633597571,COMPLETE
1346,0.8364220466393758,2026-06-02 08:17:32.066925,2026-06-02 08:18:10.107898,0 days 00:00:38.040973,0.9364959802206316,0.6930306074901443,0.016355206562512808,12,10,0.013546263393269059,1400,247,7.739872393303616e-05,3.8825223606260215e-07,0.8776969444088737,0.8364220466393758,0.831628920154886,0.8412987372726072,0.9502560651591638,COMPLETE
1347,0.8372650337603716,2026-06-02 08:18:10.117894,2026-06-02 08:18:53.967629,0 days 00:00:43.849735,0.922786358707961,0.6883269203454796,0.01648237797972057,16,10,0.0087059912610808,1360,239,0.00012280880097904028,1.65486109227737e-06,0.8785498546386,0.8372650337603716,0.8339801811464288,0.840618821694776,0.9507403883921547,COMPLETE
1348,0.8340057078253608,2026-06-02 08:18:53.978390,2026-06-02 08:19:39.372896,0 days 00:00:45.394506,0.9180029654074784,0.6874617019138195,0.017190978020686778,16,100,0.004525227791538183,1380,247,4.843515199040215e-05,3.5455828429439164e-06,0.8753382631491459,0.8340057078253608,0.8256243592454428,0.8425734501744963,0.949263435468124,COMPLETE
1349,0.834708441521073,2026-06-02 08:19:39.383752,2026-06-02 08:20:20.392119,0 days 00:00:41.008367,0.930602051350293,0.6960853256728843,0.016269008602282076,16,70,0.007305548428894737,1340,239,0.00019048227049739484,2.543290763233611e-07,0.8758647586120399,0.834708441521073,0.8262969648783315,0.8433100911915185,0.9496583760869944,COMPLETE
1350,0.8370885497742467,2026-06-02 08:20:20.402457,2026-06-02 08:20:56.552819,0 days 00:00:36.150362,0.9433521315913148,0.6843529987038425,0.017843390229024883,16,10,4.889914197186117e-05,1400,231,3.078600375553954e-05,0.0004725073332177656,0.8785709047178992,0.8370885497742467,0.8348496607533851,0.8393723258527451,0.9508491327885933,COMPLETE
1351,0.8330447132379785,2026-06-02 08:20:56.563438,2026-06-02 08:21:24.998890,0 days 00:00:28.435452,0.8995564283440386,0.6876245551626609,0.05781095185794371,16,20,0.010962260499511474,1020,247,7.971851373078924e-05,0.08265338568214343,0.8771388563642962,0.8330447132379785,0.8416174417509557,0.8246693164026736,0.9495060057100867,COMPLETE
1352,0.8373302773244541,2026-06-02 08:21:25.009743,2026-06-02 08:22:00.946012,0 days 00:00:35.936269,0.9363605988914352,0.7067846236580049,0.01693132696871886,16,10,0.0030433423481545942,1360,239,2.4512013381172484e-05,5.369441750676824e-07,0.878581439237319,0.8373302773244541,0.8339351045349727,0.8407887981816349,0.9508535373570214,COMPLETE
1353,0.8378175197128132,2026-06-02 08:22:00.956586,2026-06-02 08:22:39.301083,0 days 00:00:38.344497,0.9499149499072145,0.6833282371671762,0.01600323726013945,16,10,0.0053964826935642375,1400,247,0.00012298557125431527,9.655038594967332e-07,0.8789289210472498,0.8378175197128132,0.8343089949843963,0.8413837207008387,0.9507740523074357,COMPLETE
1354,0.8372706453568401,2026-06-02 08:22:39.311213,2026-06-02 08:23:16.528115,0 days 00:00:37.216902,0.9202931148989049,0.6806284332522907,0.016389913831678773,16,10,0.00265531824779941,1380,239,5.613719349832642e-05,3.1208902478995626e-07,0.8785709043852757,0.8372706453568401,0.8340937071326199,0.8405054647127538,0.9507418919188245,COMPLETE
1355,0.8371296046494708,2026-06-02 08:23:16.538657,2026-06-02 08:23:51.789289,0 days 00:00:35.250632,0.9087361631830825,0.7096167465015326,0.01832765885534104,16,10,0.00832796458918656,1360,231,8.429464149567905e-05,1.3486955230401636e-06,0.8786656764757262,0.8371296046494708,0.8353265079773257,0.8389757220754044,0.9508554264267121,COMPLETE
1356,0.8298392799655296,2026-06-02 08:23:51.809033,2026-06-02 08:24:04.967413,0 days 00:00:13.158380,0.9271041868194185,0.6959199710642543,0.01600943126069845,16,10,1.6052982678371307e-05,420,247,3.550920427637895e-05,7.422766747627508e-07,0.8705683095253528,0.8298392799655296,0.811395137726152,0.8491742703577527,0.9468912385490964,COMPLETE
1357,0.8377076726049473,2026-06-02 08:24:04.977674,2026-06-02 08:24:41.130060,0 days 00:00:36.152386,0.9394821709501536,0.6866628709710266,0.016715763867612664,16,10,0.004928712576987505,1340,239,0.0001672000149518322,0.031672332406472194,0.878770971776397,0.8377076726049473,0.8336741515354129,0.8418086354343973,0.9507264802248145,COMPLETE
1358,0.8368271478892938,2026-06-02 08:24:41.141044,2026-06-02 08:25:19.446378,0 days 00:00:38.305334,0.9318279779211277,0.7582294742288407,0.017255078379856768,16,10,0.0026624038559580243,1400,247,4.998315555325852e-05,0.01972169792452568,0.8785709073788874,0.8368271478892938,0.8359222392224558,0.8377858866673925,0.950864980909968,COMPLETE
1359,0.836611093536635,2026-06-02 08:25:19.456635,2026-06-02 08:25:58.721231,0 days 00:00:39.264596,0.9144779028164299,0.6798985679526974,0.015951747040801417,16,20,0.014335280278053163,1380,247,0.00010472664221093684,1.7474404310653874e-07,0.8779180588856824,0.836611093536635,0.8323694313523274,0.8409304372286873,0.9505529164141677,COMPLETE
1360,0.8363712596156586,2026-06-02 08:25:58.741217,2026-06-02 08:26:35.631646,0 days 00:00:36.890429,0.9407158420305796,0.8606072130856764,0.016506521382211224,16,10,0.006934842428730782,1360,239,2.2688070099875354e-05,0.0010032938277684071,0.8778970064780186,0.8363712596156586,0.8331721336138602,0.8396273146590231,0.9506217561913383,COMPLETE
1361,0.8337791285689434,2026-06-02 08:26:35.642666,2026-06-02 08:27:11.522887,0 days 00:00:35.880221,0.924462277414306,0.6912577949688503,0.015775314812846934,10,10,0.0027257772121567097,1400,247,6.420217264363992e-05,4.142919405407734e-07,0.8748117883089098,0.8337791285689434,0.8230822977994027,0.8447832071012343,0.9494012423701669,COMPLETE
1362,0.8376459953271064,2026-06-02 08:27:11.533465,2026-06-02 08:27:45.645698,0 days 00:00:34.112233,0.9341283753760982,0.6757882921629501,0.01769198385708569,16,10,2.842176617399387e-05,1340,231,0.00022099194889241034,2.455028213240252e-06,0.8788130925576533,0.8376459953271064,0.834228308227933,0.8411287222641651,0.9507967562789325,COMPLETE
1363,0.8364638933730301,2026-06-02 08:27:45.664247,2026-06-02 08:28:22.575361,0 days 00:00:36.911114,0.917095876148556,0.6820163478951519,0.015515707402233812,16,20,0.011764287526494974,1320,239,0.00013280709506932666,5.501510334868741e-07,0.877549529324817,0.8364638933730301,0.8304670737954876,0.8425735657392467,0.9503311607970586,COMPLETE
1364,0.8377038269750354,2026-06-02 08:28:22.586782,2026-06-02 08:29:01.148751,0 days 00:00:38.561969,0.9051100024379362,0.6503629036185916,0.0167601950425346,16,10,0.005447162870124252,1380,247,3.1420606784878705e-05,2.6276984610693657e-07,0.8789394618865165,0.8377038269750354,0.834837130713603,0.8406188481783646,0.950830973544098,COMPLETE
1365,0.8342676775148786,2026-06-02 08:29:01.159761,2026-06-02 08:29:45.253075,0 days 00:00:44.093314,0.9293635767606874,0.6745778874056837,0.016193081634236054,16,110,1.7805453232198377e-05,1400,239,8.648561215697444e-05,1.673911331186482e-06,0.8752750966126959,0.8342676775148786,0.8241845272794448,0.8446132522827661,0.949163127699843,COMPLETE
1366,0.8374120681796758,2026-06-02 08:29:45.264112,2026-06-02 08:30:20.740188,0 days 00:00:35.476076,0.9411788608989203,0.7003128754470664,0.015569580387429968,16,10,0.007999521455196468,1360,231,4.863076140980789e-05,9.884545737865146e-07,0.8784656137413341,0.8374120681796758,0.8327921026939457,0.842120296712689,0.9507059287344286,COMPLETE
1367,0.8380658323857858,2026-06-02 08:30:20.759556,2026-06-02 08:30:57.827081,0 days 00:00:37.067525,0.9450493718553513,0.6911781905092492,0.01716568198098751,16,10,0.00280420116526294,1380,247,1.3010519677339668e-05,1.2764226175790977e-07,0.8793290521706337,0.8380658323857858,0.8360042291947888,0.8401655598910155,0.9508743143882278,COMPLETE
1368,0.8365446600606027,2026-06-02 08:30:57.837524,2026-06-02 08:31:34.185091,0 days 00:00:36.347567,0.9117385184981616,0.6843541930682813,0.016051466241430376,14,10,0.005450961642476549,1340,239,0.00017755421032910473,0.00010554339873742437,0.8779601819953035,0.8365446600606027,0.8329070297892965,0.840250538504049,0.9504880384368396,COMPLETE
1369,0.834446557610124,2026-06-02 08:31:34.196224,2026-06-02 08:32:19.286932,0 days 00:00:45.090708,0.920096052539652,0.7319001213267846,0.016473517319714307,16,80,0.010359793575209187,1400,247,8.453342175089301e-05,7.288531416289182e-07,0.8758331690239682,0.834446557610124,0.8271198056582132,0.8419219466720392,0.9495908013025071,COMPLETE
1370,0.837902716481772,2026-06-02 08:32:19.297724,2026-06-02 08:32:55.765491,0 days 00:00:36.467767,0.9358788258669964,0.6791757925125733,0.015598994270797945,16,10,0.003053237515579264,1360,239,2.51522912860903e-05,0.00021558867417722694,0.8787709677849147,0.837902716481772,0.8328742558288411,0.8430267890214238,0.9508412461412554,COMPLETE
1371,0.83696141176673,2026-06-02 08:32:55.784795,2026-06-02 08:33:31.891687,0 days 00:00:36.106892,0.9258911746196364,0.6710130539324498,0.016874919022875422,12,10,0.0053447760237393515,1320,247,4.862416849753745e-05,5.491350488815176e-06,0.8780970735365164,0.83696141176673,0.832144097795476,0.8418652958684163,0.9502763325440355,COMPLETE
1372,0.8284166782208929,2026-06-02 08:33:31.901726,2026-06-02 08:33:57.919854,0 days 00:00:26.018128,0.9006065820358448,0.6591953003470623,0.015880478486661465,8,10,0.007325098734861067,1380,255,0.00012440468642128943,3.910468631954616e-07,0.8690099024868391,0.8284166782208929,0.8072229466319586,0.8507890830968963,0.9464066407303514,COMPLETE
1373,0.8367272090306198,2026-06-02 08:33:57.930430,2026-06-02 08:34:36.451902,0 days 00:00:38.521472,0.9307673479898165,0.673762621876918,0.01831175339499059,16,20,6.084340465048466e-06,1400,239,3.7144100782871125e-05,0.16045465969242878,0.878160247723307,0.8367272090306198,0.833517792690874,0.839995542474974,0.9507260680537977,COMPLETE
1374,0.836790366451697,2026-06-02 08:34:36.463313,2026-06-02 08:35:14.147951,0 days 00:00:37.684638,0.8459950537138629,0.6780842385365219,0.01630399371936263,16,10,6.581887656492903e-06,1360,239,7.01114491052944e-05,5.32491295466127e-07,0.8781918409702375,0.836790366451697,0.833489712970663,0.8401371935600214,0.9508850510319893,COMPLETE
1375,0.8372385924732226,2026-06-02 08:35:14.158867,2026-06-02 08:35:51.668310,0 days 00:00:37.509443,0.944333049961285,0.7816453325273467,0.015464798156036996,16,10,0.0027686234987418495,1380,247,0.0001039786635368756,0.04885435447012299,0.8785182643852814,0.8372385924732226,0.8338657265395195,0.8406755037971857,0.9506642593958382,COMPLETE
1376,0.8370297206261328,2026-06-02 08:35:51.678205,2026-06-02 08:36:27.721716,0 days 00:00:36.043511,0.91901631119029,0.6564122026189882,0.015006486030717385,16,10,0.010537861189747352,1340,231,1.9503631207285014e-05,2.886026841196068e-07,0.8779601796669388,0.8370297206261328,0.830943051882911,0.8432250860948963,0.950650593078532,COMPLETE
1377,0.8375505311020448,2026-06-02 08:36:27.732341,2026-06-02 08:37:06.846550,0 days 00:00:39.114209,0.9108773021093985,0.6677146297479084,0.017427028111228385,16,10,0.005003694178160094,1400,255,0.00018704828983285538,1.8612262545254513e-07,0.8790973991829228,0.8375505311020448,0.8365493410142791,0.8385790869992772,0.9508851752299611,COMPLETE
1378,0.836377366816356,2026-06-02 08:37:06.857715,2026-06-02 08:37:44.128583,0 days 00:00:37.270868,0.9499586057707391,0.6864790191068871,0.016002032148722558,16,20,0.0026446307329311075,1320,247,5.740624480421042e-05,1.1769003275605149e-06,0.8776021666638233,0.836377366816356,0.8311827308351415,0.841666993979746,0.9505953489339104,COMPLETE
1379,0.8365643113143597,2026-06-02 08:37:44.139628,2026-06-02 08:38:22.123196,0 days 00:00:37.983568,0.9372316587865567,0.6502181675798374,0.016727488854951292,16,10,0.00673589722470312,1360,255,2.9386881740328114e-05,7.386463180232117e-07,0.8781497122060168,0.8365643113143597,0.8341234806535324,0.8390606766124483,0.9508996219947412,COMPLETE
1380,0.8349092674188842,2026-06-02 08:38:22.133029,2026-06-02 08:38:58.971867,0 days 00:00:36.838838,0.92340138065747,0.6604749936870912,0.03577101452511447,16,10,0.016854243664887532,1400,247,0.00023682532210993716,4.3909433227972653e-07,0.8785393098078512,0.8349092674188842,0.843692854668279,0.8263407895758362,0.9506774102784044,COMPLETE
1381,0.8316276396436931,2026-06-02 08:38:58.983404,2026-06-02 08:39:32.823061,0 days 00:00:33.839657,0.9322743411475074,0.6696321425891248,0.06463845062819157,16,10,0.009117212245119294,1300,239,0.0001279235744274748,2.018525805497041e-06,0.8767176581978138,0.8316276396436931,0.8445098295035364,0.81917338912838,0.9495171276975066,COMPLETE
1382,0.8369612205084173,2026-06-02 08:39:32.833508,2026-06-02 08:40:07.504663,0 days 00:00:34.671155,0.9383249998330638,0.8231097980595323,0.027801828010634057,16,10,0.002720188648047332,1380,231,4.2424773811976504e-05,0.00031993005660473106,0.8795922817740989,0.8369612205084173,0.8424949714479274,0.8315533665280559,0.9509138406188811,COMPLETE
1383,0.8372239486399985,2026-06-02 08:40:07.515511,2026-06-02 08:40:44.474993,0 days 00:00:36.959482,0.9079552901425344,0.677100775295207,0.0155038118494987,16,10,0.004883717597257686,1360,239,7.60021369191024e-05,2.8213410725804866e-07,0.8783813688525862,0.8372239486399985,0.8329931292938116,0.8415253380795006,0.950736711165426,COMPLETE
1384,0.8310268044337175,2026-06-02 08:40:44.485286,2026-06-02 08:41:21.957805,0 days 00:00:37.472519,0.927533509028578,0.6649417108858535,0.07222608427817377,16,20,0.008123372487793276,1340,247,1.2411884625907937e-05,6.11388146645729e-07,0.8764122951733984,0.8310268044337175,0.844869143405258,0.8176719092952691,0.9487726588866551,COMPLETE
1385,0.8368104034224221,2026-06-02 08:41:21.977966,2026-06-02 08:42:00.944500,0 days 00:00:38.966534,0.9138585388149318,0.6942396736346856,0.016271717357146987,16,10,0.002634912860707401,1400,255,9.82076201444212e-05,9.617892126762536e-07,0.8784656077541109,0.8368104034224221,0.8352572227295217,0.8384090984744234,0.9508512113454008,COMPLETE
1386,0.8373060976457108,2026-06-02 08:42:00.955119,2026-06-02 08:42:37.551457,0 days 00:00:36.596338,0.9440976860693736,0.6552909479490614,0.017671234769489022,16,10,2.4184149243379852e-05,1360,247,1.8164891867958244e-05,4.152811528480644e-07,0.8787814949866171,0.8373060976457108,0.8354013159000307,0.8392589592403271,0.951034502960162,COMPLETE
