number,value,datetime_start,datetime_complete,duration,params_bagging_fraction,params_feature_fraction,params_learning_rate,params_max_depth,params_min_child_samples,params_min_split_gain,params_n_estimators,params_num_leaves,params_reg_alpha,params_reg_lambda,user_attrs_accuracy,user_attrs_f1,user_attrs_precision,user_attrs_recall,user_attrs_roc_auc,state
947,0.8363568920715448,2026-06-02 04:27:57.969498,2026-06-02 04:28:34.620996,0 days 00:00:36.651498,0.9098951170167165,0.6670994678753166,0.015000846447650706,16,10,0.017719197424106034,1340,247,3.0254895257940923e-05,1.0031055683073712e-06,0.877665348500955,0.8363568920715448,0.8316655924178976,0.8411287054109723,0.9504946136668376,COMPLETE
948,0.8372401877660196,2026-06-02 04:28:34.640893,2026-06-02 04:29:10.263725,0 days 00:00:35.622832,0.9423456201306096,0.8476975015024842,0.016489125938051182,16,10,0.006980422728413737,1360,239,5.2939207031514114e-05,1.8137530577590181e-06,0.8785603775161969,0.8372401877660196,0.834177451935204,0.8403638617796858,0.9506218115991599,COMPLETE
949,0.8370054173167024,2026-06-02 04:29:10.273705,2026-06-02 04:29:48.589716,0 days 00:00:38.316011,0.9159360864485989,0.7824832330808364,0.016031270093375898,16,20,0.014161074702905618,1380,247,0.0001084112879650912,4.2226517667896457e-07,0.8782550124960403,0.8370054173167024,0.8330326674783696,0.8410437412435324,0.950573478563959,COMPLETE
950,0.8368259785252249,2026-06-02 04:29:48.600229,2026-06-02 04:30:26.093692,0 days 00:00:37.493463,0.9293675278977933,0.680589092791823,0.017679270393549124,16,10,0.042751680195326575,1400,255,4.513635773213765e-05,6.66504539454443e-07,0.8786762066710404,0.8368259785252249,0.8366633901507986,0.8370209876613298,0.9507595640822036,COMPLETE
951,0.8339391338404217,2026-06-02 04:30:26.104275,2026-06-02 04:30:49.653590,0 days 00:00:23.549315,0.9223709402478553,0.6613789644417902,0.01700610647696036,16,10,0.003004696439943772,1320,119,1.994894317216743e-05,0.0001363055487681128,0.8742326608289855,0.8339391338404217,0.8187916837791628,0.8497125685569222,0.948887383355354,COMPLETE
952,0.837948323089701,2026-06-02 04:30:49.664051,2026-06-02 04:31:25.630571,0 days 00:00:35.966520,0.9355045478720697,0.6742392558252767,0.01549980329036588,16,10,0.006096327231520663,1360,247,7.905731752332343e-05,1.5530283951697345e-07,0.8789289250387321,0.837948323089701,0.8337529294564548,0.8422052319889411,0.9507183495046805,COMPLETE
953,0.8374553134633729,2026-06-02 04:31:25.639868,2026-06-02 04:32:01.903792,0 days 00:00:36.263924,0.9150313117219471,0.657199141800114,0.016037443091512563,16,10,0.01016344402924009,1400,231,1.1675853013499307e-05,2.5493765313276324e-07,0.8785287859323839,0.8374553134633729,0.8330711274826427,0.8419219683404299,0.9507684424901243,COMPLETE
954,0.8378883265991418,2026-06-02 04:32:01.914356,2026-06-02 04:32:38.716704,0 days 00:00:36.802348,0.9082312372452208,0.6699355491584738,0.016536243627385126,16,10,3.834580367671758e-06,1360,255,3.068227191501584e-05,1.3671915688969259e-06,0.879192163290409,0.8378883265991418,0.8358217639370021,0.8399955521053699,0.950961416734382,COMPLETE
955,0.8342579478086135,2026-06-02 04:32:38.727314,2026-06-02 04:32:59.779648,0 days 00:00:21.052334,0.9250034709412563,0.7469657343700583,0.015470669841179483,16,10,0.002845926688038489,760,239,9.326072454610649e-05,4.0189438717818263e-07,0.8748223254893177,0.8342579478086135,0.8213102259705112,0.8476445060520129,0.9492079220968047,COMPLETE
956,0.8372320309025879,2026-06-02 04:32:59.789737,2026-06-02 04:33:37.142280,0 days 00:00:37.352543,0.9308657725796285,0.6650283542534744,0.0150030442116098,16,20,0.005139039519059585,1340,247,4.9560650587931286e-05,8.190477411105482e-07,0.8781813054529471,0.8372320309025879,0.8316258048421274,0.8429418031855933,0.950474208132993,COMPLETE
957,0.8372921301891098,2026-06-02 04:33:37.152914,2026-06-02 04:34:14.912401,0 days 00:00:37.759487,0.9172944413476153,0.8339978604662133,0.01723427272689341,16,10,0.0080147162079233,1380,255,0.00011333456904792187,5.909972685848656e-07,0.878897326137202,0.8372921301891098,0.8362691896825263,0.8383524669315922,0.950866797415788,COMPLETE
958,0.8376514493910533,2026-06-02 04:34:14.922075,2026-06-02 04:34:52.708698,0 days 00:00:37.786623,0.9435582144949226,0.6801940872576469,0.01592019554312092,16,10,0.0027426119890911513,1400,255,2.355918514193784e-05,1.9161585742118435e-07,0.8789183905193122,0.8376514493910533,0.8349160621937592,0.8404488620611099,0.9509246595872755,COMPLETE
959,0.8314167187818732,2026-06-02 04:34:52.719446,2026-06-02 04:35:16.764159,0 days 00:00:24.044713,0.9251022657080719,0.6883883658686754,0.07357864821442378,10,10,0.005102961136059291,1320,135,5.0298075322971e-05,3.217662130701033e-07,0.8756962771501318,0.8314167187818732,0.8382933144355059,0.8246692441747049,0.9487104047540124,COMPLETE
960,0.8373902599728936,2026-06-02 04:35:16.782461,2026-06-02 04:35:53.888006,0 days 00:00:37.105545,0.9124099138238193,0.6565922855429992,0.01644905883694298,16,10,0.002585127954612758,1380,247,7.680218288377644e-05,0.00022499130808341844,0.8787604502292942,0.8373902599728936,0.8349138248976079,0.8399105758999353,0.9507804207509495,COMPLETE
961,0.8345879787303256,2026-06-02 04:35:53.897364,2026-06-02 04:36:35.675214,0 days 00:00:41.777850,0.9079206440353041,0.6663851609001619,0.01573084626049437,16,70,0.009597431496869537,1360,239,3.114541849791697e-05,1.3153251047457527e-06,0.8757068143305399,0.8345879787303256,0.8257380256067508,0.8436500513880331,0.9495927379090224,COMPLETE
962,0.8284962753143392,2026-06-02 04:36:35.685517,2026-06-02 04:36:59.346454,0 days 00:00:23.660937,0.7961592277035545,0.6982215277254316,0.016829600497454838,8,20,0.007039959510174419,1340,255,1.5597794956966072e-05,5.153161406021844e-07,0.8690730796672413,0.8284962753143392,0.8073072887734463,0.8508457218625245,0.9462540903968599,COMPLETE
963,0.8383576201911405,2026-06-02 04:36:59.356994,2026-06-02 04:37:36.444401,0 days 00:00:37.087407,0.9365432874128574,0.6745753964177909,0.01592123077478423,16,10,0.002550703743446419,1400,247,0.00013519528208404187,9.367673013715474e-07,0.8793290528358807,0.8383576201911405,0.834839721183187,0.8419502768890488,0.95087599480031,COMPLETE
964,0.8372311470702538,2026-06-02 04:37:36.454804,2026-06-02 04:38:15.958619,0 days 00:00:39.503815,0.76289570813875,0.6849334427496901,0.015429656591326365,16,10,0.013667084505070625,1400,247,6.355782570607121e-05,3.039424228910769e-06,0.8786340888833956,0.8372311470702538,0.8347060208159384,0.8397972694774912,0.9505505635426275,COMPLETE
965,0.8371989409258663,2026-06-02 04:38:15.969127,2026-06-02 04:38:52.301528,0 days 00:00:36.332401,0.9364103665222606,0.676839734585825,0.015901283433811003,16,10,0.011514180461863031,1400,239,0.00010419365879578676,1.6057747686970453e-06,0.8783813738419389,0.8371989409258663,0.8330934194909326,0.8413836966248492,0.9506776055959296,COMPLETE
966,0.8371773842637059,2026-06-02 04:38:52.320854,2026-06-02 04:39:30.218102,0 days 00:00:37.897248,0.9377200864044984,0.6749418423132161,0.015461949427134074,16,10,0.008517546571122275,1400,255,6.991132726997524e-05,1.0084626672847945e-06,0.8785182567349404,0.8371773842637059,0.8341259958945977,0.8402788374222719,0.9508213330996331,COMPLETE
967,0.837224686502911,2026-06-02 04:39:30.228741,2026-06-02 04:40:05.078618,0 days 00:00:34.849877,0.9432901674778794,0.6822989350399631,0.01602813332293974,14,10,0.0056890806276450444,1360,231,3.52935116862763e-05,1.0033253584899064e-06,0.8781813127706646,0.837224686502911,0.8316449353074568,0.842913518712964,0.9504389314365254,COMPLETE
968,0.8375733952479303,2026-06-02 04:40:05.088903,2026-06-02 04:40:42.487884,0 days 00:00:37.398981,0.9419151569746942,0.6905492221698855,0.015042532297788395,16,10,0.004641219194446266,1380,255,0.00012924060839821205,1.3570650079576526e-06,0.8786446207418273,0.8375733952479303,0.8333493982993591,0.8418653030912132,0.9508597917797229,COMPLETE
969,0.8344298148215311,2026-06-02 04:40:42.497801,2026-06-02 04:41:26.250517,0 days 00:00:43.752716,0.9327904556570773,0.6722923079493026,0.016556937953078398,16,80,0.002748571764472537,1400,247,1.1020306760895675e-05,2.5739075663282093e-06,0.8757594553284048,0.8344298148215311,0.8267050420858775,0.8423185095201976,0.9495279992663098,COMPLETE
970,0.835415052235395,2026-06-02 04:41:26.261096,2026-06-02 04:42:02.939162,0 days 00:00:36.678066,0.93086630776112,0.7095231931529351,0.015544727709762514,12,10,0.00883048228058577,1360,255,4.701382742212925e-05,8.455276294768054e-07,0.876812443593205,0.835415052235395,0.8297332099798193,0.8412137562519747,0.9500971168571756,COMPLETE
971,0.8346725941951174,2026-06-02 04:42:02.948282,2026-06-02 04:42:38.373875,0 days 00:00:35.425593,0.9441264814702008,0.679151500163698,0.03127732314984107,16,20,0.005373792173234618,1380,239,2.4943310148074735e-05,0.0004063280854433524,0.8779812357334613,0.8346725941951174,0.8407442466097846,0.8287204290930733,0.9503825221173782,COMPLETE
972,0.8358771146529059,2026-06-02 04:42:38.383684,2026-06-02 04:43:12.913263,0 days 00:00:34.529579,0.9382319661411892,0.6703003605130607,0.01777662542156711,16,10,0.13312265627058237,1320,247,8.365987423392742e-05,1.8620295592901985e-06,0.8774652857665631,0.8358771146529059,0.832276268107161,0.8395422878940102,0.9505666895672559,COMPLETE
973,0.8321106409256913,2026-06-02 04:43:12.922758,2026-06-02 04:43:28.953669,0 days 00:00:16.030911,0.9275956106397043,0.6850022098553229,0.016039838112829653,16,10,2.4280522020530756e-07,540,255,7.657479606653674e-06,7.768683044104664e-07,0.8726742521273542,0.8321106409256913,0.8159330093730848,0.8489759732842804,0.9482736750833837,COMPLETE
974,0.8377522287046654,2026-06-02 04:43:28.963407,2026-06-02 04:44:04.403695,0 days 00:00:35.440288,0.9348622816556856,0.6777522573351173,0.01690417501960246,16,10,0.01168378290019664,1340,247,0.00013844634205652018,5.986643586223902e-07,0.8789183878583241,0.8377522287046654,0.834486120584032,0.8410720786833389,0.9508773500749279,COMPLETE
975,0.8375822054108295,2026-06-02 04:44:04.413227,2026-06-02 04:44:41.283565,0 days 00:00:36.870338,0.92244751300481,0.6698044838063468,0.015392313819873306,16,10,0.002933614273843702,1400,239,4.553274407143391e-05,1.120747412709331e-06,0.878644615419851,0.8375822054108295,0.8333134843289304,0.8419219394492424,0.9507130959731601,COMPLETE
976,0.8369029762799146,2026-06-02 04:44:41.293202,2026-06-02 04:45:20.016062,0 days 00:00:38.722860,0.9305667241950595,0.7015477557676534,0.016333727557906894,16,20,0.007582300722992313,1380,255,1.9226749092350116e-05,5.923157086395853e-05,0.8782760722214213,0.8369029762799146,0.8335927855048423,0.8402788687210583,0.9506588159480941,COMPLETE
977,0.8363356519245951,2026-06-02 04:45:20.025547,2026-06-02 04:45:58.042812,0 days 00:00:38.017265,0.7860875865263786,0.6729135160273046,0.017165758201292007,16,10,0.005227662438855304,1360,247,9.358675642986666e-05,6.481693700921297e-07,0.8780549447722955,0.8363356519245951,0.8344086056623419,0.8382957776063856,0.9506517383613756,COMPLETE
978,0.8382584213605057,2026-06-02 04:45:58.051856,2026-06-02 04:46:34.978376,0 days 00:00:36.926520,0.9379468670985655,0.6647174096137588,0.015974788854542277,16,10,0.002585370823242693,1400,247,3.852250445620822e-05,2.1077210557784915e-06,0.8793711649689255,0.8382584213605057,0.8355319876988627,0.8410437364283346,0.9510104500596258,COMPLETE
979,0.8380837921949619,2026-06-02 04:46:34.988435,2026-06-02 04:47:12.209502,0 days 00:00:37.221067,0.9414108364592709,0.6644700244792109,0.015882684498709266,16,10,0.0022944377080673078,1400,247,3.369191747266365e-05,3.255079427231632e-06,0.87916057303709,0.8380837921949619,0.8347917258002938,0.8414403690968628,0.9508536800920525,COMPLETE
980,0.837280819577229,2026-06-02 04:47:12.220080,2026-06-02 04:47:49.520849,0 days 00:00:37.300769,0.9466260340767697,0.6669559384027762,0.015045019868855557,16,10,0.003307625152643442,1400,247,4.181760209448008e-05,2.3919531031136514e-06,0.8783076641378577,0.837280819577229,0.8322542197980227,0.8424035723991948,0.9507846840452469,COMPLETE
981,0.8377796107778801,2026-06-02 04:47:49.530112,2026-06-02 04:48:26.507045,0 days 00:00:36.976933,0.9438928416838633,0.6750195364925782,0.015832089640419506,16,10,0.002776470853346012,1400,247,3.5861019542913296e-05,2.101823382154434e-06,0.878897339774766,0.8377796107778801,0.8342163023024765,0.8414120605482441,0.9508455963895787,COMPLETE
982,0.8371495034965927,2026-06-02 04:48:26.517037,2026-06-02 04:49:03.816180,0 days 00:00:37.299143,0.945341701294135,0.6633101013499048,0.015001979268888561,16,10,0.005420591847509357,1400,247,5.917972633991486e-05,2.515219070242757e-06,0.8783392510649414,0.8371495034965927,0.8330089176120592,0.8413553351090531,0.9507606608938705,COMPLETE
983,0.8356692747042137,2026-06-02 04:49:03.826584,2026-06-02 04:49:46.068510,0 days 00:00:42.241926,0.9394951642778309,0.6673315742970477,0.01581644806936071,16,40,0.0026960838629980833,1400,255,2.4131021722194877e-05,1.4371470514197165e-06,0.877065157636791,0.8356692747042137,0.8304138347983975,0.8410154230645178,0.9502449330212146,COMPLETE
984,0.8378646773336077,2026-06-02 04:49:46.078495,2026-06-02 04:50:24.125648,0 days 00:00:38.047153,0.945111748804958,0.6806662926854469,0.015536098669105181,16,10,0.005455329557277911,1400,255,6.626829272758967e-05,2.1184384377216766e-06,0.8790658082643571,0.8378646773336077,0.8350451218061249,0.8407321257096211,0.95083899538302,COMPLETE
985,0.8369431922191944,2026-06-02 04:50:24.135839,2026-06-02 04:51:02.545674,0 days 00:00:38.409835,0.938898838088343,0.6716920735313417,0.015944154417104294,16,20,0.002833235328374355,1400,247,3.81377820145605e-05,1.6744830335013094e-06,0.8781707805796094,0.8369431922191944,0.8327129829925184,0.8412420623929946,0.9506579023135527,COMPLETE
986,0.8343239953463589,2026-06-02 04:51:02.555144,2026-06-02 04:51:37.010658,0 days 00:00:34.455514,0.9395662922483636,0.6629296966063848,0.015399930403586505,10,10,5.480762113092147e-05,1380,247,1.6434493227961612e-05,3.566452667891152e-06,0.8750223855627216,0.8343239953463589,0.8223208951982732,0.8467096040755027,0.9493142864286656,COMPLETE
987,0.8375411286077084,2026-06-02 04:51:37.020887,2026-06-02 04:52:14.847818,0 days 00:00:37.826931,0.943744482482478,0.6764157061425011,0.015016029661594946,16,10,0.007975283408827801,1380,255,5.892254375306867e-05,2.5874561684368713e-06,0.8786867345379897,0.8375411286077084,0.8337918491231452,0.8413553736306366,0.9506640834291628,COMPLETE
988,0.8379393660999797,2026-06-02 04:52:14.857856,2026-06-02 04:52:52.545249,0 days 00:00:37.687393,0.9358416713676969,0.6931898251092564,0.01628307166225639,16,10,0.0028318518520943723,1400,255,3.003432429564116e-05,3.2125563827897294e-06,0.8791921639556559,0.8379393660999797,0.8356157698736393,0.8403071604164843,0.9509436328828622,COMPLETE
989,0.8381337750587147,2026-06-02 04:52:52.555647,2026-06-02 04:53:28.546212,0 days 00:00:35.990565,0.9464323423222365,0.6702259954428434,0.01594948778383147,16,10,0.0056932393625556185,1360,247,9.87271669971132e-05,5.03335959226396e-06,0.8791395219599204,0.8381337750587147,0.8344222161456054,0.8419219924164195,0.9509142937217434,COMPLETE
990,0.8287681909176295,2026-06-02 04:53:28.556409,2026-06-02 04:53:53.218589,0 days 00:00:24.662180,0.9489111277931487,0.6850286352354558,0.016591208283684763,8,10,0.009240335805311223,1380,247,7.73664864775099e-05,4.149195547207254e-06,0.8694205541594547,0.8287681909176295,0.8083784917225726,0.8502508186041124,0.9464032257015597,COMPLETE
991,0.8374419566161211,2026-06-02 04:53:53.228460,2026-06-02 04:54:29.072801,0 days 00:00:35.844341,0.9360885374492717,0.6784980204229348,0.01695158780325727,16,10,0.01127088230806809,1360,247,4.937970681174815e-05,1.5694079918740578e-06,0.8787920291734136,0.8374419566161211,0.8349093268795924,0.8400238702843845,0.9507893873142743,COMPLETE
992,0.837463744799258,2026-06-02 04:54:29.083130,2026-06-02 04:55:06.033080,0 days 00:00:36.949950,0.9472498629674785,0.6714130379197041,0.01628179233237147,16,10,0.007355763972528424,1400,247,9.419455349312633e-05,5.025437780948478e-06,0.8787077999179708,0.837463744799258,0.8342256997307383,0.8407604655570265,0.9508356592676722,COMPLETE
993,0.8373088781872124,2026-06-02 04:55:06.043683,2026-06-02 04:55:41.501281,0 days 00:00:35.457598,0.9473960106523717,0.6825472928056596,0.01597880002860717,14,10,0.015596009414421512,1360,239,3.956395531035454e-05,6.520977238869809e-06,0.8783287281873448,0.8373088781872124,0.8323051342350252,0.8424035964751847,0.9505261470796382,COMPLETE
994,0.8246338745157186,2026-06-02 04:55:41.511585,2026-06-02 04:55:50.028844,0 days 00:00:08.517259,0.9448723544613046,0.6748240221660495,0.01666493861640732,16,20,0.006554732900082354,260,247,2.4176690805671144e-05,3.0742904813359587e-06,0.8661774133293744,0.8246338745157186,0.803860486603655,0.8465396372190397,0.9437831877784357,COMPLETE
995,0.8373360251357572,2026-06-02 04:55:50.039683,2026-06-02 04:56:26.429560,0 days 00:00:36.389877,0.9451514878249112,0.6681826456308265,0.015933475597377223,16,10,0.01068876487355128,1400,239,5.133689066957892e-05,2.3280638820572334e-06,0.8786235583554579,0.8373360251357572,0.8341874969455114,0.8405338141905548,0.9507360107986398,COMPLETE
996,0.8372232675263235,2026-06-02 04:56:26.439772,2026-06-02 04:57:02.591606,0 days 00:00:36.151834,0.9436250814781614,0.6883897832820822,0.017183497971149833,16,10,0.005383343798818861,1380,247,7.698104326088599e-05,2.210409413308961e-06,0.8786130254991558,0.8372232675263235,0.834583614276096,0.8399105758999353,0.9507935434480247,COMPLETE
997,0.8363886752504238,2026-06-02 04:57:02.602268,2026-06-02 04:57:33.439438,0 days 00:00:30.837170,0.9396450316013039,0.6700020231411196,0.016355132706577194,16,20,0.008848339237927496,1120,247,1.2122559363706641e-05,3.1052822725266836e-06,0.8772968082961371,0.8363886752504238,0.8290828749440063,0.8438483316083127,0.9502562639451324,COMPLETE
998,0.8364209805489834,2026-06-02 04:57:33.450117,2026-06-02 04:58:09.961311,0 days 00:00:36.511194,0.9413888719970351,0.6783721888957603,0.015750232841607804,12,10,0.005577928844862708,1400,239,0.00011465399699961237,1.7582364328412619e-06,0.8775179297580397,0.8364209805489834,0.8304449706599543,0.8425168523380503,0.950172120694254,COMPLETE
999,0.8293324164990555,2026-06-02 04:58:09.971290,2026-06-02 04:58:30.193010,0 days 00:00:20.221720,0.9384096240301767,0.6646590664262781,0.016588682327535947,16,10,0.002781409722452753,1360,79,3.552824673028916e-05,4.178831996167717e-06,0.8698944043003781,0.8293324164990555,0.8092275131383894,0.8505057712964058,0.9468832834260853,COMPLETE
1000,0.8310310846471917,2026-06-02 04:58:30.203885,2026-06-02 04:58:56.085823,0 days 00:00:25.881938,0.9482307960555292,0.6722423947686262,0.017475955443614705,16,90,0.013349637807688126,1380,103,1.856974895099721e-05,4.313040548407705e-06,0.8714633288945124,0.8310310846471917,0.8124776568235536,0.8504774362641984,0.9478300204302864,COMPLETE
1001,0.8369253883734188,2026-06-02 04:58:56.095780,2026-06-02 04:59:32.311430,0 days 00:00:36.215650,0.9418336593009358,0.682454671518273,0.015848925600005167,16,10,0.005301363339525768,1360,247,6.475560219392117e-05,0.00028451173175035225,0.8782550218094988,0.8369253883734188,0.833353319732514,0.8405621444075644,0.9508790821870808,COMPLETE
1002,0.8372149482112275,2026-06-02 04:59:32.321764,2026-06-02 05:00:09.447933,0 days 00:00:37.126169,0.9343255057630842,0.6638460571441981,0.015501668011695084,16,10,0.0026770206159201287,1400,247,0.000126199360642805,4.042352705213247e-06,0.8784550808850319,0.8372149482112275,0.8335384140799397,0.8409587578153009,0.950816504122589,COMPLETE
1003,0.8349292429232351,2026-06-02 05:00:09.457909,2026-06-02 05:00:35.443113,0 days 00:00:25.985204,0.9382500850104764,0.6747440122232216,0.016955915501986253,16,10,0.008851453752938766,1340,143,3.0545392605564514e-05,1.2117114472487409e-06,0.8754751689931699,0.8349292429232351,0.82291153568189,0.8473328616269139,0.949434950024222,COMPLETE
1004,0.8372842432597455,2026-06-02 05:00:35.453803,2026-06-02 05:01:10.677904,0 days 00:00:35.224101,0.9495517866640252,0.668190548047818,0.016314757161397363,16,10,0.00011787236740230209,1380,239,5.0144527177153744e-05,3.553835060714537e-06,0.8785077278701202,0.8372842432597455,0.833625600799048,0.841015420656919,0.9508500530532916,COMPLETE
1005,0.8358777122268611,2026-06-02 05:01:10.687483,2026-06-02 05:01:48.881658,0 days 00:00:38.194175,0.9349376799822209,0.6607402564268646,0.015581203175877188,16,20,0.10344657157450216,1360,255,0.0001008778037959964,0.0006249662625536752,0.8772757449118972,0.8358777122268611,0.8310212196174889,0.84081709228466,0.9503394340172742,COMPLETE
1006,0.8368383891314801,2026-06-02 05:01:48.891346,2026-06-02 05:02:26.096496,0 days 00:00:37.205150,0.9397946389237818,0.6929986612700796,0.01621576707196009,16,10,0.004965184864326006,1400,247,1.9160027750675753e-05,1.613828058973453e-06,0.8782655377020016,0.8368383891314801,0.833788745573945,0.8399388820409551,0.9508552876153774,COMPLETE
1007,0.8340861292487868,2026-06-02 05:02:26.106973,2026-06-02 05:03:01.356896,0 days 00:00:35.249923,0.9349327340634123,0.6779017372051593,0.05935252520535564,16,10,0.0076200381378607185,1340,255,7.044475693098075e-05,1.2180639553848279e-06,0.8787077826215479,0.8340861292487868,0.8483998000381576,0.8202782459233583,0.949773796680796,COMPLETE
1008,0.8379032605817592,2026-06-02 05:03:01.375548,2026-06-02 05:03:37.693105,0 days 00:00:36.317557,0.9314953275817798,0.6858427917924982,0.017116238385737843,16,10,0.002639251524791655,1380,247,0.00018881837406907828,8.975317297400982e-05,0.8792553411360583,0.8379032605817592,0.8361957744953217,0.8396555533872719,0.9509675334335862,COMPLETE
1009,0.8379437674212248,2026-06-02 05:03:37.703518,2026-06-02 05:04:15.405064,0 days 00:00:37.701546,0.9426456369030256,0.6694991568171251,0.015524474139059552,16,10,4.447178497563816e-05,1400,255,9.628891600338551e-06,0.00014577065137796031,0.8790236884809711,0.8379437674212248,0.8344209910844483,0.8415253525250943,0.9508783256639264,COMPLETE
