number,value,datetime_start,datetime_complete,duration,params_bagging_fraction,params_feature_fraction,params_learning_rate,params_max_depth,params_min_child_samples,params_min_split_gain,params_n_estimators,params_num_leaves,params_reg_alpha,params_reg_lambda,user_attrs_accuracy,user_attrs_f1,user_attrs_precision,user_attrs_recall,user_attrs_roc_auc,state
821,0.8370370583546979,2026-06-02 03:15:21.125111,2026-06-02 03:15:58.814248,0 days 00:00:37.689137,0.9107821792176349,0.6763252423235939,0.01500844315307542,16,20,7.189000241118103e-05,1360,247,2.7962553957383045e-05,5.123556660744984e-07,0.8781391863348084,0.8370370583546979,0.832120157776496,0.8420352434640875,0.9506317298947075,COMPLETE
822,0.8379287429200725,2026-06-02 03:15:58.824189,2026-06-02 03:16:36.611111,0 days 00:00:37.786922,0.9235129217283811,0.6803539517255612,0.01695789967204757,16,10,0.005037902102522097,1400,255,6.266015414104558e-05,7.89057776356983e-07,0.8793185146576022,0.8379287429200725,0.8365263875887491,0.8393723041843545,0.9509179817887198,COMPLETE
823,0.8376041377560434,2026-06-02 03:16:36.621063,2026-06-02 03:17:14.474216,0 days 00:00:37.853153,0.9192329247089792,0.6975672322533494,0.01598468022938119,16,10,0.0027460048739164607,1380,255,0.00015362106992827985,4.016836535235762e-07,0.8789499784442665,0.8376041377560434,0.83532440252249,0.8399389253777366,0.950966594016311,COMPLETE
824,0.8378255527679866,2026-06-02 03:17:14.484663,2026-06-02 03:17:50.934256,0 days 00:00:36.449593,0.9099596233982363,0.6859331893578419,0.016467412127404303,16,10,0.005350954984329852,1360,247,0.00010014922455177818,2.054483770662786e-07,0.8790552767385488,0.8378255527679866,0.8351438942065039,0.8405621323695694,0.9508501123948564,COMPLETE
825,0.8335522036982987,2026-06-02 03:17:50.944512,2026-06-02 03:18:08.637589,0 days 00:00:17.693077,0.9283995363804136,0.6732532694313714,0.01746291780914494,16,10,0.10752020879636455,620,239,0.0002359921729099779,6.649134373359619e-07,0.87404312662679,0.8335522036982987,0.819048841460516,0.8486076852783553,0.9485676550109883,COMPLETE
826,0.8385603402581351,2026-06-02 03:18:08.647730,2026-06-02 03:18:46.185012,0 days 00:00:37.537282,0.918471656394039,0.671505463085438,0.015827820044249017,16,10,8.501969953991324e-05,1380,255,4.699738132825492e-05,3.05156444105365e-07,0.8796344125340609,0.8385603402581351,0.8360646013032232,0.8411004209383431,0.950994854501919,COMPLETE
827,0.8343633236795874,2026-06-02 03:18:46.199815,2026-06-02 03:19:22.301941,0 days 00:00:36.102126,0.7152039597160177,0.6831668149791833,0.015511804988474874,10,10,0.002940879229362012,1400,255,2.3299809174028213e-05,2.78063720483329e-07,0.8755278173087523,0.8343633236795874,0.825444001090616,0.8435084147485795,0.9491940725716271,COMPLETE
828,0.8365880115730358,2026-06-02 03:19:22.311941,2026-06-02 03:20:02.333378,0 days 00:00:40.021437,0.9141303953281402,0.6748302505006443,0.01589834895065371,16,20,0.0070602743080420746,1400,255,1.412923373903152e-05,2.4076868706879295e-07,0.8779707072012647,0.8365880115730358,0.8328187608373477,0.8404204909149181,0.950607247482511,COMPLETE
829,0.8356840660619008,2026-06-02 03:20:02.343461,2026-06-02 03:20:44.300804,0 days 00:00:41.957343,0.9059582825122513,0.6706857268564695,0.015437192777130798,16,40,0.0030988800866563926,1380,255,3.327258200744751e-05,1.8515325811212593e-07,0.877001970477683,0.8356840660619008,0.829945180161335,0.8415253453022974,0.9502325763951367,COMPLETE
830,0.8379897398090597,2026-06-02 03:20:44.310909,2026-06-02 03:21:21.906098,0 days 00:00:37.595189,0.9187058670987249,0.6749655430786106,0.015052431395503071,16,10,4.737394728365044e-06,1380,255,4.794159114161018e-05,4.3636872171204936e-07,0.8790552714165726,0.8379897398090597,0.8344664427114473,0.8415820009211185,0.9509604756820215,COMPLETE
831,0.8376331099761237,2026-06-02 03:21:21.915173,2026-06-02 03:21:59.158224,0 days 00:00:37.243051,0.9193595512629347,0.6685331728790418,0.015008580976222893,16,10,0.00011471759572448281,1360,255,2.007302708506203e-05,3.721699696169581e-07,0.8786972730488918,0.8376331099761237,0.83348403000188,0.841865303091213,0.9508044791168198,COMPLETE
832,0.8271598977932949,2026-06-02 03:21:59.168107,2026-06-02 03:22:23.050692,0 days 00:00:23.882585,0.9189538243806628,0.6753314467205711,0.015032898877707252,8,20,0.0049885148171195616,1380,255,4.31468047845889e-05,4.7102275067882424e-07,0.8677568591379877,0.8271598977932949,0.8043046887041255,0.8513839622793188,0.9456624223830247,COMPLETE
833,0.8374192476553185,2026-06-02 03:22:23.061154,2026-06-02 03:23:00.586881,0 days 00:00:37.525727,0.9130228734605818,0.7778205410560595,0.015915476419632774,16,10,0.0026341980959699502,1360,255,3.381881202196612e-05,3.0904879852976576e-07,0.8787077982548531,0.8374192476553185,0.8344218492479821,0.8404771706097286,0.9508601282910042,COMPLETE
834,0.8375095373428708,2026-06-02 03:23:00.595961,2026-06-02 03:23:37.918615,0 days 00:00:37.322654,0.919040103660382,0.7323583069520132,0.015465126541297903,16,10,0.0001777637832562678,1380,255,4.840522002964289e-05,4.48812925830556e-07,0.8788236197593559,0.8375095373428708,0.834848689193327,0.8402221938414455,0.9509559056049032,COMPLETE
835,0.8373736266124681,2026-06-02 03:23:37.938144,2026-06-02 03:24:16.326692,0 days 00:00:38.388548,0.925359255495553,0.667667418036038,0.01611488626382798,16,10,0.005477337181576957,1400,255,2.679872966225009e-05,5.990817966986597e-07,0.8786867371989779,0.8373736266124681,0.8344738508035805,0.8403355123018845,0.9508237895289167,COMPLETE
836,0.8363564998034375,2026-06-02 03:24:16.338258,2026-06-02 03:24:53.570310,0 days 00:00:37.232052,0.9129657273843801,0.67122775698154,0.01503376594341784,12,10,0.0026639817007059366,1360,255,4.919826265721585e-05,3.578050245452118e-07,0.8774968760198819,0.8363564998034375,0.8305618157856519,0.8422618779773664,0.9502281934137565,COMPLETE
837,0.8371062836224404,2026-06-02 03:24:53.580616,2026-06-02 03:25:31.552158,0 days 00:00:37.971542,0.919456078568162,0.6642435342938477,0.015630306962118937,16,10,0.007863487665849406,1380,255,1.5312709299559054e-05,6.098202748102265e-07,0.8785077228807676,0.8371062836224404,0.8343553218622972,0.8399105710847374,0.9507886571357481,COMPLETE
838,0.8319069892905883,2026-06-02 03:25:31.561632,2026-06-02 03:25:53.395030,0 days 00:00:21.833398,0.9097788647880405,0.6656786072277776,0.01630860021883092,16,10,0.0026522645112063035,1360,95,5.728576509627455e-05,0.003090183761497328,0.8722635991242443,0.8319069892905883,0.814160113796072,0.8504774651553859,0.947861389977774,COMPLETE
839,0.8373587689751147,2026-06-02 03:25:53.404202,2026-06-02 03:26:31.585162,0 days 00:00:38.180960,0.9252680435383768,0.6767143292827729,0.015574396472472284,16,10,0.0001284501672431523,1400,255,4.2252236793047174e-05,2.500460320039995e-07,0.8786235500398701,0.8373587689751147,0.8341322658619535,0.8406470820914156,0.950855963132934,COMPLETE
840,0.8378522962210196,2026-06-02 03:26:31.595621,2026-06-02 03:27:07.515782,0 days 00:00:35.920161,0.935140200303397,0.670953432581205,0.016888611654980547,16,10,0.0056033109683759075,1360,247,7.424602560006488e-05,4.088144281870842e-07,0.8790868570131621,0.8378522962210196,0.8352442555658248,0.8405054382291651,0.9508741510762753,COMPLETE
841,0.8355783994839557,2026-06-02 03:27:07.526070,2026-06-02 03:27:48.854217,0 days 00:00:41.328147,0.684679678659585,0.6500169090454658,0.01585579955262022,16,20,1.0463709148609746e-05,1400,247,2.5185148085675413e-05,6.931720261384892e-07,0.8771915086713608,0.8355783994839557,0.8316248313138744,0.839598960366024,0.95016610726422,COMPLETE
842,0.8369346203317987,2026-06-02 03:27:48.873467,2026-06-02 03:28:19.002335,0 days 00:00:30.128868,0.9139290184041541,0.6641011622003689,0.016318230128683647,16,10,0.007887634989830306,1100,255,3.459061298662535e-05,2.2516080187875767e-07,0.8780233631671881,0.8369346203317987,0.8317530436002124,0.8422335935047371,0.9505330340432261,COMPLETE
843,0.8374642699326514,2026-06-02 03:28:19.012736,2026-06-02 03:28:55.998461,0 days 00:00:36.985725,0.9081714019564736,0.6608674181048559,0.015047230571161451,16,10,0.003690950220593193,1380,247,6.418470156043238e-05,4.4119426618729244e-07,0.8785814399025661,0.8374642699326514,0.8333891324621104,0.8416103263229301,0.9507510662555193,COMPLETE
844,0.8376417705608339,2026-06-02 03:28:56.007517,2026-06-02 03:29:32.862635,0 days 00:00:36.855118,0.920766845987458,0.6682849172270591,0.016696523249639706,16,10,3.4773511193697914e-05,1360,255,7.957185082165141e-05,8.10366125917483e-07,0.8789605063112159,0.8376417705608339,0.8352490329619501,0.8400805475715963,0.9511066631808935,COMPLETE
845,0.8381098907239707,2026-06-02 03:29:32.871883,2026-06-02 03:30:11.059718,0 days 00:00:38.187835,0.9149070321745836,0.6773152665136617,0.015948358376160696,16,10,0.004940935230716271,1400,255,0.00018725161438021913,3.5741160920817765e-07,0.8793290498422689,0.8381098907239707,0.8358440508627605,0.8404205005453139,0.9508596809633532,COMPLETE
846,0.8384252597513077,2026-06-02 03:30:11.069967,2026-06-02 03:30:48.466019,0 days 00:00:37.396052,0.9165837959073765,0.690288790056934,0.017299209766595686,16,10,0.00960350652851967,1380,255,0.0002493515314077412,5.296346686056007e-07,0.8797397124914609,0.8384252597513077,0.8373625041598767,0.8395139576770009,0.9510462487701518,COMPLETE
847,0.8374727729572552,2026-06-02 03:30:48.485398,2026-06-02 03:31:24.568601,0 days 00:00:36.083203,0.9275963521445804,0.6960703301597362,0.017565899086662416,16,10,0.011894122295310686,1340,255,0.0004989074722485639,7.786561818242434e-07,0.8789815617124915,0.8374727729572552,0.8361043174361108,0.8388907242015792,0.95085207906404,COMPLETE
848,0.8361461139607455,2026-06-02 03:31:24.579083,2026-06-02 03:32:02.748329,0 days 00:00:38.169246,0.9223822517595459,0.6880310675702562,0.017475142518991935,16,20,0.01282554159371575,1360,255,0.0002574322303331696,5.443648569865547e-07,0.8778232937803258,0.8361461139607455,0.8336154040991895,0.8387206947475431,0.9505987704420362,COMPLETE
849,0.8340986171405471,2026-06-02 03:32:02.758704,2026-06-02 03:32:37.398704,0 days 00:00:34.640000,0.9168875438726626,0.6885682079967028,0.04025650623834871,16,10,0.01065741944798726,1320,255,0.00017559754916719316,1.1264056745656517e-06,0.8781391800149615,0.8340986171405471,0.844258553075303,0.8242160521913139,0.9503910417321674,COMPLETE
850,0.8377051121192013,2026-06-02 03:32:37.416562,2026-06-02 03:33:14.469963,0 days 00:00:37.053401,0.9338038636190593,0.6902121949441152,0.017130820279928412,16,10,0.008303816170843744,1380,255,0.00031542324480606605,5.433348655328831e-07,0.8791710995735457,0.8377051121192013,0.8364284381083203,0.839032341580241,0.9509416414005208,COMPLETE
851,0.8373324199365518,2026-06-02 03:33:14.480407,2026-06-02 03:33:50.768424,0 days 00:00:36.288017,0.9255398506806032,0.6825106007021775,0.016790679701194845,16,10,0.009779727722646233,1340,255,1.9166914389919616e-05,8.774217695506505e-07,0.8786762099972756,0.8373324199365518,0.8345497476430063,0.8401655358150256,0.9508152281352041,COMPLETE
852,0.8377347237521228,2026-06-02 03:33:50.777833,2026-06-02 03:34:27.686331,0 days 00:00:36.908498,0.9198579049878598,0.6784421544486068,0.017621368242894044,16,10,0.008124025834209491,1360,255,4.2069872881398245e-05,3.729636622864887e-07,0.87915004417227,0.8377347237521228,0.8361642081540902,0.8393440004509336,0.9508890919267232,COMPLETE
853,0.837585172742656,2026-06-02 03:34:27.696303,2026-06-02 03:35:05.291974,0 days 00:00:37.595671,0.9171304164953346,0.6936165187051263,0.017008780169031665,16,10,0.006832485200864132,1380,255,5.8825590918729815e-05,5.234565155985116e-07,0.8790973961893113,0.837585172742656,0.8363970179356133,0.8388057383657487,0.9508007711584036,COMPLETE
854,0.8366096087542979,2026-06-02 03:35:05.302131,2026-06-02 03:35:42.520542,0 days 00:00:37.218411,0.9272091531623259,0.6806318867437,0.016419455747614463,16,20,0.0054165695249657805,1320,255,0.00010390689346013341,7.134264927086279e-07,0.8778864756174576,0.8366096087542979,0.832163797039151,0.8411286981881753,0.9506230815667002,COMPLETE
855,0.8375204933779955,2026-06-02 03:35:42.539405,2026-06-02 03:36:20.080767,0 days 00:00:37.541362,0.9144701599196509,0.6996967852117183,0.01594993283365862,16,10,0.013975310902440865,1380,255,3.2596805490727616e-05,3.286588150426755e-07,0.8788446824783488,0.8375204933779955,0.834945247899184,0.8401371935600214,0.9507314614504766,COMPLETE
856,0.8368229379031423,2026-06-02 03:36:20.091197,2026-06-02 03:36:56.712467,0 days 00:00:36.621270,0.9224417001747229,0.6872620117050452,0.01680140095855426,16,10,0.010252715517005056,1360,255,0.000470467324755592,9.483667897465361e-07,0.8784550838786437,0.8368229379031423,0.8351322178620743,0.8385507640050646,0.9508663736723181,COMPLETE
857,0.829347052860851,2026-06-02 03:36:56.721558,2026-06-02 03:37:21.954726,0 days 00:00:25.233168,0.9338598031927658,0.6821209504554078,0.016418775994216237,8,10,0.005259237928320635,1400,255,0.0001899411885422792,4.047897977569181e-07,0.869883862463241,0.829347052860851,0.8090687912130315,0.8507040731850761,0.9465525023827946,COMPLETE
858,0.8339785205411876,2026-06-02 03:37:21.965087,2026-06-02 03:37:54.575721,0 days 00:00:32.610634,0.734427799942816,0.6758025668654678,0.01759024482081253,10,20,0.05808823929974099,1340,255,0.00010254996586015884,0.00035895095770822145,0.8750223862279687,0.8339785205411876,0.8236764727122896,0.8445565677727576,0.9488207771727438,COMPLETE
859,0.8376085212174976,2026-06-02 03:37:54.585744,2026-06-02 03:38:31.507930,0 days 00:00:36.922186,0.916766820413173,0.6744348989045502,0.015935375793215925,16,10,0.008131687609559408,1380,247,0.00028528337387358395,6.222688498830839e-07,0.8787709631281855,0.8376085212174976,0.8341008727213682,0.8411853562145953,0.9507275918316552,COMPLETE
860,0.829428615646409,2026-06-02 03:38:31.518083,2026-06-02 03:38:52.460703,0 days 00:00:20.942620,0.9253531444480098,0.6926042971217136,0.015539806255023337,16,10,0.1303539048334334,1340,87,5.986424373252328e-05,1.1291003101978398e-06,0.870041822045423,0.829428615646409,0.8097148195015884,0.8501658688822663,0.946905734278012,COMPLETE
861,0.8320518188420615,2026-06-02 03:38:52.470991,2026-06-02 03:39:37.185257,0 days 00:00:44.714266,0.9128810283265757,0.683922885944132,0.03552248149649008,16,80,0.004545330677126502,1400,255,0.0001459291624069987,5.497522402971565e-07,0.8756752167595035,0.8320518188420615,0.8356061351434941,0.8285504501986155,0.9487393279674885,COMPLETE
862,0.8360492229232079,2026-06-02 03:39:37.195372,2026-06-02 03:40:13.656217,0 days 00:00:36.460845,0.9199284726529463,0.6726092878889466,0.017119502510968172,12,10,0.12547305604858622,1360,255,7.972939877143483e-05,3.560774020576534e-07,0.8774968773503761,0.8360492229232079,0.831805584524966,0.8403638352960972,0.9500143371859817,COMPLETE
863,0.8226754524276124,2026-06-02 03:40:13.666735,2026-06-02 03:40:23.484949,0 days 00:00:09.818214,0.9303440853406841,0.6787402649748128,0.01631534039044012,16,90,0.006893315933592145,320,247,0.000195116617239861,8.125015545382122e-07,0.8641451731137367,0.8226754524276124,0.7989236442907649,0.8478994996734887,0.9429331970633766,COMPLETE
864,0.8369281210968081,2026-06-02 03:40:23.495119,2026-06-02 03:41:00.106148,0 days 00:00:36.611029,0.9144307276189743,0.8526614908700729,0.015870127394783714,16,10,0.0033462125505863,1320,255,0.00038468192375184064,2.681554552689729e-07,0.8783813781660447,0.8369281210968081,0.8342011909018764,0.8397122908644578,0.9507049429002431,COMPLETE
865,0.8372412017910552,2026-06-02 03:41:00.125413,2026-06-02 03:41:36.918323,0 days 00:00:36.792910,0.9208385112639248,0.705645181308646,0.016851179564889945,16,10,0.011920020065366283,1380,247,4.240720506009291e-05,1.2231736185826052e-06,0.8786340905465132,0.8372412017910552,0.8346523057384237,0.8398822577209207,0.9508016903568105,COMPLETE
866,0.8383536341162864,2026-06-02 03:41:36.937997,2026-06-02 03:42:14.773196,0 days 00:00:37.835199,0.9346455368681791,0.6760758254381222,0.015491612650819688,16,10,0.00296318009634158,1400,255,2.851648926785711e-05,5.1336415955384e-07,0.8794238146150021,0.8383536341162864,0.8354836573331378,0.8412703372352279,0.9509098413759726,COMPLETE
867,0.8367632320169237,2026-06-02 03:42:14.792806,2026-06-02 03:42:52.232811,0 days 00:00:37.440005,0.9351402969175582,0.6828294115931172,0.016304542179196725,16,20,0.008511767750745762,1360,247,1.1601279704352996e-05,3.0675395618479413e-07,0.8779917725812458,0.8367632320169237,0.8322496721209536,0.8413553760382356,0.9506587852233063,COMPLETE
868,0.8370293540942789,2026-06-02 03:42:52.243283,2026-06-02 03:43:29.286786,0 days 00:00:37.043503,0.9289051269396615,0.716583034653546,0.015505884244890425,16,10,0.005318567960030348,1400,247,2.3498427894938663e-05,4.36696051287713e-07,0.8782971272900734,0.8370293540942789,0.8332243675033976,0.8409020877508863,0.9507473653988544,COMPLETE
869,0.8374071476137211,2026-06-02 03:43:29.296832,2026-06-02 03:44:05.620289,0 days 00:00:36.323457,0.9375380599747035,0.6931215301351831,0.017658521442766254,16,10,0.010407891458539938,1360,255,1.4878397159039131e-05,1.9562139706805795e-07,0.8789289183862617,0.8374071476137211,0.8359918283710547,0.8388623843541739,0.9508817436709266,COMPLETE
870,0.838084584079792,2026-06-02 03:44:05.630614,2026-06-02 03:44:41.007343,0 days 00:00:35.376729,0.9307725415112995,0.6788642932372101,0.015939612105756645,16,10,0.007155256845263717,1320,247,2.4439294734320006e-05,5.223060222443026e-07,0.8790447505347169,0.838084584079792,0.8340094113115976,0.8422335742439454,0.9507224074833202,COMPLETE
871,0.8371566152227645,2026-06-02 03:44:41.016532,2026-06-02 03:45:17.191808,0 days 00:00:36.175276,0.9343026441654491,0.6836320469365091,0.015021483273012596,16,10,0.014255793550856717,1320,255,2.4936154972034544e-05,3.040033001943479e-07,0.8782444799723614,0.8371566152227645,0.8323373681310399,0.8420635592355031,0.9506208578313119,COMPLETE
872,0.8203534183871257,2026-06-02 03:45:17.202063,2026-06-02 03:45:23.266865,0 days 00:00:06.064802,0.936352866391124,0.69058779780046,0.015894900808564625,16,10,0.012461886353792011,180,247,1.3848341203611106e-05,4.4702332338057145e-07,0.8629131944796193,0.8203534183871257,0.7997125679843102,0.8421202533759077,0.9410347748545135,COMPLETE
873,0.836648944576248,2026-06-02 03:45:23.276731,2026-06-02 03:45:57.806468,0 days 00:00:34.529737,0.93797628171406,0.675683083470152,0.015509045011742724,16,10,0.009950008869337161,1320,239,1.9052375421595358e-05,7.35004492325697e-07,0.8778443601581772,0.836648944576248,0.8316964377656455,0.8416953434575469,0.9505862796867922,COMPLETE
874,0.836973803186455,2026-06-02 03:45:57.816446,2026-06-02 03:46:35.522343,0 days 00:00:37.705897,0.8424317924126209,0.6797917480494373,0.016044549623803764,16,10,0.008933287909685925,1340,255,2.6601656645153652e-05,2.079469288073604e-07,0.8784129664236223,0.836973803186455,0.8342546832213351,0.8397405801522848,0.9507178892575799,COMPLETE
875,0.8375802961793094,2026-06-02 03:46:35.541329,2026-06-02 03:47:12.576104,0 days 00:00:37.034775,0.9315032994873225,0.7586712014531164,0.015456247975270919,16,10,0.007096411552178804,1380,247,2.8236655548910296e-05,1.0098054753424452e-06,0.8787920348280133,0.8375802961793094,0.8343346858197157,0.8408737647566736,0.9508097842420118,COMPLETE
876,0.8332080232317572,2026-06-02 03:47:12.585331,2026-06-02 03:47:37.582440,0 days 00:00:24.997109,0.9290877494174914,0.6850502825940838,0.016209623346169173,16,10,0.1440754287859731,1340,135,1.9473702082045182e-05,4.017752050639234e-07,0.8738220038343935,0.8332080232317572,0.8189654043969691,0.8479844734713243,0.9489438391041211,COMPLETE
877,0.835940584199299,2026-06-02 03:47:37.592998,2026-06-02 03:48:19.396154,0 days 00:00:41.803156,0.9341298469847693,0.6764042536737885,0.015004107439917893,16,20,0.013103910138411407,1380,255,1.1126731927349715e-05,1.4391378722249206,0.8769598553510264,0.835940584199299,0.8286384733822544,0.843395072212151,0.9500267885045369,COMPLETE
878,0.8370425233496762,2026-06-02 03:48:19.406222,2026-06-02 03:48:57.504999,0 days 00:00:38.098777,0.92687966763935,0.6780838700650758,0.015813366118280738,16,10,0.0072250603958807745,1400,255,3.392328336793151e-05,0.0012485784732034894,0.8784445510223414,0.8370425233496762,0.8341591165738644,0.8399955569205678,0.9508106774979043,COMPLETE
879,0.8347086751725789,2026-06-02 03:48:57.514068,2026-06-02 03:49:29.867784,0 days 00:00:32.353716,0.9304564378766041,0.6857923565669802,0.01666655867103352,10,10,0.005303844122301313,1320,247,3.8410429818016e-05,5.84868431543872e-07,0.8754751646690643,0.8347086751725789,0.8237732274964022,0.8459730714004339,0.9492088136170228,COMPLETE
880,0.8376304035233301,2026-06-02 03:49:29.877726,2026-06-02 03:50:05.360763,0 days 00:00:35.483037,0.9382438605369969,0.6703212047587142,0.015424488916392313,16,10,0.011267077737315341,1360,239,1.5511503333799015e-05,2.9616125715494523e-07,0.8785498579648353,0.8376304035233301,0.8324728517861741,0.8428851933111527,0.9506917731188119,COMPLETE
881,0.8337369887987806,2026-06-02 03:50:05.370075,2026-06-02 03:50:42.718954,0 days 00:00:37.348879,0.926663081211546,0.6732719957669318,0.053096245695157175,16,10,0.005171460878225053,1400,255,4.780515594781158e-05,1.3004511577475341e-06,0.8781707669420452,0.8337369887987806,0.8460217763566683,0.8218363500765037,0.9498570789944994,COMPLETE
882,0.8368756648331998,2026-06-02 03:50:42.729402,2026-06-02 03:51:19.570138,0 days 00:00:36.840736,0.9237555054151442,0.6899988188235812,0.016254367677065784,16,20,0.008918842778831232,1340,247,2.119496660377336e-05,1.7751109716436573e-07,0.8781181345923916,0.8368756648331998,0.832635928732301,0.8411853971437777,0.9505358961651605,COMPLETE
883,0.8275302390130599,2026-06-02 03:51:19.580248,2026-06-02 03:51:44.850488,0 days 00:00:25.270240,0.9313563877342758,0.6769839858795893,0.015008654160418095,8,10,0.0030506496185239602,1380,239,3.3542795201627905e-05,0.00012451685445717363,0.8682833426264353,0.8275302390130599,0.8060651575320508,0.8501941220561089,0.9458619421303931,COMPLETE
