number,value,datetime_start,datetime_complete,duration,params_bagging_fraction,params_feature_fraction,params_learning_rate,params_max_depth,params_min_child_samples,params_min_split_gain,params_n_estimators,params_num_leaves,params_reg_alpha,params_reg_lambda,user_attrs_accuracy,user_attrs_f1,user_attrs_precision,user_attrs_recall,user_attrs_roc_auc,state
2017,0.8361762815531567,2026-06-02 15:00:12.689862,2026-06-02 15:00:48.748647,0 days 00:00:36.058785,0.9225502550950228,0.655496224341835,0.01659393989778871,16,10,0.0075792216865202275,1300,239,4.179581634947136e-05,0.44180919950553665,0.8773915710731292,0.8361762815531567,0.830568335061189,0.8418936405310194,0.9504423289761501,COMPLETE
2018,0.8366584307799382,2026-06-02 15:00:48.760147,2026-06-02 15:01:28.037531,0 days 00:00:39.277384,0.9296010661002474,0.689379743661134,0.01607499273286509,16,10,0.11576574351290453,1400,255,8.975539443525709e-05,8.318909011512754e-05,0.8781602440644485,0.8366584307799382,0.8338194769849004,0.8395422614104217,0.950508620476134,COMPLETE
2019,0.8368675989852271,2026-06-02 15:01:28.057881,2026-06-02 15:02:02.975468,0 days 00:00:34.917587,0.9423884638813216,0.6635089040835008,0.017144002504019103,14,10,5.996380989912222e-05,1360,231,6.86512930445314e-05,1.7064941234539057e-07,0.8781602483885541,0.8368675989852271,0.8329628815131894,0.8408454297244662,0.9506938624954103,COMPLETE
2020,0.8372426968752352,2026-06-02 15:02:02.986886,2026-06-02 15:02:40.194328,0 days 00:00:37.207442,0.9114119592841478,0.6727076711044996,0.015807480804406446,16,10,0.04952802354411767,1340,247,0.00014034974495734089,3.147888186941835e-07,0.8784761406104131,0.8372426968752352,0.8335660299436941,0.8409870711791178,0.9505190131237532,COMPLETE
2021,0.8348337655584374,2026-06-02 15:02:40.205506,2026-06-02 15:03:03.401178,0 days 00:00:23.195672,0.9366287551669037,0.6928095748437099,0.015001511798000428,16,10,0.0025199584257355936,820,239,1.0337865138631491e-05,0.00014503649807351114,0.8753277552396074,0.8348337655584374,0.8223275265347111,0.84775780525166,0.9493808727688594,COMPLETE
2022,0.8345476763281452,2026-06-02 15:03:03.412087,2026-06-02 15:03:45.303651,0 days 00:00:41.891564,0.9217687501000023,0.6808478085309101,0.01648907532118498,16,80,0.005361835231295245,1380,223,0.0005308717404261941,0.0322886763479014,0.8756646912209188,0.8345476763281452,0.8256300633598842,0.8436783599366519,0.9494416917104554,COMPLETE
2023,0.8300492937762683,2026-06-02 15:03:45.323777,2026-06-02 15:04:07.513953,0 days 00:00:22.190176,0.8960030307867053,0.6685645421555771,0.015444355223602471,12,10,3.5136580352607616e-05,1320,95,4.496972193004931e-05,0.01817352050110365,0.8705367259245042,0.8300492937762683,0.8104565564172322,0.8506474777562293,0.9472505334210761,COMPLETE
2024,0.8367642934699108,2026-06-02 15:04:07.525764,2026-06-02 15:04:47.340058,0 days 00:00:39.814294,0.9287182904390995,0.6591073012603866,0.017816782642325436,16,20,0.01563517171831938,1400,247,0.00021854972197276934,0.00073088159885601,0.8783708336679193,0.8367642934699108,0.8348031887414185,0.8387773696271559,0.9505788120201392,COMPLETE
2025,0.8379062056693011,2026-06-02 15:04:47.351502,2026-06-02 15:05:25.603430,0 days 00:00:38.251928,0.9434785325503154,0.6765794708352992,0.015003556631500626,16,10,0.008238056094297229,1360,255,9.15991021244055e-05,1.1461471125937442e-06,0.8788236244160851,0.8379062056693011,0.8332132239101483,0.8426868625312948,0.9507531877254483,COMPLETE
2026,0.8376342800918298,2026-06-02 15:05:25.623899,2026-06-02 15:06:01.407315,0 days 00:00:35.783416,0.933247743891059,0.6643188291924765,0.016127267283360492,16,10,0.012539918123905857,1380,231,1.648486342553586e-05,4.9944094041245936e-08,0.878686738529472,0.8376342800918298,0.8333915015247401,0.8419502937422415,0.9506444873726979,COMPLETE
2027,0.8371533236937733,2026-06-02 15:06:01.419151,2026-06-02 15:06:38.909087,0 days 00:00:37.489936,0.9256289506474699,0.6845925581470216,0.01709085742236038,16,20,0.004927084654313716,1340,239,2.8285030888149502e-05,7.104260356720528e-07,0.8783076671314695,0.8371533236937733,0.8328004621847566,0.8415820033287175,0.9506017266834176,COMPLETE
2028,0.8376198099866796,2026-06-02 15:06:38.920059,2026-06-02 15:07:17.544761,0 days 00:00:38.624702,0.9181669192841952,0.8023592141238939,0.01846279717071901,-1,10,0.003043647219272854,1400,255,6.264114487149466e-05,0.0031941314642350304,0.8793606407608348,0.8376198099866796,0.8381066758332533,0.837162638746377,0.9510328535139907,COMPLETE
2029,0.8359529551920062,2026-06-02 15:07:17.564957,2026-06-02 15:07:57.349305,0 days 00:00:39.784348,0.8421936493323547,0.6548813811312748,0.016549839164758454,16,10,0.009076117336712004,1380,247,0.00013192511948953876,8.963078938474356e-06,0.8776969324344271,0.8359529551920062,0.8335427010441044,0.8384091153276163,0.9507878327811256,COMPLETE
2030,0.8349108674585463,2026-06-02 15:07:57.360802,2026-06-02 15:08:21.203259,0 days 00:00:23.842457,0.9499260512818578,0.6716121029876185,0.016006008204754514,16,10,0.005307564291843482,860,231,0.00034018761968992084,0.183191281801467,0.8754014609522064,0.8349108674585463,0.8225061277632312,0.8477294942954422,0.9494284094047605,COMPLETE
2031,0.8373152943753818,2026-06-02 15:08:21.215330,2026-06-02 15:08:57.803653,0 days 00:00:36.588323,0.9393733035424443,0.6924971814398699,0.015785423227186367,16,10,0.0027680192779592694,1360,239,4.0954208367505265e-05,2.5893488077150177e-07,0.8784129624321402,0.8373152943753818,0.8328532526033542,0.841865300683614,0.9506722391546755,COMPLETE
2032,0.8375432715608823,2026-06-02 15:08:57.824238,2026-06-02 15:09:37.265964,0 days 00:00:39.441726,0.9056590821796225,0.6501346890629291,0.016996289044419317,16,10,0.007752812195544027,1400,255,9.0156063797835e-05,0.005000263403802949,0.8790236804980068,0.8375432715608823,0.836088024267601,0.839032341580241,0.9509577811056129,COMPLETE
2033,0.8371458420972647,2026-06-02 15:09:37.277949,2026-06-02 15:10:15.431363,0 days 00:00:38.153414,0.9318504275802724,0.6608841211586979,0.015480374997547125,16,10,0.01116260649956986,1360,247,0.00016167056263987188,1.336875771902283e-07,0.8784024332346968,0.8371458420972647,0.8334813051327856,0.8408737743870695,0.9507727114039685,COMPLETE
2034,0.8378722028158503,2026-06-02 15:10:15.444147,2026-06-02 15:10:50.878405,0 days 00:00:35.434258,0.9369733095546673,0.6808452791906084,0.017654415559132514,16,10,0.0025164640055498903,1320,247,2.3706485876200662e-05,0.0011339309645657027,0.8791605727044667,0.8378722028158503,0.8356845092822188,0.8401088970493974,0.95095129466893,COMPLETE
2035,0.8369492942369149,2026-06-02 15:10:50.890414,2026-06-02 15:11:26.506437,0 days 00:00:35.616023,0.9254255757978129,0.666981781910638,0.016423046323445743,16,20,4.397301185821362e-05,1300,239,5.630314230356058e-05,6.184913996320196e-07,0.8779812407228141,0.8369492942369149,0.831419922428108,0.8425735224024651,0.950583596905803,COMPLETE
2036,0.8340911205989826,2026-06-02 15:11:26.518172,2026-06-02 15:12:03.177264,0 days 00:00:36.659092,0.916275454956943,0.6724229832838078,0.03551154377670835,16,10,0.005969873563725851,1380,247,1.2714377590008833e-05,3.6494137799821843e-07,0.8780022914673603,0.8340911205989826,0.8433331674360712,0.8250942479894249,0.9506966967221211,COMPLETE
2037,0.8367757710986455,2026-06-02 15:12:03.189220,2026-06-02 15:12:39.964272,0 days 00:00:36.775052,0.9444340195633231,0.6975848325814671,0.019100191416823287,16,10,0.002614996976507783,1340,255,0.0002344375970450636,0.0004513686011769424,0.8786024919776064,0.8367757710986455,0.8363553455320304,0.8372192438056199,0.9508171999631134,COMPLETE
2038,0.8372158233343795,2026-06-02 15:12:39.976728,2026-06-02 15:13:17.607543,0 days 00:00:37.630815,0.9316662391894538,0.6769080650409341,0.015537477197963126,16,10,0.00515439816157665,1400,239,3.6934038180741164e-05,0.0018239849789748487,0.8784234936253249,0.8372158233343795,0.833324141152743,0.8411854043665746,0.9506670488551285,COMPLETE
2039,0.8340616688732448,2026-06-02 15:13:17.619880,2026-06-02 15:13:54.439534,0 days 00:00:36.819654,0.9101380118924229,0.6856503959970613,0.03965067786512285,16,10,0.0098832754126687,1380,247,0.00010043901599398084,1.908699427317447e-06,0.8780338890383965,0.8340616688732448,0.8436724673658457,0.8246976634728759,0.950601773217621,COMPLETE
2040,0.8328611469259304,2026-06-02 15:13:54.450644,2026-06-02 15:14:21.134353,0 days 00:00:26.683709,0.9399513596936278,0.6603897158000488,0.016825103620000764,10,10,0.002936813619068935,1360,135,6.56918644699484e-05,9.027593692551929e-07,0.8732112714657156,0.8328611469259304,0.8164687967993899,0.8499675236568146,0.9482190965478203,COMPLETE
2041,0.838264736599009,2026-06-02 15:14:21.146076,2026-06-02 15:15:05.167443,0 days 00:00:44.021367,0.9239262323134754,0.667240616009076,0.016186319726174826,16,10,0.007099817558713856,1400,255,8.052888721196719e-06,0.009506562805629908,0.8794869954542633,0.838264736599009,0.836289415845862,0.8402788422374696,0.9508512357158946,COMPLETE
2042,0.8373187806536041,2026-06-02 15:15:05.179491,2026-06-02 15:15:45.745204,0 days 00:00:40.565713,0.9158765408411168,0.6558911139732296,0.015450034271687601,16,10,0.017006234494346403,1400,255,3.7188189574270697e-06,0.009432497371115452,0.8785709100398756,0.8373187806536041,0.833904665301887,0.8407887716980463,0.9508055205699307,COMPLETE
2043,0.8378647428328218,2026-06-02 15:15:45.756805,2026-06-02 15:16:25.579724,0 days 00:00:39.822919,0.9155249402512623,0.6612538824135419,0.01585859022914079,16,10,0.013500229752067062,1400,255,0.00014710736808387924,0.007499372609938943,0.8790447458779876,0.8378647428328218,0.8349037485276906,0.8408737647566736,0.9508036066002924,COMPLETE
2044,0.8280459538142922,2026-06-02 15:16:25.591164,2026-06-02 15:16:50.352843,0 days 00:00:24.761679,0.9085590131583057,0.6500590820568953,0.016064527678058944,8,20,0.0555605950622976,1400,255,6.884839943236826e-06,0.009147191920192936,0.868630824436366,0.8280459538142922,0.8063135224781902,0.8510156742733938,0.9460259779445196,COMPLETE
2045,0.8374757232087372,2026-06-02 15:16:50.364896,2026-06-02 15:17:30.222128,0 days 00:00:39.857232,0.9192320056570541,0.6637598432903488,0.015394323431559562,16,10,0.01145714610089921,1400,255,5.420313433030501e-06,0.0070453702738829315,0.8787604339307419,0.8374757232087372,0.8345601446268365,0.8404488018711357,0.9507220048050703,COMPLETE
2046,0.8371953806536032,2026-06-02 15:17:30.232729,2026-06-02 15:18:09.787170,0 days 00:00:39.554441,0.9129238995825302,0.657861018871463,0.01624687898286554,14,10,0.013930404399593746,1400,255,7.227012607517195e-06,0.01782886429073183,0.8786340795699371,0.8371953806536032,0.8348625697629931,0.8395705916274311,0.9505796787213892,COMPLETE
2047,0.837385658033067,2026-06-02 15:18:09.798064,2026-06-02 15:18:49.607202,0 days 00:00:39.809138,0.9216170271724551,0.668602105639562,0.015895184323702512,16,10,0.008736549038566549,1400,255,9.277854497742605e-07,0.00952278154371814,0.8787814956518641,0.837385658033067,0.8350760685141386,0.8397405464458992,0.9507881796128843,COMPLETE
2048,0.8367258102239626,2026-06-02 15:18:49.617862,2026-06-02 15:19:30.391082,0 days 00:00:40.773220,0.9193254757159306,0.6550155858912015,0.015546381631215253,16,20,0.007742849504546818,1400,255,7.95007813474315e-06,0.006543674294340024,0.8780022987850776,0.8367258102239626,0.8324507824968909,0.841072061830146,0.9505404671196178,COMPLETE
2049,0.8372893237430533,2026-06-02 15:19:30.402944,2026-06-02 15:20:09.987926,0 days 00:00:39.584982,0.922359333704076,0.6657000840148116,0.016575708308525488,16,10,0.010506583015602452,1400,255,0.0001075165498545765,0.011988836113714854,0.8786867395273426,0.8372893237430533,0.834832466851756,0.8397972670698923,0.9508233491879023,COMPLETE
2050,0.8374366505242657,2026-06-02 15:20:09.999550,2026-06-02 15:20:50.215347,0 days 00:00:40.215797,0.9090121421692962,0.8236150354198991,0.015430637427136176,16,10,0.017909238992710207,1400,255,0.00031627042492206076,0.005644363117690276,0.8788025613644687,0.8374366505242657,0.8350058104793208,0.8399105421935498,0.9507427938637406,COMPLETE
2051,0.836180745699299,2026-06-02 15:20:50.227269,2026-06-02 15:21:27.909160,0 days 00:00:37.681891,0.9158886665429892,0.6601145551483655,0.026033996198771333,16,10,0.007165423210512044,1380,255,3.2043022273226252e-06,0.01072644909163708,0.8789499761159019,0.836180745699299,0.8412383147496674,0.8312134424455259,0.9510474629589862,COMPLETE
2052,0.8359226413359432,2026-06-02 15:21:27.929387,2026-06-02 15:22:07.664888,0 days 00:00:39.735501,0.9024533118106006,0.6660513072036649,0.01722132400736629,12,10,0.006312474549489819,1400,255,2.145995051043257e-06,0.003937134613091027,0.8776127018484902,0.8359226413359432,0.8330942228869104,0.8388057311429518,0.9504352329636131,COMPLETE
2053,0.8372707598959046,2026-06-02 15:22:07.675765,2026-06-02 15:22:48.348856,0 days 00:00:40.673091,0.924812662743995,0.6565017059674367,0.015009236029557605,16,20,0.013805911463278394,1380,255,3.195244116741642e-06,0.014861477268474498,0.8783181923374309,0.8372707598959046,0.8323917903296154,0.8422335766515445,0.9504737369221782,COMPLETE
2054,0.8377780293406997,2026-06-02 15:22:48.360335,2026-06-02 15:23:27.704781,0 days 00:00:39.344446,0.9236718476822835,0.6697232389731229,0.016157186270548452,16,10,7.354758347854644e-05,1400,255,5.85795501616248e-06,0.012052762882659593,0.8789815696954558,0.8377780293406997,0.8348254844846096,0.8407887837360412,0.9509363315509152,COMPLETE
2055,0.837975700690046,2026-06-02 15:23:27.716510,2026-06-02 15:24:06.534669,0 days 00:00:38.818159,0.912002737957115,0.6630750424384364,0.016686719753352883,16,10,0.0026934447169308707,1380,255,5.052891003916956e-06,0.023733237741334973,0.8792237498848691,0.837975700690046,0.8356744372243566,0.8403355315626763,0.9510027391777855,COMPLETE
2056,0.8380292811833758,2026-06-02 15:24:06.545773,2026-06-02 15:24:45.296722,0 days 00:00:38.750949,0.9189429868147432,0.6745185977463339,0.015806065604831887,16,10,6.01320241741931e-05,1380,255,0.00017261032795726366,0.020900550158910573,0.8791395129790853,0.8380292811833758,0.8348709167533634,0.8412420768385882,0.9509195037179675,COMPLETE
2057,0.8367878296063586,2026-06-02 15:24:45.308855,2026-06-02 15:25:24.147802,0 days 00:00:38.838947,0.926297469166992,0.6879377215533705,0.01631430436862803,-1,10,0.10131311092898933,1400,255,7.430537051979627e-05,0.005069384555482327,0.8784129670888694,0.8367878296063586,0.8350055749048187,0.8386074268466824,0.9507232185587453,COMPLETE
2058,0.8377616023306698,2026-06-02 15:25:24.158449,2026-06-02 15:26:03.657029,0 days 00:00:39.498580,0.9012398312466762,0.6544394275154203,0.01501627407399164,16,10,0.010177685742816944,1380,255,2.9587609533511905e-06,0.004387053284395842,0.8788341476263053,0.8377616023306698,0.8338911106196106,0.8416953266043543,0.9508224961959252,COMPLETE
2059,0.8365650661334759,2026-06-02 15:26:03.668609,2026-06-02 15:26:33.747844,0 days 00:00:30.079235,0.9148148539653504,0.6939612191071295,0.017446770429129045,16,10,0.005725017426979182,1060,255,9.781483088413948e-05,0.010842735267262925,0.8777601219218997,0.8365650661334759,0.8314779699775405,0.8417520062991649,0.9505431320683965,COMPLETE
2060,0.8377256799938887,2026-06-02 15:26:33.759736,2026-06-02 15:27:12.927864,0 days 00:00:39.168128,0.9270950790993487,0.6793236566742522,0.015015161438584834,16,10,0.002602751635197047,1400,255,0.0005721358523428135,0.005107117775406541,0.8789078589935041,0.8377256799938887,0.8345484869434524,0.8409587457773062,0.950730456663924,COMPLETE
2061,0.8370281308238748,2026-06-02 15:27:12.938433,2026-06-02 15:27:51.548001,0 days 00:00:38.609568,0.9201641352104353,0.6659438298886977,0.01819830275330805,16,20,0.007151041029902165,1360,247,4.022445988647851e-06,0.024451448077579714,0.8784866728014684,0.8370281308238748,0.8345090841441131,0.8395989411052321,0.9506474112336285,COMPLETE
2062,0.8374296415914912,2026-06-02 15:27:51.559954,2026-06-02 15:28:30.739826,0 days 00:00:39.179872,0.9268698501211196,0.6595071891700771,0.01591015868578451,16,10,0.0047503727096342,1380,255,0.00019646769353230055,0.034863960573230046,0.8786867438514484,0.8374296415914912,0.8342355872193323,0.8406754893515919,0.9508774505697306,COMPLETE
2063,0.8352684015856809,2026-06-02 15:28:30.760647,2026-06-02 15:29:08.331658,0 days 00:00:37.571011,0.9097641344622589,0.6725963565416515,0.031731578288192674,16,10,0.010506962047162715,1400,247,5.894452014925178e-05,0.014053754905948249,0.8786445951298164,0.8352684015856809,0.8429318822674169,0.8277855078557715,0.9507273548960765,COMPLETE
2064,0.8368663620350483,2026-06-02 15:29:08.342551,2026-06-02 15:29:46.091567,0 days 00:00:37.749016,0.9203892913376296,0.6826091063310423,0.016915282758602154,16,10,3.1628381933006613e-05,1360,255,0.00011098911212377968,0.0031423274648380217,0.8784340311383563,0.8368663620350483,0.8347968883478755,0.8389757365209981,0.9509113608897531,COMPLETE
2065,0.8372194740001628,2026-06-02 15:29:46.103589,2026-06-02 15:30:23.309645,0 days 00:00:37.206056,0.929825404199903,0.669364684822478,0.016401290352092673,16,10,0.002613364741499538,1360,247,1.9608486823528995e-06,0.016741803234504558,0.8784024272474733,0.8372194740001628,0.8331850227489322,0.8413270385984291,0.9507161349089689,COMPLETE
2066,0.8370582809634444,2026-06-02 15:30:23.321232,2026-06-02 15:31:02.489528,0 days 00:00:39.168296,0.9249400378803165,0.7107333967121873,0.015498090280119399,16,10,0.004874854208166813,1400,247,9.915398243909974e-06,0.05819344061737006,0.8783181926700543,0.8370582809634444,0.8332527009537988,0.8409304083374999,0.9507038621650188,COMPLETE
2067,0.83500774272791,2026-06-02 15:31:02.500761,2026-06-02 15:31:38.946240,0 days 00:00:36.445479,0.9059659327521797,0.6903930546918676,0.017046041529252202,10,10,0.00767411103512025,1380,255,7.596352216504475e-05,0.005932528359544783,0.8760858903852716,0.83500774272791,0.8265608138023222,0.8436500321272412,0.949625965874706,COMPLETE
2068,0.837610942924569,2026-06-02 15:31:38.958122,2026-06-02 15:32:22.360627,0 days 00:00:43.402505,0.8960388074162657,0.6552399499194039,0.0158473560298777,16,20,0.002837227774511989,1400,247,0.0002858379917408403,0.008430004474999109,0.8787183257891792,0.837610942924569,0.8337071880996723,0.8415820394427018,0.9505889194920792,COMPLETE
2069,0.8351209150732556,2026-06-02 15:32:22.381986,2026-06-02 15:33:06.783610,0 days 00:00:44.401624,0.9135413477652867,0.701721336662324,0.017698179789633183,16,10,0.012861329484575912,1360,255,0.9088340994458617,0.025127938317027535,0.8768545647070849,0.8351209150732556,0.8312102647479896,0.8390890381282444,0.9499772438258504,COMPLETE
2070,0.8371569093404857,2026-06-02 15:33:06.803961,2026-06-02 15:33:47.178890,0 days 00:00:40.374929,0.9298213132003962,0.663299117070796,0.015001923800894336,16,20,1.9419821680809512e-05,1380,255,0.00013554786933627893,0.0029225491588196293,0.878212898367254,0.8371569093404857,0.8321422009875318,0.8422619140913508,0.9506478016344552,COMPLETE
2071,0.8375997166063911,2026-06-02 15:33:47.190534,2026-06-02 15:34:25.698969,0 days 00:00:38.508435,0.9217553271690484,0.6765831760035523,0.01635513831836589,16,10,0.005265016417539673,1360,247,4.8878028083170726e-05,0.014623015128027435,0.8787814993107229,0.8375997166063911,0.8341853388241324,0.8410720473845523,0.9508077933644147,COMPLETE
2072,0.8370310164673714,2026-06-02 15:34:25.709755,2026-06-02 15:35:04.056762,0 days 00:00:38.347007,0.9317191497674236,0.6679563046511654,0.01584202540250583,16,10,0.009110744757067772,1400,247,7.720020599653178e-05,0.0033240692310018945,0.8784340234880155,0.8370310164673714,0.8341437201755516,0.8399672411491522,0.9507447874710394,COMPLETE
2073,0.8214373243438274,2026-06-02 15:35:04.069814,2026-06-02 15:35:17.883203,0 days 00:00:13.813389,0.91782086967866,0.6962693813685156,0.016778448313018265,8,10,0.004485655778419424,780,255,0.00020218639837952878,0.03772342731974117,0.862460400737842,0.8214373243438274,0.7937506702064651,0.8511573012824515,0.9421749881881265,COMPLETE
2074,0.8331532652178293,2026-06-02 15:35:17.894814,2026-06-02 15:35:44.437001,0 days 00:00:26.542187,0.9329895615845495,0.659928901719155,0.015412087691262863,14,10,0.0026761380133979514,1380,127,3.906788309123646e-05,0.04216967018111288,0.8735692904560545,0.8331532652178293,0.817607868376314,0.8493442805509971,0.948622985788743,COMPLETE
2075,0.8375005915612083,2026-06-02 15:35:44.449250,2026-06-02 15:36:21.393951,0 days 00:00:36.944701,0.9266249418178203,0.6835909433127687,0.017350896349933316,16,10,0.007439141780002001,1360,247,0.0001570540973159235,0.0024131006430364384,0.8789289183862617,0.8375005915612083,0.835616704363848,0.839428993509561,0.9507788601616424,COMPLETE
2076,0.8372033175161088,2026-06-02 15:36:21.405682,2026-06-02 15:37:01.456734,0 days 00:00:40.051052,0.9139665287556376,0.6751477443373977,0.016290804678838342,16,10,0.0024007437917132907,1400,255,6.087341693063792e-05,0.01923962587831339,0.8786972607418218,0.8372033175161088,0.8352550815021872,0.8392023108443029,0.9509532652799667,COMPLETE
2077,0.8373205560025859,2026-06-02 15:37:01.467934,2026-06-02 15:37:38.897900,0 days 00:00:37.429966,0.9051405637645588,0.6647555321031725,0.018339529244547948,16,10,0.010596515444837484,1360,247,0.00010476938436854067,0.05252198544968675,0.8788762707359264,0.8373205560025859,0.83598276247083,0.8386923934217213,0.950794350527368,COMPLETE
2078,0.8374410782326164,2026-06-02 15:37:38.909710,2026-06-02 15:38:18.678369,0 days 00:00:39.768659,0.9345487805431251,0.6538879071104813,0.015881367601087243,16,10,0.02086540300998029,1400,255,0.000409269952215442,0.00913579356808206,0.8787709614650678,0.8374410782326164,0.8347947654749094,0.8401371550384379,0.9508285871956749,COMPLETE
2079,0.8360884593437277,2026-06-02 15:38:18.689913,2026-06-02 15:38:57.338607,0 days 00:00:38.648694,0.9209187072686345,0.6502391029261003,0.01501211367596654,12,10,0.005927108914055752,1380,247,4.100215253244079e-05,0.004214245479709671,0.8771704592573085,0.8360884593437277,0.8294496768346296,0.8428568510561485,0.9501933539141408,COMPLETE
