number,value,datetime_start,datetime_complete,duration,params_bagging_fraction,params_feature_fraction,params_learning_rate,params_max_depth,params_min_child_samples,params_min_split_gain,params_n_estimators,params_num_leaves,params_reg_alpha,params_reg_lambda,user_attrs_accuracy,user_attrs_f1,user_attrs_precision,user_attrs_recall,user_attrs_roc_auc,state
695,0.8336384740815053,2026-06-02 01:59:58.679788,2026-06-02 02:00:34.477214,0 days 00:00:35.797426,0.9198054382393707,0.6600350030550829,0.056517546148111025,16,10,0.005762174948019721,1340,255,0.0001359358507753566,1.5217753045007212e-06,0.8782128760814785,0.8336384740815053,0.8467636491993517,0.8209581205720072,0.9498313782469268,COMPLETE
696,0.8374087790448498,2026-06-02 02:00:34.487158,2026-06-02 02:01:11.852029,0 days 00:00:37.364871,0.9152324336953385,0.6555065523203415,0.0161456892077644,16,10,0.007812080021496477,1360,255,0.0002179408202939496,2.393374672229064e-06,0.8786972710531508,0.8374087790448498,0.8343936992628128,0.8404771922781195,0.9508971267766054,COMPLETE
697,0.8347839199611388,2026-06-02 02:01:11.862011,2026-06-02 02:01:46.257610,0 days 00:00:34.395599,0.9274516729986704,0.6508000502047361,0.016849398380920335,10,10,0.004918098421121584,1380,255,7.952826324852052e-05,8.638927178984529e-07,0.8757910602171584,0.8347839199611388,0.8255037924673623,0.8443016367488548,0.9493993077583633,COMPLETE
698,0.8372791694326631,2026-06-02 02:01:46.267464,2026-06-02 02:02:24.181760,0 days 00:00:37.914296,0.9212375472838596,0.6610906721993899,0.016173700249240544,16,20,0.0036342764605504715,1340,255,0.00014097024425023804,1.2176074946771712e-06,0.8784234896338425,0.8372791694326631,0.8330736908524278,0.8415536803345048,0.9506482846023178,COMPLETE
699,0.8378394501316425,2026-06-02 02:02:24.191553,2026-06-02 02:03:02.343890,0 days 00:00:38.152337,0.9067372701414952,0.6613900997221966,0.015942666573277448,16,10,0.00773915682359804,1380,255,0.00022677411181763266,1.5755307512388212e-06,0.8790236888135946,0.8378394501316425,0.8348736525440001,0.8408454273168672,0.9509515958257887,COMPLETE
700,0.837832775287748,2026-06-02 02:03:02.353271,2026-06-02 02:03:38.820970,0 days 00:00:36.467699,0.9051440084059509,0.6602573535686098,0.015903537423055124,16,10,0.00794382554597137,1380,239,9.08690182843459e-05,2.5712590426038745e-06,0.8788446838088427,0.837832775287748,0.8336608932808746,0.8420635905342898,0.9507867144443862,COMPLETE
701,0.8375578949458848,2026-06-02 02:03:38.830770,2026-06-02 02:04:15.613558,0 days 00:00:36.782788,0.9065359552523823,0.655704355631539,0.015704361065873716,16,10,0.007563974716469543,1380,239,5.884054000895006e-05,1.906697999502595e-06,0.8786762073362874,0.8375578949458848,0.8336563581472727,0.8415253573402923,0.950840664410391,COMPLETE
702,0.8379015443327492,2026-06-02 02:04:15.623515,2026-06-02 02:04:51.135488,0 days 00:00:35.511973,0.9073636905983705,0.6508960909487078,0.015930597041866328,16,10,0.008766030381605722,1340,239,4.4340222415819193e-05,2.3725161115439928e-06,0.8788130908945359,0.8379015443327492,0.8331696801947862,0.8427151783027105,0.9506733277023102,COMPLETE
703,0.8290542731402611,2026-06-02 02:04:51.145656,2026-06-02 02:05:15.480296,0 days 00:00:24.334640,0.904827968183776,0.651641450552858,0.01692317187608773,8,10,0.008042906299279262,1340,239,7.026002497754086e-05,1.4297692039980086e-06,0.8694942721791238,0.8290542731402611,0.8078154589808966,0.8514689986747275,0.946519785427752,COMPLETE
704,0.8369581507090569,2026-06-02 02:05:15.490466,2026-06-02 02:05:52.833680,0 days 00:00:37.343214,0.9161435034272156,0.6506504596510132,0.01580975069947277,16,20,0.00616148065926636,1340,247,0.0001124715291463929,2.439475571635106e-06,0.8780654782938448,0.8369581507090569,0.8319409538997488,0.8420636146102792,0.9505154709747047,COMPLETE
705,0.8368283694466863,2026-06-02 02:05:52.843567,2026-06-02 02:06:29.927232,0 days 00:00:37.083665,0.9266197061048982,0.6553201570293161,0.016018101408110417,16,10,0.005874352553366955,1360,255,3.142871416328861e-05,1.4489594246186907e-06,0.8782234202469802,0.8368283694466863,0.8335427390096273,0.840165511739036,0.9508730519700661,COMPLETE
706,0.8371972472649324,2026-06-02 02:06:29.937106,2026-06-02 02:07:06.733774,0 days 00:00:36.796668,0.9142303531526158,0.6604479869273884,0.015540766683244214,16,10,0.05143492408623361,1340,255,3.694714517287988e-05,6.81405389033594e-07,0.8784550875375023,0.8371972472649324,0.833613064473495,0.8408454465776591,0.9506514605889724,COMPLETE
707,0.8354377214601897,2026-06-02 02:07:06.743470,2026-06-02 02:07:48.351699,0 days 00:00:41.608229,0.903579998716876,0.656430320385327,0.01648327468405402,16,50,0.00881079280507287,1380,247,4.4293854386949316e-05,1.173380502486685e-06,0.876780841032816,0.8354377214601897,0.8294522553774333,0.8415252971503181,0.9500578413011511,COMPLETE
708,0.8369227187429961,2026-06-02 02:07:48.361837,2026-06-02 02:08:24.841395,0 days 00:00:36.479558,0.9207771842460687,0.6655090693794241,0.017020772543591665,16,10,0.004770686691197703,1340,255,5.3073362079782354e-05,2.8193766350292422e-06,0.8785077288679908,0.8369227187429961,0.8351047964629399,0.8387773816651506,0.9508988760127304,COMPLETE
709,0.83693333200419,2026-06-02 02:08:24.851400,2026-06-02 02:09:01.340855,0 days 00:00:36.489455,0.9131992801797874,0.6502901320846237,0.015388475727373698,16,10,0.008813672005959228,1360,247,0.00017095126065869374,4.966014009468522e-07,0.8780760114827705,0.83693333200419,0.8321298215594414,0.8418369969501933,0.9506148913196802,COMPLETE
710,0.8376740897134102,2026-06-02 02:09:01.360648,2026-06-02 02:09:38.542431,0 days 00:00:37.181783,0.90775278992817,0.6501098984519883,0.016043797012204083,16,10,0.0037234257034904276,1380,247,9.608175564144897e-05,1.7019476593795978e-06,0.8788552130062862,0.8376740897134102,0.8343834754509519,0.8410154254721168,0.9509061890048885,COMPLETE
711,0.8335074490317619,2026-06-02 02:09:38.552544,2026-06-02 02:10:15.120087,0 days 00:00:36.567543,0.926482853534679,0.6599752682702945,0.016545788000908015,12,70,0.00576020328594605,1360,255,0.0001503787059558309,9.939920657997637e-07,0.8743590088699436,0.8335074490317619,0.8212376597861821,0.8461713275447238,0.9489473481615754,COMPLETE
712,0.8381551616543037,2026-06-02 02:10:15.129992,2026-06-02 02:10:51.410751,0 days 00:00:36.280759,0.9185088143675006,0.6690361072513522,0.01550947468213384,16,10,0.0031000686504396528,1380,239,8.164101476215394e-05,6.481167913573858e-07,0.8791079260520017,0.8381551616543037,0.8341194786152001,0.842261894830559,0.9508128126896948,COMPLETE
713,0.8368121964675835,2026-06-02 02:10:51.420818,2026-06-02 02:11:26.890036,0 days 00:00:35.469218,0.9200739524481628,0.6626022421298527,0.015410294247241229,16,10,0.008203793026542481,1340,239,3.433671299777962e-05,6.433186011522769e-07,0.8779496527978599,0.8368121964675835,0.8317647637616191,0.8419502768890488,0.9506478272571667,COMPLETE
714,0.832847099829511,2026-06-02 02:11:26.898941,2026-06-02 02:12:01.104006,0 days 00:00:34.205065,0.9279751271407352,0.6562677050507402,0.06434981933053574,16,10,0.004788666887770085,1340,239,2.4311467802753838e-05,1.2266090113926589e-06,0.8776548119857942,0.832847099829511,0.8460649646892823,0.8200799560726827,0.9495252120507224,COMPLETE
715,0.8361950169809393,2026-06-02 02:12:01.113260,2026-06-02 02:12:39.008668,0 days 00:00:37.895408,0.9180830064420885,0.8396339182124806,0.015085754161612739,16,20,0.008785260187405684,1380,239,6.60386861790341e-05,7.98345164551075e-07,0.8774968756872585,0.8361950169809393,0.8312046911822101,0.8412703757568112,0.9503138701092017,COMPLETE
716,0.8371736672469344,2026-06-02 02:12:39.018743,2026-06-02 02:13:15.810439,0 days 00:00:36.791696,0.9291975474774504,0.6717256342429988,0.01501077524097609,16,10,0.003377571040240868,1360,255,5.970565231188103e-05,4.960500857521087e-07,0.8783392573847882,0.8371736672469344,0.8329020173886446,0.8415253549326933,0.950731647998604,COMPLETE
717,0.8361642777577477,2026-06-02 02:13:15.835707,2026-06-02 02:13:55.692301,0 days 00:00:39.856594,0.9221096500935355,0.6562928140163841,0.01577735983872472,16,40,0.003026108711039429,1380,239,9.172181503869684e-05,1.895003966512833e-06,0.8771704386346505,0.8361642777577477,0.8291631671509175,0.8433100454471382,0.950195916227908,COMPLETE
718,0.831334127973733,2026-06-02 02:13:55.702666,2026-06-02 02:14:18.107489,0 days 00:00:22.404823,0.9033288889728468,0.6634512269516387,0.015645953152960454,16,10,0.006016405321273008,1340,103,0.0001209791351059838,1.1714522201027813e-06,0.8718002891573405,0.831334127973733,0.8134193721175856,0.8500808589704464,0.9479244383900248,COMPLETE
719,0.8371820842820347,2026-06-02 02:14:18.117470,2026-06-02 02:14:54.907589,0 days 00:00:36.790119,0.9145818667978721,0.6677916533266847,0.016909087296362674,16,10,0.008980719133478199,1380,247,4.7051973927622185e-05,7.267233159751777e-07,0.8787288586454814,0.8371820842820347,0.8355385541094553,0.8388623939845696,0.9508229534793426,COMPLETE
720,0.837207671830435,2026-06-02 02:14:54.917067,2026-06-02 02:15:37.044421,0 days 00:00:42.127354,0.921522281690608,0.6554617220100721,0.01500260069771608,16,10,0.0030968290576257893,1360,255,8.621867907523033e-05,5.177118761305808e-07,0.8784340201617802,0.837207671830435,0.8334308476010545,0.8410437219827407,0.9507838661296505,COMPLETE
721,0.8369117170954645,2026-06-02 02:15:37.053479,2026-06-02 02:16:16.186439,0 days 00:00:39.132960,0.9059523694585153,0.6500989930457799,0.01592348900257471,16,20,0.005785938732381986,1400,247,0.00015588047246439736,2.6600515363633917e-06,0.8781286594657294,0.8369117170954645,0.8325632945755294,0.8413270650820178,0.9506045767628785,COMPLETE
722,0.8367575236634975,2026-06-02 02:16:16.196174,2026-06-02 02:16:53.006014,0 days 00:00:36.809840,0.914195295202225,0.6615669814686398,0.016358689274191866,16,10,0.00339488712947,1340,255,0.00020796651026960808,3.59398480140261e-07,0.8781286588004823,0.8367575236634975,0.8331797809741793,0.8403921558827107,0.9509279261116349,COMPLETE
723,0.8347216974045931,2026-06-02 02:16:53.015953,2026-06-02 02:17:27.453826,0 days 00:00:34.437873,0.9035600399323978,0.6735524075026377,0.015589553467549614,10,10,0.002724640639283739,1380,255,0.00011496253844291176,1.5459136654312526e-06,0.8756120595365123,0.8347216974045931,0.8245836352121093,0.8451515456667377,0.9494813194289705,COMPLETE
724,0.8376440146421027,2026-06-02 02:17:27.462888,2026-06-02 02:18:03.545858,0 days 00:00:36.082970,0.9285177167060116,0.650151267715587,0.016404616681982252,16,10,0.009360416290130399,1360,247,7.72927061051238e-05,9.026205158140057e-07,0.8787393841840663,0.8376440146421027,0.8337292013507346,0.8416386589475384,0.9506983492271172,COMPLETE
725,0.8366962457371686,2026-06-02 02:18:03.555944,2026-06-02 02:18:42.369293,0 days 00:00:38.813349,0.7913095072238888,0.8172488877050894,0.016951605174719987,16,10,0.006151972206616807,1400,239,0.00022032503441207324,6.4669090091532e-07,0.8784234932927014,0.8366962457371686,0.8354523122078669,0.8379842102244535,0.9505637003326903,COMPLETE
726,0.8368912340263055,2026-06-02 02:18:42.378661,2026-06-02 02:19:18.432003,0 days 00:00:36.053342,0.9176296901276767,0.6605606021675398,0.015628057764869578,16,10,0.002505686125528774,1340,247,0.0001371899405928794,4.424104843694063e-07,0.8781391863348084,0.8368912340263055,0.8327282494241667,0.8411287005957743,0.950681145559498,COMPLETE
727,0.8330278203415084,2026-06-02 02:19:18.441638,2026-06-02 02:19:43.802701,0 days 00:00:25.361063,0.9097768798619327,0.6675889598942241,0.03762976386655041,8,20,0.005617117041115363,1380,255,3.5322640215840084e-05,1.0372996878303018e-06,0.8745380211924129,0.8330278203415084,0.8242245040389485,0.842035272355275,0.9486987333030011,COMPLETE
728,0.837766558653426,2026-06-02 02:19:43.811683,2026-06-02 02:20:19.300164,0 days 00:00:35.488481,0.9232465792918507,0.6556351165139451,0.01600345644071433,16,10,5.043022108957521e-05,1360,239,0.0001756090330841147,2.1459737105270557e-06,0.8787920334975192,0.837766558653426,0.8335801785274156,0.8420352699476762,0.9508138119218236,COMPLETE
729,0.838137191462547,2026-06-02 02:20:19.319180,2026-06-02 02:20:58.037997,0 days 00:00:38.718817,0.9100457054119052,0.6616490056754626,0.015032478619959457,16,10,0.00287503097008622,1400,255,8.77265678079147e-05,3.7441387638886177e-07,0.8792026858353821,0.838137191462547,0.8348792211245185,0.8414403233524825,0.9507850372820178,COMPLETE
730,0.8378342055261802,2026-06-02 02:20:58.047230,2026-06-02 02:21:34.372673,0 days 00:00:36.325443,0.9021041227804394,0.6613938137918414,0.015039744437713852,16,10,0.009272748546460702,1340,247,4.969538373126075e-05,3.471165152566746e-07,0.8787920321670252,0.8378342055261802,0.8332932943494512,0.8424602135724221,0.9506577358430334,COMPLETE
731,0.8375494881686992,2026-06-02 02:21:34.381999,2026-06-02 02:22:12.010390,0 days 00:00:37.628391,0.9088497104261625,0.6575695485312097,0.01501034927767418,16,10,0.007117796635852027,1380,247,6.147976027309875e-05,2.997819724257943e-07,0.8786446107631217,0.8375494881686992,0.8334738399260454,0.8416952904903697,0.950754327605417,COMPLETE
732,0.8372397099470285,2026-06-02 02:22:12.020523,2026-06-02 02:22:49.016327,0 days 00:00:36.995804,0.9168196425016453,0.6644247799654868,0.015698176635749333,12,10,0.0032798293887975356,1360,255,9.063654809949941e-05,4.084370676639369e-07,0.8782129006956186,0.8372397099470285,0.8317994357804473,0.8427718579975211,0.9502062274307755,COMPLETE
733,0.8370197236704363,2026-06-02 02:22:49.026504,2026-06-02 02:23:27.198906,0 days 00:00:38.172402,0.9023196977035242,0.6561152283941919,0.015452697065572679,16,10,0.010129397857366648,1400,247,0.0001016298047495822,5.985063954475936e-07,0.8783287311809564,0.8370197236704363,0.833473074939073,0.840618821694776,0.9508242909489856,COMPLETE
734,0.836919943944847,2026-06-02 02:23:27.207997,2026-06-02 02:24:02.390166,0 days 00:00:35.182169,0.9221146930147698,0.6665434891789201,0.015016193324089041,16,10,0.005339477805668404,1340,239,2.863648718750043e-05,2.7356349308943206e-07,0.8779391249309104,0.836919943944847,0.831236153286913,0.8427151710799136,0.9505853178098503,COMPLETE
735,0.8350172137716988,2026-06-02 02:24:02.399337,2026-06-02 02:24:44.809257,0 days 00:00:42.409920,0.6720383071247702,0.6558930545480425,0.016344977725152702,16,20,0.0034603193415835057,1380,255,7.144866771924328e-05,4.578704205120256e-07,0.876938800614998,0.8350172137716988,0.832212688911271,0.8378708315740405,0.949949295049139,COMPLETE
736,0.8383129846796668,2026-06-02 02:24:44.818404,2026-06-02 02:25:21.470917,0 days 00:00:36.652513,0.9090270943032385,0.6615779659330632,0.017020842050049577,16,10,0.007448281278371124,1400,239,4.564547321426426e-05,6.914918831035227e-07,0.8794343434798222,0.8383129846796668,0.83574416784668,0.8409304227830936,0.9508921800805606,COMPLETE
737,0.8374019264739475,2026-06-02 02:25:21.486064,2026-06-02 02:25:58.272341,0 days 00:00:36.786277,0.9169215899925419,0.6502949126527237,0.017177912715837986,16,10,0.0028816245512252683,1400,239,2.7035937097138248e-05,6.726159517281731e-07,0.8786762050079228,0.8374019264739475,0.8342950542483661,0.8405621371847675,0.9510129454707087,COMPLETE
738,0.83731689054152,2026-06-02 02:25:58.281157,2026-06-02 02:26:34.275641,0 days 00:00:35.994484,0.9306850112707735,0.6679996257946447,0.016850822115072054,16,10,0.0056168391236043015,1400,239,4.054676903368016e-05,3.5026671165804016e-07,0.8786446260638034,0.83731689054152,0.8344084184658026,0.8402789048350429,0.9508510733451933,COMPLETE
739,0.837491299830817,2026-06-02 02:26:34.285071,2026-06-02 02:27:09.844587,0 days 00:00:35.559516,0.9107333763385981,0.6560681606554138,0.016444865609079165,16,10,0.0029227567267262567,1360,239,4.711802296711508e-05,7.786720648395087e-07,0.8785814342479664,0.837491299830817,0.8332572028992079,0.8418086306191993,0.95090804240338,COMPLETE
740,0.8369732766925857,2026-06-02 02:27:09.864437,2026-06-02 02:27:47.413478,0 days 00:00:37.549041,0.923926334336293,0.6602911586482987,0.01709727472672577,16,20,0.00011480085960908624,1400,239,6.477600513978762e-05,4.948524471215243e-07,0.8782023515407641,0.8369732766925857,0.8328355381696717,0.8411853489917984,0.9507219583433731,COMPLETE
741,0.8377189711712463,2026-06-02 02:27:47.423585,2026-06-02 02:28:23.841017,0 days 00:00:36.417432,0.900784879483543,0.6501878684321278,0.015528532373375002,16,10,0.00978596624539139,1340,247,2.1102255321581896e-05,2.4416313601177474e-07,0.8786972670616685,0.8377189711712463,0.833139788443113,0.8423752469973834,0.9506425275922252,COMPLETE
742,0.8380656884457173,2026-06-02 02:28:23.851115,2026-06-02 02:29:00.439519,0 days 00:00:36.588404,0.9148120282892392,0.6703080368559501,0.01625071820112515,16,10,0.0056245373207185236,1360,247,3.75942240625815e-05,8.666594102075803e-07,0.8790763354660595,0.8380656884457173,0.8342948426505258,0.841893602009436,0.9508905640219405,COMPLETE
743,0.8376410299464258,2026-06-02 02:29:00.449495,2026-06-02 02:29:36.997505,0 days 00:00:36.548010,0.9286673381662819,0.664349883754939,0.01659176668129673,16,10,0.007871670565507295,1380,247,2.542270972691859e-05,8.685393690543563e-07,0.8789078643154804,0.8376410299464258,0.8348847399929747,0.8404488331699224,0.9508991072356783,COMPLETE
744,0.8371516851753729,2026-06-02 02:29:37.007931,2026-06-02 02:30:14.126557,0 days 00:00:37.118626,0.9188186386350932,0.6703044738084978,0.017112945862725208,16,10,0.010628227409174029,1400,247,5.966892146923511e-05,1.0004251440932572e-06,0.8787077899392651,0.8371516851753729,0.8355341855299838,0.8388056998441652,0.9509205696004003,COMPLETE
745,0.8370193694726128,2026-06-02 02:30:14.135526,2026-06-02 02:30:49.932831,0 days 00:00:35.797305,0.9092728391921807,0.6566014246139484,0.015002918456033429,16,10,0.0066365201203517415,1320,247,4.334896370269112e-05,6.731046985354929e-07,0.8780233545189767,0.8370193694726128,0.8314047217285868,0.842743503704522,0.9506677560516762,COMPLETE
746,0.8367596211559022,2026-06-02 02:30:49.942682,2026-06-02 02:31:28.034279,0 days 00:00:38.091597,0.9027655066875634,0.6621787841654088,0.016351041986919317,16,20,0.005341912170998117,1360,247,3.8904063939619955e-05,5.942338403889785e-07,0.8779391166153226,0.8367596211559022,0.8319078866004269,0.8416952904903697,0.9506396246797056,COMPLETE
747,0.8336303555223176,2026-06-02 02:31:28.053035,2026-06-02 02:32:03.488950,0 days 00:00:35.435915,0.9120602247675472,0.65604590967089,0.03912250035817339,16,10,0.009324060245960861,1340,255,3.269144760257072e-05,1.02909128562943e-06,0.8776969330996741,0.8336303555223176,0.8430902803512316,0.8244143444495885,0.9505859469062603,COMPLETE
748,0.8367538924943357,2026-06-02 02:32:03.498927,2026-06-02 02:32:40.978753,0 days 00:00:37.479826,0.923472365720114,0.6502407604268571,0.01568340109458212,16,10,0.005246937094600356,1400,247,0.00011709558623301633,3.1399815199650864e-07,0.8781918383092494,0.8367538924943357,0.8336279133337398,0.8399389133397417,0.9507198958923011,COMPLETE
749,0.8377427371488338,2026-06-02 02:32:40.988865,2026-06-02 02:33:18.553312,0 days 00:00:37.564447,0.9172887689555701,0.6667648484493663,0.016098707901928293,16,10,0.002772244293585747,1380,255,5.480084847319233e-05,7.712784916987006e-07,0.8790763354660595,0.8377427371488338,0.835628647029312,0.8399105903455291,0.9508891310106851,COMPLETE
750,0.834705203581677,2026-06-02 02:33:18.563115,2026-06-02 02:33:52.523438,0 days 00:00:33.960323,0.9047269676795919,0.6613788964317485,0.017100075315397867,10,10,0.007486772018422166,1360,247,1.992978740414499e-05,4.786319632786374e-07,0.8756857605923819,0.834705203581677,0.8251376058500665,0.8445282616317377,0.9495349559844185,COMPLETE
751,0.8376160640889485,2026-06-02 02:33:52.533336,2026-06-02 02:34:28.656071,0 days 00:00:36.122735,0.9085736773791513,0.6715795116237325,0.0154638714914681,16,10,0.0031620467856130945,1320,255,0.00013644428019168173,0.0008393533570649212,0.8788025583708571,0.8376160640889485,0.8342546214832688,0.8410437340207354,0.9507995947091974,COMPLETE
752,0.8319509682745901,2026-06-02 02:34:28.666428,2026-06-02 02:34:43.072469,0 days 00:00:14.406041,0.9006630768992072,0.6558354535937877,0.016448470767481422,16,10,0.0051672196814875155,480,247,8.809488760980282e-05,2.2528432795299027e-07,0.8723794349315582,0.8319509682745901,0.8147189151544515,0.8499675477328043,0.9475841424076558,COMPLETE
753,0.8310997660853149,2026-06-02 02:34:43.082579,2026-06-02 02:35:08.718709,0 days 00:00:25.636130,0.9284727192666161,0.662797773794109,0.07064989967025215,8,20,0.0032003897407875894,1380,255,0.0004061700953519814,1.1303978957703088e-06,0.8747801857485208,0.8310997660853149,0.8333843694838463,0.8288620392489383,0.9479386749630029,COMPLETE
754,0.8348352343115487,2026-06-02 02:35:08.729014,2026-06-02 02:35:44.191483,0 days 00:00:35.462469,0.9165502307641116,0.6558731363057245,0.04514702163748786,16,10,0.010378209963787709,1400,239,0.00014363987096589374,3.625584413978972e-07,0.8787498947545928,0.8348352343115487,0.8455012812722829,0.8244709422860343,0.9503338480252669,COMPLETE
755,0.8363856220853391,2026-06-02 02:35:44.201261,2026-06-02 02:36:19.907413,0 days 00:00:35.706152,0.9213711693221057,0.6682180134364736,0.015599278403149626,16,10,0.05497289873023363,1340,247,0.0003101721795402746,6.935222840816943e-07,0.8777285270118517,0.8363856220853391,0.8319766636795874,0.8408737479034808,0.9504264008664456,COMPLETE
756,0.8337281748623596,2026-06-02 02:36:19.917269,2026-06-02 02:37:01.825818,0 days 00:00:41.908549,0.9118413285294309,0.6606584725888569,0.016085603297550734,16,100,0.007356464122720432,1360,239,7.832633294370884e-05,1.3931303534214164e-06,0.8748960112445058,0.8337281748623596,0.8238308370153694,0.8438766305265357,0.9490491731536944,COMPLETE
757,0.8375928467737541,2026-06-02 02:37:01.835010,2026-06-02 02:37:40.342795,0 days 00:00:38.507785,0.9012260028156666,0.650402950380102,0.01671316998843282,16,10,0.0028073726957420385,1400,255,0.00046229973937231636,5.442628405863055e-07,0.8790342110259443,0.8375928467737541,0.8359753873546523,0.8392590025771084,0.9508975835948444,COMPLETE
