number,value,datetime_start,datetime_complete,duration,params_bagging_fraction,params_feature_fraction,params_learning_rate,params_max_depth,params_min_child_samples,params_min_split_gain,params_n_estimators,params_num_leaves,params_reg_alpha,params_reg_lambda,user_attrs_accuracy,user_attrs_f1,user_attrs_precision,user_attrs_recall,user_attrs_roc_auc,state
1702,0.8365459087509096,2026-06-02 11:50:32.026058,2026-06-02 11:51:09.866343,0 days 00:00:37.840285,0.9186150898730401,0.6557721212903527,0.01746702197259452,16,10,0.09648747450370866,1360,255,0.00030818713672137735,1.6085959463919193e-07,0.8782550171527695,0.8365459087509096,0.8349138649616504,0.838210808623748,0.9507052380710288,COMPLETE
1703,0.8374909280718493,2026-06-02 11:51:09.886686,2026-06-02 11:51:47.963103,0 days 00:00:38.076417,0.9406114999260436,0.6715991037241736,0.01584363432279174,16,10,0.006832265467178829,1400,247,3.1193214022523226e-05,4.4036461462875564e-07,0.8786867388620956,0.8374909280718493,0.8339803108128251,0.8410720859061357,0.9507616848051595,COMPLETE
1704,0.8377841013368368,2026-06-02 11:51:47.983920,2026-06-02 11:52:22.733862,0 days 00:00:34.749942,0.9273304716207611,0.6853570368955951,0.01547943688639442,16,10,0.004594746455236516,1300,239,9.801152491878074e-05,1.1446798367526207e-06,0.8786551489414002,0.8377841013368368,0.8325775210179781,0.843083442232646,0.9506222763927369,COMPLETE
1705,0.8369070148505876,2026-06-02 11:52:22.744960,2026-06-02 11:53:00.968192,0 days 00:00:38.223232,0.935060955981476,0.6783795252641608,0.016303271720620894,16,20,0.0030108772338240507,1340,247,2.0296840628902347e-05,0.00024740985412828934,0.8781286627919646,0.8369070148505876,0.8325849842652858,0.8412987059738207,0.9506611439261019,COMPLETE
1706,0.8378494566914839,2026-06-02 11:53:00.979045,2026-06-02 11:53:39.488646,0 days 00:00:38.509601,0.9037997077032189,0.6606359126084813,0.01800685282534632,16,10,1.7407046007574037e-05,1380,255,6.637215557888493e-05,7.549593919109861e-07,0.8793290428571753,0.8378494566914839,0.8369371972444752,0.8388057287353528,0.9511876642973626,COMPLETE
1707,0.836381740047909,2026-06-02 11:53:39.509075,2026-06-02 11:54:14.620562,0 days 00:00:35.111487,0.9422970466367181,0.6677560669980854,0.015016208362616681,16,10,0.014045302153322472,1360,223,0.0001333479678141132,3.00569697436131e-07,0.8774231752966357,0.836381740047909,0.8299252065474304,0.8429701598861915,0.9504256768660918,COMPLETE
1708,0.8370917711576928,2026-06-02 11:54:14.631529,2026-06-02 11:54:52.602024,0 days 00:00:37.970495,0.9213816029255835,0.6755564227452208,0.016713130281948825,16,10,0.008773181400601363,1400,239,0.0002292548735209332,9.07114442035197e-08,0.8784550825481495,0.8370917711576928,0.83402049667206,0.8402221866186488,0.950804624969504,COMPLETE
1709,0.8351203786886994,2026-06-02 11:54:52.613704,2026-06-02 11:55:26.598901,0 days 00:00:33.985197,0.9335953258420302,0.6559717814704858,0.017259022562855754,10,10,0.005018974069020058,1320,255,4.510999539501594e-05,4.5071321230052284e-07,0.8760543027929408,0.8351203786886994,0.8259158547781885,0.8445565966639452,0.9494264347670779,COMPLETE
1710,0.8343625126960977,2026-06-02 11:55:26.609825,2026-06-02 11:55:48.110997,0 days 00:00:21.501172,0.9127173326996826,0.6949316564733906,0.015480566290142269,16,10,0.003000691140163227,740,247,0.0003990699172459645,0.028904330828487212,0.8748855093221906,0.8343625126960977,0.8213096977417385,0.8478711766792761,0.9490915305535653,COMPLETE
1711,0.8373482314317447,2026-06-02 11:55:48.122482,2026-06-02 11:56:25.712838,0 days 00:00:37.590356,0.9247451252417312,0.6884879110622518,0.016310802548175726,16,20,0.007308347924704062,1380,231,2.776345897677515e-05,2.1781115266356967e-07,0.8783392533933062,0.8373482314317447,0.8322135761460613,0.842573539255658,0.9505275806245844,COMPLETE
1712,0.8378667530932483,2026-06-02 11:56:25.724468,2026-06-02 11:57:03.047435,0 days 00:00:37.322967,0.9456078701347826,0.6640468001200277,0.015978699260881184,16,10,0.0026449224041107783,1360,247,1.1195746292706571e-05,0.08274364698705151,0.878865744864718,0.8378667530932483,0.8336543579041638,0.8421485956309119,0.9507647038750692,COMPLETE
1713,0.8291995243446456,2026-06-02 11:57:03.058544,2026-06-02 11:57:29.540285,0 days 00:00:26.481741,0.9370900026911331,0.6801327870454017,0.016884223040276664,8,10,0.010514543352087746,1400,239,4.309344220755469e-06,1.3067187503765357e-06,0.8697890923685317,0.8291995243446456,0.8090471097508375,0.8504207806453774,0.9466803045012905,COMPLETE
1714,0.836963227997623,2026-06-02 11:57:29.551190,2026-06-02 11:58:06.295127,0 days 00:00:36.743937,0.9293808608016901,0.6716257653666647,0.015482048535626701,16,10,0.0057915197779114715,1340,247,8.75067619299372e-05,8.123648037236113e-07,0.8782023728286692,0.836963227997623,0.8328432522520409,0.8411570958179558,0.95070545073525,COMPLETE
1715,0.8376805289676864,2026-06-02 11:58:06.306257,2026-06-02 11:58:44.543929,0 days 00:00:38.237672,0.920997135334581,0.6677068393431266,0.016403444709128436,14,10,4.29782648473754e-05,1360,255,0.00016954225816295573,5.150664476900679e-07,0.8790026330796956,0.8376805289676864,0.8353814273901866,0.8400238991755722,0.9507702474895822,COMPLETE
1716,0.8368706497155887,2026-06-02 11:58:44.555596,2026-06-02 11:59:19.618921,0 days 00:00:35.063325,0.907266966680745,0.6593905177782672,0.01731626117885073,16,10,0.005090747297924737,1300,239,5.4266990378405925e-05,3.4138980890123496e-07,0.878181320753629,0.8368706497155887,0.8330511118910712,0.8407605016710109,0.9508446583813962,COMPLETE
1717,0.8375138426139453,2026-06-02 11:59:19.630100,2026-06-02 11:59:57.054710,0 days 00:00:37.424610,0.9319498785817294,0.6843421591059421,0.01585624170455862,16,10,0.003027943241233985,1380,247,0.0006428066777773837,0.00033060538334994693,0.878697258413457,0.8375138426139453,0.8339856267716721,0.8411003824167597,0.9509028497038603,COMPLETE
1718,0.8352577207364508,2026-06-02 11:59:57.065359,2026-06-02 12:00:33.874669,0 days 00:00:36.809310,0.9396873987476383,0.6754427898879751,0.03434646502851089,16,20,0.00882972799283368,1400,231,3.382063992131991e-05,1.1319084899689693e-07,0.8784550679127149,0.8352577207364508,0.8416446757708055,0.8290037192251732,0.9503892415510546,COMPLETE
1719,0.8355724793902248,2026-06-02 12:00:33.885945,2026-06-02 12:01:11.553729,0 days 00:00:37.667784,0.9148086010712243,0.6540097272619354,0.015001942920794363,12,10,0.002762395513600248,1340,255,0.00012035023936000888,0.006781562694992116,0.8768440208742065,0.8355724793902248,0.8293455129220919,0.8419219129656538,0.9501698770027875,COMPLETE
1720,0.8349932703301267,2026-06-02 12:01:11.565030,2026-06-02 12:01:39.018236,0 days 00:00:27.453206,0.9265553275711217,0.664655290899599,0.01786458408457397,16,10,0.044641004041874904,1380,143,7.573824544607948e-05,0.013143860844746572,0.8756752387126557,0.8349932703301267,0.823956362113532,0.8463696824005714,0.9496276090469578,COMPLETE
1721,0.8379943986404204,2026-06-02 12:01:39.029578,2026-06-02 12:02:15.008118,0 days 00:00:35.978540,0.9360172022853354,0.6976014055502886,0.0166693337528847,16,10,0.012971199521451114,1360,239,1.966641788596449e-05,1.5869307524745158e-07,0.8790868686549853,0.8379943986404204,0.8346418412229845,0.8414120557330461,0.9508217644752767,COMPLETE
1722,0.8378255610848625,2026-06-02 12:02:15.019498,2026-06-02 12:02:54.343209,0 days 00:00:39.323711,0.9441304188641527,0.6894719624942518,0.015915538022126956,16,10,0.006908032400768877,1400,255,0.0002763526936626163,6.204237453025919e-07,0.8790552840562662,0.8378255610848625,0.8351321787228776,0.8405621588531581,0.9507402541415799,COMPLETE
1723,0.8379597246553394,2026-06-02 12:02:54.354617,2026-06-02 12:03:30.787791,0 days 00:00:36.433174,0.9233361603193866,0.6720696800571739,0.015594732392769957,16,10,0.0031755305326271535,1320,247,4.421480502900142e-05,3.0066825296825667e-07,0.8788130945533945,0.8379597246553394,0.8329239809295746,0.8430834494554428,0.950768982056172,COMPLETE
1724,0.8330511219123721,2026-06-02 12:03:30.799563,2026-06-02 12:03:55.096376,0 days 00:00:24.296813,0.9318041606110332,0.7205353776469001,0.01628585953712138,16,10,0.0001002918436781913,1380,111,0.00011612397700598252,1.2114016929990853e-06,0.8733902791314557,0.8330511219123721,0.8168726739183816,0.8499108367392071,0.9486379866566752,COMPLETE
1725,0.8372459241250061,2026-06-02 12:03:55.107646,2026-06-02 12:04:22.328164,0 days 00:00:27.220518,0.9078348920078858,0.7055586560736984,0.017132443113507752,-1,10,0.005570593584107131,960,247,0.0001948403774068369,8.376680330997621e-07,0.8779812543603783,0.8372459241250061,0.8301935536075346,0.844443295056699,0.9504500631958436,COMPLETE
1726,0.8353465865247074,2026-06-02 12:04:22.347877,2026-06-02 12:04:46.710068,0 days 00:00:24.362191,0.9496709213874661,0.6813508796794806,0.015439687081622943,16,20,0.009378881337419742,860,239,7.020758840095547e-05,4.773999059693771e-07,0.8756752413736439,0.8353465865247074,0.8225717768545725,0.8485510681811177,0.9494361623177227,COMPLETE
1727,0.8375230542354526,2026-06-02 12:04:46.721363,2026-06-02 12:05:24.642687,0 days 00:00:37.921324,0.9168345866864127,0.6613083563496214,0.016478322155828437,16,10,0.002340120145730817,1340,255,2.8960951573393873e-05,2.2824991328532273e-07,0.8787709674522911,0.8375230542354526,0.8344545241686249,0.8406471278357959,0.9508774356403172,COMPLETE
1728,0.8373483692874021,2026-06-02 12:05:24.654183,2026-06-02 12:06:02.830139,0 days 00:00:38.175956,0.9405727601597723,0.6550411062217774,0.018183270988611222,16,10,0.005900838721804165,1400,247,1.3558366851655781e-05,3.6475556203476614e-07,0.8788762720664205,0.8373483692874021,0.8358727734778307,0.8388623987997677,0.9510631960787154,COMPLETE
1729,0.837331827763896,2026-06-02 12:06:02.841038,2026-06-02 12:06:38.545400,0 days 00:00:35.704362,0.9241753098945678,0.6697498339077295,0.015003536987740011,16,10,0.004919137729981309,1360,231,4.853073096794407e-05,0.00013983429211389826,0.8782444816354791,0.837331827763896,0.8316368242987561,0.8431401122970607,0.9505405340301701,COMPLETE
1730,0.8375312879295075,2026-06-02 12:06:38.556434,2026-06-02 12:07:13.280231,0 days 00:00:34.723797,0.9355663178538439,0.6812458127971084,0.01599363670944257,16,10,0.011255782738924781,1280,239,0.00014373051214705145,0.04339938539501265,0.8785287959110893,0.8375312879295075,0.8327436151349632,0.8424035820295908,0.9506343230401457,COMPLETE
1731,0.8366691564386013,2026-06-02 12:07:13.290865,2026-06-02 12:07:52.738151,0 days 00:00:39.447286,0.9288809581719805,0.6758256380455656,0.017238875268967602,16,20,0.002397841198729841,1400,247,6.437565200209802e-06,5.976829683433527e-07,0.8781286604635999,0.8366691564386013,0.8335384549791512,0.8398539275039112,0.9507893622161748,COMPLETE
1732,0.8372867296012055,2026-06-02 12:07:52.749825,2026-06-02 12:08:30.782511,0 days 00:00:38.032686,0.9195944054034286,0.6603765766067595,0.01669138961973319,16,10,2.8204856002521893e-05,1360,255,8.591731059256891e-05,8.968213198436244e-07,0.8786761993533229,0.8372867296012055,0.834771201477979,0.839853879351932,0.951036141810477,COMPLETE
1733,0.8371752468273206,2026-06-02 12:08:30.794262,2026-06-02 12:09:06.929668,0 days 00:00:36.135406,0.9414864157906009,0.6670932947949886,0.015415649624160142,16,10,0.007918094073729032,1320,239,2.164967653527994e-05,0.10666956436942199,0.8781181306009094,0.8371752468273206,0.8314133489551009,0.8430551601676157,0.9505522347293328,COMPLETE
1734,0.8363308584846331,2026-06-02 12:09:06.939893,2026-06-02 12:09:47.885493,0 days 00:00:40.945600,0.8997576431292157,0.687418566532506,0.01588669980595778,16,10,0.002720645961835179,1380,255,0.0003386277540363309,0.7159678725634172,0.8776758763679045,0.8363308584846331,0.8318662971529287,0.8408737575338767,0.9505186065044974,COMPLETE
1735,0.8369923870736221,2026-06-02 12:09:47.904925,2026-06-02 12:10:26.637820,0 days 00:00:38.732895,0.9309729338921181,0.6501527725028559,0.016383697172561915,16,10,0.005054247575515174,1400,247,3.441523517439811e-05,1.8341170730830975e-07,0.8783918990479003,0.8369923870736221,0.8340244383395286,0.8400238943603743,0.9509343617090028,COMPLETE
1736,0.8342668104669596,2026-06-02 12:10:26.648071,2026-06-02 12:11:00.286275,0 days 00:00:33.638204,0.9106207222401997,0.6938137409307029,0.015483368634100013,10,10,2.6637684445485076e-05,1340,239,6.651368447701385e-05,1.5224686777627547e-06,0.8750539794748992,0.8342668104669596,0.8227459358301031,0.8461430430720948,0.9492731099763011,COMPLETE
1737,0.8363364859703748,2026-06-02 12:11:00.296837,2026-06-02 12:11:36.883527,0 days 00:00:36.586690,0.9448286875937464,0.6653120637690899,0.017814861317902348,16,20,0.008173418152509779,1360,231,0.00021147924597528974,3.6526568204750266e-07,0.8776969354280387,0.8363364859703748,0.8319837688697341,0.8407604438886357,0.95049235054681,COMPLETE
1738,0.8373659088965928,2026-06-02 12:11:36.895065,2026-06-02 12:12:14.698502,0 days 00:00:37.803437,0.934793578885885,0.650110993620752,0.018691395823472377,16,10,0.015181384972831643,1380,247,0.00012950553922388424,0.0002219007615052035,0.8789499734549137,0.8373659088965928,0.8363260138226662,0.8384374286914329,0.9508443621048581,COMPLETE
1739,0.8364151271128814,2026-06-02 12:12:14.709645,2026-06-02 12:12:55.773739,0 days 00:00:41.064094,0.792990904644798,0.6746608591906881,0.016956417131288634,16,10,0.0028848976154808186,1400,255,9.473731483317748e-05,0.00044309238998157955,0.8783287275220976,0.8364151271128814,0.8359546450886466,0.8369076692008909,0.9506403340334089,COMPLETE
1740,0.8285985610620283,2026-06-02 12:12:55.785731,2026-06-02 12:13:20.213516,0 days 00:00:24.427785,0.9259886167591913,0.659863767071736,0.016000698709256408,8,10,0.006331746324260038,1340,239,5.106305300139642e-05,0.0607611255230847,0.8691046632680899,0.8285985610620283,0.8071603730547561,0.8512423063790736,0.9460059972646183,COMPLETE
1741,0.8342886657441753,2026-06-02 12:13:20.224945,2026-06-02 12:14:05.023340,0 days 00:00:44.798395,0.9154484767410812,0.683652535366593,0.015005475059182804,16,90,0.01070377372405412,1380,247,9.490893654504881e-06,6.103751022176905e-07,0.8753803842630258,0.8342886657441753,0.8247909424083438,0.8440182767963851,0.9493101835800797,COMPLETE
1742,0.836418404400115,2026-06-02 12:14:05.034210,2026-06-02 12:14:43.834539,0 days 00:00:38.800329,0.7119794320860345,0.7140296499383159,0.017377941666418206,16,10,0.002655869601509592,1300,255,2.3517330054525897e-05,5.702569943955996e-05,0.8780970652209282,0.836418404400115,0.8343696690368688,0.838522448233649,0.9506203382204953,COMPLETE
1743,0.8340554319392689,2026-06-02 12:14:43.846120,2026-06-02 12:15:28.121732,0 days 00:00:44.275612,0.9382454530992486,0.6700675487526644,0.016382233327092415,14,110,0.004857757869325898,1400,247,0.00018009702859150294,1.0506671155151877e-06,0.8748223161758593,0.8340554319392689,0.8220864829405592,0.8463980270631747,0.9488437674417712,COMPLETE
1744,0.8369807192225595,2026-06-02 12:15:28.133134,2026-06-02 12:16:05.504177,0 days 00:00:37.371043,0.9199655313276887,0.678077728512235,0.015852160297719776,16,10,0.002757078803280453,1360,239,3.7529869403279145e-05,2.3022880358367962e-07,0.8781391816780791,0.8369807192225595,0.8323571842529384,0.8416953073435626,0.9506820425708332,COMPLETE
1745,0.8376820120857894,2026-06-02 12:16:05.514598,2026-06-02 12:16:41.740842,0 days 00:00:36.226244,0.930318029835144,0.6579330100659543,0.016910323903415323,16,10,0.008082851394769703,1380,231,0.0004350097923810215,4.5733068527996104e-07,0.8788341576050108,0.8376820120857894,0.8342118039507028,0.8412137490291779,0.9507643767266725,COMPLETE
1746,0.8354632346260322,2026-06-02 12:16:41.751451,2026-06-02 12:17:25.483438,0 days 00:00:43.731987,0.90527071709388,0.6644719597050627,0.015417766588611943,16,60,0.0025134218140603353,1340,255,1.6542867548569325e-05,1.1980292929730818e-07,0.8765386525278148,0.8354632346260322,0.8277568691272905,0.8433383828869445,0.9498656310584934,COMPLETE
1747,0.836283164564437,2026-06-02 12:17:25.493999,2026-06-02 12:18:00.961288,0 days 00:00:35.467289,0.9497300529943291,0.6900027446466518,0.01629143919096922,16,20,0.005437221349603822,1360,223,6.071471882903975e-05,0.004468511179902612,0.8773389181008175,0.836283164564437,0.8297906440720576,0.8429134777837818,0.9504523012715157,COMPLETE
1748,0.83764200822348,2026-06-02 12:18:00.973004,2026-06-02 12:18:39.291814,0 days 00:00:38.318810,0.9369252368328956,0.6709341682779631,0.017570134846976296,16,10,5.490088903546296e-05,1400,247,9.929650675585793e-05,3.247732107628605e-07,0.8790236838242419,0.83764200822348,0.8356806146825281,0.8396555919088553,0.9510706669615526,COMPLETE
1749,0.8325808383183552,2026-06-02 12:18:39.302250,2026-06-02 12:19:13.499758,0 days 00:00:34.197508,0.8370525745068448,0.698203834952355,0.015839313186940197,12,100,0.012072592775632352,1320,255,0.00026415496713809195,7.524081641977144e-07,0.8732007386094134,0.8325808383183552,0.8174525903024743,0.8482960432608553,0.9480772420250182,COMPLETE
1750,0.837710073204191,2026-06-02 12:19:13.511081,2026-06-02 12:19:52.885015,0 days 00:00:39.373934,0.9241658491566833,0.6548535640028729,0.016715478769295845,16,10,0.007517270708759237,1380,239,0.00013507478802140367,4.798331665124106e-07,0.8789499797747605,0.837710073204191,0.8348831192918099,0.8405904674017769,0.9508883771447257,COMPLETE
1751,0.837183850944139,2026-06-02 12:19:52.895649,2026-06-02 12:20:31.957738,0 days 00:00:39.062089,0.9448545977916961,0.6776694299625299,0.015464069694910664,16,10,0.004767865079951904,1360,247,4.196297099093849e-05,2.6921937151324825e-07,0.8783497912389611,0.837183850944139,0.8329315046299386,0.8415253862314799,0.9507596482640407,COMPLETE
1752,0.837127853812815,2026-06-02 12:20:31.969574,2026-06-02 12:21:09.925933,0 days 00:00:37.956359,0.9128282337435519,0.685019723880021,0.016219262844395173,16,10,0.0001144356620217426,1400,239,7.28835544733658e-05,0.17165720083572228,0.8783181959962896,0.837127853812815,0.8329650811642456,0.8413553688154386,0.950680351213799,COMPLETE
1753,0.8374708404193196,2026-06-02 12:21:09.946547,2026-06-02 12:21:46.942974,0 days 00:00:36.996427,0.9306543624138829,0.6640078293713252,0.0167968897521197,16,10,0.0027427023836865726,1340,247,2.9687318900975138e-05,0.025488781832924128,0.8787920368237545,0.8374708404193196,0.8347883310549976,0.8402222155098363,0.9508866107097015,COMPLETE
1754,0.8372022815429285,2026-06-02 12:21:46.954496,2026-06-02 12:22:25.919313,0 days 00:00:38.964817,0.9389097776561961,0.6733655250282489,0.015550494068881166,16,10,0.00852485009509682,1380,255,0.00010476982109185357,0.00027508792487597017,0.8783708403203897,0.8372022815429285,0.8330388368234214,0.8414403474284722,0.9508073349244054,COMPLETE
1755,0.8365960587829715,2026-06-02 12:22:25.930286,2026-06-02 12:23:02.556488,0 days 00:00:36.626202,0.9259499325277758,0.6612428972192065,0.017979624946026042,16,20,3.4635514342779776e-06,1320,231,1.288137903488503e-05,1.1487354431731662e-06,0.8778127669112469,0.8365960587829715,0.8317164380663443,0.8415536610737132,0.9505679793532451,COMPLETE
1756,0.8375765096829073,2026-06-02 12:23:02.567968,2026-06-02 12:23:40.442954,0 days 00:00:37.874986,0.9202105218587343,0.6691014509561666,0.01604369198357424,-1,10,6.723084461552828e-05,1400,247,0.00018799084310806366,6.976929009523758e-07,0.8789605089722041,0.8375765096829073,0.8355081097985205,0.8396839269410629,0.9510948741408849,COMPLETE
1757,0.8373315245848855,2026-06-02 12:23:40.454427,2026-06-02 12:24:18.875521,0 days 00:00:38.421094,0.9339040025767779,0.6805622132382163,0.017434648188697416,16,10,0.0053226740387822885,1360,255,6.272836783076606e-05,2.0544210203467805e-07,0.8789710408306357,0.8373315245848855,0.8366015851757499,0.8380974949785069,0.9508939095197825,COMPLETE
1758,0.8356289196449045,2026-06-02 12:24:18.887189,2026-06-02 12:24:43.762921,0 days 00:00:24.875732,0.9411366863346964,0.6545147389837853,0.016685831197325886,16,10,0.0025961375211751695,900,239,2.4867986875132762e-05,0.0004199706224989226,0.8763070231563738,0.8356289196449045,0.8255662771409081,0.8459730882536266,0.9499474903685156,COMPLETE
1759,0.8370622498543647,2026-06-02 12:24:43.773498,2026-06-02 12:25:22.334385,0 days 00:00:38.560887,0.9277831139079871,0.6908714689022878,0.015479307605959973,16,10,0.010222710895891104,1400,247,4.798627423843913e-05,4.151974721556857e-07,0.8782971385992729,0.8370622498543647,0.8330918909220949,0.8411004209383431,0.9507348634782339,COMPLETE
1760,0.8373838314661826,2026-06-02 12:25:22.346078,2026-06-02 12:25:58.772707,0 days 00:00:36.426629,0.9338759611963456,0.6663419371847306,0.0162168338045711,16,10,0.006598549379567989,1360,239,0.00024515998497767,1.5780587144105846e-07,0.8785814325848488,0.8373838314661826,0.8337072764624812,0.8411287222641651,0.9507160260424036,COMPLETE
1761,0.8378384211534072,2026-06-02 12:25:58.784382,2026-06-02 12:26:37.618180,0 days 00:00:38.833798,0.9132010170838867,0.6585018000119183,0.015023272044786084,16,10,0.002802990906122844,1380,255,9.098489829304547e-05,1.4965658592871953e-06,0.8787920354932602,0.8378384211534072,0.833300851917515,0.8424602304256149,0.950871226188393,COMPLETE
1762,0.835376471969626,2026-06-02 12:26:37.629654,2026-06-02 12:27:12.346352,0 days 00:00:34.716698,0.9193112912390878,0.675326657252377,0.030657931312428804,16,10,0.004998670223611628,1300,247,0.00014285247168719848,5.505157017417982e-07,0.878412950790317,0.835376471969626,0.8408679389453478,0.8299952479293168,0.950822322333387,COMPLETE
1763,0.8364023414058313,2026-06-02 12:27:12.358307,2026-06-02 12:27:48.197077,0 days 00:00:35.838770,0.9445651246171011,0.6854521714419114,0.01878195082402914,16,20,0.012574873056266794,1340,231,0.00034003055923823315,0.016915064033971788,0.8778338236430164,0.8364023414058313,0.8326480877422417,0.8402222227326331,0.9505424379731092,COMPLETE
1764,0.837380822876408,2026-06-02 12:27:48.208578,2026-06-02 12:28:27.548405,0 days 00:00:39.339827,0.906667695246912,0.6955594445693312,0.01585410485636532,16,10,0.00791757632747755,1400,255,1.7464315807955444e-05,0.00016866879774127386,0.8787815189355105,0.837380822876408,0.8350730209811613,0.8397406403422588,0.9507275676979269,COMPLETE
